MADNESS runtime initialized with 11 threads in the pool and affinity -1 -1 -1
starting at time 0.0

--------------------------------------------
   MADNESS 0.10.1 multiresolution suite
--------------------------------------------

   number of processors ... 1
    processor frequency ... 3.695750e+09
            host system ... Linux
          configured by ... kottmann
          configured on ... wittgenstein
          configured at ... 2021-02-10T21:25:26
                    CXX ... /usr/bin/c++
               CXXFLAGS ... -O3 -DNDEBUG -I/h/28/kottmann/install/numcpp/include/ -I/h/28/kottmann/install/boost/boost_1_72_0/include/ -std=c++1z
             tuning for ... default
                    MPI ... multiple
 multi-threaded runtime ... MADNESS ThreadPool
                   BLAS ... Intel MKL 66572 66572 MFLOP/s
               compiled ... 13:08:26  on  Feb 23 2021


-------------------------------------------------------------------------------------
SOLVING MRA-PNO-F12 as described in 
J.S. Kottmann, F.A. Bischoff, E.F. Valeev
Direct determination of optimal pair-natural orbitals in a real-space representation:
the second-order Møller-Plesset energy
Journal of Chemical Physics ... 2020
-------------------------------------------------------------------------------------


This script will run PNO-MP2 and print out tensors in binary
Call as: pno_integrals inputfileinput is input
ignoring unknown parameter in input file:  ncf

Angstrom being used to read input coordinates (1 Bohr = 1.88972613 Angstrom)


Asymptotic correction parameters
---------------------------------------
Atom vector is not empty: false
Using multipole approximation: false
Number of electrons = -1
Ionisation energy = 0.000000e+00
E(HOMO) = 0.000000e+00
R1 = 3.000000e+00
R2 = 4.000000e+00
DFT coefficient = 0.000000e+00
Interpolation scheme = linear
constructed symmetry operator for point group C1
dft
              charge  0.0000e+00 # defined   total molecular charge
                  xc  hf         # defined   XC input line
               smear  0.0000e+00 # default   smearing parameter
               econv  1.0000e-04 # defined   energy convergence
               dconv  5.0000e-04 # defined   density convergence
convergence_criteria  [bsh_residual, total_energy] # default   possible values are: bsh_residual, total_energy, each_energy, density
                   k  7          # defined   polynomial order
                   l  5.3402e+01 # derived   user coordinates box size
               deriv  abgv       # default   derivative method                            [abgv, bspline, ble]
           dft_deriv  abgv       # default   derivative method for gga potentials         [abgv, bspline, ble]
             maxrotn  2.5000e-01 # default   step restriction used in autoshift algorithm
             nvalpha  0          # default   number of alpha virtuals to compute
              nvbeta  0          # default   number of beta virtuals to compute
               nopen  0          # default   number of unpaired electrons = nalpha-nbeta
             maxiter  25         # default   maximum number of iterations
                 nio  1          # default   no. of io servers to use
     spin_restricted  true       # default   true if spin restricted
              plotlo  0          # default   range of MOs to print (for both spins if polarized
              plothi  -1         # default   range of MOs to print (for both spins if polarized
            plotdens  false      # default   If true print the density at convergence
            plotcoul  false      # default   If true plot the total coulomb potential at convergence
            localize  boys       # defined   localization method                          [pm, boys, new, canon]
          pointgroup  c1         # derived   use point (sub) group symmetry if not localized[c1, c2, ci, cs, c2v, c2h, d2, d2h]
             restart  false      # default   if true restart from orbitals on disk
           restartao  false      # default   if true restart from orbitals projected into AO basis (STO3G) on disk
          no_compute  false      # default   if true use orbitals on disk, set value to computed
           no_orient  false      # default   if true the molecule coordinates will not be reoriented
                save  true       # default   if true save orbitals to disk
              maxsub  10         # default   size of iterative subspace ... set to 0 or 1 to disable
        orbitalshift  0.0000e+00 # default   scf orbital shift: shift the occ orbitals to lower energies
            npt_plot  101        # default   no. of points to use in each dim for plots
           plot_cell  []         # default   lo hi in each dimension for plotting (default is all space)
             aobasis  6-31g      # derived   AO basis used for initial guess (6-31g or sto-3g)
           core_type  none       # default   core potential type                          [none, mpc]
         derivatives  false      # default   if true calculate nuclear derivatives
              dipole  false      # default   if true calculate dipole moment
      conv_only_dens  false      # default   if true remove bsh_residual from convergence criteria (deprecated)
            psp_calc  false      # default   pseudopotential calculation for all atoms
 print_dipole_matels  false      # default   if true output dipole matrix elements
            pcm_data  none       # default   do a PCM (solvent) calculation
             ac_data  none       # default   do a calculation with asymptotic correction (see ACParameters class in chem/AC.h for details)
             pure_ae  true       # default   pure all electron calculation with no pseudo-atoms
         print_level  3          # default   0: no output; 1: final energy; 2: iterations; 3: timings; 10: debug
              nalpha  3          # derived   number of alpha spin electrons
               nbeta  3          # derived   number of beta  spin electrons
           nmo_alpha  3          # derived   number of alpha spin molecular orbitals
            nmo_beta  3          # derived   number of beta spin molecular orbitals
                  lo  9.0905e-04 # derived   smallest length scale we need to resolve
            protocol  [1.0000e-04, 1.0000e-06] # derived   calculation protocol
                gopt  false      # default   geometry optimizer
                gtol  1.0000e-04 # default   geometry tolerance
               gtest  false      # default   geometry tolerance
                gval  1.0000e-05 # default   value precision
               gprec  1.0000e-04 # default   gradient precision
            gmaxiter  20         # default   optimization maxiter
    ginitial_hessian  false      # default   compute inital hessian for optimization
              algopt  bfgs       # default   algorithm used for optimization              [bfgs, cg]
            tdksprop  false      # default   time-dependent Kohn-Sham equation propagate
           nv_factor  1          # default   factor to multiply number of virtual orbitals with when automatically decreasing nvirt
           vnucextra  2          # default   load balance parameter for nuclear pot
        loadbalparts  2          # default   ??
            response  false      # default   response function calculation
       response_freq  0.0000e+00 # default   frequency for calculation response function
       response_axis  [1, 1, 1]  # default   response axis
           nonrotate  false      # default   if true do not molcule orient (redundant with no_orient
               rconv  1.0000e-06 # default   Response convergence
              efield  0.0000e+00 # default   eps for finite field
         efield_axis  0          # default   finite field axis                            [0, 1, 2]
              nwfile  none       # default   Base name of nwchem output files (.out and .movecs extensions) to read from
                 ncf  (none,1.0000e+00) # defined   nuclear correlation factor
             hessian  false      # default   compute the hessian matrix
           read_cphf  false      # default   read the converged orbital response for nuclear displacements from file
        restart_cphf  false      # default   read the guess orbital response for nuclear displacements from file
      purify_hessian  false      # default   symmetrize the hessian matrix based on atomic charges

end
              charge  0.0000e+00 # defined   total molecular charge
                  xc  hf         # defined   XC input line
               smear  0.0000e+00 # default   smearing parameter
               econv  1.0000e-04 # defined   energy convergence
               dconv  5.0000e-04 # defined   density convergence
convergence_criteria  [bsh_residual, total_energy] # default   possible values are: bsh_residual, total_energy, each_energy, density
                   k  7          # defined   polynomial order
                   l  5.3402e+01 # derived   user coordinates box size
               deriv  abgv       # default   derivative method                            [abgv, bspline, ble]
           dft_deriv  abgv       # default   derivative method for gga potentials         [abgv, bspline, ble]
             maxrotn  2.5000e-01 # default   step restriction used in autoshift algorithm
             nvalpha  0          # default   number of alpha virtuals to compute
              nvbeta  0          # default   number of beta virtuals to compute
               nopen  0          # default   number of unpaired electrons = nalpha-nbeta
             maxiter  25         # default   maximum number of iterations
                 nio  1          # default   no. of io servers to use
     spin_restricted  true       # default   true if spin restricted
              plotlo  0          # default   range of MOs to print (for both spins if polarized
              plothi  -1         # default   range of MOs to print (for both spins if polarized
            plotdens  false      # default   If true print the density at convergence
            plotcoul  false      # default   If true plot the total coulomb potential at convergence
            localize  boys       # defined   localization method                          [pm, boys, new, canon]
          pointgroup  c1         # derived   use point (sub) group symmetry if not localized[c1, c2, ci, cs, c2v, c2h, d2, d2h]
             restart  false      # default   if true restart from orbitals on disk
           restartao  false      # default   if true restart from orbitals projected into AO basis (STO3G) on disk
          no_compute  false      # default   if true use orbitals on disk, set value to computed
           no_orient  false      # default   if true the molecule coordinates will not be reoriented
                save  true       # default   if true save orbitals to disk
              maxsub  10         # default   size of iterative subspace ... set to 0 or 1 to disable
        orbitalshift  0.0000e+00 # default   scf orbital shift: shift the occ orbitals to lower energies
            npt_plot  101        # default   no. of points to use in each dim for plots
           plot_cell  []         # default   lo hi in each dimension for plotting (default is all space)
             aobasis  6-31g      # derived   AO basis used for initial guess (6-31g or sto-3g)
           core_type  none       # default   core potential type                          [none, mpc]
         derivatives  false      # default   if true calculate nuclear derivatives
              dipole  false      # default   if true calculate dipole moment
      conv_only_dens  false      # default   if true remove bsh_residual from convergence criteria (deprecated)
            psp_calc  false      # default   pseudopotential calculation for all atoms
 print_dipole_matels  false      # default   if true output dipole matrix elements
            pcm_data  none       # default   do a PCM (solvent) calculation
             ac_data  none       # default   do a calculation with asymptotic correction (see ACParameters class in chem/AC.h for details)
             pure_ae  true       # default   pure all electron calculation with no pseudo-atoms
         print_level  3          # default   0: no output; 1: final energy; 2: iterations; 3: timings; 10: debug
              nalpha  3          # derived   number of alpha spin electrons
               nbeta  3          # derived   number of beta  spin electrons
           nmo_alpha  3          # derived   number of alpha spin molecular orbitals
            nmo_beta  3          # derived   number of beta spin molecular orbitals
                  lo  9.0905e-04 # derived   smallest length scale we need to resolve
            protocol  [1.0000e-04, 1.0000e-06] # derived   calculation protocol
                gopt  false      # default   geometry optimizer
                gtol  1.0000e-04 # default   geometry tolerance
               gtest  false      # default   geometry tolerance
                gval  1.0000e-05 # default   value precision
               gprec  1.0000e-04 # default   gradient precision
            gmaxiter  20         # default   optimization maxiter
    ginitial_hessian  false      # default   compute inital hessian for optimization
              algopt  bfgs       # default   algorithm used for optimization              [bfgs, cg]
            tdksprop  false      # default   time-dependent Kohn-Sham equation propagate
           nv_factor  1          # default   factor to multiply number of virtual orbitals with when automatically decreasing nvirt
           vnucextra  2          # default   load balance parameter for nuclear pot
        loadbalparts  2          # default   ??
            response  false      # default   response function calculation
       response_freq  0.0000e+00 # default   frequency for calculation response function
       response_axis  [1, 1, 1]  # default   response axis
           nonrotate  false      # default   if true do not molcule orient (redundant with no_orient
               rconv  1.0000e-06 # default   Response convergence
              efield  0.0000e+00 # default   eps for finite field
         efield_axis  0          # default   finite field axis                            [0, 1, 2]
              nwfile  none       # default   Base name of nwchem output files (.out and .movecs extensions) to read from



 geometry
   eprec 1.0e-06
   units atomic
   Be            0.00000000           0.00000000           0.18897261
   H             0.00000000           0.00000000           2.64561659
   H             0.00000000           0.00000000          -3.40150704
 end

Solving NDIM= 3  with thresh 1.000000e-04     k 7    conv 5.000000e-04 

timer:     Project vnuclear     0.72s     0.72s
constructed nuclear correlation factor of the form
    R   =  1.000000e+00
with eprec  1.000000e-06
which means it's (nearly) a conventional calculation

timer:        reproject ncf     1.67s     1.67s
timer:        guess density     0.59s     0.59s
timer:   guess Coulomb potn     0.51s     0.51s
timer:       guess lda potn     0.17s     0.17s
timer:        guess overlap     0.03s     0.03s
timer:    KEmat reconstruct     0.03s     0.03s
timer:  KEmat differentiate     0.31s     0.31s
timer:       KEmat compress     0.09s     0.09s
timer: KEmat inner products     0.21s     0.21s
timer:     guess Kinet potn     0.65s     0.65s
timer:           guess fock     0.50s     0.50s
timer:      guess eigen sol     0.02s     0.02s
timer: guess orbital groupi     0.09s     0.09s

starting protocol at time      7.3s 
precision steps  1.000000e-04  -->  1.000000e-04
protocol: thresh 1.000000e-04 econv  1.000000e-04 dconv 5.000000e-04

ending protocol at time      7.3s 

Solving NDIM= 3  with thresh 1.000000e-04     k 7    conv 5.000000e-04 

timer:        Boys localize     0.99s     0.99s
orbital irreps []
timer:      reconstruct psi     0.18s     0.18s
timer:        compute Jnemo     0.65s     0.65s
timer:        compute Knemo     1.91s     1.91s
timer: compute Unemo 0.0151     0.24s     0.24s

  nuclear and kinetic     -26.01783375
         kinetic only      15.60023037
              coulomb      10.79553236
             exchange      -3.38492919
    nuclear-repulsion       2.90766272
   regularized energy     -15.69956786
  buggy if hybrid functionals are used..
timer:       compute energy     3.60s     3.60s
Norm of vector changes ab spin case : rms 4.262886e-02    max 5.501740e-02
convergence: bshresidual, energy change, max energy change, density change 4.6e-02 1.6e+01 1.6e+01 1.4e+00
finished iteration  0 at time     19.6s with energy  -15.69956786
timer:        Boys localize     0.90s     0.90s
orbital irreps []
timer:      reconstruct psi     0.12s     0.12s
timer:        compute Jnemo     0.72s     0.72s
timer:        compute Knemo     2.03s     2.03s
timer: compute Unemo 0.0147     0.21s     0.21s

  nuclear and kinetic     -26.01293480
         kinetic only      15.53291336
              coulomb      10.74951568
             exchange      -3.36600392
    nuclear-repulsion       2.90766272
   regularized energy     -15.72176032
  buggy if hybrid functionals are used..
timer:       compute energy     3.89s     3.89s
Norm of vector changes ab spin case : rms 1.758849e-02    max 2.338894e-02
convergence: bshresidual, energy change, max energy change, density change 1.3e-02 2.2e-02 6.7e-02 8.3e-03
finished iteration  1 at time     32.7s with energy  -15.72176032
timer:        Boys localize     1.00s     1.00s
orbital irreps []
timer:      reconstruct psi     0.14s     0.14s
timer:        compute Jnemo     0.66s     0.66s
timer:        compute Knemo     1.93s     1.93s
timer: compute Unemo 0.0146     0.24s     0.24s

  nuclear and kinetic     -26.01493257
         kinetic only      15.51603349
              coulomb      10.74216925
             exchange      -3.35887262
    nuclear-repulsion       2.90766272
   regularized energy     -15.72397322
  buggy if hybrid functionals are used..
timer:       compute energy     3.38s     3.38s
Norm of vector changes ab spin case : rms 2.679466e-03    max 3.556235e-03
convergence: bshresidual, energy change, max energy change, density change 1.8e-03 2.2e-03 1.7e-02 1.6e-03
finished iteration  2 at time     45.5s with energy  -15.72397322
timer:        Boys localize     1.03s     1.03s
orbital irreps []
timer:      reconstruct psi     0.17s     0.17s
timer:        compute Jnemo     0.66s     0.66s
timer:        compute Knemo     2.11s     2.11s
timer: compute Unemo 0.0146     0.21s     0.21s

  nuclear and kinetic     -26.01998922
         kinetic only      15.51415353
              coulomb      10.74601492
             exchange      -3.35773877
    nuclear-repulsion       2.90766272
   regularized energy     -15.72405036
  buggy if hybrid functionals are used..
timer:       compute energy     3.50s     3.50s
Norm of vector changes ab spin case : rms 1.112749e-03    max 1.407505e-03
convergence: bshresidual, energy change, max energy change, density change 6.3e-04 7.7e-05 5.1e-03 4.4e-04
finished iteration  3 at time     59.0s with energy  -15.72405036
timer:        Boys localize     1.02s     1.02s
orbital irreps []
timer:      reconstruct psi     0.17s     0.17s
timer:        compute Jnemo     0.69s     0.69s
timer:        compute Knemo     1.85s     1.85s
timer: compute Unemo 0.0146     0.22s     0.22s

  nuclear and kinetic     -26.02292257
         kinetic only      15.51397953
              coulomb      10.74876817
             exchange      -3.35756996
    nuclear-repulsion       2.90766272
   regularized energy     -15.72406164
  buggy if hybrid functionals are used..
timer:       compute energy     3.52s     3.52s
Norm of vector changes ab spin case : rms 4.085678e-04    max 5.698377e-04
convergence: bshresidual, energy change, max energy change, density change 2.8e-04 1.1e-05 2.9e-03 1.1e-04
finished iteration  4 at time     72.4s with energy  -15.72406164

Iterations converged


ending protocol at time     72.4s 

 Dipole Moment (a.u.)
 -----------

     x:  4.275319e-14
     y:  -5.585680e-14
     z:  4.775742e-01
 Total Dipole Moment:  4.775742e-01 

timer:               dipole     0.04s     0.04s
Nemo Orbital Energies: [*]  -4.72757883  -0.50179422  -0.39089003

nemo energy:  -1.572406e+01
 at time 72.9
PNO Integrals evaluated as:
pnoint
       rank_increase  15         # default   maximum rank to increase in every macroiteration
               chunk  100        # default   chunk of functions operated on in parallel when G or K is applied (prevent memory shortage)
               debug  false      # default   debug mode
              freeze  1          # derived   frozen core approximation
             maxrank  3          # defined   maximal pno rank for all pairs
           guesstype  exop       # derived   the guesstype: exop (recommended, multiply polynomial excitation operators onto the occupied orbitals), empty (don't compute a guess), scf (use the ao basis from the SCF solver), partial_wave (create s,p,d ..., type functions and place on atoms), predefined (same as partial_wave but for predefined sets)
                exop  multipole  # derived   this string defines which excitation operators can be used, use 'dipole', 'dipole+', 'quadrupole', 'ocopole', or 'multipole', need to set guesstype to 'exop' which is the default
          exop_trigo  true       # default   use trigonometric excitation operators ( x --> sin(x)
        partial_wave             # default   atom centered partial wave guess of format like 'h-2s1p-o-3s2p1d', need to set guesstype to 'partial_wave' and adaptive_solver to 'none'
          predefined             # default   predefined partial wave guesses of type pvxz with x=d,t,q,5,6, need to set guesstype to 'predefined' and adaptive_solver to 'none'
           maxiter_t  100        # default   maximal number of iterations in the amplitude solver
       maxiter_micro  10         # default   Maximum of iterations for every cycle in the adaptive solver
       maxiter_macro  10         # default   Maximum of iterations of cycles in the adaptive solver
                tpno  1.0000e-08 # default   PNO cutoff threshold
          tpno_tight  1.0000e-10 # derived   PNO cutoff for the first iteration
    canonicalize_pno  true       # default   canonicalize the pnos before the amplitude solver
              thresh  1.0000e-04 # defined   MRA threshold
         econv_micro  1.0000e-04 # derived   Energy convergence for microiterations (Greens function based optimization) in adaptive solver
         econv_pairs  1.0000e-05 # derived   ENergy convergence for individual pairs in adaptive solver. Converged pairs are frozen automatically
         econv_macro  1.0000e-04 # derived   Energy convergence for macroiterations in adaptive solver, no effect if adaptive_solver is deactivated
               dconv  1.0000e-01 # default   convergence of every PNO in the Green's function solver
           op_thresh  1.0000e-06 # default   MRA operator thresh
             restart  none       # derived   restart pairs of this type, use 'mp2', 'cispd', 'all' or 'none'
          no_compute  none       # default   do not compute the pairs of this type, use 'mp2', 'cispd', 'all' or 'none'
              no_opt  none       # default   do not optimize the pnos of this type, use 'mp2', 'cispd', 'all' or 'none'
            no_guess  none       # derived   guess for this type will be empty, use 'mp2', 'cispd', 'all' or 'none'
     adaptive_solver  all        # default   Use adaptive solver for those pairs, use 'mp2', 'cispd', 'all' or 'none', works only in combination with guesstype 'exop'
                kain  true       # default   use KAIN solver in amplitude solver
       kain_subspace  5          # default   subspace size of the KAIN solver (amplitudes)
                 f12  false      # defined   use explicit correlation
        cispd_number  -1         # default   CIS(D) excitation numbers, to read in correct functions
        cispd_energy  0.0000e+00 # default   CIS energy
        freeze_pairs  none       # default   frozen pairs will not be optimized: Expected format 'a b c d' will freeze pairs ab and cd
freeze_pairs_of_orbital  []         # default    All pairs which originate from this orbital will not be optimized
active_pairs_of_orbital  []         # default    All pairs which originate from this orbital will not be frozen all other pairs will, if this vector is not empty
no_opt_in_first_iteration  false      # default   Do not optimize in the first iteration (then the potentials do not have to be evaluated, use this for large guesses)
            exchange  full       # default   approximate exchange with 'neglect' or xc functional -> same syntax as moldft
           save_pnos  true       # default   Save the OBS-PNOs to a file, before and after orthonormalization.
            diagonal  true       # defined   Compute only diagonal PNOs
              orthog  symmetric  # defined   orthogonalization method for PNO basis, also current default for a potential CABS. options: symmetric, canonical, cholesky, rr_cholesky,
         orthog_cabs  default    # default   orthogonalization method for CABS basis. options: symmetric, canonical, cholesky, rr_cholesky, uses same as orbitals basis if default.
               n_pno  6          # defined   desired size of PNO-basis (orbital space)
         cabs_option  none       # default   type of complementary auxiliary basis to be used. can be none ~ no CABS, gbs ~ Gaussian basis set as CABS, requires input via auxbas_file, pno ~ use superfluous PNOs as CABS, mixed ~ gbs&pno-option
       pno_cabs_size  -1         # default   size of a potential pno-cabs. defaults to -1 ~ all remaining PNOs, if pno-cabs or mixed-cabs
           only_diag  false      # default   use only diagonal elements PNOs
         cherry_pick  []         # default   cherry pick option to choose particular set of PNOs, not just blindly by occupation number. can be useful, if only a restricted number of PNOs can be used, to avoid separating degenerate pairs. can be envoked by passing a vector via [ elem1, elem2, ... ]
               gamma  1.4000e+00 # default   The f12 length scale, here to be used to compute f12-integrals
         cabs_thresh  1.0000e-04 # derived    thresh for cabs part
              auxbas  none       # default   atom centered partial wave guess of format like 'h-2s1p-o-3s2p1d'
         auxbas_file  none       # default   Use external comp. aux. basis in addition to the pnos as auxbasis. Give the filename as parameter. Give the auxbas in turbomole format. Don't use contractions. If a file is specified the auxbas parameter has no effect
   print_pno_overlap  true       # default   Print overlap matrix at certain steps in computation, for debugging purposes.
              n_virt  0          # defined   Compute this number of virtuals and include them in the integral construction, experimental and not robust!.
      hardcore_boson  false      # default   compute only integrals for hardcore boson hamiltonian (restricted to double occupations)

end
F12 Operators initialized right
timer:                    Testing F12 Operators     0.74s     0.74s 
timer:  Initializing (active) Exchange Orbitals     1.71s     1.71s 
Size of active mos and their exchange potentials:
K(acmos)=2.739549e-03 Gbyte
acmos   =2.402216e-03 Gbyte
PNO Parameters
pno
       rank_increase  15         # default   maximum rank to increase in every macroiteration
               chunk  100        # default   chunk of functions operated on in parallel when G or K is applied (prevent memory shortage)
               debug  false      # default   debug mode
              freeze  1          # derived   frozen core approximation
             maxrank  3          # defined   maximal pno rank for all pairs
           guesstype  exop       # derived   the guesstype: exop (recommended, multiply polynomial excitation operators onto the occupied orbitals), empty (don't compute a guess), scf (use the ao basis from the SCF solver), partial_wave (create s,p,d ..., type functions and place on atoms), predefined (same as partial_wave but for predefined sets)
                exop  multipole  # derived   this string defines which excitation operators can be used, use 'dipole', 'dipole+', 'quadrupole', 'ocopole', or 'multipole', need to set guesstype to 'exop' which is the default
          exop_trigo  true       # default   use trigonometric excitation operators ( x --> sin(x)
        partial_wave             # default   atom centered partial wave guess of format like 'h-2s1p-o-3s2p1d', need to set guesstype to 'partial_wave' and adaptive_solver to 'none'
          predefined             # default   predefined partial wave guesses of type pvxz with x=d,t,q,5,6, need to set guesstype to 'predefined' and adaptive_solver to 'none'
           maxiter_t  100        # default   maximal number of iterations in the amplitude solver
       maxiter_micro  10         # default   Maximum of iterations for every cycle in the adaptive solver
       maxiter_macro  10         # default   Maximum of iterations of cycles in the adaptive solver
                tpno  1.0000e-08 # default   PNO cutoff threshold
          tpno_tight  1.0000e-10 # derived   PNO cutoff for the first iteration
    canonicalize_pno  true       # default   canonicalize the pnos before the amplitude solver
              thresh  1.0000e-04 # defined   MRA threshold
         econv_micro  1.0000e-04 # derived   Energy convergence for microiterations (Greens function based optimization) in adaptive solver
         econv_pairs  1.0000e-05 # derived   ENergy convergence for individual pairs in adaptive solver. Converged pairs are frozen automatically
         econv_macro  1.0000e-04 # derived   Energy convergence for macroiterations in adaptive solver, no effect if adaptive_solver is deactivated
               dconv  1.0000e-01 # default   convergence of every PNO in the Green's function solver
           op_thresh  1.0000e-06 # default   MRA operator thresh
             restart  none       # derived   restart pairs of this type, use 'mp2', 'cispd', 'all' or 'none'
          no_compute  none       # default   do not compute the pairs of this type, use 'mp2', 'cispd', 'all' or 'none'
              no_opt  none       # default   do not optimize the pnos of this type, use 'mp2', 'cispd', 'all' or 'none'
            no_guess  none       # derived   guess for this type will be empty, use 'mp2', 'cispd', 'all' or 'none'
     adaptive_solver  all        # default   Use adaptive solver for those pairs, use 'mp2', 'cispd', 'all' or 'none', works only in combination with guesstype 'exop'
                kain  true       # default   use KAIN solver in amplitude solver
       kain_subspace  5          # default   subspace size of the KAIN solver (amplitudes)
                 f12  false      # defined   use explicit correlation
        cispd_number  -1         # default   CIS(D) excitation numbers, to read in correct functions
        cispd_energy  0.0000e+00 # default   CIS energy
        freeze_pairs  none       # default   frozen pairs will not be optimized: Expected format 'a b c d' will freeze pairs ab and cd
freeze_pairs_of_orbital  []         # default    All pairs which originate from this orbital will not be optimized
active_pairs_of_orbital  []         # default    All pairs which originate from this orbital will not be frozen all other pairs will, if this vector is not empty
no_opt_in_first_iteration  false      # default   Do not optimize in the first iteration (then the potentials do not have to be evaluated, use this for large guesses)
            exchange  full       # default   approximate exchange with 'neglect' or xc functional -> same syntax as moldft
           save_pnos  true       # default   Save the OBS-PNOs to a file, before and after orthonormalization.
            diagonal  true       # defined   Compute only diagonal PNOs

end

**********************
Solve PNO-MP2
*********************


**********************
Iterate Pairs
*********************


************************
Adaptive Solver
***********************

Initializing empty Pairs:
no guess was explicitly demanded for mp2

timer:                                     RRCD     0.00s     0.00s 
timer:                             MRA compress     0.00s     0.00s 
timer:                          Transform Pairs     0.00s     0.00s 
timer:          apply Q and orthonormalize PNOs     0.00s     0.00s 
Created Guess:
pair11 with 0 guess functions
pair21 with 0 guess functions
pair22 with 0 guess functions
guess pair11 size: 0.0000000000e+00 | 0.0000000000e+00 Gbyte (after truncation)
guess pair22 size: 0.0000000000e+00 | 0.0000000000e+00 Gbyte (after truncation)
timer:                           truncate guess     0.00s     0.00s 
timer:                         Initialize Pairs     0.00s     0.00s 
Keyword multipole is not known
Guess protocol for adaptively growing ranks is: [dipole+, quadrupole, big_fock_3, big_fock_3, big_fock_3, big_fock_3, big_fock_3, big_fock_3, big_fock_3, big_fock_3]


--------Adaptive Solver Macroiteration 0 from max 10 ----------

Growing ranks with exop=dipole+
Create guess functions by multiplying plane-waves to 1 functions 
Created 4 virtuals for pair11
pair21 is frozen: no growing
Create guess functions by multiplying plane-waves to 1 functions 
Created 4 virtuals for pair22
frozen pair: no orthonormalization
timer:                                     RRCD     0.03s     0.03s 
timer:                             MRA compress     0.00s     0.00s 
timer:                          Transform Pairs     0.11s     0.11s 
timer:                        grow PNO subspace     1.78s     1.78s 
SolveInternal: Parameters are assigned as
no_compute        = false
no_opt            = false
restart           = false
do_cispd          = false
econv             =1.0000000000e-04
maxrank (min,max) = (3,3)
Solving MP2 doubles
timer:          fock matrix     2.98s     2.98s
Information About All Pairs:
mp2_pair11           number=0 rank=  4 frozen=false
mp2_pair21           number=1 rank=  0 frozen=true
mp2_pair22           number=2 rank=  4 frozen=false
number of pairs=3
average rank   =2 (2.6666666667e+00)
largest rank   =4
PNOPairs Memory Information
Total: 0.0091590881 GB 
PNO  : 0.0091590881 GB 
KPNO : 0.0000000000 GB 
W    : 0.0000000000 GB 

timer:                                 truncate     0.09s     0.09s 
wall time=86.3392879963 chunk=8 allK.size()=8 memory=0.0090773106 GB
timer:                             compute KPNO     4.17s     4.17s 
wall time=86.5169601440 chunk=8 allJ.size()=8 memory=0.0101404190 GB
timer:                             compute JPNO     0.18s     0.18s 
timer:                    compute Fock matrices     1.39s     1.39s 
timer:                             MRA compress     0.00s     0.00s 
timer:                          Transform Pairs     0.25s     0.25s 
timer:                             Canonicalize     0.26s     0.26s 
PNOPairs Memory Information
Total: 0.0182363987 GB 
PNO  : 0.0090773106 GB 
KPNO : 0.0091590881 GB 
W    : 0.0000000000 GB 

timer:                                 truncate     0.04s     0.04s 
mp2_pair21 is frozen: potential not computed
timer:                   Fluctuation Potentials     1.98s     1.98s 
timer:                       Fluctuation Matrix     0.16s     0.16s 
PNOPairs Memory Information
Total: 0.0324656963 GB 
PNO  : 0.0090773106 GB 
KPNO : 0.0091590881 GB 
W    : 0.0142292976 GB 

PNOPairs Memory Information
Total: 0.0324656963 GB 
PNO  : 0.0090773106 GB 
KPNO : 0.0091590881 GB 
W    : 0.0142292976 GB 

timer:                                 truncate     0.04s     0.04s 
timer:                             PNO Overlaps     0.09s     0.09s 
t_iter =  0  Hylleraas energy =  0.0000000000  ||R||_F =  0.1890936480  conv =  no
subspace solution [*]   1.00000000

t_iter =  1  Hylleraas energy =  -0.0265168848  ||R||_F =  0.0000000342  conv =  yes
=======================================================

Hylleraas MP2 Energies

=======================================================
    i    j      singlet      triplet        Total
=======================================================
    1    1  -1.29274e-02  0.00000e+00 -1.29274e-02
    2    1   0.00000e+00  0.00000e+00  0.00000e+00
    2    2  -1.35895e-02  0.00000e+00 -1.35895e-02
=======================================================
Hylleraas MP2 Energies (singlet): -2.65169e-02
Hylleraas MP2 Energies (triplet):  0.00000e+00
Hylleraas MP2 Energies (total)  : -2.65169e-02
=======================================================
-------------------------------------------
Total Reg Energy  =-2.65169e-02
Total F12 Energy  = 0.00000e+00
Sum Energies Total=-2.65169e-02
-------------------------------------------
timer:                         Solve Amplitudes     0.00s     0.00s 
No optimization untill now: Compressing pno ranks with tighter threshold
1.00000e-10 instead of 1.00000e-08
pair11: density evals:
 [*]   0.00349908   0.00418847   0.00418847   0.00490602

pair11: # of PNOs reduced from  4  to  3  maxrank= 3
pair22: density evals:
 [*]   0.00339449   0.00406099   0.00406099   0.01196701

pair22: # of PNOs reduced from  4  to  3  maxrank= 3
timer:                            compress PNOs     0.00s     0.00s 
timer:                             MRA compress     0.00s     0.00s 
timer:                          Transform Pairs     0.25s     0.25s 
timer:                          PNO Compression     0.26s     0.26s 
Information About All Pairs:
mp2_pair11           number=0 rank=  3 frozen=false
mp2_pair21           number=1 rank=  0 frozen=true
mp2_pair22           number=2 rank=  3 frozen=false
number of pairs=3
average rank   =2 (2.00000e+00)
largest rank   =3
saving vector of functions mp2_pair11
saving vector of functions mp2_pair22
timer:                        save pnos on disc     0.18s     0.18s 
PNOPairs Memory Information
Total: 0.02355 GB 
PNO  : 0.00675 GB 
KPNO : 0.00642 GB 
W    : 0.01039 GB 

timer:                                 truncate     0.05s     0.05s 
timer:      compute densities for G application     0.00s     0.00s 
pair21 is frozen: no optimization
timer:                Prepare for G application     0.23s     0.23s 
timer:                                    add K     0.04s     0.04s 
size of all Vpsi potentials (without Vnuc and J) 0.00789 GB 
time=91.98731 chunk=6 Vpsi+Vnuc+J=0.02228 GB
time=92.04459 chunk=6 Vpsi+Vnuc+J=0.02228 GB (after truncation)
timer:                           Apply G to all     2.49s     2.49s 
timer:                       apply Q and update     0.00s     0.00s 
mp2_pair11 residual norms:
[0.36679, 0.36679, 0.44204]
mp2_pair11 scaled residual norms:
[0.02374, 0.02374, 0.03096]
mp2_pair22 residual norms:
[0.36897, 0.36897, 0.39462]
mp2_pair22 scaled residual norms:
[0.02351, 0.02351, 0.04317]
timer:                          update all PNOs     2.76s     2.76s 
frozen pair: no orthonormalization
timer:                                     RRCD     0.07s     0.07s 
timer:                             MRA compress     0.00s     0.00s 
timer:                          Transform Pairs     0.14s     0.14s 
saving vector of functions mp2_pair11
saving vector of functions mp2_pair22
timer:                        save pnos on disc     0.12s     0.12s 


No convergence yet. Energy change = 0.02652

timer:                        Whole Iteration 1    12.04s    12.04s 
Information About All Pairs:
mp2_pair11           number=0 rank=  3 frozen=false
mp2_pair21           number=1 rank=  0 frozen=true
mp2_pair22           number=2 rank=  3 frozen=false
number of pairs=3
average rank   =2 (2.00000)
largest rank   =3
PNOPairs Memory Information
Total: 0.00675 GB 
PNO  : 0.00675 GB 
KPNO : 0.00000 GB 
W    : 0.00000 GB 

timer:                                 truncate     0.03s     0.03s 
wall time=97.50259 chunk=6 allK.size()=6 memory=0.00650 GB
timer:                             compute KPNO     3.34s     3.34s 
wall time=97.62484 chunk=6 allJ.size()=6 memory=0.00732 GB
timer:                             compute JPNO     0.12s     0.12s 
timer:                    compute Fock matrices     1.31s     1.31s 
timer:                             MRA compress     0.00s     0.00s 
timer:                          Transform Pairs     0.18s     0.18s 
timer:                             Canonicalize     0.18s     0.18s 
PNOPairs Memory Information
Total: 0.01317 GB 
PNO  : 0.00666 GB 
KPNO : 0.00650 GB 
W    : 0.00000 GB 

timer:                                 truncate     0.02s     0.02s 
mp2_pair21 is frozen: potential not computed
timer:                   Fluctuation Potentials     1.75s     1.75s 
timer:                       Fluctuation Matrix     0.16s     0.16s 
PNOPairs Memory Information
Total: 0.02355 GB 
PNO  : 0.00666 GB 
KPNO : 0.00650 GB 
W    : 0.01039 GB 

PNOPairs Memory Information
Total: 0.02355 GB 
PNO  : 0.00666 GB 
KPNO : 0.00650 GB 
W    : 0.01039 GB 

timer:                                 truncate     0.04s     0.04s 
timer:                             PNO Overlaps     0.11s     0.11s 
t_iter =  0  Hylleraas energy =  0.00000  ||R||_F =  0.24989  conv =  no
subspace solution [*]   1.00000000

t_iter =  1  Hylleraas energy =  -0.03692  ||R||_F =  0.00000  conv =  yes
=======================================================

Hylleraas MP2 Energies

=======================================================
    i    j      singlet      triplet        Total
=======================================================
    1    1  -1.75421e-02  0.00000e+00 -1.75421e-02
    2    1   0.00000e+00  0.00000e+00  0.00000e+00
    2    2  -1.93792e-02  0.00000e+00 -1.93792e-02
=======================================================
Hylleraas MP2 Energies (singlet): -3.69214e-02
Hylleraas MP2 Energies (triplet):  0.00000e+00
Hylleraas MP2 Energies (total)  : -3.69214e-02
=======================================================
-------------------------------------------
Total Reg Energy  =-3.69214e-02
Total F12 Energy  = 0.00000e+00
Sum Energies Total=-3.69214e-02
-------------------------------------------
timer:                         Solve Amplitudes     0.00s     0.00s 
pair11: density evals:
 [*]   0.00505017   0.00505017   0.00746590

pair22: density evals:
 [*]   0.00476925   0.00476925   0.01818839

timer:                            compress PNOs     0.00s     0.00s 
timer:                             MRA compress     0.00s     0.00s 
timer:                          Transform Pairs     0.42s     0.42s 
timer:                          PNO Compression     0.42s     0.42s 
Information About All Pairs:
mp2_pair11           number=0 rank=  3 frozen=false
mp2_pair21           number=1 rank=  0 frozen=true
mp2_pair22           number=2 rank=  3 frozen=false
number of pairs=3
average rank   =2 (2.00000e+00)
largest rank   =3
saving vector of functions mp2_pair11
saving vector of functions mp2_pair22
timer:                        save pnos on disc     0.20s     0.20s 
PNOPairs Memory Information
Total: 0.02355 GB 
PNO  : 0.00666 GB 
KPNO : 0.00650 GB 
W    : 0.01039 GB 

timer:                                 truncate     0.05s     0.05s 
timer:      compute densities for G application     0.00s     0.00s 
pair21 is frozen: no optimization
timer:                Prepare for G application     0.20s     0.20s 
timer:                                    add K     0.03s     0.03s 
size of all Vpsi potentials (without Vnuc and J) 0.00887 GB 
time=102.59936 chunk=6 Vpsi+Vnuc+J=0.02171 GB
time=102.65212 chunk=6 Vpsi+Vnuc+J=0.02122 GB (after truncation)
timer:                           Apply G to all     2.29s     2.29s 
timer:                       apply Q and update     0.00s     0.00s 
mp2_pair11 residual norms:
[0.09764, 0.09764, 0.12665]
mp2_pair11 scaled residual norms:
[0.00694, 0.00694, 0.01094]
mp2_pair22 residual norms:
[0.09244, 0.09244, 0.10529]
mp2_pair22 scaled residual norms:
[0.00638, 0.00638, 0.01420]
timer:                          update all PNOs     2.52s     2.52s 
frozen pair: no orthonormalization
timer:                                     RRCD     0.05s     0.05s 
timer:                             MRA compress     0.00s     0.00s 
timer:                          Transform Pairs     0.11s     0.11s 
saving vector of functions mp2_pair11
saving vector of functions mp2_pair22
timer:                        save pnos on disc     0.19s     0.19s 


No convergence yet. Energy change = 0.01040

timer:                        Whole Iteration 2    10.61s    10.61s 
Information About All Pairs:
mp2_pair11           number=0 rank=  3 frozen=false
mp2_pair21           number=1 rank=  0 frozen=true
mp2_pair22           number=2 rank=  3 frozen=false
number of pairs=3
average rank   =2 (2.00000)
largest rank   =3
PNOPairs Memory Information
Total: 0.00658 GB 
PNO  : 0.00658 GB 
KPNO : 0.00000 GB 
W    : 0.00000 GB 

timer:                                 truncate     0.03s     0.03s 
wall time=108.37847 chunk=6 allK.size()=6 memory=0.00683 GB
timer:                             compute KPNO     3.62s     3.62s 
wall time=108.53692 chunk=6 allJ.size()=6 memory=0.00773 GB
timer:                             compute JPNO     0.16s     0.16s 
timer:                    compute Fock matrices     1.21s     1.21s 
timer:                             MRA compress     0.00s     0.00s 
timer:                          Transform Pairs     0.19s     0.19s 
timer:                             Canonicalize     0.19s     0.19s 
PNOPairs Memory Information
Total: 0.01325 GB 
PNO  : 0.00642 GB 
KPNO : 0.00683 GB 
W    : 0.00000 GB 

timer:                                 truncate     0.05s     0.05s 
mp2_pair21 is frozen: potential not computed
timer:                   Fluctuation Potentials     1.74s     1.74s 
timer:                       Fluctuation Matrix     0.14s     0.14s 
PNOPairs Memory Information
Total: 0.02396 GB 
PNO  : 0.00642 GB 
KPNO : 0.00683 GB 
W    : 0.01071 GB 

PNOPairs Memory Information
Total: 0.02396 GB 
PNO  : 0.00642 GB 
KPNO : 0.00683 GB 
W    : 0.01071 GB 

timer:                                 truncate     0.08s     0.08s 
timer:                             PNO Overlaps     0.10s     0.10s 
t_iter =  0  Hylleraas energy =  0.00000  ||R||_F =  0.26795  conv =  no
subspace solution [*]   1.00000000

t_iter =  1  Hylleraas energy =  -0.03878  ||R||_F =  0.00000  conv =  yes
=======================================================

Hylleraas MP2 Energies

=======================================================
    i    j      singlet      triplet        Total
=======================================================
    1    1  -1.84784e-02  0.00000e+00 -1.84784e-02
    2    1   0.00000e+00  0.00000e+00  0.00000e+00
    2    2  -2.03059e-02  0.00000e+00 -2.03059e-02
=======================================================
Hylleraas MP2 Energies (singlet): -3.87843e-02
Hylleraas MP2 Energies (triplet):  0.00000e+00
Hylleraas MP2 Energies (total)  : -3.87843e-02
=======================================================
-------------------------------------------
Total Reg Energy  =-3.87843e-02
Total F12 Energy  = 0.00000e+00
Sum Energies Total=-3.87843e-02
-------------------------------------------
timer:                         Solve Amplitudes     0.00s     0.00s 
pair11: density evals:
 [*]   0.00480855   0.00480855   0.00718713

pair22: density evals:
 [*]   0.00451747   0.00451747   0.01776938

timer:                            compress PNOs     0.00s     0.00s 
timer:                             MRA compress     0.00s     0.00s 
timer:                          Transform Pairs     0.29s     0.29s 
timer:                          PNO Compression     0.29s     0.29s 
Information About All Pairs:
mp2_pair11           number=0 rank=  3 frozen=false
mp2_pair21           number=1 rank=  0 frozen=true
mp2_pair22           number=2 rank=  3 frozen=false
number of pairs=3
average rank   =2 (2.00000e+00)
largest rank   =3
saving vector of functions mp2_pair11
saving vector of functions mp2_pair22
timer:                        save pnos on disc     0.11s     0.11s 
PNOPairs Memory Information
Total: 0.02396 GB 
PNO  : 0.00642 GB 
KPNO : 0.00683 GB 
W    : 0.01071 GB 

timer:                                 truncate     0.05s     0.05s 
timer:      compute densities for G application     0.00s     0.00s 
pair21 is frozen: no optimization
timer:                Prepare for G application     0.18s     0.18s 
timer:                                    add K     0.01s     0.01s 
size of all Vpsi potentials (without Vnuc and J) 0.00912 GB 
time=113.30120 chunk=6 Vpsi+Vnuc+J=0.02155 GB
time=113.34864 chunk=6 Vpsi+Vnuc+J=0.02122 GB (after truncation)
timer:                           Apply G to all     2.51s     2.51s 
timer:                       apply Q and update     0.00s     0.00s 
mp2_pair11 residual norms:
[0.03335, 0.03335, 0.05599]
mp2_pair11 scaled residual norms:
[0.00231, 0.00231, 0.00475]
mp2_pair22 residual norms:
[0.03171, 0.03171, 0.04318]
mp2_pair22 scaled residual norms:
[0.00213, 0.00213, 0.00576]
timer:                          update all PNOs     2.70s     2.70s 
frozen pair: no orthonormalization
timer:                                     RRCD     0.06s     0.06s 
timer:                             MRA compress     0.00s     0.00s 
timer:                          Transform Pairs     0.13s     0.13s 
saving vector of functions mp2_pair11
saving vector of functions mp2_pair22
timer:                        save pnos on disc     0.14s     0.14s 


No convergence yet. Energy change = 0.00186

timer:                        Whole Iteration 3    10.84s    10.84s 
Information About All Pairs:
mp2_pair11           number=0 rank=  3 frozen=false
mp2_pair21           number=1 rank=  0 frozen=true
mp2_pair22           number=2 rank=  3 frozen=false
number of pairs=3
average rank   =2 (2.00000)
largest rank   =3
PNOPairs Memory Information
Total: 0.00683 GB 
PNO  : 0.00683 GB 
KPNO : 0.00000 GB 
W    : 0.00000 GB 

timer:                                 truncate     0.04s     0.04s 
wall time=119.07470 chunk=6 allK.size()=6 memory=0.00675 GB
timer:                             compute KPNO     3.46s     3.46s 
wall time=119.22883 chunk=6 allJ.size()=6 memory=0.00781 GB
timer:                             compute JPNO     0.15s     0.15s 
timer:                    compute Fock matrices     1.12s     1.12s 
timer:                             MRA compress     0.00s     0.00s 
timer:                          Transform Pairs     0.23s     0.23s 
timer:                             Canonicalize     0.23s     0.23s 
PNOPairs Memory Information
Total: 0.01349 GB 
PNO  : 0.00675 GB 
KPNO : 0.00675 GB 
W    : 0.00000 GB 

timer:                                 truncate     0.03s     0.03s 
mp2_pair21 is frozen: potential not computed
timer:                   Fluctuation Potentials     1.76s     1.76s 
timer:                       Fluctuation Matrix     0.13s     0.13s 
PNOPairs Memory Information
Total: 0.02421 GB 
PNO  : 0.00675 GB 
KPNO : 0.00675 GB 
W    : 0.01071 GB 

PNOPairs Memory Information
Total: 0.02421 GB 
PNO  : 0.00675 GB 
KPNO : 0.00675 GB 
W    : 0.01071 GB 

timer:                                 truncate     0.08s     0.08s 
timer:                             PNO Overlaps     0.10s     0.10s 
t_iter =  0  Hylleraas energy =  0.00000  ||R||_F =  0.27397  conv =  no
subspace solution [*]   1.00000000

t_iter =  1  Hylleraas energy =  -0.03910  ||R||_F =  0.00000  conv =  yes
=======================================================

Hylleraas MP2 Energies

=======================================================
    i    j      singlet      triplet        Total
=======================================================
    1    1  -1.86424e-02  0.00000e+00 -1.86424e-02
    2    1   0.00000e+00  0.00000e+00  0.00000e+00
    2    2  -2.04599e-02  0.00000e+00 -2.04599e-02
=======================================================
Hylleraas MP2 Energies (singlet): -3.91023e-02
Hylleraas MP2 Energies (triplet):  0.00000e+00
Hylleraas MP2 Energies (total)  : -3.91023e-02
=======================================================
-------------------------------------------
Total Reg Energy  =-3.91023e-02
Total F12 Energy  = 0.00000e+00
Sum Energies Total=-3.91023e-02
-------------------------------------------
timer:                         Solve Amplitudes     0.00s     0.00s 
pair11: density evals:
 [*]   0.00467833   0.00467833   0.00695845

pair22: density evals:
 [*]   0.00439151   0.00439151   0.01734508

timer:                            compress PNOs     0.00s     0.00s 
timer:                             MRA compress     0.00s     0.00s 
timer:                          Transform Pairs     0.35s     0.35s 
timer:                          PNO Compression     0.35s     0.35s 
Information About All Pairs:
mp2_pair11           number=0 rank=  3 frozen=false
mp2_pair21           number=1 rank=  0 frozen=true
mp2_pair22           number=2 rank=  3 frozen=false
number of pairs=3
average rank   =2 (2.00000e+00)
largest rank   =3
saving vector of functions mp2_pair11
saving vector of functions mp2_pair22
timer:                        save pnos on disc     0.12s     0.12s 
PNOPairs Memory Information
Total: 0.02421 GB 
PNO  : 0.00675 GB 
KPNO : 0.00675 GB 
W    : 0.01071 GB 

timer:                                 truncate     0.04s     0.04s 
timer:      compute densities for G application     0.00s     0.00s 
pair21 is frozen: no optimization
timer:                Prepare for G application     0.27s     0.27s 
timer:                                    add K     0.01s     0.01s 
size of all Vpsi potentials (without Vnuc and J) 0.00904 GB 
time=124.04453 chunk=6 Vpsi+Vnuc+J=0.02171 GB
time=124.10858 chunk=6 Vpsi+Vnuc+J=0.02138 GB (after truncation)
timer:                           Apply G to all     2.26s     2.26s 
timer:                       apply Q and update     0.00s     0.00s 
mp2_pair11 residual norms:
[0.01206, 0.01206, 0.03119]
mp2_pair11 scaled residual norms:
[0.00082, 0.00082, 0.00260]
mp2_pair22 residual norms:
[0.01239, 0.01239, 0.02084]
mp2_pair22 scaled residual norms:
[0.00082, 0.00082, 0.00274]
timer:                          update all PNOs     2.54s     2.54s 
frozen pair: no orthonormalization
timer:                                     RRCD     0.11s     0.11s 
timer:                             MRA compress     0.00s     0.00s 
timer:                          Transform Pairs     0.07s     0.07s 
saving vector of functions mp2_pair11
saving vector of functions mp2_pair22
timer:                        save pnos on disc     0.12s     0.12s 


No convergence yet. Energy change = 0.00032

timer:                        Whole Iteration 4    10.49s    10.49s 
Information About All Pairs:
mp2_pair11           number=0 rank=  3 frozen=false
mp2_pair21           number=1 rank=  0 frozen=true
mp2_pair22           number=2 rank=  3 frozen=false
number of pairs=3
average rank   =2 (2.00000)
largest rank   =3
PNOPairs Memory Information
Total: 0.00691 GB 
PNO  : 0.00691 GB 
KPNO : 0.00000 GB 
W    : 0.00000 GB 

timer:                                 truncate     0.02s     0.02s 
wall time=129.51050 chunk=6 allK.size()=6 memory=0.00675 GB
timer:                             compute KPNO     3.43s     3.43s 
wall time=129.62915 chunk=6 allJ.size()=6 memory=0.00781 GB
timer:                             compute JPNO     0.12s     0.12s 
timer:                    compute Fock matrices     1.12s     1.12s 
timer:                             MRA compress     0.00s     0.00s 
timer:                          Transform Pairs     0.22s     0.22s 
timer:                             Canonicalize     0.22s     0.22s 
PNOPairs Memory Information
Total: 0.01349 GB 
PNO  : 0.00675 GB 
KPNO : 0.00675 GB 
W    : 0.00000 GB 

timer:                                 truncate     0.06s     0.06s 
mp2_pair21 is frozen: potential not computed
timer:                   Fluctuation Potentials     1.78s     1.78s 
timer:                       Fluctuation Matrix     0.07s     0.07s 
PNOPairs Memory Information
Total: 0.02421 GB 
PNO  : 0.00675 GB 
KPNO : 0.00675 GB 
W    : 0.01071 GB 

PNOPairs Memory Information
Total: 0.02421 GB 
PNO  : 0.00675 GB 
KPNO : 0.00675 GB 
W    : 0.01071 GB 

timer:                                 truncate     0.04s     0.04s 
timer:                             PNO Overlaps     0.07s     0.07s 
t_iter =  0  Hylleraas energy =  0.00000  ||R||_F =  0.27630  conv =  no
subspace solution [*]   1.00000000

t_iter =  1  Hylleraas energy =  -0.03918  ||R||_F =  0.00000  conv =  yes
=======================================================

Hylleraas MP2 Energies

=======================================================
    i    j      singlet      triplet        Total
=======================================================
    1    1  -1.86851e-02  0.00000e+00 -1.86851e-02
    2    1   0.00000e+00  0.00000e+00  0.00000e+00
    2    2  -2.04926e-02  0.00000e+00 -2.04926e-02
=======================================================
Hylleraas MP2 Energies (singlet): -3.91777e-02
Hylleraas MP2 Energies (triplet):  0.00000e+00
Hylleraas MP2 Energies (total)  : -3.91777e-02
=======================================================
-------------------------------------------
Total Reg Energy  =-3.91777e-02
Total F12 Energy  = 0.00000e+00
Sum Energies Total=-3.91777e-02
-------------------------------------------
timer:                         Solve Amplitudes     0.00s     0.00s 
pair11: density evals:
 [*]   0.00462429   0.00462429   0.00685127

pair22: density evals:
 [*]   0.00433793   0.00433793   0.01713025

timer:                            compress PNOs     0.00s     0.00s 
timer:                             MRA compress     0.00s     0.00s 
timer:                          Transform Pairs     0.40s     0.40s 
timer:                          PNO Compression     0.40s     0.40s 
Information About All Pairs:
mp2_pair11           number=0 rank=  3 frozen=false
mp2_pair21           number=1 rank=  0 frozen=true
mp2_pair22           number=2 rank=  3 frozen=false
number of pairs=3
average rank   =2 (2.00000e+00)
largest rank   =3
saving vector of functions mp2_pair11
saving vector of functions mp2_pair22
timer:                        save pnos on disc     0.15s     0.15s 
PNOPairs Memory Information
Total: 0.02421 GB 
PNO  : 0.00675 GB 
KPNO : 0.00675 GB 
W    : 0.01071 GB 

timer:                                 truncate     0.02s     0.02s 
timer:      compute densities for G application     0.00s     0.00s 
pair21 is frozen: no optimization
timer:                Prepare for G application     0.32s     0.32s 
timer:                                    add K     0.01s     0.01s 
size of all Vpsi potentials (without Vnuc and J) 0.00904 GB 
time=134.52292 chunk=6 Vpsi+Vnuc+J=0.02179 GB
time=134.56143 chunk=6 Vpsi+Vnuc+J=0.02147 GB (after truncation)
timer:                           Apply G to all     2.30s     2.30s 
timer:                       apply Q and update     0.00s     0.00s 
mp2_pair11 residual norms:
[0.00452, 0.00452, 0.02162]
mp2_pair11 scaled residual norms:
[0.00031, 0.00031, 0.00179]
mp2_pair22 residual norms:
[0.00542, 0.00542, 0.01122]
mp2_pair22 scaled residual norms:
[0.00036, 0.00036, 0.00147]
timer:                          update all PNOs     2.64s     2.64s 
frozen pair: no orthonormalization
timer:                                     RRCD     0.07s     0.07s 
timer:                             MRA compress     0.00s     0.00s 
timer:                          Transform Pairs     0.07s     0.07s 
saving vector of functions mp2_pair11
saving vector of functions mp2_pair22
timer:                        save pnos on disc     0.13s     0.13s 


CONVERGED!
energy change = 0.00008

re-entering loop to compute the correct amplitudes and energies
timer:                        Whole Iteration 5    10.43s    10.43s 
Information About All Pairs:
mp2_pair11           number=0 rank=  3 frozen=false
mp2_pair21           number=1 rank=  0 frozen=true
mp2_pair22           number=2 rank=  3 frozen=false
number of pairs=3
average rank   =2 (2.00000)
largest rank   =3
PNOPairs Memory Information
Total: 0.00699 GB 
PNO  : 0.00699 GB 
KPNO : 0.00000 GB 
W    : 0.00000 GB 

timer:                                 truncate     0.03s     0.03s 
wall time=140.02293 chunk=6 allK.size()=6 memory=0.00675 GB
timer:                             compute KPNO     3.51s     3.51s 
wall time=140.19295 chunk=6 allJ.size()=6 memory=0.00781 GB
timer:                             compute JPNO     0.17s     0.17s 
timer:                    compute Fock matrices     1.12s     1.12s 
timer:                             MRA compress     0.00s     0.00s 
timer:                          Transform Pairs     0.21s     0.21s 
timer:                             Canonicalize     0.21s     0.21s 
PNOPairs Memory Information
Total: 0.01358 GB 
PNO  : 0.00683 GB 
KPNO : 0.00675 GB 
W    : 0.00000 GB 

timer:                                 truncate     0.06s     0.06s 
mp2_pair21 is frozen: potential not computed
timer:                   Fluctuation Potentials     1.71s     1.71s 
timer:                       Fluctuation Matrix     0.14s     0.14s 
PNOPairs Memory Information
Total: 0.02429 GB 
PNO  : 0.00683 GB 
KPNO : 0.00675 GB 
W    : 0.01071 GB 

PNOPairs Memory Information
Total: 0.02429 GB 
PNO  : 0.00683 GB 
KPNO : 0.00675 GB 
W    : 0.01071 GB 

timer:                                 truncate     0.04s     0.04s 
timer:                             PNO Overlaps     0.09s     0.09s 
t_iter =  0  Hylleraas energy =  0.00000  ||R||_F =  0.27727  conv =  no
subspace solution [*]   1.00000000

t_iter =  1  Hylleraas energy =  -0.03920  ||R||_F =  0.00000  conv =  yes
=======================================================

Hylleraas MP2 Energies

=======================================================
    i    j      singlet      triplet        Total
=======================================================
    1    1  -1.87032e-02  0.00000e+00 -1.87032e-02
    2    1   0.00000e+00  0.00000e+00  0.00000e+00
    2    2  -2.05011e-02  0.00000e+00 -2.05011e-02
=======================================================
Hylleraas MP2 Energies (singlet): -3.92042e-02
Hylleraas MP2 Energies (triplet):  0.00000e+00
Hylleraas MP2 Energies (total)  : -3.92042e-02
=======================================================
-------------------------------------------
Total Reg Energy  =-3.92042e-02
Total F12 Energy  = 0.00000e+00
Sum Energies Total=-3.92042e-02
-------------------------------------------
timer:                         Solve Amplitudes     0.00s     0.00s 
pair11: density evals:
 [*]   0.00460269   0.00460269   0.00680676

pair22: density evals:
 [*]   0.00431475   0.00431475   0.01702974

timer:                            compress PNOs     0.00s     0.00s 
timer:                             MRA compress     0.00s     0.00s 
timer:                          Transform Pairs     0.33s     0.33s 
timer:                          PNO Compression     0.33s     0.33s 
Information About All Pairs:
mp2_pair11           number=0 rank=  3 frozen=false
mp2_pair21           number=1 rank=  0 frozen=true
mp2_pair22           number=2 rank=  3 frozen=false
number of pairs=3
average rank   =2 (2.00000e+00)
largest rank   =3
saving vector of functions mp2_pair11
saving vector of functions mp2_pair22
timer:                        save pnos on disc     0.14s     0.14s 
exiting: Iterations converged
PNO ranks:
PNO Rank for pair pair11 = 3
PNO Rank for pair pair21 = 0
PNO Rank for pair pair22 = 3
average rank 2.00000e+00
timer:                               PNO::solve    65.01s    65.01s 

--------------------------------
ITERATE-PAIRS-INTERNAL-ENDED
--------------------------------
mp2_pair21 converged!


Adaptive Sovler:
 Current Energy=-3.9204247977e-02
 DeltaE        =-3.9204247977e-02
 max dE (pair) =-2.0501086194e-02 (2)
 all_pairs_conv=false




not converged yet

freeze pair mp2_pair21 (not further optimized: Energy below 1.0000000000e-05)
Maximum Rank of3 reached for all non-frozen pairs, no need to iterate further=======================================================

Final MP2 Energies

=======================================================
    i    j      singlet      triplet        Total
=======================================================
    1    1  -1.87032e-02  0.00000e+00 -1.87032e-02
    2    1   0.00000e+00  0.00000e+00  0.00000e+00
    2    2  -2.05011e-02  0.00000e+00 -2.05011e-02
=======================================================
Final MP2 Energies (singlet): -3.92042e-02
Final MP2 Energies (triplet):  0.00000e+00
Final MP2 Energies (total)  : -3.92042e-02
=======================================================
-------------------------------------------
Total Reg Energy  =-3.92042e-02
Total F12 Energy  = 0.00000e+00
Sum Energies Total=-3.92042e-02
-------------------------------------------
Average | Max Rank: 2 | 3



--------------------------------------------------
MRA-PNO-MP2-F12 ended 
--------------------------------------------------
                 time scf = 7.21838e+01
               energy scf = -1.57241e+01
--------------------------------------------------
restarting PNO to reload pairs that converged before and were frozen
PNO Parameters
pno
       rank_increase  15         # default   maximum rank to increase in every macroiteration
               chunk  100        # default   chunk of functions operated on in parallel when G or K is applied (prevent memory shortage)
               debug  false      # default   debug mode
              freeze  1          # derived   frozen core approximation
             maxrank  3          # defined   maximal pno rank for all pairs
           guesstype  exop       # derived   the guesstype: exop (recommended, multiply polynomial excitation operators onto the occupied orbitals), empty (don't compute a guess), scf (use the ao basis from the SCF solver), partial_wave (create s,p,d ..., type functions and place on atoms), predefined (same as partial_wave but for predefined sets)
                exop  multipole  # derived   this string defines which excitation operators can be used, use 'dipole', 'dipole+', 'quadrupole', 'ocopole', or 'multipole', need to set guesstype to 'exop' which is the default
          exop_trigo  true       # default   use trigonometric excitation operators ( x --> sin(x)
        partial_wave             # default   atom centered partial wave guess of format like 'h-2s1p-o-3s2p1d', need to set guesstype to 'partial_wave' and adaptive_solver to 'none'
          predefined             # default   predefined partial wave guesses of type pvxz with x=d,t,q,5,6, need to set guesstype to 'predefined' and adaptive_solver to 'none'
           maxiter_t  100        # default   maximal number of iterations in the amplitude solver
       maxiter_micro  10         # default   Maximum of iterations for every cycle in the adaptive solver
       maxiter_macro  10         # default   Maximum of iterations of cycles in the adaptive solver
                tpno  1.0000e-08 # default   PNO cutoff threshold
          tpno_tight  1.0000e-10 # derived   PNO cutoff for the first iteration
    canonicalize_pno  true       # default   canonicalize the pnos before the amplitude solver
              thresh  1.0000e-04 # defined   MRA threshold
         econv_micro  1.0000e-04 # derived   Energy convergence for microiterations (Greens function based optimization) in adaptive solver
         econv_pairs  1.0000e-05 # derived   ENergy convergence for individual pairs in adaptive solver. Converged pairs are frozen automatically
         econv_macro  1.0000e-04 # derived   Energy convergence for macroiterations in adaptive solver, no effect if adaptive_solver is deactivated
               dconv  1.0000e-01 # default   convergence of every PNO in the Green's function solver
           op_thresh  1.0000e-06 # default   MRA operator thresh
             restart  all        # defined   restart pairs of this type, use 'mp2', 'cispd', 'all' or 'none'
          no_compute  none       # default   do not compute the pairs of this type, use 'mp2', 'cispd', 'all' or 'none'
              no_opt  all        # defined   do not optimize the pnos of this type, use 'mp2', 'cispd', 'all' or 'none'
            no_guess  all        # defined   guess for this type will be empty, use 'mp2', 'cispd', 'all' or 'none'
     adaptive_solver  none       # defined   Use adaptive solver for those pairs, use 'mp2', 'cispd', 'all' or 'none', works only in combination with guesstype 'exop'
                kain  true       # default   use KAIN solver in amplitude solver
       kain_subspace  5          # default   subspace size of the KAIN solver (amplitudes)
                 f12  false      # defined   use explicit correlation
        cispd_number  -1         # default   CIS(D) excitation numbers, to read in correct functions
        cispd_energy  0.0000e+00 # default   CIS energy
        freeze_pairs  none       # default   frozen pairs will not be optimized: Expected format 'a b c d' will freeze pairs ab and cd
freeze_pairs_of_orbital  []         # default    All pairs which originate from this orbital will not be optimized
active_pairs_of_orbital  []         # default    All pairs which originate from this orbital will not be frozen all other pairs will, if this vector is not empty
no_opt_in_first_iteration  false      # default   Do not optimize in the first iteration (then the potentials do not have to be evaluated, use this for large guesses)
            exchange  full       # default   approximate exchange with 'neglect' or xc functional -> same syntax as moldft
           save_pnos  true       # default   Save the OBS-PNOs to a file, before and after orthonormalization.
            diagonal  true       # defined   Compute only diagonal PNOs

end

**********************
Solve PNO-MP2
*********************


**********************
Iterate Pairs
*********************


************************
Standard Solver
***********************

Initializing Pairs:
Restart demanded for mp2 pairs
loading vector of functions mp2_pair11
Found PNOs for mp2_pair11 with rank 3
loading vector of functions mp2_pair21
failed to find PNO mp2_pair21 initialize as zero function
nloading vector of functions mp2_pair22
Found PNOs for mp2_pair22 with rank 3
no guess was explicitly demanded for mp2

timer:                                     RRCD     0.04s     0.04s 
timer:                             MRA compress     0.00s     0.00s 
timer:                          Transform Pairs     0.09s     0.09s 
timer:          apply Q and orthonormalize PNOs     0.35s     0.35s 
Created Guess:
pair11 with 3 guess functions
pair21 with 0 guess functions
pair22 with 3 guess functions
guess pair11 size: 3.4959912300e-03 | 3.4959912300e-03 Gbyte (after truncation)
guess pair22 size: 3.3324360847e-03 | 3.3324360847e-03 Gbyte (after truncation)
timer:                           truncate guess     0.01s     0.01s 
timer:                         Initialize Pairs     0.38s     0.38s 
Information About All Pairs:
mp2_pair11           number=0 rank=  3 frozen=false
mp2_pair21           number=1 rank=  0 frozen=true
mp2_pair22           number=2 rank=  3 frozen=false
number of pairs=3
average rank   =2 (2.0000000000e+00)
largest rank   =3
SolveInternal: Parameters are assigned as
no_compute        = false
no_opt            = true
restart           = true
do_cispd          = false
econv             =1.0000000000e-04
maxrank (min,max) = (3,3)
Solving MP2 doubles
timer:          fock matrix     2.91s     2.91s
Information About All Pairs:
mp2_pair11           number=0 rank=  3 frozen=false
mp2_pair21           number=1 rank=  0 frozen=true
mp2_pair22           number=2 rank=  3 frozen=false
number of pairs=3
average rank   =2 (2.0000000000e+00)
largest rank   =3
PNOPairs Memory Information
Total: 0.0068284273 GB 
PNO  : 0.0068284273 GB 
KPNO : 0.0000000000 GB 
W    : 0.0000000000 GB 

timer:                                 truncate     0.05s     0.05s 
wall time=150.8106060028 chunk=6 allK.size()=6 memory=0.0067466497 GB
timer:                             compute KPNO     3.35s     3.35s 
wall time=150.9933159351 chunk=6 allJ.size()=6 memory=0.0077279806 GB
timer:                             compute JPNO     0.18s     0.18s 
timer:                    compute Fock matrices     1.16s     1.16s 
timer:                             MRA compress     0.00s     0.00s 
timer:                          Transform Pairs     0.22s     0.22s 
timer:                             Canonicalize     0.22s     0.22s 
PNOPairs Memory Information
Total: 0.0134932995 GB 
PNO  : 0.0067466497 GB 
KPNO : 0.0067466497 GB 
W    : 0.0000000000 GB 

timer:                                 truncate     0.04s     0.04s 
mp2_pair21 is frozen: potential not computed
timer:                   Fluctuation Potentials     1.75s     1.75s 
timer:                       Fluctuation Matrix     0.19s     0.19s 
PNOPairs Memory Information
Total: 0.0242061615 GB 
PNO  : 0.0067466497 GB 
KPNO : 0.0067466497 GB 
W    : 0.0107128620 GB 

PNOPairs Memory Information
Total: 0.0242061615 GB 
PNO  : 0.0067466497 GB 
KPNO : 0.0067466497 GB 
W    : 0.0107128620 GB 

timer:                                 truncate     0.04s     0.04s 
timer:                             PNO Overlaps     0.07s     0.07s 
t_iter =  0  Hylleraas energy =  0.0000000000  ||R||_F =  0.2772715282  conv =  no
subspace solution [*]   1.00000000

t_iter =  1  Hylleraas energy =  -0.0392043042  ||R||_F =  0.0000000043  conv =  yes
=======================================================

Hylleraas MP2 Energies

=======================================================
    i    j      singlet      triplet        Total
=======================================================
    1    1  -1.87031e-02  0.00000e+00 -1.87031e-02
    2    1   0.00000e+00  0.00000e+00  0.00000e+00
    2    2  -2.05012e-02  0.00000e+00 -2.05012e-02
=======================================================
Hylleraas MP2 Energies (singlet): -3.92043e-02
Hylleraas MP2 Energies (triplet):  0.00000e+00
Hylleraas MP2 Energies (total)  : -3.92043e-02
=======================================================
-------------------------------------------
Total Reg Energy  =-3.92043e-02
Total F12 Energy  = 0.00000e+00
Sum Energies Total=-3.92043e-02
-------------------------------------------
timer:                         Solve Amplitudes     0.00s     0.00s 
No optimization untill now: Compressing pno ranks with tighter threshold
1.00000e-10 instead of 1.00000e-08
pair11: density evals:
 [*]   0.00460267   0.00460267   0.00680676

pair22: density evals:
 [*]   0.00431475   0.00431475   0.01702985

timer:                            compress PNOs     0.00s     0.00s 
timer:                             MRA compress     0.00s     0.00s 
timer:                          Transform Pairs     0.28s     0.28s 
timer:                          PNO Compression     0.29s     0.29s 
Information About All Pairs:
mp2_pair11           number=0 rank=  3 frozen=false
mp2_pair21           number=1 rank=  0 frozen=true
mp2_pair22           number=2 rank=  3 frozen=false
number of pairs=3
average rank   =2 (2.00000e+00)
largest rank   =3
saving vector of functions mp2_pair11
saving vector of functions mp2_pair22
timer:                        save pnos on disc     0.11s     0.11s 
exiting: Found no_opt keyword
PNO ranks:
PNO Rank for pair pair11 = 3
PNO Rank for pair pair21 = 0
PNO Rank for pair pair22 = 3
average rank 2.00000e+00
timer:                               PNO::solve    10.38s    10.39s 

--------------------------------
ITERATE-PAIRS-INTERNAL-ENDED
--------------------------------
=======================================================

Final MP2 Energies

=======================================================
    i    j      singlet      triplet        Total
=======================================================
    1    1  -1.87031e-02  0.00000e+00 -1.87031e-02
    2    1   0.00000e+00  0.00000e+00  0.00000e+00
    2    2  -2.05012e-02  0.00000e+00 -2.05012e-02
=======================================================
Final MP2 Energies (singlet): -3.92043e-02
Final MP2 Energies (triplet):  0.00000e+00
Final MP2 Energies (total)  : -3.92043e-02
=======================================================
-------------------------------------------
Total Reg Energy  =-3.92043e-02
Total F12 Energy  = 0.00000e+00
Sum Energies Total=-3.92043e-02
-------------------------------------------
Average | Max Rank: 2 | 3
                 time pno = 7.12295e+01
               energy mp2 = -3.92043e-02
     average pno rank mp2 = 2
         max pno rank mp2 = 3
--------------------------------------------------
            energy(total) = -1.57633e+01
--------------------------------------------------



Orthonormalization technique used: symmetric
No CABS used.
Tightening thresholds to +0.00010000 for post-processing
Overlap Matrix of all PNOs:
+1.00000237 -0.25284493 -0.00000000 -0.00000000 +0.00000000 -0.00000000 
-0.25284493 +1.00000213 +0.00000000 +0.00000000 -0.00000000 +0.00000000 
-0.00000000 +0.00000000 +0.99999997 -0.00000000 +0.00622806 +0.08946118 
-0.00000000 +0.00000000 -0.00000000 +0.99999997 -0.08946118 +0.00622806 
+0.00000000 -0.00000000 +0.00622806 -0.08946118 +1.00000000 -0.00000000 
-0.00000000 +0.00000000 +0.08946118 +0.00622806 -0.00000000 +1.00000000 
Before cherry pick
rank is +0
all used occupation numbers:
[+0.01702985 +0.00680676 +0.00460267 +0.00460267 +0.00431475 +0.00431475 ]
corresponding to active pairs:
[(1,1) (0,0) (0,0) (0,0) (1,1) (1,1) ]
After cherry pick
all used occupation numbers:
[+0.01702985 +0.00680676 +0.00460267 +0.00460267 +0.00431475 +0.00431475 ]
corresponding to active pairs:
[(1,1) (0,0) (0,0) (0,0) (1,1) (1,1) ]
Overlap Matrix before symmetric
[+0,*]  +1.00000237  -0.25284493  -0.00000000  -0.00000000  +0.00000000  -0.00000000
[+1,*]  -0.25284493  +1.00000213  +0.00000000  +0.00000000  -0.00000000  +0.00000000
[+2,*]  -0.00000000  +0.00000000  +0.99999997  -0.00000000  +0.00622806  +0.08946118
[+3,*]  -0.00000000  +0.00000000  -0.00000000  +0.99999997  -0.08946118  +0.00622806
[+4,*]  +0.00000000  -0.00000000  +0.00622806  -0.08946118  +1.00000000  -0.00000000
[+5,*]  -0.00000000  +0.00000000  +0.08946118  +0.00622806  -0.00000000  +1.00000000
Overlap Matrix after symmetric
[+0,*]  +1.00000000  -0.00000000  -0.00000000  -0.00000000  +0.00000000  +0.00000000
[+1,*]  -0.00000000  +1.00000000  -0.00000000  +0.00000000  -0.00000000  +0.00000000
[+2,*]  -0.00000000  -0.00000000  +1.00000000  -0.00000000  -0.00000000  +0.00000000
[+3,*]  -0.00000000  +0.00000000  -0.00000000  +1.00000000  -0.00000000  +0.00000000
[+4,*]  +0.00000000  -0.00000000  -0.00000000  -0.00000000  +1.00000000  +0.00000000
[+5,*]  +0.00000000  +0.00000000  +0.00000000  +0.00000000  +0.00000000  +1.00000000
Adding 3 HF orbitals
Size before adding CABS: 9.
Size after adding CABS: 9.
Compute G and F Tensor:
Assemble g,f using symmetries...
non zero elements:
 g : +11109
 h : +37
Overlap over whole basis
[+0,*]  +1.00000000  -0.00000309  +0.00000045  -0.00000413  +0.00000286  -0.00000000  +0.00000000  -0.00000000  +0.00000000
[+1,*]  -0.00000309  +1.00000000  +0.00000069  +0.00000101  -0.00000071  +0.00000000  -0.00000000  +0.00000000  -0.00000000
[+2,*]  +0.00000045  +0.00000069  +1.00000000  +0.00000040  -0.00000027  +0.00000000  -0.00000000  +0.00000000  -0.00000000
[+3,*]  -0.00000413  +0.00000101  +0.00000040  +1.00000000  -0.00000000  -0.00000000  -0.00000000  +0.00000000  +0.00000000
[+4,*]  +0.00000286  -0.00000071  -0.00000027  -0.00000000  +1.00000000  -0.00000000  +0.00000000  -0.00000000  -0.00000000
[+5,*]  -0.00000000  +0.00000000  +0.00000000  -0.00000000  -0.00000000  +1.00000000  -0.00000000  -0.00000000  +0.00000000
[+6,*]  +0.00000000  -0.00000000  -0.00000000  -0.00000000  +0.00000000  -0.00000000  +1.00000000  -0.00000000  +0.00000000
[+7,*]  -0.00000000  +0.00000000  +0.00000000  +0.00000000  -0.00000000  -0.00000000  -0.00000000  +1.00000000  +0.00000000
[+8,*]  +0.00000000  -0.00000000  -0.00000000  +0.00000000  -0.00000000  +0.00000000  +0.00000000  +0.00000000  +1.00000000

||S-1||=+0.00000863
finished at time 231.8

    Parallel environment
    --------------------
                  #nodes    1
       #threads per node    11+main = 12
          #total threads    12

  RMI message statistics (min / avg / max)
  ----------------------
   #messages in server q    0.00e+00 / 0.00e+00 / 0.00e+00
 #messages sent per node    0.00e+00 / 0.00e+00 / 0.00e+00
    #bytes sent per node    0.00e+00 / 0.00e+00 / 0.00e+00
 #messages recv per node    0.00e+00 / 0.00e+00 / 0.00e+00
    #bytes recv per node    0.00e+00 / 0.00e+00 / 0.00e+00
        #msgs systemwide    0.00e+00
       #bytes systemwide    0.00e+00

  Thread pool statistics (min / avg / max)
  ----------------------
         #tasks per node    1.39e+07 / 1.39e+07 / 1.39e+07
     #max q len per node    1.20e+04 / 1.20e+04 / 1.20e+04
  #hi-pri tasks per node    4.17e+06 / 4.17e+06 / 4.17e+06

         Total wall time    231.8s
         Total  cpu time    231.8s

