MADNESS runtime initialized with 11 threads in the pool and affinity -1 -1 -1
starting at time 0.0

--------------------------------------------
   MADNESS 0.10.1 multiresolution suite
--------------------------------------------

   number of processors ... 1
    processor frequency ... 3.695883e+09
            host system ... Linux
          configured by ... kottmann
          configured on ... wittgenstein
          configured at ... 2021-02-10T21:25:26
                    CXX ... /usr/bin/c++
               CXXFLAGS ... -O3 -DNDEBUG -I/h/28/kottmann/install/numcpp/include/ -I/h/28/kottmann/install/boost/boost_1_72_0/include/ -std=c++1z
             tuning for ... default
                    MPI ... multiple
 multi-threaded runtime ... MADNESS ThreadPool
                   BLAS ... Intel MKL 66631 66631 MFLOP/s
               compiled ... 13:08:26  on  Feb 23 2021


-------------------------------------------------------------------------------------
SOLVING MRA-PNO-F12 as described in 
J.S. Kottmann, F.A. Bischoff, E.F. Valeev
Direct determination of optimal pair-natural orbitals in a real-space representation:
the second-order Møller-Plesset energy
Journal of Chemical Physics ... 2020
-------------------------------------------------------------------------------------


This script will run PNO-MP2 and print out tensors in binary
Call as: pno_integrals inputfileinput is input
ignoring unknown parameter in input file:  ncf

Angstrom being used to read input coordinates (1 Bohr = 1.88972613 Angstrom)


Asymptotic correction parameters
---------------------------------------
Atom vector is not empty: false
Using multipole approximation: false
Number of electrons = -1
Ionisation energy = 0.000000e+00
E(HOMO) = 0.000000e+00
R1 = 3.000000e+00
R2 = 4.000000e+00
DFT coefficient = 0.000000e+00
Interpolation scheme = linear
constructed symmetry operator for point group C1
dft
              charge  0.0000e+00 # defined   total molecular charge
                  xc  hf         # defined   XC input line
               smear  0.0000e+00 # default   smearing parameter
               econv  1.0000e-04 # defined   energy convergence
               dconv  5.0000e-04 # defined   density convergence
convergence_criteria  [bsh_residual, total_energy] # default   possible values are: bsh_residual, total_energy, each_energy, density
                   k  7          # defined   polynomial order
                   l  5.5354e+01 # derived   user coordinates box size
               deriv  abgv       # default   derivative method                            [abgv, bspline, ble]
           dft_deriv  abgv       # default   derivative method for gga potentials         [abgv, bspline, ble]
             maxrotn  2.5000e-01 # default   step restriction used in autoshift algorithm
             nvalpha  0          # default   number of alpha virtuals to compute
              nvbeta  0          # default   number of beta virtuals to compute
               nopen  0          # default   number of unpaired electrons = nalpha-nbeta
             maxiter  25         # default   maximum number of iterations
                 nio  1          # default   no. of io servers to use
     spin_restricted  true       # default   true if spin restricted
              plotlo  0          # default   range of MOs to print (for both spins if polarized
              plothi  -1         # default   range of MOs to print (for both spins if polarized
            plotdens  false      # default   If true print the density at convergence
            plotcoul  false      # default   If true plot the total coulomb potential at convergence
            localize  boys       # defined   localization method                          [pm, boys, new, canon]
          pointgroup  c1         # derived   use point (sub) group symmetry if not localized[c1, c2, ci, cs, c2v, c2h, d2, d2h]
             restart  false      # default   if true restart from orbitals on disk
           restartao  false      # default   if true restart from orbitals projected into AO basis (STO3G) on disk
          no_compute  false      # default   if true use orbitals on disk, set value to computed
           no_orient  false      # default   if true the molecule coordinates will not be reoriented
                save  true       # default   if true save orbitals to disk
              maxsub  10         # default   size of iterative subspace ... set to 0 or 1 to disable
        orbitalshift  0.0000e+00 # default   scf orbital shift: shift the occ orbitals to lower energies
            npt_plot  101        # default   no. of points to use in each dim for plots
           plot_cell  []         # default   lo hi in each dimension for plotting (default is all space)
             aobasis  6-31g      # derived   AO basis used for initial guess (6-31g or sto-3g)
           core_type  none       # default   core potential type                          [none, mpc]
         derivatives  false      # default   if true calculate nuclear derivatives
              dipole  false      # default   if true calculate dipole moment
      conv_only_dens  false      # default   if true remove bsh_residual from convergence criteria (deprecated)
            psp_calc  false      # default   pseudopotential calculation for all atoms
 print_dipole_matels  false      # default   if true output dipole matrix elements
            pcm_data  none       # default   do a PCM (solvent) calculation
             ac_data  none       # default   do a calculation with asymptotic correction (see ACParameters class in chem/AC.h for details)
             pure_ae  true       # default   pure all electron calculation with no pseudo-atoms
         print_level  3          # default   0: no output; 1: final energy; 2: iterations; 3: timings; 10: debug
              nalpha  3          # derived   number of alpha spin electrons
               nbeta  3          # derived   number of beta  spin electrons
           nmo_alpha  3          # derived   number of alpha spin molecular orbitals
            nmo_beta  3          # derived   number of beta spin molecular orbitals
                  lo  9.0905e-04 # derived   smallest length scale we need to resolve
            protocol  [1.0000e-04, 1.0000e-06] # derived   calculation protocol
                gopt  false      # default   geometry optimizer
                gtol  1.0000e-04 # default   geometry tolerance
               gtest  false      # default   geometry tolerance
                gval  1.0000e-05 # default   value precision
               gprec  1.0000e-04 # default   gradient precision
            gmaxiter  20         # default   optimization maxiter
    ginitial_hessian  false      # default   compute inital hessian for optimization
              algopt  bfgs       # default   algorithm used for optimization              [bfgs, cg]
            tdksprop  false      # default   time-dependent Kohn-Sham equation propagate
           nv_factor  1          # default   factor to multiply number of virtual orbitals with when automatically decreasing nvirt
           vnucextra  2          # default   load balance parameter for nuclear pot
        loadbalparts  2          # default   ??
            response  false      # default   response function calculation
       response_freq  0.0000e+00 # default   frequency for calculation response function
       response_axis  [1, 1, 1]  # default   response axis
           nonrotate  false      # default   if true do not molcule orient (redundant with no_orient
               rconv  1.0000e-06 # default   Response convergence
              efield  0.0000e+00 # default   eps for finite field
         efield_axis  0          # default   finite field axis                            [0, 1, 2]
              nwfile  none       # default   Base name of nwchem output files (.out and .movecs extensions) to read from
                 ncf  (none,1.0000e+00) # defined   nuclear correlation factor
             hessian  false      # default   compute the hessian matrix
           read_cphf  false      # default   read the converged orbital response for nuclear displacements from file
        restart_cphf  false      # default   read the guess orbital response for nuclear displacements from file
      purify_hessian  false      # default   symmetrize the hessian matrix based on atomic charges

end
              charge  0.0000e+00 # defined   total molecular charge
                  xc  hf         # defined   XC input line
               smear  0.0000e+00 # default   smearing parameter
               econv  1.0000e-04 # defined   energy convergence
               dconv  5.0000e-04 # defined   density convergence
convergence_criteria  [bsh_residual, total_energy] # default   possible values are: bsh_residual, total_energy, each_energy, density
                   k  7          # defined   polynomial order
                   l  5.5354e+01 # derived   user coordinates box size
               deriv  abgv       # default   derivative method                            [abgv, bspline, ble]
           dft_deriv  abgv       # default   derivative method for gga potentials         [abgv, bspline, ble]
             maxrotn  2.5000e-01 # default   step restriction used in autoshift algorithm
             nvalpha  0          # default   number of alpha virtuals to compute
              nvbeta  0          # default   number of beta virtuals to compute
               nopen  0          # default   number of unpaired electrons = nalpha-nbeta
             maxiter  25         # default   maximum number of iterations
                 nio  1          # default   no. of io servers to use
     spin_restricted  true       # default   true if spin restricted
              plotlo  0          # default   range of MOs to print (for both spins if polarized
              plothi  -1         # default   range of MOs to print (for both spins if polarized
            plotdens  false      # default   If true print the density at convergence
            plotcoul  false      # default   If true plot the total coulomb potential at convergence
            localize  boys       # defined   localization method                          [pm, boys, new, canon]
          pointgroup  c1         # derived   use point (sub) group symmetry if not localized[c1, c2, ci, cs, c2v, c2h, d2, d2h]
             restart  false      # default   if true restart from orbitals on disk
           restartao  false      # default   if true restart from orbitals projected into AO basis (STO3G) on disk
          no_compute  false      # default   if true use orbitals on disk, set value to computed
           no_orient  false      # default   if true the molecule coordinates will not be reoriented
                save  true       # default   if true save orbitals to disk
              maxsub  10         # default   size of iterative subspace ... set to 0 or 1 to disable
        orbitalshift  0.0000e+00 # default   scf orbital shift: shift the occ orbitals to lower energies
            npt_plot  101        # default   no. of points to use in each dim for plots
           plot_cell  []         # default   lo hi in each dimension for plotting (default is all space)
             aobasis  6-31g      # derived   AO basis used for initial guess (6-31g or sto-3g)
           core_type  none       # default   core potential type                          [none, mpc]
         derivatives  false      # default   if true calculate nuclear derivatives
              dipole  false      # default   if true calculate dipole moment
      conv_only_dens  false      # default   if true remove bsh_residual from convergence criteria (deprecated)
            psp_calc  false      # default   pseudopotential calculation for all atoms
 print_dipole_matels  false      # default   if true output dipole matrix elements
            pcm_data  none       # default   do a PCM (solvent) calculation
             ac_data  none       # default   do a calculation with asymptotic correction (see ACParameters class in chem/AC.h for details)
             pure_ae  true       # default   pure all electron calculation with no pseudo-atoms
         print_level  3          # default   0: no output; 1: final energy; 2: iterations; 3: timings; 10: debug
              nalpha  3          # derived   number of alpha spin electrons
               nbeta  3          # derived   number of beta  spin electrons
           nmo_alpha  3          # derived   number of alpha spin molecular orbitals
            nmo_beta  3          # derived   number of beta spin molecular orbitals
                  lo  9.0905e-04 # derived   smallest length scale we need to resolve
            protocol  [1.0000e-04, 1.0000e-06] # derived   calculation protocol
                gopt  false      # default   geometry optimizer
                gtol  1.0000e-04 # default   geometry tolerance
               gtest  false      # default   geometry tolerance
                gval  1.0000e-05 # default   value precision
               gprec  1.0000e-04 # default   gradient precision
            gmaxiter  20         # default   optimization maxiter
    ginitial_hessian  false      # default   compute inital hessian for optimization
              algopt  bfgs       # default   algorithm used for optimization              [bfgs, cg]
            tdksprop  false      # default   time-dependent Kohn-Sham equation propagate
           nv_factor  1          # default   factor to multiply number of virtual orbitals with when automatically decreasing nvirt
           vnucextra  2          # default   load balance parameter for nuclear pot
        loadbalparts  2          # default   ??
            response  false      # default   response function calculation
       response_freq  0.0000e+00 # default   frequency for calculation response function
       response_axis  [1, 1, 1]  # default   response axis
           nonrotate  false      # default   if true do not molcule orient (redundant with no_orient
               rconv  1.0000e-06 # default   Response convergence
              efield  0.0000e+00 # default   eps for finite field
         efield_axis  0          # default   finite field axis                            [0, 1, 2]
              nwfile  none       # default   Base name of nwchem output files (.out and .movecs extensions) to read from



 geometry
   eprec 1.0e-06
   units atomic
   Be            0.00000000           0.00000000           0.12598174
   H             0.00000000           0.00000000           4.85029707
   H             0.00000000           0.00000000          -5.35422404
 end

Solving NDIM= 3  with thresh 1.000000e-04     k 7    conv 5.000000e-04 

timer:     Project vnuclear     0.67s     0.67s
constructed nuclear correlation factor of the form
    R   =  1.000000e+00
with eprec  1.000000e-06
which means it's (nearly) a conventional calculation

timer:        reproject ncf     1.83s     1.83s
timer:        guess density     0.52s     0.52s
timer:   guess Coulomb potn     0.44s     0.44s
timer:       guess lda potn     0.29s     0.29s
timer:        guess overlap     0.03s     0.03s
timer:    KEmat reconstruct     0.03s     0.03s
timer:  KEmat differentiate     0.31s     0.31s
timer:       KEmat compress     0.12s     0.12s
timer: KEmat inner products     0.17s     0.17s
timer:     guess Kinet potn     0.64s     0.64s
timer:           guess fock     0.40s     0.40s
timer:      guess eigen sol     0.02s     0.02s
timer: guess orbital groupi     0.08s     0.08s

starting protocol at time      7.4s 
precision steps  1.000000e-04  -->  1.000000e-04
protocol: thresh 1.000000e-04 econv  1.000000e-04 dconv 5.000000e-04

ending protocol at time      7.4s 

Solving NDIM= 3  with thresh 1.000000e-04     k 7    conv 5.000000e-04 

timer:        Boys localize     0.92s     0.92s
orbital irreps []
timer:      reconstruct psi     0.16s     0.16s
timer:        compute Jnemo     0.68s     0.68s
timer:        compute Knemo     2.10s     2.10s
timer: compute Unemo 0.0157     0.26s     0.26s

  nuclear and kinetic     -22.87128358
         kinetic only      15.08309418
              coulomb       8.95834264
             exchange      -3.17892667
    nuclear-repulsion       1.67457891
   regularized energy     -15.41728870
  buggy if hybrid functionals are used..
timer:       compute energy     3.68s     3.68s
Norm of vector changes ab spin case : rms 1.041453e-01    max 1.533678e-01
convergence: bshresidual, energy change, max energy change, density change 1.2e-01 1.5e+01 1.5e+01 1.4e+00
finished iteration  0 at time     20.3s with energy  -15.41728870
timer:        Boys localize     0.98s     0.98s
orbital irreps []
timer:      reconstruct psi     0.13s     0.13s
timer:        compute Jnemo     0.70s     0.70s
timer:        compute Knemo     2.20s     2.20s
timer: compute Unemo 0.0155     0.21s     0.21s

  nuclear and kinetic     -23.01709412
         kinetic only      14.97894652
              coulomb       8.96332678
             exchange      -3.10183544
    nuclear-repulsion       1.67457891
   regularized energy     -15.48102388
  buggy if hybrid functionals are used..
timer:       compute energy     3.61s     3.61s
Norm of vector changes ab spin case : rms 4.581232e-02    max 6.408476e-02
convergence: bshresidual, energy change, max energy change, density change 3.4e-02 6.4e-02 1.5e-01 1.7e-02
finished iteration  1 at time     33.5s with energy  -15.48102388
timer:        Boys localize     1.14s     1.14s
orbital irreps []
timer:      reconstruct psi     0.14s     0.14s
timer:        compute Jnemo     0.64s     0.64s
timer:        compute Knemo     2.18s     2.18s
timer: compute Unemo 0.0155     0.19s     0.19s

  nuclear and kinetic     -23.11357787
         kinetic only      14.98035998
              coulomb       9.02708020
             exchange      -3.07873718
    nuclear-repulsion       1.67457891
   regularized energy     -15.49065594
  buggy if hybrid functionals are used..
timer:       compute energy     3.53s     3.53s
Norm of vector changes ab spin case : rms 1.597442e-02    max 2.403012e-02
convergence: bshresidual, energy change, max energy change, density change 8.9e-03 9.6e-03 9.6e-02 5.5e-03
finished iteration  2 at time     46.9s with energy  -15.49065594
timer:        Boys localize     1.05s     1.05s
orbital irreps []
timer:      reconstruct psi     0.17s     0.17s
timer:        compute Jnemo     0.64s     0.64s
timer:        compute Knemo     2.05s     2.05s
timer: compute Unemo 0.0157     0.18s     0.18s

  nuclear and kinetic     -23.15694417
         kinetic only      14.98602361
              coulomb       9.06362812
             exchange      -3.07325907
    nuclear-repulsion       1.67457891
   regularized energy     -15.49199621
  buggy if hybrid functionals are used..
timer:       compute energy     3.66s     3.66s
Norm of vector changes ab spin case : rms 7.269379e-03    max 1.102252e-02
convergence: bshresidual, energy change, max energy change, density change 3.2e-03 1.3e-03 4.3e-02 1.5e-03
finished iteration  3 at time     60.5s with energy  -15.49199621
timer:        Boys localize     1.01s     1.01s
orbital irreps []
timer:      reconstruct psi     0.16s     0.16s
timer:        compute Jnemo     0.66s     0.66s
timer:        compute Knemo     2.07s     2.07s
timer: compute Unemo 0.0155     0.17s     0.17s

  nuclear and kinetic     -23.17114489
         kinetic only      14.98715956
              coulomb       9.07657851
             exchange      -3.07221115
    nuclear-repulsion       1.67457891
   regularized energy     -15.49219862
  buggy if hybrid functionals are used..
timer:       compute energy     3.67s     3.67s
Norm of vector changes ab spin case : rms 2.191182e-03    max 3.094904e-03
convergence: bshresidual, energy change, max energy change, density change 1.0e-03 2.0e-04 1.4e-02 5.2e-04
finished iteration  4 at time     74.1s with energy  -15.49219862
timer:        Boys localize     0.99s     0.99s
orbital irreps []
timer:      reconstruct psi     0.14s     0.14s
timer:        compute Jnemo     0.63s     0.63s
timer:        compute Knemo     2.16s     2.16s
timer: compute Unemo 0.0155     0.24s     0.24s

  nuclear and kinetic     -23.17110428
         kinetic only      14.98622816
              coulomb       9.07659943
             exchange      -3.07229474
    nuclear-repulsion       1.67457891
   regularized energy     -15.49222069
  buggy if hybrid functionals are used..
timer:       compute energy     3.46s     3.46s
Norm of vector changes ab spin case : rms 2.033504e-03    max 2.950195e-03
convergence: bshresidual, energy change, max energy change, density change 5.8e-04 2.2e-05 9.3e-04 3.9e-04
finished iteration  5 at time     87.8s with energy  -15.49222069
timer:        Boys localize     1.03s     1.03s
orbital irreps []
timer:      reconstruct psi     0.14s     0.14s
timer:        compute Jnemo     0.58s     0.58s
timer:        compute Knemo     1.93s     1.93s
timer: compute Unemo 0.0155     0.17s     0.17s

  nuclear and kinetic     -23.16950216
         kinetic only      14.98509493
              coulomb       9.07534223
             exchange      -3.07264586
    nuclear-repulsion       1.67457891
   regularized energy     -15.49222688
  buggy if hybrid functionals are used..
timer:       compute energy     3.40s     3.40s
Norm of vector changes ab spin case : rms 4.050029e-04    max 5.074849e-04
convergence: bshresidual, energy change, max energy change, density change 2.5e-04 6.2e-06 1.6e-03 9.0e-05
finished iteration  6 at time    101.1s with energy  -15.49222688

Iterations converged


ending protocol at time    101.1s 

 Dipole Moment (a.u.)
 -----------

     x:  -8.147624e-14
     y:  -2.802754e-14
     z:  3.507901e-01
 Total Dipole Moment:  3.507901e-01 

timer:               dipole     0.07s     0.07s
Nemo Orbital Energies: [*]  -4.87751304  -0.37122741  -0.33331426

nemo energy:  -1.549223e+01
 at time 101.7
PNO Integrals evaluated as:
pnoint
       rank_increase  15         # default   maximum rank to increase in every macroiteration
               chunk  100        # default   chunk of functions operated on in parallel when G or K is applied (prevent memory shortage)
               debug  false      # default   debug mode
              freeze  1          # derived   frozen core approximation
             maxrank  4          # defined   maximal pno rank for all pairs
           guesstype  exop       # derived   the guesstype: exop (recommended, multiply polynomial excitation operators onto the occupied orbitals), empty (don't compute a guess), scf (use the ao basis from the SCF solver), partial_wave (create s,p,d ..., type functions and place on atoms), predefined (same as partial_wave but for predefined sets)
                exop  multipole  # derived   this string defines which excitation operators can be used, use 'dipole', 'dipole+', 'quadrupole', 'ocopole', or 'multipole', need to set guesstype to 'exop' which is the default
          exop_trigo  true       # default   use trigonometric excitation operators ( x --> sin(x)
        partial_wave             # default   atom centered partial wave guess of format like 'h-2s1p-o-3s2p1d', need to set guesstype to 'partial_wave' and adaptive_solver to 'none'
          predefined             # default   predefined partial wave guesses of type pvxz with x=d,t,q,5,6, need to set guesstype to 'predefined' and adaptive_solver to 'none'
           maxiter_t  100        # default   maximal number of iterations in the amplitude solver
       maxiter_micro  10         # default   Maximum of iterations for every cycle in the adaptive solver
       maxiter_macro  10         # default   Maximum of iterations of cycles in the adaptive solver
                tpno  1.0000e-08 # default   PNO cutoff threshold
          tpno_tight  1.0000e-10 # derived   PNO cutoff for the first iteration
    canonicalize_pno  true       # default   canonicalize the pnos before the amplitude solver
              thresh  1.0000e-04 # defined   MRA threshold
         econv_micro  1.0000e-04 # derived   Energy convergence for microiterations (Greens function based optimization) in adaptive solver
         econv_pairs  1.0000e-05 # derived   ENergy convergence for individual pairs in adaptive solver. Converged pairs are frozen automatically
         econv_macro  1.0000e-04 # derived   Energy convergence for macroiterations in adaptive solver, no effect if adaptive_solver is deactivated
               dconv  1.0000e-01 # default   convergence of every PNO in the Green's function solver
           op_thresh  1.0000e-06 # default   MRA operator thresh
             restart  none       # derived   restart pairs of this type, use 'mp2', 'cispd', 'all' or 'none'
          no_compute  none       # default   do not compute the pairs of this type, use 'mp2', 'cispd', 'all' or 'none'
              no_opt  none       # default   do not optimize the pnos of this type, use 'mp2', 'cispd', 'all' or 'none'
            no_guess  none       # derived   guess for this type will be empty, use 'mp2', 'cispd', 'all' or 'none'
     adaptive_solver  all        # default   Use adaptive solver for those pairs, use 'mp2', 'cispd', 'all' or 'none', works only in combination with guesstype 'exop'
                kain  true       # default   use KAIN solver in amplitude solver
       kain_subspace  5          # default   subspace size of the KAIN solver (amplitudes)
                 f12  false      # defined   use explicit correlation
        cispd_number  -1         # default   CIS(D) excitation numbers, to read in correct functions
        cispd_energy  0.0000e+00 # default   CIS energy
        freeze_pairs  none       # default   frozen pairs will not be optimized: Expected format 'a b c d' will freeze pairs ab and cd
freeze_pairs_of_orbital  []         # default    All pairs which originate from this orbital will not be optimized
active_pairs_of_orbital  []         # default    All pairs which originate from this orbital will not be frozen all other pairs will, if this vector is not empty
no_opt_in_first_iteration  false      # default   Do not optimize in the first iteration (then the potentials do not have to be evaluated, use this for large guesses)
            exchange  full       # default   approximate exchange with 'neglect' or xc functional -> same syntax as moldft
           save_pnos  true       # default   Save the OBS-PNOs to a file, before and after orthonormalization.
            diagonal  true       # defined   Compute only diagonal PNOs
              orthog  symmetric  # defined   orthogonalization method for PNO basis, also current default for a potential CABS. options: symmetric, canonical, cholesky, rr_cholesky,
         orthog_cabs  default    # default   orthogonalization method for CABS basis. options: symmetric, canonical, cholesky, rr_cholesky, uses same as orbitals basis if default.
               n_pno  8          # defined   desired size of PNO-basis (orbital space)
         cabs_option  none       # default   type of complementary auxiliary basis to be used. can be none ~ no CABS, gbs ~ Gaussian basis set as CABS, requires input via auxbas_file, pno ~ use superfluous PNOs as CABS, mixed ~ gbs&pno-option
       pno_cabs_size  -1         # default   size of a potential pno-cabs. defaults to -1 ~ all remaining PNOs, if pno-cabs or mixed-cabs
           only_diag  false      # default   use only diagonal elements PNOs
         cherry_pick  []         # default   cherry pick option to choose particular set of PNOs, not just blindly by occupation number. can be useful, if only a restricted number of PNOs can be used, to avoid separating degenerate pairs. can be envoked by passing a vector via [ elem1, elem2, ... ]
               gamma  1.4000e+00 # default   The f12 length scale, here to be used to compute f12-integrals
         cabs_thresh  1.0000e-04 # derived    thresh for cabs part
              auxbas  none       # default   atom centered partial wave guess of format like 'h-2s1p-o-3s2p1d'
         auxbas_file  none       # default   Use external comp. aux. basis in addition to the pnos as auxbasis. Give the filename as parameter. Give the auxbas in turbomole format. Don't use contractions. If a file is specified the auxbas parameter has no effect
   print_pno_overlap  true       # default   Print overlap matrix at certain steps in computation, for debugging purposes.
              n_virt  0          # defined   Compute this number of virtuals and include them in the integral construction, experimental and not robust!.
      hardcore_boson  false      # default   compute only integrals for hardcore boson hamiltonian (restricted to double occupations)

end
F12 Operators initialized right
timer:                    Testing F12 Operators     0.70s     0.70s 
timer:  Initializing (active) Exchange Orbitals     2.19s     2.19s 
Size of active mos and their exchange potentials:
K(acmos)=3.148437e-03 Gbyte
acmos   =2.974659e-03 Gbyte
PNO Parameters
pno
       rank_increase  15         # default   maximum rank to increase in every macroiteration
               chunk  100        # default   chunk of functions operated on in parallel when G or K is applied (prevent memory shortage)
               debug  false      # default   debug mode
              freeze  1          # derived   frozen core approximation
             maxrank  4          # defined   maximal pno rank for all pairs
           guesstype  exop       # derived   the guesstype: exop (recommended, multiply polynomial excitation operators onto the occupied orbitals), empty (don't compute a guess), scf (use the ao basis from the SCF solver), partial_wave (create s,p,d ..., type functions and place on atoms), predefined (same as partial_wave but for predefined sets)
                exop  multipole  # derived   this string defines which excitation operators can be used, use 'dipole', 'dipole+', 'quadrupole', 'ocopole', or 'multipole', need to set guesstype to 'exop' which is the default
          exop_trigo  true       # default   use trigonometric excitation operators ( x --> sin(x)
        partial_wave             # default   atom centered partial wave guess of format like 'h-2s1p-o-3s2p1d', need to set guesstype to 'partial_wave' and adaptive_solver to 'none'
          predefined             # default   predefined partial wave guesses of type pvxz with x=d,t,q,5,6, need to set guesstype to 'predefined' and adaptive_solver to 'none'
           maxiter_t  100        # default   maximal number of iterations in the amplitude solver
       maxiter_micro  10         # default   Maximum of iterations for every cycle in the adaptive solver
       maxiter_macro  10         # default   Maximum of iterations of cycles in the adaptive solver
                tpno  1.0000e-08 # default   PNO cutoff threshold
          tpno_tight  1.0000e-10 # derived   PNO cutoff for the first iteration
    canonicalize_pno  true       # default   canonicalize the pnos before the amplitude solver
              thresh  1.0000e-04 # defined   MRA threshold
         econv_micro  1.0000e-04 # derived   Energy convergence for microiterations (Greens function based optimization) in adaptive solver
         econv_pairs  1.0000e-05 # derived   ENergy convergence for individual pairs in adaptive solver. Converged pairs are frozen automatically
         econv_macro  1.0000e-04 # derived   Energy convergence for macroiterations in adaptive solver, no effect if adaptive_solver is deactivated
               dconv  1.0000e-01 # default   convergence of every PNO in the Green's function solver
           op_thresh  1.0000e-06 # default   MRA operator thresh
             restart  none       # derived   restart pairs of this type, use 'mp2', 'cispd', 'all' or 'none'
          no_compute  none       # default   do not compute the pairs of this type, use 'mp2', 'cispd', 'all' or 'none'
              no_opt  none       # default   do not optimize the pnos of this type, use 'mp2', 'cispd', 'all' or 'none'
            no_guess  none       # derived   guess for this type will be empty, use 'mp2', 'cispd', 'all' or 'none'
     adaptive_solver  all        # default   Use adaptive solver for those pairs, use 'mp2', 'cispd', 'all' or 'none', works only in combination with guesstype 'exop'
                kain  true       # default   use KAIN solver in amplitude solver
       kain_subspace  5          # default   subspace size of the KAIN solver (amplitudes)
                 f12  false      # defined   use explicit correlation
        cispd_number  -1         # default   CIS(D) excitation numbers, to read in correct functions
        cispd_energy  0.0000e+00 # default   CIS energy
        freeze_pairs  none       # default   frozen pairs will not be optimized: Expected format 'a b c d' will freeze pairs ab and cd
freeze_pairs_of_orbital  []         # default    All pairs which originate from this orbital will not be optimized
active_pairs_of_orbital  []         # default    All pairs which originate from this orbital will not be frozen all other pairs will, if this vector is not empty
no_opt_in_first_iteration  false      # default   Do not optimize in the first iteration (then the potentials do not have to be evaluated, use this for large guesses)
            exchange  full       # default   approximate exchange with 'neglect' or xc functional -> same syntax as moldft
           save_pnos  true       # default   Save the OBS-PNOs to a file, before and after orthonormalization.
            diagonal  true       # defined   Compute only diagonal PNOs

end

**********************
Solve PNO-MP2
*********************


**********************
Iterate Pairs
*********************


************************
Adaptive Solver
***********************

Initializing empty Pairs:
no guess was explicitly demanded for mp2

timer:                                     RRCD     0.00s     0.00s 
timer:                             MRA compress     0.00s     0.00s 
timer:                          Transform Pairs     0.00s     0.00s 
timer:          apply Q and orthonormalize PNOs     0.00s     0.00s 
Created Guess:
pair11 with 0 guess functions
pair21 with 0 guess functions
pair22 with 0 guess functions
guess pair11 size: 0.0000000000e+00 | 0.0000000000e+00 Gbyte (after truncation)
guess pair22 size: 0.0000000000e+00 | 0.0000000000e+00 Gbyte (after truncation)
timer:                           truncate guess     0.00s     0.00s 
timer:                         Initialize Pairs     0.00s     0.00s 
Keyword multipole is not known
Guess protocol for adaptively growing ranks is: [dipole+, quadrupole, big_fock_3, big_fock_3, big_fock_3, big_fock_3, big_fock_3, big_fock_3, big_fock_3, big_fock_3]


--------Adaptive Solver Macroiteration 0 from max 10 ----------

Growing ranks with exop=dipole+
Create guess functions by multiplying plane-waves to 1 functions 
Created 4 virtuals for pair11
pair21 is frozen: no growing
Create guess functions by multiplying plane-waves to 1 functions 
Created 4 virtuals for pair22
frozen pair: no orthonormalization
timer:                                     RRCD     0.04s     0.04s 
timer:                             MRA compress     0.00s     0.00s 
timer:                          Transform Pairs     0.12s     0.12s 
timer:                        grow PNO subspace     1.98s     1.98s 
SolveInternal: Parameters are assigned as
no_compute        = false
no_opt            = false
restart           = false
do_cispd          = false
econv             =1.0000000000e-04
maxrank (min,max) = (4,4)
Solving MP2 doubles
timer:          fock matrix     2.94s     2.94s
Information About All Pairs:
mp2_pair11           number=0 rank=  4 frozen=false
mp2_pair21           number=1 rank=  0 frozen=true
mp2_pair22           number=2 rank=  4 frozen=false
number of pairs=3
average rank   =2 (2.6666666667e+00)
largest rank   =4
PNOPairs Memory Information
Total: 0.0110399723 GB 
PNO  : 0.0110399723 GB 
KPNO : 0.0000000000 GB 
W    : 0.0000000000 GB 

timer:                                 truncate     0.04s     0.04s 
wall time=115.6395349503 chunk=8 allK.size()=8 memory=0.0099768639 GB
timer:                             compute KPNO     4.09s     4.09s 
wall time=115.7731418610 chunk=8 allJ.size()=8 memory=0.0121030807 GB
timer:                             compute JPNO     0.13s     0.13s 
timer:                    compute Fock matrices     1.36s     1.36s 
timer:                             MRA compress     0.00s     0.00s 
timer:                          Transform Pairs     0.23s     0.23s 
timer:                             Canonicalize     0.23s     0.23s 
PNOPairs Memory Information
Total: 0.0205261707 GB 
PNO  : 0.0106310844 GB 
KPNO : 0.0098950863 GB 
W    : 0.0000000000 GB 

timer:                                 truncate     0.06s     0.06s 
mp2_pair21 is frozen: potential not computed
timer:                   Fluctuation Potentials     2.11s     2.11s 
timer:                       Fluctuation Matrix     0.15s     0.15s 
PNOPairs Memory Information
Total: 0.0347554684 GB 
PNO  : 0.0106310844 GB 
KPNO : 0.0098950863 GB 
W    : 0.0142292976 GB 

PNOPairs Memory Information
Total: 0.0347554684 GB 
PNO  : 0.0106310844 GB 
KPNO : 0.0098950863 GB 
W    : 0.0142292976 GB 

timer:                                 truncate     0.04s     0.04s 
timer:                             PNO Overlaps     0.07s     0.07s 
t_iter =  0  Hylleraas energy =  0.0000000000  ||R||_F =  0.1549770338  conv =  no
subspace solution [*]   1.00000000

t_iter =  1  Hylleraas energy =  -0.0324787319  ||R||_F =  0.0000001253  conv =  yes
=======================================================

Hylleraas MP2 Energies

=======================================================
    i    j      singlet      triplet        Total
=======================================================
    1    1  -1.48909e-02  0.00000e+00 -1.48909e-02
    2    1   0.00000e+00  0.00000e+00  0.00000e+00
    2    2  -1.75878e-02  0.00000e+00 -1.75878e-02
=======================================================
Hylleraas MP2 Energies (singlet): -3.24787e-02
Hylleraas MP2 Energies (triplet):  0.00000e+00
Hylleraas MP2 Energies (total)  : -3.24787e-02
=======================================================
-------------------------------------------
Total Reg Energy  =-3.24787e-02
Total F12 Energy  = 0.00000e+00
Sum Energies Total=-3.24787e-02
-------------------------------------------
timer:                         Solve Amplitudes     0.03s     0.03s 
No optimization untill now: Compressing pno ranks with tighter threshold
1.00000e-10 instead of 1.00000e-08
pair11: density evals:
 [*]   0.00256955   0.00345730   0.00345730   0.02939318

pair22: density evals:
 [*]   0.00246194   0.00317045   0.00317045   0.04605003

timer:                            compress PNOs     0.00s     0.00s 
timer:                             MRA compress     0.00s     0.00s 
timer:                          Transform Pairs     0.54s     0.54s 
timer:                          PNO Compression     0.54s     0.54s 
Information About All Pairs:
mp2_pair11           number=0 rank=  4 frozen=false
mp2_pair21           number=1 rank=  0 frozen=true
mp2_pair22           number=2 rank=  4 frozen=false
number of pairs=3
average rank   =2 (2.66667e+00)
largest rank   =4
saving vector of functions mp2_pair11
saving vector of functions mp2_pair22
timer:                        save pnos on disc     0.18s     0.18s 
PNOPairs Memory Information
Total: 0.03386 GB 
PNO  : 0.01039 GB 
KPNO : 0.00957 GB 
W    : 0.01390 GB 

timer:                                 truncate     0.05s     0.05s 
timer:      compute densities for G application     0.00s     0.00s 
pair21 is frozen: no optimization
timer:                Prepare for G application     0.46s     0.46s 
timer:                                    add K     0.03s     0.03s 
size of all Vpsi potentials (without Vnuc and J) 0.01308 GB 
time=121.96700 chunk=8 Vpsi+Vnuc+J=0.03206 GB
time=122.04272 chunk=8 Vpsi+Vnuc+J=0.03157 GB (after truncation)
timer:                           Apply G to all     3.43s     3.43s 
timer:                       apply Q and update     0.00s     0.00s 
mp2_pair11 residual norms:
[0.47489, 0.35475, 0.35475, 0.38267]
mp2_pair11 scaled residual norms:
[0.02407, 0.02086, 0.02086, 0.06561]
mp2_pair22 residual norms:
[0.46217, 0.35634, 0.35634, 0.36545]
mp2_pair22 scaled residual norms:
[0.02293, 0.02006, 0.02006, 0.07842]
timer:                          update all PNOs     3.93s     3.93s 
frozen pair: no orthonormalization
timer:                                     RRCD     0.05s     0.05s 
timer:                             MRA compress     0.00s     0.00s 
timer:                          Transform Pairs     0.10s     0.10s 
saving vector of functions mp2_pair11
saving vector of functions mp2_pair22
timer:                        save pnos on disc     0.17s     0.17s 


No convergence yet. Energy change = 0.03248

timer:                        Whole Iteration 1    13.39s    13.39s 
Information About All Pairs:
mp2_pair11           number=0 rank=  4 frozen=false
mp2_pair21           number=1 rank=  0 frozen=true
mp2_pair22           number=2 rank=  4 frozen=false
number of pairs=3
average rank   =2 (2.66667)
largest rank   =4
PNOPairs Memory Information
Total: 0.01030 GB 
PNO  : 0.01030 GB 
KPNO : 0.00000 GB 
W    : 0.00000 GB 

timer:                                 truncate     0.03s     0.03s 
wall time=128.93570 chunk=8 allK.size()=8 memory=0.00940 GB
timer:                             compute KPNO     4.01s     4.01s 
wall time=129.11708 chunk=8 allJ.size()=8 memory=0.01137 GB
timer:                             compute JPNO     0.18s     0.18s 
timer:                    compute Fock matrices     1.44s     1.44s 
timer:                             MRA compress     0.00s     0.00s 
timer:                          Transform Pairs     0.25s     0.25s 
timer:                             Canonicalize     0.25s     0.25s 
PNOPairs Memory Information
Total: 0.01963 GB 
PNO  : 0.01022 GB 
KPNO : 0.00940 GB 
W    : 0.00000 GB 

timer:                                 truncate     0.05s     0.05s 
mp2_pair21 is frozen: potential not computed
timer:                   Fluctuation Potentials     2.16s     2.16s 
timer:                       Fluctuation Matrix     0.19s     0.19s 
PNOPairs Memory Information
Total: 0.03369 GB 
PNO  : 0.01022 GB 
KPNO : 0.00940 GB 
W    : 0.01407 GB 

PNOPairs Memory Information
Total: 0.03369 GB 
PNO  : 0.01022 GB 
KPNO : 0.00940 GB 
W    : 0.01407 GB 

timer:                                 truncate     0.05s     0.05s 
timer:                             PNO Overlaps     0.07s     0.07s 
t_iter =  0  Hylleraas energy =  0.00000  ||R||_F =  0.22155  conv =  no
subspace solution [*]   1.00000000

t_iter =  1  Hylleraas energy =  -0.05854  ||R||_F =  0.00000  conv =  yes
=======================================================

Hylleraas MP2 Energies

=======================================================
    i    j      singlet      triplet        Total
=======================================================
    1    1  -2.70790e-02  0.00000e+00 -2.70790e-02
    2    1   0.00000e+00  0.00000e+00  0.00000e+00
    2    2  -3.14617e-02  0.00000e+00 -3.14617e-02
=======================================================
Hylleraas MP2 Energies (singlet): -5.85407e-02
Hylleraas MP2 Energies (triplet):  0.00000e+00
Hylleraas MP2 Energies (total)  : -5.85407e-02
=======================================================
-------------------------------------------
Total Reg Energy  =-5.85407e-02
Total F12 Energy  = 0.00000e+00
Sum Energies Total=-5.85407e-02
-------------------------------------------
timer:                         Solve Amplitudes     0.00s     0.00s 
pair11: density evals:
 [*]   0.00385477   0.00414158   0.00414158   0.05065099

pair22: density evals:
 [*]   0.00357538   0.00375444   0.00375444   0.07946909

timer:                            compress PNOs     0.00s     0.00s 
timer:                             MRA compress     0.00s     0.00s 
timer:                          Transform Pairs     0.40s     0.40s 
timer:                          PNO Compression     0.40s     0.40s 
Information About All Pairs:
mp2_pair11           number=0 rank=  4 frozen=false
mp2_pair21           number=1 rank=  0 frozen=true
mp2_pair22           number=2 rank=  4 frozen=false
number of pairs=3
average rank   =2 (2.66667e+00)
largest rank   =4
saving vector of functions mp2_pair11
saving vector of functions mp2_pair22
timer:                        save pnos on disc     0.18s     0.18s 
PNOPairs Memory Information
Total: 0.03361 GB 
PNO  : 0.01014 GB 
KPNO : 0.00940 GB 
W    : 0.01407 GB 

timer:                                 truncate     0.06s     0.06s 
timer:      compute densities for G application     0.00s     0.00s 
pair21 is frozen: no optimization
timer:                Prepare for G application     0.42s     0.42s 
timer:                                    add K     0.04s     0.04s 
size of all Vpsi potentials (without Vnuc and J) 0.01464 GB 
time=135.10832 chunk=8 Vpsi+Vnuc+J=0.03157 GB
time=135.17443 chunk=8 Vpsi+Vnuc+J=0.03026 GB (after truncation)
timer:                           Apply G to all     2.94s     2.94s 
timer:                       apply Q and update     0.00s     0.00s 
mp2_pair11 residual norms:
[0.11594, 0.08623, 0.08623, 0.10356]
mp2_pair11 scaled residual norms:
[0.00720, 0.00555, 0.00555, 0.02331]
mp2_pair22 residual norms:
[0.12371, 0.08998, 0.08998, 0.09143]
mp2_pair22 scaled residual norms:
[0.00740, 0.00551, 0.00551, 0.02577]
timer:                          update all PNOs     3.40s     3.40s 
frozen pair: no orthonormalization
timer:                                     RRCD     0.03s     0.03s 
timer:                             MRA compress     0.00s     0.00s 
timer:                          Transform Pairs     0.12s     0.12s 
saving vector of functions mp2_pair11
saving vector of functions mp2_pair22
timer:                        save pnos on disc     0.16s     0.16s 


No convergence yet. Energy change = 0.02606

timer:                        Whole Iteration 2    12.84s    12.84s 
Information About All Pairs:
mp2_pair11           number=0 rank=  4 frozen=false
mp2_pair21           number=1 rank=  0 frozen=true
mp2_pair22           number=2 rank=  4 frozen=false
number of pairs=3
average rank   =2 (2.66667)
largest rank   =4
PNOPairs Memory Information
Total: 0.00981 GB 
PNO  : 0.00981 GB 
KPNO : 0.00000 GB 
W    : 0.00000 GB 

timer:                                 truncate     0.02s     0.02s 
wall time=141.88787 chunk=8 allK.size()=8 memory=0.00973 GB
timer:                             compute KPNO     4.13s     4.13s 
wall time=142.02531 chunk=8 allJ.size()=8 memory=0.01137 GB
timer:                             compute JPNO     0.14s     0.14s 
timer:                    compute Fock matrices     1.43s     1.43s 
timer:                             MRA compress     0.00s     0.00s 
timer:                          Transform Pairs     0.15s     0.15s 
timer:                             Canonicalize     0.15s     0.15s 
PNOPairs Memory Information
Total: 0.01954 GB 
PNO  : 0.00981 GB 
KPNO : 0.00973 GB 
W    : 0.00000 GB 

timer:                                 truncate     0.06s     0.06s 
mp2_pair21 is frozen: potential not computed
timer:                   Fluctuation Potentials     2.28s     2.28s 
timer:                       Fluctuation Matrix     0.22s     0.22s 
PNOPairs Memory Information
Total: 0.03361 GB 
PNO  : 0.00981 GB 
KPNO : 0.00973 GB 
W    : 0.01407 GB 

PNOPairs Memory Information
Total: 0.03361 GB 
PNO  : 0.00981 GB 
KPNO : 0.00973 GB 
W    : 0.01407 GB 

timer:                                 truncate     0.04s     0.04s 
timer:                             PNO Overlaps     0.10s     0.10s 
t_iter =  0  Hylleraas energy =  0.00000  ||R||_F =  0.23618  conv =  no
subspace solution [*]   1.00000000

t_iter =  1  Hylleraas energy =  -0.06188  ||R||_F =  0.00000  conv =  yes
=======================================================

Hylleraas MP2 Energies

=======================================================
    i    j      singlet      triplet        Total
=======================================================
    1    1  -2.86815e-02  0.00000e+00 -2.86815e-02
    2    1   0.00000e+00  0.00000e+00  0.00000e+00
    2    2  -3.31962e-02  0.00000e+00 -3.31962e-02
=======================================================
Hylleraas MP2 Energies (singlet): -6.18776e-02
Hylleraas MP2 Energies (triplet):  0.00000e+00
Hylleraas MP2 Energies (total)  : -6.18776e-02
=======================================================
-------------------------------------------
Total Reg Energy  =-6.18776e-02
Total F12 Energy  = 0.00000e+00
Sum Energies Total=-6.18776e-02
-------------------------------------------
timer:                         Solve Amplitudes     0.00s     0.00s 
pair11: density evals:
 [*]   0.00366726   0.00396399   0.00396399   0.05004763

pair22: density evals:
 [*]   0.00341910   0.00357355   0.00357355   0.07889861

timer:                            compress PNOs     0.00s     0.00s 
timer:                             MRA compress     0.00s     0.00s 
timer:                          Transform Pairs     0.43s     0.43s 
timer:                          PNO Compression     0.43s     0.43s 
Information About All Pairs:
mp2_pair11           number=0 rank=  4 frozen=false
mp2_pair21           number=1 rank=  0 frozen=true
mp2_pair22           number=2 rank=  4 frozen=false
number of pairs=3
average rank   =2 (2.66667e+00)
largest rank   =4
saving vector of functions mp2_pair11
saving vector of functions mp2_pair22
timer:                        save pnos on disc     0.17s     0.17s 
PNOPairs Memory Information
Total: 0.03337 GB 
PNO  : 0.00981 GB 
KPNO : 0.00965 GB 
W    : 0.01390 GB 

timer:                                 truncate     0.06s     0.06s 
timer:      compute densities for G application     0.00s     0.00s 
pair21 is frozen: no optimization
timer:                Prepare for G application     0.41s     0.41s 
timer:                                    add K     0.03s     0.03s 
size of all Vpsi potentials (without Vnuc and J) 0.01439 GB 
time=148.20154 chunk=8 Vpsi+Vnuc+J=0.03181 GB
time=148.26610 chunk=8 Vpsi+Vnuc+J=0.03034 GB (after truncation)
timer:                           Apply G to all     3.00s     3.00s 
timer:                       apply Q and update     0.00s     0.00s 
mp2_pair11 residual norms:
[0.05421, 0.03045, 0.03045, 0.04432]
mp2_pair11 scaled residual norms:
[0.00328, 0.00192, 0.00192, 0.00992]
mp2_pair22 residual norms:
[0.06483, 0.03848, 0.03848, 0.03832]
mp2_pair22 scaled residual norms:
[0.00379, 0.00230, 0.00230, 0.01076]
timer:                          update all PNOs     3.44s     3.44s 
frozen pair: no orthonormalization
timer:                                     RRCD     0.06s     0.06s 
timer:                             MRA compress     0.00s     0.00s 
timer:                          Transform Pairs     0.10s     0.10s 
saving vector of functions mp2_pair11
saving vector of functions mp2_pair22
timer:                        save pnos on disc     0.18s     0.18s 


No convergence yet. Energy change = 0.00334

timer:                        Whole Iteration 3    13.13s    13.13s 
Information About All Pairs:
mp2_pair11           number=0 rank=  4 frozen=false
mp2_pair21           number=1 rank=  0 frozen=true
mp2_pair22           number=2 rank=  4 frozen=false
number of pairs=3
average rank   =2 (2.66667)
largest rank   =4
PNOPairs Memory Information
Total: 0.01006 GB 
PNO  : 0.01006 GB 
KPNO : 0.00000 GB 
W    : 0.00000 GB 

timer:                                 truncate     0.03s     0.03s 
wall time=154.91593 chunk=8 allK.size()=8 memory=0.00990 GB
timer:                             compute KPNO     4.02s     4.02s 
wall time=155.05320 chunk=8 allJ.size()=8 memory=0.01145 GB
timer:                             compute JPNO     0.14s     0.14s 
timer:                    compute Fock matrices     1.56s     1.57s 
timer:                             MRA compress     0.00s     0.00s 
timer:                          Transform Pairs     0.28s     0.28s 
timer:                             Canonicalize     0.28s     0.28s 
PNOPairs Memory Information
Total: 0.01987 GB 
PNO  : 0.01006 GB 
KPNO : 0.00981 GB 
W    : 0.00000 GB 

timer:                                 truncate     0.04s     0.04s 
mp2_pair21 is frozen: potential not computed
timer:                   Fluctuation Potentials     2.16s     2.16s 
timer:                       Fluctuation Matrix     0.20s     0.20s 
PNOPairs Memory Information
Total: 0.03410 GB 
PNO  : 0.01006 GB 
KPNO : 0.00981 GB 
W    : 0.01423 GB 

PNOPairs Memory Information
Total: 0.03410 GB 
PNO  : 0.01006 GB 
KPNO : 0.00981 GB 
W    : 0.01423 GB 

timer:                                 truncate     0.05s     0.05s 
timer:                             PNO Overlaps     0.11s     0.11s 
t_iter =  0  Hylleraas energy =  0.00000  ||R||_F =  0.24170  conv =  no
subspace solution [*]   1.00000000

t_iter =  1  Hylleraas energy =  -0.06255  ||R||_F =  0.00000  conv =  yes
=======================================================

Hylleraas MP2 Energies

=======================================================
    i    j      singlet      triplet        Total
=======================================================
    1    1  -2.89953e-02  0.00000e+00 -2.89953e-02
    2    1   0.00000e+00  0.00000e+00  0.00000e+00
    2    2  -3.35504e-02  0.00000e+00 -3.35504e-02
=======================================================
Hylleraas MP2 Energies (singlet): -6.25457e-02
Hylleraas MP2 Energies (triplet):  0.00000e+00
Hylleraas MP2 Energies (total)  : -6.25457e-02
=======================================================
-------------------------------------------
Total Reg Energy  =-6.25457e-02
Total F12 Energy  = 0.00000e+00
Sum Energies Total=-6.25457e-02
-------------------------------------------
timer:                         Solve Amplitudes     0.00s     0.00s 
pair11: density evals:
 [*]   0.00353913   0.00386828   0.00386828   0.04881294

pair22: density evals:
 [*]   0.00330396   0.00346497   0.00346497   0.07731241

timer:                            compress PNOs     0.00s     0.00s 
timer:                             MRA compress     0.00s     0.00s 
timer:                          Transform Pairs     0.41s     0.41s 
timer:                          PNO Compression     0.41s     0.41s 
Information About All Pairs:
mp2_pair11           number=0 rank=  4 frozen=false
mp2_pair21           number=1 rank=  0 frozen=true
mp2_pair22           number=2 rank=  4 frozen=false
number of pairs=3
average rank   =2 (2.66667e+00)
largest rank   =4
saving vector of functions mp2_pair11
saving vector of functions mp2_pair22
timer:                        save pnos on disc     0.35s     0.35s 
PNOPairs Memory Information
Total: 0.03410 GB 
PNO  : 0.01006 GB 
KPNO : 0.00981 GB 
W    : 0.01423 GB 

timer:                                 truncate     0.04s     0.04s 
timer:      compute densities for G application     0.00s     0.00s 
pair21 is frozen: no optimization
timer:                Prepare for G application     0.49s     0.49s 
timer:                                    add K     0.01s     0.01s 
size of all Vpsi potentials (without Vnuc and J) 0.01447 GB 
time=161.46580 chunk=8 Vpsi+Vnuc+J=0.03230 GB
time=161.51101 chunk=8 Vpsi+Vnuc+J=0.03075 GB (after truncation)
timer:                           Apply G to all     2.82s     2.82s 
timer:                       apply Q and update     0.00s     0.00s 
mp2_pair11 residual norms:
[0.03215, 0.01348, 0.01348, 0.02082]
mp2_pair11 scaled residual norms:
[0.00191, 0.00084, 0.00084, 0.00460]
mp2_pair22 residual norms:
[0.04116, 0.02206, 0.02206, 0.01797]
mp2_pair22 scaled residual norms:
[0.00237, 0.00130, 0.00130, 0.00500]
timer:                          update all PNOs     3.32s     3.32s 
frozen pair: no orthonormalization
timer:                                     RRCD     0.08s     0.08s 
timer:                             MRA compress     0.00s     0.00s 
timer:                          Transform Pairs     0.09s     0.09s 
saving vector of functions mp2_pair11
saving vector of functions mp2_pair22
timer:                        save pnos on disc     0.35s     0.35s 


No convergence yet. Energy change = 0.00067

timer:                        Whole Iteration 4    13.28s    13.29s 
Information About All Pairs:
mp2_pair11           number=0 rank=  4 frozen=false
mp2_pair21           number=1 rank=  0 frozen=true
mp2_pair22           number=2 rank=  4 frozen=false
number of pairs=3
average rank   =2 (2.66667)
largest rank   =4
PNOPairs Memory Information
Total: 0.01039 GB 
PNO  : 0.01039 GB 
KPNO : 0.00000 GB 
W    : 0.00000 GB 

timer:                                 truncate     0.03s     0.03s 
wall time=168.40467 chunk=8 allK.size()=8 memory=0.00990 GB
timer:                             compute KPNO     4.22s     4.22s 
wall time=168.57308 chunk=8 allJ.size()=8 memory=0.01153 GB
timer:                             compute JPNO     0.17s     0.17s 
timer:                    compute Fock matrices     1.52s     1.52s 
timer:                             MRA compress     0.00s     0.00s 
timer:                          Transform Pairs     0.26s     0.26s 
timer:                             Canonicalize     0.26s     0.26s 
PNOPairs Memory Information
Total: 0.02012 GB 
PNO  : 0.01030 GB 
KPNO : 0.00981 GB 
W    : 0.00000 GB 

timer:                                 truncate     0.04s     0.04s 
mp2_pair21 is frozen: potential not computed
timer:                   Fluctuation Potentials     2.13s     2.13s 
timer:                       Fluctuation Matrix     0.14s     0.14s 
PNOPairs Memory Information
Total: 0.03435 GB 
PNO  : 0.01030 GB 
KPNO : 0.00981 GB 
W    : 0.01423 GB 

PNOPairs Memory Information
Total: 0.03435 GB 
PNO  : 0.01030 GB 
KPNO : 0.00981 GB 
W    : 0.01423 GB 

timer:                                 truncate     0.09s     0.09s 
timer:                             PNO Overlaps     0.07s     0.07s 
t_iter =  0  Hylleraas energy =  0.00000  ||R||_F =  0.24419  conv =  no
subspace solution [*]   1.00000000

t_iter =  1  Hylleraas energy =  -0.06271  ||R||_F =  0.00000  conv =  yes
=======================================================

Hylleraas MP2 Energies

=======================================================
    i    j      singlet      triplet        Total
=======================================================
    1    1  -2.90707e-02  0.00000e+00 -2.90707e-02
    2    1   0.00000e+00  0.00000e+00  0.00000e+00
    2    2  -3.36442e-02  0.00000e+00 -3.36442e-02
=======================================================
Hylleraas MP2 Energies (singlet): -6.27149e-02
Hylleraas MP2 Energies (triplet):  0.00000e+00
Hylleraas MP2 Energies (total)  : -6.27149e-02
=======================================================
-------------------------------------------
Total Reg Energy  =-6.27149e-02
Total F12 Energy  = 0.00000e+00
Sum Energies Total=-6.27149e-02
-------------------------------------------
timer:                         Solve Amplitudes     0.00s     0.00s 
pair11: density evals:
 [*]   0.00346558   0.00382278   0.00382278   0.04809456

pair22: density evals:
 [*]   0.00323162   0.00340314   0.00340314   0.07638692

timer:                            compress PNOs     0.00s     0.00s 
timer:                             MRA compress     0.00s     0.00s 
timer:                          Transform Pairs     0.50s     0.50s 
timer:                          PNO Compression     0.50s     0.50s 
Information About All Pairs:
mp2_pair11           number=0 rank=  4 frozen=false
mp2_pair21           number=1 rank=  0 frozen=true
mp2_pair22           number=2 rank=  4 frozen=false
number of pairs=3
average rank   =2 (2.66667e+00)
largest rank   =4
saving vector of functions mp2_pair11
saving vector of functions mp2_pair22
timer:                        save pnos on disc     0.32s     0.32s 
PNOPairs Memory Information
Total: 0.03435 GB 
PNO  : 0.01030 GB 
KPNO : 0.00981 GB 
W    : 0.01423 GB 

timer:                                 truncate     0.04s     0.04s 
timer:      compute densities for G application     0.00s     0.00s 
pair21 is frozen: no optimization
timer:                Prepare for G application     0.53s     0.53s 
timer:                                    add K     0.02s     0.02s 
size of all Vpsi potentials (without Vnuc and J) 0.01472 GB 
time=174.98355 chunk=8 Vpsi+Vnuc+J=0.03230 GB
time=175.06308 chunk=8 Vpsi+Vnuc+J=0.03075 GB (after truncation)
timer:                           Apply G to all     3.09s     3.09s 
timer:                       apply Q and update     0.00s     0.00s 
mp2_pair11 residual norms:
[0.02020, 0.00728, 0.00728, 0.01012]
mp2_pair11 scaled residual norms:
[0.00119, 0.00045, 0.00045, 0.00222]
mp2_pair22 residual norms:
[0.02704, 0.01456, 0.01456, 0.00879]
mp2_pair22 scaled residual norms:
[0.00154, 0.00085, 0.00085, 0.00243]
timer:                          update all PNOs     3.64s     3.64s 
frozen pair: no orthonormalization
timer:                                     RRCD     0.03s     0.03s 
timer:                             MRA compress     0.00s     0.00s 
timer:                          Transform Pairs     0.13s     0.13s 
saving vector of functions mp2_pair11
saving vector of functions mp2_pair22
timer:                        save pnos on disc     0.32s     0.32s 


No convergence yet. Energy change = 0.00017

timer:                        Whole Iteration 5    13.70s    13.70s 
Information About All Pairs:
mp2_pair11           number=0 rank=  4 frozen=false
mp2_pair21           number=1 rank=  0 frozen=true
mp2_pair22           number=2 rank=  4 frozen=false
number of pairs=3
average rank   =2 (2.66667)
largest rank   =4
PNOPairs Memory Information
Total: 0.01055 GB 
PNO  : 0.01055 GB 
KPNO : 0.00000 GB 
W    : 0.00000 GB 

timer:                                 truncate     0.03s     0.03s 
wall time=182.31967 chunk=8 allK.size()=8 memory=0.01006 GB
timer:                             compute KPNO     4.44s     4.44s 
wall time=182.49310 chunk=8 allJ.size()=8 memory=0.01161 GB
timer:                             compute JPNO     0.17s     0.17s 
timer:                    compute Fock matrices     1.50s     1.50s 
timer:                             MRA compress     0.00s     0.00s 
timer:                          Transform Pairs     0.22s     0.22s 
timer:                             Canonicalize     0.22s     0.22s 
PNOPairs Memory Information
Total: 0.02044 GB 
PNO  : 0.01055 GB 
KPNO : 0.00990 GB 
W    : 0.00000 GB 

timer:                                 truncate     0.06s     0.06s 
mp2_pair21 is frozen: potential not computed
timer:                   Fluctuation Potentials     2.33s     2.33s 
timer:                       Fluctuation Matrix     0.28s     0.28s 
PNOPairs Memory Information
Total: 0.03484 GB 
PNO  : 0.01055 GB 
KPNO : 0.00990 GB 
W    : 0.01439 GB 

PNOPairs Memory Information
Total: 0.03484 GB 
PNO  : 0.01055 GB 
KPNO : 0.00990 GB 
W    : 0.01439 GB 

timer:                                 truncate     0.05s     0.05s 
timer:                             PNO Overlaps     0.10s     0.10s 
t_iter =  0  Hylleraas energy =  0.00000  ||R||_F =  0.24544  conv =  no
subspace solution [*]   1.00000000

t_iter =  1  Hylleraas energy =  -0.06276  ||R||_F =  0.00000  conv =  yes
=======================================================

Hylleraas MP2 Energies

=======================================================
    i    j      singlet      triplet        Total
=======================================================
    1    1  -2.90897e-02  0.00000e+00 -2.90897e-02
    2    1   0.00000e+00  0.00000e+00  0.00000e+00
    2    2  -3.36680e-02  0.00000e+00 -3.36680e-02
=======================================================
Hylleraas MP2 Energies (singlet): -6.27577e-02
Hylleraas MP2 Energies (triplet):  0.00000e+00
Hylleraas MP2 Energies (total)  : -6.27577e-02
=======================================================
-------------------------------------------
Total Reg Energy  =-6.27577e-02
Total F12 Energy  = 0.00000e+00
Sum Energies Total=-6.27577e-02
-------------------------------------------
timer:                         Solve Amplitudes     0.00s     0.00s 
pair11: density evals:
 [*]   0.00342110   0.00379923   0.00379923   0.04772057

pair22: density evals:
 [*]   0.00318470   0.00336463   0.00336463   0.07588366

timer:                            compress PNOs     0.00s     0.00s 
timer:                             MRA compress     0.00s     0.00s 
timer:                          Transform Pairs     0.51s     0.51s 
timer:                          PNO Compression     0.52s     0.52s 
Information About All Pairs:
mp2_pair11           number=0 rank=  4 frozen=false
mp2_pair21           number=1 rank=  0 frozen=true
mp2_pair22           number=2 rank=  4 frozen=false
number of pairs=3
average rank   =2 (2.66667e+00)
largest rank   =4
saving vector of functions mp2_pair11
saving vector of functions mp2_pair22
timer:                        save pnos on disc     0.37s     0.37s 
PNOPairs Memory Information
Total: 0.03467 GB 
PNO  : 0.01055 GB 
KPNO : 0.00990 GB 
W    : 0.01423 GB 

timer:                                 truncate     0.05s     0.05s 
timer:      compute densities for G application     0.00s     0.00s 
pair21 is frozen: no optimization
timer:                Prepare for G application     0.44s     0.44s 
timer:                                    add K     0.03s     0.03s 
size of all Vpsi potentials (without Vnuc and J) 0.01472 GB 
time=189.25410 chunk=8 Vpsi+Vnuc+J=0.03255 GB
time=189.31030 chunk=8 Vpsi+Vnuc+J=0.03099 GB (after truncation)
timer:                           Apply G to all     3.13s     3.13s 
timer:                       apply Q and update     0.00s     0.00s 
mp2_pair11 residual norms:
[0.01278, 0.00443, 0.00443, 0.00500]
mp2_pair11 scaled residual norms:
[0.00075, 0.00027, 0.00027, 0.00109]
mp2_pair22 residual norms:
[0.01794, 0.01018, 0.01018, 0.00443]
mp2_pair22 scaled residual norms:
[0.00101, 0.00059, 0.00059, 0.00122]
timer:                          update all PNOs     3.65s     3.65s 
frozen pair: no orthonormalization
timer:                                     RRCD     0.06s     0.06s 
timer:                             MRA compress     0.00s     0.00s 
timer:                          Transform Pairs     0.05s     0.05s 
saving vector of functions mp2_pair11
saving vector of functions mp2_pair22
timer:                        save pnos on disc     0.34s     0.34s 


CONVERGED!
energy change = 0.00004

re-entering loop to compute the correct amplitudes and energies
timer:                        Whole Iteration 6    14.27s    14.27s 
Information About All Pairs:
mp2_pair11           number=0 rank=  4 frozen=false
mp2_pair21           number=1 rank=  0 frozen=true
mp2_pair22           number=2 rank=  4 frozen=false
number of pairs=3
average rank   =2 (2.66667)
largest rank   =4
PNOPairs Memory Information
Total: 0.01055 GB 
PNO  : 0.01055 GB 
KPNO : 0.00000 GB 
W    : 0.00000 GB 

timer:                                 truncate     0.04s     0.04s 
wall time=196.41214 chunk=8 allK.size()=8 memory=0.00990 GB
timer:                             compute KPNO     4.25s     4.25s 
wall time=196.53321 chunk=8 allJ.size()=8 memory=0.01161 GB
timer:                             compute JPNO     0.12s     0.12s 
timer:                    compute Fock matrices     1.34s     1.34s 
timer:                             MRA compress     0.00s     0.00s 
timer:                          Transform Pairs     0.30s     0.30s 
timer:                             Canonicalize     0.30s     0.30s 
PNOPairs Memory Information
Total: 0.02044 GB 
PNO  : 0.01055 GB 
KPNO : 0.00990 GB 
W    : 0.00000 GB 

timer:                                 truncate     0.06s     0.06s 
mp2_pair21 is frozen: potential not computed
timer:                   Fluctuation Potentials     2.36s     2.36s 
timer:                       Fluctuation Matrix     0.19s     0.19s 
PNOPairs Memory Information
Total: 0.03484 GB 
PNO  : 0.01055 GB 
KPNO : 0.00990 GB 
W    : 0.01439 GB 

PNOPairs Memory Information
Total: 0.03484 GB 
PNO  : 0.01055 GB 
KPNO : 0.00990 GB 
W    : 0.01439 GB 

timer:                                 truncate     0.05s     0.05s 
timer:                             PNO Overlaps     0.10s     0.10s 
t_iter =  0  Hylleraas energy =  0.00000  ||R||_F =  0.24611  conv =  no
subspace solution [*]   1.00000000

t_iter =  1  Hylleraas energy =  -0.06278  ||R||_F =  0.00000  conv =  yes
=======================================================

Hylleraas MP2 Energies

=======================================================
    i    j      singlet      triplet        Total
=======================================================
    1    1  -2.90954e-02  0.00000e+00 -2.90954e-02
    2    1   0.00000e+00  0.00000e+00  0.00000e+00
    2    2  -3.36806e-02  0.00000e+00 -3.36806e-02
=======================================================
Hylleraas MP2 Energies (singlet): -6.27759e-02
Hylleraas MP2 Energies (triplet):  0.00000e+00
Hylleraas MP2 Energies (total)  : -6.27759e-02
=======================================================
-------------------------------------------
Total Reg Energy  =-6.27759e-02
Total F12 Energy  = 0.00000e+00
Sum Energies Total=-6.27759e-02
-------------------------------------------
timer:                         Solve Amplitudes     0.00s     0.00s 
pair11: density evals:
 [*]   0.00339316   0.00378581   0.00378581   0.04753659

pair22: density evals:
 [*]   0.00315358   0.00333955   0.00333955   0.07565811

timer:                            compress PNOs     0.00s     0.00s 
timer:                             MRA compress     0.00s     0.00s 
timer:                          Transform Pairs     0.44s     0.44s 
timer:                          PNO Compression     0.44s     0.44s 
Information About All Pairs:
mp2_pair11           number=0 rank=  4 frozen=false
mp2_pair21           number=1 rank=  0 frozen=true
mp2_pair22           number=2 rank=  4 frozen=false
number of pairs=3
average rank   =2 (2.66667e+00)
largest rank   =4
saving vector of functions mp2_pair11
saving vector of functions mp2_pair22
timer:                        save pnos on disc     0.21s     0.21s 
exiting: Iterations converged
PNO ranks:
PNO Rank for pair pair11 = 4
PNO Rank for pair pair21 = 0
PNO Rank for pair pair22 = 4
average rank 2.66667e+00
timer:                               PNO::solve    93.11s    93.11s 

--------------------------------
ITERATE-PAIRS-INTERNAL-ENDED
--------------------------------
mp2_pair21 converged!


Adaptive Sovler:
 Current Energy=-6.2775939802e-02
 DeltaE        =-6.2775939802e-02
 max dE (pair) =-3.3680565106e-02 (2)
 all_pairs_conv=false




not converged yet

freeze pair mp2_pair21 (not further optimized: Energy below 1.0000000000e-05)
Maximum Rank of4 reached for all non-frozen pairs, no need to iterate further=======================================================

Final MP2 Energies

=======================================================
    i    j      singlet      triplet        Total
=======================================================
    1    1  -2.90954e-02  0.00000e+00 -2.90954e-02
    2    1   0.00000e+00  0.00000e+00  0.00000e+00
    2    2  -3.36806e-02  0.00000e+00 -3.36806e-02
=======================================================
Final MP2 Energies (singlet): -6.27759e-02
Final MP2 Energies (triplet):  0.00000e+00
Final MP2 Energies (total)  : -6.27759e-02
=======================================================
-------------------------------------------
Total Reg Energy  =-6.27759e-02
Total F12 Energy  = 0.00000e+00
Sum Energies Total=-6.27759e-02
-------------------------------------------
Average | Max Rank: 2 | 4



--------------------------------------------------
MRA-PNO-MP2-F12 ended 
--------------------------------------------------
                 time scf = 1.00968e+02
               energy scf = -1.54922e+01
--------------------------------------------------
restarting PNO to reload pairs that converged before and were frozen
PNO Parameters
pno
       rank_increase  15         # default   maximum rank to increase in every macroiteration
               chunk  100        # default   chunk of functions operated on in parallel when G or K is applied (prevent memory shortage)
               debug  false      # default   debug mode
              freeze  1          # derived   frozen core approximation
             maxrank  4          # defined   maximal pno rank for all pairs
           guesstype  exop       # derived   the guesstype: exop (recommended, multiply polynomial excitation operators onto the occupied orbitals), empty (don't compute a guess), scf (use the ao basis from the SCF solver), partial_wave (create s,p,d ..., type functions and place on atoms), predefined (same as partial_wave but for predefined sets)
                exop  multipole  # derived   this string defines which excitation operators can be used, use 'dipole', 'dipole+', 'quadrupole', 'ocopole', or 'multipole', need to set guesstype to 'exop' which is the default
          exop_trigo  true       # default   use trigonometric excitation operators ( x --> sin(x)
        partial_wave             # default   atom centered partial wave guess of format like 'h-2s1p-o-3s2p1d', need to set guesstype to 'partial_wave' and adaptive_solver to 'none'
          predefined             # default   predefined partial wave guesses of type pvxz with x=d,t,q,5,6, need to set guesstype to 'predefined' and adaptive_solver to 'none'
           maxiter_t  100        # default   maximal number of iterations in the amplitude solver
       maxiter_micro  10         # default   Maximum of iterations for every cycle in the adaptive solver
       maxiter_macro  10         # default   Maximum of iterations of cycles in the adaptive solver
                tpno  1.0000e-08 # default   PNO cutoff threshold
          tpno_tight  1.0000e-10 # derived   PNO cutoff for the first iteration
    canonicalize_pno  true       # default   canonicalize the pnos before the amplitude solver
              thresh  1.0000e-04 # defined   MRA threshold
         econv_micro  1.0000e-04 # derived   Energy convergence for microiterations (Greens function based optimization) in adaptive solver
         econv_pairs  1.0000e-05 # derived   ENergy convergence for individual pairs in adaptive solver. Converged pairs are frozen automatically
         econv_macro  1.0000e-04 # derived   Energy convergence for macroiterations in adaptive solver, no effect if adaptive_solver is deactivated
               dconv  1.0000e-01 # default   convergence of every PNO in the Green's function solver
           op_thresh  1.0000e-06 # default   MRA operator thresh
             restart  all        # defined   restart pairs of this type, use 'mp2', 'cispd', 'all' or 'none'
          no_compute  none       # default   do not compute the pairs of this type, use 'mp2', 'cispd', 'all' or 'none'
              no_opt  all        # defined   do not optimize the pnos of this type, use 'mp2', 'cispd', 'all' or 'none'
            no_guess  all        # defined   guess for this type will be empty, use 'mp2', 'cispd', 'all' or 'none'
     adaptive_solver  none       # defined   Use adaptive solver for those pairs, use 'mp2', 'cispd', 'all' or 'none', works only in combination with guesstype 'exop'
                kain  true       # default   use KAIN solver in amplitude solver
       kain_subspace  5          # default   subspace size of the KAIN solver (amplitudes)
                 f12  false      # defined   use explicit correlation
        cispd_number  -1         # default   CIS(D) excitation numbers, to read in correct functions
        cispd_energy  0.0000e+00 # default   CIS energy
        freeze_pairs  none       # default   frozen pairs will not be optimized: Expected format 'a b c d' will freeze pairs ab and cd
freeze_pairs_of_orbital  []         # default    All pairs which originate from this orbital will not be optimized
active_pairs_of_orbital  []         # default    All pairs which originate from this orbital will not be frozen all other pairs will, if this vector is not empty
no_opt_in_first_iteration  false      # default   Do not optimize in the first iteration (then the potentials do not have to be evaluated, use this for large guesses)
            exchange  full       # default   approximate exchange with 'neglect' or xc functional -> same syntax as moldft
           save_pnos  true       # default   Save the OBS-PNOs to a file, before and after orthonormalization.
            diagonal  true       # defined   Compute only diagonal PNOs

end

**********************
Solve PNO-MP2
*********************


**********************
Iterate Pairs
*********************


************************
Standard Solver
***********************

Initializing Pairs:
Restart demanded for mp2 pairs
loading vector of functions mp2_pair11
Found PNOs for mp2_pair11 with rank 4
loading vector of functions mp2_pair21
failed to find PNO mp2_pair21 initialize as zero function
nloading vector of functions mp2_pair22
Found PNOs for mp2_pair22 with rank 4
no guess was explicitly demanded for mp2

timer:                                     RRCD     0.03s     0.03s 
timer:                             MRA compress     0.00s     0.00s 
timer:                          Transform Pairs     0.10s     0.10s 
timer:          apply Q and orthonormalize PNOs     0.48s     0.48s 
Created Guess:
pair11 with 4 guess functions
pair21 with 0 guess functions
pair22 with 4 guess functions
guess pair11 size: 5.1519870758e-03 | 5.1519870758e-03 Gbyte (after truncation)
guess pair22 size: 5.3973197937e-03 | 5.3973197937e-03 Gbyte (after truncation)
timer:                           truncate guess     0.07s     0.07s 
timer:                         Initialize Pairs     0.57s     0.57s 
Information About All Pairs:
mp2_pair11           number=0 rank=  4 frozen=false
mp2_pair21           number=1 rank=  0 frozen=true
mp2_pair22           number=2 rank=  4 frozen=false
number of pairs=3
average rank   =2 (2.6666666667e+00)
largest rank   =4
SolveInternal: Parameters are assigned as
no_compute        = false
no_opt            = true
restart           = true
do_cispd          = false
econv             =1.0000000000e-04
maxrank (min,max) = (4,4)
Solving MP2 doubles
timer:          fock matrix     3.25s     3.25s
Information About All Pairs:
mp2_pair11           number=0 rank=  4 frozen=false
mp2_pair21           number=1 rank=  0 frozen=true
mp2_pair22           number=2 rank=  4 frozen=false
number of pairs=3
average rank   =2 (2.6666666667e+00)
largest rank   =4
PNOPairs Memory Information
Total: 0.0105493069 GB 
PNO  : 0.0105493069 GB 
KPNO : 0.0000000000 GB 
W    : 0.0000000000 GB 

timer:                                 truncate     0.03s     0.03s 
wall time=209.5957388878 chunk=8 allK.size()=8 memory=0.0098950863 GB
timer:                             compute KPNO     4.06s     4.06s 
wall time=209.7252810001 chunk=8 allJ.size()=8 memory=0.0116124153 GB
timer:                             compute JPNO     0.13s     0.13s 
timer:                    compute Fock matrices     1.50s     1.50s 
timer:                             MRA compress     0.00s     0.00s 
timer:                          Transform Pairs     0.24s     0.24s 
timer:                             Canonicalize     0.24s     0.24s 
PNOPairs Memory Information
Total: 0.0204443932 GB 
PNO  : 0.0105493069 GB 
KPNO : 0.0098950863 GB 
W    : 0.0000000000 GB 

timer:                                 truncate     0.04s     0.04s 
mp2_pair21 is frozen: potential not computed
timer:                   Fluctuation Potentials     2.32s     2.32s 
timer:                       Fluctuation Matrix     0.15s     0.15s 
PNOPairs Memory Information
Total: 0.0348372459 GB 
PNO  : 0.0105493069 GB 
KPNO : 0.0098950863 GB 
W    : 0.0143928528 GB 

PNOPairs Memory Information
Total: 0.0348372459 GB 
PNO  : 0.0105493069 GB 
KPNO : 0.0098950863 GB 
W    : 0.0143928528 GB 

timer:                                 truncate     0.07s     0.07s 
timer:                             PNO Overlaps     0.12s     0.12s 
t_iter =  0  Hylleraas energy =  0.0000000000  ||R||_F =  0.2461136277  conv =  no
subspace solution [*]   1.00000000

t_iter =  1  Hylleraas energy =  -0.0627760964  ||R||_F =  0.0000002474  conv =  yes
=======================================================

Hylleraas MP2 Energies

=======================================================
    i    j      singlet      triplet        Total
=======================================================
    1    1  -2.90955e-02  0.00000e+00 -2.90955e-02
    2    1   0.00000e+00  0.00000e+00  0.00000e+00
    2    2  -3.36806e-02  0.00000e+00 -3.36806e-02
=======================================================
Hylleraas MP2 Energies (singlet): -6.27761e-02
Hylleraas MP2 Energies (triplet):  0.00000e+00
Hylleraas MP2 Energies (total)  : -6.27761e-02
=======================================================
-------------------------------------------
Total Reg Energy  =-6.27761e-02
Total F12 Energy  = 0.00000e+00
Sum Energies Total=-6.27761e-02
-------------------------------------------
timer:                         Solve Amplitudes     0.00s     0.00s 
No optimization untill now: Compressing pno ranks with tighter threshold
1.00000e-10 instead of 1.00000e-08
pair11: density evals:
 [*]   0.00339317   0.00378581   0.00378581   0.04753688

pair22: density evals:
 [*]   0.00315356   0.00333955   0.00333955   0.07565828

timer:                            compress PNOs     0.00s     0.00s 
timer:                             MRA compress     0.00s     0.00s 
timer:                          Transform Pairs     0.57s     0.57s 
timer:                          PNO Compression     0.58s     0.58s 
Information About All Pairs:
mp2_pair11           number=0 rank=  4 frozen=false
mp2_pair21           number=1 rank=  0 frozen=true
mp2_pair22           number=2 rank=  4 frozen=false
number of pairs=3
average rank   =2 (2.66667e+00)
largest rank   =4
saving vector of functions mp2_pair11
saving vector of functions mp2_pair22
timer:                        save pnos on disc     0.16s     0.16s 
exiting: Found no_opt keyword
PNO ranks:
PNO Rank for pair pair11 = 4
PNO Rank for pair pair21 = 0
PNO Rank for pair pair22 = 4
average rank 2.66667e+00
timer:                               PNO::solve    12.71s    12.71s 

--------------------------------
ITERATE-PAIRS-INTERNAL-ENDED
--------------------------------
=======================================================

Final MP2 Energies

=======================================================
    i    j      singlet      triplet        Total
=======================================================
    1    1  -2.90955e-02  0.00000e+00 -2.90955e-02
    2    1   0.00000e+00  0.00000e+00  0.00000e+00
    2    2  -3.36806e-02  0.00000e+00 -3.36806e-02
=======================================================
Final MP2 Energies (singlet): -6.27761e-02
Final MP2 Energies (triplet):  0.00000e+00
Final MP2 Energies (total)  : -6.27761e-02
=======================================================
-------------------------------------------
Total Reg Energy  =-6.27761e-02
Total F12 Energy  = 0.00000e+00
Sum Energies Total=-6.27761e-02
-------------------------------------------
Average | Max Rank: 2 | 4
                 time pno = 9.99418e+01
               energy mp2 = -6.27761e-02
     average pno rank mp2 = 2
         max pno rank mp2 = 4
--------------------------------------------------
            energy(total) = -1.55550e+01
--------------------------------------------------



Orthonormalization technique used: symmetric
No CABS used.
Tightening thresholds to +0.00010000 for post-processing
Overlap Matrix of all PNOs:
+1.00000373 +0.49436080 +0.00000000 +0.00000000 -0.25933406 +0.00000000 -0.00000000 +0.00000168 
+0.49436080 +1.00001116 -0.00000000 -0.00000000 +0.00000389 -0.00000000 +0.00000000 -0.23481478 
+0.00000000 -0.00000000 +1.00000000 -0.00000000 +0.00000000 -0.11163102 -0.00709304 +0.00000000 
+0.00000000 -0.00000000 -0.00000000 +1.00000000 +0.00000000 -0.00709304 +0.11163102 +0.00000000 
-0.25933406 +0.00000389 +0.00000000 +0.00000000 +0.99999820 -0.00000000 +0.00000000 -0.02714825 
+0.00000000 -0.00000000 -0.11163102 -0.00709304 -0.00000000 +1.00000000 -0.00000000 -0.00000000 
-0.00000000 +0.00000000 -0.00709304 +0.11163102 +0.00000000 -0.00000000 +1.00000000 +0.00000000 
+0.00000168 -0.23481478 +0.00000000 +0.00000000 -0.02714825 -0.00000000 +0.00000000 +0.99999766 
Before cherry pick
rank is +0
all used occupation numbers:
[+0.07565828 +0.04753688 +0.00378581 +0.00378581 +0.00339317 +0.00333955 +0.00333955 +0.00315356 ]
corresponding to active pairs:
[(1,1) (0,0) (0,0) (0,0) (0,0) (1,1) (1,1) (1,1) ]
After cherry pick
all used occupation numbers:
[+0.07565828 +0.04753688 +0.00378581 +0.00378581 +0.00339317 +0.00333955 +0.00333955 +0.00315356 ]
corresponding to active pairs:
[(1,1) (0,0) (0,0) (0,0) (0,0) (1,1) (1,1) (1,1) ]
Overlap Matrix before symmetric
[+0,*]  +1.00000373  +0.49436080  +0.00000000  +0.00000000  -0.25933406  +0.00000000  -0.00000000  +0.00000168
[+1,*]  +0.49436080  +1.00001116  -0.00000000  -0.00000000  +0.00000389  -0.00000000  +0.00000000  -0.23481478
[+2,*]  +0.00000000  -0.00000000  +1.00000000  -0.00000000  +0.00000000  -0.11163102  -0.00709304  +0.00000000
[+3,*]  +0.00000000  -0.00000000  -0.00000000  +1.00000000  +0.00000000  -0.00709304  +0.11163102  +0.00000000
[+4,*]  -0.25933406  +0.00000389  +0.00000000  +0.00000000  +0.99999820  -0.00000000  +0.00000000  -0.02714825
[+5,*]  +0.00000000  -0.00000000  -0.11163102  -0.00709304  -0.00000000  +1.00000000  -0.00000000  -0.00000000
[+6,*]  -0.00000000  +0.00000000  -0.00709304  +0.11163102  +0.00000000  -0.00000000  +1.00000000  +0.00000000
[+7,*]  +0.00000168  -0.23481478  +0.00000000  +0.00000000  -0.02714825  -0.00000000  +0.00000000  +0.99999766
Overlap Matrix after symmetric
[+0,*]  +1.00000000  +0.00000001  +0.00000000  -0.00000000  +0.00000001  +0.00000000  -0.00000000  +0.00000000
[+1,*]  +0.00000001  +0.99999999  +0.00000000  +0.00000000  -0.00000000  +0.00000000  +0.00000000  -0.00000001
[+2,*]  +0.00000000  +0.00000000  +1.00000000  -0.00000000  +0.00000000  +0.00000000  +0.00000000  +0.00000000
[+3,*]  -0.00000000  +0.00000000  -0.00000000  +1.00000000  -0.00000000  +0.00000000  -0.00000000  +0.00000000
[+4,*]  +0.00000001  -0.00000000  +0.00000000  -0.00000000  +1.00000000  +0.00000000  +0.00000000  -0.00000000
[+5,*]  +0.00000000  +0.00000000  +0.00000000  +0.00000000  +0.00000000  +1.00000000  -0.00000000  +0.00000000
[+6,*]  -0.00000000  +0.00000000  +0.00000000  -0.00000000  +0.00000000  -0.00000000  +1.00000000  -0.00000000
[+7,*]  +0.00000000  -0.00000001  +0.00000000  +0.00000000  -0.00000000  +0.00000000  -0.00000000  +1.00000000
Adding 3 HF orbitals
Size before adding CABS: 11.
Size after adding CABS: 11.
Compute G and F Tensor:
Assemble g,f using symmetries...
non zero elements:
 g : +24702
 h : +61
Overlap over whole basis
[+0,*]  +1.00000000  +0.00000007  -0.00000226  -0.00000439  -0.00001585  +0.00000000  +0.00000000  -0.00001398  -0.00000000  +0.00000000  -0.00001112
[+1,*]  +0.00000007  +1.00000000  -0.00000015  -0.00000056  -0.00000214  +0.00000000  +0.00000000  -0.00000181  -0.00000000  +0.00000000  -0.00000147
[+2,*]  -0.00000226  -0.00000015  +1.00000000  -0.00000068  -0.00000216  +0.00000000  +0.00000000  -0.00000209  +0.00000000  +0.00000000  -0.00000159
[+3,*]  -0.00000439  -0.00000056  -0.00000068  +1.00000000  +0.00000001  +0.00000000  +0.00000000  +0.00000001  +0.00000000  +0.00000000  +0.00000000
[+4,*]  -0.00001585  -0.00000214  -0.00000216  +0.00000001  +0.99999999  -0.00000000  +0.00000000  -0.00000000  +0.00000000  +0.00000000  -0.00000001
[+5,*]  +0.00000000  +0.00000000  +0.00000000  +0.00000000  -0.00000000  +1.00000000  -0.00000000  -0.00000000  +0.00000000  +0.00000000  +0.00000000
[+6,*]  +0.00000000  +0.00000000  +0.00000000  +0.00000000  +0.00000000  -0.00000000  +1.00000000  +0.00000000  +0.00000000  -0.00000000  +0.00000000
[+7,*]  -0.00001398  -0.00000181  -0.00000209  +0.00000001  -0.00000000  -0.00000000  +0.00000000  +1.00000000  +0.00000000  +0.00000000  -0.00000000
[+8,*]  -0.00000000  -0.00000000  +0.00000000  +0.00000000  +0.00000000  +0.00000000  +0.00000000  +0.00000000  +1.00000000  -0.00000000  +0.00000000
[+9,*]  +0.00000000  +0.00000000  +0.00000000  +0.00000000  +0.00000000  +0.00000000  -0.00000000  +0.00000000  -0.00000000  +1.00000000  +0.00000000
[+10,*]  -0.00001112  -0.00000147  -0.00000159  +0.00000000  -0.00000001  +0.00000000  +0.00000000  -0.00000000  +0.00000000  +0.00000000  +1.00000000

||S-1||=+0.00003513
finished at time 358.0

    Parallel environment
    --------------------
                  #nodes    1
       #threads per node    11+main = 12
          #total threads    12

  RMI message statistics (min / avg / max)
  ----------------------
   #messages in server q    0.00e+00 / 0.00e+00 / 0.00e+00
 #messages sent per node    0.00e+00 / 0.00e+00 / 0.00e+00
    #bytes sent per node    0.00e+00 / 0.00e+00 / 0.00e+00
 #messages recv per node    0.00e+00 / 0.00e+00 / 0.00e+00
    #bytes recv per node    0.00e+00 / 0.00e+00 / 0.00e+00
        #msgs systemwide    0.00e+00
       #bytes systemwide    0.00e+00

  Thread pool statistics (min / avg / max)
  ----------------------
         #tasks per node    2.28e+07 / 2.28e+07 / 2.28e+07
     #max q len per node    1.88e+04 / 1.88e+04 / 1.88e+04
  #hi-pri tasks per node    6.61e+06 / 6.61e+06 / 6.61e+06

         Total wall time    358.0s
         Total  cpu time    358.0s

