MADNESS runtime initialized with 11 threads in the pool and affinity -1 -1 -1
starting at time 0.0

--------------------------------------------
   MADNESS 0.10.1 multiresolution suite
--------------------------------------------

   number of processors ... 1
    processor frequency ... 3.695637e+09
            host system ... Linux
          configured by ... kottmann
          configured on ... wittgenstein
          configured at ... 2021-02-10T21:25:26
                    CXX ... /usr/bin/c++
               CXXFLAGS ... -O3 -DNDEBUG -I/h/28/kottmann/install/numcpp/include/ -I/h/28/kottmann/install/boost/boost_1_72_0/include/ -std=c++1z
             tuning for ... default
                    MPI ... multiple
 multi-threaded runtime ... MADNESS ThreadPool
                   BLAS ... Intel MKL 44589 44589 MFLOP/s
               compiled ... 13:08:26  on  Feb 23 2021


-------------------------------------------------------------------------------------
SOLVING MRA-PNO-F12 as described in 
J.S. Kottmann, F.A. Bischoff, E.F. Valeev
Direct determination of optimal pair-natural orbitals in a real-space representation:
the second-order Møller-Plesset energy
Journal of Chemical Physics ... 2020
-------------------------------------------------------------------------------------


This script will run PNO-MP2 and print out tensors in binary
Call as: pno_integrals inputfileinput is input
ignoring unknown parameter in input file:  ncf

Angstrom being used to read input coordinates (1 Bohr = 1.88972613 Angstrom)


Asymptotic correction parameters
---------------------------------------
Atom vector is not empty: false
Using multipole approximation: false
Number of electrons = -1
Ionisation energy = 0.000000e+00
E(HOMO) = 0.000000e+00
R1 = 3.000000e+00
R2 = 4.000000e+00
DFT coefficient = 0.000000e+00
Interpolation scheme = linear
constructed symmetry operator for point group C1
dft
              charge  0.0000e+00 # defined   total molecular charge
                  xc  hf         # defined   XC input line
               smear  0.0000e+00 # default   smearing parameter
               econv  1.0000e-04 # defined   energy convergence
               dconv  5.0000e-04 # defined   density convergence
convergence_criteria  [bsh_residual, total_energy] # default   possible values are: bsh_residual, total_energy, each_energy, density
                   k  7          # defined   polynomial order
                   l  5.3968e+01 # derived   user coordinates box size
               deriv  abgv       # default   derivative method                            [abgv, bspline, ble]
           dft_deriv  abgv       # default   derivative method for gga potentials         [abgv, bspline, ble]
             maxrotn  2.5000e-01 # default   step restriction used in autoshift algorithm
             nvalpha  0          # default   number of alpha virtuals to compute
              nvbeta  0          # default   number of beta virtuals to compute
               nopen  0          # default   number of unpaired electrons = nalpha-nbeta
             maxiter  25         # default   maximum number of iterations
                 nio  1          # default   no. of io servers to use
     spin_restricted  true       # default   true if spin restricted
              plotlo  0          # default   range of MOs to print (for both spins if polarized
              plothi  -1         # default   range of MOs to print (for both spins if polarized
            plotdens  false      # default   If true print the density at convergence
            plotcoul  false      # default   If true plot the total coulomb potential at convergence
            localize  boys       # defined   localization method                          [pm, boys, new, canon]
          pointgroup  c1         # derived   use point (sub) group symmetry if not localized[c1, c2, ci, cs, c2v, c2h, d2, d2h]
             restart  false      # default   if true restart from orbitals on disk
           restartao  false      # default   if true restart from orbitals projected into AO basis (STO3G) on disk
          no_compute  false      # default   if true use orbitals on disk, set value to computed
           no_orient  false      # default   if true the molecule coordinates will not be reoriented
                save  true       # default   if true save orbitals to disk
              maxsub  10         # default   size of iterative subspace ... set to 0 or 1 to disable
        orbitalshift  0.0000e+00 # default   scf orbital shift: shift the occ orbitals to lower energies
            npt_plot  101        # default   no. of points to use in each dim for plots
           plot_cell  []         # default   lo hi in each dimension for plotting (default is all space)
             aobasis  6-31g      # derived   AO basis used for initial guess (6-31g or sto-3g)
           core_type  none       # default   core potential type                          [none, mpc]
         derivatives  false      # default   if true calculate nuclear derivatives
              dipole  false      # default   if true calculate dipole moment
      conv_only_dens  false      # default   if true remove bsh_residual from convergence criteria (deprecated)
            psp_calc  false      # default   pseudopotential calculation for all atoms
 print_dipole_matels  false      # default   if true output dipole matrix elements
            pcm_data  none       # default   do a PCM (solvent) calculation
             ac_data  none       # default   do a calculation with asymptotic correction (see ACParameters class in chem/AC.h for details)
             pure_ae  true       # default   pure all electron calculation with no pseudo-atoms
         print_level  3          # default   0: no output; 1: final energy; 2: iterations; 3: timings; 10: debug
              nalpha  3          # derived   number of alpha spin electrons
               nbeta  3          # derived   number of beta  spin electrons
           nmo_alpha  3          # derived   number of alpha spin molecular orbitals
            nmo_beta  3          # derived   number of beta spin molecular orbitals
                  lo  9.0905e-04 # derived   smallest length scale we need to resolve
            protocol  [1.0000e-04, 1.0000e-06] # derived   calculation protocol
                gopt  false      # default   geometry optimizer
                gtol  1.0000e-04 # default   geometry tolerance
               gtest  false      # default   geometry tolerance
                gval  1.0000e-05 # default   value precision
               gprec  1.0000e-04 # default   gradient precision
            gmaxiter  20         # default   optimization maxiter
    ginitial_hessian  false      # default   compute inital hessian for optimization
              algopt  bfgs       # default   algorithm used for optimization              [bfgs, cg]
            tdksprop  false      # default   time-dependent Kohn-Sham equation propagate
           nv_factor  1          # default   factor to multiply number of virtual orbitals with when automatically decreasing nvirt
           vnucextra  2          # default   load balance parameter for nuclear pot
        loadbalparts  2          # default   ??
            response  false      # default   response function calculation
       response_freq  0.0000e+00 # default   frequency for calculation response function
       response_axis  [1, 1, 1]  # default   response axis
           nonrotate  false      # default   if true do not molcule orient (redundant with no_orient
               rconv  1.0000e-06 # default   Response convergence
              efield  0.0000e+00 # default   eps for finite field
         efield_axis  0          # default   finite field axis                            [0, 1, 2]
              nwfile  none       # default   Base name of nwchem output files (.out and .movecs extensions) to read from
                 ncf  (none,1.0000e+00) # defined   nuclear correlation factor
             hessian  false      # default   compute the hessian matrix
           read_cphf  false      # default   read the converged orbital response for nuclear displacements from file
        restart_cphf  false      # default   read the guess orbital response for nuclear displacements from file
      purify_hessian  false      # default   symmetrize the hessian matrix based on atomic charges

end
              charge  0.0000e+00 # defined   total molecular charge
                  xc  hf         # defined   XC input line
               smear  0.0000e+00 # default   smearing parameter
               econv  1.0000e-04 # defined   energy convergence
               dconv  5.0000e-04 # defined   density convergence
convergence_criteria  [bsh_residual, total_energy] # default   possible values are: bsh_residual, total_energy, each_energy, density
                   k  7          # defined   polynomial order
                   l  5.3968e+01 # derived   user coordinates box size
               deriv  abgv       # default   derivative method                            [abgv, bspline, ble]
           dft_deriv  abgv       # default   derivative method for gga potentials         [abgv, bspline, ble]
             maxrotn  2.5000e-01 # default   step restriction used in autoshift algorithm
             nvalpha  0          # default   number of alpha virtuals to compute
              nvbeta  0          # default   number of beta virtuals to compute
               nopen  0          # default   number of unpaired electrons = nalpha-nbeta
             maxiter  25         # default   maximum number of iterations
                 nio  1          # default   no. of io servers to use
     spin_restricted  true       # default   true if spin restricted
              plotlo  0          # default   range of MOs to print (for both spins if polarized
              plothi  -1         # default   range of MOs to print (for both spins if polarized
            plotdens  false      # default   If true print the density at convergence
            plotcoul  false      # default   If true plot the total coulomb potential at convergence
            localize  boys       # defined   localization method                          [pm, boys, new, canon]
          pointgroup  c1         # derived   use point (sub) group symmetry if not localized[c1, c2, ci, cs, c2v, c2h, d2, d2h]
             restart  false      # default   if true restart from orbitals on disk
           restartao  false      # default   if true restart from orbitals projected into AO basis (STO3G) on disk
          no_compute  false      # default   if true use orbitals on disk, set value to computed
           no_orient  false      # default   if true the molecule coordinates will not be reoriented
                save  true       # default   if true save orbitals to disk
              maxsub  10         # default   size of iterative subspace ... set to 0 or 1 to disable
        orbitalshift  0.0000e+00 # default   scf orbital shift: shift the occ orbitals to lower energies
            npt_plot  101        # default   no. of points to use in each dim for plots
           plot_cell  []         # default   lo hi in each dimension for plotting (default is all space)
             aobasis  6-31g      # derived   AO basis used for initial guess (6-31g or sto-3g)
           core_type  none       # default   core potential type                          [none, mpc]
         derivatives  false      # default   if true calculate nuclear derivatives
              dipole  false      # default   if true calculate dipole moment
      conv_only_dens  false      # default   if true remove bsh_residual from convergence criteria (deprecated)
            psp_calc  false      # default   pseudopotential calculation for all atoms
 print_dipole_matels  false      # default   if true output dipole matrix elements
            pcm_data  none       # default   do a PCM (solvent) calculation
             ac_data  none       # default   do a calculation with asymptotic correction (see ACParameters class in chem/AC.h for details)
             pure_ae  true       # default   pure all electron calculation with no pseudo-atoms
         print_level  3          # default   0: no output; 1: final energy; 2: iterations; 3: timings; 10: debug
              nalpha  3          # derived   number of alpha spin electrons
               nbeta  3          # derived   number of beta  spin electrons
           nmo_alpha  3          # derived   number of alpha spin molecular orbitals
            nmo_beta  3          # derived   number of beta spin molecular orbitals
                  lo  9.0905e-04 # derived   smallest length scale we need to resolve
            protocol  [1.0000e-04, 1.0000e-06] # derived   calculation protocol
                gopt  false      # default   geometry optimizer
                gtol  1.0000e-04 # default   geometry tolerance
               gtest  false      # default   geometry tolerance
                gval  1.0000e-05 # default   value precision
               gprec  1.0000e-04 # default   gradient precision
            gmaxiter  20         # default   optimization maxiter
    ginitial_hessian  false      # default   compute inital hessian for optimization
              algopt  bfgs       # default   algorithm used for optimization              [bfgs, cg]
            tdksprop  false      # default   time-dependent Kohn-Sham equation propagate
           nv_factor  1          # default   factor to multiply number of virtual orbitals with when automatically decreasing nvirt
           vnucextra  2          # default   load balance parameter for nuclear pot
        loadbalparts  2          # default   ??
            response  false      # default   response function calculation
       response_freq  0.0000e+00 # default   frequency for calculation response function
       response_axis  [1, 1, 1]  # default   response axis
           nonrotate  false      # default   if true do not molcule orient (redundant with no_orient
               rconv  1.0000e-06 # default   Response convergence
              efield  0.0000e+00 # default   eps for finite field
         efield_axis  0          # default   finite field axis                            [0, 1, 2]
              nwfile  none       # default   Base name of nwchem output files (.out and .movecs extensions) to read from



 geometry
   eprec 1.0e-06
   units atomic
   Be            0.00000000           0.00000000           0.37794523
   H             0.00000000           0.00000000           2.45664397
   H             0.00000000           0.00000000          -3.96842488
 end

Solving NDIM= 3  with thresh 1.000000e-04     k 7    conv 5.000000e-04 

timer:     Project vnuclear     0.66s     0.66s
constructed nuclear correlation factor of the form
    R   =  1.000000e+00
with eprec  1.000000e-06
which means it's (nearly) a conventional calculation

timer:        reproject ncf     1.76s     1.76s
timer:        guess density     0.51s     0.51s
timer:   guess Coulomb potn     0.48s     0.48s
timer:       guess lda potn     0.29s     0.29s
timer:        guess overlap     0.05s     0.05s
timer:    KEmat reconstruct     0.09s     0.09s
timer:  KEmat differentiate     0.25s     0.25s
timer:       KEmat compress     0.10s     0.10s
timer: KEmat inner products     0.20s     0.20s
timer:     guess Kinet potn     0.67s     0.67s
timer:           guess fock     0.58s     0.58s
timer:      guess eigen sol     0.05s     0.05s
timer: guess orbital groupi     0.11s     0.11s

starting protocol at time      7.5s 
precision steps  1.000000e-04  -->  1.000000e-04
protocol: thresh 1.000000e-04 econv  1.000000e-04 dconv 5.000000e-04

ending protocol at time      7.5s 

Solving NDIM= 3  with thresh 1.000000e-04     k 7    conv 5.000000e-04 

timer:        Boys localize     1.06s     1.06s
orbital irreps []
timer:      reconstruct psi     0.18s     0.18s
timer:        compute Jnemo     0.72s     0.72s
timer:        compute Knemo     2.03s     2.03s
timer: compute Unemo 0.0154     0.21s     0.21s

  nuclear and kinetic     -25.99977737
         kinetic only      15.77472014
              coulomb      10.79092431
             exchange      -3.41341743
    nuclear-repulsion       3.00022930
   regularized energy     -15.62204120
  buggy if hybrid functionals are used..
timer:       compute energy     3.44s     3.44s
Norm of vector changes ab spin case : rms 5.658718e-02    max 8.233285e-02
convergence: bshresidual, energy change, max energy change, density change 6.3e-02 1.6e+01 1.6e+01 1.5e+00
finished iteration  0 at time     20.2s with energy  -15.62204120
timer:        Boys localize     1.10s     1.10s
orbital irreps []
timer:      reconstruct psi     0.18s     0.18s
timer:        compute Jnemo     0.68s     0.68s
timer:        compute Knemo     1.96s     1.96s
timer: compute Unemo 0.0151     0.19s     0.19s

  nuclear and kinetic     -26.00131254
         kinetic only      15.66555489
              coulomb      10.72564239
             exchange      -3.37703120
    nuclear-repulsion       3.00022930
   regularized energy     -15.65247205
  buggy if hybrid functionals are used..
timer:       compute energy     3.58s     3.58s
Norm of vector changes ab spin case : rms 2.213294e-02    max 3.221304e-02
convergence: bshresidual, energy change, max energy change, density change 1.7e-02 3.0e-02 1.1e-01 1.0e-02
finished iteration  1 at time     32.9s with energy  -15.65247205
timer:        Boys localize     1.04s     1.04s
orbital irreps []
timer:      reconstruct psi     0.16s     0.16s
timer:        compute Jnemo     0.66s     0.66s
timer:        compute Knemo     1.92s     1.92s
timer: compute Unemo 0.0151     0.21s     0.21s

  nuclear and kinetic     -26.00895296
         kinetic only      15.63907751
              coulomb      10.71749446
             exchange      -3.36446006
    nuclear-repulsion       3.00022930
   regularized energy     -15.65568926
  buggy if hybrid functionals are used..
timer:       compute energy     3.55s     3.55s
Norm of vector changes ab spin case : rms 3.828149e-03    max 5.571409e-03
convergence: bshresidual, energy change, max energy change, density change 2.5e-03 3.2e-03 2.6e-02 2.1e-03
finished iteration  2 at time     45.8s with energy  -15.65568926
timer:        Boys localize     1.01s     1.01s
orbital irreps []
timer:      reconstruct psi     0.14s     0.14s
timer:        compute Jnemo     0.62s     0.62s
timer:        compute Knemo     1.91s     1.91s
timer: compute Unemo 0.0150     0.19s     0.19s

  nuclear and kinetic     -26.01728929
         kinetic only      15.63737445
              coulomb      10.72383612
             exchange      -3.36261121
    nuclear-repulsion       3.00022930
   regularized energy     -15.65583508
  buggy if hybrid functionals are used..
timer:       compute energy     3.52s     3.52s
Norm of vector changes ab spin case : rms 1.469933e-03    max 2.200053e-03
convergence: bshresidual, energy change, max energy change, density change 8.4e-04 1.5e-04 8.3e-03 5.3e-04
finished iteration  3 at time     58.7s with energy  -15.65583508
timer:        Boys localize     1.14s     1.14s
orbital irreps []
timer:      reconstruct psi     0.16s     0.16s
timer:        compute Jnemo     0.76s     0.76s
timer:        compute Knemo     1.96s     1.96s
timer: compute Unemo 0.0150     0.19s     0.19s

  nuclear and kinetic     -26.02173676
         kinetic only      15.63787276
              coulomb      10.72803681
             exchange      -3.36236530
    nuclear-repulsion       3.00022930
   regularized energy     -15.65583595
  buggy if hybrid functionals are used..
timer:       compute energy     3.26s     3.26s
Norm of vector changes ab spin case : rms 4.997203e-04    max 6.410117e-04
convergence: bshresidual, energy change, max energy change, density change 3.6e-04 8.7e-07 4.4e-03 1.4e-04
finished iteration  4 at time     71.8s with energy  -15.65583595

Iterations converged


ending protocol at time     71.8s 

 Dipole Moment (a.u.)
 -----------

     x:  -1.182789e-13
     y:  -9.006554e-14
     z:  9.702660e-01
 Total Dipole Moment:  9.702660e-01 

timer:               dipole     0.05s     0.05s
Nemo Orbital Energies: [*]  -4.74227069  -0.55706059  -0.34586559

nemo energy:  -1.565584e+01
 at time 72.3
PNO Integrals evaluated as:
pnoint
       rank_increase  15         # default   maximum rank to increase in every macroiteration
               chunk  100        # default   chunk of functions operated on in parallel when G or K is applied (prevent memory shortage)
               debug  false      # default   debug mode
              freeze  1          # derived   frozen core approximation
             maxrank  3          # defined   maximal pno rank for all pairs
           guesstype  exop       # derived   the guesstype: exop (recommended, multiply polynomial excitation operators onto the occupied orbitals), empty (don't compute a guess), scf (use the ao basis from the SCF solver), partial_wave (create s,p,d ..., type functions and place on atoms), predefined (same as partial_wave but for predefined sets)
                exop  multipole  # derived   this string defines which excitation operators can be used, use 'dipole', 'dipole+', 'quadrupole', 'ocopole', or 'multipole', need to set guesstype to 'exop' which is the default
          exop_trigo  true       # default   use trigonometric excitation operators ( x --> sin(x)
        partial_wave             # default   atom centered partial wave guess of format like 'h-2s1p-o-3s2p1d', need to set guesstype to 'partial_wave' and adaptive_solver to 'none'
          predefined             # default   predefined partial wave guesses of type pvxz with x=d,t,q,5,6, need to set guesstype to 'predefined' and adaptive_solver to 'none'
           maxiter_t  100        # default   maximal number of iterations in the amplitude solver
       maxiter_micro  10         # default   Maximum of iterations for every cycle in the adaptive solver
       maxiter_macro  10         # default   Maximum of iterations of cycles in the adaptive solver
                tpno  1.0000e-08 # default   PNO cutoff threshold
          tpno_tight  1.0000e-10 # derived   PNO cutoff for the first iteration
    canonicalize_pno  true       # default   canonicalize the pnos before the amplitude solver
              thresh  1.0000e-04 # defined   MRA threshold
         econv_micro  1.0000e-04 # derived   Energy convergence for microiterations (Greens function based optimization) in adaptive solver
         econv_pairs  1.0000e-05 # derived   ENergy convergence for individual pairs in adaptive solver. Converged pairs are frozen automatically
         econv_macro  1.0000e-04 # derived   Energy convergence for macroiterations in adaptive solver, no effect if adaptive_solver is deactivated
               dconv  1.0000e-01 # default   convergence of every PNO in the Green's function solver
           op_thresh  1.0000e-06 # default   MRA operator thresh
             restart  none       # derived   restart pairs of this type, use 'mp2', 'cispd', 'all' or 'none'
          no_compute  none       # default   do not compute the pairs of this type, use 'mp2', 'cispd', 'all' or 'none'
              no_opt  none       # default   do not optimize the pnos of this type, use 'mp2', 'cispd', 'all' or 'none'
            no_guess  none       # derived   guess for this type will be empty, use 'mp2', 'cispd', 'all' or 'none'
     adaptive_solver  all        # default   Use adaptive solver for those pairs, use 'mp2', 'cispd', 'all' or 'none', works only in combination with guesstype 'exop'
                kain  true       # default   use KAIN solver in amplitude solver
       kain_subspace  5          # default   subspace size of the KAIN solver (amplitudes)
                 f12  false      # defined   use explicit correlation
        cispd_number  -1         # default   CIS(D) excitation numbers, to read in correct functions
        cispd_energy  0.0000e+00 # default   CIS energy
        freeze_pairs  none       # default   frozen pairs will not be optimized: Expected format 'a b c d' will freeze pairs ab and cd
freeze_pairs_of_orbital  []         # default    All pairs which originate from this orbital will not be optimized
active_pairs_of_orbital  []         # default    All pairs which originate from this orbital will not be frozen all other pairs will, if this vector is not empty
no_opt_in_first_iteration  false      # default   Do not optimize in the first iteration (then the potentials do not have to be evaluated, use this for large guesses)
            exchange  full       # default   approximate exchange with 'neglect' or xc functional -> same syntax as moldft
           save_pnos  true       # default   Save the OBS-PNOs to a file, before and after orthonormalization.
            diagonal  true       # defined   Compute only diagonal PNOs
              orthog  symmetric  # defined   orthogonalization method for PNO basis, also current default for a potential CABS. options: symmetric, canonical, cholesky, rr_cholesky,
         orthog_cabs  default    # default   orthogonalization method for CABS basis. options: symmetric, canonical, cholesky, rr_cholesky, uses same as orbitals basis if default.
               n_pno  6          # defined   desired size of PNO-basis (orbital space)
         cabs_option  none       # default   type of complementary auxiliary basis to be used. can be none ~ no CABS, gbs ~ Gaussian basis set as CABS, requires input via auxbas_file, pno ~ use superfluous PNOs as CABS, mixed ~ gbs&pno-option
       pno_cabs_size  -1         # default   size of a potential pno-cabs. defaults to -1 ~ all remaining PNOs, if pno-cabs or mixed-cabs
           only_diag  false      # default   use only diagonal elements PNOs
         cherry_pick  []         # default   cherry pick option to choose particular set of PNOs, not just blindly by occupation number. can be useful, if only a restricted number of PNOs can be used, to avoid separating degenerate pairs. can be envoked by passing a vector via [ elem1, elem2, ... ]
               gamma  1.4000e+00 # default   The f12 length scale, here to be used to compute f12-integrals
         cabs_thresh  1.0000e-04 # derived    thresh for cabs part
              auxbas  none       # default   atom centered partial wave guess of format like 'h-2s1p-o-3s2p1d'
         auxbas_file  none       # default   Use external comp. aux. basis in addition to the pnos as auxbasis. Give the filename as parameter. Give the auxbas in turbomole format. Don't use contractions. If a file is specified the auxbas parameter has no effect
   print_pno_overlap  true       # default   Print overlap matrix at certain steps in computation, for debugging purposes.
              n_virt  0          # defined   Compute this number of virtuals and include them in the integral construction, experimental and not robust!.
      hardcore_boson  false      # default   compute only integrals for hardcore boson hamiltonian (restricted to double occupations)

end
F12 Operators initialized right
timer:                    Testing F12 Operators     0.89s     0.89s 
timer:  Initializing (active) Exchange Orbitals     1.88s     1.88s 
Size of active mos and their exchange potentials:
K(acmos)=2.657771e-03 Gbyte
acmos   =2.187550e-03 Gbyte
PNO Parameters
pno
       rank_increase  15         # default   maximum rank to increase in every macroiteration
               chunk  100        # default   chunk of functions operated on in parallel when G or K is applied (prevent memory shortage)
               debug  false      # default   debug mode
              freeze  1          # derived   frozen core approximation
             maxrank  3          # defined   maximal pno rank for all pairs
           guesstype  exop       # derived   the guesstype: exop (recommended, multiply polynomial excitation operators onto the occupied orbitals), empty (don't compute a guess), scf (use the ao basis from the SCF solver), partial_wave (create s,p,d ..., type functions and place on atoms), predefined (same as partial_wave but for predefined sets)
                exop  multipole  # derived   this string defines which excitation operators can be used, use 'dipole', 'dipole+', 'quadrupole', 'ocopole', or 'multipole', need to set guesstype to 'exop' which is the default
          exop_trigo  true       # default   use trigonometric excitation operators ( x --> sin(x)
        partial_wave             # default   atom centered partial wave guess of format like 'h-2s1p-o-3s2p1d', need to set guesstype to 'partial_wave' and adaptive_solver to 'none'
          predefined             # default   predefined partial wave guesses of type pvxz with x=d,t,q,5,6, need to set guesstype to 'predefined' and adaptive_solver to 'none'
           maxiter_t  100        # default   maximal number of iterations in the amplitude solver
       maxiter_micro  10         # default   Maximum of iterations for every cycle in the adaptive solver
       maxiter_macro  10         # default   Maximum of iterations of cycles in the adaptive solver
                tpno  1.0000e-08 # default   PNO cutoff threshold
          tpno_tight  1.0000e-10 # derived   PNO cutoff for the first iteration
    canonicalize_pno  true       # default   canonicalize the pnos before the amplitude solver
              thresh  1.0000e-04 # defined   MRA threshold
         econv_micro  1.0000e-04 # derived   Energy convergence for microiterations (Greens function based optimization) in adaptive solver
         econv_pairs  1.0000e-05 # derived   ENergy convergence for individual pairs in adaptive solver. Converged pairs are frozen automatically
         econv_macro  1.0000e-04 # derived   Energy convergence for macroiterations in adaptive solver, no effect if adaptive_solver is deactivated
               dconv  1.0000e-01 # default   convergence of every PNO in the Green's function solver
           op_thresh  1.0000e-06 # default   MRA operator thresh
             restart  none       # derived   restart pairs of this type, use 'mp2', 'cispd', 'all' or 'none'
          no_compute  none       # default   do not compute the pairs of this type, use 'mp2', 'cispd', 'all' or 'none'
              no_opt  none       # default   do not optimize the pnos of this type, use 'mp2', 'cispd', 'all' or 'none'
            no_guess  none       # derived   guess for this type will be empty, use 'mp2', 'cispd', 'all' or 'none'
     adaptive_solver  all        # default   Use adaptive solver for those pairs, use 'mp2', 'cispd', 'all' or 'none', works only in combination with guesstype 'exop'
                kain  true       # default   use KAIN solver in amplitude solver
       kain_subspace  5          # default   subspace size of the KAIN solver (amplitudes)
                 f12  false      # defined   use explicit correlation
        cispd_number  -1         # default   CIS(D) excitation numbers, to read in correct functions
        cispd_energy  0.0000e+00 # default   CIS energy
        freeze_pairs  none       # default   frozen pairs will not be optimized: Expected format 'a b c d' will freeze pairs ab and cd
freeze_pairs_of_orbital  []         # default    All pairs which originate from this orbital will not be optimized
active_pairs_of_orbital  []         # default    All pairs which originate from this orbital will not be frozen all other pairs will, if this vector is not empty
no_opt_in_first_iteration  false      # default   Do not optimize in the first iteration (then the potentials do not have to be evaluated, use this for large guesses)
            exchange  full       # default   approximate exchange with 'neglect' or xc functional -> same syntax as moldft
           save_pnos  true       # default   Save the OBS-PNOs to a file, before and after orthonormalization.
            diagonal  true       # defined   Compute only diagonal PNOs

end

**********************
Solve PNO-MP2
*********************


**********************
Iterate Pairs
*********************


************************
Adaptive Solver
***********************

Initializing empty Pairs:
no guess was explicitly demanded for mp2

timer:                                     RRCD     0.00s     0.00s 
timer:                             MRA compress     0.00s     0.00s 
timer:                          Transform Pairs     0.00s     0.00s 
timer:          apply Q and orthonormalize PNOs     0.00s     0.00s 
Created Guess:
pair11 with 0 guess functions
pair21 with 0 guess functions
pair22 with 0 guess functions
guess pair11 size: 0.0000000000e+00 | 0.0000000000e+00 Gbyte (after truncation)
guess pair22 size: 0.0000000000e+00 | 0.0000000000e+00 Gbyte (after truncation)
timer:                           truncate guess     0.00s     0.00s 
timer:                         Initialize Pairs     0.00s     0.00s 
Keyword multipole is not known
Guess protocol for adaptively growing ranks is: [dipole+, quadrupole, big_fock_3, big_fock_3, big_fock_3, big_fock_3, big_fock_3, big_fock_3, big_fock_3, big_fock_3]


--------Adaptive Solver Macroiteration 0 from max 10 ----------

Growing ranks with exop=dipole+
Create guess functions by multiplying plane-waves to 1 functions 
Created 4 virtuals for pair11
pair21 is frozen: no growing
Create guess functions by multiplying plane-waves to 1 functions 
Created 4 virtuals for pair22
frozen pair: no orthonormalization
timer:                                     RRCD     0.04s     0.04s 
timer:                             MRA compress     0.00s     0.00s 
timer:                          Transform Pairs     0.13s     0.13s 
timer:                        grow PNO subspace     1.81s     1.81s 
SolveInternal: Parameters are assigned as
no_compute        = false
no_opt            = false
restart           = false
do_cispd          = false
econv             =1.0000000000e-04
maxrank (min,max) = (3,3)
Solving MP2 doubles
timer:          fock matrix     2.82s     2.82s
Information About All Pairs:
mp2_pair11           number=0 rank=  4 frozen=false
mp2_pair21           number=1 rank=  0 frozen=true
mp2_pair22           number=2 rank=  4 frozen=false
number of pairs=3
average rank   =2 (2.6666666667e+00)
largest rank   =4
PNOPairs Memory Information
Total: 0.0089955330 GB 
PNO  : 0.0089955330 GB 
KPNO : 0.0000000000 GB 
W    : 0.0000000000 GB 

timer:                                 truncate     0.03s     0.03s 
wall time=85.7320959568 chunk=8 allK.size()=8 memory=0.0090773106 GB
timer:                             compute KPNO     4.09s     4.10s 
wall time=85.9002869129 chunk=8 allJ.size()=8 memory=0.0104675293 GB
timer:                             compute JPNO     0.17s     0.17s 
timer:                    compute Fock matrices     1.31s     1.31s 
timer:                             MRA compress     0.00s     0.00s 
timer:                          Transform Pairs     0.30s     0.30s 
timer:                             Canonicalize     0.30s     0.30s 
PNOPairs Memory Information
Total: 0.0177457333 GB 
PNO  : 0.0088319778 GB 
KPNO : 0.0089137554 GB 
W    : 0.0000000000 GB 

timer:                                 truncate     0.03s     0.03s 
mp2_pair21 is frozen: potential not computed
timer:                   Fluctuation Potentials     1.93s     1.93s 
timer:                       Fluctuation Matrix     0.22s     0.22s 
PNOPairs Memory Information
Total: 0.0314843655 GB 
PNO  : 0.0088319778 GB 
KPNO : 0.0089137554 GB 
W    : 0.0137386322 GB 

PNOPairs Memory Information
Total: 0.0314843655 GB 
PNO  : 0.0088319778 GB 
KPNO : 0.0089137554 GB 
W    : 0.0137386322 GB 

timer:                                 truncate     0.10s     0.10s 
timer:                             PNO Overlaps     0.08s     0.08s 
t_iter =  0  Hylleraas energy =  0.0000000000  ||R||_F =  0.1910260465  conv =  no
subspace solution [*]   1.00000000

t_iter =  1  Hylleraas energy =  -0.0278245316  ||R||_F =  0.0000000248  conv =  yes
=======================================================

Hylleraas MP2 Energies

=======================================================
    i    j      singlet      triplet        Total
=======================================================
    1    1  -1.30100e-02  0.00000e+00 -1.30100e-02
    2    1   0.00000e+00  0.00000e+00  0.00000e+00
    2    2  -1.48145e-02  0.00000e+00 -1.48145e-02
=======================================================
Hylleraas MP2 Energies (singlet): -2.78245e-02
Hylleraas MP2 Energies (triplet):  0.00000e+00
Hylleraas MP2 Energies (total)  : -2.78245e-02
=======================================================
-------------------------------------------
Total Reg Energy  =-2.78245e-02
Total F12 Energy  = 0.00000e+00
Sum Energies Total=-2.78245e-02
-------------------------------------------
timer:                         Solve Amplitudes     0.00s     0.00s 
No optimization untill now: Compressing pno ranks with tighter threshold
1.00000e-10 instead of 1.00000e-08
pair11: density evals:
 [*]   0.00313901   0.00392380   0.00415510   0.00415510

pair11: # of PNOs reduced from  4  to  3  maxrank= 3
pair22: density evals:
 [*]   0.00324729   0.00385631   0.00385631   0.02001751

pair22: # of PNOs reduced from  4  to  3  maxrank= 3
timer:                            compress PNOs     0.00s     0.00s 
timer:                             MRA compress     0.00s     0.00s 
timer:                          Transform Pairs     0.34s     0.34s 
timer:                          PNO Compression     0.34s     0.34s 
Information About All Pairs:
mp2_pair11           number=0 rank=  3 frozen=false
mp2_pair21           number=1 rank=  0 frozen=true
mp2_pair22           number=2 rank=  3 frozen=false
number of pairs=3
average rank   =2 (2.00000e+00)
largest rank   =3
saving vector of functions mp2_pair11
saving vector of functions mp2_pair22
timer:                        save pnos on disc     0.13s     0.13s 
PNOPairs Memory Information
Total: 0.02241 GB 
PNO  : 0.00642 GB 
KPNO : 0.00609 GB 
W    : 0.00990 GB 

timer:                                 truncate     0.03s     0.03s 
timer:      compute densities for G application     0.00s     0.00s 
pair21 is frozen: no optimization
timer:                Prepare for G application     0.25s     0.25s 
timer:                                    add K     0.04s     0.04s 
size of all Vpsi potentials (without Vnuc and J) 0.00748 GB 
time=91.20866 chunk=6 Vpsi+Vnuc+J=0.01975 GB
time=91.27422 chunk=6 Vpsi+Vnuc+J=0.01975 GB (after truncation)
timer:                           Apply G to all     2.19s     2.19s 
timer:                       apply Q and update     0.00s     0.00s 
mp2_pair11 residual norms:
[0.48895, 0.36752, 0.36752]
mp2_pair11 scaled residual norms:
[0.03063, 0.02369, 0.02369]
mp2_pair22 residual norms:
[0.37116, 0.37116, 0.37432]
mp2_pair22 scaled residual norms:
[0.02305, 0.02305, 0.05296]
timer:                          update all PNOs     2.48s     2.48s 
frozen pair: no orthonormalization
timer:                                     RRCD     0.06s     0.06s 
timer:                             MRA compress     0.00s     0.00s 
timer:                          Transform Pairs     0.14s     0.14s 
saving vector of functions mp2_pair11
saving vector of functions mp2_pair22
timer:                        save pnos on disc     0.11s     0.11s 


No convergence yet. Energy change = 0.02782

timer:                        Whole Iteration 1    11.60s    11.60s 
Information About All Pairs:
mp2_pair11           number=0 rank=  3 frozen=false
mp2_pair21           number=1 rank=  0 frozen=true
mp2_pair22           number=2 rank=  3 frozen=false
number of pairs=3
average rank   =2 (2.00000)
largest rank   =3
PNOPairs Memory Information
Total: 0.00707 GB 
PNO  : 0.00707 GB 
KPNO : 0.00000 GB 
W    : 0.00000 GB 

timer:                                 truncate     0.03s     0.03s 
wall time=96.56217 chunk=6 allK.size()=6 memory=0.00666 GB
timer:                             compute KPNO     3.33s     3.33s 
wall time=96.70827 chunk=6 allJ.size()=6 memory=0.00748 GB
timer:                             compute JPNO     0.15s     0.15s 
timer:                    compute Fock matrices     1.10s     1.10s 
timer:                             MRA compress     0.00s     0.00s 
timer:                          Transform Pairs     0.25s     0.25s 
timer:                             Canonicalize     0.25s     0.25s 
PNOPairs Memory Information
Total: 0.01358 GB 
PNO  : 0.00699 GB 
KPNO : 0.00658 GB 
W    : 0.00000 GB 

timer:                                 truncate     0.04s     0.04s 
mp2_pair21 is frozen: potential not computed
timer:                   Fluctuation Potentials     1.93s     1.93s 
timer:                       Fluctuation Matrix     0.16s     0.16s 
PNOPairs Memory Information
Total: 0.02412 GB 
PNO  : 0.00699 GB 
KPNO : 0.00658 GB 
W    : 0.01055 GB 

PNOPairs Memory Information
Total: 0.02412 GB 
PNO  : 0.00699 GB 
KPNO : 0.00658 GB 
W    : 0.01055 GB 

timer:                                 truncate     0.04s     0.04s 
timer:                             PNO Overlaps     0.08s     0.08s 
t_iter =  0  Hylleraas energy =  0.00000  ||R||_F =  0.25266  conv =  no
subspace solution [*]   1.00000000

t_iter =  1  Hylleraas energy =  -0.03973  ||R||_F =  0.00000  conv =  yes
=======================================================

Hylleraas MP2 Energies

=======================================================
    i    j      singlet      triplet        Total
=======================================================
    1    1  -1.79679e-02  0.00000e+00 -1.79679e-02
    2    1   0.00000e+00  0.00000e+00  0.00000e+00
    2    2  -2.17589e-02  0.00000e+00 -2.17589e-02
=======================================================
Hylleraas MP2 Energies (singlet): -3.97267e-02
Hylleraas MP2 Energies (triplet):  0.00000e+00
Hylleraas MP2 Energies (total)  : -3.97267e-02
=======================================================
-------------------------------------------
Total Reg Energy  =-3.97267e-02
Total F12 Energy  = 0.00000e+00
Sum Energies Total=-3.97267e-02
-------------------------------------------
timer:                         Solve Amplitudes     0.00s     0.00s 
pair11: density evals:
 [*]   0.00509440   0.00509440   0.00627220

pair22: density evals:
 [*]   0.00448853   0.00448853   0.03061459

timer:                            compress PNOs     0.00s     0.00s 
timer:                             MRA compress     0.00s     0.00s 
timer:                          Transform Pairs     0.33s     0.33s 
timer:                          PNO Compression     0.33s     0.33s 
Information About All Pairs:
mp2_pair11           number=0 rank=  3 frozen=false
mp2_pair21           number=1 rank=  0 frozen=true
mp2_pair22           number=2 rank=  3 frozen=false
number of pairs=3
average rank   =2 (2.00000e+00)
largest rank   =3
saving vector of functions mp2_pair11
saving vector of functions mp2_pair22
timer:                        save pnos on disc     0.23s     0.23s 
PNOPairs Memory Information
Total: 0.02380 GB 
PNO  : 0.00699 GB 
KPNO : 0.00658 GB 
W    : 0.01022 GB 

timer:                                 truncate     0.07s     0.07s 
timer:      compute densities for G application     0.00s     0.00s 
pair21 is frozen: no optimization
timer:                Prepare for G application     0.29s     0.29s 
timer:                                    add K     0.04s     0.04s 
size of all Vpsi potentials (without Vnuc and J) 0.00904 GB 
time=101.90056 chunk=6 Vpsi+Vnuc+J=0.01999 GB
time=101.93170 chunk=6 Vpsi+Vnuc+J=0.01901 GB (after truncation)
timer:                           Apply G to all     2.23s     2.23s 
timer:                       apply Q and update     0.00s     0.00s 
mp2_pair11 residual norms:
[0.10126, 0.10126, 0.12974]
mp2_pair11 scaled residual norms:
[0.00723, 0.00723, 0.01027]
mp2_pair22 residual norms:
[0.09392, 0.09392, 0.09318]
mp2_pair22 scaled residual norms:
[0.00629, 0.00629, 0.01630]
timer:                          update all PNOs     2.56s     2.56s 
frozen pair: no orthonormalization
timer:                                     RRCD     0.08s     0.08s 
timer:                             MRA compress     0.00s     0.00s 
timer:                          Transform Pairs     0.10s     0.10s 
saving vector of functions mp2_pair11
saving vector of functions mp2_pair22
timer:                        save pnos on disc     0.20s     0.20s 


No convergence yet. Energy change = 0.01190

timer:                        Whole Iteration 2    10.73s    10.73s 
Information About All Pairs:
mp2_pair11           number=0 rank=  3 frozen=false
mp2_pair21           number=1 rank=  0 frozen=true
mp2_pair22           number=2 rank=  3 frozen=false
number of pairs=3
average rank   =2 (2.00000)
largest rank   =3
PNOPairs Memory Information
Total: 0.00675 GB 
PNO  : 0.00675 GB 
KPNO : 0.00000 GB 
W    : 0.00000 GB 

timer:                                 truncate     0.04s     0.04s 
wall time=107.16645 chunk=6 allK.size()=6 memory=0.00699 GB
timer:                             compute KPNO     3.19s     3.19s 
wall time=107.35607 chunk=6 allJ.size()=6 memory=0.00748 GB
timer:                             compute JPNO     0.19s     0.19s 
timer:                    compute Fock matrices     1.39s     1.39s 
timer:                             MRA compress     0.00s     0.00s 
timer:                          Transform Pairs     0.23s     0.23s 
timer:                             Canonicalize     0.23s     0.23s 
PNOPairs Memory Information
Total: 0.01358 GB 
PNO  : 0.00675 GB 
KPNO : 0.00683 GB 
W    : 0.00000 GB 

timer:                                 truncate     0.03s     0.03s 
mp2_pair21 is frozen: potential not computed
timer:                   Fluctuation Potentials     1.59s     1.59s 
timer:                       Fluctuation Matrix     0.16s     0.16s 
PNOPairs Memory Information
Total: 0.02429 GB 
PNO  : 0.00675 GB 
KPNO : 0.00683 GB 
W    : 0.01071 GB 

PNOPairs Memory Information
Total: 0.02429 GB 
PNO  : 0.00675 GB 
KPNO : 0.00683 GB 
W    : 0.01071 GB 

timer:                                 truncate     0.04s     0.04s 
timer:                             PNO Overlaps     0.07s     0.07s 
t_iter =  0  Hylleraas energy =  0.00000  ||R||_F =  0.27152  conv =  no
subspace solution [*]   1.00000000

t_iter =  1  Hylleraas energy =  -0.04167  ||R||_F =  0.00000  conv =  yes
=======================================================

Hylleraas MP2 Energies

=======================================================
    i    j      singlet      triplet        Total
=======================================================
    1    1  -1.89407e-02  0.00000e+00 -1.89407e-02
    2    1   0.00000e+00  0.00000e+00  0.00000e+00
    2    2  -2.27342e-02  0.00000e+00 -2.27342e-02
=======================================================
Hylleraas MP2 Energies (singlet): -4.16749e-02
Hylleraas MP2 Energies (triplet):  0.00000e+00
Hylleraas MP2 Energies (total)  : -4.16749e-02
=======================================================
-------------------------------------------
Total Reg Energy  =-4.16749e-02
Total F12 Energy  = 0.00000e+00
Sum Energies Total=-4.16749e-02
-------------------------------------------
timer:                         Solve Amplitudes     0.00s     0.00s 
pair11: density evals:
 [*]   0.00486498   0.00486498   0.00589013

pair22: density evals:
 [*]   0.00423926   0.00423926   0.02999761

timer:                            compress PNOs     0.00s     0.00s 
timer:                             MRA compress     0.00s     0.00s 
timer:                          Transform Pairs     0.26s     0.26s 
timer:                          PNO Compression     0.26s     0.26s 
Information About All Pairs:
mp2_pair11           number=0 rank=  3 frozen=false
mp2_pair21           number=1 rank=  0 frozen=true
mp2_pair22           number=2 rank=  3 frozen=false
number of pairs=3
average rank   =2 (2.00000e+00)
largest rank   =3
saving vector of functions mp2_pair11
saving vector of functions mp2_pair22
timer:                        save pnos on disc     0.11s     0.11s 
PNOPairs Memory Information
Total: 0.02429 GB 
PNO  : 0.00675 GB 
KPNO : 0.00683 GB 
W    : 0.01071 GB 

timer:                                 truncate     0.03s     0.03s 
timer:      compute densities for G application     0.00s     0.00s 
pair21 is frozen: no optimization
timer:                Prepare for G application     0.27s     0.27s 
timer:                                    add K     0.05s     0.05s 
size of all Vpsi potentials (without Vnuc and J) 0.00928 GB 
time=112.15886 chunk=6 Vpsi+Vnuc+J=0.02089 GB
time=112.24392 chunk=6 Vpsi+Vnuc+J=0.01975 GB (after truncation)
timer:                           Apply G to all     2.12s     2.12s 
timer:                       apply Q and update     0.00s     0.00s 
mp2_pair11 residual norms:
[0.03540, 0.03540, 0.05201]
mp2_pair11 scaled residual norms:
[0.00247, 0.00247, 0.00399]
mp2_pair22 residual norms:
[0.03557, 0.03557, 0.03616]
mp2_pair22 scaled residual norms:
[0.00232, 0.00232, 0.00626]
timer:                          update all PNOs     2.44s     2.45s 
frozen pair: no orthonormalization
timer:                                     RRCD     0.06s     0.06s 
timer:                             MRA compress     0.00s     0.00s 
timer:                          Transform Pairs     0.08s     0.08s 
saving vector of functions mp2_pair11
saving vector of functions mp2_pair22
timer:                        save pnos on disc     0.12s     0.12s 


No convergence yet. Energy change = 0.00195

timer:                        Whole Iteration 3    10.11s    10.11s 
Information About All Pairs:
mp2_pair11           number=0 rank=  3 frozen=false
mp2_pair21           number=1 rank=  0 frozen=true
mp2_pair22           number=2 rank=  3 frozen=false
number of pairs=3
average rank   =2 (2.00000)
largest rank   =3
PNOPairs Memory Information
Total: 0.00707 GB 
PNO  : 0.00707 GB 
KPNO : 0.00000 GB 
W    : 0.00000 GB 

timer:                                 truncate     0.06s     0.06s 
wall time=117.61815 chunk=6 allK.size()=6 memory=0.00699 GB
timer:                             compute KPNO     3.51s     3.51s 
wall time=117.76407 chunk=6 allJ.size()=6 memory=0.00789 GB
timer:                             compute JPNO     0.15s     0.15s 
timer:                    compute Fock matrices     1.14s     1.14s 
timer:                             MRA compress     0.00s     0.00s 
timer:                          Transform Pairs     0.24s     0.24s 
timer:                             Canonicalize     0.25s     0.25s 
PNOPairs Memory Information
Total: 0.01374 GB 
PNO  : 0.00691 GB 
KPNO : 0.00683 GB 
W    : 0.00000 GB 

timer:                                 truncate     0.02s     0.02s 
mp2_pair21 is frozen: potential not computed
timer:                   Fluctuation Potentials     1.76s     1.76s 
timer:                       Fluctuation Matrix     0.14s     0.14s 
PNOPairs Memory Information
Total: 0.02445 GB 
PNO  : 0.00691 GB 
KPNO : 0.00683 GB 
W    : 0.01071 GB 

PNOPairs Memory Information
Total: 0.02445 GB 
PNO  : 0.00691 GB 
KPNO : 0.00683 GB 
W    : 0.01071 GB 

timer:                                 truncate     0.05s     0.05s 
timer:                             PNO Overlaps     0.07s     0.07s 
t_iter =  0  Hylleraas energy =  0.00000  ||R||_F =  0.27788  conv =  no
subspace solution [*]   1.00000000

t_iter =  1  Hylleraas energy =  -0.04198  ||R||_F =  0.00000  conv =  yes
=======================================================

Hylleraas MP2 Energies

=======================================================
    i    j      singlet      triplet        Total
=======================================================
    1    1  -1.90901e-02  0.00000e+00 -1.90901e-02
    2    1   0.00000e+00  0.00000e+00  0.00000e+00
    2    2  -2.28924e-02  0.00000e+00 -2.28924e-02
=======================================================
Hylleraas MP2 Energies (singlet): -4.19824e-02
Hylleraas MP2 Energies (triplet):  0.00000e+00
Hylleraas MP2 Energies (total)  : -4.19824e-02
=======================================================
-------------------------------------------
Total Reg Energy  =-4.19824e-02
Total F12 Energy  = 0.00000e+00
Sum Energies Total=-4.19824e-02
-------------------------------------------
timer:                         Solve Amplitudes     0.00s     0.00s 
pair11: density evals:
 [*]   0.00473151   0.00473151   0.00563645

pair22: density evals:
 [*]   0.00410899   0.00410899   0.02934227

timer:                            compress PNOs     0.00s     0.00s 
timer:                             MRA compress     0.00s     0.00s 
timer:                          Transform Pairs     0.32s     0.32s 
timer:                          PNO Compression     0.32s     0.32s 
Information About All Pairs:
mp2_pair11           number=0 rank=  3 frozen=false
mp2_pair21           number=1 rank=  0 frozen=true
mp2_pair22           number=2 rank=  3 frozen=false
number of pairs=3
average rank   =2 (2.00000e+00)
largest rank   =3
saving vector of functions mp2_pair11
saving vector of functions mp2_pair22
timer:                        save pnos on disc     0.14s     0.14s 
PNOPairs Memory Information
Total: 0.02445 GB 
PNO  : 0.00691 GB 
KPNO : 0.00683 GB 
W    : 0.01071 GB 

timer:                                 truncate     0.05s     0.05s 
timer:      compute densities for G application     0.00s     0.00s 
pair21 is frozen: no optimization
timer:                Prepare for G application     0.28s     0.28s 
timer:                                    add K     0.01s     0.01s 
size of all Vpsi potentials (without Vnuc and J) 0.00961 GB 
time=122.60794 chunk=6 Vpsi+Vnuc+J=0.02130 GB
time=122.67003 chunk=6 Vpsi+Vnuc+J=0.02016 GB (after truncation)
timer:                           Apply G to all     2.15s     2.15s 
timer:                       apply Q and update     0.00s     0.00s 
mp2_pair11 residual norms:
[0.01302, 0.01302, 0.02502]
mp2_pair11 scaled residual norms:
[0.00090, 0.00090, 0.00188]
mp2_pair22 residual norms:
[0.01647, 0.01647, 0.01599]
mp2_pair22 scaled residual norms:
[0.00106, 0.00106, 0.00274]
timer:                          update all PNOs     2.46s     2.46s 
frozen pair: no orthonormalization
timer:                                     RRCD     0.06s     0.06s 
timer:                             MRA compress     0.00s     0.00s 
timer:                          Transform Pairs     0.17s     0.17s 
saving vector of functions mp2_pair11
saving vector of functions mp2_pair22
timer:                        save pnos on disc     0.12s     0.12s 


No convergence yet. Energy change = 0.00031

timer:                        Whole Iteration 4    10.52s    10.52s 
Information About All Pairs:
mp2_pair11           number=0 rank=  3 frozen=false
mp2_pair21           number=1 rank=  0 frozen=true
mp2_pair22           number=2 rank=  3 frozen=false
number of pairs=3
average rank   =2 (2.00000)
largest rank   =3
PNOPairs Memory Information
Total: 0.00716 GB 
PNO  : 0.00716 GB 
KPNO : 0.00000 GB 
W    : 0.00000 GB 

timer:                                 truncate     0.06s     0.06s 
wall time=128.05075 chunk=6 allK.size()=6 memory=0.00699 GB
timer:                             compute KPNO     3.43s     3.43s 
wall time=128.18013 chunk=6 allJ.size()=6 memory=0.00797 GB
timer:                             compute JPNO     0.13s     0.13s 
timer:                    compute Fock matrices     1.16s     1.16s 
timer:                             MRA compress     0.00s     0.00s 
timer:                          Transform Pairs     0.15s     0.15s 
timer:                             Canonicalize     0.15s     0.15s 
PNOPairs Memory Information
Total: 0.01407 GB 
PNO  : 0.00707 GB 
KPNO : 0.00699 GB 
W    : 0.00000 GB 

timer:                                 truncate     0.04s     0.04s 
mp2_pair21 is frozen: potential not computed
timer:                   Fluctuation Potentials     1.71s     1.71s 
timer:                       Fluctuation Matrix     0.12s     0.12s 
PNOPairs Memory Information
Total: 0.02494 GB 
PNO  : 0.00707 GB 
KPNO : 0.00699 GB 
W    : 0.01088 GB 

PNOPairs Memory Information
Total: 0.02494 GB 
PNO  : 0.00707 GB 
KPNO : 0.00699 GB 
W    : 0.01088 GB 

timer:                                 truncate     0.06s     0.06s 
timer:                             PNO Overlaps     0.07s     0.07s 
t_iter =  0  Hylleraas energy =  0.00000  ||R||_F =  0.28036  conv =  no
subspace solution [*]   1.00000000

t_iter =  1  Hylleraas energy =  -0.04204  ||R||_F =  0.00000  conv =  yes
=======================================================

Hylleraas MP2 Energies

=======================================================
    i    j      singlet      triplet        Total
=======================================================
    1    1  -1.91200e-02  0.00000e+00 -1.91200e-02
    2    1   0.00000e+00  0.00000e+00  0.00000e+00
    2    2  -2.29234e-02  0.00000e+00 -2.29234e-02
=======================================================
Hylleraas MP2 Energies (singlet): -4.20434e-02
Hylleraas MP2 Energies (triplet):  0.00000e+00
Hylleraas MP2 Energies (total)  : -4.20434e-02
=======================================================
-------------------------------------------
Total Reg Energy  =-4.20434e-02
Total F12 Energy  = 0.00000e+00
Sum Energies Total=-4.20434e-02
-------------------------------------------
timer:                         Solve Amplitudes     0.00s     0.00s 
pair11: density evals:
 [*]   0.00467437   0.00467437   0.00551920

pair22: density evals:
 [*]   0.00404764   0.00404764   0.02900721

timer:                            compress PNOs     0.00s     0.00s 
timer:                             MRA compress     0.00s     0.00s 
timer:                          Transform Pairs     0.25s     0.25s 
timer:                          PNO Compression     0.25s     0.25s 
Information About All Pairs:
mp2_pair11           number=0 rank=  3 frozen=false
mp2_pair21           number=1 rank=  0 frozen=true
mp2_pair22           number=2 rank=  3 frozen=false
number of pairs=3
average rank   =2 (2.00000e+00)
largest rank   =3
saving vector of functions mp2_pair11
saving vector of functions mp2_pair22
timer:                        save pnos on disc     0.13s     0.13s 
PNOPairs Memory Information
Total: 0.02470 GB 
PNO  : 0.00707 GB 
KPNO : 0.00691 GB 
W    : 0.01071 GB 

timer:                                 truncate     0.04s     0.04s 
timer:      compute densities for G application     0.00s     0.00s 
pair21 is frozen: no optimization
timer:                Prepare for G application     0.27s     0.27s 
timer:                                    add K     0.03s     0.03s 
size of all Vpsi potentials (without Vnuc and J) 0.00961 GB 
time=132.71125 chunk=6 Vpsi+Vnuc+J=0.02138 GB
time=132.78040 chunk=6 Vpsi+Vnuc+J=0.02024 GB (after truncation)
timer:                           Apply G to all     2.13s     2.13s 
timer:                       apply Q and update     0.00s     0.00s 
mp2_pair11 residual norms:
[0.00492, 0.00492, 0.01538]
mp2_pair11 scaled residual norms:
[0.00034, 0.00034, 0.00114]
mp2_pair22 residual norms:
[0.00858, 0.00858, 0.00752]
mp2_pair22 scaled residual norms:
[0.00055, 0.00055, 0.00128]
timer:                          update all PNOs     2.44s     2.44s 
frozen pair: no orthonormalization
timer:                                     RRCD     0.06s     0.06s 
timer:                             MRA compress     0.00s     0.00s 
timer:                          Transform Pairs     0.06s     0.06s 
saving vector of functions mp2_pair11
saving vector of functions mp2_pair22
timer:                        save pnos on disc     0.13s     0.13s 


CONVERGED!
energy change = 0.00006

re-entering loop to compute the correct amplitudes and energies
timer:                        Whole Iteration 5    10.04s    10.05s 
Information About All Pairs:
mp2_pair11           number=0 rank=  3 frozen=false
mp2_pair21           number=1 rank=  0 frozen=true
mp2_pair22           number=2 rank=  3 frozen=false
number of pairs=3
average rank   =2 (2.00000)
largest rank   =3
PNOPairs Memory Information
Total: 0.00724 GB 
PNO  : 0.00724 GB 
KPNO : 0.00000 GB 
W    : 0.00000 GB 

timer:                                 truncate     0.01s     0.01s 
wall time=138.10192 chunk=6 allK.size()=6 memory=0.00707 GB
timer:                             compute KPNO     3.48s     3.48s 
wall time=138.23616 chunk=6 allJ.size()=6 memory=0.00797 GB
timer:                             compute JPNO     0.13s     0.13s 
timer:                    compute Fock matrices     1.31s     1.31s 
timer:                             MRA compress     0.00s     0.00s 
timer:                          Transform Pairs     0.26s     0.26s 
timer:                             Canonicalize     0.26s     0.26s 
PNOPairs Memory Information
Total: 0.01407 GB 
PNO  : 0.00707 GB 
KPNO : 0.00699 GB 
W    : 0.00000 GB 

timer:                                 truncate     0.07s     0.07s 
mp2_pair21 is frozen: potential not computed
timer:                   Fluctuation Potentials     1.73s     1.73s 
timer:                       Fluctuation Matrix     0.11s     0.11s 
PNOPairs Memory Information
Total: 0.02478 GB 
PNO  : 0.00707 GB 
KPNO : 0.00699 GB 
W    : 0.01071 GB 

PNOPairs Memory Information
Total: 0.02478 GB 
PNO  : 0.00707 GB 
KPNO : 0.00699 GB 
W    : 0.01071 GB 

timer:                                 truncate     0.07s     0.07s 
timer:                             PNO Overlaps     0.06s     0.06s 
t_iter =  0  Hylleraas energy =  0.00000  ||R||_F =  0.28141  conv =  no
subspace solution [*]   1.00000000

t_iter =  1  Hylleraas energy =  -0.04206  ||R||_F =  0.00000  conv =  yes
=======================================================

Hylleraas MP2 Energies

=======================================================
    i    j      singlet      triplet        Total
=======================================================
    1    1  -1.91297e-02  0.00000e+00 -1.91297e-02
    2    1   0.00000e+00  0.00000e+00  0.00000e+00
    2    2  -2.29308e-02  0.00000e+00 -2.29308e-02
=======================================================
Hylleraas MP2 Energies (singlet): -4.20605e-02
Hylleraas MP2 Energies (triplet):  0.00000e+00
Hylleraas MP2 Energies (total)  : -4.20605e-02
=======================================================
-------------------------------------------
Total Reg Energy  =-4.20605e-02
Total F12 Energy  = 0.00000e+00
Sum Energies Total=-4.20605e-02
-------------------------------------------
timer:                         Solve Amplitudes     0.00s     0.00s 
pair11: density evals:
 [*]   0.00465111   0.00465111   0.00546783

pair22: density evals:
 [*]   0.00401745   0.00401745   0.02885387

timer:                            compress PNOs     0.00s     0.00s 
timer:                             MRA compress     0.00s     0.00s 
timer:                          Transform Pairs     0.36s     0.36s 
timer:                          PNO Compression     0.36s     0.36s 
Information About All Pairs:
mp2_pair11           number=0 rank=  3 frozen=false
mp2_pair21           number=1 rank=  0 frozen=true
mp2_pair22           number=2 rank=  3 frozen=false
number of pairs=3
average rank   =2 (2.00000e+00)
largest rank   =3
saving vector of functions mp2_pair11
saving vector of functions mp2_pair22
timer:                        save pnos on disc     0.13s     0.13s 
exiting: Iterations converged
PNO ranks:
PNO Rank for pair pair11 = 3
PNO Rank for pair pair21 = 0
PNO Rank for pair pair22 = 3
average rank 2.00000e+00
timer:                               PNO::solve    63.58s    63.59s 

--------------------------------
ITERATE-PAIRS-INTERNAL-ENDED
--------------------------------
mp2_pair21 converged!


Adaptive Sovler:
 Current Energy=-4.2060453106e-02
 DeltaE        =-4.2060453106e-02
 max dE (pair) =-2.2930775305e-02 (2)
 all_pairs_conv=false




not converged yet

freeze pair mp2_pair21 (not further optimized: Energy below 1.0000000000e-05)
Maximum Rank of3 reached for all non-frozen pairs, no need to iterate further=======================================================

Final MP2 Energies

=======================================================
    i    j      singlet      triplet        Total
=======================================================
    1    1  -1.91297e-02  0.00000e+00 -1.91297e-02
    2    1   0.00000e+00  0.00000e+00  0.00000e+00
    2    2  -2.29308e-02  0.00000e+00 -2.29308e-02
=======================================================
Final MP2 Energies (singlet): -4.20605e-02
Final MP2 Energies (triplet):  0.00000e+00
Final MP2 Energies (total)  : -4.20605e-02
=======================================================
-------------------------------------------
Total Reg Energy  =-4.20605e-02
Total F12 Energy  = 0.00000e+00
Sum Energies Total=-4.20605e-02
-------------------------------------------
Average | Max Rank: 2 | 3



--------------------------------------------------
MRA-PNO-MP2-F12 ended 
--------------------------------------------------
                 time scf = 7.16385e+01
               energy scf = -1.56558e+01
--------------------------------------------------
restarting PNO to reload pairs that converged before and were frozen
PNO Parameters
pno
       rank_increase  15         # default   maximum rank to increase in every macroiteration
               chunk  100        # default   chunk of functions operated on in parallel when G or K is applied (prevent memory shortage)
               debug  false      # default   debug mode
              freeze  1          # derived   frozen core approximation
             maxrank  3          # defined   maximal pno rank for all pairs
           guesstype  exop       # derived   the guesstype: exop (recommended, multiply polynomial excitation operators onto the occupied orbitals), empty (don't compute a guess), scf (use the ao basis from the SCF solver), partial_wave (create s,p,d ..., type functions and place on atoms), predefined (same as partial_wave but for predefined sets)
                exop  multipole  # derived   this string defines which excitation operators can be used, use 'dipole', 'dipole+', 'quadrupole', 'ocopole', or 'multipole', need to set guesstype to 'exop' which is the default
          exop_trigo  true       # default   use trigonometric excitation operators ( x --> sin(x)
        partial_wave             # default   atom centered partial wave guess of format like 'h-2s1p-o-3s2p1d', need to set guesstype to 'partial_wave' and adaptive_solver to 'none'
          predefined             # default   predefined partial wave guesses of type pvxz with x=d,t,q,5,6, need to set guesstype to 'predefined' and adaptive_solver to 'none'
           maxiter_t  100        # default   maximal number of iterations in the amplitude solver
       maxiter_micro  10         # default   Maximum of iterations for every cycle in the adaptive solver
       maxiter_macro  10         # default   Maximum of iterations of cycles in the adaptive solver
                tpno  1.0000e-08 # default   PNO cutoff threshold
          tpno_tight  1.0000e-10 # derived   PNO cutoff for the first iteration
    canonicalize_pno  true       # default   canonicalize the pnos before the amplitude solver
              thresh  1.0000e-04 # defined   MRA threshold
         econv_micro  1.0000e-04 # derived   Energy convergence for microiterations (Greens function based optimization) in adaptive solver
         econv_pairs  1.0000e-05 # derived   ENergy convergence for individual pairs in adaptive solver. Converged pairs are frozen automatically
         econv_macro  1.0000e-04 # derived   Energy convergence for macroiterations in adaptive solver, no effect if adaptive_solver is deactivated
               dconv  1.0000e-01 # default   convergence of every PNO in the Green's function solver
           op_thresh  1.0000e-06 # default   MRA operator thresh
             restart  all        # defined   restart pairs of this type, use 'mp2', 'cispd', 'all' or 'none'
          no_compute  none       # default   do not compute the pairs of this type, use 'mp2', 'cispd', 'all' or 'none'
              no_opt  all        # defined   do not optimize the pnos of this type, use 'mp2', 'cispd', 'all' or 'none'
            no_guess  all        # defined   guess for this type will be empty, use 'mp2', 'cispd', 'all' or 'none'
     adaptive_solver  none       # defined   Use adaptive solver for those pairs, use 'mp2', 'cispd', 'all' or 'none', works only in combination with guesstype 'exop'
                kain  true       # default   use KAIN solver in amplitude solver
       kain_subspace  5          # default   subspace size of the KAIN solver (amplitudes)
                 f12  false      # defined   use explicit correlation
        cispd_number  -1         # default   CIS(D) excitation numbers, to read in correct functions
        cispd_energy  0.0000e+00 # default   CIS energy
        freeze_pairs  none       # default   frozen pairs will not be optimized: Expected format 'a b c d' will freeze pairs ab and cd
freeze_pairs_of_orbital  []         # default    All pairs which originate from this orbital will not be optimized
active_pairs_of_orbital  []         # default    All pairs which originate from this orbital will not be frozen all other pairs will, if this vector is not empty
no_opt_in_first_iteration  false      # default   Do not optimize in the first iteration (then the potentials do not have to be evaluated, use this for large guesses)
            exchange  full       # default   approximate exchange with 'neglect' or xc functional -> same syntax as moldft
           save_pnos  true       # default   Save the OBS-PNOs to a file, before and after orthonormalization.
            diagonal  true       # defined   Compute only diagonal PNOs

end

**********************
Solve PNO-MP2
*********************


**********************
Iterate Pairs
*********************


************************
Standard Solver
***********************

Initializing Pairs:
Restart demanded for mp2 pairs
loading vector of functions mp2_pair11
Found PNOs for mp2_pair11 with rank 3
loading vector of functions mp2_pair21
failed to find PNO mp2_pair21 initialize as zero function
nloading vector of functions mp2_pair22
Found PNOs for mp2_pair22 with rank 3
no guess was explicitly demanded for mp2

timer:                                     RRCD     0.04s     0.04s 
timer:                             MRA compress     0.00s     0.00s 
timer:                          Transform Pairs     0.05s     0.05s 
timer:          apply Q and orthonormalize PNOs     0.24s     0.24s 
Created Guess:
pair11 with 3 guess functions
pair21 with 0 guess functions
pair22 with 3 guess functions
guess pair11 size: 3.4959912300e-03 | 3.4959912300e-03 Gbyte (after truncation)
guess pair22 size: 3.5777688026e-03 | 3.5777688026e-03 Gbyte (after truncation)
timer:                           truncate guess     0.07s     0.07s 
timer:                         Initialize Pairs     0.33s     0.33s 
Information About All Pairs:
mp2_pair11           number=0 rank=  3 frozen=false
mp2_pair21           number=1 rank=  0 frozen=true
mp2_pair22           number=2 rank=  3 frozen=false
number of pairs=3
average rank   =2 (2.0000000000e+00)
largest rank   =3
SolveInternal: Parameters are assigned as
no_compute        = false
no_opt            = true
restart           = true
do_cispd          = false
econv             =1.0000000000e-04
maxrank (min,max) = (3,3)
Solving MP2 doubles
timer:          fock matrix     2.45s     2.45s
Information About All Pairs:
mp2_pair11           number=0 rank=  3 frozen=false
mp2_pair21           number=1 rank=  0 frozen=true
mp2_pair22           number=2 rank=  3 frozen=false
number of pairs=3
average rank   =2 (2.0000000000e+00)
largest rank   =3
PNOPairs Memory Information
Total: 0.0070737600 GB 
PNO  : 0.0070737600 GB 
KPNO : 0.0000000000 GB 
W    : 0.0000000000 GB 

timer:                                 truncate     0.03s     0.03s 
wall time=148.4616968632 chunk=6 allK.size()=6 memory=0.0069919825 GB
timer:                             compute KPNO     3.28s     3.28s 
wall time=148.6240439415 chunk=6 allJ.size()=6 memory=0.0078915358 GB
timer:                             compute JPNO     0.16s     0.16s 
timer:                    compute Fock matrices     0.98s     0.98s 
timer:                             MRA compress     0.00s     0.00s 
timer:                          Transform Pairs     0.20s     0.20s 
timer:                             Canonicalize     0.20s     0.20s 
PNOPairs Memory Information
Total: 0.0140657425 GB 
PNO  : 0.0070737600 GB 
KPNO : 0.0069919825 GB 
W    : 0.0000000000 GB 

timer:                                 truncate     0.02s     0.02s 
mp2_pair21 is frozen: potential not computed
timer:                   Fluctuation Potentials     1.71s     1.71s 
timer:                       Fluctuation Matrix     0.16s     0.16s 
PNOPairs Memory Information
Total: 0.0247786045 GB 
PNO  : 0.0070737600 GB 
KPNO : 0.0069919825 GB 
W    : 0.0107128620 GB 

PNOPairs Memory Information
Total: 0.0247786045 GB 
PNO  : 0.0070737600 GB 
KPNO : 0.0069919825 GB 
W    : 0.0107128620 GB 

timer:                                 truncate     0.04s     0.04s 
timer:                             PNO Overlaps     0.19s     0.19s 
t_iter =  0  Hylleraas energy =  0.0000000000  ||R||_F =  0.2814110041  conv =  no
subspace solution [*]   1.00000000

t_iter =  1  Hylleraas energy =  -0.0420606048  ||R||_F =  0.0000000028  conv =  yes
=======================================================

Hylleraas MP2 Energies

=======================================================
    i    j      singlet      triplet        Total
=======================================================
    1    1  -1.91297e-02  0.00000e+00 -1.91297e-02
    2    1   0.00000e+00  0.00000e+00  0.00000e+00
    2    2  -2.29309e-02  0.00000e+00 -2.29309e-02
=======================================================
Hylleraas MP2 Energies (singlet): -4.20606e-02
Hylleraas MP2 Energies (triplet):  0.00000e+00
Hylleraas MP2 Energies (total)  : -4.20606e-02
=======================================================
-------------------------------------------
Total Reg Energy  =-4.20606e-02
Total F12 Energy  = 0.00000e+00
Sum Energies Total=-4.20606e-02
-------------------------------------------
timer:                         Solve Amplitudes     0.00s     0.00s 
No optimization untill now: Compressing pno ranks with tighter threshold
1.00000e-10 instead of 1.00000e-08
pair11: density evals:
 [*]   0.00465113   0.00465113   0.00546785

pair22: density evals:
 [*]   0.00401744   0.00401744   0.02885407

timer:                            compress PNOs     0.00s     0.00s 
timer:                             MRA compress     0.00s     0.00s 
timer:                          Transform Pairs     0.31s     0.31s 
timer:                          PNO Compression     0.31s     0.31s 
Information About All Pairs:
mp2_pair11           number=0 rank=  3 frozen=false
mp2_pair21           number=1 rank=  0 frozen=true
mp2_pair22           number=2 rank=  3 frozen=false
number of pairs=3
average rank   =2 (2.00000e+00)
largest rank   =3
saving vector of functions mp2_pair11
saving vector of functions mp2_pair22
timer:                        save pnos on disc     0.11s     0.11s 
exiting: Found no_opt keyword
PNO ranks:
PNO Rank for pair pair11 = 3
PNO Rank for pair pair21 = 0
PNO Rank for pair pair22 = 3
average rank 2.00000e+00
timer:                               PNO::solve     9.75s     9.75s 

--------------------------------
ITERATE-PAIRS-INTERNAL-ENDED
--------------------------------
=======================================================

Final MP2 Energies

=======================================================
    i    j      singlet      triplet        Total
=======================================================
    1    1  -1.91297e-02  0.00000e+00 -1.91297e-02
    2    1   0.00000e+00  0.00000e+00  0.00000e+00
    2    2  -2.29309e-02  0.00000e+00 -2.29309e-02
=======================================================
Final MP2 Energies (singlet): -4.20606e-02
Final MP2 Energies (triplet):  0.00000e+00
Final MP2 Energies (total)  : -4.20606e-02
=======================================================
-------------------------------------------
Total Reg Energy  =-4.20606e-02
Total F12 Energy  = 0.00000e+00
Sum Energies Total=-4.20606e-02
-------------------------------------------
Average | Max Rank: 2 | 3
                 time pno = 7.00644e+01
               energy mp2 = -4.20606e-02
     average pno rank mp2 = 2
         max pno rank mp2 = 3
--------------------------------------------------
            energy(total) = -1.56979e+01
--------------------------------------------------



Orthonormalization technique used: symmetric
No CABS used.
Tightening thresholds to +0.00010000 for post-processing
Overlap Matrix of all PNOs:
+1.00000140 +0.28769052 -0.00000000 -0.00000000 +0.00000000 -0.00000000 
+0.28769052 +0.99999887 -0.00000000 +0.00000000 -0.00000000 -0.00000000 
-0.00000000 -0.00000000 +1.00000000 +0.00000000 -0.07715512 -0.02149906 
-0.00000000 +0.00000000 +0.00000000 +1.00000000 +0.02149906 -0.07715512 
+0.00000000 -0.00000000 -0.07715512 +0.02149906 +1.00000000 +0.00000000 
-0.00000000 -0.00000000 -0.02149906 -0.07715512 +0.00000000 +1.00000000 
Before cherry pick
rank is +0
all used occupation numbers:
[+0.02885407 +0.00546785 +0.00465113 +0.00465113 +0.00401744 +0.00401744 ]
corresponding to active pairs:
[(1,1) (0,0) (0,0) (0,0) (1,1) (1,1) ]
After cherry pick
all used occupation numbers:
[+0.02885407 +0.00546785 +0.00465113 +0.00465113 +0.00401744 +0.00401744 ]
corresponding to active pairs:
[(1,1) (0,0) (0,0) (0,0) (1,1) (1,1) ]
Overlap Matrix before symmetric
[+0,*]  +1.00000140  +0.28769052  -0.00000000  -0.00000000  -0.00000000  -0.00000000
[+1,*]  +0.28769052  +0.99999887  -0.00000000  +0.00000000  -0.00000000  -0.00000000
[+2,*]  -0.00000000  -0.00000000  +1.00000000  +0.00000000  -0.07715512  -0.02149906
[+3,*]  -0.00000000  +0.00000000  +0.00000000  +1.00000000  +0.02149906  -0.07715512
[+4,*]  -0.00000000  -0.00000000  -0.07715512  +0.02149906  +1.00000000  +0.00000000
[+5,*]  -0.00000000  -0.00000000  -0.02149906  -0.07715512  +0.00000000  +1.00000000
Overlap Matrix after symmetric
[+0,*]  +1.00000000  +0.00000000  -0.00000000  +0.00000000  -0.00000000  +0.00000000
[+1,*]  +0.00000000  +1.00000000  +0.00000000  -0.00000000  +0.00000000  -0.00000000
[+2,*]  -0.00000000  +0.00000000  +1.00000000  -0.00000000  +0.00000000  +0.00000000
[+3,*]  +0.00000000  -0.00000000  -0.00000000  +1.00000000  -0.00000000  +0.00000000
[+4,*]  -0.00000000  +0.00000000  +0.00000000  -0.00000000  +1.00000000  -0.00000000
[+5,*]  +0.00000000  -0.00000000  +0.00000000  +0.00000000  -0.00000000  +1.00000000
Adding 3 HF orbitals
Size before adding CABS: 9.
Size after adding CABS: 9.
Compute G and F Tensor:
Assemble g,f using symmetries...
non zero elements:
 g : +11109
 h : +37
Overlap over whole basis
[+0,*]  +1.00000000  -0.00000278  +0.00000003  +0.00000596  -0.00001456  -0.00000000  -0.00000000  -0.00000000  -0.00000000
[+1,*]  -0.00000278  +1.00000000  +0.00000055  -0.00000188  +0.00000461  +0.00000000  -0.00000000  +0.00000000  +0.00000000
[+2,*]  +0.00000003  +0.00000055  +1.00000000  -0.00000042  +0.00000100  +0.00000000  -0.00000000  +0.00000000  +0.00000000
[+3,*]  +0.00000596  -0.00000188  -0.00000042  +1.00000000  +0.00000000  -0.00000000  -0.00000000  -0.00000000  +0.00000000
[+4,*]  -0.00001456  +0.00000461  +0.00000100  +0.00000000  +1.00000000  +0.00000000  -0.00000000  +0.00000000  -0.00000000
[+5,*]  -0.00000000  +0.00000000  +0.00000000  -0.00000000  +0.00000000  +1.00000000  -0.00000000  +0.00000000  +0.00000000
[+6,*]  -0.00000000  -0.00000000  -0.00000000  -0.00000000  -0.00000000  -0.00000000  +1.00000000  -0.00000000  +0.00000000
[+7,*]  -0.00000000  +0.00000000  +0.00000000  -0.00000000  +0.00000000  +0.00000000  -0.00000000  +1.00000000  -0.00000000
[+8,*]  -0.00000000  +0.00000000  +0.00000000  +0.00000000  -0.00000000  +0.00000000  +0.00000000  -0.00000000  +1.00000000

||S-1||=+0.00002372
finished at time 226.0

    Parallel environment
    --------------------
                  #nodes    1
       #threads per node    11+main = 12
          #total threads    12

  RMI message statistics (min / avg / max)
  ----------------------
   #messages in server q    0.00e+00 / 0.00e+00 / 0.00e+00
 #messages sent per node    0.00e+00 / 0.00e+00 / 0.00e+00
    #bytes sent per node    0.00e+00 / 0.00e+00 / 0.00e+00
 #messages recv per node    0.00e+00 / 0.00e+00 / 0.00e+00
    #bytes recv per node    0.00e+00 / 0.00e+00 / 0.00e+00
        #msgs systemwide    0.00e+00
       #bytes systemwide    0.00e+00

  Thread pool statistics (min / avg / max)
  ----------------------
         #tasks per node    1.37e+07 / 1.37e+07 / 1.37e+07
     #max q len per node    1.10e+04 / 1.10e+04 / 1.10e+04
  #hi-pri tasks per node    4.08e+06 / 4.08e+06 / 4.08e+06

         Total wall time    225.9s
         Total  cpu time    225.9s

