MADNESS runtime initialized with 11 threads in the pool and affinity -1 -1 -1
starting at time 0.0

--------------------------------------------
   MADNESS 0.10.1 multiresolution suite
--------------------------------------------

   number of processors ... 1
    processor frequency ... 3.695913e+09
            host system ... Linux
          configured by ... kottmann
          configured on ... wittgenstein
          configured at ... 2021-02-10T21:25:26
                    CXX ... /usr/bin/c++
               CXXFLAGS ... -O3 -DNDEBUG -I/h/28/kottmann/install/numcpp/include/ -I/h/28/kottmann/install/boost/boost_1_72_0/include/ -std=c++1z
             tuning for ... default
                    MPI ... multiple
 multi-threaded runtime ... MADNESS ThreadPool
                   BLAS ... Intel MKL 66403 66403 MFLOP/s
               compiled ... 13:08:26  on  Feb 23 2021


-------------------------------------------------------------------------------------
SOLVING MRA-PNO-F12 as described in 
J.S. Kottmann, F.A. Bischoff, E.F. Valeev
Direct determination of optimal pair-natural orbitals in a real-space representation:
the second-order Møller-Plesset energy
Journal of Chemical Physics ... 2020
-------------------------------------------------------------------------------------


This script will run PNO-MP2 and print out tensors in binary
Call as: pno_integrals inputfileinput is input
ignoring unknown parameter in input file:  ncf

Angstrom being used to read input coordinates (1 Bohr = 1.88972613 Angstrom)


Asymptotic correction parameters
---------------------------------------
Atom vector is not empty: false
Using multipole approximation: false
Number of electrons = -1
Ionisation energy = 0.000000e+00
E(HOMO) = 0.000000e+00
R1 = 3.000000e+00
R2 = 4.000000e+00
DFT coefficient = 0.000000e+00
Interpolation scheme = linear
constructed symmetry operator for point group C1
dft
              charge  0.0000e+00 # defined   total molecular charge
                  xc  hf         # defined   XC input line
               smear  0.0000e+00 # default   smearing parameter
               econv  1.0000e-04 # defined   energy convergence
               dconv  5.0000e-04 # defined   density convergence
convergence_criteria  [bsh_residual, total_energy] # default   possible values are: bsh_residual, total_energy, each_energy, density
                   k  7          # defined   polynomial order
                   l  5.5575e+01 # derived   user coordinates box size
               deriv  abgv       # default   derivative method                            [abgv, bspline, ble]
           dft_deriv  abgv       # default   derivative method for gga potentials         [abgv, bspline, ble]
             maxrotn  2.5000e-01 # default   step restriction used in autoshift algorithm
             nvalpha  0          # default   number of alpha virtuals to compute
              nvbeta  0          # default   number of beta virtuals to compute
               nopen  0          # default   number of unpaired electrons = nalpha-nbeta
             maxiter  25         # default   maximum number of iterations
                 nio  1          # default   no. of io servers to use
     spin_restricted  true       # default   true if spin restricted
              plotlo  0          # default   range of MOs to print (for both spins if polarized
              plothi  -1         # default   range of MOs to print (for both spins if polarized
            plotdens  false      # default   If true print the density at convergence
            plotcoul  false      # default   If true plot the total coulomb potential at convergence
            localize  boys       # defined   localization method                          [pm, boys, new, canon]
          pointgroup  c1         # derived   use point (sub) group symmetry if not localized[c1, c2, ci, cs, c2v, c2h, d2, d2h]
             restart  false      # default   if true restart from orbitals on disk
           restartao  false      # default   if true restart from orbitals projected into AO basis (STO3G) on disk
          no_compute  false      # default   if true use orbitals on disk, set value to computed
           no_orient  false      # default   if true the molecule coordinates will not be reoriented
                save  true       # default   if true save orbitals to disk
              maxsub  10         # default   size of iterative subspace ... set to 0 or 1 to disable
        orbitalshift  0.0000e+00 # default   scf orbital shift: shift the occ orbitals to lower energies
            npt_plot  101        # default   no. of points to use in each dim for plots
           plot_cell  []         # default   lo hi in each dimension for plotting (default is all space)
             aobasis  6-31g      # derived   AO basis used for initial guess (6-31g or sto-3g)
           core_type  none       # default   core potential type                          [none, mpc]
         derivatives  false      # default   if true calculate nuclear derivatives
              dipole  false      # default   if true calculate dipole moment
      conv_only_dens  false      # default   if true remove bsh_residual from convergence criteria (deprecated)
            psp_calc  false      # default   pseudopotential calculation for all atoms
 print_dipole_matels  false      # default   if true output dipole matrix elements
            pcm_data  none       # default   do a PCM (solvent) calculation
             ac_data  none       # default   do a calculation with asymptotic correction (see ACParameters class in chem/AC.h for details)
             pure_ae  true       # default   pure all electron calculation with no pseudo-atoms
         print_level  3          # default   0: no output; 1: final energy; 2: iterations; 3: timings; 10: debug
              nalpha  3          # derived   number of alpha spin electrons
               nbeta  3          # derived   number of beta  spin electrons
           nmo_alpha  3          # derived   number of alpha spin molecular orbitals
            nmo_beta  3          # derived   number of beta spin molecular orbitals
                  lo  9.0905e-04 # derived   smallest length scale we need to resolve
            protocol  [1.0000e-04, 1.0000e-06] # derived   calculation protocol
                gopt  false      # default   geometry optimizer
                gtol  1.0000e-04 # default   geometry tolerance
               gtest  false      # default   geometry tolerance
                gval  1.0000e-05 # default   value precision
               gprec  1.0000e-04 # default   gradient precision
            gmaxiter  20         # default   optimization maxiter
    ginitial_hessian  false      # default   compute inital hessian for optimization
              algopt  bfgs       # default   algorithm used for optimization              [bfgs, cg]
            tdksprop  false      # default   time-dependent Kohn-Sham equation propagate
           nv_factor  1          # default   factor to multiply number of virtual orbitals with when automatically decreasing nvirt
           vnucextra  2          # default   load balance parameter for nuclear pot
        loadbalparts  2          # default   ??
            response  false      # default   response function calculation
       response_freq  0.0000e+00 # default   frequency for calculation response function
       response_axis  [1, 1, 1]  # default   response axis
           nonrotate  false      # default   if true do not molcule orient (redundant with no_orient
               rconv  1.0000e-06 # default   Response convergence
              efield  0.0000e+00 # default   eps for finite field
         efield_axis  0          # default   finite field axis                            [0, 1, 2]
              nwfile  none       # default   Base name of nwchem output files (.out and .movecs extensions) to read from
                 ncf  (none,1.0000e+00) # defined   nuclear correlation factor
             hessian  false      # default   compute the hessian matrix
           read_cphf  false      # default   read the converged orbital response for nuclear displacements from file
        restart_cphf  false      # default   read the guess orbital response for nuclear displacements from file
      purify_hessian  false      # default   symmetrize the hessian matrix based on atomic charges

end
              charge  0.0000e+00 # defined   total molecular charge
                  xc  hf         # defined   XC input line
               smear  0.0000e+00 # default   smearing parameter
               econv  1.0000e-04 # defined   energy convergence
               dconv  5.0000e-04 # defined   density convergence
convergence_criteria  [bsh_residual, total_energy] # default   possible values are: bsh_residual, total_energy, each_energy, density
                   k  7          # defined   polynomial order
                   l  5.5575e+01 # derived   user coordinates box size
               deriv  abgv       # default   derivative method                            [abgv, bspline, ble]
           dft_deriv  abgv       # default   derivative method for gga potentials         [abgv, bspline, ble]
             maxrotn  2.5000e-01 # default   step restriction used in autoshift algorithm
             nvalpha  0          # default   number of alpha virtuals to compute
              nvbeta  0          # default   number of beta virtuals to compute
               nopen  0          # default   number of unpaired electrons = nalpha-nbeta
             maxiter  25         # default   maximum number of iterations
                 nio  1          # default   no. of io servers to use
     spin_restricted  true       # default   true if spin restricted
              plotlo  0          # default   range of MOs to print (for both spins if polarized
              plothi  -1         # default   range of MOs to print (for both spins if polarized
            plotdens  false      # default   If true print the density at convergence
            plotcoul  false      # default   If true plot the total coulomb potential at convergence
            localize  boys       # defined   localization method                          [pm, boys, new, canon]
          pointgroup  c1         # derived   use point (sub) group symmetry if not localized[c1, c2, ci, cs, c2v, c2h, d2, d2h]
             restart  false      # default   if true restart from orbitals on disk
           restartao  false      # default   if true restart from orbitals projected into AO basis (STO3G) on disk
          no_compute  false      # default   if true use orbitals on disk, set value to computed
           no_orient  false      # default   if true the molecule coordinates will not be reoriented
                save  true       # default   if true save orbitals to disk
              maxsub  10         # default   size of iterative subspace ... set to 0 or 1 to disable
        orbitalshift  0.0000e+00 # default   scf orbital shift: shift the occ orbitals to lower energies
            npt_plot  101        # default   no. of points to use in each dim for plots
           plot_cell  []         # default   lo hi in each dimension for plotting (default is all space)
             aobasis  6-31g      # derived   AO basis used for initial guess (6-31g or sto-3g)
           core_type  none       # default   core potential type                          [none, mpc]
         derivatives  false      # default   if true calculate nuclear derivatives
              dipole  false      # default   if true calculate dipole moment
      conv_only_dens  false      # default   if true remove bsh_residual from convergence criteria (deprecated)
            psp_calc  false      # default   pseudopotential calculation for all atoms
 print_dipole_matels  false      # default   if true output dipole matrix elements
            pcm_data  none       # default   do a PCM (solvent) calculation
             ac_data  none       # default   do a calculation with asymptotic correction (see ACParameters class in chem/AC.h for details)
             pure_ae  true       # default   pure all electron calculation with no pseudo-atoms
         print_level  3          # default   0: no output; 1: final energy; 2: iterations; 3: timings; 10: debug
              nalpha  3          # derived   number of alpha spin electrons
               nbeta  3          # derived   number of beta  spin electrons
           nmo_alpha  3          # derived   number of alpha spin molecular orbitals
            nmo_beta  3          # derived   number of beta spin molecular orbitals
                  lo  9.0905e-04 # derived   smallest length scale we need to resolve
            protocol  [1.0000e-04, 1.0000e-06] # derived   calculation protocol
                gopt  false      # default   geometry optimizer
                gtol  1.0000e-04 # default   geometry tolerance
               gtest  false      # default   geometry tolerance
                gval  1.0000e-05 # default   value precision
               gprec  1.0000e-04 # default   gradient precision
            gmaxiter  20         # default   optimization maxiter
    ginitial_hessian  false      # default   compute inital hessian for optimization
              algopt  bfgs       # default   algorithm used for optimization              [bfgs, cg]
            tdksprop  false      # default   time-dependent Kohn-Sham equation propagate
           nv_factor  1          # default   factor to multiply number of virtual orbitals with when automatically decreasing nvirt
           vnucextra  2          # default   load balance parameter for nuclear pot
        loadbalparts  2          # default   ??
            response  false      # default   response function calculation
       response_freq  0.0000e+00 # default   frequency for calculation response function
       response_axis  [1, 1, 1]  # default   response axis
           nonrotate  false      # default   if true do not molcule orient (redundant with no_orient
               rconv  1.0000e-06 # default   Response convergence
              efield  0.0000e+00 # default   eps for finite field
         efield_axis  0          # default   finite field axis                            [0, 1, 2]
              nwfile  none       # default   Base name of nwchem output files (.out and .movecs extensions) to read from



 geometry
   eprec 1.0e-06
   units atomic
   Be            0.00000000           0.00000000           0.09448631
   H             0.00000000           0.00000000           5.19674687
   H             0.00000000           0.00000000          -5.57469209
 end

Solving NDIM= 3  with thresh 1.000000e-04     k 7    conv 5.000000e-04 

timer:     Project vnuclear     0.17s     0.17s
constructed nuclear correlation factor of the form
    R   =  1.000000e+00
with eprec  1.000000e-06
which means it's (nearly) a conventional calculation

timer:        reproject ncf     0.53s     0.53s
timer:        guess density     0.14s     0.14s
timer:   guess Coulomb potn     0.18s     0.18s
timer:       guess lda potn     0.08s     0.08s
timer:        guess overlap     0.01s     0.01s
timer:    KEmat reconstruct     0.00s     0.00s
timer:  KEmat differentiate     0.08s     0.08s
timer:       KEmat compress     0.04s     0.04s
timer: KEmat inner products     0.02s     0.02s
timer:     guess Kinet potn     0.14s     0.14s
timer:           guess fock     0.15s     0.15s
timer:      guess eigen sol     0.02s     0.02s
timer: guess orbital groupi     0.10s     0.10s

starting protocol at time      2.5s 
precision steps  1.000000e-04  -->  1.000000e-04
protocol: thresh 1.000000e-04 econv  1.000000e-04 dconv 5.000000e-04

ending protocol at time      2.5s 

Solving NDIM= 3  with thresh 1.000000e-04     k 7    conv 5.000000e-04 

timer:        Boys localize     0.33s     0.33s
orbital irreps []
timer:      reconstruct psi     0.06s     0.06s
timer:        compute Jnemo     0.31s     0.31s
timer:        compute Knemo     0.73s     0.73s
timer: compute Unemo 0.0158     0.08s     0.08s

  nuclear and kinetic     -22.60431250
         kinetic only      15.08758154
              coulomb       8.81989363
             exchange      -3.17342788
    nuclear-repulsion       1.58237395
   regularized energy     -15.37547280
  buggy if hybrid functionals are used..
timer:       compute energy     1.32s     1.32s
Norm of vector changes ab spin case : rms 1.161763e-01    max 1.649668e-01
convergence: bshresidual, energy change, max energy change, density change 1.3e-01 1.5e+01 1.5e+01 1.4e+00
finished iteration  0 at time      7.4s with energy  -15.37547280
timer:        Boys localize     0.31s     0.31s
orbital irreps []
timer:      reconstruct psi     0.07s     0.07s
timer:        compute Jnemo     0.21s     0.21s
timer:        compute Knemo     0.71s     0.71s
timer: compute Unemo 0.0158     0.06s     0.06s

  nuclear and kinetic     -22.77160529
         kinetic only      14.96368453
              coulomb       8.81934888
             exchange      -3.08097634
    nuclear-repulsion       1.58237395
   regularized energy     -15.45085880
  buggy if hybrid functionals are used..
timer:       compute energy     1.29s     1.29s
Norm of vector changes ab spin case : rms 5.108812e-02    max 6.918966e-02
convergence: bshresidual, energy change, max energy change, density change 3.8e-02 7.5e-02 1.7e-01 1.8e-02
finished iteration  1 at time     12.1s with energy  -15.45085880
timer:        Boys localize     0.35s     0.35s
orbital irreps []
timer:      reconstruct psi     0.10s     0.10s
timer:        compute Jnemo     0.38s     0.38s
timer:        compute Knemo     0.70s     0.70s
timer: compute Unemo 0.0159     0.09s     0.09s

  nuclear and kinetic     -22.88531803
         kinetic only      14.96972759
              coulomb       8.89538023
             exchange      -3.05487476
    nuclear-repulsion       1.58237395
   regularized energy     -15.46243860
  buggy if hybrid functionals are used..
timer:       compute energy     1.45s     1.45s
Norm of vector changes ab spin case : rms 1.776147e-02    max 2.605427e-02
convergence: bshresidual, energy change, max energy change, density change 1.0e-02 1.2e-02 1.1e-01 6.0e-03
finished iteration  2 at time     17.4s with energy  -15.46243860
timer:        Boys localize     0.49s     0.49s
orbital irreps []
timer:      reconstruct psi     0.07s     0.07s
timer:        compute Jnemo     0.28s     0.28s
timer:        compute Knemo     0.71s     0.71s
timer: compute Unemo 0.0159     0.06s     0.06s

  nuclear and kinetic     -22.93589786
         kinetic only      14.97947308
              coulomb       8.93853471
             exchange      -3.04905251
    nuclear-repulsion       1.58237395
   regularized energy     -15.46404170
  buggy if hybrid functionals are used..
timer:       compute energy     1.47s     1.47s
Norm of vector changes ab spin case : rms 7.834428e-03    max 1.197101e-02
convergence: bshresidual, energy change, max energy change, density change 3.5e-03 1.6e-03 5.1e-02 1.6e-03
finished iteration  3 at time     22.7s with energy  -15.46404170
timer:        Boys localize     0.34s     0.34s
orbital irreps []
timer:      reconstruct psi     0.04s     0.04s
timer:        compute Jnemo     0.24s     0.24s
timer:        compute Knemo     0.76s     0.76s
timer: compute Unemo 0.0160     0.05s     0.05s

  nuclear and kinetic     -22.95267124
         kinetic only      14.98220703
              coulomb       8.95382198
             exchange      -3.04781099
    nuclear-repulsion       1.58237395
   regularized energy     -15.46428629
  buggy if hybrid functionals are used..
timer:       compute energy     1.31s     1.31s
Norm of vector changes ab spin case : rms 1.656869e-03    max 2.078947e-03
convergence: bshresidual, energy change, max energy change, density change 8.7e-04 2.4e-04 1.7e-02 3.9e-04
finished iteration  4 at time     27.8s with energy  -15.46428629
timer:        Boys localize     0.43s     0.43s
orbital irreps []
timer:      reconstruct psi     0.07s     0.07s
timer:        compute Jnemo     0.31s     0.31s
timer:        compute Knemo     0.77s     0.77s
timer: compute Unemo 0.0160     0.08s     0.08s

  nuclear and kinetic     -22.95319951
         kinetic only      14.98162986
              coulomb       8.95423473
             exchange      -3.04771115
    nuclear-repulsion       1.58237395
   regularized energy     -15.46430197
  buggy if hybrid functionals are used..
timer:       compute energy     1.40s     1.40s
Norm of vector changes ab spin case : rms 1.675423e-03    max 2.470302e-03
convergence: bshresidual, energy change, max energy change, density change 5.0e-04 1.6e-05 5.8e-04 3.7e-04
finished iteration  5 at time     33.5s with energy  -15.46430197
timer:        Boys localize     0.36s     0.36s
orbital irreps []
timer:      reconstruct psi     0.06s     0.06s
timer:        compute Jnemo     0.25s     0.25s
timer:        compute Knemo     0.76s     0.76s
timer: compute Unemo 0.0160     0.07s     0.07s

  nuclear and kinetic     -22.95177880
         kinetic only      14.98072466
              coulomb       8.95304613
             exchange      -3.04794800
    nuclear-repulsion       1.58237395
   regularized energy     -15.46430672
  buggy if hybrid functionals are used..
timer:       compute energy     1.16s     1.16s
Norm of vector changes ab spin case : rms 5.780759e-04    max 7.172642e-04
convergence: bshresidual, energy change, max energy change, density change 2.8e-04 4.7e-06 1.4e-03 8.6e-05
finished iteration  6 at time     38.7s with energy  -15.46430672

Iterations converged


ending protocol at time     38.7s 

 Dipole Moment (a.u.)
 -----------

     x:  -1.061996e-13
     y:  -6.825467e-14
     z:  2.481657e-01
 Total Dipole Moment:  2.481657e-01 

timer:               dipole     0.00s     0.00s
Nemo Orbital Energies: [*]  -4.88324672  -0.35660238  -0.33094218

nemo energy:  -1.546431e+01
 at time 39.0
PNO Integrals evaluated as:
pnoint
       rank_increase  15         # default   maximum rank to increase in every macroiteration
               chunk  100        # default   chunk of functions operated on in parallel when G or K is applied (prevent memory shortage)
               debug  false      # default   debug mode
              freeze  1          # derived   frozen core approximation
             maxrank  2          # defined   maximal pno rank for all pairs
           guesstype  exop       # derived   the guesstype: exop (recommended, multiply polynomial excitation operators onto the occupied orbitals), empty (don't compute a guess), scf (use the ao basis from the SCF solver), partial_wave (create s,p,d ..., type functions and place on atoms), predefined (same as partial_wave but for predefined sets)
                exop  multipole  # derived   this string defines which excitation operators can be used, use 'dipole', 'dipole+', 'quadrupole', 'ocopole', or 'multipole', need to set guesstype to 'exop' which is the default
          exop_trigo  true       # default   use trigonometric excitation operators ( x --> sin(x)
        partial_wave             # default   atom centered partial wave guess of format like 'h-2s1p-o-3s2p1d', need to set guesstype to 'partial_wave' and adaptive_solver to 'none'
          predefined             # default   predefined partial wave guesses of type pvxz with x=d,t,q,5,6, need to set guesstype to 'predefined' and adaptive_solver to 'none'
           maxiter_t  100        # default   maximal number of iterations in the amplitude solver
       maxiter_micro  10         # default   Maximum of iterations for every cycle in the adaptive solver
       maxiter_macro  10         # default   Maximum of iterations of cycles in the adaptive solver
                tpno  1.0000e-08 # default   PNO cutoff threshold
          tpno_tight  1.0000e-10 # derived   PNO cutoff for the first iteration
    canonicalize_pno  true       # default   canonicalize the pnos before the amplitude solver
              thresh  1.0000e-04 # defined   MRA threshold
         econv_micro  1.0000e-04 # derived   Energy convergence for microiterations (Greens function based optimization) in adaptive solver
         econv_pairs  1.0000e-05 # derived   ENergy convergence for individual pairs in adaptive solver. Converged pairs are frozen automatically
         econv_macro  1.0000e-04 # derived   Energy convergence for macroiterations in adaptive solver, no effect if adaptive_solver is deactivated
               dconv  1.0000e-01 # default   convergence of every PNO in the Green's function solver
           op_thresh  1.0000e-06 # default   MRA operator thresh
             restart  none       # derived   restart pairs of this type, use 'mp2', 'cispd', 'all' or 'none'
          no_compute  none       # default   do not compute the pairs of this type, use 'mp2', 'cispd', 'all' or 'none'
              no_opt  none       # default   do not optimize the pnos of this type, use 'mp2', 'cispd', 'all' or 'none'
            no_guess  none       # derived   guess for this type will be empty, use 'mp2', 'cispd', 'all' or 'none'
     adaptive_solver  all        # default   Use adaptive solver for those pairs, use 'mp2', 'cispd', 'all' or 'none', works only in combination with guesstype 'exop'
                kain  true       # default   use KAIN solver in amplitude solver
       kain_subspace  5          # default   subspace size of the KAIN solver (amplitudes)
                 f12  false      # defined   use explicit correlation
        cispd_number  -1         # default   CIS(D) excitation numbers, to read in correct functions
        cispd_energy  0.0000e+00 # default   CIS energy
        freeze_pairs  none       # default   frozen pairs will not be optimized: Expected format 'a b c d' will freeze pairs ab and cd
freeze_pairs_of_orbital  []         # default    All pairs which originate from this orbital will not be optimized
active_pairs_of_orbital  []         # default    All pairs which originate from this orbital will not be frozen all other pairs will, if this vector is not empty
no_opt_in_first_iteration  false      # default   Do not optimize in the first iteration (then the potentials do not have to be evaluated, use this for large guesses)
            exchange  full       # default   approximate exchange with 'neglect' or xc functional -> same syntax as moldft
           save_pnos  true       # default   Save the OBS-PNOs to a file, before and after orthonormalization.
            diagonal  true       # defined   Compute only diagonal PNOs
              orthog  symmetric  # defined   orthogonalization method for PNO basis, also current default for a potential CABS. options: symmetric, canonical, cholesky, rr_cholesky,
         orthog_cabs  default    # default   orthogonalization method for CABS basis. options: symmetric, canonical, cholesky, rr_cholesky, uses same as orbitals basis if default.
               n_pno  2          # defined   desired size of PNO-basis (orbital space)
         cabs_option  none       # default   type of complementary auxiliary basis to be used. can be none ~ no CABS, gbs ~ Gaussian basis set as CABS, requires input via auxbas_file, pno ~ use superfluous PNOs as CABS, mixed ~ gbs&pno-option
       pno_cabs_size  -1         # default   size of a potential pno-cabs. defaults to -1 ~ all remaining PNOs, if pno-cabs or mixed-cabs
           only_diag  false      # default   use only diagonal elements PNOs
         cherry_pick  []         # default   cherry pick option to choose particular set of PNOs, not just blindly by occupation number. can be useful, if only a restricted number of PNOs can be used, to avoid separating degenerate pairs. can be envoked by passing a vector via [ elem1, elem2, ... ]
               gamma  1.4000e+00 # default   The f12 length scale, here to be used to compute f12-integrals
         cabs_thresh  1.0000e-04 # derived    thresh for cabs part
              auxbas  none       # default   atom centered partial wave guess of format like 'h-2s1p-o-3s2p1d'
         auxbas_file  none       # default   Use external comp. aux. basis in addition to the pnos as auxbasis. Give the filename as parameter. Give the auxbas in turbomole format. Don't use contractions. If a file is specified the auxbas parameter has no effect
   print_pno_overlap  true       # default   Print overlap matrix at certain steps in computation, for debugging purposes.
              n_virt  0          # defined   Compute this number of virtuals and include them in the integral construction, experimental and not robust!.
      hardcore_boson  false      # default   compute only integrals for hardcore boson hamiltonian (restricted to double occupations)

end
F12 Operators initialized right
timer:                    Testing F12 Operators     0.26s     0.26s 
timer:  Initializing (active) Exchange Orbitals     0.86s     0.86s 
Size of active mos and their exchange potentials:
K(acmos)=3.311992e-03 Gbyte
acmos   =2.974659e-03 Gbyte
PNO Parameters
pno
       rank_increase  15         # default   maximum rank to increase in every macroiteration
               chunk  100        # default   chunk of functions operated on in parallel when G or K is applied (prevent memory shortage)
               debug  false      # default   debug mode
              freeze  1          # derived   frozen core approximation
             maxrank  2          # defined   maximal pno rank for all pairs
           guesstype  exop       # derived   the guesstype: exop (recommended, multiply polynomial excitation operators onto the occupied orbitals), empty (don't compute a guess), scf (use the ao basis from the SCF solver), partial_wave (create s,p,d ..., type functions and place on atoms), predefined (same as partial_wave but for predefined sets)
                exop  multipole  # derived   this string defines which excitation operators can be used, use 'dipole', 'dipole+', 'quadrupole', 'ocopole', or 'multipole', need to set guesstype to 'exop' which is the default
          exop_trigo  true       # default   use trigonometric excitation operators ( x --> sin(x)
        partial_wave             # default   atom centered partial wave guess of format like 'h-2s1p-o-3s2p1d', need to set guesstype to 'partial_wave' and adaptive_solver to 'none'
          predefined             # default   predefined partial wave guesses of type pvxz with x=d,t,q,5,6, need to set guesstype to 'predefined' and adaptive_solver to 'none'
           maxiter_t  100        # default   maximal number of iterations in the amplitude solver
       maxiter_micro  10         # default   Maximum of iterations for every cycle in the adaptive solver
       maxiter_macro  10         # default   Maximum of iterations of cycles in the adaptive solver
                tpno  1.0000e-08 # default   PNO cutoff threshold
          tpno_tight  1.0000e-10 # derived   PNO cutoff for the first iteration
    canonicalize_pno  true       # default   canonicalize the pnos before the amplitude solver
              thresh  1.0000e-04 # defined   MRA threshold
         econv_micro  1.0000e-04 # derived   Energy convergence for microiterations (Greens function based optimization) in adaptive solver
         econv_pairs  1.0000e-05 # derived   ENergy convergence for individual pairs in adaptive solver. Converged pairs are frozen automatically
         econv_macro  1.0000e-04 # derived   Energy convergence for macroiterations in adaptive solver, no effect if adaptive_solver is deactivated
               dconv  1.0000e-01 # default   convergence of every PNO in the Green's function solver
           op_thresh  1.0000e-06 # default   MRA operator thresh
             restart  none       # derived   restart pairs of this type, use 'mp2', 'cispd', 'all' or 'none'
          no_compute  none       # default   do not compute the pairs of this type, use 'mp2', 'cispd', 'all' or 'none'
              no_opt  none       # default   do not optimize the pnos of this type, use 'mp2', 'cispd', 'all' or 'none'
            no_guess  none       # derived   guess for this type will be empty, use 'mp2', 'cispd', 'all' or 'none'
     adaptive_solver  all        # default   Use adaptive solver for those pairs, use 'mp2', 'cispd', 'all' or 'none', works only in combination with guesstype 'exop'
                kain  true       # default   use KAIN solver in amplitude solver
       kain_subspace  5          # default   subspace size of the KAIN solver (amplitudes)
                 f12  false      # defined   use explicit correlation
        cispd_number  -1         # default   CIS(D) excitation numbers, to read in correct functions
        cispd_energy  0.0000e+00 # default   CIS energy
        freeze_pairs  none       # default   frozen pairs will not be optimized: Expected format 'a b c d' will freeze pairs ab and cd
freeze_pairs_of_orbital  []         # default    All pairs which originate from this orbital will not be optimized
active_pairs_of_orbital  []         # default    All pairs which originate from this orbital will not be frozen all other pairs will, if this vector is not empty
no_opt_in_first_iteration  false      # default   Do not optimize in the first iteration (then the potentials do not have to be evaluated, use this for large guesses)
            exchange  full       # default   approximate exchange with 'neglect' or xc functional -> same syntax as moldft
           save_pnos  true       # default   Save the OBS-PNOs to a file, before and after orthonormalization.
            diagonal  true       # defined   Compute only diagonal PNOs

end

**********************
Solve PNO-MP2
*********************


**********************
Iterate Pairs
*********************


************************
Adaptive Solver
***********************

Initializing empty Pairs:
no guess was explicitly demanded for mp2

timer:                                     RRCD     0.00s     0.00s 
timer:                             MRA compress     0.00s     0.00s 
timer:                          Transform Pairs     0.00s     0.00s 
timer:          apply Q and orthonormalize PNOs     0.00s     0.00s 
Created Guess:
pair11 with 0 guess functions
pair21 with 0 guess functions
pair22 with 0 guess functions
guess pair11 size: 0.0000000000e+00 | 0.0000000000e+00 Gbyte (after truncation)
guess pair22 size: 0.0000000000e+00 | 0.0000000000e+00 Gbyte (after truncation)
timer:                           truncate guess     0.00s     0.00s 
timer:                         Initialize Pairs     0.00s     0.00s 
Keyword multipole is not known
Guess protocol for adaptively growing ranks is: [dipole+, quadrupole, big_fock_3, big_fock_3, big_fock_3, big_fock_3, big_fock_3, big_fock_3, big_fock_3, big_fock_3]


--------Adaptive Solver Macroiteration 0 from max 10 ----------

Growing ranks with exop=dipole+
Create guess functions by multiplying plane-waves to 1 functions 
Created 4 virtuals for pair11
pair21 is frozen: no growing
Create guess functions by multiplying plane-waves to 1 functions 
Created 4 virtuals for pair22
frozen pair: no orthonormalization
timer:                                     RRCD     0.01s     0.01s 
timer:                             MRA compress     0.00s     0.00s 
timer:                          Transform Pairs     0.03s     0.03s 
timer:                        grow PNO subspace     0.90s     0.90s 
SolveInternal: Parameters are assigned as
no_compute        = false
no_opt            = false
restart           = false
do_cispd          = false
econv             =1.0000000000e-04
maxrank (min,max) = (2,2)
Solving MP2 doubles
timer:          fock matrix     1.40s     1.40s
Information About All Pairs:
mp2_pair11           number=0 rank=  4 frozen=false
mp2_pair21           number=1 rank=  0 frozen=true
mp2_pair22           number=2 rank=  4 frozen=false
number of pairs=3
average rank   =2 (2.6666666667e+00)
largest rank   =4
PNOPairs Memory Information
Total: 0.0107946396 GB 
PNO  : 0.0107946396 GB 
KPNO : 0.0000000000 GB 
W    : 0.0000000000 GB 

timer:                                 truncate     0.01s     0.01s 
wall time=44.5777189732 chunk=8 allK.size()=8 memory=0.0103039742 GB
timer:                             compute KPNO     1.44s     1.44s 
wall time=44.6391808987 chunk=8 allJ.size()=8 memory=0.0118577480 GB
timer:                             compute JPNO     0.06s     0.06s 
timer:                    compute Fock matrices     0.48s     0.48s 
timer:                             MRA compress     0.00s     0.00s 
timer:                          Transform Pairs     0.20s     0.20s 
timer:                             Canonicalize     0.20s     0.20s 
PNOPairs Memory Information
Total: 0.0205261707 GB 
PNO  : 0.0105493069 GB 
KPNO : 0.0099768639 GB 
W    : 0.0000000000 GB 

timer:                                 truncate     0.02s     0.02s 
mp2_pair21 is frozen: potential not computed
timer:                   Fluctuation Potentials     0.74s     0.74s 
timer:                       Fluctuation Matrix     0.07s     0.07s 
PNOPairs Memory Information
Total: 0.0349190235 GB 
PNO  : 0.0105493069 GB 
KPNO : 0.0099768639 GB 
W    : 0.0143928528 GB 

PNOPairs Memory Information
Total: 0.0349190235 GB 
PNO  : 0.0105493069 GB 
KPNO : 0.0099768639 GB 
W    : 0.0143928528 GB 

timer:                                 truncate     0.02s     0.02s 
timer:                             PNO Overlaps     0.03s     0.03s 
t_iter =  0  Hylleraas energy =  0.0000000000  ||R||_F =  0.1529350836  conv =  no
subspace solution [*]   1.00000000

t_iter =  1  Hylleraas energy =  -0.0345262986  ||R||_F =  0.0000000429  conv =  yes
=======================================================

Hylleraas MP2 Energies

=======================================================
    i    j      singlet      triplet        Total
=======================================================
    1    1  -1.60765e-02  0.00000e+00 -1.60765e-02
    2    1   0.00000e+00  0.00000e+00  0.00000e+00
    2    2  -1.84498e-02  0.00000e+00 -1.84498e-02
=======================================================
Hylleraas MP2 Energies (singlet): -3.45263e-02
Hylleraas MP2 Energies (triplet):  0.00000e+00
Hylleraas MP2 Energies (total)  : -3.45263e-02
=======================================================
-------------------------------------------
Total Reg Energy  =-3.45263e-02
Total F12 Energy  = 0.00000e+00
Sum Energies Total=-3.45263e-02
-------------------------------------------
timer:                         Solve Amplitudes     0.00s     0.00s 
No optimization untill now: Compressing pno ranks with tighter threshold
1.00000e-10 instead of 1.00000e-08
pair11: density evals:
 [*]   0.00252138   0.00324444   0.00324444   0.03848123

pair11: # of PNOs reduced from  4  to  2  maxrank= 2
pair22: density evals:
 [*]   0.00243628   0.00303007   0.00303007   0.05345264

pair22: # of PNOs reduced from  4  to  2  maxrank= 2
timer:                            compress PNOs     0.00s     0.00s 
timer:                             MRA compress     0.00s     0.00s 
timer:                          Transform Pairs     0.16s     0.16s 
timer:                          PNO Compression     0.16s     0.16s 
Information About All Pairs:
mp2_pair11           number=0 rank=  2 frozen=false
mp2_pair21           number=1 rank=  0 frozen=true
mp2_pair22           number=2 rank=  2 frozen=false
number of pairs=3
average rank   =1 (1.33333e+00)
largest rank   =2
saving vector of functions mp2_pair11
saving vector of functions mp2_pair22
timer:                        save pnos on disc     0.09s     0.09s 
PNOPairs Memory Information
Total: 0.01807 GB 
PNO  : 0.00523 GB 
KPNO : 0.00515 GB 
W    : 0.00769 GB 

timer:                                 truncate     0.00s     0.00s 
timer:      compute densities for G application     0.00s     0.00s 
pair21 is frozen: no optimization
timer:                Prepare for G application     0.03s     0.03s 
timer:                                    add K     0.00s     0.00s 
size of all Vpsi potentials (without Vnuc and J) 0.00638 GB 
time=46.64364 chunk=4 Vpsi+Vnuc+J=0.01795 GB
time=46.66140 chunk=4 Vpsi+Vnuc+J=0.01779 GB (after truncation)
timer:                           Apply G to all     0.69s     0.69s 
timer:                       apply Q and update     0.00s     0.00s 
mp2_pair11 residual norms:
[0.35454, 0.37031]
mp2_pair11 scaled residual norms:
[0.02019, 0.07264]
mp2_pair22 residual norms:
[0.35563, 0.35767]
mp2_pair22 scaled residual norms:
[0.01958, 0.08269]
timer:                          update all PNOs     0.72s     0.72s 
frozen pair: no orthonormalization
timer:                                     RRCD     0.01s     0.01s 
timer:                             MRA compress     0.00s     0.00s 
timer:                          Transform Pairs     0.04s     0.04s 
saving vector of functions mp2_pair11
saving vector of functions mp2_pair22
timer:                        save pnos on disc     0.09s     0.09s 


No convergence yet. Energy change = 0.03453

timer:                        Whole Iteration 1     4.21s     4.21s 
Information About All Pairs:
mp2_pair11           number=0 rank=  2 frozen=false
mp2_pair21           number=1 rank=  0 frozen=true
mp2_pair22           number=2 rank=  2 frozen=false
number of pairs=3
average rank   =1 (1.33333)
largest rank   =2
PNOPairs Memory Information
Total: 0.00572 GB 
PNO  : 0.00572 GB 
KPNO : 0.00000 GB 
W    : 0.00000 GB 

timer:                                 truncate     0.03s     0.03s 
wall time=48.42827 chunk=4 allK.size()=4 memory=0.00507 GB
timer:                             compute KPNO     1.07s     1.07s 
wall time=48.46700 chunk=4 allJ.size()=4 memory=0.00622 GB
timer:                             compute JPNO     0.04s     0.04s 
timer:                    compute Fock matrices     0.35s     0.35s 
timer:                             MRA compress     0.00s     0.00s 
timer:                          Transform Pairs     0.08s     0.08s 
timer:                             Canonicalize     0.08s     0.08s 
PNOPairs Memory Information
Total: 0.01079 GB 
PNO  : 0.00572 GB 
KPNO : 0.00507 GB 
W    : 0.00000 GB 

timer:                                 truncate     0.01s     0.01s 
mp2_pair21 is frozen: potential not computed
timer:                   Fluctuation Potentials     0.57s     0.57s 
timer:                       Fluctuation Matrix     0.06s     0.06s 
PNOPairs Memory Information
Total: 0.01848 GB 
PNO  : 0.00572 GB 
KPNO : 0.00507 GB 
W    : 0.00769 GB 

PNOPairs Memory Information
Total: 0.01848 GB 
PNO  : 0.00572 GB 
KPNO : 0.00507 GB 
W    : 0.00769 GB 

timer:                                 truncate     0.02s     0.02s 
timer:                             PNO Overlaps     0.02s     0.02s 
t_iter =  0  Hylleraas energy =  0.00000  ||R||_F =  0.18676  conv =  no
subspace solution [*]   1.00000000

t_iter =  1  Hylleraas energy =  -0.05271  ||R||_F =  0.00000  conv =  yes
=======================================================

Hylleraas MP2 Energies

=======================================================
    i    j      singlet      triplet        Total
=======================================================
    1    1  -2.41825e-02  0.00000e+00 -2.41825e-02
    2    1   0.00000e+00  0.00000e+00  0.00000e+00
    2    2  -2.85252e-02  0.00000e+00 -2.85252e-02
=======================================================
Hylleraas MP2 Energies (singlet): -5.27077e-02
Hylleraas MP2 Energies (triplet):  0.00000e+00
Hylleraas MP2 Energies (total)  : -5.27077e-02
=======================================================
-------------------------------------------
Total Reg Energy  =-5.27077e-02
Total F12 Energy  = 0.00000e+00
Sum Energies Total=-5.27077e-02
-------------------------------------------
timer:                         Solve Amplitudes     0.00s     0.00s 
pair11: density evals:
 [*]   0.00390330   0.06655003

pair22: density evals:
 [*]   0.00361797   0.09265162

timer:                            compress PNOs     0.00s     0.00s 
timer:                             MRA compress     0.00s     0.00s 
timer:                          Transform Pairs     0.20s     0.20s 
timer:                          PNO Compression     0.20s     0.20s 
Information About All Pairs:
mp2_pair11           number=0 rank=  2 frozen=false
mp2_pair21           number=1 rank=  0 frozen=true
mp2_pair22           number=2 rank=  2 frozen=false
number of pairs=3
average rank   =1 (1.33333e+00)
largest rank   =2
saving vector of functions mp2_pair11
saving vector of functions mp2_pair22
timer:                        save pnos on disc     0.09s     0.09s 
PNOPairs Memory Information
Total: 0.01848 GB 
PNO  : 0.00572 GB 
KPNO : 0.00507 GB 
W    : 0.00769 GB 

timer:                                 truncate     0.02s     0.02s 
timer:      compute densities for G application     0.00s     0.00s 
pair21 is frozen: no optimization
timer:                Prepare for G application     0.02s     0.02s 
timer:                                    add K     0.00s     0.00s 
size of all Vpsi potentials (without Vnuc and J) 0.00703 GB 
time=50.10715 chunk=4 Vpsi+Vnuc+J=0.01758 GB
time=50.12533 chunk=4 Vpsi+Vnuc+J=0.01709 GB (after truncation)
timer:                           Apply G to all     0.70s     0.70s 
timer:                       apply Q and update     0.00s     0.00s 
mp2_pair11 residual norms:
[0.08574, 0.09846]
mp2_pair11 scaled residual norms:
[0.00536, 0.02540]
mp2_pair22 residual norms:
[0.08934, 0.08968]
mp2_pair22 scaled residual norms:
[0.00537, 0.02730]
timer:                          update all PNOs     0.72s     0.72s 
frozen pair: no orthonormalization
timer:                                     RRCD     0.01s     0.01s 
timer:                             MRA compress     0.00s     0.00s 
timer:                          Transform Pairs     0.05s     0.05s 
saving vector of functions mp2_pair11
saving vector of functions mp2_pair22
timer:                        save pnos on disc     0.09s     0.09s 


No convergence yet. Energy change = 0.01818

timer:                        Whole Iteration 2     3.44s     3.44s 
Information About All Pairs:
mp2_pair11           number=0 rank=  2 frozen=false
mp2_pair21           number=1 rank=  0 frozen=true
mp2_pair22           number=2 rank=  2 frozen=false
number of pairs=3
average rank   =1 (1.33333)
largest rank   =2
PNOPairs Memory Information
Total: 0.00548 GB 
PNO  : 0.00548 GB 
KPNO : 0.00000 GB 
W    : 0.00000 GB 

timer:                                 truncate     0.03s     0.03s 
wall time=51.92015 chunk=4 allK.size()=4 memory=0.00527 GB
timer:                             compute KPNO     1.12s     1.12s 
wall time=51.98079 chunk=4 allJ.size()=4 memory=0.00613 GB
timer:                             compute JPNO     0.06s     0.06s 
timer:                    compute Fock matrices     0.38s     0.38s 
timer:                             MRA compress     0.00s     0.00s 
timer:                          Transform Pairs     0.08s     0.08s 
timer:                             Canonicalize     0.08s     0.08s 
PNOPairs Memory Information
Total: 0.01075 GB 
PNO  : 0.00548 GB 
KPNO : 0.00527 GB 
W    : 0.00000 GB 

timer:                                 truncate     0.02s     0.02s 
mp2_pair21 is frozen: potential not computed
timer:                   Fluctuation Potentials     0.57s     0.57s 
timer:                       Fluctuation Matrix     0.06s     0.06s 
PNOPairs Memory Information
Total: 0.01844 GB 
PNO  : 0.00548 GB 
KPNO : 0.00527 GB 
W    : 0.00769 GB 

PNOPairs Memory Information
Total: 0.01844 GB 
PNO  : 0.00548 GB 
KPNO : 0.00527 GB 
W    : 0.00769 GB 

timer:                                 truncate     0.00s     0.00s 
timer:                             PNO Overlaps     0.02s     0.02s 
t_iter =  0  Hylleraas energy =  0.00000  ||R||_F =  0.19859  conv =  no
subspace solution [*]   1.00000000

t_iter =  1  Hylleraas energy =  -0.05584  ||R||_F =  0.00000  conv =  yes
=======================================================

Hylleraas MP2 Energies

=======================================================
    i    j      singlet      triplet        Total
=======================================================
    1    1  -2.56946e-02  0.00000e+00 -2.56946e-02
    2    1   0.00000e+00  0.00000e+00  0.00000e+00
    2    2  -3.01481e-02  0.00000e+00 -3.01481e-02
=======================================================
Hylleraas MP2 Energies (singlet): -5.58426e-02
Hylleraas MP2 Energies (triplet):  0.00000e+00
Hylleraas MP2 Energies (total)  : -5.58426e-02
=======================================================
-------------------------------------------
Total Reg Energy  =-5.58426e-02
Total F12 Energy  = 0.00000e+00
Sum Energies Total=-5.58426e-02
-------------------------------------------
timer:                         Solve Amplitudes     0.00s     0.00s 
pair11: density evals:
 [*]   0.00374043   0.06615093

pair22: density evals:
 [*]   0.00345056   0.09232388

timer:                            compress PNOs     0.00s     0.00s 
timer:                             MRA compress     0.00s     0.00s 
timer:                          Transform Pairs     0.01s     0.01s 
timer:                          PNO Compression     0.01s     0.01s 
Information About All Pairs:
mp2_pair11           number=0 rank=  2 frozen=false
mp2_pair21           number=1 rank=  0 frozen=true
mp2_pair22           number=2 rank=  2 frozen=false
number of pairs=3
average rank   =1 (1.33333e+00)
largest rank   =2
saving vector of functions mp2_pair11
saving vector of functions mp2_pair22
timer:                        save pnos on disc     0.09s     0.09s 
PNOPairs Memory Information
Total: 0.01844 GB 
PNO  : 0.00548 GB 
KPNO : 0.00527 GB 
W    : 0.00769 GB 

timer:                                 truncate     0.02s     0.02s 
timer:      compute densities for G application     0.00s     0.00s 
pair21 is frozen: no optimization
timer:                Prepare for G application     0.04s     0.04s 
timer:                                    add K     0.00s     0.00s 
size of all Vpsi potentials (without Vnuc and J) 0.00695 GB 
time=53.43933 chunk=4 Vpsi+Vnuc+J=0.01726 GB
time=53.47345 chunk=4 Vpsi+Vnuc+J=0.01676 GB (after truncation)
timer:                           Apply G to all     0.64s     0.64s 
timer:                       apply Q and update     0.00s     0.00s 
mp2_pair11 residual norms:
[0.03150, 0.04116]
mp2_pair11 scaled residual norms:
[0.00193, 0.01059]
mp2_pair22 residual norms:
[0.03845, 0.03698]
mp2_pair22 scaled residual norms:
[0.00226, 0.01124]
timer:                          update all PNOs     0.68s     0.68s 
frozen pair: no orthonormalization
timer:                                     RRCD     0.02s     0.02s 
timer:                             MRA compress     0.00s     0.00s 
timer:                          Transform Pairs     0.03s     0.03s 
saving vector of functions mp2_pair11
saving vector of functions mp2_pair22
timer:                        save pnos on disc     0.09s     0.09s 


No convergence yet. Energy change = 0.00313

timer:                        Whole Iteration 3     3.30s     3.30s 
Information About All Pairs:
mp2_pair11           number=0 rank=  2 frozen=false
mp2_pair21           number=1 rank=  0 frozen=true
mp2_pair22           number=2 rank=  2 frozen=false
number of pairs=3
average rank   =1 (1.33333)
largest rank   =2
PNOPairs Memory Information
Total: 0.00556 GB 
PNO  : 0.00556 GB 
KPNO : 0.00000 GB 
W    : 0.00000 GB 

timer:                                 truncate     0.01s     0.01s 
wall time=55.22040 chunk=4 allK.size()=4 memory=0.00536 GB
timer:                             compute KPNO     1.15s     1.15s 
wall time=55.27101 chunk=4 allJ.size()=4 memory=0.00613 GB
timer:                             compute JPNO     0.05s     0.05s 
timer:                    compute Fock matrices     0.33s     0.33s 
timer:                             MRA compress     0.00s     0.00s 
timer:                          Transform Pairs     0.08s     0.08s 
timer:                             Canonicalize     0.08s     0.08s 
PNOPairs Memory Information
Total: 0.01092 GB 
PNO  : 0.00556 GB 
KPNO : 0.00536 GB 
W    : 0.00000 GB 

timer:                                 truncate     0.02s     0.02s 
mp2_pair21 is frozen: potential not computed
timer:                   Fluctuation Potentials     0.55s     0.55s 
timer:                       Fluctuation Matrix     0.05s     0.05s 
PNOPairs Memory Information
Total: 0.01860 GB 
PNO  : 0.00556 GB 
KPNO : 0.00536 GB 
W    : 0.00769 GB 

PNOPairs Memory Information
Total: 0.01860 GB 
PNO  : 0.00556 GB 
KPNO : 0.00536 GB 
W    : 0.00769 GB 

timer:                                 truncate     0.02s     0.02s 
timer:                             PNO Overlaps     0.02s     0.02s 
t_iter =  0  Hylleraas energy =  0.00000  ||R||_F =  0.20290  conv =  no
subspace solution [*]   1.00000000

t_iter =  1  Hylleraas energy =  -0.05644  ||R||_F =  0.00000  conv =  yes
=======================================================

Hylleraas MP2 Energies

=======================================================
    i    j      singlet      triplet        Total
=======================================================
    1    1  -2.59804e-02  0.00000e+00 -2.59804e-02
    2    1   0.00000e+00  0.00000e+00  0.00000e+00
    2    2  -3.04571e-02  0.00000e+00 -3.04571e-02
=======================================================
Hylleraas MP2 Energies (singlet): -5.64375e-02
Hylleraas MP2 Energies (triplet):  0.00000e+00
Hylleraas MP2 Energies (total)  : -5.64375e-02
=======================================================
-------------------------------------------
Total Reg Energy  =-5.64375e-02
Total F12 Energy  = 0.00000e+00
Sum Energies Total=-5.64375e-02
-------------------------------------------
timer:                         Solve Amplitudes     0.00s     0.00s 
pair11: density evals:
 [*]   0.00364866   0.06463499

pair22: density evals:
 [*]   0.00334710   0.09050718

timer:                            compress PNOs     0.00s     0.00s 
timer:                             MRA compress     0.00s     0.00s 
timer:                          Transform Pairs     0.16s     0.16s 
timer:                          PNO Compression     0.16s     0.16s 
Information About All Pairs:
mp2_pair11           number=0 rank=  2 frozen=false
mp2_pair21           number=1 rank=  0 frozen=true
mp2_pair22           number=2 rank=  2 frozen=false
number of pairs=3
average rank   =1 (1.33333e+00)
largest rank   =2
saving vector of functions mp2_pair11
saving vector of functions mp2_pair22
timer:                        save pnos on disc     0.09s     0.09s 
PNOPairs Memory Information
Total: 0.01860 GB 
PNO  : 0.00556 GB 
KPNO : 0.00536 GB 
W    : 0.00769 GB 

timer:                                 truncate     0.02s     0.02s 
timer:      compute densities for G application     0.00s     0.00s 
pair21 is frozen: no optimization
timer:                Prepare for G application     0.07s     0.07s 
timer:                                    add K     0.00s     0.00s 
size of all Vpsi potentials (without Vnuc and J) 0.00695 GB 
time=56.85883 chunk=4 Vpsi+Vnuc+J=0.01717 GB
time=56.87720 chunk=4 Vpsi+Vnuc+J=0.01652 GB (after truncation)
timer:                           Apply G to all     0.67s     0.67s 
timer:                       apply Q and update     0.00s     0.00s 
mp2_pair11 residual norms:
[0.01506, 0.01945]
mp2_pair11 scaled residual norms:
[0.00091, 0.00494]
mp2_pair22 residual norms:
[0.02241, 0.01758]
mp2_pair22 scaled residual norms:
[0.00130, 0.00529]
timer:                          update all PNOs     0.74s     0.74s 
frozen pair: no orthonormalization
timer:                                     RRCD     0.01s     0.01s 
timer:                             MRA compress     0.00s     0.00s 
timer:                          Transform Pairs     0.05s     0.05s 
saving vector of functions mp2_pair11
saving vector of functions mp2_pair22
timer:                        save pnos on disc     0.09s     0.09s 


No convergence yet. Energy change = 0.00059

timer:                        Whole Iteration 4     3.44s     3.44s 
Information About All Pairs:
mp2_pair11           number=0 rank=  2 frozen=false
mp2_pair21           number=1 rank=  0 frozen=true
mp2_pair22           number=2 rank=  2 frozen=false
number of pairs=3
average rank   =1 (1.33333)
largest rank   =2
PNOPairs Memory Information
Total: 0.00564 GB 
PNO  : 0.00564 GB 
KPNO : 0.00000 GB 
W    : 0.00000 GB 

timer:                                 truncate     0.00s     0.00s 
wall time=58.73212 chunk=4 allK.size()=4 memory=0.00540 GB
timer:                             compute KPNO     1.23s     1.23s 
wall time=58.78697 chunk=4 allJ.size()=4 memory=0.00613 GB
timer:                             compute JPNO     0.05s     0.05s 
timer:                    compute Fock matrices     0.37s     0.37s 
timer:                             MRA compress     0.00s     0.00s 
timer:                          Transform Pairs     0.11s     0.11s 
timer:                             Canonicalize     0.11s     0.11s 
PNOPairs Memory Information
Total: 0.01104 GB 
PNO  : 0.00564 GB 
KPNO : 0.00540 GB 
W    : 0.00000 GB 

timer:                                 truncate     0.01s     0.01s 
mp2_pair21 is frozen: potential not computed
timer:                   Fluctuation Potentials     0.48s     0.48s 
timer:                       Fluctuation Matrix     0.05s     0.05s 
PNOPairs Memory Information
Total: 0.01873 GB 
PNO  : 0.00564 GB 
KPNO : 0.00540 GB 
W    : 0.00769 GB 

PNOPairs Memory Information
Total: 0.01873 GB 
PNO  : 0.00564 GB 
KPNO : 0.00540 GB 
W    : 0.00769 GB 

timer:                                 truncate     0.00s     0.00s 
timer:                             PNO Overlaps     0.02s     0.02s 
t_iter =  0  Hylleraas energy =  0.00000  ||R||_F =  0.20476  conv =  no
subspace solution [*]   1.00000000

t_iter =  1  Hylleraas energy =  -0.05657  ||R||_F =  0.00000  conv =  yes
=======================================================

Hylleraas MP2 Energies

=======================================================
    i    j      singlet      triplet        Total
=======================================================
    1    1  -2.60407e-02  0.00000e+00 -2.60407e-02
    2    1   0.00000e+00  0.00000e+00  0.00000e+00
    2    2  -3.05283e-02  0.00000e+00 -3.05283e-02
=======================================================
Hylleraas MP2 Energies (singlet): -5.65690e-02
Hylleraas MP2 Energies (triplet):  0.00000e+00
Hylleraas MP2 Energies (total)  : -5.65690e-02
=======================================================
-------------------------------------------
Total Reg Energy  =-5.65690e-02
Total F12 Energy  = 0.00000e+00
Sum Energies Total=-5.65690e-02
-------------------------------------------
timer:                         Solve Amplitudes     0.00s     0.00s 
pair11: density evals:
 [*]   0.00360200   0.06370459

pair22: density evals:
 [*]   0.00328646   0.08940388

timer:                            compress PNOs     0.00s     0.00s 
timer:                             MRA compress     0.00s     0.00s 
timer:                          Transform Pairs     0.20s     0.20s 
timer:                          PNO Compression     0.20s     0.20s 
Information About All Pairs:
mp2_pair11           number=0 rank=  2 frozen=false
mp2_pair21           number=1 rank=  0 frozen=true
mp2_pair22           number=2 rank=  2 frozen=false
number of pairs=3
average rank   =1 (1.33333e+00)
largest rank   =2
saving vector of functions mp2_pair11
saving vector of functions mp2_pair22
timer:                        save pnos on disc     0.09s     0.09s 
PNOPairs Memory Information
Total: 0.01873 GB 
PNO  : 0.00564 GB 
KPNO : 0.00540 GB 
W    : 0.00769 GB 

timer:                                 truncate     0.02s     0.02s 
timer:      compute densities for G application     0.00s     0.00s 
pair21 is frozen: no optimization
timer:                Prepare for G application     0.02s     0.02s 
timer:                                    add K     0.00s     0.00s 
size of all Vpsi potentials (without Vnuc and J) 0.00695 GB 
time=60.38278 chunk=4 Vpsi+Vnuc+J=0.01717 GB
time=60.39727 chunk=4 Vpsi+Vnuc+J=0.01652 GB (after truncation)
timer:                           Apply G to all     0.68s     0.68s 
timer:                       apply Q and update     0.00s     0.00s 
mp2_pair11 residual norms:
[0.00884, 0.00979]
mp2_pair11 scaled residual norms:
[0.00053, 0.00247]
mp2_pair22 residual norms:
[0.01520, 0.00895]
mp2_pair22 scaled residual norms:
[0.00087, 0.00268]
timer:                          update all PNOs     0.70s     0.70s 
frozen pair: no orthonormalization
timer:                                     RRCD     0.01s     0.01s 
timer:                             MRA compress     0.00s     0.00s 
timer:                          Transform Pairs     0.05s     0.05s 
saving vector of functions mp2_pair11
saving vector of functions mp2_pair22
timer:                        save pnos on disc     0.09s     0.09s 


No convergence yet. Energy change = 0.00013

timer:                        Whole Iteration 5     3.52s     3.52s 
Information About All Pairs:
mp2_pair11           number=0 rank=  2 frozen=false
mp2_pair21           number=1 rank=  0 frozen=true
mp2_pair22           number=2 rank=  2 frozen=false
number of pairs=3
average rank   =1 (1.33333)
largest rank   =2
PNOPairs Memory Information
Total: 0.00564 GB 
PNO  : 0.00564 GB 
KPNO : 0.00000 GB 
W    : 0.00000 GB 

timer:                                 truncate     0.02s     0.02s 
wall time=62.18420 chunk=4 allK.size()=4 memory=0.00544 GB
timer:                             compute KPNO     1.15s     1.15s 
wall time=62.23498 chunk=4 allJ.size()=4 memory=0.00613 GB
timer:                             compute JPNO     0.05s     0.05s 
timer:                    compute Fock matrices     0.36s     0.36s 
timer:                             MRA compress     0.00s     0.00s 
timer:                          Transform Pairs     0.06s     0.06s 
timer:                             Canonicalize     0.06s     0.06s 
PNOPairs Memory Information
Total: 0.01108 GB 
PNO  : 0.00564 GB 
KPNO : 0.00544 GB 
W    : 0.00000 GB 

timer:                                 truncate     0.01s     0.01s 
mp2_pair21 is frozen: potential not computed
timer:                   Fluctuation Potentials     0.54s     0.54s 
timer:                       Fluctuation Matrix     0.05s     0.05s 
PNOPairs Memory Information
Total: 0.01885 GB 
PNO  : 0.00564 GB 
KPNO : 0.00544 GB 
W    : 0.00777 GB 

PNOPairs Memory Information
Total: 0.01885 GB 
PNO  : 0.00564 GB 
KPNO : 0.00544 GB 
W    : 0.00777 GB 

timer:                                 truncate     0.02s     0.02s 
timer:                             PNO Overlaps     0.03s     0.03s 
t_iter =  0  Hylleraas energy =  0.00000  ||R||_F =  0.20564  conv =  no
subspace solution [*]   1.00000000

t_iter =  1  Hylleraas energy =  -0.05661  ||R||_F =  0.00000  conv =  yes
=======================================================

Hylleraas MP2 Energies

=======================================================
    i    j      singlet      triplet        Total
=======================================================
    1    1  -2.60614e-02  0.00000e+00 -2.60614e-02
    2    1   0.00000e+00  0.00000e+00  0.00000e+00
    2    2  -3.05496e-02  0.00000e+00 -3.05496e-02
=======================================================
Hylleraas MP2 Energies (singlet): -5.66110e-02
Hylleraas MP2 Energies (triplet):  0.00000e+00
Hylleraas MP2 Energies (total)  : -5.66110e-02
=======================================================
-------------------------------------------
Total Reg Energy  =-5.66110e-02
Total F12 Energy  = 0.00000e+00
Sum Energies Total=-5.66110e-02
-------------------------------------------
timer:                         Solve Amplitudes     0.00s     0.00s 
pair11: density evals:
 [*]   0.00357581   0.06325542

pair22: density evals:
 [*]   0.00324761   0.08884435

timer:                            compress PNOs     0.00s     0.00s 
timer:                             MRA compress     0.00s     0.00s 
timer:                          Transform Pairs     0.17s     0.17s 
timer:                          PNO Compression     0.17s     0.17s 
Information About All Pairs:
mp2_pair11           number=0 rank=  2 frozen=false
mp2_pair21           number=1 rank=  0 frozen=true
mp2_pair22           number=2 rank=  2 frozen=false
number of pairs=3
average rank   =1 (1.33333e+00)
largest rank   =2
saving vector of functions mp2_pair11
saving vector of functions mp2_pair22
timer:                        save pnos on disc     0.10s     0.10s 
PNOPairs Memory Information
Total: 0.01885 GB 
PNO  : 0.00564 GB 
KPNO : 0.00544 GB 
W    : 0.00777 GB 

timer:                                 truncate     0.03s     0.03s 
timer:      compute densities for G application     0.00s     0.00s 
pair21 is frozen: no optimization
timer:                Prepare for G application     0.04s     0.04s 
timer:                                    add K     0.02s     0.02s 
size of all Vpsi potentials (without Vnuc and J) 0.00695 GB 
time=63.85559 chunk=4 Vpsi+Vnuc+J=0.01754 GB
time=63.86034 chunk=4 Vpsi+Vnuc+J=0.01689 GB (after truncation)
timer:                           Apply G to all     0.70s     0.70s 
timer:                       apply Q and update     0.00s     0.00s 
mp2_pair11 residual norms:
[0.00578, 0.00511]
mp2_pair11 scaled residual norms:
[0.00035, 0.00128]
mp2_pair22 residual norms:
[0.01095, 0.00475]
mp2_pair22 scaled residual norms:
[0.00062, 0.00142]
timer:                          update all PNOs     0.76s     0.76s 
frozen pair: no orthonormalization
timer:                                     RRCD     0.01s     0.01s 
timer:                             MRA compress     0.00s     0.00s 
timer:                          Transform Pairs     0.02s     0.02s 
saving vector of functions mp2_pair11
saving vector of functions mp2_pair22
timer:                        save pnos on disc     0.11s     0.11s 


CONVERGED!
energy change = 0.00004

re-entering loop to compute the correct amplitudes and energies
timer:                        Whole Iteration 6     3.49s     3.49s 
Information About All Pairs:
mp2_pair11           number=0 rank=  2 frozen=false
mp2_pair21           number=1 rank=  0 frozen=true
mp2_pair22           number=2 rank=  2 frozen=false
number of pairs=3
average rank   =1 (1.33333)
largest rank   =2
PNOPairs Memory Information
Total: 0.00564 GB 
PNO  : 0.00564 GB 
KPNO : 0.00000 GB 
W    : 0.00000 GB 

timer:                                 truncate     0.02s     0.02s 
wall time=65.72822 chunk=4 allK.size()=4 memory=0.00544 GB
timer:                             compute KPNO     1.20s     1.20s 
wall time=65.78299 chunk=4 allJ.size()=4 memory=0.00613 GB
timer:                             compute JPNO     0.05s     0.05s 
timer:                    compute Fock matrices     0.32s     0.32s 
timer:                             MRA compress     0.00s     0.00s 
timer:                          Transform Pairs     0.05s     0.05s 
timer:                             Canonicalize     0.05s     0.05s 
PNOPairs Memory Information
Total: 0.01108 GB 
PNO  : 0.00564 GB 
KPNO : 0.00544 GB 
W    : 0.00000 GB 

timer:                                 truncate     0.02s     0.02s 
mp2_pair21 is frozen: potential not computed
timer:                   Fluctuation Potentials     0.59s     0.59s 
timer:                       Fluctuation Matrix     0.05s     0.05s 
PNOPairs Memory Information
Total: 0.01885 GB 
PNO  : 0.00564 GB 
KPNO : 0.00544 GB 
W    : 0.00777 GB 

PNOPairs Memory Information
Total: 0.01885 GB 
PNO  : 0.00564 GB 
KPNO : 0.00544 GB 
W    : 0.00777 GB 

timer:                                 truncate     0.02s     0.02s 
timer:                             PNO Overlaps     0.01s     0.01s 
t_iter =  0  Hylleraas energy =  0.00000  ||R||_F =  0.20609  conv =  no
subspace solution [*]   1.00000000

t_iter =  1  Hylleraas energy =  -0.05662  ||R||_F =  0.00000  conv =  yes
=======================================================

Hylleraas MP2 Energies

=======================================================
    i    j      singlet      triplet        Total
=======================================================
    1    1  -2.60652e-02  0.00000e+00 -2.60652e-02
    2    1   0.00000e+00  0.00000e+00  0.00000e+00
    2    2  -3.05584e-02  0.00000e+00 -3.05584e-02
=======================================================
Hylleraas MP2 Energies (singlet): -5.66236e-02
Hylleraas MP2 Energies (triplet):  0.00000e+00
Hylleraas MP2 Energies (total)  : -5.66236e-02
=======================================================
-------------------------------------------
Total Reg Energy  =-5.66236e-02
Total F12 Energy  = 0.00000e+00
Sum Energies Total=-5.66236e-02
-------------------------------------------
timer:                         Solve Amplitudes     0.00s     0.00s 
pair11: density evals:
 [*]   0.00355961   0.06301272

pair22: density evals:
 [*]   0.00322085   0.08857081

timer:                            compress PNOs     0.00s     0.00s 
timer:                             MRA compress     0.00s     0.00s 
timer:                          Transform Pairs     0.12s     0.12s 
timer:                          PNO Compression     0.12s     0.12s 
Information About All Pairs:
mp2_pair11           number=0 rank=  2 frozen=false
mp2_pair21           number=1 rank=  0 frozen=true
mp2_pair22           number=2 rank=  2 frozen=false
number of pairs=3
average rank   =1 (1.33333e+00)
largest rank   =2
saving vector of functions mp2_pair11
saving vector of functions mp2_pair22
timer:                        save pnos on disc     0.09s     0.09s 
exiting: Iterations converged
PNO ranks:
PNO Rank for pair pair11 = 2
PNO Rank for pair pair21 = 0
PNO Rank for pair pair22 = 2
average rank 1.33333e+00
timer:                               PNO::solve    25.34s    25.34s 

--------------------------------
ITERATE-PAIRS-INTERNAL-ENDED
--------------------------------
mp2_pair21 converged!


Adaptive Sovler:
 Current Energy=-5.6623648855e-02
 DeltaE        =-5.6623648855e-02
 max dE (pair) =-3.0558436362e-02 (2)
 all_pairs_conv=false




not converged yet

freeze pair mp2_pair21 (not further optimized: Energy below 1.0000000000e-05)
Maximum Rank of2 reached for all non-frozen pairs, no need to iterate further=======================================================

Final MP2 Energies

=======================================================
    i    j      singlet      triplet        Total
=======================================================
    1    1  -2.60652e-02  0.00000e+00 -2.60652e-02
    2    1   0.00000e+00  0.00000e+00  0.00000e+00
    2    2  -3.05584e-02  0.00000e+00 -3.05584e-02
=======================================================
Final MP2 Energies (singlet): -5.66236e-02
Final MP2 Energies (triplet):  0.00000e+00
Final MP2 Energies (total)  : -5.66236e-02
=======================================================
-------------------------------------------
Total Reg Energy  =-5.66236e-02
Total F12 Energy  = 0.00000e+00
Sum Energies Total=-5.66236e-02
-------------------------------------------
Average | Max Rank: 1 | 2



--------------------------------------------------
MRA-PNO-MP2-F12 ended 
--------------------------------------------------
                 time scf = 3.87427e+01
               energy scf = -1.54643e+01
--------------------------------------------------
restarting PNO to reload pairs that converged before and were frozen
PNO Parameters
pno
       rank_increase  15         # default   maximum rank to increase in every macroiteration
               chunk  100        # default   chunk of functions operated on in parallel when G or K is applied (prevent memory shortage)
               debug  false      # default   debug mode
              freeze  1          # derived   frozen core approximation
             maxrank  2          # defined   maximal pno rank for all pairs
           guesstype  exop       # derived   the guesstype: exop (recommended, multiply polynomial excitation operators onto the occupied orbitals), empty (don't compute a guess), scf (use the ao basis from the SCF solver), partial_wave (create s,p,d ..., type functions and place on atoms), predefined (same as partial_wave but for predefined sets)
                exop  multipole  # derived   this string defines which excitation operators can be used, use 'dipole', 'dipole+', 'quadrupole', 'ocopole', or 'multipole', need to set guesstype to 'exop' which is the default
          exop_trigo  true       # default   use trigonometric excitation operators ( x --> sin(x)
        partial_wave             # default   atom centered partial wave guess of format like 'h-2s1p-o-3s2p1d', need to set guesstype to 'partial_wave' and adaptive_solver to 'none'
          predefined             # default   predefined partial wave guesses of type pvxz with x=d,t,q,5,6, need to set guesstype to 'predefined' and adaptive_solver to 'none'
           maxiter_t  100        # default   maximal number of iterations in the amplitude solver
       maxiter_micro  10         # default   Maximum of iterations for every cycle in the adaptive solver
       maxiter_macro  10         # default   Maximum of iterations of cycles in the adaptive solver
                tpno  1.0000e-08 # default   PNO cutoff threshold
          tpno_tight  1.0000e-10 # derived   PNO cutoff for the first iteration
    canonicalize_pno  true       # default   canonicalize the pnos before the amplitude solver
              thresh  1.0000e-04 # defined   MRA threshold
         econv_micro  1.0000e-04 # derived   Energy convergence for microiterations (Greens function based optimization) in adaptive solver
         econv_pairs  1.0000e-05 # derived   ENergy convergence for individual pairs in adaptive solver. Converged pairs are frozen automatically
         econv_macro  1.0000e-04 # derived   Energy convergence for macroiterations in adaptive solver, no effect if adaptive_solver is deactivated
               dconv  1.0000e-01 # default   convergence of every PNO in the Green's function solver
           op_thresh  1.0000e-06 # default   MRA operator thresh
             restart  all        # defined   restart pairs of this type, use 'mp2', 'cispd', 'all' or 'none'
          no_compute  none       # default   do not compute the pairs of this type, use 'mp2', 'cispd', 'all' or 'none'
              no_opt  all        # defined   do not optimize the pnos of this type, use 'mp2', 'cispd', 'all' or 'none'
            no_guess  all        # defined   guess for this type will be empty, use 'mp2', 'cispd', 'all' or 'none'
     adaptive_solver  none       # defined   Use adaptive solver for those pairs, use 'mp2', 'cispd', 'all' or 'none', works only in combination with guesstype 'exop'
                kain  true       # default   use KAIN solver in amplitude solver
       kain_subspace  5          # default   subspace size of the KAIN solver (amplitudes)
                 f12  false      # defined   use explicit correlation
        cispd_number  -1         # default   CIS(D) excitation numbers, to read in correct functions
        cispd_energy  0.0000e+00 # default   CIS energy
        freeze_pairs  none       # default   frozen pairs will not be optimized: Expected format 'a b c d' will freeze pairs ab and cd
freeze_pairs_of_orbital  []         # default    All pairs which originate from this orbital will not be optimized
active_pairs_of_orbital  []         # default    All pairs which originate from this orbital will not be frozen all other pairs will, if this vector is not empty
no_opt_in_first_iteration  false      # default   Do not optimize in the first iteration (then the potentials do not have to be evaluated, use this for large guesses)
            exchange  full       # default   approximate exchange with 'neglect' or xc functional -> same syntax as moldft
           save_pnos  true       # default   Save the OBS-PNOs to a file, before and after orthonormalization.
            diagonal  true       # defined   Compute only diagonal PNOs

end

**********************
Solve PNO-MP2
*********************


**********************
Iterate Pairs
*********************


************************
Standard Solver
***********************

Initializing Pairs:
Restart demanded for mp2 pairs
loading vector of functions mp2_pair11
Found PNOs for mp2_pair11 with rank 2
loading vector of functions mp2_pair21
failed to find PNO mp2_pair21 initialize as zero function
nloading vector of functions mp2_pair22
Found PNOs for mp2_pair22 with rank 2
no guess was explicitly demanded for mp2

timer:                                     RRCD     0.02s     0.02s 
timer:                             MRA compress     0.00s     0.00s 
timer:                          Transform Pairs     0.03s     0.03s 
timer:          apply Q and orthonormalize PNOs     0.22s     0.22s 
Created Guess:
pair11 with 2 guess functions
pair21 with 0 guess functions
pair22 with 2 guess functions
guess pair11 size: 2.9031038284e-03 | 2.9031038284e-03 Gbyte (after truncation)
guess pair22 size: 2.7395486832e-03 | 2.7395486832e-03 Gbyte (after truncation)
timer:                           truncate guess     0.04s     0.04s 
timer:                         Initialize Pairs     0.27s     0.27s 
Information About All Pairs:
mp2_pair11           number=0 rank=  2 frozen=false
mp2_pair21           number=1 rank=  0 frozen=true
mp2_pair22           number=2 rank=  2 frozen=false
number of pairs=3
average rank   =1 (1.3333333333e+00)
largest rank   =2
SolveInternal: Parameters are assigned as
no_compute        = false
no_opt            = true
restart           = true
do_cispd          = false
econv             =1.0000000000e-04
maxrank (min,max) = (2,2)
Solving MP2 doubles
timer:          fock matrix     1.16s     1.16s
Information About All Pairs:
mp2_pair11           number=0 rank=  2 frozen=false
mp2_pair21           number=1 rank=  0 frozen=true
mp2_pair22           number=2 rank=  2 frozen=false
number of pairs=3
average rank   =1 (1.3333333333e+00)
largest rank   =2
PNOPairs Memory Information
Total: 0.0056426525 GB 
PNO  : 0.0056426525 GB 
KPNO : 0.0000000000 GB 
W    : 0.0000000000 GB 

timer:                                 truncate     0.01s     0.01s 
wall time=69.7281529903 chunk=4 allK.size()=4 memory=0.0054382086 GB
timer:                             compute KPNO     1.21s     1.21s 
wall time=69.8030018806 chunk=4 allJ.size()=4 memory=0.0061333179 GB
timer:                             compute JPNO     0.07s     0.07s 
timer:                    compute Fock matrices     0.46s     0.46s 
timer:                             MRA compress     0.00s     0.00s 
timer:                          Transform Pairs     0.08s     0.08s 
timer:                             Canonicalize     0.09s     0.09s 
PNOPairs Memory Information
Total: 0.0110808611 GB 
PNO  : 0.0056426525 GB 
KPNO : 0.0054382086 GB 
W    : 0.0000000000 GB 

timer:                                 truncate     0.03s     0.03s 
mp2_pair21 is frozen: potential not computed
timer:                   Fluctuation Potentials     0.59s     0.59s 
timer:                       Fluctuation Matrix     0.06s     0.06s 
PNOPairs Memory Information
Total: 0.0188497305 GB 
PNO  : 0.0056426525 GB 
KPNO : 0.0054382086 GB 
W    : 0.0077688694 GB 

PNOPairs Memory Information
Total: 0.0188497305 GB 
PNO  : 0.0056426525 GB 
KPNO : 0.0054382086 GB 
W    : 0.0077688694 GB 

timer:                                 truncate     0.02s     0.02s 
timer:                             PNO Overlaps     0.02s     0.02s 
t_iter =  0  Hylleraas energy =  0.0000000000  ||R||_F =  0.2060882635  conv =  no
subspace solution [*]   1.00000000

t_iter =  1  Hylleraas energy =  -0.0566238995  ||R||_F =  0.0000000000  conv =  yes
=======================================================

Hylleraas MP2 Energies

=======================================================
    i    j      singlet      triplet        Total
=======================================================
    1    1  -2.60654e-02  0.00000e+00 -2.60654e-02
    2    1   0.00000e+00  0.00000e+00  0.00000e+00
    2    2  -3.05585e-02  0.00000e+00 -3.05585e-02
=======================================================
Hylleraas MP2 Energies (singlet): -5.66239e-02
Hylleraas MP2 Energies (triplet):  0.00000e+00
Hylleraas MP2 Energies (total)  : -5.66239e-02
=======================================================
-------------------------------------------
Total Reg Energy  =-5.66239e-02
Total F12 Energy  = 0.00000e+00
Sum Energies Total=-5.66239e-02
-------------------------------------------
timer:                         Solve Amplitudes     0.00s     0.00s 
No optimization untill now: Compressing pno ranks with tighter threshold
1.00000e-10 instead of 1.00000e-08
pair11: density evals:
 [*]   0.00355961   0.06301327

pair22: density evals:
 [*]   0.00322085   0.08857100

timer:                            compress PNOs     0.00s     0.00s 
timer:                             MRA compress     0.00s     0.00s 
timer:                          Transform Pairs     0.14s     0.14s 
timer:                          PNO Compression     0.14s     0.14s 
Information About All Pairs:
mp2_pair11           number=0 rank=  2 frozen=false
mp2_pair21           number=1 rank=  0 frozen=true
mp2_pair22           number=2 rank=  2 frozen=false
number of pairs=3
average rank   =1 (1.33333e+00)
largest rank   =2
saving vector of functions mp2_pair11
saving vector of functions mp2_pair22
timer:                        save pnos on disc     0.11s     0.11s 
exiting: Found no_opt keyword
PNO ranks:
PNO Rank for pair pair11 = 2
PNO Rank for pair pair21 = 0
PNO Rank for pair pair22 = 2
average rank 1.33333e+00
timer:                               PNO::solve     3.98s     3.98s 

--------------------------------
ITERATE-PAIRS-INTERNAL-ENDED
--------------------------------
=======================================================

Final MP2 Energies

=======================================================
    i    j      singlet      triplet        Total
=======================================================
    1    1  -2.60654e-02  0.00000e+00 -2.60654e-02
    2    1   0.00000e+00  0.00000e+00  0.00000e+00
    2    2  -3.05585e-02  0.00000e+00 -3.05585e-02
=======================================================
Final MP2 Energies (singlet): -5.66239e-02
Final MP2 Energies (triplet):  0.00000e+00
Final MP2 Energies (total)  : -5.66239e-02
=======================================================
-------------------------------------------
Total Reg Energy  =-5.66239e-02
Total F12 Energy  = 0.00000e+00
Sum Energies Total=-5.66239e-02
-------------------------------------------
Average | Max Rank: 1 | 2
                 time pno = 2.80391e+01
               energy mp2 = -5.66239e-02
     average pno rank mp2 = 1
         max pno rank mp2 = 2
--------------------------------------------------
            energy(total) = -1.55209e+01
--------------------------------------------------



Orthonormalization technique used: symmetric
No CABS used.
Tightening thresholds to +0.00010000 for post-processing
Overlap Matrix of all PNOs:
+1.00000298 -0.56152582 
-0.56152582 +1.00000986 
Before cherry pick
rank is +0
all used occupation numbers:
[+0.08857100 +0.06301327 ]
corresponding to active pairs:
[(1,1) (0,0) ]
After cherry pick
all used occupation numbers:
[+0.08857100 +0.06301327 ]
corresponding to active pairs:
[(1,1) (0,0) ]
Overlap Matrix before symmetric
[+0,*]  +1.00000298  -0.56152582
[+1,*]  -0.56152582  +1.00000986
Overlap Matrix after symmetric
[+0,*]  +0.99999998  -0.00000003
[+1,*]  -0.00000003  +0.99999998
Adding 3 HF orbitals
Size before adding CABS: 5.
Size after adding CABS: 5.
Compute G and F Tensor:
Assemble g,f using symmetries...
non zero elements:
 g : +1185
 h : +25
Overlap over whole basis
[+0,*]  +1.00000000  +0.00000009  -0.00000085  -0.00000094  +0.00001499
[+1,*]  +0.00000009  +1.00000000  +0.00000008  -0.00000010  +0.00000220
[+2,*]  -0.00000085  +0.00000008  +1.00000000  -0.00000020  +0.00000219
[+3,*]  -0.00000094  -0.00000010  -0.00000020  +0.99999998  -0.00000003
[+4,*]  +0.00001499  +0.00000220  +0.00000219  -0.00000003  +0.99999998

||S-1||=+0.00002173
finished at time 79.7

    Parallel environment
    --------------------
                  #nodes    1
       #threads per node    11+main = 12
          #total threads    12

  RMI message statistics (min / avg / max)
  ----------------------
   #messages in server q    0.00e+00 / 0.00e+00 / 0.00e+00
 #messages sent per node    0.00e+00 / 0.00e+00 / 0.00e+00
    #bytes sent per node    0.00e+00 / 0.00e+00 / 0.00e+00
 #messages recv per node    0.00e+00 / 0.00e+00 / 0.00e+00
    #bytes recv per node    0.00e+00 / 0.00e+00 / 0.00e+00
        #msgs systemwide    0.00e+00
       #bytes systemwide    0.00e+00

  Thread pool statistics (min / avg / max)
  ----------------------
         #tasks per node    1.34e+07 / 1.34e+07 / 1.34e+07
     #max q len per node    6.45e+03 / 6.45e+03 / 6.45e+03
  #hi-pri tasks per node    4.47e+06 / 4.47e+06 / 4.47e+06

         Total wall time    79.6s
         Total  cpu time    79.6s

