MADNESS runtime initialized with 11 threads in the pool and affinity -1 -1 -1
starting at time 0.0

--------------------------------------------
   MADNESS 0.10.1 multiresolution suite
--------------------------------------------

   number of processors ... 1
    processor frequency ... 3.695677e+09
            host system ... Linux
          configured by ... kottmann
          configured on ... wittgenstein
          configured at ... 2021-02-10T21:25:26
                    CXX ... /usr/bin/c++
               CXXFLAGS ... -O3 -DNDEBUG -I/h/28/kottmann/install/numcpp/include/ -I/h/28/kottmann/install/boost/boost_1_72_0/include/ -std=c++1z
             tuning for ... default
                    MPI ... multiple
 multi-threaded runtime ... MADNESS ThreadPool
                   BLAS ... Intel MKL 9581 9581 MFLOP/s
               compiled ... 13:08:26  on  Feb 23 2021


-------------------------------------------------------------------------------------
SOLVING MRA-PNO-F12 as described in 
J.S. Kottmann, F.A. Bischoff, E.F. Valeev
Direct determination of optimal pair-natural orbitals in a real-space representation:
the second-order Møller-Plesset energy
Journal of Chemical Physics ... 2020
-------------------------------------------------------------------------------------


This script will run PNO-MP2 and print out tensors in binary
Call as: pno_integrals inputfileinput is input
ignoring unknown parameter in input file:  ncf

Angstrom being used to read input coordinates (1 Bohr = 1.88972613 Angstrom)


Asymptotic correction parameters
---------------------------------------
Atom vector is not empty: false
Using multipole approximation: false
Number of electrons = -1
Ionisation energy = 0.000000e+00
E(HOMO) = 0.000000e+00
R1 = 3.000000e+00
R2 = 4.000000e+00
DFT coefficient = 0.000000e+00
Interpolation scheme = linear
constructed symmetry operator for point group C1
dft
              charge  0.0000e+00 # defined   total molecular charge
                  xc  hf         # defined   XC input line
               smear  0.0000e+00 # default   smearing parameter
               econv  1.0000e-04 # defined   energy convergence
               dconv  5.0000e-04 # defined   density convergence
convergence_criteria  [bsh_residual, total_energy] # default   possible values are: bsh_residual, total_energy, each_energy, density
                   k  7          # defined   polynomial order
                   l  5.5039e+01 # derived   user coordinates box size
               deriv  abgv       # default   derivative method                            [abgv, bspline, ble]
           dft_deriv  abgv       # default   derivative method for gga potentials         [abgv, bspline, ble]
             maxrotn  2.5000e-01 # default   step restriction used in autoshift algorithm
             nvalpha  0          # default   number of alpha virtuals to compute
              nvbeta  0          # default   number of beta virtuals to compute
               nopen  0          # default   number of unpaired electrons = nalpha-nbeta
             maxiter  25         # default   maximum number of iterations
                 nio  1          # default   no. of io servers to use
     spin_restricted  true       # default   true if spin restricted
              plotlo  0          # default   range of MOs to print (for both spins if polarized
              plothi  -1         # default   range of MOs to print (for both spins if polarized
            plotdens  false      # default   If true print the density at convergence
            plotcoul  false      # default   If true plot the total coulomb potential at convergence
            localize  boys       # defined   localization method                          [pm, boys, new, canon]
          pointgroup  c1         # derived   use point (sub) group symmetry if not localized[c1, c2, ci, cs, c2v, c2h, d2, d2h]
             restart  false      # default   if true restart from orbitals on disk
           restartao  false      # default   if true restart from orbitals projected into AO basis (STO3G) on disk
          no_compute  false      # default   if true use orbitals on disk, set value to computed
           no_orient  false      # default   if true the molecule coordinates will not be reoriented
                save  true       # default   if true save orbitals to disk
              maxsub  10         # default   size of iterative subspace ... set to 0 or 1 to disable
        orbitalshift  0.0000e+00 # default   scf orbital shift: shift the occ orbitals to lower energies
            npt_plot  101        # default   no. of points to use in each dim for plots
           plot_cell  []         # default   lo hi in each dimension for plotting (default is all space)
             aobasis  6-31g      # derived   AO basis used for initial guess (6-31g or sto-3g)
           core_type  none       # default   core potential type                          [none, mpc]
         derivatives  false      # default   if true calculate nuclear derivatives
              dipole  false      # default   if true calculate dipole moment
      conv_only_dens  false      # default   if true remove bsh_residual from convergence criteria (deprecated)
            psp_calc  false      # default   pseudopotential calculation for all atoms
 print_dipole_matels  false      # default   if true output dipole matrix elements
            pcm_data  none       # default   do a PCM (solvent) calculation
             ac_data  none       # default   do a calculation with asymptotic correction (see ACParameters class in chem/AC.h for details)
             pure_ae  true       # default   pure all electron calculation with no pseudo-atoms
         print_level  3          # default   0: no output; 1: final energy; 2: iterations; 3: timings; 10: debug
              nalpha  3          # derived   number of alpha spin electrons
               nbeta  3          # derived   number of beta  spin electrons
           nmo_alpha  3          # derived   number of alpha spin molecular orbitals
            nmo_beta  3          # derived   number of beta spin molecular orbitals
                  lo  9.0905e-04 # derived   smallest length scale we need to resolve
            protocol  [1.0000e-04, 1.0000e-06] # derived   calculation protocol
                gopt  false      # default   geometry optimizer
                gtol  1.0000e-04 # default   geometry tolerance
               gtest  false      # default   geometry tolerance
                gval  1.0000e-05 # default   value precision
               gprec  1.0000e-04 # default   gradient precision
            gmaxiter  20         # default   optimization maxiter
    ginitial_hessian  false      # default   compute inital hessian for optimization
              algopt  bfgs       # default   algorithm used for optimization              [bfgs, cg]
            tdksprop  false      # default   time-dependent Kohn-Sham equation propagate
           nv_factor  1          # default   factor to multiply number of virtual orbitals with when automatically decreasing nvirt
           vnucextra  2          # default   load balance parameter for nuclear pot
        loadbalparts  2          # default   ??
            response  false      # default   response function calculation
       response_freq  0.0000e+00 # default   frequency for calculation response function
       response_axis  [1, 1, 1]  # default   response axis
           nonrotate  false      # default   if true do not molcule orient (redundant with no_orient
               rconv  1.0000e-06 # default   Response convergence
              efield  0.0000e+00 # default   eps for finite field
         efield_axis  0          # default   finite field axis                            [0, 1, 2]
              nwfile  none       # default   Base name of nwchem output files (.out and .movecs extensions) to read from
                 ncf  (none,1.0000e+00) # defined   nuclear correlation factor
             hessian  false      # default   compute the hessian matrix
           read_cphf  false      # default   read the converged orbital response for nuclear displacements from file
        restart_cphf  false      # default   read the guess orbital response for nuclear displacements from file
      purify_hessian  false      # default   symmetrize the hessian matrix based on atomic charges

end
              charge  0.0000e+00 # defined   total molecular charge
                  xc  hf         # defined   XC input line
               smear  0.0000e+00 # default   smearing parameter
               econv  1.0000e-04 # defined   energy convergence
               dconv  5.0000e-04 # defined   density convergence
convergence_criteria  [bsh_residual, total_energy] # default   possible values are: bsh_residual, total_energy, each_energy, density
                   k  7          # defined   polynomial order
                   l  5.5039e+01 # derived   user coordinates box size
               deriv  abgv       # default   derivative method                            [abgv, bspline, ble]
           dft_deriv  abgv       # default   derivative method for gga potentials         [abgv, bspline, ble]
             maxrotn  2.5000e-01 # default   step restriction used in autoshift algorithm
             nvalpha  0          # default   number of alpha virtuals to compute
              nvbeta  0          # default   number of beta virtuals to compute
               nopen  0          # default   number of unpaired electrons = nalpha-nbeta
             maxiter  25         # default   maximum number of iterations
                 nio  1          # default   no. of io servers to use
     spin_restricted  true       # default   true if spin restricted
              plotlo  0          # default   range of MOs to print (for both spins if polarized
              plothi  -1         # default   range of MOs to print (for both spins if polarized
            plotdens  false      # default   If true print the density at convergence
            plotcoul  false      # default   If true plot the total coulomb potential at convergence
            localize  boys       # defined   localization method                          [pm, boys, new, canon]
          pointgroup  c1         # derived   use point (sub) group symmetry if not localized[c1, c2, ci, cs, c2v, c2h, d2, d2h]
             restart  false      # default   if true restart from orbitals on disk
           restartao  false      # default   if true restart from orbitals projected into AO basis (STO3G) on disk
          no_compute  false      # default   if true use orbitals on disk, set value to computed
           no_orient  false      # default   if true the molecule coordinates will not be reoriented
                save  true       # default   if true save orbitals to disk
              maxsub  10         # default   size of iterative subspace ... set to 0 or 1 to disable
        orbitalshift  0.0000e+00 # default   scf orbital shift: shift the occ orbitals to lower energies
            npt_plot  101        # default   no. of points to use in each dim for plots
           plot_cell  []         # default   lo hi in each dimension for plotting (default is all space)
             aobasis  6-31g      # derived   AO basis used for initial guess (6-31g or sto-3g)
           core_type  none       # default   core potential type                          [none, mpc]
         derivatives  false      # default   if true calculate nuclear derivatives
              dipole  false      # default   if true calculate dipole moment
      conv_only_dens  false      # default   if true remove bsh_residual from convergence criteria (deprecated)
            psp_calc  false      # default   pseudopotential calculation for all atoms
 print_dipole_matels  false      # default   if true output dipole matrix elements
            pcm_data  none       # default   do a PCM (solvent) calculation
             ac_data  none       # default   do a calculation with asymptotic correction (see ACParameters class in chem/AC.h for details)
             pure_ae  true       # default   pure all electron calculation with no pseudo-atoms
         print_level  3          # default   0: no output; 1: final energy; 2: iterations; 3: timings; 10: debug
              nalpha  3          # derived   number of alpha spin electrons
               nbeta  3          # derived   number of beta  spin electrons
           nmo_alpha  3          # derived   number of alpha spin molecular orbitals
            nmo_beta  3          # derived   number of beta spin molecular orbitals
                  lo  9.0905e-04 # derived   smallest length scale we need to resolve
            protocol  [1.0000e-04, 1.0000e-06] # derived   calculation protocol
                gopt  false      # default   geometry optimizer
                gtol  1.0000e-04 # default   geometry tolerance
               gtest  false      # default   geometry tolerance
                gval  1.0000e-05 # default   value precision
               gprec  1.0000e-04 # default   gradient precision
            gmaxiter  20         # default   optimization maxiter
    ginitial_hessian  false      # default   compute inital hessian for optimization
              algopt  bfgs       # default   algorithm used for optimization              [bfgs, cg]
            tdksprop  false      # default   time-dependent Kohn-Sham equation propagate
           nv_factor  1          # default   factor to multiply number of virtual orbitals with when automatically decreasing nvirt
           vnucextra  2          # default   load balance parameter for nuclear pot
        loadbalparts  2          # default   ??
            response  false      # default   response function calculation
       response_freq  0.0000e+00 # default   frequency for calculation response function
       response_axis  [1, 1, 1]  # default   response axis
           nonrotate  false      # default   if true do not molcule orient (redundant with no_orient
               rconv  1.0000e-06 # default   Response convergence
              efield  0.0000e+00 # default   eps for finite field
         efield_axis  0          # default   finite field axis                            [0, 1, 2]
              nwfile  none       # default   Base name of nwchem output files (.out and .movecs extensions) to read from



 geometry
   eprec 1.0e-06
   units atomic
   Be            0.00000000           0.00000000           0.62990871
   H             0.00000000           0.00000000           2.51963484
   H             0.00000000           0.00000000          -5.03926969
 end

Solving NDIM= 3  with thresh 1.000000e-04     k 7    conv 5.000000e-04 

timer:     Project vnuclear     0.64s     0.64s
constructed nuclear correlation factor of the form
    R   =  1.000000e+00
with eprec  1.000000e-06
which means it's (nearly) a conventional calculation

timer:        reproject ncf     1.91s     1.91s
timer:        guess density     0.53s     0.53s
timer:   guess Coulomb potn     0.47s     0.47s
timer:       guess lda potn     0.22s     0.22s
timer:        guess overlap     0.03s     0.03s
timer:    KEmat reconstruct     0.06s     0.06s
timer:  KEmat differentiate     0.31s     0.31s
timer:       KEmat compress     0.12s     0.12s
timer: KEmat inner products     0.19s     0.19s
timer:     guess Kinet potn     0.68s     0.68s
timer:           guess fock     0.49s     0.49s
timer:      guess eigen sol     0.11s     0.11s
timer: guess orbital groupi     0.18s     0.18s

starting protocol at time      7.7s 
precision steps  1.000000e-04  -->  1.000000e-04
protocol: thresh 1.000000e-04 econv  1.000000e-04 dconv 5.000000e-04

ending protocol at time      7.7s 

Solving NDIM= 3  with thresh 1.000000e-04     k 7    conv 5.000000e-04 

timer:        Boys localize     0.96s     0.96s
orbital irreps []
timer:      reconstruct psi     0.13s     0.13s
timer:        compute Jnemo     0.71s     0.71s
timer:        compute Knemo     2.02s     2.02s
timer: compute Unemo 0.0154     0.24s     0.24s

  nuclear and kinetic     -25.51530507
         kinetic only      15.93911360
              coulomb      10.52840248
             exchange      -3.45573793
    nuclear-repulsion       2.95457275
   regularized energy     -15.48806777
  buggy if hybrid functionals are used..
timer:       compute energy     3.33s     3.33s
Norm of vector changes ab spin case : rms 1.093284e-01    max 1.820975e-01
convergence: bshresidual, energy change, max energy change, density change 1.3e-01 1.5e+01 1.5e+01 1.5e+00
finished iteration  0 at time     20.3s with energy  -15.48806777
timer:        Boys localize     1.06s     1.06s
orbital irreps []
timer:      reconstruct psi     0.15s     0.15s
timer:        compute Jnemo     0.61s     0.61s
timer:        compute Knemo     2.11s     2.11s
timer: compute Unemo 0.0154     0.23s     0.23s

  nuclear and kinetic     -25.57089309
         kinetic only      15.73294733
              coulomb      10.43137555
             exchange      -3.36494863
    nuclear-repulsion       2.95457275
   regularized energy     -15.54989342
  buggy if hybrid functionals are used..
timer:       compute energy     3.38s     3.38s
Norm of vector changes ab spin case : rms 3.020615e-02    max 4.825856e-02
convergence: bshresidual, energy change, max energy change, density change 2.6e-02 6.2e-02 2.1e-01 1.1e-02
finished iteration  1 at time     33.0s with energy  -15.54989342
timer:        Boys localize     1.00s     1.00s
orbital irreps []
timer:      reconstruct psi     0.17s     0.17s
timer:        compute Jnemo     0.59s     0.59s
timer:        compute Knemo     2.12s     2.12s
timer: compute Unemo 0.0154     0.18s     0.18s

  nuclear and kinetic     -25.61862018
         kinetic only      15.71713229
              coulomb      10.45546537
             exchange      -3.34706283
    nuclear-repulsion       2.95457275
   regularized energy     -15.55564489
  buggy if hybrid functionals are used..
timer:       compute energy     3.50s     3.50s
Norm of vector changes ab spin case : rms 1.581381e-02    max 2.610776e-02
convergence: bshresidual, energy change, max energy change, density change 8.6e-03 5.8e-03 4.8e-02 5.4e-03
finished iteration  2 at time     46.1s with energy  -15.55564489
timer:        Boys localize     0.98s     0.98s
orbital irreps []
timer:      reconstruct psi     0.14s     0.14s
timer:        compute Jnemo     0.68s     0.68s
timer:        compute Knemo     1.85s     1.85s
timer: compute Unemo 0.0154     0.27s     0.27s

  nuclear and kinetic     -25.65590003
         kinetic only      15.71895785
              coulomb      10.48478052
             exchange      -3.34009873
    nuclear-repulsion       2.95457275
   regularized energy     -15.55664549
  buggy if hybrid functionals are used..
timer:       compute energy     3.40s     3.40s
Norm of vector changes ab spin case : rms 6.400479e-03    max 1.082276e-02
convergence: bshresidual, energy change, max energy change, density change 2.9e-03 1.0e-03 3.7e-02 1.4e-03
finished iteration  3 at time     59.2s with energy  -15.55664549
timer:        Boys localize     0.98s     0.98s
orbital irreps []
timer:      reconstruct psi     0.17s     0.17s
timer:        compute Jnemo     0.68s     0.68s
timer:        compute Knemo     1.85s     1.85s
timer: compute Unemo 0.0154     0.25s     0.25s

  nuclear and kinetic     -25.66977632
         kinetic only      15.72081699
              coulomb      10.49725082
             exchange      -3.33882359
    nuclear-repulsion       2.95457275
   regularized energy     -15.55677634
  buggy if hybrid functionals are used..
timer:       compute energy     3.57s     3.57s
Norm of vector changes ab spin case : rms 1.393473e-03    max 2.022237e-03
convergence: bshresidual, energy change, max energy change, density change 6.7e-04 1.3e-04 1.4e-02 4.6e-04
finished iteration  4 at time     72.5s with energy  -15.55677634
timer:        Boys localize     1.05s     1.05s
orbital irreps []
timer:      reconstruct psi     0.18s     0.18s
timer:        compute Jnemo     0.78s     0.78s
timer:        compute Knemo     2.01s     2.01s
timer: compute Unemo 0.0154     0.17s     0.17s

  nuclear and kinetic     -25.67120649
         kinetic only      15.71973736
              coulomb      10.49836003
             exchange      -3.33851149
    nuclear-repulsion       2.95457275
   regularized energy     -15.55678520
  buggy if hybrid functionals are used..
timer:       compute energy     3.44s     3.44s
Norm of vector changes ab spin case : rms 2.996077e-04    max 4.718281e-04
convergence: bshresidual, energy change, max energy change, density change 2.6e-04 8.9e-06 1.4e-03 1.2e-04
finished iteration  5 at time     86.2s with energy  -15.55678520

Iterations converged


ending protocol at time     86.2s 

 Dipole Moment (a.u.)
 -----------

     x:  -9.583148e-14
     y:  -5.952739e-14
     z:  1.704513e+00
 Total Dipole Moment:  1.704513e+00 

timer:               dipole     0.04s     0.04s
Nemo Orbital Energies: [*]  -4.77770584  -0.60182036  -0.29622851

nemo energy:  -1.555679e+01
 at time 86.6
PNO Integrals evaluated as:
pnoint
       rank_increase  15         # default   maximum rank to increase in every macroiteration
               chunk  100        # default   chunk of functions operated on in parallel when G or K is applied (prevent memory shortage)
               debug  false      # default   debug mode
              freeze  1          # derived   frozen core approximation
             maxrank  3          # defined   maximal pno rank for all pairs
           guesstype  exop       # derived   the guesstype: exop (recommended, multiply polynomial excitation operators onto the occupied orbitals), empty (don't compute a guess), scf (use the ao basis from the SCF solver), partial_wave (create s,p,d ..., type functions and place on atoms), predefined (same as partial_wave but for predefined sets)
                exop  multipole  # derived   this string defines which excitation operators can be used, use 'dipole', 'dipole+', 'quadrupole', 'ocopole', or 'multipole', need to set guesstype to 'exop' which is the default
          exop_trigo  true       # default   use trigonometric excitation operators ( x --> sin(x)
        partial_wave             # default   atom centered partial wave guess of format like 'h-2s1p-o-3s2p1d', need to set guesstype to 'partial_wave' and adaptive_solver to 'none'
          predefined             # default   predefined partial wave guesses of type pvxz with x=d,t,q,5,6, need to set guesstype to 'predefined' and adaptive_solver to 'none'
           maxiter_t  100        # default   maximal number of iterations in the amplitude solver
       maxiter_micro  10         # default   Maximum of iterations for every cycle in the adaptive solver
       maxiter_macro  10         # default   Maximum of iterations of cycles in the adaptive solver
                tpno  1.0000e-08 # default   PNO cutoff threshold
          tpno_tight  1.0000e-10 # derived   PNO cutoff for the first iteration
    canonicalize_pno  true       # default   canonicalize the pnos before the amplitude solver
              thresh  1.0000e-04 # defined   MRA threshold
         econv_micro  1.0000e-04 # derived   Energy convergence for microiterations (Greens function based optimization) in adaptive solver
         econv_pairs  1.0000e-05 # derived   ENergy convergence for individual pairs in adaptive solver. Converged pairs are frozen automatically
         econv_macro  1.0000e-04 # derived   Energy convergence for macroiterations in adaptive solver, no effect if adaptive_solver is deactivated
               dconv  1.0000e-01 # default   convergence of every PNO in the Green's function solver
           op_thresh  1.0000e-06 # default   MRA operator thresh
             restart  none       # derived   restart pairs of this type, use 'mp2', 'cispd', 'all' or 'none'
          no_compute  none       # default   do not compute the pairs of this type, use 'mp2', 'cispd', 'all' or 'none'
              no_opt  none       # default   do not optimize the pnos of this type, use 'mp2', 'cispd', 'all' or 'none'
            no_guess  none       # derived   guess for this type will be empty, use 'mp2', 'cispd', 'all' or 'none'
     adaptive_solver  all        # default   Use adaptive solver for those pairs, use 'mp2', 'cispd', 'all' or 'none', works only in combination with guesstype 'exop'
                kain  true       # default   use KAIN solver in amplitude solver
       kain_subspace  5          # default   subspace size of the KAIN solver (amplitudes)
                 f12  false      # defined   use explicit correlation
        cispd_number  -1         # default   CIS(D) excitation numbers, to read in correct functions
        cispd_energy  0.0000e+00 # default   CIS energy
        freeze_pairs  none       # default   frozen pairs will not be optimized: Expected format 'a b c d' will freeze pairs ab and cd
freeze_pairs_of_orbital  []         # default    All pairs which originate from this orbital will not be optimized
active_pairs_of_orbital  []         # default    All pairs which originate from this orbital will not be frozen all other pairs will, if this vector is not empty
no_opt_in_first_iteration  false      # default   Do not optimize in the first iteration (then the potentials do not have to be evaluated, use this for large guesses)
            exchange  full       # default   approximate exchange with 'neglect' or xc functional -> same syntax as moldft
           save_pnos  true       # default   Save the OBS-PNOs to a file, before and after orthonormalization.
            diagonal  true       # defined   Compute only diagonal PNOs
              orthog  symmetric  # defined   orthogonalization method for PNO basis, also current default for a potential CABS. options: symmetric, canonical, cholesky, rr_cholesky,
         orthog_cabs  default    # default   orthogonalization method for CABS basis. options: symmetric, canonical, cholesky, rr_cholesky, uses same as orbitals basis if default.
               n_pno  6          # defined   desired size of PNO-basis (orbital space)
         cabs_option  none       # default   type of complementary auxiliary basis to be used. can be none ~ no CABS, gbs ~ Gaussian basis set as CABS, requires input via auxbas_file, pno ~ use superfluous PNOs as CABS, mixed ~ gbs&pno-option
       pno_cabs_size  -1         # default   size of a potential pno-cabs. defaults to -1 ~ all remaining PNOs, if pno-cabs or mixed-cabs
           only_diag  false      # default   use only diagonal elements PNOs
         cherry_pick  []         # default   cherry pick option to choose particular set of PNOs, not just blindly by occupation number. can be useful, if only a restricted number of PNOs can be used, to avoid separating degenerate pairs. can be envoked by passing a vector via [ elem1, elem2, ... ]
               gamma  1.4000e+00 # default   The f12 length scale, here to be used to compute f12-integrals
         cabs_thresh  1.0000e-04 # derived    thresh for cabs part
              auxbas  none       # default   atom centered partial wave guess of format like 'h-2s1p-o-3s2p1d'
         auxbas_file  none       # default   Use external comp. aux. basis in addition to the pnos as auxbasis. Give the filename as parameter. Give the auxbas in turbomole format. Don't use contractions. If a file is specified the auxbas parameter has no effect
   print_pno_overlap  true       # default   Print overlap matrix at certain steps in computation, for debugging purposes.
              n_virt  0          # defined   Compute this number of virtuals and include them in the integral construction, experimental and not robust!.
      hardcore_boson  false      # default   compute only integrals for hardcore boson hamiltonian (restricted to double occupations)

end
F12 Operators initialized right
timer:                    Testing F12 Operators     0.93s     0.93s 
timer:  Initializing (active) Exchange Orbitals     1.92s     1.92s 
Size of active mos and their exchange potentials:
K(acmos)=2.412438e-03 Gbyte
acmos   =2.402216e-03 Gbyte
PNO Parameters
pno
       rank_increase  15         # default   maximum rank to increase in every macroiteration
               chunk  100        # default   chunk of functions operated on in parallel when G or K is applied (prevent memory shortage)
               debug  false      # default   debug mode
              freeze  1          # derived   frozen core approximation
             maxrank  3          # defined   maximal pno rank for all pairs
           guesstype  exop       # derived   the guesstype: exop (recommended, multiply polynomial excitation operators onto the occupied orbitals), empty (don't compute a guess), scf (use the ao basis from the SCF solver), partial_wave (create s,p,d ..., type functions and place on atoms), predefined (same as partial_wave but for predefined sets)
                exop  multipole  # derived   this string defines which excitation operators can be used, use 'dipole', 'dipole+', 'quadrupole', 'ocopole', or 'multipole', need to set guesstype to 'exop' which is the default
          exop_trigo  true       # default   use trigonometric excitation operators ( x --> sin(x)
        partial_wave             # default   atom centered partial wave guess of format like 'h-2s1p-o-3s2p1d', need to set guesstype to 'partial_wave' and adaptive_solver to 'none'
          predefined             # default   predefined partial wave guesses of type pvxz with x=d,t,q,5,6, need to set guesstype to 'predefined' and adaptive_solver to 'none'
           maxiter_t  100        # default   maximal number of iterations in the amplitude solver
       maxiter_micro  10         # default   Maximum of iterations for every cycle in the adaptive solver
       maxiter_macro  10         # default   Maximum of iterations of cycles in the adaptive solver
                tpno  1.0000e-08 # default   PNO cutoff threshold
          tpno_tight  1.0000e-10 # derived   PNO cutoff for the first iteration
    canonicalize_pno  true       # default   canonicalize the pnos before the amplitude solver
              thresh  1.0000e-04 # defined   MRA threshold
         econv_micro  1.0000e-04 # derived   Energy convergence for microiterations (Greens function based optimization) in adaptive solver
         econv_pairs  1.0000e-05 # derived   ENergy convergence for individual pairs in adaptive solver. Converged pairs are frozen automatically
         econv_macro  1.0000e-04 # derived   Energy convergence for macroiterations in adaptive solver, no effect if adaptive_solver is deactivated
               dconv  1.0000e-01 # default   convergence of every PNO in the Green's function solver
           op_thresh  1.0000e-06 # default   MRA operator thresh
             restart  none       # derived   restart pairs of this type, use 'mp2', 'cispd', 'all' or 'none'
          no_compute  none       # default   do not compute the pairs of this type, use 'mp2', 'cispd', 'all' or 'none'
              no_opt  none       # default   do not optimize the pnos of this type, use 'mp2', 'cispd', 'all' or 'none'
            no_guess  none       # derived   guess for this type will be empty, use 'mp2', 'cispd', 'all' or 'none'
     adaptive_solver  all        # default   Use adaptive solver for those pairs, use 'mp2', 'cispd', 'all' or 'none', works only in combination with guesstype 'exop'
                kain  true       # default   use KAIN solver in amplitude solver
       kain_subspace  5          # default   subspace size of the KAIN solver (amplitudes)
                 f12  false      # defined   use explicit correlation
        cispd_number  -1         # default   CIS(D) excitation numbers, to read in correct functions
        cispd_energy  0.0000e+00 # default   CIS energy
        freeze_pairs  none       # default   frozen pairs will not be optimized: Expected format 'a b c d' will freeze pairs ab and cd
freeze_pairs_of_orbital  []         # default    All pairs which originate from this orbital will not be optimized
active_pairs_of_orbital  []         # default    All pairs which originate from this orbital will not be frozen all other pairs will, if this vector is not empty
no_opt_in_first_iteration  false      # default   Do not optimize in the first iteration (then the potentials do not have to be evaluated, use this for large guesses)
            exchange  full       # default   approximate exchange with 'neglect' or xc functional -> same syntax as moldft
           save_pnos  true       # default   Save the OBS-PNOs to a file, before and after orthonormalization.
            diagonal  true       # defined   Compute only diagonal PNOs

end

**********************
Solve PNO-MP2
*********************


**********************
Iterate Pairs
*********************


************************
Adaptive Solver
***********************

Initializing empty Pairs:
no guess was explicitly demanded for mp2

timer:                                     RRCD     0.00s     0.00s 
timer:                             MRA compress     0.00s     0.00s 
timer:                          Transform Pairs     0.00s     0.00s 
timer:          apply Q and orthonormalize PNOs     0.00s     0.00s 
Created Guess:
pair11 with 0 guess functions
pair21 with 0 guess functions
pair22 with 0 guess functions
guess pair11 size: 0.0000000000e+00 | 0.0000000000e+00 Gbyte (after truncation)
guess pair22 size: 0.0000000000e+00 | 0.0000000000e+00 Gbyte (after truncation)
timer:                           truncate guess     0.00s     0.00s 
timer:                         Initialize Pairs     0.00s     0.00s 
Keyword multipole is not known
Guess protocol for adaptively growing ranks is: [dipole+, quadrupole, big_fock_3, big_fock_3, big_fock_3, big_fock_3, big_fock_3, big_fock_3, big_fock_3, big_fock_3]


--------Adaptive Solver Macroiteration 0 from max 10 ----------

Growing ranks with exop=dipole+
Create guess functions by multiplying plane-waves to 1 functions 
Created 4 virtuals for pair11
pair21 is frozen: no growing
Create guess functions by multiplying plane-waves to 1 functions 
Created 4 virtuals for pair22
frozen pair: no orthonormalization
timer:                                     RRCD     0.03s     0.03s 
timer:                             MRA compress     0.00s     0.00s 
timer:                          Transform Pairs     0.12s     0.12s 
timer:                        grow PNO subspace     1.81s     1.81s 
SolveInternal: Parameters are assigned as
no_compute        = false
no_opt            = false
restart           = false
do_cispd          = false
econv             =1.0000000000e-04
maxrank (min,max) = (3,3)
Solving MP2 doubles
timer:          fock matrix     2.80s     2.80s
Information About All Pairs:
mp2_pair11           number=0 rank=  4 frozen=false
mp2_pair21           number=1 rank=  0 frozen=true
mp2_pair22           number=2 rank=  4 frozen=false
number of pairs=3
average rank   =2 (2.6666666667e+00)
largest rank   =4
PNOPairs Memory Information
Total: 0.0093226433 GB 
PNO  : 0.0093226433 GB 
KPNO : 0.0000000000 GB 
W    : 0.0000000000 GB 

timer:                                 truncate     0.06s     0.06s 
wall time=100.0022408962 chunk=8 allK.size()=8 memory=0.0084230900 GB
timer:                             compute KPNO     3.95s     3.95s 
wall time=100.1721370220 chunk=8 allJ.size()=8 memory=0.0101404190 GB
timer:                             compute JPNO     0.17s     0.17s 
timer:                    compute Fock matrices     1.44s     1.44s 
timer:                             MRA compress     0.00s     0.00s 
timer:                          Transform Pairs     0.28s     0.28s 
timer:                             Canonicalize     0.29s     0.29s 
PNOPairs Memory Information
Total: 0.0171732903 GB 
PNO  : 0.0091590881 GB 
KPNO : 0.0080142021 GB 
W    : 0.0000000000 GB 

timer:                                 truncate     0.03s     0.03s 
mp2_pair21 is frozen: potential not computed
timer:                   Fluctuation Potentials     2.02s     2.02s 
timer:                       Fluctuation Matrix     0.14s     0.14s 
PNOPairs Memory Information
Total: 0.0305848122 GB 
PNO  : 0.0091590881 GB 
KPNO : 0.0080142021 GB 
W    : 0.0134115219 GB 

PNOPairs Memory Information
Total: 0.0305848122 GB 
PNO  : 0.0091590881 GB 
KPNO : 0.0080142021 GB 
W    : 0.0134115219 GB 

timer:                                 truncate     0.05s     0.05s 
timer:                             PNO Overlaps     0.10s     0.10s 
t_iter =  0  Hylleraas energy =  0.0000000000  ||R||_F =  0.1909277475  conv =  no
subspace solution [*]   1.00000000

t_iter =  1  Hylleraas energy =  -0.0315405687  ||R||_F =  0.0000000511  conv =  yes
=======================================================

Hylleraas MP2 Energies

=======================================================
    i    j      singlet      triplet        Total
=======================================================
    1    1  -1.30173e-02  0.00000e+00 -1.30173e-02
    2    1   0.00000e+00  0.00000e+00  0.00000e+00
    2    2  -1.85233e-02  0.00000e+00 -1.85233e-02
=======================================================
Hylleraas MP2 Energies (singlet): -3.15406e-02
Hylleraas MP2 Energies (triplet):  0.00000e+00
Hylleraas MP2 Energies (total)  : -3.15406e-02
=======================================================
-------------------------------------------
Total Reg Energy  =-3.15406e-02
Total F12 Energy  = 0.00000e+00
Sum Energies Total=-3.15406e-02
-------------------------------------------
timer:                         Solve Amplitudes     0.00s     0.00s 
No optimization untill now: Compressing pno ranks with tighter threshold
1.00000e-10 instead of 1.00000e-08
pair11: density evals:
 [*]   0.00268572   0.00379456   0.00412107   0.00412107

pair11: # of PNOs reduced from  4  to  3  maxrank= 3
pair22: density evals:
 [*]   0.00292427   0.00340629   0.00340629   0.04385023

pair22: # of PNOs reduced from  4  to  3  maxrank= 3
timer:                            compress PNOs     0.00s     0.00s 
timer:                             MRA compress     0.00s     0.00s 
timer:                          Transform Pairs     0.41s     0.41s 
timer:                          PNO Compression     0.41s     0.41s 
Information About All Pairs:
mp2_pair11           number=0 rank=  3 frozen=false
mp2_pair21           number=1 rank=  0 frozen=true
mp2_pair22           number=2 rank=  3 frozen=false
number of pairs=3
average rank   =2 (2.00000e+00)
largest rank   =3
saving vector of functions mp2_pair11
saving vector of functions mp2_pair22
timer:                        save pnos on disc     0.12s     0.12s 
PNOPairs Memory Information
Total: 0.02216 GB 
PNO  : 0.00666 GB 
KPNO : 0.00577 GB 
W    : 0.00973 GB 

timer:                                 truncate     0.04s     0.04s 
timer:      compute densities for G application     0.00s     0.00s 
pair21 is frozen: no optimization
timer:                Prepare for G application     0.21s     0.21s 
timer:                                    add K     0.03s     0.03s 
size of all Vpsi potentials (without Vnuc and J) 0.00773 GB 
time=105.63453 chunk=6 Vpsi+Vnuc+J=0.02057 GB
time=105.66391 chunk=6 Vpsi+Vnuc+J=0.02032 GB (after truncation)
timer:                           Apply G to all     2.27s     2.27s 
timer:                       apply Q and update     0.00s     0.00s 
mp2_pair11 residual norms:
[0.49421, 0.36677, 0.36677]
mp2_pair11 scaled residual norms:
[0.03044, 0.02355, 0.02355]
mp2_pair22 residual norms:
[0.37548, 0.37548, 0.34261]
mp2_pair22 scaled residual norms:
[0.02191, 0.02191, 0.07174]
timer:                          update all PNOs     2.51s     2.51s 
frozen pair: no orthonormalization
timer:                                     RRCD     0.07s     0.07s 
timer:                             MRA compress     0.00s     0.00s 
timer:                          Transform Pairs     0.08s     0.08s 
saving vector of functions mp2_pair11
saving vector of functions mp2_pair22
timer:                        save pnos on disc     0.13s     0.13s 


No convergence yet. Energy change = 0.03154

timer:                        Whole Iteration 1    11.65s    11.65s 
Information About All Pairs:
mp2_pair11           number=0 rank=  3 frozen=false
mp2_pair21           number=1 rank=  0 frozen=true
mp2_pair22           number=2 rank=  3 frozen=false
number of pairs=3
average rank   =2 (2.00000)
largest rank   =3
PNOPairs Memory Information
Total: 0.00675 GB 
PNO  : 0.00675 GB 
KPNO : 0.00000 GB 
W    : 0.00000 GB 

timer:                                 truncate     0.04s     0.04s 
wall time=110.67785 chunk=6 allK.size()=6 memory=0.00601 GB
timer:                             compute KPNO     3.00s     3.00s 
wall time=110.83601 chunk=6 allJ.size()=6 memory=0.00724 GB
timer:                             compute JPNO     0.16s     0.16s 
timer:                    compute Fock matrices     1.17s     1.17s 
timer:                             MRA compress     0.00s     0.00s 
timer:                          Transform Pairs     0.24s     0.24s 
timer:                             Canonicalize     0.24s     0.24s 
PNOPairs Memory Information
Total: 0.01251 GB 
PNO  : 0.00658 GB 
KPNO : 0.00593 GB 
W    : 0.00000 GB 

timer:                                 truncate     0.05s     0.05s 
mp2_pair21 is frozen: potential not computed
timer:                   Fluctuation Potentials     1.62s     1.62s 
timer:                       Fluctuation Matrix     0.15s     0.15s 
PNOPairs Memory Information
Total: 0.02257 GB 
PNO  : 0.00658 GB 
KPNO : 0.00593 GB 
W    : 0.01006 GB 

PNOPairs Memory Information
Total: 0.02257 GB 
PNO  : 0.00658 GB 
KPNO : 0.00593 GB 
W    : 0.01006 GB 

timer:                                 truncate     0.05s     0.05s 
timer:                             PNO Overlaps     0.09s     0.09s 
t_iter =  0  Hylleraas energy =  0.00000  ||R||_F =  0.25268  conv =  no
subspace solution [*]   1.00000000

t_iter =  1  Hylleraas energy =  -0.04645  ||R||_F =  0.00000  conv =  yes
=======================================================

Hylleraas MP2 Energies

=======================================================
    i    j      singlet      triplet        Total
=======================================================
    1    1  -1.84780e-02  0.00000e+00 -1.84780e-02
    2    1   0.00000e+00  0.00000e+00  0.00000e+00
    2    2  -2.79693e-02  0.00000e+00 -2.79693e-02
=======================================================
Hylleraas MP2 Energies (singlet): -4.64473e-02
Hylleraas MP2 Energies (triplet):  0.00000e+00
Hylleraas MP2 Energies (total)  : -4.64473e-02
=======================================================
-------------------------------------------
Total Reg Energy  =-4.64473e-02
Total F12 Energy  = 0.00000e+00
Sum Energies Total=-4.64473e-02
-------------------------------------------
timer:                         Solve Amplitudes     0.00s     0.00s 
pair11: density evals:
 [*]   0.00512446   0.00512446   0.00607655

pair22: density evals:
 [*]   0.00394209   0.00394209   0.06735418

timer:                            compress PNOs     0.00s     0.00s 
timer:                             MRA compress     0.00s     0.00s 
timer:                          Transform Pairs     0.29s     0.29s 
timer:                          PNO Compression     0.29s     0.29s 
Information About All Pairs:
mp2_pair11           number=0 rank=  3 frozen=false
mp2_pair21           number=1 rank=  0 frozen=true
mp2_pair22           number=2 rank=  3 frozen=false
number of pairs=3
average rank   =2 (2.00000e+00)
largest rank   =3
saving vector of functions mp2_pair11
saving vector of functions mp2_pair22
timer:                        save pnos on disc     0.12s     0.12s 
PNOPairs Memory Information
Total: 0.02249 GB 
PNO  : 0.00658 GB 
KPNO : 0.00585 GB 
W    : 0.01006 GB 

timer:                                 truncate     0.04s     0.04s 
timer:      compute densities for G application     0.00s     0.00s 
pair21 is frozen: no optimization
timer:                Prepare for G application     0.23s     0.23s 
timer:                                    add K     0.03s     0.03s 
size of all Vpsi potentials (without Vnuc and J) 0.00814 GB 
time=115.48423 chunk=6 Vpsi+Vnuc+J=0.01934 GB
time=115.51577 chunk=6 Vpsi+Vnuc+J=0.01844 GB (after truncation)
timer:                           Apply G to all     2.10s     2.10s 
timer:                       apply Q and update     0.00s     0.00s 
mp2_pair11 residual norms:
[0.10382, 0.10382, 0.13204]
mp2_pair11 scaled residual norms:
[0.00743, 0.00743, 0.01029]
mp2_pair22 residual norms:
[0.10821, 0.10821, 0.07689]
mp2_pair22 scaled residual norms:
[0.00679, 0.00679, 0.01996]
timer:                          update all PNOs     2.36s     2.37s 
frozen pair: no orthonormalization
timer:                                     RRCD     0.06s     0.06s 
timer:                             MRA compress     0.00s     0.00s 
timer:                          Transform Pairs     0.07s     0.07s 
saving vector of functions mp2_pair11
saving vector of functions mp2_pair22
timer:                        save pnos on disc     0.14s     0.14s 


No convergence yet. Energy change = 0.01491

timer:                        Whole Iteration 2     9.68s     9.68s 
Information About All Pairs:
mp2_pair11           number=0 rank=  3 frozen=false
mp2_pair21           number=1 rank=  0 frozen=true
mp2_pair22           number=2 rank=  3 frozen=false
number of pairs=3
average rank   =2 (2.00000)
largest rank   =3
PNOPairs Memory Information
Total: 0.00650 GB 
PNO  : 0.00650 GB 
KPNO : 0.00000 GB 
W    : 0.00000 GB 

timer:                                 truncate     0.04s     0.04s 
wall time=120.62177 chunk=6 allK.size()=6 memory=0.00609 GB
timer:                             compute KPNO     3.27s     3.27s 
wall time=120.80795 chunk=6 allJ.size()=6 memory=0.00724 GB
timer:                             compute JPNO     0.19s     0.19s 
timer:                    compute Fock matrices     1.33s     1.33s 
timer:                             MRA compress     0.00s     0.00s 
timer:                          Transform Pairs     0.17s     0.17s 
timer:                             Canonicalize     0.17s     0.17s 
PNOPairs Memory Information
Total: 0.01259 GB 
PNO  : 0.00650 GB 
KPNO : 0.00609 GB 
W    : 0.00000 GB 

timer:                                 truncate     0.02s     0.02s 
mp2_pair21 is frozen: potential not computed
timer:                   Fluctuation Potentials     1.58s     1.58s 
timer:                       Fluctuation Matrix     0.15s     0.15s 
PNOPairs Memory Information
Total: 0.02282 GB 
PNO  : 0.00650 GB 
KPNO : 0.00609 GB 
W    : 0.01022 GB 

PNOPairs Memory Information
Total: 0.02282 GB 
PNO  : 0.00650 GB 
KPNO : 0.00609 GB 
W    : 0.01022 GB 

timer:                                 truncate     0.03s     0.03s 
timer:                             PNO Overlaps     0.04s     0.04s 
t_iter =  0  Hylleraas energy =  0.00000  ||R||_F =  0.27165  conv =  no
subspace solution [*]   1.00000000

t_iter =  1  Hylleraas energy =  -0.04864  ||R||_F =  0.00000  conv =  yes
=======================================================

Hylleraas MP2 Energies

=======================================================
    i    j      singlet      triplet        Total
=======================================================
    1    1  -1.95217e-02  0.00000e+00 -1.95217e-02
    2    1   0.00000e+00  0.00000e+00  0.00000e+00
    2    2  -2.91165e-02  0.00000e+00 -2.91165e-02
=======================================================
Hylleraas MP2 Energies (singlet): -4.86382e-02
Hylleraas MP2 Energies (triplet):  0.00000e+00
Hylleraas MP2 Energies (total)  : -4.86382e-02
=======================================================
-------------------------------------------
Total Reg Energy  =-4.86382e-02
Total F12 Energy  = 0.00000e+00
Sum Energies Total=-4.86382e-02
-------------------------------------------
timer:                         Solve Amplitudes     0.00s     0.00s 
pair11: density evals:
 [*]   0.00490843   0.00490843   0.00570244

pair22: density evals:
 [*]   0.00370656   0.00370656   0.06625812

timer:                            compress PNOs     0.00s     0.00s 
timer:                             MRA compress     0.00s     0.00s 
timer:                          Transform Pairs     0.37s     0.37s 
timer:                          PNO Compression     0.38s     0.38s 
Information About All Pairs:
mp2_pair11           number=0 rank=  3 frozen=false
mp2_pair21           number=1 rank=  0 frozen=true
mp2_pair22           number=2 rank=  3 frozen=false
number of pairs=3
average rank   =2 (2.00000e+00)
largest rank   =3
saving vector of functions mp2_pair11
saving vector of functions mp2_pair22
timer:                        save pnos on disc     0.11s     0.11s 
PNOPairs Memory Information
Total: 0.02257 GB 
PNO  : 0.00650 GB 
KPNO : 0.00601 GB 
W    : 0.01006 GB 

timer:                                 truncate     0.05s     0.05s 
timer:      compute densities for G application     0.00s     0.00s 
pair21 is frozen: no optimization
timer:                Prepare for G application     0.28s     0.28s 
timer:                                    add K     0.01s     0.01s 
size of all Vpsi potentials (without Vnuc and J) 0.00822 GB 
time=125.56149 chunk=6 Vpsi+Vnuc+J=0.02057 GB
time=125.62350 chunk=6 Vpsi+Vnuc+J=0.01950 GB (after truncation)
timer:                           Apply G to all     2.11s     2.11s 
timer:                       apply Q and update     0.00s     0.00s 
mp2_pair11 residual norms:
[0.03692, 0.03692, 0.05421]
mp2_pair11 scaled residual norms:
[0.00259, 0.00259, 0.00409]
mp2_pair22 residual norms:
[0.05378, 0.05378, 0.02816]
mp2_pair22 scaled residual norms:
[0.00327, 0.00327, 0.00725]
timer:                          update all PNOs     2.41s     2.41s 
frozen pair: no orthonormalization
timer:                                     RRCD     0.08s     0.08s 
timer:                             MRA compress     0.00s     0.00s 
timer:                          Transform Pairs     0.10s     0.10s 
saving vector of functions mp2_pair11
saving vector of functions mp2_pair22
timer:                        save pnos on disc     0.13s     0.13s 


No convergence yet. Energy change = 0.00219

timer:                        Whole Iteration 3    10.12s    10.12s 
Information About All Pairs:
mp2_pair11           number=0 rank=  3 frozen=false
mp2_pair21           number=1 rank=  0 frozen=true
mp2_pair22           number=2 rank=  3 frozen=false
number of pairs=3
average rank   =2 (2.00000)
largest rank   =3
PNOPairs Memory Information
Total: 0.00691 GB 
PNO  : 0.00691 GB 
KPNO : 0.00000 GB 
W    : 0.00000 GB 

timer:                                 truncate     0.01s     0.01s 
wall time=130.52172 chunk=6 allK.size()=6 memory=0.00609 GB
timer:                             compute KPNO     3.07s     3.07s 
wall time=130.65213 chunk=6 allJ.size()=6 memory=0.00748 GB
timer:                             compute JPNO     0.13s     0.13s 
timer:                    compute Fock matrices     1.36s     1.36s 
timer:                             MRA compress     0.00s     0.00s 
timer:                          Transform Pairs     0.15s     0.15s 
timer:                             Canonicalize     0.15s     0.15s 
PNOPairs Memory Information
Total: 0.01300 GB 
PNO  : 0.00691 GB 
KPNO : 0.00609 GB 
W    : 0.00000 GB 

timer:                                 truncate     0.03s     0.03s 
mp2_pair21 is frozen: potential not computed
timer:                   Fluctuation Potentials     1.79s     1.79s 
timer:                       Fluctuation Matrix     0.16s     0.16s 
PNOPairs Memory Information
Total: 0.02322 GB 
PNO  : 0.00691 GB 
KPNO : 0.00609 GB 
W    : 0.01022 GB 

PNOPairs Memory Information
Total: 0.02322 GB 
PNO  : 0.00691 GB 
KPNO : 0.00609 GB 
W    : 0.01022 GB 

timer:                                 truncate     0.05s     0.05s 
timer:                             PNO Overlaps     0.14s     0.14s 
t_iter =  0  Hylleraas energy =  0.00000  ||R||_F =  0.27827  conv =  no
subspace solution [*]   1.00000000

t_iter =  1  Hylleraas energy =  -0.04900  ||R||_F =  0.00000  conv =  yes
=======================================================

Hylleraas MP2 Energies

=======================================================
    i    j      singlet      triplet        Total
=======================================================
    1    1  -1.96920e-02  0.00000e+00 -1.96920e-02
    2    1   0.00000e+00  0.00000e+00  0.00000e+00
    2    2  -2.93129e-02  0.00000e+00 -2.93129e-02
=======================================================
Hylleraas MP2 Energies (singlet): -4.90049e-02
Hylleraas MP2 Energies (triplet):  0.00000e+00
Hylleraas MP2 Energies (total)  : -4.90049e-02
=======================================================
-------------------------------------------
Total Reg Energy  =-4.90049e-02
Total F12 Energy  = 0.00000e+00
Sum Energies Total=-4.90049e-02
-------------------------------------------
timer:                         Solve Amplitudes     0.00s     0.00s 
pair11: density evals:
 [*]   0.00477384   0.00477384   0.00545925

pair22: density evals:
 [*]   0.00355959   0.00355959   0.06498710

timer:                            compress PNOs     0.00s     0.00s 
timer:                             MRA compress     0.00s     0.00s 
timer:                          Transform Pairs     0.29s     0.29s 
timer:                          PNO Compression     0.29s     0.29s 
Information About All Pairs:
mp2_pair11           number=0 rank=  3 frozen=false
mp2_pair21           number=1 rank=  0 frozen=true
mp2_pair22           number=2 rank=  3 frozen=false
number of pairs=3
average rank   =2 (2.00000e+00)
largest rank   =3
saving vector of functions mp2_pair11
saving vector of functions mp2_pair22
timer:                        save pnos on disc     0.12s     0.12s 
PNOPairs Memory Information
Total: 0.02314 GB 
PNO  : 0.00691 GB 
KPNO : 0.00601 GB 
W    : 0.01022 GB 

timer:                                 truncate     0.04s     0.04s 
timer:      compute densities for G application     0.00s     0.00s 
pair21 is frozen: no optimization
timer:                Prepare for G application     0.32s     0.32s 
timer:                                    add K     0.01s     0.01s 
size of all Vpsi potentials (without Vnuc and J) 0.00838 GB 
time=135.73747 chunk=6 Vpsi+Vnuc+J=0.02106 GB
time=135.77984 chunk=6 Vpsi+Vnuc+J=0.01999 GB (after truncation)
timer:                           Apply G to all     2.32s     2.32s 
timer:                       apply Q and update     0.00s     0.00s 
mp2_pair11 residual norms:
[0.01380, 0.01380, 0.02885]
mp2_pair11 scaled residual norms:
[0.00095, 0.00095, 0.00213]
mp2_pair22 residual norms:
[0.03174, 0.03174, 0.01167]
mp2_pair22 scaled residual norms:
[0.00189, 0.00189, 0.00298]
timer:                          update all PNOs     2.65s     2.65s 
frozen pair: no orthonormalization
timer:                                     RRCD     0.06s     0.06s 
timer:                             MRA compress     0.00s     0.00s 
timer:                          Transform Pairs     0.06s     0.06s 
saving vector of functions mp2_pair11
saving vector of functions mp2_pair22
timer:                        save pnos on disc     0.13s     0.13s 


No convergence yet. Energy change = 0.00037

timer:                        Whole Iteration 4    10.26s    10.26s 
Information About All Pairs:
mp2_pair11           number=0 rank=  3 frozen=false
mp2_pair21           number=1 rank=  0 frozen=true
mp2_pair22           number=2 rank=  3 frozen=false
number of pairs=3
average rank   =2 (2.00000)
largest rank   =3
PNOPairs Memory Information
Total: 0.00699 GB 
PNO  : 0.00699 GB 
KPNO : 0.00000 GB 
W    : 0.00000 GB 

timer:                                 truncate     0.00s     0.00s 
wall time=140.88283 chunk=6 allK.size()=6 memory=0.00634 GB
timer:                             compute KPNO     3.19s     3.19s 
wall time=140.99602 chunk=6 allJ.size()=6 memory=0.00765 GB
timer:                             compute JPNO     0.11s     0.11s 
timer:                    compute Fock matrices     1.17s     1.17s 
timer:                             MRA compress     0.00s     0.00s 
timer:                          Transform Pairs     0.14s     0.14s 
timer:                             Canonicalize     0.14s     0.14s 
PNOPairs Memory Information
Total: 0.01333 GB 
PNO  : 0.00699 GB 
KPNO : 0.00634 GB 
W    : 0.00000 GB 

timer:                                 truncate     0.07s     0.07s 
mp2_pair21 is frozen: potential not computed
timer:                   Fluctuation Potentials     1.79s     1.79s 
timer:                       Fluctuation Matrix     0.14s     0.14s 
PNOPairs Memory Information
Total: 0.02339 GB 
PNO  : 0.00699 GB 
KPNO : 0.00634 GB 
W    : 0.01006 GB 

PNOPairs Memory Information
Total: 0.02339 GB 
PNO  : 0.00699 GB 
KPNO : 0.00634 GB 
W    : 0.01006 GB 

timer:                                 truncate     0.06s     0.06s 
timer:                             PNO Overlaps     0.07s     0.07s 
t_iter =  0  Hylleraas energy =  0.00000  ||R||_F =  0.28100  conv =  no
subspace solution [*]   1.00000000

t_iter =  1  Hylleraas energy =  -0.04909  ||R||_F =  0.00000  conv =  yes
=======================================================

Hylleraas MP2 Energies

=======================================================
    i    j      singlet      triplet        Total
=======================================================
    1    1  -1.97329e-02  0.00000e+00 -1.97329e-02
    2    1   0.00000e+00  0.00000e+00  0.00000e+00
    2    2  -2.93585e-02  0.00000e+00 -2.93585e-02
=======================================================
Hylleraas MP2 Energies (singlet): -4.90914e-02
Hylleraas MP2 Energies (triplet):  0.00000e+00
Hylleraas MP2 Energies (total)  : -4.90914e-02
=======================================================
-------------------------------------------
Total Reg Energy  =-4.90914e-02
Total F12 Energy  = 0.00000e+00
Sum Energies Total=-4.90914e-02
-------------------------------------------
timer:                         Solve Amplitudes     0.00s     0.00s 
pair11: density evals:
 [*]   0.00471457   0.00471457   0.00534856

pair22: density evals:
 [*]   0.00347384   0.00347384   0.06434914

timer:                            compress PNOs     0.00s     0.00s 
timer:                             MRA compress     0.00s     0.00s 
timer:                          Transform Pairs     0.43s     0.43s 
timer:                          PNO Compression     0.43s     0.43s 
Information About All Pairs:
mp2_pair11           number=0 rank=  3 frozen=false
mp2_pair21           number=1 rank=  0 frozen=true
mp2_pair22           number=2 rank=  3 frozen=false
number of pairs=3
average rank   =2 (2.00000e+00)
largest rank   =3
saving vector of functions mp2_pair11
saving vector of functions mp2_pair22
timer:                        save pnos on disc     0.11s     0.11s 
PNOPairs Memory Information
Total: 0.02339 GB 
PNO  : 0.00699 GB 
KPNO : 0.00634 GB 
W    : 0.01006 GB 

timer:                                 truncate     0.04s     0.04s 
timer:      compute densities for G application     0.00s     0.00s 
pair21 is frozen: no optimization
timer:                Prepare for G application     0.23s     0.23s 
timer:                                    add K     0.01s     0.01s 
size of all Vpsi potentials (without Vnuc and J) 0.00879 GB 
time=145.90571 chunk=6 Vpsi+Vnuc+J=0.02098 GB
time=145.98384 chunk=6 Vpsi+Vnuc+J=0.01991 GB (after truncation)
timer:                           Apply G to all     2.23s     2.23s 
timer:                       apply Q and update     0.00s     0.00s 
mp2_pair11 residual norms:
[0.00528, 0.00528, 0.01998]
mp2_pair11 scaled residual norms:
[0.00036, 0.00036, 0.00146]
mp2_pair22 residual norms:
[0.01966, 0.01966, 0.00510]
mp2_pair22 scaled residual norms:
[0.00116, 0.00116, 0.00129]
timer:                          update all PNOs     2.50s     2.50s 
frozen pair: no orthonormalization
timer:                                     RRCD     0.05s     0.05s 
timer:                             MRA compress     0.00s     0.00s 
timer:                          Transform Pairs     0.06s     0.06s 
saving vector of functions mp2_pair11
saving vector of functions mp2_pair22
timer:                        save pnos on disc     0.12s     0.12s 


CONVERGED!
energy change = 0.00009

re-entering loop to compute the correct amplitudes and energies
timer:                        Whole Iteration 5    10.15s    10.15s 
Information About All Pairs:
mp2_pair11           number=0 rank=  3 frozen=false
mp2_pair21           number=1 rank=  0 frozen=true
mp2_pair22           number=2 rank=  3 frozen=false
number of pairs=3
average rank   =2 (2.00000)
largest rank   =3
PNOPairs Memory Information
Total: 0.00716 GB 
PNO  : 0.00716 GB 
KPNO : 0.00000 GB 
W    : 0.00000 GB 

timer:                                 truncate     0.03s     0.03s 
wall time=150.97440 chunk=6 allK.size()=6 memory=0.00634 GB
timer:                             compute KPNO     3.11s     3.11s 
wall time=151.08798 chunk=6 allJ.size()=6 memory=0.00773 GB
timer:                             compute JPNO     0.11s     0.11s 
timer:                    compute Fock matrices     1.20s     1.20s 
timer:                             MRA compress     0.00s     0.00s 
timer:                          Transform Pairs     0.19s     0.19s 
timer:                             Canonicalize     0.19s     0.19s 
PNOPairs Memory Information
Total: 0.01349 GB 
PNO  : 0.00716 GB 
KPNO : 0.00634 GB 
W    : 0.00000 GB 

timer:                                 truncate     0.03s     0.03s 
mp2_pair21 is frozen: potential not computed
timer:                   Fluctuation Potentials     1.74s     1.74s 
timer:                       Fluctuation Matrix     0.08s     0.08s 
PNOPairs Memory Information
Total: 0.02372 GB 
PNO  : 0.00716 GB 
KPNO : 0.00634 GB 
W    : 0.01022 GB 

PNOPairs Memory Information
Total: 0.02372 GB 
PNO  : 0.00716 GB 
KPNO : 0.00634 GB 
W    : 0.01022 GB 

timer:                                 truncate     0.04s     0.04s 
timer:                             PNO Overlaps     0.06s     0.06s 
t_iter =  0  Hylleraas energy =  0.00000  ||R||_F =  0.28223  conv =  no
subspace solution [*]   1.00000000

t_iter =  1  Hylleraas energy =  -0.04912  ||R||_F =  0.00000  conv =  yes
=======================================================

Hylleraas MP2 Energies

=======================================================
    i    j      singlet      triplet        Total
=======================================================
    1    1  -1.97500e-02  0.00000e+00 -1.97500e-02
    2    1   0.00000e+00  0.00000e+00  0.00000e+00
    2    2  -2.93713e-02  0.00000e+00 -2.93713e-02
=======================================================
Hylleraas MP2 Energies (singlet): -4.91213e-02
Hylleraas MP2 Energies (triplet):  0.00000e+00
Hylleraas MP2 Energies (total)  : -4.91213e-02
=======================================================
-------------------------------------------
Total Reg Energy  =-4.91213e-02
Total F12 Energy  = 0.00000e+00
Sum Energies Total=-4.91213e-02
-------------------------------------------
timer:                         Solve Amplitudes     0.00s     0.00s 
pair11: density evals:
 [*]   0.00468999   0.00468999   0.00530080

pair22: density evals:
 [*]   0.00342240   0.00342240   0.06405325

timer:                            compress PNOs     0.00s     0.00s 
timer:                             MRA compress     0.00s     0.00s 
timer:                          Transform Pairs     0.33s     0.33s 
timer:                          PNO Compression     0.33s     0.33s 
Information About All Pairs:
mp2_pair11           number=0 rank=  3 frozen=false
mp2_pair21           number=1 rank=  0 frozen=true
mp2_pair22           number=2 rank=  3 frozen=false
number of pairs=3
average rank   =2 (2.00000e+00)
largest rank   =3
saving vector of functions mp2_pair11
saving vector of functions mp2_pair22
timer:                        save pnos on disc     0.14s     0.14s 
exiting: Iterations converged
PNO ranks:
PNO Rank for pair pair11 = 3
PNO Rank for pair pair21 = 0
PNO Rank for pair pair22 = 3
average rank 2.00000e+00
timer:                               PNO::solve    61.72s    61.73s 

--------------------------------
ITERATE-PAIRS-INTERNAL-ENDED
--------------------------------
mp2_pair21 converged!


Adaptive Sovler:
 Current Energy=-4.9121257586e-02
 DeltaE        =-4.9121257586e-02
 max dE (pair) =-2.9371270753e-02 (2)
 all_pairs_conv=false




not converged yet

freeze pair mp2_pair21 (not further optimized: Energy below 1.0000000000e-05)
Maximum Rank of3 reached for all non-frozen pairs, no need to iterate further=======================================================

Final MP2 Energies

=======================================================
    i    j      singlet      triplet        Total
=======================================================
    1    1  -1.97500e-02  0.00000e+00 -1.97500e-02
    2    1   0.00000e+00  0.00000e+00  0.00000e+00
    2    2  -2.93713e-02  0.00000e+00 -2.93713e-02
=======================================================
Final MP2 Energies (singlet): -4.91213e-02
Final MP2 Energies (triplet):  0.00000e+00
Final MP2 Energies (total)  : -4.91213e-02
=======================================================
-------------------------------------------
Total Reg Energy  =-4.91213e-02
Total F12 Energy  = 0.00000e+00
Sum Energies Total=-4.91213e-02
-------------------------------------------
Average | Max Rank: 2 | 3



--------------------------------------------------
MRA-PNO-MP2-F12 ended 
--------------------------------------------------
                 time scf = 8.59302e+01
               energy scf = -1.55568e+01
--------------------------------------------------
restarting PNO to reload pairs that converged before and were frozen
PNO Parameters
pno
       rank_increase  15         # default   maximum rank to increase in every macroiteration
               chunk  100        # default   chunk of functions operated on in parallel when G or K is applied (prevent memory shortage)
               debug  false      # default   debug mode
              freeze  1          # derived   frozen core approximation
             maxrank  3          # defined   maximal pno rank for all pairs
           guesstype  exop       # derived   the guesstype: exop (recommended, multiply polynomial excitation operators onto the occupied orbitals), empty (don't compute a guess), scf (use the ao basis from the SCF solver), partial_wave (create s,p,d ..., type functions and place on atoms), predefined (same as partial_wave but for predefined sets)
                exop  multipole  # derived   this string defines which excitation operators can be used, use 'dipole', 'dipole+', 'quadrupole', 'ocopole', or 'multipole', need to set guesstype to 'exop' which is the default
          exop_trigo  true       # default   use trigonometric excitation operators ( x --> sin(x)
        partial_wave             # default   atom centered partial wave guess of format like 'h-2s1p-o-3s2p1d', need to set guesstype to 'partial_wave' and adaptive_solver to 'none'
          predefined             # default   predefined partial wave guesses of type pvxz with x=d,t,q,5,6, need to set guesstype to 'predefined' and adaptive_solver to 'none'
           maxiter_t  100        # default   maximal number of iterations in the amplitude solver
       maxiter_micro  10         # default   Maximum of iterations for every cycle in the adaptive solver
       maxiter_macro  10         # default   Maximum of iterations of cycles in the adaptive solver
                tpno  1.0000e-08 # default   PNO cutoff threshold
          tpno_tight  1.0000e-10 # derived   PNO cutoff for the first iteration
    canonicalize_pno  true       # default   canonicalize the pnos before the amplitude solver
              thresh  1.0000e-04 # defined   MRA threshold
         econv_micro  1.0000e-04 # derived   Energy convergence for microiterations (Greens function based optimization) in adaptive solver
         econv_pairs  1.0000e-05 # derived   ENergy convergence for individual pairs in adaptive solver. Converged pairs are frozen automatically
         econv_macro  1.0000e-04 # derived   Energy convergence for macroiterations in adaptive solver, no effect if adaptive_solver is deactivated
               dconv  1.0000e-01 # default   convergence of every PNO in the Green's function solver
           op_thresh  1.0000e-06 # default   MRA operator thresh
             restart  all        # defined   restart pairs of this type, use 'mp2', 'cispd', 'all' or 'none'
          no_compute  none       # default   do not compute the pairs of this type, use 'mp2', 'cispd', 'all' or 'none'
              no_opt  all        # defined   do not optimize the pnos of this type, use 'mp2', 'cispd', 'all' or 'none'
            no_guess  all        # defined   guess for this type will be empty, use 'mp2', 'cispd', 'all' or 'none'
     adaptive_solver  none       # defined   Use adaptive solver for those pairs, use 'mp2', 'cispd', 'all' or 'none', works only in combination with guesstype 'exop'
                kain  true       # default   use KAIN solver in amplitude solver
       kain_subspace  5          # default   subspace size of the KAIN solver (amplitudes)
                 f12  false      # defined   use explicit correlation
        cispd_number  -1         # default   CIS(D) excitation numbers, to read in correct functions
        cispd_energy  0.0000e+00 # default   CIS energy
        freeze_pairs  none       # default   frozen pairs will not be optimized: Expected format 'a b c d' will freeze pairs ab and cd
freeze_pairs_of_orbital  []         # default    All pairs which originate from this orbital will not be optimized
active_pairs_of_orbital  []         # default    All pairs which originate from this orbital will not be frozen all other pairs will, if this vector is not empty
no_opt_in_first_iteration  false      # default   Do not optimize in the first iteration (then the potentials do not have to be evaluated, use this for large guesses)
            exchange  full       # default   approximate exchange with 'neglect' or xc functional -> same syntax as moldft
           save_pnos  true       # default   Save the OBS-PNOs to a file, before and after orthonormalization.
            diagonal  true       # defined   Compute only diagonal PNOs

end

**********************
Solve PNO-MP2
*********************


**********************
Iterate Pairs
*********************


************************
Standard Solver
***********************

Initializing Pairs:
Restart demanded for mp2 pairs
loading vector of functions mp2_pair11
Found PNOs for mp2_pair11 with rank 3
loading vector of functions mp2_pair21
failed to find PNO mp2_pair21 initialize as zero function
nloading vector of functions mp2_pair22
Found PNOs for mp2_pair22 with rank 3
no guess was explicitly demanded for mp2

timer:                                     RRCD     0.06s     0.06s 
timer:                             MRA compress     0.00s     0.00s 
timer:                          Transform Pairs     0.08s     0.08s 
timer:          apply Q and orthonormalize PNOs     0.30s     0.30s 
Created Guess:
pair11 with 3 guess functions
pair21 with 0 guess functions
pair22 with 3 guess functions
guess pair11 size: 3.5777688026e-03 | 3.5777688026e-03 Gbyte (after truncation)
guess pair22 size: 3.4959912300e-03 | 3.4959912300e-03 Gbyte (after truncation)
timer:                           truncate guess     0.06s     0.06s 
timer:                         Initialize Pairs     0.37s     0.37s 
Information About All Pairs:
mp2_pair11           number=0 rank=  3 frozen=false
mp2_pair21           number=1 rank=  0 frozen=true
mp2_pair22           number=2 rank=  3 frozen=false
number of pairs=3
average rank   =2 (2.0000000000e+00)
largest rank   =3
SolveInternal: Parameters are assigned as
no_compute        = false
no_opt            = true
restart           = true
do_cispd          = false
econv             =1.0000000000e-04
maxrank (min,max) = (3,3)
Solving MP2 doubles
timer:          fock matrix     2.38s     2.38s
Information About All Pairs:
mp2_pair11           number=0 rank=  3 frozen=false
mp2_pair21           number=1 rank=  0 frozen=true
mp2_pair22           number=2 rank=  3 frozen=false
number of pairs=3
average rank   =2 (2.0000000000e+00)
largest rank   =3
PNOPairs Memory Information
Total: 0.0070737600 GB 
PNO  : 0.0070737600 GB 
KPNO : 0.0000000000 GB 
W    : 0.0000000000 GB 

timer:                                 truncate     0.02s     0.02s 
wall time=160.8576779366 chunk=6 allK.size()=6 memory=0.0063377619 GB
timer:                             compute KPNO     3.17s     3.17s 
wall time=161.0240170956 chunk=6 allJ.size()=6 memory=0.0077279806 GB
timer:                             compute JPNO     0.17s     0.17s 
timer:                    compute Fock matrices     1.11s     1.11s 
timer:                             MRA compress     0.00s     0.00s 
timer:                          Transform Pairs     0.17s     0.17s 
timer:                             Canonicalize     0.17s     0.17s 
PNOPairs Memory Information
Total: 0.0134932995 GB 
PNO  : 0.0071555376 GB 
KPNO : 0.0063377619 GB 
W    : 0.0000000000 GB 

timer:                                 truncate     0.04s     0.04s 
mp2_pair21 is frozen: potential not computed
timer:                   Fluctuation Potentials     1.80s     1.80s 
timer:                       Fluctuation Matrix     0.12s     0.12s 
PNOPairs Memory Information
Total: 0.0237154961 GB 
PNO  : 0.0071555376 GB 
KPNO : 0.0063377619 GB 
W    : 0.0102221966 GB 

PNOPairs Memory Information
Total: 0.0237154961 GB 
PNO  : 0.0071555376 GB 
KPNO : 0.0063377619 GB 
W    : 0.0102221966 GB 

timer:                                 truncate     0.06s     0.06s 
timer:                             PNO Overlaps     0.10s     0.10s 
t_iter =  0  Hylleraas energy =  0.0000000000  ||R||_F =  0.2822313112  conv =  no
subspace solution [*]   1.00000000

t_iter =  1  Hylleraas energy =  -0.0491213358  ||R||_F =  0.0000000040  conv =  yes
=======================================================

Hylleraas MP2 Energies

=======================================================
    i    j      singlet      triplet        Total
=======================================================
    1    1  -1.97500e-02  0.00000e+00 -1.97500e-02
    2    1   0.00000e+00  0.00000e+00  0.00000e+00
    2    2  -2.93713e-02  0.00000e+00 -2.93713e-02
=======================================================
Hylleraas MP2 Energies (singlet): -4.91213e-02
Hylleraas MP2 Energies (triplet):  0.00000e+00
Hylleraas MP2 Energies (total)  : -4.91213e-02
=======================================================
-------------------------------------------
Total Reg Energy  =-4.91213e-02
Total F12 Energy  = 0.00000e+00
Sum Energies Total=-4.91213e-02
-------------------------------------------
timer:                         Solve Amplitudes     0.00s     0.00s 
No optimization untill now: Compressing pno ranks with tighter threshold
1.00000e-10 instead of 1.00000e-08
pair11: density evals:
 [*]   0.00468999   0.00468999   0.00530081

pair22: density evals:
 [*]   0.00342238   0.00342238   0.06405354

timer:                            compress PNOs     0.00s     0.00s 
timer:                             MRA compress     0.00s     0.00s 
timer:                          Transform Pairs     0.34s     0.34s 
timer:                          PNO Compression     0.34s     0.34s 
Information About All Pairs:
mp2_pair11           number=0 rank=  3 frozen=false
mp2_pair21           number=1 rank=  0 frozen=true
mp2_pair22           number=2 rank=  3 frozen=false
number of pairs=3
average rank   =2 (2.00000e+00)
largest rank   =3
saving vector of functions mp2_pair11
saving vector of functions mp2_pair22
timer:                        save pnos on disc     0.13s     0.13s 
exiting: Found no_opt keyword
PNO ranks:
PNO Rank for pair pair11 = 3
PNO Rank for pair pair21 = 0
PNO Rank for pair pair22 = 3
average rank 2.00000e+00
timer:                               PNO::solve     9.62s     9.62s 

--------------------------------
ITERATE-PAIRS-INTERNAL-ENDED
--------------------------------
=======================================================

Final MP2 Energies

=======================================================
    i    j      singlet      triplet        Total
=======================================================
    1    1  -1.97500e-02  0.00000e+00 -1.97500e-02
    2    1   0.00000e+00  0.00000e+00  0.00000e+00
    2    2  -2.93713e-02  0.00000e+00 -2.93713e-02
=======================================================
Final MP2 Energies (singlet): -4.91213e-02
Final MP2 Energies (triplet):  0.00000e+00
Final MP2 Energies (total)  : -4.91213e-02
=======================================================
-------------------------------------------
Total Reg Energy  =-4.91213e-02
Total F12 Energy  = 0.00000e+00
Sum Energies Total=-4.91213e-02
-------------------------------------------
Average | Max Rank: 2 | 3
                 time pno = 6.82791e+01
               energy mp2 = -4.91213e-02
     average pno rank mp2 = 2
         max pno rank mp2 = 3
--------------------------------------------------
            energy(total) = -1.56059e+01
--------------------------------------------------



Orthonormalization technique used: symmetric
No CABS used.
Tightening thresholds to +0.00010000 for post-processing
Overlap Matrix of all PNOs:
+1.00000273 +0.29741055 -0.00000000 -0.00000000 -0.00000000 +0.00000000 
+0.29741055 +1.00000038 -0.00000000 -0.00000000 -0.00000000 +0.00000000 
-0.00000000 -0.00000000 +1.00000000 -0.00000000 +0.05811005 -0.02396784 
-0.00000000 -0.00000000 -0.00000000 +1.00000000 +0.02396784 +0.05811005 
-0.00000000 -0.00000000 +0.05811005 +0.02396784 +0.99999999 -0.00000000 
+0.00000000 +0.00000000 -0.02396784 +0.05811005 -0.00000000 +0.99999999 
Before cherry pick
rank is +0
all used occupation numbers:
[+0.06405354 +0.00530081 +0.00468999 +0.00468999 +0.00342238 +0.00342238 ]
corresponding to active pairs:
[(1,1) (0,0) (0,0) (0,0) (1,1) (1,1) ]
After cherry pick
all used occupation numbers:
[+0.06405354 +0.00530081 +0.00468999 +0.00468999 +0.00342238 +0.00342238 ]
corresponding to active pairs:
[(1,1) (0,0) (0,0) (0,0) (1,1) (1,1) ]
Overlap Matrix before symmetric
[+0,*]  +1.00000273  +0.29741055  -0.00000000  -0.00000000  -0.00000000  +0.00000000
[+1,*]  +0.29741055  +1.00000038  -0.00000000  -0.00000000  -0.00000000  +0.00000000
[+2,*]  -0.00000000  -0.00000000  +1.00000000  -0.00000000  +0.05811005  -0.02396784
[+3,*]  -0.00000000  -0.00000000  -0.00000000  +1.00000000  +0.02396784  +0.05811005
[+4,*]  -0.00000000  -0.00000000  +0.05811005  +0.02396784  +0.99999999  -0.00000000
[+5,*]  +0.00000000  +0.00000000  -0.02396784  +0.05811005  -0.00000000  +0.99999999
Overlap Matrix after symmetric
[+0,*]  +1.00000000  +0.00000001  -0.00000000  -0.00000000  -0.00000000  -0.00000000
[+1,*]  +0.00000001  +1.00000000  +0.00000000  +0.00000000  -0.00000000  -0.00000000
[+2,*]  -0.00000000  +0.00000000  +1.00000000  +0.00000000  +0.00000000  -0.00000000
[+3,*]  -0.00000000  +0.00000000  +0.00000000  +1.00000000  +0.00000000  +0.00000000
[+4,*]  -0.00000000  -0.00000000  +0.00000000  +0.00000000  +1.00000000  -0.00000000
[+5,*]  -0.00000000  -0.00000000  -0.00000000  +0.00000000  -0.00000000  +1.00000000
Adding 3 HF orbitals
Size before adding CABS: 9.
Size after adding CABS: 9.
Compute G and F Tensor:
Assemble g,f using symmetries...
non zero elements:
 g : +11118
 h : +37
Overlap over whole basis
[+0,*]  +1.00000000  -0.00000061  +0.00000061  -0.00001149  +0.00000512  +0.00000000  +0.00000000  -0.00000000  +0.00000000
[+1,*]  -0.00000061  +1.00000000  +0.00000042  -0.00000370  +0.00000162  -0.00000000  +0.00000000  -0.00000000  +0.00000000
[+2,*]  +0.00000061  +0.00000042  +1.00000000  +0.00000081  -0.00000042  -0.00000000  -0.00000000  -0.00000000  +0.00000000
[+3,*]  -0.00001149  -0.00000370  +0.00000081  +1.00000000  +0.00000001  -0.00000000  -0.00000000  -0.00000000  +0.00000000
[+4,*]  +0.00000512  +0.00000162  -0.00000042  +0.00000001  +1.00000000  +0.00000000  +0.00000000  -0.00000000  +0.00000000
[+5,*]  +0.00000000  -0.00000000  -0.00000000  -0.00000000  +0.00000000  +1.00000000  +0.00000000  +0.00000000  -0.00000000
[+6,*]  +0.00000000  +0.00000000  -0.00000000  -0.00000000  +0.00000000  +0.00000000  +1.00000000  +0.00000000  +0.00000000
[+7,*]  -0.00000000  -0.00000000  -0.00000000  -0.00000000  -0.00000000  +0.00000000  +0.00000000  +1.00000000  -0.00000000
[+8,*]  +0.00000000  +0.00000000  +0.00000000  +0.00000000  +0.00000000  -0.00000000  +0.00000000  -0.00000000  +1.00000000

||S-1||=+0.00001878
finished at time 239.5

    Parallel environment
    --------------------
                  #nodes    1
       #threads per node    11+main = 12
          #total threads    12

  RMI message statistics (min / avg / max)
  ----------------------
   #messages in server q    0.00e+00 / 0.00e+00 / 0.00e+00
 #messages sent per node    0.00e+00 / 0.00e+00 / 0.00e+00
    #bytes sent per node    0.00e+00 / 0.00e+00 / 0.00e+00
 #messages recv per node    0.00e+00 / 0.00e+00 / 0.00e+00
    #bytes recv per node    0.00e+00 / 0.00e+00 / 0.00e+00
        #msgs systemwide    0.00e+00
       #bytes systemwide    0.00e+00

  Thread pool statistics (min / avg / max)
  ----------------------
         #tasks per node    1.47e+07 / 1.47e+07 / 1.47e+07
     #max q len per node    9.67e+03 / 9.67e+03 / 9.67e+03
  #hi-pri tasks per node    4.41e+06 / 4.41e+06 / 4.41e+06

         Total wall time    239.5s
         Total  cpu time    239.5s

