MADNESS runtime initialized with 11 threads in the pool and affinity -1 -1 -1
starting at time 0.0

--------------------------------------------
   MADNESS 0.10.1 multiresolution suite
--------------------------------------------

   number of processors ... 1
    processor frequency ... 3.695882e+09
            host system ... Linux
          configured by ... kottmann
          configured on ... wittgenstein
          configured at ... 2021-02-10T21:25:26
                    CXX ... /usr/bin/c++
               CXXFLAGS ... -O3 -DNDEBUG -I/h/28/kottmann/install/numcpp/include/ -I/h/28/kottmann/install/boost/boost_1_72_0/include/ -std=c++1z
             tuning for ... default
                    MPI ... multiple
 multi-threaded runtime ... MADNESS ThreadPool
                   BLAS ... Intel MKL 66757 66757 MFLOP/s
               compiled ... 13:08:26  on  Feb 23 2021


-------------------------------------------------------------------------------------
SOLVING MRA-PNO-F12 as described in 
J.S. Kottmann, F.A. Bischoff, E.F. Valeev
Direct determination of optimal pair-natural orbitals in a real-space representation:
the second-order Møller-Plesset energy
Journal of Chemical Physics ... 2020
-------------------------------------------------------------------------------------


This script will run PNO-MP2 and print out tensors in binary
Call as: pno_integrals inputfileinput is input
ignoring unknown parameter in input file:  ncf

Angstrom being used to read input coordinates (1 Bohr = 1.88972613 Angstrom)


Asymptotic correction parameters
---------------------------------------
Atom vector is not empty: false
Using multipole approximation: false
Number of electrons = -1
Ionisation energy = 0.000000e+00
E(HOMO) = 0.000000e+00
R1 = 3.000000e+00
R2 = 4.000000e+00
DFT coefficient = 0.000000e+00
Interpolation scheme = linear
constructed symmetry operator for point group C1
dft
              charge  0.0000e+00 # defined   total molecular charge
                  xc  hf         # defined   XC input line
               smear  0.0000e+00 # default   smearing parameter
               econv  1.0000e-04 # defined   energy convergence
               dconv  5.0000e-04 # defined   density convergence
convergence_criteria  [bsh_residual, total_energy] # default   possible values are: bsh_residual, total_energy, each_energy, density
                   k  7          # defined   polynomial order
                   l  5.4598e+01 # derived   user coordinates box size
               deriv  abgv       # default   derivative method                            [abgv, bspline, ble]
           dft_deriv  abgv       # default   derivative method for gga potentials         [abgv, bspline, ble]
             maxrotn  2.5000e-01 # default   step restriction used in autoshift algorithm
             nvalpha  0          # default   number of alpha virtuals to compute
              nvbeta  0          # default   number of beta virtuals to compute
               nopen  0          # default   number of unpaired electrons = nalpha-nbeta
             maxiter  25         # default   maximum number of iterations
                 nio  1          # default   no. of io servers to use
     spin_restricted  true       # default   true if spin restricted
              plotlo  0          # default   range of MOs to print (for both spins if polarized
              plothi  -1         # default   range of MOs to print (for both spins if polarized
            plotdens  false      # default   If true print the density at convergence
            plotcoul  false      # default   If true plot the total coulomb potential at convergence
            localize  boys       # defined   localization method                          [pm, boys, new, canon]
          pointgroup  c1         # derived   use point (sub) group symmetry if not localized[c1, c2, ci, cs, c2v, c2h, d2, d2h]
             restart  false      # default   if true restart from orbitals on disk
           restartao  false      # default   if true restart from orbitals projected into AO basis (STO3G) on disk
          no_compute  false      # default   if true use orbitals on disk, set value to computed
           no_orient  false      # default   if true the molecule coordinates will not be reoriented
                save  true       # default   if true save orbitals to disk
              maxsub  10         # default   size of iterative subspace ... set to 0 or 1 to disable
        orbitalshift  0.0000e+00 # default   scf orbital shift: shift the occ orbitals to lower energies
            npt_plot  101        # default   no. of points to use in each dim for plots
           plot_cell  []         # default   lo hi in each dimension for plotting (default is all space)
             aobasis  6-31g      # derived   AO basis used for initial guess (6-31g or sto-3g)
           core_type  none       # default   core potential type                          [none, mpc]
         derivatives  false      # default   if true calculate nuclear derivatives
              dipole  false      # default   if true calculate dipole moment
      conv_only_dens  false      # default   if true remove bsh_residual from convergence criteria (deprecated)
            psp_calc  false      # default   pseudopotential calculation for all atoms
 print_dipole_matels  false      # default   if true output dipole matrix elements
            pcm_data  none       # default   do a PCM (solvent) calculation
             ac_data  none       # default   do a calculation with asymptotic correction (see ACParameters class in chem/AC.h for details)
             pure_ae  true       # default   pure all electron calculation with no pseudo-atoms
         print_level  3          # default   0: no output; 1: final energy; 2: iterations; 3: timings; 10: debug
              nalpha  3          # derived   number of alpha spin electrons
               nbeta  3          # derived   number of beta  spin electrons
           nmo_alpha  3          # derived   number of alpha spin molecular orbitals
            nmo_beta  3          # derived   number of beta spin molecular orbitals
                  lo  9.0905e-04 # derived   smallest length scale we need to resolve
            protocol  [1.0000e-04, 1.0000e-06] # derived   calculation protocol
                gopt  false      # default   geometry optimizer
                gtol  1.0000e-04 # default   geometry tolerance
               gtest  false      # default   geometry tolerance
                gval  1.0000e-05 # default   value precision
               gprec  1.0000e-04 # default   gradient precision
            gmaxiter  20         # default   optimization maxiter
    ginitial_hessian  false      # default   compute inital hessian for optimization
              algopt  bfgs       # default   algorithm used for optimization              [bfgs, cg]
            tdksprop  false      # default   time-dependent Kohn-Sham equation propagate
           nv_factor  1          # default   factor to multiply number of virtual orbitals with when automatically decreasing nvirt
           vnucextra  2          # default   load balance parameter for nuclear pot
        loadbalparts  2          # default   ??
            response  false      # default   response function calculation
       response_freq  0.0000e+00 # default   frequency for calculation response function
       response_axis  [1, 1, 1]  # default   response axis
           nonrotate  false      # default   if true do not molcule orient (redundant with no_orient
               rconv  1.0000e-06 # default   Response convergence
              efield  0.0000e+00 # default   eps for finite field
         efield_axis  0          # default   finite field axis                            [0, 1, 2]
              nwfile  none       # default   Base name of nwchem output files (.out and .movecs extensions) to read from
                 ncf  (none,1.0000e+00) # defined   nuclear correlation factor
             hessian  false      # default   compute the hessian matrix
           read_cphf  false      # default   read the converged orbital response for nuclear displacements from file
        restart_cphf  false      # default   read the guess orbital response for nuclear displacements from file
      purify_hessian  false      # default   symmetrize the hessian matrix based on atomic charges

end
              charge  0.0000e+00 # defined   total molecular charge
                  xc  hf         # defined   XC input line
               smear  0.0000e+00 # default   smearing parameter
               econv  1.0000e-04 # defined   energy convergence
               dconv  5.0000e-04 # defined   density convergence
convergence_criteria  [bsh_residual, total_energy] # default   possible values are: bsh_residual, total_energy, each_energy, density
                   k  7          # defined   polynomial order
                   l  5.4598e+01 # derived   user coordinates box size
               deriv  abgv       # default   derivative method                            [abgv, bspline, ble]
           dft_deriv  abgv       # default   derivative method for gga potentials         [abgv, bspline, ble]
             maxrotn  2.5000e-01 # default   step restriction used in autoshift algorithm
             nvalpha  0          # default   number of alpha virtuals to compute
              nvbeta  0          # default   number of beta virtuals to compute
               nopen  0          # default   number of unpaired electrons = nalpha-nbeta
             maxiter  25         # default   maximum number of iterations
                 nio  1          # default   no. of io servers to use
     spin_restricted  true       # default   true if spin restricted
              plotlo  0          # default   range of MOs to print (for both spins if polarized
              plothi  -1         # default   range of MOs to print (for both spins if polarized
            plotdens  false      # default   If true print the density at convergence
            plotcoul  false      # default   If true plot the total coulomb potential at convergence
            localize  boys       # defined   localization method                          [pm, boys, new, canon]
          pointgroup  c1         # derived   use point (sub) group symmetry if not localized[c1, c2, ci, cs, c2v, c2h, d2, d2h]
             restart  false      # default   if true restart from orbitals on disk
           restartao  false      # default   if true restart from orbitals projected into AO basis (STO3G) on disk
          no_compute  false      # default   if true use orbitals on disk, set value to computed
           no_orient  false      # default   if true the molecule coordinates will not be reoriented
                save  true       # default   if true save orbitals to disk
              maxsub  10         # default   size of iterative subspace ... set to 0 or 1 to disable
        orbitalshift  0.0000e+00 # default   scf orbital shift: shift the occ orbitals to lower energies
            npt_plot  101        # default   no. of points to use in each dim for plots
           plot_cell  []         # default   lo hi in each dimension for plotting (default is all space)
             aobasis  6-31g      # derived   AO basis used for initial guess (6-31g or sto-3g)
           core_type  none       # default   core potential type                          [none, mpc]
         derivatives  false      # default   if true calculate nuclear derivatives
              dipole  false      # default   if true calculate dipole moment
      conv_only_dens  false      # default   if true remove bsh_residual from convergence criteria (deprecated)
            psp_calc  false      # default   pseudopotential calculation for all atoms
 print_dipole_matels  false      # default   if true output dipole matrix elements
            pcm_data  none       # default   do a PCM (solvent) calculation
             ac_data  none       # default   do a calculation with asymptotic correction (see ACParameters class in chem/AC.h for details)
             pure_ae  true       # default   pure all electron calculation with no pseudo-atoms
         print_level  3          # default   0: no output; 1: final energy; 2: iterations; 3: timings; 10: debug
              nalpha  3          # derived   number of alpha spin electrons
               nbeta  3          # derived   number of beta  spin electrons
           nmo_alpha  3          # derived   number of alpha spin molecular orbitals
            nmo_beta  3          # derived   number of beta spin molecular orbitals
                  lo  9.0905e-04 # derived   smallest length scale we need to resolve
            protocol  [1.0000e-04, 1.0000e-06] # derived   calculation protocol
                gopt  false      # default   geometry optimizer
                gtol  1.0000e-04 # default   geometry tolerance
               gtest  false      # default   geometry tolerance
                gval  1.0000e-05 # default   value precision
               gprec  1.0000e-04 # default   gradient precision
            gmaxiter  20         # default   optimization maxiter
    ginitial_hessian  false      # default   compute inital hessian for optimization
              algopt  bfgs       # default   algorithm used for optimization              [bfgs, cg]
            tdksprop  false      # default   time-dependent Kohn-Sham equation propagate
           nv_factor  1          # default   factor to multiply number of virtual orbitals with when automatically decreasing nvirt
           vnucextra  2          # default   load balance parameter for nuclear pot
        loadbalparts  2          # default   ??
            response  false      # default   response function calculation
       response_freq  0.0000e+00 # default   frequency for calculation response function
       response_axis  [1, 1, 1]  # default   response axis
           nonrotate  false      # default   if true do not molcule orient (redundant with no_orient
               rconv  1.0000e-06 # default   Response convergence
              efield  0.0000e+00 # default   eps for finite field
         efield_axis  0          # default   finite field axis                            [0, 1, 2]
              nwfile  none       # default   Base name of nwchem output files (.out and .movecs extensions) to read from



 geometry
   eprec 1.0e-06
   units atomic
   Be            0.00000000           0.00000000           0.50392697
   H             0.00000000           0.00000000           2.58262571
   H             0.00000000           0.00000000          -4.59833359
 end

Solving NDIM= 3  with thresh 1.000000e-04     k 7    conv 5.000000e-04 

timer:     Project vnuclear     0.63s     0.63s
constructed nuclear correlation factor of the form
    R   =  1.000000e+00
with eprec  1.000000e-06
which means it's (nearly) a conventional calculation

timer:        reproject ncf     1.83s     1.83s
timer:        guess density     0.49s     0.49s
timer:   guess Coulomb potn     0.35s     0.35s
timer:       guess lda potn     0.28s     0.28s
timer:        guess overlap     0.04s     0.04s
timer:    KEmat reconstruct     0.05s     0.05s
timer:  KEmat differentiate     0.32s     0.32s
timer:       KEmat compress     0.14s     0.14s
timer: KEmat inner products     0.17s     0.17s
timer:     guess Kinet potn     0.70s     0.70s
timer:           guess fock     0.47s     0.47s
timer:      guess eigen sol     0.02s     0.02s
timer: guess orbital groupi     0.17s     0.17s

starting protocol at time      7.1s 
precision steps  1.000000e-04  -->  1.000000e-04
protocol: thresh 1.000000e-04 econv  1.000000e-04 dconv 5.000000e-04

ending protocol at time      7.1s 

Solving NDIM= 3  with thresh 1.000000e-04     k 7    conv 5.000000e-04 

timer:        Boys localize     1.07s     1.07s
orbital irreps []
timer:      reconstruct psi     0.14s     0.14s
timer:        compute Jnemo     0.66s     0.66s
timer:        compute Knemo     1.80s     1.80s
timer: compute Unemo 0.0155     0.27s     0.27s

  nuclear and kinetic     -25.50669919
         kinetic only      15.75700679
              coulomb      10.50363876
             exchange      -3.40934388
    nuclear-repulsion       2.84750415
   regularized energy     -15.56490016
  buggy if hybrid functionals are used..
timer:       compute energy     3.49s     3.49s
Norm of vector changes ab spin case : rms 8.131948e-02    max 1.316251e-01
convergence: bshresidual, energy change, max energy change, density change 9.4e-02 1.6e+01 1.6e+01 1.5e+00
finished iteration  0 at time     19.8s with energy  -15.56490016
timer:        Boys localize     1.02s     1.02s
orbital irreps []
timer:      reconstruct psi     0.14s     0.14s
timer:        compute Jnemo     0.64s     0.64s
timer:        compute Knemo     1.91s     1.91s
timer: compute Unemo 0.0155     0.23s     0.23s

  nuclear and kinetic     -25.54785282
         kinetic only      15.61794308
              coulomb      10.44123927
             exchange      -3.35005521
    nuclear-repulsion       2.84750415
   regularized energy     -15.60916460
  buggy if hybrid functionals are used..
timer:       compute energy     3.67s     3.67s
Norm of vector changes ab spin case : rms 2.738594e-02    max 4.289028e-02
convergence: bshresidual, energy change, max energy change, density change 2.2e-02 4.4e-02 1.4e-01 1.2e-02
finished iteration  1 at time     32.4s with energy  -15.60916460
timer:        Boys localize     1.04s     1.04s
orbital irreps []
timer:      reconstruct psi     0.14s     0.14s
timer:        compute Jnemo     0.69s     0.69s
timer:        compute Knemo     2.03s     2.03s
timer: compute Unemo 0.0153     0.26s     0.26s

  nuclear and kinetic     -25.57914404
         kinetic only      15.59769363
              coulomb      10.45186578
             exchange      -3.33386467
    nuclear-repulsion       2.84750415
   regularized energy     -15.61363877
  buggy if hybrid functionals are used..
timer:       compute energy     3.51s     3.51s
Norm of vector changes ab spin case : rms 8.920635e-03    max 1.445170e-02
convergence: bshresidual, energy change, max energy change, density change 5.2e-03 4.5e-03 3.1e-02 3.7e-03
finished iteration  2 at time     45.6s with energy  -15.61363877
timer:        Boys localize     0.96s     0.96s
orbital irreps []
timer:      reconstruct psi     0.18s     0.18s
timer:        compute Jnemo     0.71s     0.71s
timer:        compute Knemo     1.93s     1.93s
timer: compute Unemo 0.0153     0.21s     0.21s

  nuclear and kinetic     -25.59996175
         kinetic only      15.59711754
              coulomb      10.46811610
             exchange      -3.32973490
    nuclear-repulsion       2.84750415
   regularized energy     -15.61407639
  buggy if hybrid functionals are used..
timer:       compute energy     3.43s     3.43s
Norm of vector changes ab spin case : rms 3.848615e-03    max 6.445116e-03
convergence: bshresidual, energy change, max energy change, density change 1.8e-03 4.4e-04 2.1e-02 9.3e-04
finished iteration  3 at time     58.9s with energy  -15.61407639
timer:        Boys localize     1.03s     1.03s
orbital irreps []
timer:      reconstruct psi     0.18s     0.18s
timer:        compute Jnemo     0.60s     0.60s
timer:        compute Knemo     1.87s     1.87s
timer: compute Unemo 0.0153     0.22s     0.22s

  nuclear and kinetic     -25.60907708
         kinetic only      15.59808944
              coulomb      10.47646539
             exchange      -3.32902295
    nuclear-repulsion       2.84750415
   regularized energy     -15.61413048
  buggy if hybrid functionals are used..
timer:       compute energy     3.60s     3.60s
Norm of vector changes ab spin case : rms 8.953848e-04    max 1.171608e-03
convergence: bshresidual, energy change, max energy change, density change 4.9e-04 5.4e-05 9.1e-03 3.0e-04
finished iteration  4 at time     72.5s with energy  -15.61413048

Iterations converged


ending protocol at time     72.5s 

 Dipole Moment (a.u.)
 -----------

     x:  -6.630989e-14
     y:  -8.380216e-14
     z:  1.365596e+00
 Total Dipole Moment:  1.365596e+00 

timer:               dipole     0.09s     0.09s
Nemo Orbital Energies: [*]  -4.77005245  -0.57171405  -0.31532960

nemo energy:  -1.561413e+01
 at time 73.0
PNO Integrals evaluated as:
pnoint
       rank_increase  15         # default   maximum rank to increase in every macroiteration
               chunk  100        # default   chunk of functions operated on in parallel when G or K is applied (prevent memory shortage)
               debug  false      # default   debug mode
              freeze  1          # derived   frozen core approximation
             maxrank  4          # defined   maximal pno rank for all pairs
           guesstype  exop       # derived   the guesstype: exop (recommended, multiply polynomial excitation operators onto the occupied orbitals), empty (don't compute a guess), scf (use the ao basis from the SCF solver), partial_wave (create s,p,d ..., type functions and place on atoms), predefined (same as partial_wave but for predefined sets)
                exop  multipole  # derived   this string defines which excitation operators can be used, use 'dipole', 'dipole+', 'quadrupole', 'ocopole', or 'multipole', need to set guesstype to 'exop' which is the default
          exop_trigo  true       # default   use trigonometric excitation operators ( x --> sin(x)
        partial_wave             # default   atom centered partial wave guess of format like 'h-2s1p-o-3s2p1d', need to set guesstype to 'partial_wave' and adaptive_solver to 'none'
          predefined             # default   predefined partial wave guesses of type pvxz with x=d,t,q,5,6, need to set guesstype to 'predefined' and adaptive_solver to 'none'
           maxiter_t  100        # default   maximal number of iterations in the amplitude solver
       maxiter_micro  10         # default   Maximum of iterations for every cycle in the adaptive solver
       maxiter_macro  10         # default   Maximum of iterations of cycles in the adaptive solver
                tpno  1.0000e-08 # default   PNO cutoff threshold
          tpno_tight  1.0000e-10 # derived   PNO cutoff for the first iteration
    canonicalize_pno  true       # default   canonicalize the pnos before the amplitude solver
              thresh  1.0000e-04 # defined   MRA threshold
         econv_micro  1.0000e-04 # derived   Energy convergence for microiterations (Greens function based optimization) in adaptive solver
         econv_pairs  1.0000e-05 # derived   ENergy convergence for individual pairs in adaptive solver. Converged pairs are frozen automatically
         econv_macro  1.0000e-04 # derived   Energy convergence for macroiterations in adaptive solver, no effect if adaptive_solver is deactivated
               dconv  1.0000e-01 # default   convergence of every PNO in the Green's function solver
           op_thresh  1.0000e-06 # default   MRA operator thresh
             restart  none       # derived   restart pairs of this type, use 'mp2', 'cispd', 'all' or 'none'
          no_compute  none       # default   do not compute the pairs of this type, use 'mp2', 'cispd', 'all' or 'none'
              no_opt  none       # default   do not optimize the pnos of this type, use 'mp2', 'cispd', 'all' or 'none'
            no_guess  none       # derived   guess for this type will be empty, use 'mp2', 'cispd', 'all' or 'none'
     adaptive_solver  all        # default   Use adaptive solver for those pairs, use 'mp2', 'cispd', 'all' or 'none', works only in combination with guesstype 'exop'
                kain  true       # default   use KAIN solver in amplitude solver
       kain_subspace  5          # default   subspace size of the KAIN solver (amplitudes)
                 f12  false      # defined   use explicit correlation
        cispd_number  -1         # default   CIS(D) excitation numbers, to read in correct functions
        cispd_energy  0.0000e+00 # default   CIS energy
        freeze_pairs  none       # default   frozen pairs will not be optimized: Expected format 'a b c d' will freeze pairs ab and cd
freeze_pairs_of_orbital  []         # default    All pairs which originate from this orbital will not be optimized
active_pairs_of_orbital  []         # default    All pairs which originate from this orbital will not be frozen all other pairs will, if this vector is not empty
no_opt_in_first_iteration  false      # default   Do not optimize in the first iteration (then the potentials do not have to be evaluated, use this for large guesses)
            exchange  full       # default   approximate exchange with 'neglect' or xc functional -> same syntax as moldft
           save_pnos  true       # default   Save the OBS-PNOs to a file, before and after orthonormalization.
            diagonal  true       # defined   Compute only diagonal PNOs
              orthog  symmetric  # defined   orthogonalization method for PNO basis, also current default for a potential CABS. options: symmetric, canonical, cholesky, rr_cholesky,
         orthog_cabs  default    # default   orthogonalization method for CABS basis. options: symmetric, canonical, cholesky, rr_cholesky, uses same as orbitals basis if default.
               n_pno  4          # defined   desired size of PNO-basis (orbital space)
         cabs_option  none       # default   type of complementary auxiliary basis to be used. can be none ~ no CABS, gbs ~ Gaussian basis set as CABS, requires input via auxbas_file, pno ~ use superfluous PNOs as CABS, mixed ~ gbs&pno-option
       pno_cabs_size  -1         # default   size of a potential pno-cabs. defaults to -1 ~ all remaining PNOs, if pno-cabs or mixed-cabs
           only_diag  false      # default   use only diagonal elements PNOs
         cherry_pick  []         # default   cherry pick option to choose particular set of PNOs, not just blindly by occupation number. can be useful, if only a restricted number of PNOs can be used, to avoid separating degenerate pairs. can be envoked by passing a vector via [ elem1, elem2, ... ]
               gamma  1.4000e+00 # default   The f12 length scale, here to be used to compute f12-integrals
         cabs_thresh  1.0000e-04 # derived    thresh for cabs part
              auxbas  none       # default   atom centered partial wave guess of format like 'h-2s1p-o-3s2p1d'
         auxbas_file  none       # default   Use external comp. aux. basis in addition to the pnos as auxbasis. Give the filename as parameter. Give the auxbas in turbomole format. Don't use contractions. If a file is specified the auxbas parameter has no effect
   print_pno_overlap  true       # default   Print overlap matrix at certain steps in computation, for debugging purposes.
              n_virt  0          # defined   Compute this number of virtuals and include them in the integral construction, experimental and not robust!.
      hardcore_boson  false      # default   compute only integrals for hardcore boson hamiltonian (restricted to double occupations)

end
F12 Operators initialized right
timer:                    Testing F12 Operators     0.68s     0.68s 
timer:  Initializing (active) Exchange Orbitals     2.32s     2.32s 
Size of active mos and their exchange potentials:
K(acmos)=2.821326e-03 Gbyte
acmos   =2.473772e-03 Gbyte
PNO Parameters
pno
       rank_increase  15         # default   maximum rank to increase in every macroiteration
               chunk  100        # default   chunk of functions operated on in parallel when G or K is applied (prevent memory shortage)
               debug  false      # default   debug mode
              freeze  1          # derived   frozen core approximation
             maxrank  4          # defined   maximal pno rank for all pairs
           guesstype  exop       # derived   the guesstype: exop (recommended, multiply polynomial excitation operators onto the occupied orbitals), empty (don't compute a guess), scf (use the ao basis from the SCF solver), partial_wave (create s,p,d ..., type functions and place on atoms), predefined (same as partial_wave but for predefined sets)
                exop  multipole  # derived   this string defines which excitation operators can be used, use 'dipole', 'dipole+', 'quadrupole', 'ocopole', or 'multipole', need to set guesstype to 'exop' which is the default
          exop_trigo  true       # default   use trigonometric excitation operators ( x --> sin(x)
        partial_wave             # default   atom centered partial wave guess of format like 'h-2s1p-o-3s2p1d', need to set guesstype to 'partial_wave' and adaptive_solver to 'none'
          predefined             # default   predefined partial wave guesses of type pvxz with x=d,t,q,5,6, need to set guesstype to 'predefined' and adaptive_solver to 'none'
           maxiter_t  100        # default   maximal number of iterations in the amplitude solver
       maxiter_micro  10         # default   Maximum of iterations for every cycle in the adaptive solver
       maxiter_macro  10         # default   Maximum of iterations of cycles in the adaptive solver
                tpno  1.0000e-08 # default   PNO cutoff threshold
          tpno_tight  1.0000e-10 # derived   PNO cutoff for the first iteration
    canonicalize_pno  true       # default   canonicalize the pnos before the amplitude solver
              thresh  1.0000e-04 # defined   MRA threshold
         econv_micro  1.0000e-04 # derived   Energy convergence for microiterations (Greens function based optimization) in adaptive solver
         econv_pairs  1.0000e-05 # derived   ENergy convergence for individual pairs in adaptive solver. Converged pairs are frozen automatically
         econv_macro  1.0000e-04 # derived   Energy convergence for macroiterations in adaptive solver, no effect if adaptive_solver is deactivated
               dconv  1.0000e-01 # default   convergence of every PNO in the Green's function solver
           op_thresh  1.0000e-06 # default   MRA operator thresh
             restart  none       # derived   restart pairs of this type, use 'mp2', 'cispd', 'all' or 'none'
          no_compute  none       # default   do not compute the pairs of this type, use 'mp2', 'cispd', 'all' or 'none'
              no_opt  none       # default   do not optimize the pnos of this type, use 'mp2', 'cispd', 'all' or 'none'
            no_guess  none       # derived   guess for this type will be empty, use 'mp2', 'cispd', 'all' or 'none'
     adaptive_solver  all        # default   Use adaptive solver for those pairs, use 'mp2', 'cispd', 'all' or 'none', works only in combination with guesstype 'exop'
                kain  true       # default   use KAIN solver in amplitude solver
       kain_subspace  5          # default   subspace size of the KAIN solver (amplitudes)
                 f12  false      # defined   use explicit correlation
        cispd_number  -1         # default   CIS(D) excitation numbers, to read in correct functions
        cispd_energy  0.0000e+00 # default   CIS energy
        freeze_pairs  none       # default   frozen pairs will not be optimized: Expected format 'a b c d' will freeze pairs ab and cd
freeze_pairs_of_orbital  []         # default    All pairs which originate from this orbital will not be optimized
active_pairs_of_orbital  []         # default    All pairs which originate from this orbital will not be frozen all other pairs will, if this vector is not empty
no_opt_in_first_iteration  false      # default   Do not optimize in the first iteration (then the potentials do not have to be evaluated, use this for large guesses)
            exchange  full       # default   approximate exchange with 'neglect' or xc functional -> same syntax as moldft
           save_pnos  true       # default   Save the OBS-PNOs to a file, before and after orthonormalization.
            diagonal  true       # defined   Compute only diagonal PNOs

end

**********************
Solve PNO-MP2
*********************


**********************
Iterate Pairs
*********************


************************
Adaptive Solver
***********************

Initializing empty Pairs:
no guess was explicitly demanded for mp2

timer:                                     RRCD     0.00s     0.00s 
timer:                             MRA compress     0.00s     0.00s 
timer:                          Transform Pairs     0.00s     0.00s 
timer:          apply Q and orthonormalize PNOs     0.00s     0.00s 
Created Guess:
pair11 with 0 guess functions
pair21 with 0 guess functions
pair22 with 0 guess functions
guess pair11 size: 0.0000000000e+00 | 0.0000000000e+00 Gbyte (after truncation)
guess pair22 size: 0.0000000000e+00 | 0.0000000000e+00 Gbyte (after truncation)
timer:                           truncate guess     0.00s     0.00s 
timer:                         Initialize Pairs     0.00s     0.00s 
Keyword multipole is not known
Guess protocol for adaptively growing ranks is: [dipole+, quadrupole, big_fock_3, big_fock_3, big_fock_3, big_fock_3, big_fock_3, big_fock_3, big_fock_3, big_fock_3]


--------Adaptive Solver Macroiteration 0 from max 10 ----------

Growing ranks with exop=dipole+
Create guess functions by multiplying plane-waves to 1 functions 
Created 4 virtuals for pair11
pair21 is frozen: no growing
Create guess functions by multiplying plane-waves to 1 functions 
Created 4 virtuals for pair22
frozen pair: no orthonormalization
timer:                                     RRCD     0.08s     0.08s 
timer:                             MRA compress     0.00s     0.00s 
timer:                          Transform Pairs     0.09s     0.09s 
timer:                        grow PNO subspace     1.84s     1.84s 
SolveInternal: Parameters are assigned as
no_compute        = false
no_opt            = false
restart           = false
do_cispd          = false
econv             =1.0000000000e-04
maxrank (min,max) = (4,4)
Solving MP2 doubles
timer:          fock matrix     3.03s     3.03s
Information About All Pairs:
mp2_pair11           number=0 rank=  4 frozen=false
mp2_pair21           number=1 rank=  0 frozen=true
mp2_pair22           number=2 rank=  4 frozen=false
number of pairs=3
average rank   =2 (2.6666666667e+00)
largest rank   =4
PNOPairs Memory Information
Total: 0.0096497536 GB 
PNO  : 0.0096497536 GB 
KPNO : 0.0000000000 GB 
W    : 0.0000000000 GB 

timer:                                 truncate     0.03s     0.03s 
wall time=87.1478030682 chunk=8 allK.size()=8 memory=0.0088319778 GB
timer:                             compute KPNO     4.23s     4.23s 
wall time=87.2853319645 chunk=8 allJ.size()=8 memory=0.0108764172 GB
timer:                             compute JPNO     0.14s     0.14s 
timer:                    compute Fock matrices     1.37s     1.37s 
timer:                             MRA compress     0.00s     0.00s 
timer:                          Transform Pairs     0.23s     0.23s 
timer:                             Canonicalize     0.23s     0.23s 
PNOPairs Memory Information
Total: 0.0181546211 GB 
PNO  : 0.0094861984 GB 
KPNO : 0.0086684227 GB 
W    : 0.0000000000 GB 

timer:                                 truncate     0.03s     0.03s 
mp2_pair21 is frozen: potential not computed
timer:                   Fluctuation Potentials     2.28s     2.28s 
timer:                       Fluctuation Matrix     0.17s     0.17s 
PNOPairs Memory Information
Total: 0.0317296982 GB 
PNO  : 0.0094861984 GB 
KPNO : 0.0086684227 GB 
W    : 0.0135750771 GB 

PNOPairs Memory Information
Total: 0.0317296982 GB 
PNO  : 0.0094861984 GB 
KPNO : 0.0086684227 GB 
W    : 0.0135750771 GB 

timer:                                 truncate     0.03s     0.03s 
timer:                             PNO Overlaps     0.19s     0.19s 
t_iter =  0  Hylleraas energy =  0.0000000000  ||R||_F =  0.1883198108  conv =  no
subspace solution [*]   1.00000000

t_iter =  1  Hylleraas energy =  -0.0295634501  ||R||_F =  0.0000000236  conv =  yes
=======================================================

Hylleraas MP2 Energies

=======================================================
    i    j      singlet      triplet        Total
=======================================================
    1    1  -1.29262e-02  0.00000e+00 -1.29262e-02
    2    1   0.00000e+00  0.00000e+00  0.00000e+00
    2    2  -1.66372e-02  0.00000e+00 -1.66372e-02
=======================================================
Hylleraas MP2 Energies (singlet): -2.95635e-02
Hylleraas MP2 Energies (triplet):  0.00000e+00
Hylleraas MP2 Energies (total)  : -2.95635e-02
=======================================================
-------------------------------------------
Total Reg Energy  =-2.95635e-02
Total F12 Energy  = 0.00000e+00
Sum Energies Total=-2.95635e-02
-------------------------------------------
timer:                         Solve Amplitudes     0.00s     0.00s 
No optimization untill now: Compressing pno ranks with tighter threshold
1.00000e-10 instead of 1.00000e-08
pair11: density evals:
 [*]   0.00310418   0.00389195   0.00415685   0.00415685

pair22: density evals:
 [*]   0.00304109   0.00359867   0.00359867   0.03182078

timer:                            compress PNOs     0.00s     0.00s 
timer:                             MRA compress     0.00s     0.00s 
timer:                          Transform Pairs     0.58s     0.58s 
timer:                          PNO Compression     0.58s     0.58s 
Information About All Pairs:
mp2_pair11           number=0 rank=  4 frozen=false
mp2_pair21           number=1 rank=  0 frozen=true
mp2_pair22           number=2 rank=  4 frozen=false
number of pairs=3
average rank   =2 (2.66667e+00)
largest rank   =4
saving vector of functions mp2_pair11
saving vector of functions mp2_pair22
timer:                        save pnos on disc     0.18s     0.18s 
PNOPairs Memory Information
Total: 0.03181 GB 
PNO  : 0.00949 GB 
KPNO : 0.00875 GB 
W    : 0.01358 GB 

timer:                                 truncate     0.05s     0.05s 
timer:      compute densities for G application     0.00s     0.00s 
pair21 is frozen: no optimization
timer:                Prepare for G application     0.62s     0.62s 
timer:                                    add K     0.04s     0.04s 
size of all Vpsi potentials (without Vnuc and J) 0.01161 GB 
time=93.89462 chunk=8 Vpsi+Vnuc+J=0.02985 GB
time=93.96610 chunk=8 Vpsi+Vnuc+J=0.02952 GB (after truncation)
timer:                           Apply G to all     3.15s     3.15s 
timer:                       apply Q and update     0.00s     0.00s 
mp2_pair11 residual norms:
[0.39155, 0.49530, 0.36517, 0.36517]
mp2_pair11 scaled residual norms:
[0.02182, 0.03090, 0.02354, 0.02354]
mp2_pair22 residual norms:
[0.44321, 0.37237, 0.37237, 0.35743]
mp2_pair22 scaled residual norms:
[0.02444, 0.02234, 0.02234, 0.06376]
timer:                          update all PNOs     3.81s     3.81s 
frozen pair: no orthonormalization
timer:                                     RRCD     0.07s     0.07s 
timer:                             MRA compress     0.00s     0.00s 
timer:                          Transform Pairs     0.15s     0.15s 
saving vector of functions mp2_pair11
saving vector of functions mp2_pair22
timer:                        save pnos on disc     0.17s     0.17s 


No convergence yet. Energy change = 0.02956

timer:                        Whole Iteration 1    13.81s    13.81s 
Information About All Pairs:
mp2_pair11           number=0 rank=  4 frozen=false
mp2_pair21           number=1 rank=  0 frozen=true
mp2_pair22           number=2 rank=  4 frozen=false
number of pairs=3
average rank   =2 (2.66667)
largest rank   =4
PNOPairs Memory Information
Total: 0.00990 GB 
PNO  : 0.00990 GB 
KPNO : 0.00000 GB 
W    : 0.00000 GB 

timer:                                 truncate     0.04s     0.04s 
wall time=100.87628 chunk=8 allK.size()=8 memory=0.00875 GB
timer:                             compute KPNO     4.15s     4.15s 
wall time=101.04930 chunk=8 allJ.size()=8 memory=0.01063 GB
timer:                             compute JPNO     0.17s     0.17s 
timer:                    compute Fock matrices     1.40s     1.40s 
timer:                             MRA compress     0.00s     0.00s 
timer:                          Transform Pairs     0.23s     0.23s 
timer:                             Canonicalize     0.23s     0.23s 
PNOPairs Memory Information
Total: 0.01856 GB 
PNO  : 0.00990 GB 
KPNO : 0.00867 GB 
W    : 0.00000 GB 

timer:                                 truncate     0.09s     0.09s 
mp2_pair21 is frozen: potential not computed
timer:                   Fluctuation Potentials     2.14s     2.14s 
timer:                       Fluctuation Matrix     0.22s     0.22s 
PNOPairs Memory Information
Total: 0.03247 GB 
PNO  : 0.00990 GB 
KPNO : 0.00867 GB 
W    : 0.01390 GB 

PNOPairs Memory Information
Total: 0.03247 GB 
PNO  : 0.00990 GB 
KPNO : 0.00867 GB 
W    : 0.01390 GB 

timer:                                 truncate     0.05s     0.05s 
timer:                             PNO Overlaps     0.10s     0.10s 
t_iter =  0  Hylleraas energy =  0.00000  ||R||_F =  0.28005  conv =  no
subspace solution [*]   1.00000000

t_iter =  1  Hylleraas energy =  -0.05079  ||R||_F =  0.00000  conv =  yes
=======================================================

Hylleraas MP2 Energies

=======================================================
    i    j      singlet      triplet        Total
=======================================================
    1    1  -2.28450e-02  0.00000e+00 -2.28450e-02
    2    1   0.00000e+00  0.00000e+00  0.00000e+00
    2    2  -2.79411e-02  0.00000e+00 -2.79411e-02
=======================================================
Hylleraas MP2 Energies (singlet): -5.07861e-02
Hylleraas MP2 Energies (triplet):  0.00000e+00
Hylleraas MP2 Energies (total)  : -5.07861e-02
=======================================================
-------------------------------------------
Total Reg Energy  =-5.07861e-02
Total F12 Energy  = 0.00000e+00
Sum Energies Total=-5.07861e-02
-------------------------------------------
timer:                         Solve Amplitudes     0.00s     0.00s 
pair11: density evals:
 [*]   0.00383309   0.00511346   0.00511346   0.00638761

pair22: density evals:
 [*]   0.00386542   0.00416911   0.00416911   0.04911673

timer:                            compress PNOs     0.00s     0.00s 
timer:                             MRA compress     0.00s     0.00s 
timer:                          Transform Pairs     0.45s     0.45s 
timer:                          PNO Compression     0.46s     0.46s 
Information About All Pairs:
mp2_pair11           number=0 rank=  4 frozen=false
mp2_pair21           number=1 rank=  0 frozen=true
mp2_pair22           number=2 rank=  4 frozen=false
number of pairs=3
average rank   =2 (2.66667e+00)
largest rank   =4
saving vector of functions mp2_pair11
saving vector of functions mp2_pair22
timer:                        save pnos on disc     0.16s     0.16s 
PNOPairs Memory Information
Total: 0.03222 GB 
PNO  : 0.00981 GB 
KPNO : 0.00867 GB 
W    : 0.01374 GB 

timer:                                 truncate     0.09s     0.09s 
timer:      compute densities for G application     0.00s     0.00s 
pair21 is frozen: no optimization
timer:                Prepare for G application     0.50s     0.50s 
timer:                                    add K     0.03s     0.03s 
size of all Vpsi potentials (without Vnuc and J) 0.01292 GB 
time=107.28856 chunk=8 Vpsi+Vnuc+J=0.02969 GB
time=107.33461 chunk=8 Vpsi+Vnuc+J=0.02846 GB (after truncation)
timer:                           Apply G to all     2.88s     2.88s 
timer:                       apply Q and update     0.00s     0.00s 
mp2_pair11 residual norms:
[0.11559, 0.10151, 0.10151, 0.13249]
mp2_pair11 scaled residual norms:
[0.00716, 0.00726, 0.00726, 0.01059]
mp2_pair22 residual norms:
[0.12010, 0.09963, 0.09963, 0.08160]
mp2_pair22 scaled residual norms:
[0.00747, 0.00643, 0.00643, 0.01808]
timer:                          update all PNOs     3.42s     3.42s 
frozen pair: no orthonormalization
timer:                                     RRCD     0.03s     0.03s 
timer:                             MRA compress     0.00s     0.00s 
timer:                          Transform Pairs     0.11s     0.11s 
saving vector of functions mp2_pair11
saving vector of functions mp2_pair22
timer:                        save pnos on disc     0.17s     0.17s 


No convergence yet. Energy change = 0.02122

timer:                        Whole Iteration 2    13.13s    13.13s 
Information About All Pairs:
mp2_pair11           number=0 rank=  4 frozen=false
mp2_pair21           number=1 rank=  0 frozen=true
mp2_pair22           number=2 rank=  4 frozen=false
number of pairs=3
average rank   =2 (2.66667)
largest rank   =4
PNOPairs Memory Information
Total: 0.00973 GB 
PNO  : 0.00973 GB 
KPNO : 0.00000 GB 
W    : 0.00000 GB 

timer:                                 truncate     0.05s     0.05s 
wall time=113.81171 chunk=8 allK.size()=8 memory=0.00883 GB
timer:                             compute KPNO     3.94s     3.94s 
wall time=113.98206 chunk=8 allJ.size()=8 memory=0.01063 GB
timer:                             compute JPNO     0.17s     0.17s 
timer:                    compute Fock matrices     1.29s     1.29s 
timer:                             MRA compress     0.00s     0.00s 
timer:                          Transform Pairs     0.35s     0.35s 
timer:                             Canonicalize     0.35s     0.35s 
PNOPairs Memory Information
Total: 0.01807 GB 
PNO  : 0.00949 GB 
KPNO : 0.00859 GB 
W    : 0.00000 GB 

timer:                                 truncate     0.06s     0.06s 
mp2_pair21 is frozen: potential not computed
timer:                   Fluctuation Potentials     2.14s     2.14s 
timer:                       Fluctuation Matrix     0.17s     0.17s 
PNOPairs Memory Information
Total: 0.03230 GB 
PNO  : 0.00949 GB 
KPNO : 0.00859 GB 
W    : 0.01423 GB 

PNOPairs Memory Information
Total: 0.03230 GB 
PNO  : 0.00949 GB 
KPNO : 0.00859 GB 
W    : 0.01423 GB 

timer:                                 truncate     0.04s     0.04s 
timer:                             PNO Overlaps     0.10s     0.10s 
t_iter =  0  Hylleraas energy =  0.00000  ||R||_F =  0.30143  conv =  no
subspace solution [*]   1.00000000

t_iter =  1  Hylleraas energy =  -0.05322  ||R||_F =  0.00000  conv =  yes
=======================================================

Hylleraas MP2 Energies

=======================================================
    i    j      singlet      triplet        Total
=======================================================
    1    1  -2.40975e-02  0.00000e+00 -2.40975e-02
    2    1   0.00000e+00  0.00000e+00  0.00000e+00
    2    2  -2.91186e-02  0.00000e+00 -2.91186e-02
=======================================================
Hylleraas MP2 Energies (singlet): -5.32161e-02
Hylleraas MP2 Energies (triplet):  0.00000e+00
Hylleraas MP2 Energies (total)  : -5.32161e-02
=======================================================
-------------------------------------------
Total Reg Energy  =-5.32161e-02
Total F12 Energy  = 0.00000e+00
Sum Energies Total=-5.32161e-02
-------------------------------------------
timer:                         Solve Amplitudes     0.00s     0.00s 
pair11: density evals:
 [*]   0.00363058   0.00488919   0.00488919   0.00599836

pair22: density evals:
 [*]   0.00363722   0.00392788   0.00392788   0.04818027

timer:                            compress PNOs     0.00s     0.00s 
timer:                             MRA compress     0.00s     0.00s 
timer:                          Transform Pairs     0.41s     0.41s 
timer:                          PNO Compression     0.41s     0.41s 
Information About All Pairs:
mp2_pair11           number=0 rank=  4 frozen=false
mp2_pair21           number=1 rank=  0 frozen=true
mp2_pair22           number=2 rank=  4 frozen=false
number of pairs=3
average rank   =2 (2.66667e+00)
largest rank   =4
saving vector of functions mp2_pair11
saving vector of functions mp2_pair22
timer:                        save pnos on disc     0.17s     0.17s 
PNOPairs Memory Information
Total: 0.03230 GB 
PNO  : 0.00965 GB 
KPNO : 0.00875 GB 
W    : 0.01390 GB 

timer:                                 truncate     0.04s     0.04s 
timer:      compute densities for G application     0.00s     0.00s 
pair21 is frozen: no optimization
timer:                Prepare for G application     0.49s     0.49s 
timer:                                    add K     0.03s     0.03s 
size of all Vpsi potentials (without Vnuc and J) 0.01284 GB 
time=119.99188 chunk=8 Vpsi+Vnuc+J=0.03050 GB
time=120.04238 chunk=8 Vpsi+Vnuc+J=0.02903 GB (after truncation)
timer:                           Apply G to all     2.74s     2.74s 
timer:                       apply Q and update     0.00s     0.00s 
mp2_pair11 residual norms:
[0.04297, 0.03557, 0.03557, 0.05231]
mp2_pair11 scaled residual norms:
[0.00259, 0.00249, 0.00249, 0.00405]
mp2_pair22 residual norms:
[0.05039, 0.04402, 0.04402, 0.02851]
mp2_pair22 scaled residual norms:
[0.00304, 0.00276, 0.00276, 0.00626]
timer:                          update all PNOs     3.29s     3.29s 
frozen pair: no orthonormalization
timer:                                     RRCD     0.06s     0.06s 
timer:                             MRA compress     0.00s     0.00s 
timer:                          Transform Pairs     0.11s     0.11s 
saving vector of functions mp2_pair11
saving vector of functions mp2_pair22
timer:                        save pnos on disc     0.16s     0.16s 


No convergence yet. Energy change = 0.00243

timer:                        Whole Iteration 3    12.64s    12.64s 
Information About All Pairs:
mp2_pair11           number=0 rank=  4 frozen=false
mp2_pair21           number=1 rank=  0 frozen=true
mp2_pair22           number=2 rank=  4 frozen=false
number of pairs=3
average rank   =2 (2.66667)
largest rank   =4
PNOPairs Memory Information
Total: 0.00990 GB 
PNO  : 0.00990 GB 
KPNO : 0.00000 GB 
W    : 0.00000 GB 

timer:                                 truncate     0.04s     0.04s 
wall time=126.29576 chunk=8 allK.size()=8 memory=0.00891 GB
timer:                             compute KPNO     3.79s     3.79s 
wall time=126.44933 chunk=8 allJ.size()=8 memory=0.01079 GB
timer:                             compute JPNO     0.15s     0.15s 
timer:                    compute Fock matrices     1.35s     1.35s 
timer:                             MRA compress     0.00s     0.00s 
timer:                          Transform Pairs     0.27s     0.27s 
timer:                             Canonicalize     0.28s     0.28s 
PNOPairs Memory Information
Total: 0.01881 GB 
PNO  : 0.00990 GB 
KPNO : 0.00891 GB 
W    : 0.00000 GB 

timer:                                 truncate     0.04s     0.04s 
mp2_pair21 is frozen: potential not computed
timer:                   Fluctuation Potentials     2.12s     2.12s 
timer:                       Fluctuation Matrix     0.26s     0.26s 
PNOPairs Memory Information
Total: 0.03304 GB 
PNO  : 0.00990 GB 
KPNO : 0.00891 GB 
W    : 0.01423 GB 

PNOPairs Memory Information
Total: 0.03304 GB 
PNO  : 0.00990 GB 
KPNO : 0.00891 GB 
W    : 0.01423 GB 

timer:                                 truncate     0.04s     0.04s 
timer:                             PNO Overlaps     0.22s     0.22s 
t_iter =  0  Hylleraas energy =  0.00000  ||R||_F =  0.30867  conv =  no
subspace solution [*]   1.00000000

t_iter =  1  Hylleraas energy =  -0.05359  ||R||_F =  0.00000  conv =  yes
=======================================================

Hylleraas MP2 Energies

=======================================================
    i    j      singlet      triplet        Total
=======================================================
    1    1  -2.42843e-02  0.00000e+00 -2.42843e-02
    2    1   0.00000e+00  0.00000e+00  0.00000e+00
    2    2  -2.93045e-02  0.00000e+00 -2.93045e-02
=======================================================
Hylleraas MP2 Energies (singlet): -5.35888e-02
Hylleraas MP2 Energies (triplet):  0.00000e+00
Hylleraas MP2 Energies (total)  : -5.35888e-02
=======================================================
-------------------------------------------
Total Reg Energy  =-5.35888e-02
Total F12 Energy  = 0.00000e+00
Sum Energies Total=-5.35888e-02
-------------------------------------------
timer:                         Solve Amplitudes     0.00s     0.00s 
pair11: density evals:
 [*]   0.00351226   0.00475649   0.00475649   0.00572611

pair22: density evals:
 [*]   0.00350674   0.00378978   0.00378978   0.04726759

timer:                            compress PNOs     0.00s     0.00s 
timer:                             MRA compress     0.00s     0.00s 
timer:                          Transform Pairs     0.46s     0.46s 
timer:                          PNO Compression     0.46s     0.46s 
Information About All Pairs:
mp2_pair11           number=0 rank=  4 frozen=false
mp2_pair21           number=1 rank=  0 frozen=true
mp2_pair22           number=2 rank=  4 frozen=false
number of pairs=3
average rank   =2 (2.66667e+00)
largest rank   =4
saving vector of functions mp2_pair11
saving vector of functions mp2_pair22
timer:                        save pnos on disc     0.18s     0.18s 
PNOPairs Memory Information
Total: 0.03279 GB 
PNO  : 0.00973 GB 
KPNO : 0.00883 GB 
W    : 0.01423 GB 

timer:                                 truncate     0.05s     0.05s 
timer:      compute densities for G application     0.00s     0.00s 
pair21 is frozen: no optimization
timer:                Prepare for G application     0.53s     0.53s 
timer:                                    add K     0.04s     0.04s 
size of all Vpsi potentials (without Vnuc and J) 0.01284 GB 
time=132.73741 chunk=8 Vpsi+Vnuc+J=0.03091 GB
time=132.81876 chunk=8 Vpsi+Vnuc+J=0.02944 GB (after truncation)
timer:                           Apply G to all     2.86s     2.86s 
timer:                       apply Q and update     0.00s     0.00s 
mp2_pair11 residual norms:
[0.01674, 0.01311, 0.01311, 0.02220]
mp2_pair11 scaled residual norms:
[0.00099, 0.00090, 0.00090, 0.00168]
mp2_pair22 residual norms:
[0.02410, 0.02393, 0.02393, 0.01116]
mp2_pair22 scaled residual norms:
[0.00143, 0.00147, 0.00147, 0.00243]
timer:                          update all PNOs     3.43s     3.43s 
frozen pair: no orthonormalization
timer:                                     RRCD     0.03s     0.03s 
timer:                             MRA compress     0.00s     0.00s 
timer:                          Transform Pairs     0.21s     0.21s 
saving vector of functions mp2_pair11
saving vector of functions mp2_pair22
timer:                        save pnos on disc     0.43s     0.43s 


No convergence yet. Energy change = 0.00037

timer:                        Whole Iteration 4    13.16s    13.16s 
Information About All Pairs:
mp2_pair11           number=0 rank=  4 frozen=false
mp2_pair21           number=1 rank=  0 frozen=true
mp2_pair22           number=2 rank=  4 frozen=false
number of pairs=3
average rank   =2 (2.66667)
largest rank   =4
PNOPairs Memory Information
Total: 0.00998 GB 
PNO  : 0.00998 GB 
KPNO : 0.00000 GB 
W    : 0.00000 GB 

timer:                                 truncate     0.04s     0.04s 
wall time=139.48418 chunk=8 allK.size()=8 memory=0.00900 GB
timer:                             compute KPNO     3.83s     3.83s 
wall time=139.66123 chunk=8 allJ.size()=8 memory=0.01079 GB
timer:                             compute JPNO     0.18s     0.18s 
timer:                    compute Fock matrices     1.36s     1.36s 
timer:                             MRA compress     0.00s     0.00s 
timer:                          Transform Pairs     0.27s     0.27s 
timer:                             Canonicalize     0.27s     0.27s 
PNOPairs Memory Information
Total: 0.01897 GB 
PNO  : 0.01006 GB 
KPNO : 0.00891 GB 
W    : 0.00000 GB 

timer:                                 truncate     0.05s     0.05s 
mp2_pair21 is frozen: potential not computed
timer:                   Fluctuation Potentials     2.07s     2.07s 
timer:                       Fluctuation Matrix     0.16s     0.16s 
PNOPairs Memory Information
Total: 0.03304 GB 
PNO  : 0.01006 GB 
KPNO : 0.00891 GB 
W    : 0.01407 GB 

PNOPairs Memory Information
Total: 0.03304 GB 
PNO  : 0.01006 GB 
KPNO : 0.00891 GB 
W    : 0.01407 GB 

timer:                                 truncate     0.03s     0.03s 
timer:                             PNO Overlaps     0.07s     0.07s 
t_iter =  0  Hylleraas energy =  0.00000  ||R||_F =  0.31149  conv =  no
subspace solution [*]   1.00000000

t_iter =  1  Hylleraas energy =  -0.05366  ||R||_F =  0.00000  conv =  yes
=======================================================

Hylleraas MP2 Energies

=======================================================
    i    j      singlet      triplet        Total
=======================================================
    1    1  -2.43148e-02  0.00000e+00 -2.43148e-02
    2    1   0.00000e+00  0.00000e+00  0.00000e+00
    2    2  -2.93428e-02  0.00000e+00 -2.93428e-02
=======================================================
Hylleraas MP2 Energies (singlet): -5.36576e-02
Hylleraas MP2 Energies (triplet):  0.00000e+00
Hylleraas MP2 Energies (total)  : -5.36576e-02
=======================================================
-------------------------------------------
Total Reg Energy  =-5.36576e-02
Total F12 Energy  = 0.00000e+00
Sum Energies Total=-5.36576e-02
-------------------------------------------
timer:                         Solve Amplitudes     0.00s     0.00s 
pair11: density evals:
 [*]   0.00346083   0.00469942   0.00469942   0.00559651

pair22: density evals:
 [*]   0.00344312   0.00371589   0.00371589   0.04684064

timer:                            compress PNOs     0.00s     0.00s 
timer:                             MRA compress     0.00s     0.00s 
timer:                          Transform Pairs     0.49s     0.49s 
timer:                          PNO Compression     0.50s     0.50s 
Information About All Pairs:
mp2_pair11           number=0 rank=  4 frozen=false
mp2_pair21           number=1 rank=  0 frozen=true
mp2_pair22           number=2 rank=  4 frozen=false
number of pairs=3
average rank   =2 (2.66667e+00)
largest rank   =4
saving vector of functions mp2_pair11
saving vector of functions mp2_pair22
timer:                        save pnos on disc     0.38s     0.38s 
PNOPairs Memory Information
Total: 0.03263 GB 
PNO  : 0.00990 GB 
KPNO : 0.00883 GB 
W    : 0.01390 GB 

timer:                                 truncate     0.06s     0.06s 
timer:      compute densities for G application     0.00s     0.00s 
pair21 is frozen: no optimization
timer:                Prepare for G application     0.46s     0.46s 
timer:                                    add K     0.07s     0.07s 
size of all Vpsi potentials (without Vnuc and J) 0.01308 GB 
time=145.93534 chunk=8 Vpsi+Vnuc+J=0.03091 GB
time=146.00802 chunk=8 Vpsi+Vnuc+J=0.02944 GB (after truncation)
timer:                           Apply G to all     2.97s     2.97s 
timer:                       apply Q and update     0.00s     0.00s 
mp2_pair11 residual norms:
[0.00667, 0.00496, 0.00496, 0.00961]
mp2_pair11 scaled residual norms:
[0.00039, 0.00034, 0.00034, 0.00072]
mp2_pair22 residual norms:
[0.01234, 0.01408, 0.01408, 0.00462]
mp2_pair22 scaled residual norms:
[0.00072, 0.00086, 0.00086, 0.00100]
timer:                          update all PNOs     3.51s     3.51s 
frozen pair: no orthonormalization
timer:                                     RRCD     0.04s     0.04s 
timer:                             MRA compress     0.00s     0.00s 
timer:                          Transform Pairs     0.10s     0.10s 
saving vector of functions mp2_pair11
saving vector of functions mp2_pair22
timer:                        save pnos on disc     0.18s     0.18s 


CONVERGED!
energy change = 0.00007

re-entering loop to compute the correct amplitudes and energies
timer:                        Whole Iteration 5    12.91s    12.91s 
Information About All Pairs:
mp2_pair11           number=0 rank=  4 frozen=false
mp2_pair21           number=1 rank=  0 frozen=true
mp2_pair22           number=2 rank=  4 frozen=false
number of pairs=3
average rank   =2 (2.66667)
largest rank   =4
PNOPairs Memory Information
Total: 0.01006 GB 
PNO  : 0.01006 GB 
KPNO : 0.00000 GB 
W    : 0.00000 GB 

timer:                                 truncate     0.06s     0.06s 
wall time=152.58108 chunk=8 allK.size()=8 memory=0.00908 GB
timer:                             compute KPNO     3.99s     3.99s 
wall time=152.73729 chunk=8 allJ.size()=8 memory=0.01088 GB
timer:                             compute JPNO     0.16s     0.16s 
timer:                    compute Fock matrices     1.30s     1.30s 
timer:                             MRA compress     0.00s     0.00s 
timer:                          Transform Pairs     0.30s     0.30s 
timer:                             Canonicalize     0.30s     0.30s 
PNOPairs Memory Information
Total: 0.01905 GB 
PNO  : 0.00998 GB 
KPNO : 0.00908 GB 
W    : 0.00000 GB 

timer:                                 truncate     0.03s     0.03s 
mp2_pair21 is frozen: potential not computed
timer:                   Fluctuation Potentials     2.05s     2.05s 
timer:                       Fluctuation Matrix     0.16s     0.16s 
PNOPairs Memory Information
Total: 0.03312 GB 
PNO  : 0.00998 GB 
KPNO : 0.00908 GB 
W    : 0.01407 GB 

PNOPairs Memory Information
Total: 0.03312 GB 
PNO  : 0.00998 GB 
KPNO : 0.00908 GB 
W    : 0.01407 GB 

timer:                                 truncate     0.04s     0.04s 
timer:                             PNO Overlaps     0.10s     0.10s 
t_iter =  0  Hylleraas energy =  0.00000  ||R||_F =  0.31267  conv =  no
subspace solution [*]   1.00000000

t_iter =  1  Hylleraas energy =  -0.05367  ||R||_F =  0.00000  conv =  yes
=======================================================

Hylleraas MP2 Energies

=======================================================
    i    j      singlet      triplet        Total
=======================================================
    1    1  -2.43195e-02  0.00000e+00 -2.43195e-02
    2    1   0.00000e+00  0.00000e+00  0.00000e+00
    2    2  -2.93523e-02  0.00000e+00 -2.93523e-02
=======================================================
Hylleraas MP2 Energies (singlet): -5.36718e-02
Hylleraas MP2 Energies (triplet):  0.00000e+00
Hylleraas MP2 Energies (total)  : -5.36718e-02
=======================================================
-------------------------------------------
Total Reg Energy  =-5.36718e-02
Total F12 Energy  = 0.00000e+00
Sum Energies Total=-5.36718e-02
-------------------------------------------
timer:                         Solve Amplitudes     0.00s     0.00s 
pair11: density evals:
 [*]   0.00343973   0.00467612   0.00467612   0.00553841

pair22: density evals:
 [*]   0.00341192   0.00367448   0.00367448   0.04665525

timer:                            compress PNOs     0.00s     0.00s 
timer:                             MRA compress     0.00s     0.00s 
timer:                          Transform Pairs     0.47s     0.47s 
timer:                          PNO Compression     0.47s     0.47s 
Information About All Pairs:
mp2_pair11           number=0 rank=  4 frozen=false
mp2_pair21           number=1 rank=  0 frozen=true
mp2_pair22           number=2 rank=  4 frozen=false
number of pairs=3
average rank   =2 (2.66667e+00)
largest rank   =4
saving vector of functions mp2_pair11
saving vector of functions mp2_pair22
timer:                        save pnos on disc     0.17s     0.17s 
exiting: Iterations converged
PNO ranks:
PNO Rank for pair pair11 = 4
PNO Rank for pair pair21 = 0
PNO Rank for pair pair22 = 4
average rank 2.66667e+00
timer:                               PNO::solve    77.58s    77.58s 

--------------------------------
ITERATE-PAIRS-INTERNAL-ENDED
--------------------------------
mp2_pair21 converged!


Adaptive Sovler:
 Current Energy=-5.3671848132e-02
 DeltaE        =-5.3671848132e-02
 max dE (pair) =-2.9352324994e-02 (2)
 all_pairs_conv=false




not converged yet

freeze pair mp2_pair21 (not further optimized: Energy below 1.0000000000e-05)
Maximum Rank of4 reached for all non-frozen pairs, no need to iterate further=======================================================

Final MP2 Energies

=======================================================
    i    j      singlet      triplet        Total
=======================================================
    1    1  -2.43195e-02  0.00000e+00 -2.43195e-02
    2    1   0.00000e+00  0.00000e+00  0.00000e+00
    2    2  -2.93523e-02  0.00000e+00 -2.93523e-02
=======================================================
Final MP2 Energies (singlet): -5.36718e-02
Final MP2 Energies (triplet):  0.00000e+00
Final MP2 Energies (total)  : -5.36718e-02
=======================================================
-------------------------------------------
Total Reg Energy  =-5.36718e-02
Total F12 Energy  = 0.00000e+00
Sum Energies Total=-5.36718e-02
-------------------------------------------
Average | Max Rank: 2 | 4



--------------------------------------------------
MRA-PNO-MP2-F12 ended 
--------------------------------------------------
                 time scf = 7.25815e+01
               energy scf = -1.56141e+01
--------------------------------------------------
restarting PNO to reload pairs that converged before and were frozen
PNO Parameters
pno
       rank_increase  15         # default   maximum rank to increase in every macroiteration
               chunk  100        # default   chunk of functions operated on in parallel when G or K is applied (prevent memory shortage)
               debug  false      # default   debug mode
              freeze  1          # derived   frozen core approximation
             maxrank  4          # defined   maximal pno rank for all pairs
           guesstype  exop       # derived   the guesstype: exop (recommended, multiply polynomial excitation operators onto the occupied orbitals), empty (don't compute a guess), scf (use the ao basis from the SCF solver), partial_wave (create s,p,d ..., type functions and place on atoms), predefined (same as partial_wave but for predefined sets)
                exop  multipole  # derived   this string defines which excitation operators can be used, use 'dipole', 'dipole+', 'quadrupole', 'ocopole', or 'multipole', need to set guesstype to 'exop' which is the default
          exop_trigo  true       # default   use trigonometric excitation operators ( x --> sin(x)
        partial_wave             # default   atom centered partial wave guess of format like 'h-2s1p-o-3s2p1d', need to set guesstype to 'partial_wave' and adaptive_solver to 'none'
          predefined             # default   predefined partial wave guesses of type pvxz with x=d,t,q,5,6, need to set guesstype to 'predefined' and adaptive_solver to 'none'
           maxiter_t  100        # default   maximal number of iterations in the amplitude solver
       maxiter_micro  10         # default   Maximum of iterations for every cycle in the adaptive solver
       maxiter_macro  10         # default   Maximum of iterations of cycles in the adaptive solver
                tpno  1.0000e-08 # default   PNO cutoff threshold
          tpno_tight  1.0000e-10 # derived   PNO cutoff for the first iteration
    canonicalize_pno  true       # default   canonicalize the pnos before the amplitude solver
              thresh  1.0000e-04 # defined   MRA threshold
         econv_micro  1.0000e-04 # derived   Energy convergence for microiterations (Greens function based optimization) in adaptive solver
         econv_pairs  1.0000e-05 # derived   ENergy convergence for individual pairs in adaptive solver. Converged pairs are frozen automatically
         econv_macro  1.0000e-04 # derived   Energy convergence for macroiterations in adaptive solver, no effect if adaptive_solver is deactivated
               dconv  1.0000e-01 # default   convergence of every PNO in the Green's function solver
           op_thresh  1.0000e-06 # default   MRA operator thresh
             restart  all        # defined   restart pairs of this type, use 'mp2', 'cispd', 'all' or 'none'
          no_compute  none       # default   do not compute the pairs of this type, use 'mp2', 'cispd', 'all' or 'none'
              no_opt  all        # defined   do not optimize the pnos of this type, use 'mp2', 'cispd', 'all' or 'none'
            no_guess  all        # defined   guess for this type will be empty, use 'mp2', 'cispd', 'all' or 'none'
     adaptive_solver  none       # defined   Use adaptive solver for those pairs, use 'mp2', 'cispd', 'all' or 'none', works only in combination with guesstype 'exop'
                kain  true       # default   use KAIN solver in amplitude solver
       kain_subspace  5          # default   subspace size of the KAIN solver (amplitudes)
                 f12  false      # defined   use explicit correlation
        cispd_number  -1         # default   CIS(D) excitation numbers, to read in correct functions
        cispd_energy  0.0000e+00 # default   CIS energy
        freeze_pairs  none       # default   frozen pairs will not be optimized: Expected format 'a b c d' will freeze pairs ab and cd
freeze_pairs_of_orbital  []         # default    All pairs which originate from this orbital will not be optimized
active_pairs_of_orbital  []         # default    All pairs which originate from this orbital will not be frozen all other pairs will, if this vector is not empty
no_opt_in_first_iteration  false      # default   Do not optimize in the first iteration (then the potentials do not have to be evaluated, use this for large guesses)
            exchange  full       # default   approximate exchange with 'neglect' or xc functional -> same syntax as moldft
           save_pnos  true       # default   Save the OBS-PNOs to a file, before and after orthonormalization.
            diagonal  true       # defined   Compute only diagonal PNOs

end

**********************
Solve PNO-MP2
*********************


**********************
Iterate Pairs
*********************


************************
Standard Solver
***********************

Initializing Pairs:
Restart demanded for mp2 pairs
loading vector of functions mp2_pair11
Found PNOs for mp2_pair11 with rank 4
loading vector of functions mp2_pair21
failed to find PNO mp2_pair21 initialize as zero function
nloading vector of functions mp2_pair22
Found PNOs for mp2_pair22 with rank 4
no guess was explicitly demanded for mp2

timer:                                     RRCD     0.04s     0.04s 
timer:                             MRA compress     0.00s     0.00s 
timer:                          Transform Pairs     0.17s     0.17s 
timer:          apply Q and orthonormalize PNOs     0.42s     0.42s 
Created Guess:
pair11 with 4 guess functions
pair21 with 0 guess functions
pair22 with 4 guess functions
guess pair11 size: 4.9884319305e-03 | 4.9884319305e-03 Gbyte (after truncation)
guess pair22 size: 4.8248767853e-03 | 4.8248767853e-03 Gbyte (after truncation)
timer:                           truncate guess     0.07s     0.07s 
timer:                         Initialize Pairs     0.50s     0.50s 
Information About All Pairs:
mp2_pair11           number=0 rank=  4 frozen=false
mp2_pair21           number=1 rank=  0 frozen=true
mp2_pair22           number=2 rank=  4 frozen=false
number of pairs=3
average rank   =2 (2.6666666667e+00)
largest rank   =4
SolveInternal: Parameters are assigned as
no_compute        = false
no_opt            = true
restart           = true
do_cispd          = false
econv             =1.0000000000e-04
maxrank (min,max) = (4,4)
Solving MP2 doubles
timer:          fock matrix     2.82s     2.82s
Information About All Pairs:
mp2_pair11           number=0 rank=  4 frozen=false
mp2_pair21           number=1 rank=  0 frozen=true
mp2_pair22           number=2 rank=  4 frozen=false
number of pairs=3
average rank   =2 (2.6666666667e+00)
largest rank   =4
PNOPairs Memory Information
Total: 0.0098133087 GB 
PNO  : 0.0098133087 GB 
KPNO : 0.0000000000 GB 
W    : 0.0000000000 GB 

timer:                                 truncate     0.05s     0.05s 
wall time=164.8433210850 chunk=8 allK.size()=8 memory=0.0090773106 GB
timer:                             compute KPNO     4.01s     4.01s 
wall time=164.9731771946 chunk=8 allJ.size()=8 memory=0.0107128620 GB
timer:                             compute JPNO     0.13s     0.13s 
timer:                    compute Fock matrices     1.44s     1.44s 
timer:                             MRA compress     0.00s     0.00s 
timer:                          Transform Pairs     0.22s     0.22s 
timer:                             Canonicalize     0.22s     0.22s 
PNOPairs Memory Information
Total: 0.0189723969 GB 
PNO  : 0.0099768639 GB 
KPNO : 0.0089955330 GB 
W    : 0.0000000000 GB 

timer:                                 truncate     0.07s     0.07s 
mp2_pair21 is frozen: potential not computed
timer:                   Fluctuation Potentials     2.20s     2.20s 
timer:                       Fluctuation Matrix     0.17s     0.17s 
PNOPairs Memory Information
Total: 0.0330381393 GB 
PNO  : 0.0099768639 GB 
KPNO : 0.0089955330 GB 
W    : 0.0140657425 GB 

PNOPairs Memory Information
Total: 0.0330381393 GB 
PNO  : 0.0099768639 GB 
KPNO : 0.0089955330 GB 
W    : 0.0140657425 GB 

timer:                                 truncate     0.05s     0.05s 
timer:                             PNO Overlaps     0.10s     0.10s 
t_iter =  0  Hylleraas energy =  0.0000000000  ||R||_F =  0.3126726734  conv =  no
subspace solution [*]   1.00000000

t_iter =  1  Hylleraas energy =  -0.0536714750  ||R||_F =  0.0000006597  conv =  yes
=======================================================

Hylleraas MP2 Energies

=======================================================
    i    j      singlet      triplet        Total
=======================================================
    1    1  -2.43193e-02  0.00000e+00 -2.43193e-02
    2    1   0.00000e+00  0.00000e+00  0.00000e+00
    2    2  -2.93522e-02  0.00000e+00 -2.93522e-02
=======================================================
Hylleraas MP2 Energies (singlet): -5.36715e-02
Hylleraas MP2 Energies (triplet):  0.00000e+00
Hylleraas MP2 Energies (total)  : -5.36715e-02
=======================================================
-------------------------------------------
Total Reg Energy  =-5.36715e-02
Total F12 Energy  = 0.00000e+00
Sum Energies Total=-5.36715e-02
-------------------------------------------
timer:                         Solve Amplitudes     0.00s     0.00s 
No optimization untill now: Compressing pno ranks with tighter threshold
1.00000e-10 instead of 1.00000e-08
pair11: density evals:
 [*]   0.00343977   0.00467612   0.00467612   0.00553791

pair22: density evals:
 [*]   0.00341166   0.00367453   0.00367453   0.04665553

timer:                            compress PNOs     0.00s     0.00s 
timer:                             MRA compress     0.00s     0.00s 
timer:                          Transform Pairs     0.40s     0.40s 
timer:                          PNO Compression     0.40s     0.40s 
Information About All Pairs:
mp2_pair11           number=0 rank=  4 frozen=false
mp2_pair21           number=1 rank=  0 frozen=true
mp2_pair22           number=2 rank=  4 frozen=false
number of pairs=3
average rank   =2 (2.66667e+00)
largest rank   =4
saving vector of functions mp2_pair11
saving vector of functions mp2_pair22
timer:                        save pnos on disc     0.23s     0.23s 
exiting: Found no_opt keyword
PNO ranks:
PNO Rank for pair pair11 = 4
PNO Rank for pair pair21 = 0
PNO Rank for pair pair22 = 4
average rank 2.66667e+00
timer:                               PNO::solve    11.98s    11.98s 

--------------------------------
ITERATE-PAIRS-INTERNAL-ENDED
--------------------------------
=======================================================

Final MP2 Energies

=======================================================
    i    j      singlet      triplet        Total
=======================================================
    1    1  -2.43193e-02  0.00000e+00 -2.43193e-02
    2    1   0.00000e+00  0.00000e+00  0.00000e+00
    2    2  -2.93522e-02  0.00000e+00 -2.93522e-02
=======================================================
Final MP2 Energies (singlet): -5.36715e-02
Final MP2 Energies (triplet):  0.00000e+00
Final MP2 Energies (total)  : -5.36715e-02
=======================================================
-------------------------------------------
Total Reg Energy  =-5.36715e-02
Total F12 Energy  = 0.00000e+00
Sum Energies Total=-5.36715e-02
-------------------------------------------
Average | Max Rank: 2 | 4
                 time pno = 8.44426e+01
               energy mp2 = -5.36715e-02
     average pno rank mp2 = 2
         max pno rank mp2 = 4
--------------------------------------------------
            energy(total) = -1.56678e+01
--------------------------------------------------



Orthonormalization technique used: symmetric
No CABS used.
Tightening thresholds to +0.00010000 for post-processing
Overlap Matrix of all PNOs:
+1.00000192 -0.30034861 -0.00000000 -0.00000000 
-0.30034861 +1.00000389 -0.00000000 +0.00000000 
-0.00000000 -0.00000000 +1.00000000 -0.00000000 
-0.00000000 +0.00000000 -0.00000000 +1.00000000 
Before cherry pick
rank is +0
all used occupation numbers:
[+0.04665553 +0.00553791 +0.00467612 +0.00467612 ]
corresponding to active pairs:
[(1,1) (0,0) (0,0) (0,0) ]
After cherry pick
all used occupation numbers:
[+0.04665553 +0.00553791 +0.00467612 +0.00467612 ]
corresponding to active pairs:
[(1,1) (0,0) (0,0) (0,0) ]
Overlap Matrix before symmetric
[+0,*]  +1.00000192  -0.30034861  -0.00000000  -0.00000000
[+1,*]  -0.30034861  +1.00000389  -0.00000000  +0.00000000
[+2,*]  -0.00000000  -0.00000000  +1.00000000  -0.00000000
[+3,*]  -0.00000000  +0.00000000  -0.00000000  +1.00000000
Overlap Matrix after symmetric
[+0,*]  +1.00000000  -0.00000000  -0.00000000  -0.00000000
[+1,*]  -0.00000000  +1.00000000  -0.00000000  -0.00000000
[+2,*]  -0.00000000  -0.00000000  +1.00000000  +0.00000000
[+3,*]  -0.00000000  -0.00000000  +0.00000000  +1.00000000
Adding 3 HF orbitals
Size before adding CABS: 7.
Size after adding CABS: 7.
Compute G and F Tensor:
Assemble g,f using symmetries...
non zero elements:
 g : +4102
 h : +27
Overlap over whole basis
[+0,*]  +1.00000000  +0.00000016  -0.00000121  +0.00000014  +0.00004170  -0.00000000  +0.00000000
[+1,*]  +0.00000016  +1.00000000  +0.00000083  -0.00000009  -0.00001328  +0.00000000  -0.00000000
[+2,*]  -0.00000121  +0.00000083  +1.00000000  -0.00000003  +0.00000268  -0.00000000  +0.00000000
[+3,*]  +0.00000014  -0.00000009  -0.00000003  +1.00000000  -0.00000000  -0.00000000  -0.00000000
[+4,*]  +0.00004170  -0.00001328  +0.00000268  -0.00000000  +1.00000000  -0.00000000  +0.00000000
[+5,*]  -0.00000000  +0.00000000  -0.00000000  -0.00000000  -0.00000000  +1.00000000  +0.00000000
[+6,*]  +0.00000000  -0.00000000  +0.00000000  -0.00000000  +0.00000000  +0.00000000  +1.00000000

||S-1||=+0.00006205
finished at time 208.7

    Parallel environment
    --------------------
                  #nodes    1
       #threads per node    11+main = 12
          #total threads    12

  RMI message statistics (min / avg / max)
  ----------------------
   #messages in server q    0.00e+00 / 0.00e+00 / 0.00e+00
 #messages sent per node    0.00e+00 / 0.00e+00 / 0.00e+00
    #bytes sent per node    0.00e+00 / 0.00e+00 / 0.00e+00
 #messages recv per node    0.00e+00 / 0.00e+00 / 0.00e+00
    #bytes recv per node    0.00e+00 / 0.00e+00 / 0.00e+00
        #msgs systemwide    0.00e+00
       #bytes systemwide    0.00e+00

  Thread pool statistics (min / avg / max)
  ----------------------
         #tasks per node    1.38e+07 / 1.38e+07 / 1.38e+07
     #max q len per node    9.78e+03 / 9.78e+03 / 9.78e+03
  #hi-pri tasks per node    4.76e+06 / 4.76e+06 / 4.76e+06

         Total wall time    208.7s
         Total  cpu time    208.7s

