MADNESS runtime initialized with 11 threads in the pool and affinity -1 -1 -1
starting at time 0.0

--------------------------------------------
   MADNESS 0.10.1 multiresolution suite
--------------------------------------------

   number of processors ... 1
    processor frequency ... 2.394298e+09
            host system ... Linux
          configured by ... kottmann
          configured on ... nia-login06.scinet.local
          configured at ... 2020-11-30T21:08:15
                    CXX ... /scinet/niagara/software/2019b/opt/base/gcc/8.3.0/bin/g++
               CXXFLAGS ... -O3 -DNDEBUG -march=native -I/home/a/aspuru/kottmann/devel/NumCpp/include -I/scinet/niagara/software/2019b/opt/gcc-8.3.0/boost/1.70.0/include/ -std=c++17
             tuning for ... default
                    MPI ... multiple
 multi-threaded runtime ... MADNESS ThreadPool
                   BLAS ... Intel MKL 45282 45282 MFLOP/s
               compiled ... 21:08:57  on  Nov 30 2020


-------------------------------------------------------------------------------------
SOLVING MRA-PNO-F12 as described in 
J.S. Kottmann, F.A. Bischoff, E.F. Valeev
Direct determination of optimal pair-natural orbitals in a real-space representation:
the second-order Møller-Plesset energy
Journal of Chemical Physics ... 2020
-------------------------------------------------------------------------------------


This script will run PNO-MP2 and print out tensors in binary
Call as: pno_integrals inputfileinput is input
ignoring unknown parameter in input file:  ncf

Angstrom being used to read input coordinates (1 Bohr = 1.88972613 Angstrom)


Asymptotic correction parameters
---------------------------------------
Atom vector is not empty: false
Using multipole approximation: false
Number of electrons = -1
Ionisation energy = 0.000000e+00
E(HOMO) = 0.000000e+00
R1 = 3.000000e+00
R2 = 4.000000e+00
DFT coefficient = 0.000000e+00
Interpolation scheme = linear
constructed symmetry operator for point group C1
dft
              charge  0.0000e+00 # defined   total molecular charge
                  xc  hf         # defined   XC input line
               smear  0.0000e+00 # default   smearing parameter
               econv  1.0000e-04 # defined   energy convergence
               dconv  5.0000e-04 # defined   density convergence
convergence_criteria  [bsh_residual, total_energy] # default   possible values are: bsh_residual, total_energy, each_energy, density
                   k  7          # defined   polynomial order
                   l  5.3150e+01 # derived   user coordinates box size
               deriv  abgv       # default   derivative method                            [abgv, bspline, ble]
           dft_deriv  abgv       # default   derivative method for gga potentials         [abgv, bspline, ble]
             maxrotn  2.5000e-01 # default   step restriction used in autoshift algorithm
             nvalpha  0          # default   number of alpha virtuals to compute
              nvbeta  0          # default   number of beta virtuals to compute
               nopen  0          # default   number of unpaired electrons = nalpha-nbeta
             maxiter  25         # default   maximum number of iterations
                 nio  1          # default   no. of io servers to use
     spin_restricted  true       # default   true if spin restricted
              plotlo  0          # default   range of MOs to print (for both spins if polarized
              plothi  -1         # default   range of MOs to print (for both spins if polarized
            plotdens  false      # default   If true print the density at convergence
            plotcoul  false      # default   If true plot the total coulomb potential at convergence
            localize  boys       # defined   localization method                          [pm, boys, new, canon]
          pointgroup  c1         # derived   use point (sub) group symmetry if not localized[c1, c2, ci, cs, c2v, c2h, d2, d2h]
             restart  false      # default   if true restart from orbitals on disk
           restartao  false      # default   if true restart from orbitals projected into AO basis (STO3G) on disk
          no_compute  false      # default   if true use orbitals on disk, set value to computed
           no_orient  false      # default   if true the molecule coordinates will not be reoriented
                save  true       # default   if true save orbitals to disk
              maxsub  10         # default   size of iterative subspace ... set to 0 or 1 to disable
        orbitalshift  0.0000e+00 # default   scf orbital shift: shift the occ orbitals to lower energies
            npt_plot  101        # default   no. of points to use in each dim for plots
           plot_cell  []         # default   lo hi in each dimension for plotting (default is all space)
             aobasis  6-31g      # derived   AO basis used for initial guess (6-31g or sto-3g)
           core_type  none       # default   core potential type                          [none, mpc]
         derivatives  false      # default   if true calculate nuclear derivatives
              dipole  false      # default   if true calculate dipole moment
      conv_only_dens  false      # default   if true remove bsh_residual from convergence criteria (deprecated)
            psp_calc  false      # default   pseudopotential calculation for all atoms
 print_dipole_matels  false      # default   if true output dipole matrix elements
            pcm_data  none       # default   do a PCM (solvent) calculation
             ac_data  none       # default   do a calculation with asymptotic correction (see ACParameters class in chem/AC.h for details)
             pure_ae  true       # default   pure all electron calculation with no pseudo-atoms
         print_level  3          # default   0: no output; 1: final energy; 2: iterations; 3: timings; 10: debug
              nalpha  3          # derived   number of alpha spin electrons
               nbeta  3          # derived   number of beta  spin electrons
           nmo_alpha  3          # derived   number of alpha spin molecular orbitals
            nmo_beta  3          # derived   number of beta spin molecular orbitals
                  lo  9.0905e-04 # derived   smallest length scale we need to resolve
            protocol  [1.0000e-04, 1.0000e-06] # derived   calculation protocol
                gopt  false      # default   geometry optimizer
                gtol  1.0000e-04 # default   geometry tolerance
               gtest  false      # default   geometry tolerance
                gval  1.0000e-05 # default   value precision
               gprec  1.0000e-04 # default   gradient precision
            gmaxiter  20         # default   optimization maxiter
    ginitial_hessian  false      # default   compute inital hessian for optimization
              algopt  bfgs       # default   algorithm used for optimization              [bfgs, cg]
            tdksprop  false      # default   time-dependent Kohn-Sham equation propagate
           nv_factor  1          # default   factor to multiply number of virtual orbitals with when automatically decreasing nvirt
           vnucextra  2          # default   load balance parameter for nuclear pot
        loadbalparts  2          # default   ??
            response  false      # default   response function calculation
       response_freq  0.0000e+00 # default   frequency for calculation response function
       response_axis  [1, 1, 1]  # default   response axis
           nonrotate  false      # default   if true do not molcule orient (redundant with no_orient
               rconv  1.0000e-06 # default   Response convergence
              efield  0.0000e+00 # default   eps for finite field
         efield_axis  0          # default   finite field axis                            [0, 1, 2]
              nwfile  none       # default   Base name of nwchem output files (.out and .movecs extensions) to read from
                 ncf  (none,1.0000e+00) # defined   nuclear correlation factor
             hessian  false      # default   compute the hessian matrix
           read_cphf  false      # default   read the converged orbital response for nuclear displacements from file
        restart_cphf  false      # default   read the guess orbital response for nuclear displacements from file
      purify_hessian  false      # default   symmetrize the hessian matrix based on atomic charges

end
              charge  0.0000e+00 # defined   total molecular charge
                  xc  hf         # defined   XC input line
               smear  0.0000e+00 # default   smearing parameter
               econv  1.0000e-04 # defined   energy convergence
               dconv  5.0000e-04 # defined   density convergence
convergence_criteria  [bsh_residual, total_energy] # default   possible values are: bsh_residual, total_energy, each_energy, density
                   k  7          # defined   polynomial order
                   l  5.3150e+01 # derived   user coordinates box size
               deriv  abgv       # default   derivative method                            [abgv, bspline, ble]
           dft_deriv  abgv       # default   derivative method for gga potentials         [abgv, bspline, ble]
             maxrotn  2.5000e-01 # default   step restriction used in autoshift algorithm
             nvalpha  0          # default   number of alpha virtuals to compute
              nvbeta  0          # default   number of beta virtuals to compute
               nopen  0          # default   number of unpaired electrons = nalpha-nbeta
             maxiter  25         # default   maximum number of iterations
                 nio  1          # default   no. of io servers to use
     spin_restricted  true       # default   true if spin restricted
              plotlo  0          # default   range of MOs to print (for both spins if polarized
              plothi  -1         # default   range of MOs to print (for both spins if polarized
            plotdens  false      # default   If true print the density at convergence
            plotcoul  false      # default   If true plot the total coulomb potential at convergence
            localize  boys       # defined   localization method                          [pm, boys, new, canon]
          pointgroup  c1         # derived   use point (sub) group symmetry if not localized[c1, c2, ci, cs, c2v, c2h, d2, d2h]
             restart  false      # default   if true restart from orbitals on disk
           restartao  false      # default   if true restart from orbitals projected into AO basis (STO3G) on disk
          no_compute  false      # default   if true use orbitals on disk, set value to computed
           no_orient  false      # default   if true the molecule coordinates will not be reoriented
                save  true       # default   if true save orbitals to disk
              maxsub  10         # default   size of iterative subspace ... set to 0 or 1 to disable
        orbitalshift  0.0000e+00 # default   scf orbital shift: shift the occ orbitals to lower energies
            npt_plot  101        # default   no. of points to use in each dim for plots
           plot_cell  []         # default   lo hi in each dimension for plotting (default is all space)
             aobasis  6-31g      # derived   AO basis used for initial guess (6-31g or sto-3g)
           core_type  none       # default   core potential type                          [none, mpc]
         derivatives  false      # default   if true calculate nuclear derivatives
              dipole  false      # default   if true calculate dipole moment
      conv_only_dens  false      # default   if true remove bsh_residual from convergence criteria (deprecated)
            psp_calc  false      # default   pseudopotential calculation for all atoms
 print_dipole_matels  false      # default   if true output dipole matrix elements
            pcm_data  none       # default   do a PCM (solvent) calculation
             ac_data  none       # default   do a calculation with asymptotic correction (see ACParameters class in chem/AC.h for details)
             pure_ae  true       # default   pure all electron calculation with no pseudo-atoms
         print_level  3          # default   0: no output; 1: final energy; 2: iterations; 3: timings; 10: debug
              nalpha  3          # derived   number of alpha spin electrons
               nbeta  3          # derived   number of beta  spin electrons
           nmo_alpha  3          # derived   number of alpha spin molecular orbitals
            nmo_beta  3          # derived   number of beta spin molecular orbitals
                  lo  9.0905e-04 # derived   smallest length scale we need to resolve
            protocol  [1.0000e-04, 1.0000e-06] # derived   calculation protocol
                gopt  false      # default   geometry optimizer
                gtol  1.0000e-04 # default   geometry tolerance
               gtest  false      # default   geometry tolerance
                gval  1.0000e-05 # default   value precision
               gprec  1.0000e-04 # default   gradient precision
            gmaxiter  20         # default   optimization maxiter
    ginitial_hessian  false      # default   compute inital hessian for optimization
              algopt  bfgs       # default   algorithm used for optimization              [bfgs, cg]
            tdksprop  false      # default   time-dependent Kohn-Sham equation propagate
           nv_factor  1          # default   factor to multiply number of virtual orbitals with when automatically decreasing nvirt
           vnucextra  2          # default   load balance parameter for nuclear pot
        loadbalparts  2          # default   ??
            response  false      # default   response function calculation
       response_freq  0.0000e+00 # default   frequency for calculation response function
       response_axis  [1, 1, 1]  # default   response axis
           nonrotate  false      # default   if true do not molcule orient (redundant with no_orient
               rconv  1.0000e-06 # default   Response convergence
              efield  0.0000e+00 # default   eps for finite field
         efield_axis  0          # default   finite field axis                            [0, 1, 2]
              nwfile  none       # default   Base name of nwchem output files (.out and .movecs extensions) to read from



 geometry
   eprec 1.0e-06
   units atomic
   Be            0.00000000           0.00000000           0.06299087
   H             0.00000000           0.00000000           2.89758007
   H             0.00000000           0.00000000          -3.14954355
 end

Solving NDIM= 3  with thresh 1.000000e-04     k 7    conv 5.000000e-04 

timer:     Project vnuclear     0.15s     0.15s
constructed nuclear correlation factor of the form
    R   =  1.000000e+00
with eprec  1.000000e-06
which means it's (nearly) a conventional calculation

timer:        reproject ncf     0.67s     0.67s
timer:        guess density     0.16s     0.16s
timer:   guess Coulomb potn     0.17s     0.17s
timer:       guess lda potn     0.05s     0.05s
timer:        guess overlap     0.01s     0.01s
timer:    KEmat reconstruct     0.00s     0.00s
timer:  KEmat differentiate     0.16s     0.16s
timer:       KEmat compress     0.04s     0.04s
timer: KEmat inner products     0.04s     0.04s
timer:     guess Kinet potn     0.25s     0.25s
timer:           guess fock     0.15s     0.15s
timer:      guess eigen sol     0.06s     0.06s
timer: guess orbital groupi     0.01s     0.01s

starting protocol at time      2.3s 
precision steps  1.000000e-04  -->  1.000000e-04
protocol: thresh 1.000000e-04 econv  1.000000e-04 dconv 5.000000e-04

ending protocol at time      2.3s 

Solving NDIM= 3  with thresh 1.000000e-04     k 7    conv 5.000000e-04 

timer:        Boys localize     0.15s     0.15s
orbital irreps []
timer:      reconstruct psi     0.02s     0.02s
timer:        compute Jnemo     0.13s     0.13s
timer:        compute Knemo     0.54s     0.54s
timer: compute Unemo 0.0158     0.04s     0.04s

  nuclear and kinetic     -25.88890785
         kinetic only      15.50868280
              coulomb      10.71374252
             exchange      -3.36424948
    nuclear-repulsion       2.82162994
   regularized energy     -15.71778487
  buggy if hybrid functionals are used..
timer:       compute energy     0.72s     0.72s
Norm of vector changes ab spin case : rms 3.891855e-02    max 4.793133e-02
convergence: bshresidual, energy change, max energy change, density change 4.2e-02 1.6e+01 1.6e+01 1.4e+00
finished iteration  0 at time      5.0s with energy  -15.71778487
timer:        Boys localize     0.15s     0.15s
orbital irreps []
timer:      reconstruct psi     0.02s     0.02s
timer:        compute Jnemo     0.11s     0.11s
timer:        compute Knemo     0.50s     0.50s
timer: compute Unemo 0.0158     0.04s     0.04s

  nuclear and kinetic     -25.88969447
         kinetic only      15.45624964
              coulomb      10.68103673
             exchange      -3.35104186
    nuclear-repulsion       2.82162994
   regularized energy     -15.73806965
  buggy if hybrid functionals are used..
timer:       compute energy     0.72s     0.72s
Norm of vector changes ab spin case : rms 1.652119e-02    max 2.071292e-02
convergence: bshresidual, energy change, max energy change, density change 1.2e-02 2.0e-02 5.2e-02 7.9e-03
finished iteration  1 at time      7.6s with energy  -15.73806965
timer:        Boys localize     0.16s     0.16s
orbital irreps []
timer:      reconstruct psi     0.02s     0.02s
timer:        compute Jnemo     0.11s     0.11s
timer:        compute Knemo     0.50s     0.50s
timer: compute Unemo 0.0158     0.04s     0.04s

  nuclear and kinetic     -25.89327779
         kinetic only      15.44326589
              coulomb      10.67733264
             exchange      -3.34585402
    nuclear-repulsion       2.82162994
   regularized energy     -15.74016922
  buggy if hybrid functionals are used..
timer:       compute energy     0.73s     0.73s
Norm of vector changes ab spin case : rms 2.576067e-03    max 3.246618e-03
convergence: bshresidual, energy change, max energy change, density change 1.7e-03 2.1e-03 1.3e-02 1.5e-03
finished iteration  2 at time     10.2s with energy  -15.74016922
timer:        Boys localize     0.15s     0.15s
orbital irreps []
timer:      reconstruct psi     0.02s     0.02s
timer:        compute Jnemo     0.11s     0.11s
timer:        compute Knemo     0.52s     0.52s
timer: compute Unemo 0.0158     0.04s     0.04s

  nuclear and kinetic     -25.89794328
         kinetic only      15.44110376
              coulomb      10.68090395
             exchange      -3.34483945
    nuclear-repulsion       2.82162994
   regularized energy     -15.74024883
  buggy if hybrid functionals are used..
timer:       compute energy     0.74s     0.74s
Norm of vector changes ab spin case : rms 1.184329e-03    max 1.475169e-03
convergence: bshresidual, energy change, max energy change, density change 6.2e-04 8.0e-05 4.7e-03 4.3e-04
finished iteration  3 at time     12.9s with energy  -15.74024883
timer:        Boys localize     0.17s     0.17s
orbital irreps []
timer:      reconstruct psi     0.02s     0.02s
timer:        compute Jnemo     0.11s     0.11s
timer:        compute Knemo     0.53s     0.53s
timer: compute Unemo 0.0158     0.03s     0.03s

  nuclear and kinetic     -25.90067611
         kinetic only      15.44063428
              coulomb      10.68344417
             exchange      -3.34465785
    nuclear-repulsion       2.82162994
   regularized energy     -15.74025984
  buggy if hybrid functionals are used..
timer:       compute energy     0.70s     0.70s
Norm of vector changes ab spin case : rms 3.645217e-04    max 4.746267e-04
convergence: bshresidual, energy change, max energy change, density change 2.3e-04 1.1e-05 2.7e-03 9.5e-05
finished iteration  4 at time     15.5s with energy  -15.74025984

Iterations converged


ending protocol at time     15.5s 

 Dipole Moment (a.u.)
 -----------

     x:  -9.130543e-14
     y:  -9.519400e-14
     z:  1.607199e-01
 Total Dipole Moment:  1.607199e-01 

timer:               dipole     0.01s     0.01s
Nemo Orbital Energies: [*]  -4.72963784  -0.45943803  -0.42247586

nemo energy:  -1.574026e+01
 at time 15.7
PNO Integrals evaluated as:
pnoint
       rank_increase  15         # default   maximum rank to increase in every macroiteration
               chunk  100        # default   chunk of functions operated on in parallel when G or K is applied (prevent memory shortage)
               debug  false      # default   debug mode
              freeze  1          # derived   frozen core approximation
             maxrank  2          # defined   maximal pno rank for all pairs
           guesstype  exop       # derived   the guesstype: exop (recommended, multiply polynomial excitation operators onto the occupied orbitals), empty (don't compute a guess), scf (use the ao basis from the SCF solver), partial_wave (create s,p,d ..., type functions and place on atoms), predefined (same as partial_wave but for predefined sets)
                exop  multipole  # derived   this string defines which excitation operators can be used, use 'dipole', 'dipole+', 'quadrupole', 'ocopole', or 'multipole', need to set guesstype to 'exop' which is the default
          exop_trigo  true       # default   use trigonometric excitation operators ( x --> sin(x)
        partial_wave             # default   atom centered partial wave guess of format like 'h-2s1p-o-3s2p1d', need to set guesstype to 'partial_wave' and adaptive_solver to 'none'
          predefined             # default   predefined partial wave guesses of type pvxz with x=d,t,q,5,6, need to set guesstype to 'predefined' and adaptive_solver to 'none'
           maxiter_t  100        # default   maximal number of iterations in the amplitude solver
       maxiter_micro  10         # default   Maximum of iterations for every cycle in the adaptive solver
       maxiter_macro  10         # default   Maximum of iterations of cycles in the adaptive solver
                tpno  1.0000e-08 # default   PNO cutoff threshold
          tpno_tight  1.0000e-10 # derived   PNO cutoff for the first iteration
    canonicalize_pno  true       # default   canonicalize the pnos before the amplitude solver
              thresh  1.0000e-04 # defined   MRA threshold
         econv_micro  1.0000e-04 # derived   Energy convergence for microiterations (Greens function based optimization) in adaptive solver
         econv_pairs  1.0000e-05 # derived   ENergy convergence for individual pairs in adaptive solver. Converged pairs are frozen automatically
         econv_macro  1.0000e-04 # derived   Energy convergence for macroiterations in adaptive solver, no effect if adaptive_solver is deactivated
               dconv  1.0000e-01 # default   convergence of every PNO in the Green's function solver
           op_thresh  1.0000e-06 # default   MRA operator thresh
             restart  none       # derived   restart pairs of this type, use 'mp2', 'cispd', 'all' or 'none'
          no_compute  none       # default   do not compute the pairs of this type, use 'mp2', 'cispd', 'all' or 'none'
              no_opt  none       # default   do not optimize the pnos of this type, use 'mp2', 'cispd', 'all' or 'none'
            no_guess  none       # derived   guess for this type will be empty, use 'mp2', 'cispd', 'all' or 'none'
     adaptive_solver  all        # default   Use adaptive solver for those pairs, use 'mp2', 'cispd', 'all' or 'none', works only in combination with guesstype 'exop'
                kain  true       # default   use KAIN solver in amplitude solver
       kain_subspace  5          # default   subspace size of the KAIN solver (amplitudes)
                 f12  false      # defined   use explicit correlation
        cispd_number  -1         # default   CIS(D) excitation numbers, to read in correct functions
        cispd_energy  0.0000e+00 # default   CIS energy
        freeze_pairs  none       # default   frozen pairs will not be optimized: Expected format 'a b c d' will freeze pairs ab and cd
freeze_pairs_of_orbital  []         # default    All pairs which originate from this orbital will not be optimized
active_pairs_of_orbital  []         # default    All pairs which originate from this orbital will not be frozen all other pairs will, if this vector is not empty
no_opt_in_first_iteration  false      # default   Do not optimize in the first iteration (then the potentials do not have to be evaluated, use this for large guesses)
            exchange  full       # default   approximate exchange with 'neglect' or xc functional -> same syntax as moldft
           save_pnos  true       # default   Save the OBS-PNOs to a file, before and after orthonormalization.
            diagonal  true       # defined   Compute only diagonal PNOs
              orthog  symmetric  # defined   orthogonalization method for PNO basis, also current default for a potential CABS. options: symmetric, canonical, cholesky, rr_cholesky,
         orthog_cabs  default    # default   orthogonalization method for CABS basis. options: symmetric, canonical, cholesky, rr_cholesky, uses same as orbitals basis if default.
               n_pno  2          # defined   desired size of PNO-basis (orbital space)
         cabs_option  none       # default   type of complementary auxiliary basis to be used. can be none ~ no CABS, gbs ~ Gaussian basis set as CABS, requires input via auxbas_file, pno ~ use superfluous PNOs as CABS, mixed ~ gbs&pno-option
       pno_cabs_size  -1         # default   size of a potential pno-cabs. defaults to -1 ~ all remaining PNOs, if pno-cabs or mixed-cabs
           only_diag  true       # derived   use only diagonal elements PNOs
         cherry_pick  []         # default   cherry pick option to choose particular set of PNOs, not just blindly by occupation number. can be useful, if only a restricted number of PNOs can be used, to avoid separating degenerate pairs. can be envoked by passing a vector via [ elem1, elem2, ... ]
         ignore_pair  []         # default   ignore certain pairs in the selection of pnos numbering is 00-0, 01-1, 02-2 ...
               gamma  1.4000e+00 # default   The f12 length scale, here to be used to compute f12-integrals
         cabs_thresh  1.0000e-04 # derived    thresh for cabs part
              auxbas  none       # default   atom centered partial wave guess of format like 'h-2s1p-o-3s2p1d'
         auxbas_file  none       # default   Use external comp. aux. basis in addition to the pnos as auxbasis. Give the filename as parameter. Give the auxbas in turbomole format. Don't use contractions. If a file is specified the auxbas parameter has no effect
   print_pno_overlap  true       # default   Print overlap matrix at certain steps in computation, for debugging purposes.
              n_virt  0          # defined   Compute this number of virtuals and include them in the integral construction, experimental and not robust!.
      hardcore_boson  false      # default   compute only integrals for hardcore boson hamiltonian (restricted to double occupations)

end
F12 Operators initialized right
timer:                    Testing F12 Operators     0.14s     0.14s 
timer:  Initializing (active) Exchange Orbitals     0.29s     0.29s 
Size of active mos and their exchange potentials:
K(acmos)=3.148437e-03 Gbyte
acmos   =2.473772e-03 Gbyte
PNO Parameters
pno
       rank_increase  15         # default   maximum rank to increase in every macroiteration
               chunk  100        # default   chunk of functions operated on in parallel when G or K is applied (prevent memory shortage)
               debug  false      # default   debug mode
              freeze  1          # derived   frozen core approximation
             maxrank  2          # defined   maximal pno rank for all pairs
           guesstype  exop       # derived   the guesstype: exop (recommended, multiply polynomial excitation operators onto the occupied orbitals), empty (don't compute a guess), scf (use the ao basis from the SCF solver), partial_wave (create s,p,d ..., type functions and place on atoms), predefined (same as partial_wave but for predefined sets)
                exop  multipole  # derived   this string defines which excitation operators can be used, use 'dipole', 'dipole+', 'quadrupole', 'ocopole', or 'multipole', need to set guesstype to 'exop' which is the default
          exop_trigo  true       # default   use trigonometric excitation operators ( x --> sin(x)
        partial_wave             # default   atom centered partial wave guess of format like 'h-2s1p-o-3s2p1d', need to set guesstype to 'partial_wave' and adaptive_solver to 'none'
          predefined             # default   predefined partial wave guesses of type pvxz with x=d,t,q,5,6, need to set guesstype to 'predefined' and adaptive_solver to 'none'
           maxiter_t  100        # default   maximal number of iterations in the amplitude solver
       maxiter_micro  10         # default   Maximum of iterations for every cycle in the adaptive solver
       maxiter_macro  10         # default   Maximum of iterations of cycles in the adaptive solver
                tpno  1.0000e-08 # default   PNO cutoff threshold
          tpno_tight  1.0000e-10 # derived   PNO cutoff for the first iteration
    canonicalize_pno  true       # default   canonicalize the pnos before the amplitude solver
              thresh  1.0000e-04 # defined   MRA threshold
         econv_micro  1.0000e-04 # derived   Energy convergence for microiterations (Greens function based optimization) in adaptive solver
         econv_pairs  1.0000e-05 # derived   ENergy convergence for individual pairs in adaptive solver. Converged pairs are frozen automatically
         econv_macro  1.0000e-04 # derived   Energy convergence for macroiterations in adaptive solver, no effect if adaptive_solver is deactivated
               dconv  1.0000e-01 # default   convergence of every PNO in the Green's function solver
           op_thresh  1.0000e-06 # default   MRA operator thresh
             restart  none       # derived   restart pairs of this type, use 'mp2', 'cispd', 'all' or 'none'
          no_compute  none       # default   do not compute the pairs of this type, use 'mp2', 'cispd', 'all' or 'none'
              no_opt  none       # default   do not optimize the pnos of this type, use 'mp2', 'cispd', 'all' or 'none'
            no_guess  none       # derived   guess for this type will be empty, use 'mp2', 'cispd', 'all' or 'none'
     adaptive_solver  all        # default   Use adaptive solver for those pairs, use 'mp2', 'cispd', 'all' or 'none', works only in combination with guesstype 'exop'
                kain  true       # default   use KAIN solver in amplitude solver
       kain_subspace  5          # default   subspace size of the KAIN solver (amplitudes)
                 f12  false      # defined   use explicit correlation
        cispd_number  -1         # default   CIS(D) excitation numbers, to read in correct functions
        cispd_energy  0.0000e+00 # default   CIS energy
        freeze_pairs  none       # default   frozen pairs will not be optimized: Expected format 'a b c d' will freeze pairs ab and cd
freeze_pairs_of_orbital  []         # default    All pairs which originate from this orbital will not be optimized
active_pairs_of_orbital  []         # default    All pairs which originate from this orbital will not be frozen all other pairs will, if this vector is not empty
no_opt_in_first_iteration  false      # default   Do not optimize in the first iteration (then the potentials do not have to be evaluated, use this for large guesses)
            exchange  full       # default   approximate exchange with 'neglect' or xc functional -> same syntax as moldft
           save_pnos  true       # default   Save the OBS-PNOs to a file, before and after orthonormalization.
            diagonal  true       # defined   Compute only diagonal PNOs

end

**********************
Solve PNO-MP2
*********************


**********************
Iterate Pairs
*********************


************************
Adaptive Solver
***********************

Initializing empty Pairs:
no guess was explicitly demanded for mp2

timer:                                     RRCD     0.00s     0.00s 
timer:                             MRA compress     0.00s     0.00s 
timer:                          Transform Pairs     0.00s     0.00s 
timer:          apply Q and orthonormalize PNOs     0.00s     0.00s 
Created Guess:
pair11 with 0 guess functions
pair21 with 0 guess functions
pair22 with 0 guess functions
guess pair11 size: 0.0000000000e+00 | 0.0000000000e+00 Gbyte (after truncation)
guess pair22 size: 0.0000000000e+00 | 0.0000000000e+00 Gbyte (after truncation)
timer:                           truncate guess     0.00s     0.00s 
timer:                         Initialize Pairs     0.00s     0.00s 
Keyword multipole is not known
Guess protocol for adaptively growing ranks is: [dipole+, quadrupole, big_fock_3, big_fock_3, big_fock_3, big_fock_3, big_fock_3, big_fock_3, big_fock_3, big_fock_3]


--------Adaptive Solver Macroiteration 0 from max 10 ----------

Growing ranks with exop=dipole+
Create guess functions by multiplying plane-waves to 1 functions 
Created 4 virtuals for pair11
pair21 is frozen: no growing
Create guess functions by multiplying plane-waves to 1 functions 
Created 4 virtuals for pair22
frozen pair: no orthonormalization
timer:                                     RRCD     0.02s     0.02s 
timer:                             MRA compress     0.00s     0.00s 
timer:                          Transform Pairs     0.01s     0.01s 
timer:                        grow PNO subspace     0.18s     0.18s 
SolveInternal: Parameters are assigned as
no_compute        = false
no_opt            = false
restart           = false
do_cispd          = false
econv             =1.0000000000e-04
maxrank (min,max) = (2,2)
Solving MP2 doubles
timer:          fock matrix     0.45s     0.45s
Information About All Pairs:
mp2_pair11           number=0 rank=  4 frozen=false
mp2_pair21           number=1 rank=  0 frozen=true
mp2_pair22           number=2 rank=  4 frozen=false
number of pairs=3
average rank   =2 (2.6666666667e+00)
largest rank   =4
PNOPairs Memory Information
Total: 0.0090773106 GB 
PNO  : 0.0090773106 GB 
KPNO : 0.0000000000 GB 
W    : 0.0000000000 GB 

timer:                                 truncate     0.00s     0.00s 
wall time=18.1314868927 chunk=8 allK.size()=8 memory=0.0099768639 GB
timer:                             compute KPNO     0.97s     0.97s 
wall time=18.1524658203 chunk=8 allJ.size()=8 memory=0.0102221966 GB
timer:                             compute JPNO     0.02s     0.02s 
timer:                    compute Fock matrices     0.41s     0.41s 
timer:                             MRA compress     0.00s     0.00s 
timer:                          Transform Pairs     0.04s     0.04s 
timer:                             Canonicalize     0.05s     0.05s 
PNOPairs Memory Information
Total: 0.0188088417 GB 
PNO  : 0.0090773106 GB 
KPNO : 0.0097315311 GB 
W    : 0.0000000000 GB 

timer:                                 truncate     0.01s     0.01s 
mp2_pair21 is frozen: potential not computed
timer:                   Fluctuation Potentials     0.58s     0.58s 
timer:                       Fluctuation Matrix     0.06s     0.06s 
PNOPairs Memory Information
Total: 0.0327110291 GB 
PNO  : 0.0090773106 GB 
KPNO : 0.0097315311 GB 
W    : 0.0139021873 GB 

PNOPairs Memory Information
Total: 0.0327110291 GB 
PNO  : 0.0090773106 GB 
KPNO : 0.0097315311 GB 
W    : 0.0139021873 GB 

timer:                                 truncate     0.01s     0.01s 
timer:                             PNO Overlaps     0.04s     0.04s 
t_iter =  0  Hylleraas energy =  0.0000000000  ||R||_F =  0.1870712634  conv =  no
subspace solution [*]   1.00000000

t_iter =  1  Hylleraas energy =  -0.0261612567  ||R||_F =  0.0000000212  conv =  yes
=======================================================

Hylleraas MP2 Energies

=======================================================
    i    j      singlet      triplet        Total
=======================================================
    1    1  -1.29696e-02  0.00000e+00 -1.29696e-02
    2    1   0.00000e+00  0.00000e+00  0.00000e+00
    2    2  -1.31917e-02  0.00000e+00 -1.31917e-02
=======================================================
Hylleraas MP2 Energies (singlet): -2.61613e-02
Hylleraas MP2 Energies (triplet):  0.00000e+00
Hylleraas MP2 Energies (total)  : -2.61613e-02
=======================================================
-------------------------------------------
Total Reg Energy  =-2.61613e-02
Total F12 Energy  = 0.00000e+00
Sum Energies Total=-2.61613e-02
-------------------------------------------
timer:                         Solve Amplitudes     0.00s     0.00s 
No optimization untill now: Compressing pno ranks with tighter threshold
1.00000e-10 instead of 1.00000e-08
pair11: density evals:
 [*]   0.00346920   0.00417763   0.00417763   0.00670824

pair11: # of PNOs reduced from  4  to  2  maxrank= 2
pair22: density evals:
 [*]   0.00342852   0.00413181   0.00413181   0.00904784

pair22: # of PNOs reduced from  4  to  2  maxrank= 2
timer:                            compress PNOs     0.00s     0.00s 
timer:                             MRA compress     0.00s     0.00s 
timer:                          Transform Pairs     0.03s     0.03s 
timer:                          PNO Compression     0.04s     0.04s 
Information About All Pairs:
mp2_pair11           number=0 rank=  2 frozen=false
mp2_pair21           number=1 rank=  0 frozen=true
mp2_pair22           number=2 rank=  2 frozen=false
number of pairs=3
average rank   =1 (1.33333e+00)
largest rank   =2
saving vector of functions mp2_pair11
saving vector of functions mp2_pair22
timer:                        save pnos on disc     0.01s     0.01s 
PNOPairs Memory Information
Total: 0.01681 GB 
PNO  : 0.00466 GB 
KPNO : 0.00511 GB 
W    : 0.00703 GB 

timer:                                 truncate     0.00s     0.00s 
timer:      compute densities for G application     0.00s     0.00s 
pair21 is frozen: no optimization
timer:                Prepare for G application     0.04s     0.04s 
timer:                                    add K     0.01s     0.01s 
size of all Vpsi potentials (without Vnuc and J) 0.00605 GB 
time=19.56288 chunk=4 Vpsi+Vnuc+J=0.01685 GB
time=19.56892 chunk=4 Vpsi+Vnuc+J=0.01685 GB (after truncation)
timer:                           Apply G to all     0.51s     0.51s 
timer:                       apply Q and update     0.00s     0.00s 
mp2_pair11 residual norms:
[0.36646, 0.42025]
mp2_pair11 scaled residual norms:
[0.02369, 0.03442]
mp2_pair22 residual norms:
[0.36734, 0.40688]
mp2_pair22 scaled residual norms:
[0.02361, 0.03870]
timer:                          update all PNOs     0.56s     0.56s 
frozen pair: no orthonormalization
timer:                                     RRCD     0.03s     0.03s 
timer:                             MRA compress     0.00s     0.00s 
timer:                          Transform Pairs     0.01s     0.01s 
saving vector of functions mp2_pair11
saving vector of functions mp2_pair22
timer:                        save pnos on disc     0.01s     0.01s 


No convergence yet. Energy change = 0.02616

timer:                        Whole Iteration 1     2.86s     2.86s 
Information About All Pairs:
mp2_pair11           number=0 rank=  2 frozen=false
mp2_pair21           number=1 rank=  0 frozen=true
mp2_pair22           number=2 rank=  2 frozen=false
number of pairs=3
average rank   =1 (1.33333)
largest rank   =2
PNOPairs Memory Information
Total: 0.00507 GB 
PNO  : 0.00507 GB 
KPNO : 0.00000 GB 
W    : 0.00000 GB 

timer:                                 truncate     0.00s     0.00s 
wall time=20.55572 chunk=4 allK.size()=4 memory=0.00507 GB
timer:                             compute KPNO     0.53s     0.53s 
wall time=20.56867 chunk=4 allJ.size()=4 memory=0.00556 GB
timer:                             compute JPNO     0.01s     0.01s 
timer:                    compute Fock matrices     0.32s     0.32s 
timer:                             MRA compress     0.00s     0.00s 
timer:                          Transform Pairs     0.01s     0.01s 
timer:                             Canonicalize     0.01s     0.01s 
PNOPairs Memory Information
Total: 0.01014 GB 
PNO  : 0.00507 GB 
KPNO : 0.00507 GB 
W    : 0.00000 GB 

timer:                                 truncate     0.00s     0.00s 
mp2_pair21 is frozen: potential not computed
timer:                   Fluctuation Potentials     0.31s     0.31s 
timer:                       Fluctuation Matrix     0.03s     0.03s 
PNOPairs Memory Information
Total: 0.01783 GB 
PNO  : 0.00507 GB 
KPNO : 0.00507 GB 
W    : 0.00769 GB 

PNOPairs Memory Information
Total: 0.01783 GB 
PNO  : 0.00507 GB 
KPNO : 0.00507 GB 
W    : 0.00769 GB 

timer:                                 truncate     0.00s     0.00s 
timer:                             PNO Overlaps     0.04s     0.04s 
t_iter =  0  Hylleraas energy =  0.00000  ||R||_F =  0.21338  conv =  no
subspace solution [*]   1.00000000

t_iter =  1  Hylleraas energy =  -0.02759  ||R||_F =  0.00000  conv =  yes
=======================================================

Hylleraas MP2 Energies

=======================================================
    i    j      singlet      triplet        Total
=======================================================
    1    1  -1.32706e-02  0.00000e+00 -1.32706e-02
    2    1   0.00000e+00  0.00000e+00  0.00000e+00
    2    2  -1.43219e-02  0.00000e+00 -1.43219e-02
=======================================================
Hylleraas MP2 Energies (singlet): -2.75925e-02
Hylleraas MP2 Energies (triplet):  0.00000e+00
Hylleraas MP2 Energies (total)  : -2.75925e-02
=======================================================
-------------------------------------------
Total Reg Energy  =-2.75925e-02
Total F12 Energy  = 0.00000e+00
Sum Energies Total=-2.75925e-02
-------------------------------------------
timer:                         Solve Amplitudes     0.00s     0.00s 
pair11: density evals:
 [*]   0.00498274   0.01010834

pair22: density evals:
 [*]   0.00488620   0.01370176

timer:                            compress PNOs     0.00s     0.00s 
timer:                             MRA compress     0.00s     0.00s 
timer:                          Transform Pairs     0.02s     0.02s 
timer:                          PNO Compression     0.02s     0.02s 
Information About All Pairs:
mp2_pair11           number=0 rank=  2 frozen=false
mp2_pair21           number=1 rank=  0 frozen=true
mp2_pair22           number=2 rank=  2 frozen=false
number of pairs=3
average rank   =1 (1.33333e+00)
largest rank   =2
saving vector of functions mp2_pair11
saving vector of functions mp2_pair22
timer:                        save pnos on disc     0.01s     0.01s 
PNOPairs Memory Information
Total: 0.01783 GB 
PNO  : 0.00507 GB 
KPNO : 0.00507 GB 
W    : 0.00769 GB 

timer:                                 truncate     0.00s     0.00s 
timer:      compute densities for G application     0.00s     0.00s 
pair21 is frozen: no optimization
timer:                Prepare for G application     0.05s     0.05s 
timer:                                    add K     0.01s     0.01s 
size of all Vpsi potentials (without Vnuc and J) 0.00638 GB 
time=21.50175 chunk=4 Vpsi+Vnuc+J=0.01676 GB
time=21.50830 chunk=4 Vpsi+Vnuc+J=0.01652 GB (after truncation)
timer:                           Apply G to all     0.47s     0.47s 
timer:                       apply Q and update     0.00s     0.00s 
mp2_pair11 residual norms:
[0.09494, 0.12035]
mp2_pair11 scaled residual norms:
[0.00670, 0.01210]
mp2_pair22 residual norms:
[0.09315, 0.11288]
mp2_pair22 scaled residual norms:
[0.00651, 0.01321]
timer:                          update all PNOs     0.53s     0.53s 
frozen pair: no orthonormalization
timer:                                     RRCD     0.02s     0.02s 
timer:                             MRA compress     0.00s     0.00s 
timer:                          Transform Pairs     0.00s     0.00s 
saving vector of functions mp2_pair11
saving vector of functions mp2_pair22
timer:                        save pnos on disc     0.01s     0.01s 


No convergence yet. Energy change = 0.00143

timer:                        Whole Iteration 2     1.89s     1.89s 
Information About All Pairs:
mp2_pair11           number=0 rank=  2 frozen=false
mp2_pair21           number=1 rank=  0 frozen=true
mp2_pair22           number=2 rank=  2 frozen=false
number of pairs=3
average rank   =1 (1.33333)
largest rank   =2
PNOPairs Memory Information
Total: 0.00499 GB 
PNO  : 0.00499 GB 
KPNO : 0.00000 GB 
W    : 0.00000 GB 

timer:                                 truncate     0.00s     0.00s 
wall time=22.42922 chunk=4 allK.size()=4 memory=0.00523 GB
timer:                             compute KPNO     0.52s     0.52s 
wall time=22.44406 chunk=4 allJ.size()=4 memory=0.00556 GB
timer:                             compute JPNO     0.01s     0.01s 
timer:                    compute Fock matrices     0.34s     0.34s 
timer:                             MRA compress     0.00s     0.00s 
timer:                          Transform Pairs     0.01s     0.01s 
timer:                             Canonicalize     0.01s     0.01s 
PNOPairs Memory Information
Total: 0.01022 GB 
PNO  : 0.00499 GB 
KPNO : 0.00523 GB 
W    : 0.00000 GB 

timer:                                 truncate     0.00s     0.00s 
mp2_pair21 is frozen: potential not computed
timer:                   Fluctuation Potentials     0.34s     0.34s 
timer:                       Fluctuation Matrix     0.06s     0.06s 
PNOPairs Memory Information
Total: 0.01791 GB 
PNO  : 0.00499 GB 
KPNO : 0.00523 GB 
W    : 0.00769 GB 

PNOPairs Memory Information
Total: 0.01791 GB 
PNO  : 0.00499 GB 
KPNO : 0.00523 GB 
W    : 0.00769 GB 

timer:                                 truncate     0.00s     0.00s 
timer:                             PNO Overlaps     0.07s     0.07s 
t_iter =  0  Hylleraas energy =  0.00000  ||R||_F =  0.22928  conv =  no
subspace solution [*]   1.00000000

t_iter =  1  Hylleraas energy =  -0.02915  ||R||_F =  0.00000  conv =  yes
=======================================================

Hylleraas MP2 Energies

=======================================================
    i    j      singlet      triplet        Total
=======================================================
    1    1  -1.40392e-02  0.00000e+00 -1.40392e-02
    2    1   0.00000e+00  0.00000e+00  0.00000e+00
    2    2  -1.51086e-02  0.00000e+00 -1.51086e-02
=======================================================
Hylleraas MP2 Energies (singlet): -2.91478e-02
Hylleraas MP2 Energies (triplet):  0.00000e+00
Hylleraas MP2 Energies (total)  : -2.91478e-02
=======================================================
-------------------------------------------
Total Reg Energy  =-2.91478e-02
Total F12 Energy  = 0.00000e+00
Sum Energies Total=-2.91478e-02
-------------------------------------------
timer:                         Solve Amplitudes     0.00s     0.00s 
pair11: density evals:
 [*]   0.00473613   0.00982282

pair22: density evals:
 [*]   0.00463651   0.01336080

timer:                            compress PNOs     0.00s     0.00s 
timer:                             MRA compress     0.00s     0.00s 
timer:                          Transform Pairs     0.03s     0.03s 
timer:                          PNO Compression     0.03s     0.03s 
Information About All Pairs:
mp2_pair11           number=0 rank=  2 frozen=false
mp2_pair21           number=1 rank=  0 frozen=true
mp2_pair22           number=2 rank=  2 frozen=false
number of pairs=3
average rank   =1 (1.33333e+00)
largest rank   =2
saving vector of functions mp2_pair11
saving vector of functions mp2_pair22
timer:                        save pnos on disc     0.02s     0.02s 
PNOPairs Memory Information
Total: 0.01791 GB 
PNO  : 0.00499 GB 
KPNO : 0.00523 GB 
W    : 0.00769 GB 

timer:                                 truncate     0.00s     0.00s 
timer:      compute densities for G application     0.00s     0.00s 
pair21 is frozen: no optimization
timer:                Prepare for G application     0.05s     0.05s 
timer:                                    add K     0.01s     0.01s 
size of all Vpsi potentials (without Vnuc and J) 0.00646 GB 
time=23.53166 chunk=4 Vpsi+Vnuc+J=0.01681 GB
time=23.53975 chunk=4 Vpsi+Vnuc+J=0.01664 GB (after truncation)
timer:                           Apply G to all     0.50s     0.50s 
timer:                       apply Q and update     0.00s     0.00s 
mp2_pair11 residual norms:
[0.03198, 0.05329]
mp2_pair11 scaled residual norms:
[0.00220, 0.00528]
mp2_pair22 residual norms:
[0.03136, 0.04810]
mp2_pair22 scaled residual norms:
[0.00214, 0.00556]
timer:                          update all PNOs     0.57s     0.57s 
frozen pair: no orthonormalization
timer:                                     RRCD     0.03s     0.03s 
timer:                             MRA compress     0.00s     0.00s 
timer:                          Transform Pairs     0.01s     0.01s 
saving vector of functions mp2_pair11
saving vector of functions mp2_pair22
timer:                        save pnos on disc     0.02s     0.02s 


No convergence yet. Energy change = 0.00156

timer:                        Whole Iteration 3     2.07s     2.07s 
Information About All Pairs:
mp2_pair11           number=0 rank=  2 frozen=false
mp2_pair21           number=1 rank=  0 frozen=true
mp2_pair22           number=2 rank=  2 frozen=false
number of pairs=3
average rank   =1 (1.33333)
largest rank   =2
PNOPairs Memory Information
Total: 0.00511 GB 
PNO  : 0.00511 GB 
KPNO : 0.00000 GB 
W    : 0.00000 GB 

timer:                                 truncate     0.00s     0.00s 
wall time=24.50513 chunk=4 allK.size()=4 memory=0.00532 GB
timer:                             compute KPNO     0.52s     0.52s 
wall time=24.51720 chunk=4 allJ.size()=4 memory=0.00556 GB
timer:                             compute JPNO     0.01s     0.01s 
timer:                    compute Fock matrices     0.27s     0.27s 
timer:                             MRA compress     0.00s     0.00s 
timer:                          Transform Pairs     0.01s     0.01s 
timer:                             Canonicalize     0.01s     0.01s 
PNOPairs Memory Information
Total: 0.01043 GB 
PNO  : 0.00511 GB 
KPNO : 0.00532 GB 
W    : 0.00000 GB 

timer:                                 truncate     0.00s     0.00s 
mp2_pair21 is frozen: potential not computed
timer:                   Fluctuation Potentials     0.32s     0.32s 
timer:                       Fluctuation Matrix     0.05s     0.05s 
PNOPairs Memory Information
Total: 0.01811 GB 
PNO  : 0.00511 GB 
KPNO : 0.00532 GB 
W    : 0.00769 GB 

PNOPairs Memory Information
Total: 0.01811 GB 
PNO  : 0.00511 GB 
KPNO : 0.00532 GB 
W    : 0.00769 GB 

timer:                                 truncate     0.00s     0.00s 
timer:                             PNO Overlaps     0.03s     0.03s 
t_iter =  0  Hylleraas energy =  0.00000  ||R||_F =  0.23465  conv =  no
subspace solution [*]   1.00000000

t_iter =  1  Hylleraas energy =  -0.02944  ||R||_F =  0.00000  conv =  yes
=======================================================

Hylleraas MP2 Energies

=======================================================
    i    j      singlet      triplet        Total
=======================================================
    1    1  -1.41861e-02  0.00000e+00 -1.41861e-02
    2    1   0.00000e+00  0.00000e+00  0.00000e+00
    2    2  -1.52512e-02  0.00000e+00 -1.52512e-02
=======================================================
Hylleraas MP2 Energies (singlet): -2.94374e-02
Hylleraas MP2 Energies (triplet):  0.00000e+00
Hylleraas MP2 Energies (total)  : -2.94374e-02
=======================================================
-------------------------------------------
Total Reg Energy  =-2.94374e-02
Total F12 Energy  = 0.00000e+00
Sum Energies Total=-2.94374e-02
-------------------------------------------
timer:                         Solve Amplitudes     0.00s     0.00s 
pair11: density evals:
 [*]   0.00460904   0.00955655

pair22: density evals:
 [*]   0.00451102   0.01302371

timer:                            compress PNOs     0.00s     0.00s 
timer:                             MRA compress     0.00s     0.00s 
timer:                          Transform Pairs     0.02s     0.02s 
timer:                          PNO Compression     0.02s     0.02s 
Information About All Pairs:
mp2_pair11           number=0 rank=  2 frozen=false
mp2_pair21           number=1 rank=  0 frozen=true
mp2_pair22           number=2 rank=  2 frozen=false
number of pairs=3
average rank   =1 (1.33333e+00)
largest rank   =2
saving vector of functions mp2_pair11
saving vector of functions mp2_pair22
timer:                        save pnos on disc     0.01s     0.01s 
PNOPairs Memory Information
Total: 0.01811 GB 
PNO  : 0.00511 GB 
KPNO : 0.00532 GB 
W    : 0.00769 GB 

timer:                                 truncate     0.00s     0.00s 
timer:      compute densities for G application     0.00s     0.00s 
pair21 is frozen: no optimization
timer:                Prepare for G application     0.04s     0.04s 
timer:                                    add K     0.01s     0.01s 
size of all Vpsi potentials (without Vnuc and J) 0.00646 GB 
time=25.41599 chunk=4 Vpsi+Vnuc+J=0.01705 GB
time=25.42264 chunk=4 Vpsi+Vnuc+J=0.01689 GB (after truncation)
timer:                           Apply G to all     0.46s     0.46s 
timer:                       apply Q and update     0.00s     0.00s 
mp2_pair11 residual norms:
[0.01155, 0.02942]
mp2_pair11 scaled residual norms:
[0.00078, 0.00288]
mp2_pair22 residual norms:
[0.01159, 0.02472]
mp2_pair22 scaled residual norms:
[0.00078, 0.00282]
timer:                          update all PNOs     0.51s     0.51s 
frozen pair: no orthonormalization
timer:                                     RRCD     0.02s     0.02s 
timer:                             MRA compress     0.00s     0.00s 
timer:                          Transform Pairs     0.00s     0.00s 
saving vector of functions mp2_pair11
saving vector of functions mp2_pair22
timer:                        save pnos on disc     0.01s     0.01s 


No convergence yet. Energy change = 0.00029

timer:                        Whole Iteration 4     1.84s     1.84s 
Information About All Pairs:
mp2_pair11           number=0 rank=  2 frozen=false
mp2_pair21           number=1 rank=  0 frozen=true
mp2_pair22           number=2 rank=  2 frozen=false
number of pairs=3
average rank   =1 (1.33333)
largest rank   =2
PNOPairs Memory Information
Total: 0.00515 GB 
PNO  : 0.00515 GB 
KPNO : 0.00000 GB 
W    : 0.00000 GB 

timer:                                 truncate     0.00s     0.00s 
wall time=26.32384 chunk=4 allK.size()=4 memory=0.00532 GB
timer:                             compute KPNO     0.50s     0.50s 
wall time=26.33500 chunk=4 allJ.size()=4 memory=0.00556 GB
timer:                             compute JPNO     0.01s     0.01s 
timer:                    compute Fock matrices     0.21s     0.21s 
timer:                             MRA compress     0.00s     0.00s 
timer:                          Transform Pairs     0.01s     0.01s 
timer:                             Canonicalize     0.01s     0.01s 
PNOPairs Memory Information
Total: 0.01047 GB 
PNO  : 0.00515 GB 
KPNO : 0.00532 GB 
W    : 0.00000 GB 

timer:                                 truncate     0.00s     0.00s 
mp2_pair21 is frozen: potential not computed
timer:                   Fluctuation Potentials     0.30s     0.30s 
timer:                       Fluctuation Matrix     0.03s     0.03s 
PNOPairs Memory Information
Total: 0.01815 GB 
PNO  : 0.00515 GB 
KPNO : 0.00532 GB 
W    : 0.00769 GB 

PNOPairs Memory Information
Total: 0.01815 GB 
PNO  : 0.00515 GB 
KPNO : 0.00532 GB 
W    : 0.00769 GB 

timer:                                 truncate     0.00s     0.00s 
timer:                             PNO Overlaps     0.03s     0.03s 
t_iter =  0  Hylleraas energy =  0.00000  ||R||_F =  0.23675  conv =  no
subspace solution [*]   1.00000000

t_iter =  1  Hylleraas energy =  -0.02951  ||R||_F =  0.00000  conv =  yes
=======================================================

Hylleraas MP2 Energies

=======================================================
    i    j      singlet      triplet        Total
=======================================================
    1    1  -1.42267e-02  0.00000e+00 -1.42267e-02
    2    1   0.00000e+00  0.00000e+00  0.00000e+00
    2    2  -1.52854e-02  0.00000e+00 -1.52854e-02
=======================================================
Hylleraas MP2 Energies (singlet): -2.95122e-02
Hylleraas MP2 Energies (triplet):  0.00000e+00
Hylleraas MP2 Energies (total)  : -2.95122e-02
=======================================================
-------------------------------------------
Total Reg Energy  =-2.95122e-02
Total F12 Energy  = 0.00000e+00
Sum Energies Total=-2.95122e-02
-------------------------------------------
timer:                         Solve Amplitudes     0.00s     0.00s 
pair11: density evals:
 [*]   0.00455694   0.00942582

pair22: density evals:
 [*]   0.00445915   0.01285278

timer:                            compress PNOs     0.00s     0.00s 
timer:                             MRA compress     0.00s     0.00s 
timer:                          Transform Pairs     0.02s     0.02s 
timer:                          PNO Compression     0.02s     0.02s 
Information About All Pairs:
mp2_pair11           number=0 rank=  2 frozen=false
mp2_pair21           number=1 rank=  0 frozen=true
mp2_pair22           number=2 rank=  2 frozen=false
number of pairs=3
average rank   =1 (1.33333e+00)
largest rank   =2
saving vector of functions mp2_pair11
saving vector of functions mp2_pair22
timer:                        save pnos on disc     0.01s     0.01s 
PNOPairs Memory Information
Total: 0.01815 GB 
PNO  : 0.00515 GB 
KPNO : 0.00532 GB 
W    : 0.00769 GB 

timer:                                 truncate     0.00s     0.00s 
timer:      compute densities for G application     0.00s     0.00s 
pair21 is frozen: no optimization
timer:                Prepare for G application     0.05s     0.05s 
timer:                                    add K     0.01s     0.01s 
size of all Vpsi potentials (without Vnuc and J) 0.00646 GB 
time=27.13970 chunk=4 Vpsi+Vnuc+J=0.01709 GB
time=27.14666 chunk=4 Vpsi+Vnuc+J=0.01693 GB (after truncation)
timer:                           Apply G to all     0.46s     0.46s 
timer:                       apply Q and update     0.00s     0.00s 
mp2_pair11 residual norms:
[0.00440, 0.01930]
mp2_pair11 scaled residual norms:
[0.00030, 0.00187]
mp2_pair22 residual norms:
[0.00465, 0.01459]
mp2_pair22 scaled residual norms:
[0.00031, 0.00165]
timer:                          update all PNOs     0.52s     0.52s 
frozen pair: no orthonormalization
timer:                                     RRCD     0.02s     0.02s 
timer:                             MRA compress     0.00s     0.00s 
timer:                          Transform Pairs     0.00s     0.00s 
saving vector of functions mp2_pair11
saving vector of functions mp2_pair22
timer:                        save pnos on disc     0.01s     0.01s 


CONVERGED!
energy change = 0.00007

re-entering loop to compute the correct amplitudes and energies
timer:                        Whole Iteration 5     1.71s     1.71s 
Information About All Pairs:
mp2_pair11           number=0 rank=  2 frozen=false
mp2_pair21           number=1 rank=  0 frozen=true
mp2_pair22           number=2 rank=  2 frozen=false
number of pairs=3
average rank   =1 (1.33333)
largest rank   =2
PNOPairs Memory Information
Total: 0.00515 GB 
PNO  : 0.00515 GB 
KPNO : 0.00000 GB 
W    : 0.00000 GB 

timer:                                 truncate     0.00s     0.00s 
wall time=28.01932 chunk=4 allK.size()=4 memory=0.00532 GB
timer:                             compute KPNO     0.48s     0.48s 
wall time=28.02977 chunk=4 allJ.size()=4 memory=0.00556 GB
timer:                             compute JPNO     0.01s     0.01s 
timer:                    compute Fock matrices     0.20s     0.20s 
timer:                             MRA compress     0.00s     0.00s 
timer:                          Transform Pairs     0.01s     0.01s 
timer:                             Canonicalize     0.01s     0.01s 
PNOPairs Memory Information
Total: 0.01047 GB 
PNO  : 0.00515 GB 
KPNO : 0.00532 GB 
W    : 0.00000 GB 

timer:                                 truncate     0.00s     0.00s 
mp2_pair21 is frozen: potential not computed
timer:                   Fluctuation Potentials     0.31s     0.31s 
timer:                       Fluctuation Matrix     0.03s     0.03s 
PNOPairs Memory Information
Total: 0.01832 GB 
PNO  : 0.00515 GB 
KPNO : 0.00532 GB 
W    : 0.00785 GB 

PNOPairs Memory Information
Total: 0.01832 GB 
PNO  : 0.00515 GB 
KPNO : 0.00532 GB 
W    : 0.00785 GB 

timer:                                 truncate     0.00s     0.00s 
timer:                             PNO Overlaps     0.02s     0.02s 
t_iter =  0  Hylleraas energy =  0.00000  ||R||_F =  0.23765  conv =  no
subspace solution [*]   1.00000000

t_iter =  1  Hylleraas energy =  -0.02954  ||R||_F =  0.00000  conv =  yes
=======================================================

Hylleraas MP2 Energies

=======================================================
    i    j      singlet      triplet        Total
=======================================================
    1    1  -1.42431e-02  0.00000e+00 -1.42431e-02
    2    1   0.00000e+00  0.00000e+00  0.00000e+00
    2    2  -1.52967e-02  0.00000e+00 -1.52967e-02
=======================================================
Hylleraas MP2 Energies (singlet): -2.95398e-02
Hylleraas MP2 Energies (triplet):  0.00000e+00
Hylleraas MP2 Energies (total)  : -2.95398e-02
=======================================================
-------------------------------------------
Total Reg Energy  =-2.95398e-02
Total F12 Energy  = 0.00000e+00
Sum Energies Total=-2.95398e-02
-------------------------------------------
timer:                         Solve Amplitudes     0.00s     0.00s 
pair11: density evals:
 [*]   0.00453602   0.00936722

pair22: density evals:
 [*]   0.00443776   0.01277441

timer:                            compress PNOs     0.00s     0.00s 
timer:                             MRA compress     0.00s     0.00s 
timer:                          Transform Pairs     0.02s     0.02s 
timer:                          PNO Compression     0.02s     0.02s 
Information About All Pairs:
mp2_pair11           number=0 rank=  2 frozen=false
mp2_pair21           number=1 rank=  0 frozen=true
mp2_pair22           number=2 rank=  2 frozen=false
number of pairs=3
average rank   =1 (1.33333e+00)
largest rank   =2
saving vector of functions mp2_pair11
saving vector of functions mp2_pair22
timer:                        save pnos on disc     0.01s     0.01s 
exiting: Iterations converged
PNO ranks:
PNO Rank for pair pair11 = 2
PNO Rank for pair pair21 = 0
PNO Rank for pair pair22 = 2
average rank 1.33333e+00
timer:                               PNO::solve    11.94s    11.94s 

--------------------------------
ITERATE-PAIRS-INTERNAL-ENDED
--------------------------------
mp2_pair21 converged!


Adaptive Sovler:
 Current Energy=-2.9539810029e-02
 DeltaE        =-2.9539810029e-02
 max dE (pair) =-1.5296700401e-02 (2)
 all_pairs_conv=false




not converged yet

freeze pair mp2_pair21 (not further optimized: Energy below 1.0000000000e-05)
Maximum Rank of2 reached for all non-frozen pairs, no need to iterate further=======================================================

Final MP2 Energies

=======================================================
    i    j      singlet      triplet        Total
=======================================================
    1    1  -1.42431e-02  0.00000e+00 -1.42431e-02
    2    1   0.00000e+00  0.00000e+00  0.00000e+00
    2    2  -1.52967e-02  0.00000e+00 -1.52967e-02
=======================================================
Final MP2 Energies (singlet): -2.95398e-02
Final MP2 Energies (triplet):  0.00000e+00
Final MP2 Energies (total)  : -2.95398e-02
=======================================================
-------------------------------------------
Total Reg Energy  =-2.95398e-02
Total F12 Energy  = 0.00000e+00
Sum Energies Total=-2.95398e-02
-------------------------------------------
Average | Max Rank: 1 | 2



--------------------------------------------------
MRA-PNO-MP2-F12 ended 
--------------------------------------------------
                 time scf = 1.54044e+01
               energy scf = -1.57403e+01
--------------------------------------------------
restarting PNO to reload pairs that converged before and were frozen
PNO Parameters
pno
       rank_increase  15         # default   maximum rank to increase in every macroiteration
               chunk  100        # default   chunk of functions operated on in parallel when G or K is applied (prevent memory shortage)
               debug  false      # default   debug mode
              freeze  1          # derived   frozen core approximation
             maxrank  2          # defined   maximal pno rank for all pairs
           guesstype  exop       # derived   the guesstype: exop (recommended, multiply polynomial excitation operators onto the occupied orbitals), empty (don't compute a guess), scf (use the ao basis from the SCF solver), partial_wave (create s,p,d ..., type functions and place on atoms), predefined (same as partial_wave but for predefined sets)
                exop  multipole  # derived   this string defines which excitation operators can be used, use 'dipole', 'dipole+', 'quadrupole', 'ocopole', or 'multipole', need to set guesstype to 'exop' which is the default
          exop_trigo  true       # default   use trigonometric excitation operators ( x --> sin(x)
        partial_wave             # default   atom centered partial wave guess of format like 'h-2s1p-o-3s2p1d', need to set guesstype to 'partial_wave' and adaptive_solver to 'none'
          predefined             # default   predefined partial wave guesses of type pvxz with x=d,t,q,5,6, need to set guesstype to 'predefined' and adaptive_solver to 'none'
           maxiter_t  100        # default   maximal number of iterations in the amplitude solver
       maxiter_micro  10         # default   Maximum of iterations for every cycle in the adaptive solver
       maxiter_macro  10         # default   Maximum of iterations of cycles in the adaptive solver
                tpno  1.0000e-08 # default   PNO cutoff threshold
          tpno_tight  1.0000e-10 # derived   PNO cutoff for the first iteration
    canonicalize_pno  true       # default   canonicalize the pnos before the amplitude solver
              thresh  1.0000e-04 # defined   MRA threshold
         econv_micro  1.0000e-04 # derived   Energy convergence for microiterations (Greens function based optimization) in adaptive solver
         econv_pairs  1.0000e-05 # derived   ENergy convergence for individual pairs in adaptive solver. Converged pairs are frozen automatically
         econv_macro  1.0000e-04 # derived   Energy convergence for macroiterations in adaptive solver, no effect if adaptive_solver is deactivated
               dconv  1.0000e-01 # default   convergence of every PNO in the Green's function solver
           op_thresh  1.0000e-06 # default   MRA operator thresh
             restart  all        # defined   restart pairs of this type, use 'mp2', 'cispd', 'all' or 'none'
          no_compute  none       # default   do not compute the pairs of this type, use 'mp2', 'cispd', 'all' or 'none'
              no_opt  all        # defined   do not optimize the pnos of this type, use 'mp2', 'cispd', 'all' or 'none'
            no_guess  all        # defined   guess for this type will be empty, use 'mp2', 'cispd', 'all' or 'none'
     adaptive_solver  none       # defined   Use adaptive solver for those pairs, use 'mp2', 'cispd', 'all' or 'none', works only in combination with guesstype 'exop'
                kain  true       # default   use KAIN solver in amplitude solver
       kain_subspace  5          # default   subspace size of the KAIN solver (amplitudes)
                 f12  false      # defined   use explicit correlation
        cispd_number  -1         # default   CIS(D) excitation numbers, to read in correct functions
        cispd_energy  0.0000e+00 # default   CIS energy
        freeze_pairs  none       # default   frozen pairs will not be optimized: Expected format 'a b c d' will freeze pairs ab and cd
freeze_pairs_of_orbital  []         # default    All pairs which originate from this orbital will not be optimized
active_pairs_of_orbital  []         # default    All pairs which originate from this orbital will not be frozen all other pairs will, if this vector is not empty
no_opt_in_first_iteration  false      # default   Do not optimize in the first iteration (then the potentials do not have to be evaluated, use this for large guesses)
            exchange  full       # default   approximate exchange with 'neglect' or xc functional -> same syntax as moldft
           save_pnos  true       # default   Save the OBS-PNOs to a file, before and after orthonormalization.
            diagonal  true       # defined   Compute only diagonal PNOs

end

**********************
Solve PNO-MP2
*********************


**********************
Iterate Pairs
*********************


************************
Standard Solver
***********************

Initializing Pairs:
Restart demanded for mp2 pairs
loading vector of functions mp2_pair11
Found PNOs for mp2_pair11 with rank 2
loading vector of functions mp2_pair21
failed to find PNO mp2_pair21 initialize as zero function
nloading vector of functions mp2_pair22
Found PNOs for mp2_pair22 with rank 2
no guess was explicitly demanded for mp2

timer:                                     RRCD     0.01s     0.01s 
timer:                             MRA compress     0.00s     0.00s 
timer:                          Transform Pairs     0.01s     0.01s 
timer:          apply Q and orthonormalize PNOs     0.05s     0.05s 
Created Guess:
pair11 with 2 guess functions
pair21 with 0 guess functions
pair22 with 2 guess functions
guess pair11 size: 2.5759935379e-03 | 2.5759935379e-03 Gbyte (after truncation)
guess pair22 size: 2.5759935379e-03 | 2.5759935379e-03 Gbyte (after truncation)
timer:                           truncate guess     0.00s     0.00s 
timer:                         Initialize Pairs     0.06s     0.06s 
Information About All Pairs:
mp2_pair11           number=0 rank=  2 frozen=false
mp2_pair21           number=1 rank=  0 frozen=true
mp2_pair22           number=2 rank=  2 frozen=false
number of pairs=3
average rank   =1 (1.3333333333e+00)
largest rank   =2
SolveInternal: Parameters are assigned as
no_compute        = false
no_opt            = true
restart           = true
do_cispd          = false
econv             =1.0000000000e-04
maxrank (min,max) = (2,2)
Solving MP2 doubles
timer:          fock matrix     0.35s     0.35s
Information About All Pairs:
mp2_pair11           number=0 rank=  2 frozen=false
mp2_pair21           number=1 rank=  0 frozen=true
mp2_pair22           number=2 rank=  2 frozen=false
number of pairs=3
average rank   =1 (1.3333333333e+00)
largest rank   =2
PNOPairs Memory Information
Total: 0.0051519871 GB 
PNO  : 0.0051519871 GB 
KPNO : 0.0000000000 GB 
W    : 0.0000000000 GB 

timer:                                 truncate     0.00s     0.00s 
wall time=29.5312128067 chunk=4 allK.size()=4 memory=0.0053155422 GB
timer:                             compute KPNO     0.47s     0.47s 
wall time=29.5415539742 chunk=4 allJ.size()=4 memory=0.0055608749 GB
timer:                             compute JPNO     0.01s     0.01s 
timer:                    compute Fock matrices     0.19s     0.19s 
timer:                             MRA compress     0.00s     0.00s 
timer:                          Transform Pairs     0.01s     0.01s 
timer:                             Canonicalize     0.01s     0.01s 
PNOPairs Memory Information
Total: 0.0104675293 GB 
PNO  : 0.0051519871 GB 
KPNO : 0.0053155422 GB 
W    : 0.0000000000 GB 

timer:                                 truncate     0.00s     0.00s 
mp2_pair21 is frozen: potential not computed
timer:                   Fluctuation Potentials     0.28s     0.28s 
timer:                       Fluctuation Matrix     0.03s     0.03s 
PNOPairs Memory Information
Total: 0.0183181763 GB 
PNO  : 0.0051519871 GB 
KPNO : 0.0053155422 GB 
W    : 0.0078506470 GB 

PNOPairs Memory Information
Total: 0.0183181763 GB 
PNO  : 0.0051519871 GB 
KPNO : 0.0053155422 GB 
W    : 0.0078506470 GB 

timer:                                 truncate     0.00s     0.00s 
timer:                             PNO Overlaps     0.02s     0.02s 
t_iter =  0  Hylleraas energy =  0.0000000000  ||R||_F =  0.2376486649  conv =  no
subspace solution [*]   1.00000000

t_iter =  1  Hylleraas energy =  -0.0295399268  ||R||_F =  0.0000000000  conv =  yes
=======================================================

Hylleraas MP2 Energies

=======================================================
    i    j      singlet      triplet        Total
=======================================================
    1    1  -1.42431e-02  0.00000e+00 -1.42431e-02
    2    1   0.00000e+00  0.00000e+00  0.00000e+00
    2    2  -1.52968e-02  0.00000e+00 -1.52968e-02
=======================================================
Hylleraas MP2 Energies (singlet): -2.95399e-02
Hylleraas MP2 Energies (triplet):  0.00000e+00
Hylleraas MP2 Energies (total)  : -2.95399e-02
=======================================================
-------------------------------------------
Total Reg Energy  =-2.95399e-02
Total F12 Energy  = 0.00000e+00
Sum Energies Total=-2.95399e-02
-------------------------------------------
timer:                         Solve Amplitudes     0.00s     0.00s 
No optimization untill now: Compressing pno ranks with tighter threshold
1.00000e-10 instead of 1.00000e-08
pair11: density evals:
 [*]   0.00453602   0.00936724

pair22: density evals:
 [*]   0.00443776   0.01277455

timer:                            compress PNOs     0.00s     0.00s 
timer:                             MRA compress     0.00s     0.00s 
timer:                          Transform Pairs     0.02s     0.02s 
timer:                          PNO Compression     0.02s     0.02s 
Information About All Pairs:
mp2_pair11           number=0 rank=  2 frozen=false
mp2_pair21           number=1 rank=  0 frozen=true
mp2_pair22           number=2 rank=  2 frozen=false
number of pairs=3
average rank   =1 (1.33333e+00)
largest rank   =2
saving vector of functions mp2_pair11
saving vector of functions mp2_pair22
timer:                        save pnos on disc     0.01s     0.01s 
exiting: Found no_opt keyword
PNO ranks:
PNO Rank for pair pair11 = 2
PNO Rank for pair pair21 = 0
PNO Rank for pair pair22 = 2
average rank 1.33333e+00
timer:                               PNO::solve     1.41s     1.41s 

--------------------------------
ITERATE-PAIRS-INTERNAL-ENDED
--------------------------------
=======================================================

Final MP2 Energies

=======================================================
    i    j      singlet      triplet        Total
=======================================================
    1    1  -1.42431e-02  0.00000e+00 -1.42431e-02
    2    1   0.00000e+00  0.00000e+00  0.00000e+00
    2    2  -1.52968e-02  0.00000e+00 -1.52968e-02
=======================================================
Final MP2 Energies (singlet): -2.95399e-02
Final MP2 Energies (triplet):  0.00000e+00
Final MP2 Energies (total)  : -2.95399e-02
=======================================================
-------------------------------------------
Total Reg Energy  =-2.95399e-02
Total F12 Energy  = 0.00000e+00
Sum Energies Total=-2.95399e-02
-------------------------------------------
Average | Max Rank: 1 | 2
                 time pno = 1.29929e+01
               energy mp2 = -2.95399e-02
     average pno rank mp2 = 1
         max pno rank mp2 = 2
--------------------------------------------------
            energy(total) = -1.57698e+01
--------------------------------------------------



Orthonormalization technique used: symmetric
No CABS used.
Tightening thresholds to +0.00010000 for post-processing
adding pair11
skipping pair (not diagonal) pair21
adding pair22
Overlap Matrix of all PNOs:
+1.00000555 +0.24213398 
+0.24213398 +1.00000410 
Before cherry pick
rank is +0
all used occupation numbers:
[+0.01277455 +0.00936724 ]
corresponding to active pairs:
[(1,1) (0,0) ]
After cherry pick
all used occupation numbers:
[+0.01277455 +0.00936724 ]
corresponding to active pairs:
[(1,1) (0,0) ]
Overlap Matrix before symmetric
[+0,*]  +1.00000555  +0.24213398
[+1,*]  +0.24213398  +1.00000410
Overlap Matrix after symmetric
[+0,*]  +1.00000000  -0.00000000
[+1,*]  -0.00000000  +1.00000000
Adding 3 HF orbitals
Size before adding CABS: 5.
Size after adding CABS: 5.
Compute G and F Tensor:
Assemble g,f using symmetries...
non zero elements:
 g : +1185
 h : +25
Overlap over whole basis
[+0,*]  +1.00000000  -0.00000278  -0.00000065  +0.00000809  +0.00000476
[+1,*]  -0.00000278  +1.00000000  -0.00000021  +0.00000143  +0.00000086
[+2,*]  -0.00000065  -0.00000021  +1.00000000  +0.00000106  +0.00000061
[+3,*]  +0.00000809  +0.00000143  +0.00000106  +1.00000000  -0.00000000
[+4,*]  +0.00000476  +0.00000086  +0.00000061  -0.00000000  +1.00000000

||S-1||=+0.00001419
finished at time 32.9

    Parallel environment
    --------------------
                  #nodes    1
       #threads per node    11+main = 12
          #total threads    12

  RMI message statistics (min / avg / max)
  ----------------------
   #messages in server q    0.00e+00 / 0.00e+00 / 0.00e+00
 #messages sent per node    0.00e+00 / 0.00e+00 / 0.00e+00
    #bytes sent per node    0.00e+00 / 0.00e+00 / 0.00e+00
 #messages recv per node    0.00e+00 / 0.00e+00 / 0.00e+00
    #bytes recv per node    0.00e+00 / 0.00e+00 / 0.00e+00
        #msgs systemwide    0.00e+00
       #bytes systemwide    0.00e+00

  Thread pool statistics (min / avg / max)
  ----------------------
         #tasks per node    1.01e+07 / 1.01e+07 / 1.01e+07
     #max q len per node    3.56e+03 / 3.56e+03 / 3.56e+03
  #hi-pri tasks per node    3.36e+06 / 3.36e+06 / 3.36e+06

         Total wall time    32.8s
         Total  cpu time    32.8s

