MADNESS runtime initialized with 11 threads in the pool and affinity -1 -1 -1
starting at time 0.0

--------------------------------------------
   MADNESS 0.10.1 multiresolution suite
--------------------------------------------

   number of processors ... 1
    processor frequency ... 3.695782e+09
            host system ... Linux
          configured by ... kottmann
          configured on ... wittgenstein
          configured at ... 2021-02-10T21:25:26
                    CXX ... /usr/bin/c++
               CXXFLAGS ... -O3 -DNDEBUG -I/h/28/kottmann/install/numcpp/include/ -I/h/28/kottmann/install/boost/boost_1_72_0/include/ -std=c++1z
             tuning for ... default
                    MPI ... multiple
 multi-threaded runtime ... MADNESS ThreadPool
                   BLAS ... Intel MKL 45024 45024 MFLOP/s
               compiled ... 13:08:26  on  Feb 23 2021


-------------------------------------------------------------------------------------
SOLVING MRA-PNO-F12 as described in 
J.S. Kottmann, F.A. Bischoff, E.F. Valeev
Direct determination of optimal pair-natural orbitals in a real-space representation:
the second-order Møller-Plesset energy
Journal of Chemical Physics ... 2020
-------------------------------------------------------------------------------------


This script will run PNO-MP2 and print out tensors in binary
Call as: pno_integrals inputfileinput is input
ignoring unknown parameter in input file:  ncf

Angstrom being used to read input coordinates (1 Bohr = 1.88972613 Angstrom)


Asymptotic correction parameters
---------------------------------------
Atom vector is not empty: false
Using multipole approximation: false
Number of electrons = -1
Ionisation energy = 0.000000e+00
E(HOMO) = 0.000000e+00
R1 = 3.000000e+00
R2 = 4.000000e+00
DFT coefficient = 0.000000e+00
Interpolation scheme = linear
constructed symmetry operator for point group C1
dft
              charge  0.0000e+00 # defined   total molecular charge
                  xc  hf         # defined   XC input line
               smear  0.0000e+00 # default   smearing parameter
               econv  1.0000e-04 # defined   energy convergence
               dconv  5.0000e-04 # defined   density convergence
convergence_criteria  [bsh_residual, total_energy] # default   possible values are: bsh_residual, total_energy, each_energy, density
                   k  7          # defined   polynomial order
                   l  5.4504e+01 # derived   user coordinates box size
               deriv  abgv       # default   derivative method                            [abgv, bspline, ble]
           dft_deriv  abgv       # default   derivative method for gga potentials         [abgv, bspline, ble]
             maxrotn  2.5000e-01 # default   step restriction used in autoshift algorithm
             nvalpha  0          # default   number of alpha virtuals to compute
              nvbeta  0          # default   number of beta virtuals to compute
               nopen  0          # default   number of unpaired electrons = nalpha-nbeta
             maxiter  25         # default   maximum number of iterations
                 nio  1          # default   no. of io servers to use
     spin_restricted  true       # default   true if spin restricted
              plotlo  0          # default   range of MOs to print (for both spins if polarized
              plothi  -1         # default   range of MOs to print (for both spins if polarized
            plotdens  false      # default   If true print the density at convergence
            plotcoul  false      # default   If true plot the total coulomb potential at convergence
            localize  boys       # defined   localization method                          [pm, boys, new, canon]
          pointgroup  c1         # derived   use point (sub) group symmetry if not localized[c1, c2, ci, cs, c2v, c2h, d2, d2h]
             restart  false      # default   if true restart from orbitals on disk
           restartao  false      # default   if true restart from orbitals projected into AO basis (STO3G) on disk
          no_compute  false      # default   if true use orbitals on disk, set value to computed
           no_orient  false      # default   if true the molecule coordinates will not be reoriented
                save  true       # default   if true save orbitals to disk
              maxsub  10         # default   size of iterative subspace ... set to 0 or 1 to disable
        orbitalshift  0.0000e+00 # default   scf orbital shift: shift the occ orbitals to lower energies
            npt_plot  101        # default   no. of points to use in each dim for plots
           plot_cell  []         # default   lo hi in each dimension for plotting (default is all space)
             aobasis  6-31g      # derived   AO basis used for initial guess (6-31g or sto-3g)
           core_type  none       # default   core potential type                          [none, mpc]
         derivatives  false      # default   if true calculate nuclear derivatives
              dipole  false      # default   if true calculate dipole moment
      conv_only_dens  false      # default   if true remove bsh_residual from convergence criteria (deprecated)
            psp_calc  false      # default   pseudopotential calculation for all atoms
 print_dipole_matels  false      # default   if true output dipole matrix elements
            pcm_data  none       # default   do a PCM (solvent) calculation
             ac_data  none       # default   do a calculation with asymptotic correction (see ACParameters class in chem/AC.h for details)
             pure_ae  true       # default   pure all electron calculation with no pseudo-atoms
         print_level  3          # default   0: no output; 1: final energy; 2: iterations; 3: timings; 10: debug
              nalpha  3          # derived   number of alpha spin electrons
               nbeta  3          # derived   number of beta  spin electrons
           nmo_alpha  3          # derived   number of alpha spin molecular orbitals
            nmo_beta  3          # derived   number of beta spin molecular orbitals
                  lo  9.0905e-04 # derived   smallest length scale we need to resolve
            protocol  [1.0000e-04, 1.0000e-06] # derived   calculation protocol
                gopt  false      # default   geometry optimizer
                gtol  1.0000e-04 # default   geometry tolerance
               gtest  false      # default   geometry tolerance
                gval  1.0000e-05 # default   value precision
               gprec  1.0000e-04 # default   gradient precision
            gmaxiter  20         # default   optimization maxiter
    ginitial_hessian  false      # default   compute inital hessian for optimization
              algopt  bfgs       # default   algorithm used for optimization              [bfgs, cg]
            tdksprop  false      # default   time-dependent Kohn-Sham equation propagate
           nv_factor  1          # default   factor to multiply number of virtual orbitals with when automatically decreasing nvirt
           vnucextra  2          # default   load balance parameter for nuclear pot
        loadbalparts  2          # default   ??
            response  false      # default   response function calculation
       response_freq  0.0000e+00 # default   frequency for calculation response function
       response_axis  [1, 1, 1]  # default   response axis
           nonrotate  false      # default   if true do not molcule orient (redundant with no_orient
               rconv  1.0000e-06 # default   Response convergence
              efield  0.0000e+00 # default   eps for finite field
         efield_axis  0          # default   finite field axis                            [0, 1, 2]
              nwfile  none       # default   Base name of nwchem output files (.out and .movecs extensions) to read from
                 ncf  (none,1.0000e+00) # defined   nuclear correlation factor
             hessian  false      # default   compute the hessian matrix
           read_cphf  false      # default   read the converged orbital response for nuclear displacements from file
        restart_cphf  false      # default   read the guess orbital response for nuclear displacements from file
      purify_hessian  false      # default   symmetrize the hessian matrix based on atomic charges

end
              charge  0.0000e+00 # defined   total molecular charge
                  xc  hf         # defined   XC input line
               smear  0.0000e+00 # default   smearing parameter
               econv  1.0000e-04 # defined   energy convergence
               dconv  5.0000e-04 # defined   density convergence
convergence_criteria  [bsh_residual, total_energy] # default   possible values are: bsh_residual, total_energy, each_energy, density
                   k  7          # defined   polynomial order
                   l  5.4504e+01 # derived   user coordinates box size
               deriv  abgv       # default   derivative method                            [abgv, bspline, ble]
           dft_deriv  abgv       # default   derivative method for gga potentials         [abgv, bspline, ble]
             maxrotn  2.5000e-01 # default   step restriction used in autoshift algorithm
             nvalpha  0          # default   number of alpha virtuals to compute
              nvbeta  0          # default   number of beta virtuals to compute
               nopen  0          # default   number of unpaired electrons = nalpha-nbeta
             maxiter  25         # default   maximum number of iterations
                 nio  1          # default   no. of io servers to use
     spin_restricted  true       # default   true if spin restricted
              plotlo  0          # default   range of MOs to print (for both spins if polarized
              plothi  -1         # default   range of MOs to print (for both spins if polarized
            plotdens  false      # default   If true print the density at convergence
            plotcoul  false      # default   If true plot the total coulomb potential at convergence
            localize  boys       # defined   localization method                          [pm, boys, new, canon]
          pointgroup  c1         # derived   use point (sub) group symmetry if not localized[c1, c2, ci, cs, c2v, c2h, d2, d2h]
             restart  false      # default   if true restart from orbitals on disk
           restartao  false      # default   if true restart from orbitals projected into AO basis (STO3G) on disk
          no_compute  false      # default   if true use orbitals on disk, set value to computed
           no_orient  false      # default   if true the molecule coordinates will not be reoriented
                save  true       # default   if true save orbitals to disk
              maxsub  10         # default   size of iterative subspace ... set to 0 or 1 to disable
        orbitalshift  0.0000e+00 # default   scf orbital shift: shift the occ orbitals to lower energies
            npt_plot  101        # default   no. of points to use in each dim for plots
           plot_cell  []         # default   lo hi in each dimension for plotting (default is all space)
             aobasis  6-31g      # derived   AO basis used for initial guess (6-31g or sto-3g)
           core_type  none       # default   core potential type                          [none, mpc]
         derivatives  false      # default   if true calculate nuclear derivatives
              dipole  false      # default   if true calculate dipole moment
      conv_only_dens  false      # default   if true remove bsh_residual from convergence criteria (deprecated)
            psp_calc  false      # default   pseudopotential calculation for all atoms
 print_dipole_matels  false      # default   if true output dipole matrix elements
            pcm_data  none       # default   do a PCM (solvent) calculation
             ac_data  none       # default   do a calculation with asymptotic correction (see ACParameters class in chem/AC.h for details)
             pure_ae  true       # default   pure all electron calculation with no pseudo-atoms
         print_level  3          # default   0: no output; 1: final energy; 2: iterations; 3: timings; 10: debug
              nalpha  3          # derived   number of alpha spin electrons
               nbeta  3          # derived   number of beta  spin electrons
           nmo_alpha  3          # derived   number of alpha spin molecular orbitals
            nmo_beta  3          # derived   number of beta spin molecular orbitals
                  lo  9.0905e-04 # derived   smallest length scale we need to resolve
            protocol  [1.0000e-04, 1.0000e-06] # derived   calculation protocol
                gopt  false      # default   geometry optimizer
                gtol  1.0000e-04 # default   geometry tolerance
               gtest  false      # default   geometry tolerance
                gval  1.0000e-05 # default   value precision
               gprec  1.0000e-04 # default   gradient precision
            gmaxiter  20         # default   optimization maxiter
    ginitial_hessian  false      # default   compute inital hessian for optimization
              algopt  bfgs       # default   algorithm used for optimization              [bfgs, cg]
            tdksprop  false      # default   time-dependent Kohn-Sham equation propagate
           nv_factor  1          # default   factor to multiply number of virtual orbitals with when automatically decreasing nvirt
           vnucextra  2          # default   load balance parameter for nuclear pot
        loadbalparts  2          # default   ??
            response  false      # default   response function calculation
       response_freq  0.0000e+00 # default   frequency for calculation response function
       response_axis  [1, 1, 1]  # default   response axis
           nonrotate  false      # default   if true do not molcule orient (redundant with no_orient
               rconv  1.0000e-06 # default   Response convergence
              efield  0.0000e+00 # default   eps for finite field
         efield_axis  0          # default   finite field axis                            [0, 1, 2]
              nwfile  none       # default   Base name of nwchem output files (.out and .movecs extensions) to read from



 geometry
   eprec 1.0e-06
   units atomic
   Be            0.00000000           0.00000000           0.40944066
   H             0.00000000           0.00000000           2.86608463
   H             0.00000000           0.00000000          -4.50384728
 end

Solving NDIM= 3  with thresh 1.000000e-04     k 7    conv 5.000000e-04 

timer:     Project vnuclear     0.63s     0.63s
constructed nuclear correlation factor of the form
    R   =  1.000000e+00
with eprec  1.000000e-06
which means it's (nearly) a conventional calculation

timer:        reproject ncf     1.70s     1.70s
timer:        guess density     0.54s     0.54s
timer:   guess Coulomb potn     0.45s     0.45s
timer:       guess lda potn     0.30s     0.30s
timer:        guess overlap     0.03s     0.03s
timer:    KEmat reconstruct     0.06s     0.06s
timer:  KEmat differentiate     0.26s     0.26s
timer:       KEmat compress     0.13s     0.13s
timer: KEmat inner products     0.25s     0.25s
timer:     guess Kinet potn     0.69s     0.69s
timer:           guess fock     0.51s     0.51s
timer:      guess eigen sol     0.04s     0.04s
timer: guess orbital groupi     0.16s     0.16s

starting protocol at time      7.3s 
precision steps  1.000000e-04  -->  1.000000e-04
protocol: thresh 1.000000e-04 econv  1.000000e-04 dconv 5.000000e-04

ending protocol at time      7.3s 

Solving NDIM= 3  with thresh 1.000000e-04     k 7    conv 5.000000e-04 

timer:        Boys localize     0.93s     0.93s
orbital irreps []
timer:      reconstruct psi     0.14s     0.14s
timer:        compute Jnemo     0.65s     0.65s
timer:        compute Knemo     2.00s     2.00s
timer: compute Unemo 0.0151     0.21s     0.21s

  nuclear and kinetic     -25.05328966
         kinetic only      15.50458189
              coulomb      10.22223718
             exchange      -3.34845737
    nuclear-repulsion       2.57804281
   regularized energy     -15.60146703
  buggy if hybrid functionals are used..
timer:       compute energy     3.39s     3.39s
Norm of vector changes ab spin case : rms 7.340308e-02    max 1.186513e-01
convergence: bshresidual, energy change, max energy change, density change 8.4e-02 1.6e+01 1.6e+01 1.4e+00
finished iteration  0 at time     19.7s with energy  -15.60146703
timer:        Boys localize     1.02s     1.02s
orbital irreps []
timer:      reconstruct psi     0.14s     0.14s
timer:        compute Jnemo     0.66s     0.66s
timer:        compute Knemo     2.02s     2.02s
timer: compute Unemo 0.0151     0.20s     0.20s

  nuclear and kinetic     -25.10621495
         kinetic only      15.40990280
              coulomb      10.19124163
             exchange      -3.30245376
    nuclear-repulsion       2.57804281
   regularized energy     -15.63938427
  buggy if hybrid functionals are used..
timer:       compute energy     3.38s     3.38s
Norm of vector changes ab spin case : rms 2.716759e-02    max 4.269589e-02
convergence: bshresidual, energy change, max energy change, density change 2.1e-02 3.8e-02 9.5e-02 1.2e-02
finished iteration  1 at time     32.2s with energy  -15.63938427
timer:        Boys localize     0.97s     0.97s
orbital irreps []
timer:      reconstruct psi     0.15s     0.15s
timer:        compute Jnemo     0.67s     0.67s
timer:        compute Knemo     1.87s     1.87s
timer: compute Unemo 0.0151     0.21s     0.21s

  nuclear and kinetic     -25.14086559
         kinetic only      15.39743871
              coulomb      10.20783241
             exchange      -3.28857351
    nuclear-repulsion       2.57804281
   regularized energy     -15.64356388
  buggy if hybrid functionals are used..
timer:       compute energy     3.50s     3.50s
Norm of vector changes ab spin case : rms 8.562779e-03    max 1.397113e-02
convergence: bshresidual, energy change, max energy change, density change 4.9e-03 4.2e-03 3.5e-02 3.6e-03
finished iteration  2 at time     44.9s with energy  -15.64356388
timer:        Boys localize     1.03s     1.03s
orbital irreps []
timer:      reconstruct psi     0.16s     0.16s
timer:        compute Jnemo     0.74s     0.74s
timer:        compute Knemo     2.04s     2.04s
timer: compute Unemo 0.0151     0.31s     0.31s

  nuclear and kinetic     -25.16106463
         kinetic only      15.39691462
              coulomb      10.22401371
             exchange      -3.28495818
    nuclear-repulsion       2.57804281
   regularized energy     -15.64396629
  buggy if hybrid functionals are used..
timer:       compute energy     3.46s     3.46s
Norm of vector changes ab spin case : rms 3.831766e-03    max 6.222792e-03
convergence: bshresidual, energy change, max energy change, density change 1.8e-03 4.0e-04 2.0e-02 9.2e-04
finished iteration  3 at time     58.2s with energy  -15.64396629
timer:        Boys localize     0.86s     0.86s
orbital irreps []
timer:      reconstruct psi     0.16s     0.16s
timer:        compute Jnemo     0.63s     0.63s
timer:        compute Knemo     1.86s     1.86s
timer: compute Unemo 0.0151     0.19s     0.19s

  nuclear and kinetic     -25.16927207
         kinetic only      15.39709453
              coulomb      10.23151635
             exchange      -3.28430852
    nuclear-repulsion       2.57804281
   regularized energy     -15.64402143
  buggy if hybrid functionals are used..
timer:       compute energy     3.32s     3.32s
Norm of vector changes ab spin case : rms 9.141706e-04    max 1.178572e-03
convergence: bshresidual, energy change, max energy change, density change 4.9e-04 5.5e-05 8.2e-03 3.1e-04
finished iteration  4 at time     71.0s with energy  -15.64402143

Iterations converged


ending protocol at time     71.2s 

 Dipole Moment (a.u.)
 -----------

     x:  2.608255e-14
     y:  1.948863e-14
     z:  1.147704e+00
 Total Dipole Moment:  1.147704e+00 

timer:               dipole     0.05s     0.05s
Nemo Orbital Energies: [*]  -4.78376392  -0.52782437  -0.32583992

nemo energy:  -1.564402e+01
 at time 72.6
PNO Integrals evaluated as:
pnoint
       rank_increase  15         # default   maximum rank to increase in every macroiteration
               chunk  100        # default   chunk of functions operated on in parallel when G or K is applied (prevent memory shortage)
               debug  false      # default   debug mode
              freeze  1          # derived   frozen core approximation
             maxrank  4          # defined   maximal pno rank for all pairs
           guesstype  exop       # derived   the guesstype: exop (recommended, multiply polynomial excitation operators onto the occupied orbitals), empty (don't compute a guess), scf (use the ao basis from the SCF solver), partial_wave (create s,p,d ..., type functions and place on atoms), predefined (same as partial_wave but for predefined sets)
                exop  multipole  # derived   this string defines which excitation operators can be used, use 'dipole', 'dipole+', 'quadrupole', 'ocopole', or 'multipole', need to set guesstype to 'exop' which is the default
          exop_trigo  true       # default   use trigonometric excitation operators ( x --> sin(x)
        partial_wave             # default   atom centered partial wave guess of format like 'h-2s1p-o-3s2p1d', need to set guesstype to 'partial_wave' and adaptive_solver to 'none'
          predefined             # default   predefined partial wave guesses of type pvxz with x=d,t,q,5,6, need to set guesstype to 'predefined' and adaptive_solver to 'none'
           maxiter_t  100        # default   maximal number of iterations in the amplitude solver
       maxiter_micro  10         # default   Maximum of iterations for every cycle in the adaptive solver
       maxiter_macro  10         # default   Maximum of iterations of cycles in the adaptive solver
                tpno  1.0000e-08 # default   PNO cutoff threshold
          tpno_tight  1.0000e-10 # derived   PNO cutoff for the first iteration
    canonicalize_pno  true       # default   canonicalize the pnos before the amplitude solver
              thresh  1.0000e-04 # defined   MRA threshold
         econv_micro  1.0000e-04 # derived   Energy convergence for microiterations (Greens function based optimization) in adaptive solver
         econv_pairs  1.0000e-05 # derived   ENergy convergence for individual pairs in adaptive solver. Converged pairs are frozen automatically
         econv_macro  1.0000e-04 # derived   Energy convergence for macroiterations in adaptive solver, no effect if adaptive_solver is deactivated
               dconv  1.0000e-01 # default   convergence of every PNO in the Green's function solver
           op_thresh  1.0000e-06 # default   MRA operator thresh
             restart  none       # derived   restart pairs of this type, use 'mp2', 'cispd', 'all' or 'none'
          no_compute  none       # default   do not compute the pairs of this type, use 'mp2', 'cispd', 'all' or 'none'
              no_opt  none       # default   do not optimize the pnos of this type, use 'mp2', 'cispd', 'all' or 'none'
            no_guess  none       # derived   guess for this type will be empty, use 'mp2', 'cispd', 'all' or 'none'
     adaptive_solver  all        # default   Use adaptive solver for those pairs, use 'mp2', 'cispd', 'all' or 'none', works only in combination with guesstype 'exop'
                kain  true       # default   use KAIN solver in amplitude solver
       kain_subspace  5          # default   subspace size of the KAIN solver (amplitudes)
                 f12  false      # defined   use explicit correlation
        cispd_number  -1         # default   CIS(D) excitation numbers, to read in correct functions
        cispd_energy  0.0000e+00 # default   CIS energy
        freeze_pairs  none       # default   frozen pairs will not be optimized: Expected format 'a b c d' will freeze pairs ab and cd
freeze_pairs_of_orbital  []         # default    All pairs which originate from this orbital will not be optimized
active_pairs_of_orbital  []         # default    All pairs which originate from this orbital will not be frozen all other pairs will, if this vector is not empty
no_opt_in_first_iteration  false      # default   Do not optimize in the first iteration (then the potentials do not have to be evaluated, use this for large guesses)
            exchange  full       # default   approximate exchange with 'neglect' or xc functional -> same syntax as moldft
           save_pnos  true       # default   Save the OBS-PNOs to a file, before and after orthonormalization.
            diagonal  true       # defined   Compute only diagonal PNOs
              orthog  symmetric  # defined   orthogonalization method for PNO basis, also current default for a potential CABS. options: symmetric, canonical, cholesky, rr_cholesky,
         orthog_cabs  default    # default   orthogonalization method for CABS basis. options: symmetric, canonical, cholesky, rr_cholesky, uses same as orbitals basis if default.
               n_pno  8          # defined   desired size of PNO-basis (orbital space)
         cabs_option  none       # default   type of complementary auxiliary basis to be used. can be none ~ no CABS, gbs ~ Gaussian basis set as CABS, requires input via auxbas_file, pno ~ use superfluous PNOs as CABS, mixed ~ gbs&pno-option
       pno_cabs_size  -1         # default   size of a potential pno-cabs. defaults to -1 ~ all remaining PNOs, if pno-cabs or mixed-cabs
           only_diag  false      # default   use only diagonal elements PNOs
         cherry_pick  []         # default   cherry pick option to choose particular set of PNOs, not just blindly by occupation number. can be useful, if only a restricted number of PNOs can be used, to avoid separating degenerate pairs. can be envoked by passing a vector via [ elem1, elem2, ... ]
               gamma  1.4000e+00 # default   The f12 length scale, here to be used to compute f12-integrals
         cabs_thresh  1.0000e-04 # derived    thresh for cabs part
              auxbas  none       # default   atom centered partial wave guess of format like 'h-2s1p-o-3s2p1d'
         auxbas_file  none       # default   Use external comp. aux. basis in addition to the pnos as auxbasis. Give the filename as parameter. Give the auxbas in turbomole format. Don't use contractions. If a file is specified the auxbas parameter has no effect
   print_pno_overlap  true       # default   Print overlap matrix at certain steps in computation, for debugging purposes.
              n_virt  0          # defined   Compute this number of virtuals and include them in the integral construction, experimental and not robust!.
      hardcore_boson  false      # default   compute only integrals for hardcore boson hamiltonian (restricted to double occupations)

end
F12 Operators initialized right
timer:                    Testing F12 Operators     0.63s     0.63s 
timer:  Initializing (active) Exchange Orbitals     2.05s     2.05s 
Size of active mos and their exchange potentials:
K(acmos)=2.657771e-03 Gbyte
acmos   =2.330661e-03 Gbyte
PNO Parameters
pno
       rank_increase  15         # default   maximum rank to increase in every macroiteration
               chunk  100        # default   chunk of functions operated on in parallel when G or K is applied (prevent memory shortage)
               debug  false      # default   debug mode
              freeze  1          # derived   frozen core approximation
             maxrank  4          # defined   maximal pno rank for all pairs
           guesstype  exop       # derived   the guesstype: exop (recommended, multiply polynomial excitation operators onto the occupied orbitals), empty (don't compute a guess), scf (use the ao basis from the SCF solver), partial_wave (create s,p,d ..., type functions and place on atoms), predefined (same as partial_wave but for predefined sets)
                exop  multipole  # derived   this string defines which excitation operators can be used, use 'dipole', 'dipole+', 'quadrupole', 'ocopole', or 'multipole', need to set guesstype to 'exop' which is the default
          exop_trigo  true       # default   use trigonometric excitation operators ( x --> sin(x)
        partial_wave             # default   atom centered partial wave guess of format like 'h-2s1p-o-3s2p1d', need to set guesstype to 'partial_wave' and adaptive_solver to 'none'
          predefined             # default   predefined partial wave guesses of type pvxz with x=d,t,q,5,6, need to set guesstype to 'predefined' and adaptive_solver to 'none'
           maxiter_t  100        # default   maximal number of iterations in the amplitude solver
       maxiter_micro  10         # default   Maximum of iterations for every cycle in the adaptive solver
       maxiter_macro  10         # default   Maximum of iterations of cycles in the adaptive solver
                tpno  1.0000e-08 # default   PNO cutoff threshold
          tpno_tight  1.0000e-10 # derived   PNO cutoff for the first iteration
    canonicalize_pno  true       # default   canonicalize the pnos before the amplitude solver
              thresh  1.0000e-04 # defined   MRA threshold
         econv_micro  1.0000e-04 # derived   Energy convergence for microiterations (Greens function based optimization) in adaptive solver
         econv_pairs  1.0000e-05 # derived   ENergy convergence for individual pairs in adaptive solver. Converged pairs are frozen automatically
         econv_macro  1.0000e-04 # derived   Energy convergence for macroiterations in adaptive solver, no effect if adaptive_solver is deactivated
               dconv  1.0000e-01 # default   convergence of every PNO in the Green's function solver
           op_thresh  1.0000e-06 # default   MRA operator thresh
             restart  none       # derived   restart pairs of this type, use 'mp2', 'cispd', 'all' or 'none'
          no_compute  none       # default   do not compute the pairs of this type, use 'mp2', 'cispd', 'all' or 'none'
              no_opt  none       # default   do not optimize the pnos of this type, use 'mp2', 'cispd', 'all' or 'none'
            no_guess  none       # derived   guess for this type will be empty, use 'mp2', 'cispd', 'all' or 'none'
     adaptive_solver  all        # default   Use adaptive solver for those pairs, use 'mp2', 'cispd', 'all' or 'none', works only in combination with guesstype 'exop'
                kain  true       # default   use KAIN solver in amplitude solver
       kain_subspace  5          # default   subspace size of the KAIN solver (amplitudes)
                 f12  false      # defined   use explicit correlation
        cispd_number  -1         # default   CIS(D) excitation numbers, to read in correct functions
        cispd_energy  0.0000e+00 # default   CIS energy
        freeze_pairs  none       # default   frozen pairs will not be optimized: Expected format 'a b c d' will freeze pairs ab and cd
freeze_pairs_of_orbital  []         # default    All pairs which originate from this orbital will not be optimized
active_pairs_of_orbital  []         # default    All pairs which originate from this orbital will not be frozen all other pairs will, if this vector is not empty
no_opt_in_first_iteration  false      # default   Do not optimize in the first iteration (then the potentials do not have to be evaluated, use this for large guesses)
            exchange  full       # default   approximate exchange with 'neglect' or xc functional -> same syntax as moldft
           save_pnos  true       # default   Save the OBS-PNOs to a file, before and after orthonormalization.
            diagonal  true       # defined   Compute only diagonal PNOs

end

**********************
Solve PNO-MP2
*********************


**********************
Iterate Pairs
*********************


************************
Adaptive Solver
***********************

Initializing empty Pairs:
no guess was explicitly demanded for mp2

timer:                                     RRCD     0.00s     0.00s 
timer:                             MRA compress     0.00s     0.00s 
timer:                          Transform Pairs     0.00s     0.00s 
timer:          apply Q and orthonormalize PNOs     0.00s     0.00s 
Created Guess:
pair11 with 0 guess functions
pair21 with 0 guess functions
pair22 with 0 guess functions
guess pair11 size: 0.0000000000e+00 | 0.0000000000e+00 Gbyte (after truncation)
guess pair22 size: 0.0000000000e+00 | 0.0000000000e+00 Gbyte (after truncation)
timer:                           truncate guess     0.00s     0.00s 
timer:                         Initialize Pairs     0.00s     0.00s 
Keyword multipole is not known
Guess protocol for adaptively growing ranks is: [dipole+, quadrupole, big_fock_3, big_fock_3, big_fock_3, big_fock_3, big_fock_3, big_fock_3, big_fock_3, big_fock_3]


--------Adaptive Solver Macroiteration 0 from max 10 ----------

Growing ranks with exop=dipole+
Create guess functions by multiplying plane-waves to 1 functions 
Created 4 virtuals for pair11
pair21 is frozen: no growing
Create guess functions by multiplying plane-waves to 1 functions 
Created 4 virtuals for pair22
frozen pair: no orthonormalization
timer:                                     RRCD     0.06s     0.06s 
timer:                             MRA compress     0.00s     0.00s 
timer:                          Transform Pairs     0.18s     0.18s 
timer:                        grow PNO subspace     1.83s     1.83s 
SolveInternal: Parameters are assigned as
no_compute        = false
no_opt            = false
restart           = false
do_cispd          = false
econv             =1.0000000000e-04
maxrank (min,max) = (4,4)
Solving MP2 doubles
timer:          fock matrix     2.76s     2.76s
Information About All Pairs:
mp2_pair11           number=0 rank=  4 frozen=false
mp2_pair21           number=1 rank=  0 frozen=true
mp2_pair22           number=2 rank=  4 frozen=false
number of pairs=3
average rank   =2 (2.6666666667e+00)
largest rank   =4
PNOPairs Memory Information
Total: 0.0098133087 GB 
PNO  : 0.0098133087 GB 
KPNO : 0.0000000000 GB 
W    : 0.0000000000 GB 

timer:                                 truncate     0.05s     0.05s 
wall time=85.8371019363 chunk=8 allK.size()=8 memory=0.0089137554 GB
timer:                             compute KPNO     3.93s     3.93s 
wall time=86.0232610703 chunk=8 allJ.size()=8 memory=0.0108764172 GB
timer:                             compute JPNO     0.19s     0.19s 
timer:                    compute Fock matrices     1.37s     1.37s 
timer:                             MRA compress     0.00s     0.00s 
timer:                          Transform Pairs     0.32s     0.32s 
timer:                             Canonicalize     0.32s     0.32s 
PNOPairs Memory Information
Total: 0.0183181763 GB 
PNO  : 0.0095679760 GB 
KPNO : 0.0087502003 GB 
W    : 0.0000000000 GB 

timer:                                 truncate     0.03s     0.03s 
mp2_pair21 is frozen: potential not computed
timer:                   Fluctuation Potentials     2.08s     2.08s 
timer:                       Fluctuation Matrix     0.16s     0.16s 
PNOPairs Memory Information
Total: 0.0322203636 GB 
PNO  : 0.0095679760 GB 
KPNO : 0.0087502003 GB 
W    : 0.0139021873 GB 

PNOPairs Memory Information
Total: 0.0322203636 GB 
PNO  : 0.0095679760 GB 
KPNO : 0.0087502003 GB 
W    : 0.0139021873 GB 

timer:                                 truncate     0.04s     0.04s 
timer:                             PNO Overlaps     0.07s     0.07s 
t_iter =  0  Hylleraas energy =  0.0000000000  ||R||_F =  0.1818942330  conv =  no
subspace solution [*]   1.00000000

t_iter =  1  Hylleraas energy =  -0.0287834988  ||R||_F =  0.0000000449  conv =  yes
=======================================================

Hylleraas MP2 Energies

=======================================================
    i    j      singlet      triplet        Total
=======================================================
    1    1  -1.27295e-02  0.00000e+00 -1.27295e-02
    2    1   0.00000e+00  0.00000e+00  0.00000e+00
    2    2  -1.60540e-02  0.00000e+00 -1.60540e-02
=======================================================
Hylleraas MP2 Energies (singlet): -2.87835e-02
Hylleraas MP2 Energies (triplet):  0.00000e+00
Hylleraas MP2 Energies (total)  : -2.87835e-02
=======================================================
-------------------------------------------
Total Reg Energy  =-2.87835e-02
Total F12 Energy  = 0.00000e+00
Sum Energies Total=-2.87835e-02
-------------------------------------------
timer:                         Solve Amplitudes     0.00s     0.00s 
No optimization untill now: Compressing pno ranks with tighter threshold
1.00000e-10 instead of 1.00000e-08
pair11: density evals:
 [*]   0.00328168   0.00418689   0.00418689   0.00500806

pair22: density evals:
 [*]   0.00301293   0.00364315   0.00364315   0.02870400

timer:                            compress PNOs     0.00s     0.00s 
timer:                             MRA compress     0.00s     0.00s 
timer:                          Transform Pairs     0.31s     0.31s 
timer:                          PNO Compression     0.31s     0.31s 
Information About All Pairs:
mp2_pair11           number=0 rank=  4 frozen=false
mp2_pair21           number=1 rank=  0 frozen=true
mp2_pair22           number=2 rank=  4 frozen=false
number of pairs=3
average rank   =2 (2.66667e+00)
largest rank   =4
saving vector of functions mp2_pair11
saving vector of functions mp2_pair22
timer:                        save pnos on disc     0.16s     0.16s 
PNOPairs Memory Information
Total: 0.03206 GB 
PNO  : 0.00957 GB 
KPNO : 0.00891 GB 
W    : 0.01358 GB 

timer:                                 truncate     0.07s     0.07s 
timer:      compute densities for G application     0.00s     0.00s 
pair21 is frozen: no optimization
timer:                Prepare for G application     0.44s     0.44s 
timer:                                    add K     0.03s     0.03s 
size of all Vpsi potentials (without Vnuc and J) 0.01120 GB 
time=91.88284 chunk=8 Vpsi+Vnuc+J=0.03018 GB
time=91.93214 chunk=8 Vpsi+Vnuc+J=0.02985 GB (after truncation)
timer:                           Apply G to all     2.93s     2.93s 
timer:                       apply Q and update     0.00s     0.00s 
mp2_pair11 residual norms:
[0.43921, 0.36181, 0.36181, 0.44650]
mp2_pair11 scaled residual norms:
[0.02516, 0.02341, 0.02341, 0.03160]
mp2_pair22 residual norms:
[0.44487, 0.36937, 0.36937, 0.36546]
mp2_pair22 scaled residual norms:
[0.02442, 0.02229, 0.02229, 0.06192]
timer:                          update all PNOs     3.41s     3.41s 
frozen pair: no orthonormalization
timer:                                     RRCD     0.01s     0.01s 
timer:                             MRA compress     0.00s     0.00s 
timer:                          Transform Pairs     0.11s     0.11s 
saving vector of functions mp2_pair11
saving vector of functions mp2_pair22
timer:                        save pnos on disc     0.16s     0.16s 


No convergence yet. Energy change = 0.02878

timer:                        Whole Iteration 1    12.54s    12.54s 
Information About All Pairs:
mp2_pair11           number=0 rank=  4 frozen=false
mp2_pair21           number=1 rank=  0 frozen=true
mp2_pair22           number=2 rank=  4 frozen=false
number of pairs=3
average rank   =2 (2.66667)
largest rank   =4
PNOPairs Memory Information
Total: 0.00973 GB 
PNO  : 0.00973 GB 
KPNO : 0.00000 GB 
W    : 0.00000 GB 

timer:                                 truncate     0.04s     0.04s 
wall time=98.25222 chunk=8 allK.size()=8 memory=0.00932 GB
timer:                             compute KPNO     3.80s     3.81s 
wall time=98.40332 chunk=8 allJ.size()=8 memory=0.01039 GB
timer:                             compute JPNO     0.15s     0.15s 
timer:                    compute Fock matrices     1.32s     1.32s 
timer:                             MRA compress     0.00s     0.00s 
timer:                          Transform Pairs     0.22s     0.22s 
timer:                             Canonicalize     0.22s     0.22s 
PNOPairs Memory Information
Total: 0.01848 GB 
PNO  : 0.00940 GB 
KPNO : 0.00908 GB 
W    : 0.00000 GB 

timer:                                 truncate     0.08s     0.08s 
mp2_pair21 is frozen: potential not computed
timer:                   Fluctuation Potentials     1.92s     1.92s 
timer:                       Fluctuation Matrix     0.13s     0.13s 
PNOPairs Memory Information
Total: 0.03304 GB 
PNO  : 0.00940 GB 
KPNO : 0.00908 GB 
W    : 0.01456 GB 

PNOPairs Memory Information
Total: 0.03304 GB 
PNO  : 0.00940 GB 
KPNO : 0.00908 GB 
W    : 0.01456 GB 

timer:                                 truncate     0.05s     0.05s 
timer:                             PNO Overlaps     0.07s     0.07s 
t_iter =  0  Hylleraas energy =  0.00000  ||R||_F =  0.26944  conv =  no
subspace solution [*]   1.00000000

t_iter =  1  Hylleraas energy =  -0.04973  ||R||_F =  0.00000  conv =  yes
=======================================================

Hylleraas MP2 Energies

=======================================================
    i    j      singlet      triplet        Total
=======================================================
    1    1  -2.24523e-02  0.00000e+00 -2.24523e-02
    2    1   0.00000e+00  0.00000e+00  0.00000e+00
    2    2  -2.72773e-02  0.00000e+00 -2.72773e-02
=======================================================
Hylleraas MP2 Energies (singlet): -4.97295e-02
Hylleraas MP2 Energies (triplet):  0.00000e+00
Hylleraas MP2 Energies (total)  : -4.97295e-02
=======================================================
-------------------------------------------
Total Reg Energy  =-4.97295e-02
Total F12 Energy  = 0.00000e+00
Sum Energies Total=-4.97295e-02
-------------------------------------------
timer:                         Solve Amplitudes     0.00s     0.00s 
pair11: density evals:
 [*]   0.00428300   0.00508445   0.00508445   0.00803015

pair22: density evals:
 [*]   0.00387147   0.00422810   0.00422810   0.04491772

timer:                            compress PNOs     0.00s     0.00s 
timer:                             MRA compress     0.00s     0.00s 
timer:                          Transform Pairs     0.52s     0.52s 
timer:                          PNO Compression     0.52s     0.52s 
Information About All Pairs:
mp2_pair11           number=0 rank=  4 frozen=false
mp2_pair21           number=1 rank=  0 frozen=true
mp2_pair22           number=2 rank=  4 frozen=false
number of pairs=3
average rank   =2 (2.66667e+00)
largest rank   =4
saving vector of functions mp2_pair11
saving vector of functions mp2_pair22
timer:                        save pnos on disc     0.18s     0.18s 
PNOPairs Memory Information
Total: 0.03287 GB 
PNO  : 0.00932 GB 
KPNO : 0.00916 GB 
W    : 0.01439 GB 

timer:                                 truncate     0.06s     0.06s 
timer:      compute densities for G application     0.00s     0.00s 
pair21 is frozen: no optimization
timer:                Prepare for G application     0.44s     0.44s 
timer:                                    add K     0.02s     0.02s 
size of all Vpsi potentials (without Vnuc and J) 0.01235 GB 
time=104.07277 chunk=8 Vpsi+Vnuc+J=0.02969 GB
time=104.12810 chunk=8 Vpsi+Vnuc+J=0.02838 GB (after truncation)
timer:                           Apply G to all     2.80s     2.80s 
timer:                       apply Q and update     0.00s     0.00s 
mp2_pair11 residual norms:
[0.10845, 0.09784, 0.09784, 0.13479]
mp2_pair11 scaled residual norms:
[0.00710, 0.00698, 0.00698, 0.01208]
mp2_pair22 residual norms:
[0.11811, 0.09630, 0.09630, 0.08558]
mp2_pair22 scaled residual norms:
[0.00735, 0.00626, 0.00626, 0.01814]
timer:                          update all PNOs     3.27s     3.27s 
frozen pair: no orthonormalization
timer:                                     RRCD     0.04s     0.04s 
timer:                             MRA compress     0.00s     0.00s 
timer:                          Transform Pairs     0.10s     0.10s 
saving vector of functions mp2_pair11
saving vector of functions mp2_pair22
timer:                        save pnos on disc     0.17s     0.17s 


No convergence yet. Energy change = 0.02095

timer:                        Whole Iteration 2    12.17s    12.17s 
Information About All Pairs:
mp2_pair11           number=0 rank=  4 frozen=false
mp2_pair21           number=1 rank=  0 frozen=true
mp2_pair22           number=2 rank=  4 frozen=false
number of pairs=3
average rank   =2 (2.66667)
largest rank   =4
PNOPairs Memory Information
Total: 0.00932 GB 
PNO  : 0.00932 GB 
KPNO : 0.00000 GB 
W    : 0.00000 GB 

timer:                                 truncate     0.03s     0.03s 
wall time=110.38919 chunk=8 allK.size()=8 memory=0.00965 GB
timer:                             compute KPNO     3.78s     3.78s 
wall time=110.50321 chunk=8 allJ.size()=8 memory=0.01047 GB
timer:                             compute JPNO     0.11s     0.11s 
timer:                    compute Fock matrices     1.34s     1.34s 
timer:                             MRA compress     0.00s     0.00s 
timer:                          Transform Pairs     0.24s     0.24s 
timer:                             Canonicalize     0.27s     0.27s 
PNOPairs Memory Information
Total: 0.01856 GB 
PNO  : 0.00916 GB 
KPNO : 0.00940 GB 
W    : 0.00000 GB 

timer:                                 truncate     0.05s     0.05s 
mp2_pair21 is frozen: potential not computed
timer:                   Fluctuation Potentials     2.12s     2.12s 
timer:                       Fluctuation Matrix     0.18s     0.18s 
PNOPairs Memory Information
Total: 0.03312 GB 
PNO  : 0.00916 GB 
KPNO : 0.00940 GB 
W    : 0.01456 GB 

PNOPairs Memory Information
Total: 0.03312 GB 
PNO  : 0.00916 GB 
KPNO : 0.00940 GB 
W    : 0.01456 GB 

timer:                                 truncate     0.05s     0.05s 
timer:                             PNO Overlaps     0.10s     0.10s 
t_iter =  0  Hylleraas energy =  0.00000  ||R||_F =  0.28948  conv =  no
subspace solution [*]   1.00000000

t_iter =  1  Hylleraas energy =  -0.05214  ||R||_F =  0.00000  conv =  yes
=======================================================

Hylleraas MP2 Energies

=======================================================
    i    j      singlet      triplet        Total
=======================================================
    1    1  -2.36738e-02  0.00000e+00 -2.36738e-02
    2    1   0.00000e+00  0.00000e+00  0.00000e+00
    2    2  -2.84677e-02  0.00000e+00 -2.84677e-02
=======================================================
Hylleraas MP2 Energies (singlet): -5.21416e-02
Hylleraas MP2 Energies (triplet):  0.00000e+00
Hylleraas MP2 Energies (total)  : -5.21416e-02
=======================================================
-------------------------------------------
Total Reg Energy  =-5.21416e-02
Total F12 Energy  = 0.00000e+00
Sum Energies Total=-5.21416e-02
-------------------------------------------
timer:                         Solve Amplitudes     0.00s     0.00s 
pair11: density evals:
 [*]   0.00403328   0.00485472   0.00485472   0.00764936

pair22: density evals:
 [*]   0.00364271   0.00398962   0.00398962   0.04407642

timer:                            compress PNOs     0.00s     0.00s 
timer:                             MRA compress     0.00s     0.00s 
timer:                          Transform Pairs     0.39s     0.39s 
timer:                          PNO Compression     0.39s     0.39s 
Information About All Pairs:
mp2_pair11           number=0 rank=  4 frozen=false
mp2_pair21           number=1 rank=  0 frozen=true
mp2_pair22           number=2 rank=  4 frozen=false
number of pairs=3
average rank   =2 (2.66667e+00)
largest rank   =4
saving vector of functions mp2_pair11
saving vector of functions mp2_pair22
timer:                        save pnos on disc     0.17s     0.17s 
PNOPairs Memory Information
Total: 0.03328 GB 
PNO  : 0.00924 GB 
KPNO : 0.00949 GB 
W    : 0.01456 GB 

timer:                                 truncate     0.08s     0.08s 
timer:      compute densities for G application     0.00s     0.00s 
pair21 is frozen: no optimization
timer:                Prepare for G application     0.41s     0.41s 
timer:                                    add K     0.04s     0.04s 
size of all Vpsi potentials (without Vnuc and J) 0.01259 GB 
time=116.36813 chunk=8 Vpsi+Vnuc+J=0.03099 GB
time=116.44365 chunk=8 Vpsi+Vnuc+J=0.02952 GB (after truncation)
timer:                           Apply G to all     2.80s     2.80s 
timer:                       apply Q and update     0.00s     0.00s 
mp2_pair11 residual norms:
[0.03790, 0.03351, 0.03351, 0.05394]
mp2_pair11 scaled residual norms:
[0.00241, 0.00233, 0.00233, 0.00472]
mp2_pair22 residual norms:
[0.04905, 0.04056, 0.04056, 0.03055]
mp2_pair22 scaled residual norms:
[0.00296, 0.00256, 0.00256, 0.00641]
timer:                          update all PNOs     3.26s     3.26s 
frozen pair: no orthonormalization
timer:                                     RRCD     0.04s     0.04s 
timer:                             MRA compress     0.00s     0.00s 
timer:                          Transform Pairs     0.10s     0.10s 
saving vector of functions mp2_pair11
saving vector of functions mp2_pair22
timer:                        save pnos on disc     0.17s     0.17s 


No convergence yet. Energy change = 0.00241

timer:                        Whole Iteration 3    12.30s    12.30s 
Information About All Pairs:
mp2_pair11           number=0 rank=  4 frozen=false
mp2_pair21           number=1 rank=  0 frozen=true
mp2_pair22           number=2 rank=  4 frozen=false
number of pairs=3
average rank   =2 (2.66667)
largest rank   =4
PNOPairs Memory Information
Total: 0.00973 GB 
PNO  : 0.00973 GB 
KPNO : 0.00000 GB 
W    : 0.00000 GB 

timer:                                 truncate     0.04s     0.04s 
wall time=122.90155 chunk=8 allK.size()=8 memory=0.00973 GB
timer:                             compute KPNO     3.98s     3.98s 
wall time=123.09123 chunk=8 allJ.size()=8 memory=0.01071 GB
timer:                             compute JPNO     0.19s     0.19s 
timer:                    compute Fock matrices     1.43s     1.43s 
timer:                             MRA compress     0.00s     0.00s 
timer:                          Transform Pairs     0.32s     0.32s 
timer:                             Canonicalize     0.32s     0.32s 
PNOPairs Memory Information
Total: 0.01914 GB 
PNO  : 0.00965 GB 
KPNO : 0.00949 GB 
W    : 0.00000 GB 

timer:                                 truncate     0.03s     0.03s 
mp2_pair21 is frozen: potential not computed
timer:                   Fluctuation Potentials     2.04s     2.04s 
timer:                       Fluctuation Matrix     0.12s     0.12s 
PNOPairs Memory Information
Total: 0.03353 GB 
PNO  : 0.00965 GB 
KPNO : 0.00949 GB 
W    : 0.01439 GB 

PNOPairs Memory Information
Total: 0.03353 GB 
PNO  : 0.00965 GB 
KPNO : 0.00949 GB 
W    : 0.01439 GB 

timer:                                 truncate     0.05s     0.05s 
timer:                             PNO Overlaps     0.07s     0.07s 
t_iter =  0  Hylleraas energy =  0.00000  ||R||_F =  0.29620  conv =  no
subspace solution [*]   1.00000000

t_iter =  1  Hylleraas energy =  -0.05251  ||R||_F =  0.00000  conv =  yes
=======================================================

Hylleraas MP2 Energies

=======================================================
    i    j      singlet      triplet        Total
=======================================================
    1    1  -2.38566e-02  0.00000e+00 -2.38566e-02
    2    1   0.00000e+00  0.00000e+00  0.00000e+00
    2    2  -2.86552e-02  0.00000e+00 -2.86552e-02
=======================================================
Hylleraas MP2 Energies (singlet): -5.25118e-02
Hylleraas MP2 Energies (triplet):  0.00000e+00
Hylleraas MP2 Energies (total)  : -5.25118e-02
=======================================================
-------------------------------------------
Total Reg Energy  =-5.25118e-02
Total F12 Energy  = 0.00000e+00
Sum Energies Total=-5.25118e-02
-------------------------------------------
timer:                         Solve Amplitudes     0.00s     0.00s 
pair11: density evals:
 [*]   0.00389897   0.00472723   0.00472723   0.00734115

pair22: density evals:
 [*]   0.00351463   0.00385694   0.00385694   0.04321354

timer:                            compress PNOs     0.00s     0.00s 
timer:                             MRA compress     0.00s     0.00s 
timer:                          Transform Pairs     0.42s     0.42s 
timer:                          PNO Compression     0.43s     0.43s 
Information About All Pairs:
mp2_pair11           number=0 rank=  4 frozen=false
mp2_pair21           number=1 rank=  0 frozen=true
mp2_pair22           number=2 rank=  4 frozen=false
number of pairs=3
average rank   =2 (2.66667e+00)
largest rank   =4
saving vector of functions mp2_pair11
saving vector of functions mp2_pair22
timer:                        save pnos on disc     0.17s     0.17s 
PNOPairs Memory Information
Total: 0.03353 GB 
PNO  : 0.00965 GB 
KPNO : 0.00949 GB 
W    : 0.01439 GB 

timer:                                 truncate     0.06s     0.06s 
timer:      compute densities for G application     0.00s     0.00s 
pair21 is frozen: no optimization
timer:                Prepare for G application     0.42s     0.42s 
timer:                                    add K     0.06s     0.06s 
size of all Vpsi potentials (without Vnuc and J) 0.01284 GB 
time=128.97850 chunk=8 Vpsi+Vnuc+J=0.03108 GB
time=129.02807 chunk=8 Vpsi+Vnuc+J=0.02960 GB (after truncation)
timer:                           Apply G to all     2.89s     2.89s 
timer:                       apply Q and update     0.00s     0.00s 
mp2_pair11 residual norms:
[0.01394, 0.01213, 0.01213, 0.02298]
mp2_pair11 scaled residual norms:
[0.00087, 0.00083, 0.00083, 0.00197]
mp2_pair22 residual norms:
[0.02346, 0.02132, 0.02132, 0.01207]
mp2_pair22 scaled residual norms:
[0.00139, 0.00132, 0.00132, 0.00251]
timer:                          update all PNOs     3.37s     3.37s 
frozen pair: no orthonormalization
timer:                                     RRCD     0.07s     0.07s 
timer:                             MRA compress     0.00s     0.00s 
timer:                          Transform Pairs     0.04s     0.04s 
saving vector of functions mp2_pair11
saving vector of functions mp2_pair22
timer:                        save pnos on disc     0.17s     0.17s 


No convergence yet. Energy change = 0.00037

timer:                        Whole Iteration 4    12.64s    12.64s 
Information About All Pairs:
mp2_pair11           number=0 rank=  4 frozen=false
mp2_pair21           number=1 rank=  0 frozen=true
mp2_pair22           number=2 rank=  4 frozen=false
number of pairs=3
average rank   =2 (2.66667)
largest rank   =4
PNOPairs Memory Information
Total: 0.00965 GB 
PNO  : 0.00965 GB 
KPNO : 0.00000 GB 
W    : 0.00000 GB 

timer:                                 truncate     0.06s     0.06s 
wall time=135.52947 chunk=8 allK.size()=8 memory=0.00965 GB
timer:                             compute KPNO     3.96s     3.96s 
wall time=135.64423 chunk=8 allJ.size()=8 memory=0.01063 GB
timer:                             compute JPNO     0.11s     0.11s 
timer:                    compute Fock matrices     1.34s     1.34s 
timer:                             MRA compress     0.00s     0.00s 
timer:                          Transform Pairs     0.31s     0.31s 
timer:                             Canonicalize     0.31s     0.31s 
PNOPairs Memory Information
Total: 0.01897 GB 
PNO  : 0.00957 GB 
KPNO : 0.00940 GB 
W    : 0.00000 GB 

timer:                                 truncate     0.06s     0.06s 
mp2_pair21 is frozen: potential not computed
timer:                   Fluctuation Potentials     1.91s     1.91s 
timer:                       Fluctuation Matrix     0.13s     0.13s 
PNOPairs Memory Information
Total: 0.03353 GB 
PNO  : 0.00957 GB 
KPNO : 0.00940 GB 
W    : 0.01456 GB 

PNOPairs Memory Information
Total: 0.03353 GB 
PNO  : 0.00957 GB 
KPNO : 0.00940 GB 
W    : 0.01456 GB 

timer:                                 truncate     0.06s     0.06s 
timer:                             PNO Overlaps     0.06s     0.06s 
t_iter =  0  Hylleraas energy =  0.00000  ||R||_F =  0.29879  conv =  no
subspace solution [*]   1.00000000

t_iter =  1  Hylleraas energy =  -0.05258  ||R||_F =  0.00000  conv =  yes
=======================================================

Hylleraas MP2 Energies

=======================================================
    i    j      singlet      triplet        Total
=======================================================
    1    1  -2.38863e-02  0.00000e+00 -2.38863e-02
    2    1   0.00000e+00  0.00000e+00  0.00000e+00
    2    2  -2.86922e-02  0.00000e+00 -2.86922e-02
=======================================================
Hylleraas MP2 Energies (singlet): -5.25785e-02
Hylleraas MP2 Energies (triplet):  0.00000e+00
Hylleraas MP2 Energies (total)  : -5.25785e-02
=======================================================
-------------------------------------------
Total Reg Energy  =-5.25785e-02
Total F12 Energy  = 0.00000e+00
Sum Energies Total=-5.25785e-02
-------------------------------------------
timer:                         Solve Amplitudes     0.00s     0.00s 
pair11: density evals:
 [*]   0.00384361   0.00467395   0.00467395   0.00718936

pair22: density evals:
 [*]   0.00345260   0.00378820   0.00378820   0.04280217

timer:                            compress PNOs     0.00s     0.00s 
timer:                             MRA compress     0.00s     0.00s 
timer:                          Transform Pairs     0.47s     0.47s 
timer:                          PNO Compression     0.48s     0.48s 
Information About All Pairs:
mp2_pair11           number=0 rank=  4 frozen=false
mp2_pair21           number=1 rank=  0 frozen=true
mp2_pair22           number=2 rank=  4 frozen=false
number of pairs=3
average rank   =2 (2.66667e+00)
largest rank   =4
saving vector of functions mp2_pair11
saving vector of functions mp2_pair22
timer:                        save pnos on disc     0.18s     0.18s 
PNOPairs Memory Information
Total: 0.03337 GB 
PNO  : 0.00957 GB 
KPNO : 0.00940 GB 
W    : 0.01439 GB 

timer:                                 truncate     0.03s     0.03s 
timer:      compute densities for G application     0.00s     0.00s 
pair21 is frozen: no optimization
timer:                Prepare for G application     0.44s     0.44s 
timer:                                    add K     0.04s     0.04s 
size of all Vpsi potentials (without Vnuc and J) 0.01276 GB 
time=141.41082 chunk=8 Vpsi+Vnuc+J=0.03132 GB
time=141.46396 chunk=8 Vpsi+Vnuc+J=0.02985 GB (after truncation)
timer:                           Apply G to all     2.71s     2.71s 
timer:                       apply Q and update     0.00s     0.00s 
mp2_pair11 residual norms:
[0.00532, 0.00453, 0.00453, 0.00993]
mp2_pair11 scaled residual norms:
[0.00033, 0.00031, 0.00031, 0.00084]
mp2_pair22 residual norms:
[0.01208, 0.01233, 0.01233, 0.00499]
mp2_pair22 scaled residual norms:
[0.00071, 0.00076, 0.00076, 0.00103]
timer:                          update all PNOs     3.19s     3.19s 
frozen pair: no orthonormalization
timer:                                     RRCD     0.06s     0.06s 
timer:                             MRA compress     0.00s     0.00s 
timer:                          Transform Pairs     0.09s     0.09s 
saving vector of functions mp2_pair11
saving vector of functions mp2_pair22
timer:                        save pnos on disc     0.18s     0.18s 


CONVERGED!
energy change = 0.00007

re-entering loop to compute the correct amplitudes and energies
timer:                        Whole Iteration 5    12.32s    12.32s 
Information About All Pairs:
mp2_pair11           number=0 rank=  4 frozen=false
mp2_pair21           number=1 rank=  0 frozen=true
mp2_pair22           number=2 rank=  4 frozen=false
number of pairs=3
average rank   =2 (2.66667)
largest rank   =4
PNOPairs Memory Information
Total: 0.00973 GB 
PNO  : 0.00973 GB 
KPNO : 0.00000 GB 
W    : 0.00000 GB 

timer:                                 truncate     0.03s     0.03s 
wall time=147.87164 chunk=8 allK.size()=8 memory=0.00965 GB
timer:                             compute KPNO     4.01s     4.01s 
wall time=148.03917 chunk=8 allJ.size()=8 memory=0.01079 GB
timer:                             compute JPNO     0.17s     0.17s 
timer:                    compute Fock matrices     1.19s     1.19s 
timer:                             MRA compress     0.00s     0.00s 
timer:                          Transform Pairs     0.22s     0.22s 
timer:                             Canonicalize     0.22s     0.22s 
PNOPairs Memory Information
Total: 0.01905 GB 
PNO  : 0.00965 GB 
KPNO : 0.00940 GB 
W    : 0.00000 GB 

timer:                                 truncate     0.04s     0.04s 
mp2_pair21 is frozen: potential not computed
timer:                   Fluctuation Potentials     1.88s     1.88s 
timer:                       Fluctuation Matrix     0.13s     0.13s 
PNOPairs Memory Information
Total: 0.03361 GB 
PNO  : 0.00965 GB 
KPNO : 0.00940 GB 
W    : 0.01456 GB 

PNOPairs Memory Information
Total: 0.03361 GB 
PNO  : 0.00965 GB 
KPNO : 0.00940 GB 
W    : 0.01456 GB 

timer:                                 truncate     0.06s     0.06s 
timer:                             PNO Overlaps     0.07s     0.07s 
t_iter =  0  Hylleraas energy =  0.00000  ||R||_F =  0.29987  conv =  no
subspace solution [*]   1.00000000

t_iter =  1  Hylleraas energy =  -0.05259  ||R||_F =  0.00000  conv =  yes
=======================================================

Hylleraas MP2 Energies

=======================================================
    i    j      singlet      triplet        Total
=======================================================
    1    1  -2.38917e-02  0.00000e+00 -2.38917e-02
    2    1   0.00000e+00  0.00000e+00  0.00000e+00
    2    2  -2.87013e-02  0.00000e+00 -2.87013e-02
=======================================================
Hylleraas MP2 Energies (singlet): -5.25929e-02
Hylleraas MP2 Energies (triplet):  0.00000e+00
Hylleraas MP2 Energies (total)  : -5.25929e-02
=======================================================
-------------------------------------------
Total Reg Energy  =-5.25929e-02
Total F12 Energy  = 0.00000e+00
Sum Energies Total=-5.25929e-02
-------------------------------------------
timer:                         Solve Amplitudes     0.00s     0.00s 
pair11: density evals:
 [*]   0.00382180   0.00465257   0.00465257   0.00712137

pair22: density evals:
 [*]   0.00342262   0.00375067   0.00375067   0.04262309

timer:                            compress PNOs     0.00s     0.00s 
timer:                             MRA compress     0.00s     0.00s 
timer:                          Transform Pairs     0.37s     0.37s 
timer:                          PNO Compression     0.38s     0.38s 
Information About All Pairs:
mp2_pair11           number=0 rank=  4 frozen=false
mp2_pair21           number=1 rank=  0 frozen=true
mp2_pair22           number=2 rank=  4 frozen=false
number of pairs=3
average rank   =2 (2.66667e+00)
largest rank   =4
saving vector of functions mp2_pair11
saving vector of functions mp2_pair22
timer:                        save pnos on disc     0.18s     0.18s 
exiting: Iterations converged
PNO ranks:
PNO Rank for pair pair11 = 4
PNO Rank for pair pair21 = 0
PNO Rank for pair pair22 = 4
average rank 2.66667e+00
timer:                               PNO::solve    73.13s    73.13s 

--------------------------------
ITERATE-PAIRS-INTERNAL-ENDED
--------------------------------
mp2_pair21 converged!


Adaptive Sovler:
 Current Energy=-5.2592934239e-02
 DeltaE        =-5.2592934239e-02
 max dE (pair) =-2.8701257842e-02 (2)
 all_pairs_conv=false




not converged yet

freeze pair mp2_pair21 (not further optimized: Energy below 1.0000000000e-05)
Maximum Rank of4 reached for all non-frozen pairs, no need to iterate further=======================================================

Final MP2 Energies

=======================================================
    i    j      singlet      triplet        Total
=======================================================
    1    1  -2.38917e-02  0.00000e+00 -2.38917e-02
    2    1   0.00000e+00  0.00000e+00  0.00000e+00
    2    2  -2.87013e-02  0.00000e+00 -2.87013e-02
=======================================================
Final MP2 Energies (singlet): -5.25929e-02
Final MP2 Energies (triplet):  0.00000e+00
Final MP2 Energies (total)  : -5.25929e-02
=======================================================
-------------------------------------------
Total Reg Energy  =-5.25929e-02
Total F12 Energy  = 0.00000e+00
Sum Energies Total=-5.25929e-02
-------------------------------------------
Average | Max Rank: 2 | 4



--------------------------------------------------
MRA-PNO-MP2-F12 ended 
--------------------------------------------------
                 time scf = 7.19499e+01
               energy scf = -1.56440e+01
--------------------------------------------------
restarting PNO to reload pairs that converged before and were frozen
PNO Parameters
pno
       rank_increase  15         # default   maximum rank to increase in every macroiteration
               chunk  100        # default   chunk of functions operated on in parallel when G or K is applied (prevent memory shortage)
               debug  false      # default   debug mode
              freeze  1          # derived   frozen core approximation
             maxrank  4          # defined   maximal pno rank for all pairs
           guesstype  exop       # derived   the guesstype: exop (recommended, multiply polynomial excitation operators onto the occupied orbitals), empty (don't compute a guess), scf (use the ao basis from the SCF solver), partial_wave (create s,p,d ..., type functions and place on atoms), predefined (same as partial_wave but for predefined sets)
                exop  multipole  # derived   this string defines which excitation operators can be used, use 'dipole', 'dipole+', 'quadrupole', 'ocopole', or 'multipole', need to set guesstype to 'exop' which is the default
          exop_trigo  true       # default   use trigonometric excitation operators ( x --> sin(x)
        partial_wave             # default   atom centered partial wave guess of format like 'h-2s1p-o-3s2p1d', need to set guesstype to 'partial_wave' and adaptive_solver to 'none'
          predefined             # default   predefined partial wave guesses of type pvxz with x=d,t,q,5,6, need to set guesstype to 'predefined' and adaptive_solver to 'none'
           maxiter_t  100        # default   maximal number of iterations in the amplitude solver
       maxiter_micro  10         # default   Maximum of iterations for every cycle in the adaptive solver
       maxiter_macro  10         # default   Maximum of iterations of cycles in the adaptive solver
                tpno  1.0000e-08 # default   PNO cutoff threshold
          tpno_tight  1.0000e-10 # derived   PNO cutoff for the first iteration
    canonicalize_pno  true       # default   canonicalize the pnos before the amplitude solver
              thresh  1.0000e-04 # defined   MRA threshold
         econv_micro  1.0000e-04 # derived   Energy convergence for microiterations (Greens function based optimization) in adaptive solver
         econv_pairs  1.0000e-05 # derived   ENergy convergence for individual pairs in adaptive solver. Converged pairs are frozen automatically
         econv_macro  1.0000e-04 # derived   Energy convergence for macroiterations in adaptive solver, no effect if adaptive_solver is deactivated
               dconv  1.0000e-01 # default   convergence of every PNO in the Green's function solver
           op_thresh  1.0000e-06 # default   MRA operator thresh
             restart  all        # defined   restart pairs of this type, use 'mp2', 'cispd', 'all' or 'none'
          no_compute  none       # default   do not compute the pairs of this type, use 'mp2', 'cispd', 'all' or 'none'
              no_opt  all        # defined   do not optimize the pnos of this type, use 'mp2', 'cispd', 'all' or 'none'
            no_guess  all        # defined   guess for this type will be empty, use 'mp2', 'cispd', 'all' or 'none'
     adaptive_solver  none       # defined   Use adaptive solver for those pairs, use 'mp2', 'cispd', 'all' or 'none', works only in combination with guesstype 'exop'
                kain  true       # default   use KAIN solver in amplitude solver
       kain_subspace  5          # default   subspace size of the KAIN solver (amplitudes)
                 f12  false      # defined   use explicit correlation
        cispd_number  -1         # default   CIS(D) excitation numbers, to read in correct functions
        cispd_energy  0.0000e+00 # default   CIS energy
        freeze_pairs  none       # default   frozen pairs will not be optimized: Expected format 'a b c d' will freeze pairs ab and cd
freeze_pairs_of_orbital  []         # default    All pairs which originate from this orbital will not be optimized
active_pairs_of_orbital  []         # default    All pairs which originate from this orbital will not be frozen all other pairs will, if this vector is not empty
no_opt_in_first_iteration  false      # default   Do not optimize in the first iteration (then the potentials do not have to be evaluated, use this for large guesses)
            exchange  full       # default   approximate exchange with 'neglect' or xc functional -> same syntax as moldft
           save_pnos  true       # default   Save the OBS-PNOs to a file, before and after orthonormalization.
            diagonal  true       # defined   Compute only diagonal PNOs

end

**********************
Solve PNO-MP2
*********************


**********************
Iterate Pairs
*********************


************************
Standard Solver
***********************

Initializing Pairs:
Restart demanded for mp2 pairs
loading vector of functions mp2_pair11
Found PNOs for mp2_pair11 with rank 4
loading vector of functions mp2_pair21
failed to find PNO mp2_pair21 initialize as zero function
nloading vector of functions mp2_pair22
Found PNOs for mp2_pair22 with rank 4
no guess was explicitly demanded for mp2

timer:                                     RRCD     0.03s     0.03s 
timer:                             MRA compress     0.00s     0.00s 
timer:                          Transform Pairs     0.10s     0.10s 
timer:          apply Q and orthonormalize PNOs     0.47s     0.47s 
Created Guess:
pair11 with 4 guess functions
pair21 with 0 guess functions
pair22 with 4 guess functions
guess pair11 size: 4.9066543579e-03 | 4.9066543579e-03 Gbyte (after truncation)
guess pair22 size: 4.7430992126e-03 | 4.7430992126e-03 Gbyte (after truncation)
timer:                           truncate guess     0.06s     0.06s 
timer:                         Initialize Pairs     0.56s     0.56s 
Information About All Pairs:
mp2_pair11           number=0 rank=  4 frozen=false
mp2_pair21           number=1 rank=  0 frozen=true
mp2_pair22           number=2 rank=  4 frozen=false
number of pairs=3
average rank   =2 (2.6666666667e+00)
largest rank   =4
SolveInternal: Parameters are assigned as
no_compute        = false
no_opt            = true
restart           = true
do_cispd          = false
econv             =1.0000000000e-04
maxrank (min,max) = (4,4)
Solving MP2 doubles
timer:          fock matrix     2.48s     2.48s
Information About All Pairs:
mp2_pair11           number=0 rank=  4 frozen=false
mp2_pair21           number=1 rank=  0 frozen=true
mp2_pair22           number=2 rank=  4 frozen=false
number of pairs=3
average rank   =2 (2.6666666667e+00)
largest rank   =4
PNOPairs Memory Information
Total: 0.0096497536 GB 
PNO  : 0.0096497536 GB 
KPNO : 0.0000000000 GB 
W    : 0.0000000000 GB 

timer:                                 truncate     0.05s     0.05s 
wall time=159.1930499077 chunk=8 allK.size()=8 memory=0.0095679760 GB
timer:                             compute KPNO     3.87s     3.87s 
wall time=159.3472270966 chunk=8 allJ.size()=8 memory=0.0106310844 GB
timer:                             compute JPNO     0.15s     0.15s 
timer:                    compute Fock matrices     1.16s     1.16s 
timer:                             MRA compress     0.00s     0.00s 
timer:                          Transform Pairs     0.27s     0.27s 
timer:                             Canonicalize     0.27s     0.27s 
PNOPairs Memory Information
Total: 0.0190541744 GB 
PNO  : 0.0096497536 GB 
KPNO : 0.0094044209 GB 
W    : 0.0000000000 GB 

timer:                                 truncate     0.07s     0.07s 
mp2_pair21 is frozen: potential not computed
timer:                   Fluctuation Potentials     2.02s     2.02s 
timer:                       Fluctuation Matrix     0.13s     0.13s 
PNOPairs Memory Information
Total: 0.0336105824 GB 
PNO  : 0.0096497536 GB 
KPNO : 0.0094044209 GB 
W    : 0.0145564079 GB 

PNOPairs Memory Information
Total: 0.0336105824 GB 
PNO  : 0.0096497536 GB 
KPNO : 0.0094044209 GB 
W    : 0.0145564079 GB 

timer:                                 truncate     0.08s     0.08s 
timer:                             PNO Overlaps     0.10s     0.10s 
t_iter =  0  Hylleraas energy =  0.0000000000  ||R||_F =  0.2998695823  conv =  no
subspace solution [*]   1.00000000

t_iter =  1  Hylleraas energy =  -0.0525927813  ||R||_F =  0.0000002105  conv =  yes
=======================================================

Hylleraas MP2 Energies

=======================================================
    i    j      singlet      triplet        Total
=======================================================
    1    1  -2.38917e-02  0.00000e+00 -2.38917e-02
    2    1   0.00000e+00  0.00000e+00  0.00000e+00
    2    2  -2.87011e-02  0.00000e+00 -2.87011e-02
=======================================================
Hylleraas MP2 Energies (singlet): -5.25928e-02
Hylleraas MP2 Energies (triplet):  0.00000e+00
Hylleraas MP2 Energies (total)  : -5.25928e-02
=======================================================
-------------------------------------------
Total Reg Energy  =-5.25928e-02
Total F12 Energy  = 0.00000e+00
Sum Energies Total=-5.25928e-02
-------------------------------------------
timer:                         Solve Amplitudes     0.00s     0.00s 
No optimization untill now: Compressing pno ranks with tighter threshold
1.00000e-10 instead of 1.00000e-08
pair11: density evals:
 [*]   0.00382183   0.00465257   0.00465257   0.00712138

pair22: density evals:
 [*]   0.00342235   0.00375070   0.00375070   0.04262336

timer:                            compress PNOs     0.00s     0.00s 
timer:                             MRA compress     0.00s     0.00s 
timer:                          Transform Pairs     0.57s     0.57s 
timer:                          PNO Compression     0.58s     0.58s 
Information About All Pairs:
mp2_pair11           number=0 rank=  4 frozen=false
mp2_pair21           number=1 rank=  0 frozen=true
mp2_pair22           number=2 rank=  4 frozen=false
number of pairs=3
average rank   =2 (2.66667e+00)
largest rank   =4
saving vector of functions mp2_pair11
saving vector of functions mp2_pair22
timer:                        save pnos on disc     0.17s     0.17s 
exiting: Found no_opt keyword
PNO ranks:
PNO Rank for pair pair11 = 4
PNO Rank for pair pair21 = 0
PNO Rank for pair pair22 = 4
average rank 2.66667e+00
timer:                               PNO::solve    11.17s    11.17s 

--------------------------------
ITERATE-PAIRS-INTERNAL-ENDED
--------------------------------
=======================================================

Final MP2 Energies

=======================================================
    i    j      singlet      triplet        Total
=======================================================
    1    1  -2.38917e-02  0.00000e+00 -2.38917e-02
    2    1   0.00000e+00  0.00000e+00  0.00000e+00
    2    2  -2.87011e-02  0.00000e+00 -2.87011e-02
=======================================================
Final MP2 Energies (singlet): -5.25928e-02
Final MP2 Energies (triplet):  0.00000e+00
Final MP2 Energies (total)  : -5.25928e-02
=======================================================
-------------------------------------------
Total Reg Energy  =-5.25928e-02
Total F12 Energy  = 0.00000e+00
Sum Energies Total=-5.25928e-02
-------------------------------------------
Average | Max Rank: 2 | 4
                 time pno = 7.96705e+01
               energy mp2 = -5.25928e-02
     average pno rank mp2 = 2
         max pno rank mp2 = 4
--------------------------------------------------
            energy(total) = -1.56966e+01
--------------------------------------------------



Orthonormalization technique used: symmetric
No CABS used.
Tightening thresholds to +0.00010000 for post-processing
Overlap Matrix of all PNOs:
+1.00000137 -0.29175714 +0.00000000 -0.00000000 +0.11751498 +0.00000000 +0.00000000 -0.00000167 
-0.29175714 +1.00000299 -0.00000000 +0.00000000 +0.00000824 -0.00000000 -0.00000000 -0.10122505 
+0.00000000 -0.00000000 +1.00000000 -0.00000000 -0.00000000 +0.04957383 +0.05588431 -0.00000000 
-0.00000000 +0.00000000 -0.00000000 +1.00000000 +0.00000000 +0.05588431 -0.04957383 +0.00000000 
+0.11751498 +0.00000824 -0.00000000 +0.00000000 +1.00001552 -0.00000000 -0.00000000 +0.00038201 
+0.00000000 -0.00000000 +0.04957383 +0.05588431 -0.00000000 +1.00000000 +0.00000000 +0.00000000 
+0.00000000 -0.00000000 +0.05588431 -0.04957383 -0.00000000 +0.00000000 +1.00000000 +0.00000000 
-0.00000167 -0.10122505 -0.00000000 +0.00000000 +0.00038201 +0.00000000 +0.00000000 +0.99999974 
Before cherry pick
rank is +0
all used occupation numbers:
[+0.04262336 +0.00712138 +0.00465257 +0.00465257 +0.00382183 +0.00375070 +0.00375070 +0.00342235 ]
corresponding to active pairs:
[(1,1) (0,0) (0,0) (0,0) (0,0) (1,1) (1,1) (1,1) ]
After cherry pick
all used occupation numbers:
[+0.04262336 +0.00712138 +0.00465257 +0.00465257 +0.00382183 +0.00375070 +0.00375070 +0.00342235 ]
corresponding to active pairs:
[(1,1) (0,0) (0,0) (0,0) (0,0) (1,1) (1,1) (1,1) ]
Overlap Matrix before symmetric
[+0,*]  +1.00000137  -0.29175714  +0.00000000  -0.00000000  +0.11751498  +0.00000000  +0.00000000  -0.00000167
[+1,*]  -0.29175714  +1.00000299  +0.00000000  +0.00000000  +0.00000824  -0.00000000  -0.00000000  -0.10122505
[+2,*]  +0.00000000  +0.00000000  +1.00000000  -0.00000000  -0.00000000  +0.04957383  +0.05588431  -0.00000000
[+3,*]  -0.00000000  +0.00000000  -0.00000000  +1.00000000  +0.00000000  +0.05588431  -0.04957383  +0.00000000
[+4,*]  +0.11751498  +0.00000824  -0.00000000  +0.00000000  +1.00001552  -0.00000000  -0.00000000  +0.00038201
[+5,*]  +0.00000000  -0.00000000  +0.04957383  +0.05588431  -0.00000000  +1.00000000  +0.00000000  +0.00000000
[+6,*]  +0.00000000  -0.00000000  +0.05588431  -0.04957383  -0.00000000  +0.00000000  +1.00000000  +0.00000000
[+7,*]  -0.00000167  -0.10122505  -0.00000000  +0.00000000  +0.00038201  +0.00000000  +0.00000000  +0.99999974
Overlap Matrix after symmetric
[+0,*]  +1.00000000  +0.00000001  +0.00000000  +0.00000000  -0.00000000  -0.00000000  +0.00000000  +0.00000000
[+1,*]  +0.00000001  +1.00000000  -0.00000000  -0.00000000  -0.00000000  -0.00000000  -0.00000000  -0.00000000
[+2,*]  +0.00000000  -0.00000000  +1.00000000  +0.00000000  +0.00000000  -0.00000000  +0.00000000  -0.00000000
[+3,*]  +0.00000000  -0.00000000  +0.00000000  +1.00000000  -0.00000000  +0.00000000  +0.00000000  +0.00000000
[+4,*]  -0.00000000  -0.00000000  +0.00000000  -0.00000000  +1.00000000  +0.00000000  -0.00000000  -0.00000000
[+5,*]  -0.00000000  -0.00000000  -0.00000000  +0.00000000  +0.00000000  +1.00000000  +0.00000000  -0.00000000
[+6,*]  +0.00000000  -0.00000000  +0.00000000  +0.00000000  -0.00000000  +0.00000000  +1.00000000  -0.00000000
[+7,*]  +0.00000000  -0.00000000  -0.00000000  +0.00000000  -0.00000000  -0.00000000  -0.00000000  +1.00000000
Adding 3 HF orbitals
Size before adding CABS: 11.
Size after adding CABS: 11.
Compute G and F Tensor:
Assemble g,f using symmetries...
non zero elements:
 g : +24699
 h : +61
Overlap over whole basis
[+0,*]  +1.00000000  +0.00000202  +0.00000089  -0.00000444  +0.00000535  -0.00000000  +0.00000000  +0.00002379  +0.00000000  +0.00000000  +0.00001070
[+1,*]  +0.00000202  +1.00000000  -0.00000062  -0.00000118  +0.00000143  +0.00000000  +0.00000000  +0.00000633  +0.00000000  +0.00000000  +0.00000280
[+2,*]  +0.00000089  -0.00000062  +1.00000000  +0.00000035  -0.00000040  +0.00000000  -0.00000000  -0.00000182  -0.00000000  -0.00000000  -0.00000100
[+3,*]  -0.00000444  -0.00000118  +0.00000035  +1.00000000  +0.00000001  +0.00000000  +0.00000000  -0.00000000  -0.00000000  +0.00000000  +0.00000000
[+4,*]  +0.00000535  +0.00000143  -0.00000040  +0.00000001  +1.00000000  -0.00000000  -0.00000000  -0.00000000  -0.00000000  -0.00000000  -0.00000000
[+5,*]  -0.00000000  +0.00000000  +0.00000000  +0.00000000  -0.00000000  +1.00000000  +0.00000000  +0.00000000  -0.00000000  +0.00000000  -0.00000000
[+6,*]  +0.00000000  +0.00000000  -0.00000000  +0.00000000  -0.00000000  +0.00000000  +1.00000000  -0.00000000  +0.00000000  +0.00000000  -0.00000000
[+7,*]  +0.00002379  +0.00000633  -0.00000182  -0.00000000  -0.00000000  +0.00000000  -0.00000000  +1.00000000  +0.00000000  -0.00000000  -0.00000000
[+8,*]  +0.00000000  +0.00000000  -0.00000000  -0.00000000  -0.00000000  -0.00000000  +0.00000000  +0.00000000  +1.00000000  +0.00000000  -0.00000000
[+9,*]  +0.00000000  +0.00000000  -0.00000000  +0.00000000  -0.00000000  +0.00000000  +0.00000000  -0.00000000  +0.00000000  +1.00000000  -0.00000000
[+10,*]  +0.00001070  +0.00000280  -0.00000100  +0.00000000  -0.00000000  -0.00000000  -0.00000000  -0.00000000  -0.00000000  -0.00000000  +1.00000000

||S-1||=+0.00003975
finished at time 308.6

    Parallel environment
    --------------------
                  #nodes    1
       #threads per node    11+main = 12
          #total threads    12

  RMI message statistics (min / avg / max)
  ----------------------
   #messages in server q    0.00e+00 / 0.00e+00 / 0.00e+00
 #messages sent per node    0.00e+00 / 0.00e+00 / 0.00e+00
    #bytes sent per node    0.00e+00 / 0.00e+00 / 0.00e+00
 #messages recv per node    0.00e+00 / 0.00e+00 / 0.00e+00
    #bytes recv per node    0.00e+00 / 0.00e+00 / 0.00e+00
        #msgs systemwide    0.00e+00
       #bytes systemwide    0.00e+00

  Thread pool statistics (min / avg / max)
  ----------------------
         #tasks per node    1.85e+07 / 1.85e+07 / 1.85e+07
     #max q len per node    1.25e+04 / 1.25e+04 / 1.25e+04
  #hi-pri tasks per node    5.08e+06 / 5.08e+06 / 5.08e+06

         Total wall time    308.6s
         Total  cpu time    308.6s

