MADNESS runtime initialized with 11 threads in the pool and affinity -1 -1 -1
starting at time 0.0

--------------------------------------------
   MADNESS 0.10.1 multiresolution suite
--------------------------------------------

   number of processors ... 1
    processor frequency ... 3.695652e+09
            host system ... Linux
          configured by ... kottmann
          configured on ... wittgenstein
          configured at ... 2021-02-10T21:25:26
                    CXX ... /usr/bin/c++
               CXXFLAGS ... -O3 -DNDEBUG -I/h/28/kottmann/install/numcpp/include/ -I/h/28/kottmann/install/boost/boost_1_72_0/include/ -std=c++1z
             tuning for ... default
                    MPI ... multiple
 multi-threaded runtime ... MADNESS ThreadPool
                   BLAS ... Intel MKL 2548 2548 MFLOP/s
               compiled ... 13:08:26  on  Feb 23 2021


-------------------------------------------------------------------------------------
SOLVING MRA-PNO-F12 as described in 
J.S. Kottmann, F.A. Bischoff, E.F. Valeev
Direct determination of optimal pair-natural orbitals in a real-space representation:
the second-order Møller-Plesset energy
Journal of Chemical Physics ... 2020
-------------------------------------------------------------------------------------


This script will run PNO-MP2 and print out tensors in binary
Call as: pno_integrals inputfileinput is input
ignoring unknown parameter in input file:  ncf

Angstrom being used to read input coordinates (1 Bohr = 1.88972613 Angstrom)


Asymptotic correction parameters
---------------------------------------
Atom vector is not empty: false
Using multipole approximation: false
Number of electrons = -1
Ionisation energy = 0.000000e+00
E(HOMO) = 0.000000e+00
R1 = 3.000000e+00
R2 = 4.000000e+00
DFT coefficient = 0.000000e+00
Interpolation scheme = linear
constructed symmetry operator for point group C1
dft
              charge  0.0000e+00 # defined   total molecular charge
                  xc  hf         # defined   XC input line
               smear  0.0000e+00 # default   smearing parameter
               econv  1.0000e-04 # defined   energy convergence
               dconv  5.0000e-04 # defined   density convergence
convergence_criteria  [bsh_residual, total_energy] # default   possible values are: bsh_residual, total_energy, each_energy, density
                   k  7          # defined   polynomial order
                   l  5.3874e+01 # derived   user coordinates box size
               deriv  abgv       # default   derivative method                            [abgv, bspline, ble]
           dft_deriv  abgv       # default   derivative method for gga potentials         [abgv, bspline, ble]
             maxrotn  2.5000e-01 # default   step restriction used in autoshift algorithm
             nvalpha  0          # default   number of alpha virtuals to compute
              nvbeta  0          # default   number of beta virtuals to compute
               nopen  0          # default   number of unpaired electrons = nalpha-nbeta
             maxiter  25         # default   maximum number of iterations
                 nio  1          # default   no. of io servers to use
     spin_restricted  true       # default   true if spin restricted
              plotlo  0          # default   range of MOs to print (for both spins if polarized
              plothi  -1         # default   range of MOs to print (for both spins if polarized
            plotdens  false      # default   If true print the density at convergence
            plotcoul  false      # default   If true plot the total coulomb potential at convergence
            localize  boys       # defined   localization method                          [pm, boys, new, canon]
          pointgroup  c1         # derived   use point (sub) group symmetry if not localized[c1, c2, ci, cs, c2v, c2h, d2, d2h]
             restart  false      # default   if true restart from orbitals on disk
           restartao  false      # default   if true restart from orbitals projected into AO basis (STO3G) on disk
          no_compute  false      # default   if true use orbitals on disk, set value to computed
           no_orient  false      # default   if true the molecule coordinates will not be reoriented
                save  true       # default   if true save orbitals to disk
              maxsub  10         # default   size of iterative subspace ... set to 0 or 1 to disable
        orbitalshift  0.0000e+00 # default   scf orbital shift: shift the occ orbitals to lower energies
            npt_plot  101        # default   no. of points to use in each dim for plots
           plot_cell  []         # default   lo hi in each dimension for plotting (default is all space)
             aobasis  6-31g      # derived   AO basis used for initial guess (6-31g or sto-3g)
           core_type  none       # default   core potential type                          [none, mpc]
         derivatives  false      # default   if true calculate nuclear derivatives
              dipole  false      # default   if true calculate dipole moment
      conv_only_dens  false      # default   if true remove bsh_residual from convergence criteria (deprecated)
            psp_calc  false      # default   pseudopotential calculation for all atoms
 print_dipole_matels  false      # default   if true output dipole matrix elements
            pcm_data  none       # default   do a PCM (solvent) calculation
             ac_data  none       # default   do a calculation with asymptotic correction (see ACParameters class in chem/AC.h for details)
             pure_ae  true       # default   pure all electron calculation with no pseudo-atoms
         print_level  3          # default   0: no output; 1: final energy; 2: iterations; 3: timings; 10: debug
              nalpha  3          # derived   number of alpha spin electrons
               nbeta  3          # derived   number of beta  spin electrons
           nmo_alpha  3          # derived   number of alpha spin molecular orbitals
            nmo_beta  3          # derived   number of beta spin molecular orbitals
                  lo  9.0905e-04 # derived   smallest length scale we need to resolve
            protocol  [1.0000e-04, 1.0000e-06] # derived   calculation protocol
                gopt  false      # default   geometry optimizer
                gtol  1.0000e-04 # default   geometry tolerance
               gtest  false      # default   geometry tolerance
                gval  1.0000e-05 # default   value precision
               gprec  1.0000e-04 # default   gradient precision
            gmaxiter  20         # default   optimization maxiter
    ginitial_hessian  false      # default   compute inital hessian for optimization
              algopt  bfgs       # default   algorithm used for optimization              [bfgs, cg]
            tdksprop  false      # default   time-dependent Kohn-Sham equation propagate
           nv_factor  1          # default   factor to multiply number of virtual orbitals with when automatically decreasing nvirt
           vnucextra  2          # default   load balance parameter for nuclear pot
        loadbalparts  2          # default   ??
            response  false      # default   response function calculation
       response_freq  0.0000e+00 # default   frequency for calculation response function
       response_axis  [1, 1, 1]  # default   response axis
           nonrotate  false      # default   if true do not molcule orient (redundant with no_orient
               rconv  1.0000e-06 # default   Response convergence
              efield  0.0000e+00 # default   eps for finite field
         efield_axis  0          # default   finite field axis                            [0, 1, 2]
              nwfile  none       # default   Base name of nwchem output files (.out and .movecs extensions) to read from
                 ncf  (none,1.0000e+00) # defined   nuclear correlation factor
             hessian  false      # default   compute the hessian matrix
           read_cphf  false      # default   read the converged orbital response for nuclear displacements from file
        restart_cphf  false      # default   read the guess orbital response for nuclear displacements from file
      purify_hessian  false      # default   symmetrize the hessian matrix based on atomic charges

end
              charge  0.0000e+00 # defined   total molecular charge
                  xc  hf         # defined   XC input line
               smear  0.0000e+00 # default   smearing parameter
               econv  1.0000e-04 # defined   energy convergence
               dconv  5.0000e-04 # defined   density convergence
convergence_criteria  [bsh_residual, total_energy] # default   possible values are: bsh_residual, total_energy, each_energy, density
                   k  7          # defined   polynomial order
                   l  5.3874e+01 # derived   user coordinates box size
               deriv  abgv       # default   derivative method                            [abgv, bspline, ble]
           dft_deriv  abgv       # default   derivative method for gga potentials         [abgv, bspline, ble]
             maxrotn  2.5000e-01 # default   step restriction used in autoshift algorithm
             nvalpha  0          # default   number of alpha virtuals to compute
              nvbeta  0          # default   number of beta virtuals to compute
               nopen  0          # default   number of unpaired electrons = nalpha-nbeta
             maxiter  25         # default   maximum number of iterations
                 nio  1          # default   no. of io servers to use
     spin_restricted  true       # default   true if spin restricted
              plotlo  0          # default   range of MOs to print (for both spins if polarized
              plothi  -1         # default   range of MOs to print (for both spins if polarized
            plotdens  false      # default   If true print the density at convergence
            plotcoul  false      # default   If true plot the total coulomb potential at convergence
            localize  boys       # defined   localization method                          [pm, boys, new, canon]
          pointgroup  c1         # derived   use point (sub) group symmetry if not localized[c1, c2, ci, cs, c2v, c2h, d2, d2h]
             restart  false      # default   if true restart from orbitals on disk
           restartao  false      # default   if true restart from orbitals projected into AO basis (STO3G) on disk
          no_compute  false      # default   if true use orbitals on disk, set value to computed
           no_orient  false      # default   if true the molecule coordinates will not be reoriented
                save  true       # default   if true save orbitals to disk
              maxsub  10         # default   size of iterative subspace ... set to 0 or 1 to disable
        orbitalshift  0.0000e+00 # default   scf orbital shift: shift the occ orbitals to lower energies
            npt_plot  101        # default   no. of points to use in each dim for plots
           plot_cell  []         # default   lo hi in each dimension for plotting (default is all space)
             aobasis  6-31g      # derived   AO basis used for initial guess (6-31g or sto-3g)
           core_type  none       # default   core potential type                          [none, mpc]
         derivatives  false      # default   if true calculate nuclear derivatives
              dipole  false      # default   if true calculate dipole moment
      conv_only_dens  false      # default   if true remove bsh_residual from convergence criteria (deprecated)
            psp_calc  false      # default   pseudopotential calculation for all atoms
 print_dipole_matels  false      # default   if true output dipole matrix elements
            pcm_data  none       # default   do a PCM (solvent) calculation
             ac_data  none       # default   do a calculation with asymptotic correction (see ACParameters class in chem/AC.h for details)
             pure_ae  true       # default   pure all electron calculation with no pseudo-atoms
         print_level  3          # default   0: no output; 1: final energy; 2: iterations; 3: timings; 10: debug
              nalpha  3          # derived   number of alpha spin electrons
               nbeta  3          # derived   number of beta  spin electrons
           nmo_alpha  3          # derived   number of alpha spin molecular orbitals
            nmo_beta  3          # derived   number of beta spin molecular orbitals
                  lo  9.0905e-04 # derived   smallest length scale we need to resolve
            protocol  [1.0000e-04, 1.0000e-06] # derived   calculation protocol
                gopt  false      # default   geometry optimizer
                gtol  1.0000e-04 # default   geometry tolerance
               gtest  false      # default   geometry tolerance
                gval  1.0000e-05 # default   value precision
               gprec  1.0000e-04 # default   gradient precision
            gmaxiter  20         # default   optimization maxiter
    ginitial_hessian  false      # default   compute inital hessian for optimization
              algopt  bfgs       # default   algorithm used for optimization              [bfgs, cg]
            tdksprop  false      # default   time-dependent Kohn-Sham equation propagate
           nv_factor  1          # default   factor to multiply number of virtual orbitals with when automatically decreasing nvirt
           vnucextra  2          # default   load balance parameter for nuclear pot
        loadbalparts  2          # default   ??
            response  false      # default   response function calculation
       response_freq  0.0000e+00 # default   frequency for calculation response function
       response_axis  [1, 1, 1]  # default   response axis
           nonrotate  false      # default   if true do not molcule orient (redundant with no_orient
               rconv  1.0000e-06 # default   Response convergence
              efield  0.0000e+00 # default   eps for finite field
         efield_axis  0          # default   finite field axis                            [0, 1, 2]
              nwfile  none       # default   Base name of nwchem output files (.out and .movecs extensions) to read from



 geometry
   eprec 1.0e-06
   units atomic
   Be            0.00000000           0.00000000           0.28345892
   H             0.00000000           0.00000000           2.74010289
   H             0.00000000           0.00000000          -3.87393857
 end

Solving NDIM= 3  with thresh 1.000000e-04     k 7    conv 5.000000e-04 

timer:     Project vnuclear     0.75s     0.75s
constructed nuclear correlation factor of the form
    R   =  1.000000e+00
with eprec  1.000000e-06
which means it's (nearly) a conventional calculation

timer:        reproject ncf     1.83s     1.83s
timer:        guess density     0.55s     0.55s
timer:   guess Coulomb potn     0.51s     0.51s
timer:       guess lda potn     0.24s     0.24s
timer:        guess overlap     0.03s     0.03s
timer:    KEmat reconstruct     0.05s     0.05s
timer:  KEmat differentiate     0.27s     0.27s
timer:       KEmat compress     0.10s     0.10s
timer: KEmat inner products     0.18s     0.18s
timer:     guess Kinet potn     0.61s     0.61s
timer:           guess fock     0.50s     0.50s
timer:      guess eigen sol     0.02s     0.02s
timer: guess orbital groupi     0.01s     0.01s

starting protocol at time      7.4s 
precision steps  1.000000e-04  -->  1.000000e-04
protocol: thresh 1.000000e-04 econv  1.000000e-04 dconv 5.000000e-04

ending protocol at time      7.4s 

Solving NDIM= 3  with thresh 1.000000e-04     k 7    conv 5.000000e-04 

timer:        Boys localize     0.99s     0.99s
orbital irreps []
timer:      reconstruct psi     0.17s     0.17s
timer:        compute Jnemo     0.78s     0.78s
timer:        compute Knemo     2.02s     2.02s
timer: compute Unemo 0.0155     0.20s     0.20s

  nuclear and kinetic     -25.55978346
         kinetic only      15.53378610
              coulomb      10.51790567
             exchange      -3.35877093
    nuclear-repulsion       2.74157143
   regularized energy     -15.65907729
  buggy if hybrid functionals are used..
timer:       compute energy     3.57s     3.57s
Norm of vector changes ab spin case : rms 5.074202e-02    max 7.382724e-02
convergence: bshresidual, energy change, max energy change, density change 5.6e-02 1.6e+01 1.6e+01 1.4e+00
finished iteration  0 at time     20.5s with energy  -15.65907729
timer:        Boys localize     0.94s     0.94s
orbital irreps []
timer:      reconstruct psi     0.24s     0.24s
timer:        compute Jnemo     0.76s     0.76s
timer:        compute Knemo     2.06s     2.06s
timer: compute Unemo 0.0151     0.18s     0.18s

  nuclear and kinetic     -25.57751357
         kinetic only      15.46438899
              coulomb      10.48397477
             exchange      -3.33307276
    nuclear-repulsion       2.74157143
   regularized energy     -15.68504013
  buggy if hybrid functionals are used..
timer:       compute energy     3.87s     3.87s
Norm of vector changes ab spin case : rms 2.125710e-02    max 3.081469e-02
convergence: bshresidual, energy change, max energy change, density change 1.6e-02 2.6e-02 6.9e-02 9.8e-03
finished iteration  1 at time     33.9s with energy  -15.68504013
timer:        Boys localize     1.05s     1.05s
orbital irreps []
timer:      reconstruct psi     0.15s     0.15s
timer:        compute Jnemo     0.75s     0.75s
timer:        compute Knemo     2.05s     2.05s
timer: compute Unemo 0.0151     0.19s     0.19s

  nuclear and kinetic     -25.59049843
         kinetic only      15.44807108
              coulomb      10.48428968
             exchange      -3.32327562
    nuclear-repulsion       2.74157143
   regularized energy     -15.68791293
  buggy if hybrid functionals are used..
timer:       compute energy     3.74s     3.74s
Norm of vector changes ab spin case : rms 3.832576e-03    max 5.707703e-03
convergence: bshresidual, energy change, max energy change, density change 2.4e-03 2.9e-03 1.6e-02 2.1e-03
finished iteration  2 at time     47.6s with energy  -15.68791293
timer:        Boys localize     1.04s     1.04s
orbital irreps []
timer:      reconstruct psi     0.22s     0.22s
timer:        compute Jnemo     0.68s     0.68s
timer:        compute Knemo     1.99s     1.99s
timer: compute Unemo 0.0151     0.15s     0.15s

  nuclear and kinetic     -25.59924573
         kinetic only      15.44617566
              coulomb      10.49118813
             exchange      -3.32156841
    nuclear-repulsion       2.74157143
   regularized energy     -15.68805457
  buggy if hybrid functionals are used..
timer:       compute energy     3.59s     3.59s
Norm of vector changes ab spin case : rms 1.693778e-03    max 2.476422e-03
convergence: bshresidual, energy change, max energy change, density change 8.8e-04 1.4e-04 8.7e-03 5.5e-04
finished iteration  3 at time     61.0s with energy  -15.68805457
timer:        Boys localize     0.98s     0.98s
orbital irreps []
timer:      reconstruct psi     0.17s     0.17s
timer:        compute Jnemo     0.65s     0.65s
timer:        compute Knemo     2.13s     2.13s
timer: compute Unemo 0.0151     0.22s     0.22s

  nuclear and kinetic     -25.60361359
         kinetic only      15.44598124
              coulomb      10.49525230
             exchange      -3.32128242
    nuclear-repulsion       2.74157143
   regularized energy     -15.68807227
  buggy if hybrid functionals are used..
timer:       compute energy     3.97s     3.97s
Norm of vector changes ab spin case : rms 5.668434e-04    max 7.365167e-04
convergence: bshresidual, energy change, max energy change, density change 3.1e-04 1.8e-05 4.4e-03 1.5e-04
finished iteration  4 at time     75.2s with energy  -15.68807227

Iterations converged


ending protocol at time     75.2s 

 Dipole Moment (a.u.)
 -----------

     x:  -6.385349e-14
     y:  -7.006372e-14
     z:  7.568051e-01
 Total Dipole Moment:  7.568051e-01 

timer:               dipole     0.03s     0.03s
Nemo Orbital Energies: [*]  -4.75500250  -0.51367084  -0.35916357

nemo energy:  -1.568807e+01
 at time 75.7
PNO Integrals evaluated as:
pnoint
       rank_increase  15         # default   maximum rank to increase in every macroiteration
               chunk  100        # default   chunk of functions operated on in parallel when G or K is applied (prevent memory shortage)
               debug  false      # default   debug mode
              freeze  1          # derived   frozen core approximation
             maxrank  2          # defined   maximal pno rank for all pairs
           guesstype  exop       # derived   the guesstype: exop (recommended, multiply polynomial excitation operators onto the occupied orbitals), empty (don't compute a guess), scf (use the ao basis from the SCF solver), partial_wave (create s,p,d ..., type functions and place on atoms), predefined (same as partial_wave but for predefined sets)
                exop  multipole  # derived   this string defines which excitation operators can be used, use 'dipole', 'dipole+', 'quadrupole', 'ocopole', or 'multipole', need to set guesstype to 'exop' which is the default
          exop_trigo  true       # default   use trigonometric excitation operators ( x --> sin(x)
        partial_wave             # default   atom centered partial wave guess of format like 'h-2s1p-o-3s2p1d', need to set guesstype to 'partial_wave' and adaptive_solver to 'none'
          predefined             # default   predefined partial wave guesses of type pvxz with x=d,t,q,5,6, need to set guesstype to 'predefined' and adaptive_solver to 'none'
           maxiter_t  100        # default   maximal number of iterations in the amplitude solver
       maxiter_micro  10         # default   Maximum of iterations for every cycle in the adaptive solver
       maxiter_macro  10         # default   Maximum of iterations of cycles in the adaptive solver
                tpno  1.0000e-08 # default   PNO cutoff threshold
          tpno_tight  1.0000e-10 # derived   PNO cutoff for the first iteration
    canonicalize_pno  true       # default   canonicalize the pnos before the amplitude solver
              thresh  1.0000e-04 # defined   MRA threshold
         econv_micro  1.0000e-04 # derived   Energy convergence for microiterations (Greens function based optimization) in adaptive solver
         econv_pairs  1.0000e-05 # derived   ENergy convergence for individual pairs in adaptive solver. Converged pairs are frozen automatically
         econv_macro  1.0000e-04 # derived   Energy convergence for macroiterations in adaptive solver, no effect if adaptive_solver is deactivated
               dconv  1.0000e-01 # default   convergence of every PNO in the Green's function solver
           op_thresh  1.0000e-06 # default   MRA operator thresh
             restart  none       # derived   restart pairs of this type, use 'mp2', 'cispd', 'all' or 'none'
          no_compute  none       # default   do not compute the pairs of this type, use 'mp2', 'cispd', 'all' or 'none'
              no_opt  none       # default   do not optimize the pnos of this type, use 'mp2', 'cispd', 'all' or 'none'
            no_guess  none       # derived   guess for this type will be empty, use 'mp2', 'cispd', 'all' or 'none'
     adaptive_solver  all        # default   Use adaptive solver for those pairs, use 'mp2', 'cispd', 'all' or 'none', works only in combination with guesstype 'exop'
                kain  true       # default   use KAIN solver in amplitude solver
       kain_subspace  5          # default   subspace size of the KAIN solver (amplitudes)
                 f12  false      # defined   use explicit correlation
        cispd_number  -1         # default   CIS(D) excitation numbers, to read in correct functions
        cispd_energy  0.0000e+00 # default   CIS energy
        freeze_pairs  none       # default   frozen pairs will not be optimized: Expected format 'a b c d' will freeze pairs ab and cd
freeze_pairs_of_orbital  []         # default    All pairs which originate from this orbital will not be optimized
active_pairs_of_orbital  []         # default    All pairs which originate from this orbital will not be frozen all other pairs will, if this vector is not empty
no_opt_in_first_iteration  false      # default   Do not optimize in the first iteration (then the potentials do not have to be evaluated, use this for large guesses)
            exchange  full       # default   approximate exchange with 'neglect' or xc functional -> same syntax as moldft
           save_pnos  true       # default   Save the OBS-PNOs to a file, before and after orthonormalization.
            diagonal  true       # defined   Compute only diagonal PNOs
              orthog  symmetric  # defined   orthogonalization method for PNO basis, also current default for a potential CABS. options: symmetric, canonical, cholesky, rr_cholesky,
         orthog_cabs  default    # default   orthogonalization method for CABS basis. options: symmetric, canonical, cholesky, rr_cholesky, uses same as orbitals basis if default.
               n_pno  2          # defined   desired size of PNO-basis (orbital space)
         cabs_option  none       # default   type of complementary auxiliary basis to be used. can be none ~ no CABS, gbs ~ Gaussian basis set as CABS, requires input via auxbas_file, pno ~ use superfluous PNOs as CABS, mixed ~ gbs&pno-option
       pno_cabs_size  -1         # default   size of a potential pno-cabs. defaults to -1 ~ all remaining PNOs, if pno-cabs or mixed-cabs
           only_diag  false      # default   use only diagonal elements PNOs
         cherry_pick  []         # default   cherry pick option to choose particular set of PNOs, not just blindly by occupation number. can be useful, if only a restricted number of PNOs can be used, to avoid separating degenerate pairs. can be envoked by passing a vector via [ elem1, elem2, ... ]
               gamma  1.4000e+00 # default   The f12 length scale, here to be used to compute f12-integrals
         cabs_thresh  1.0000e-04 # derived    thresh for cabs part
              auxbas  none       # default   atom centered partial wave guess of format like 'h-2s1p-o-3s2p1d'
         auxbas_file  none       # default   Use external comp. aux. basis in addition to the pnos as auxbasis. Give the filename as parameter. Give the auxbas in turbomole format. Don't use contractions. If a file is specified the auxbas parameter has no effect
   print_pno_overlap  true       # default   Print overlap matrix at certain steps in computation, for debugging purposes.
              n_virt  0          # defined   Compute this number of virtuals and include them in the integral construction, experimental and not robust!.
      hardcore_boson  false      # default   compute only integrals for hardcore boson hamiltonian (restricted to double occupations)

end
F12 Operators initialized right
timer:                    Testing F12 Operators     0.80s     0.80s 
timer:  Initializing (active) Exchange Orbitals     2.31s     2.31s 
Size of active mos and their exchange potentials:
K(acmos)=2.984881e-03 Gbyte
acmos   =2.545327e-03 Gbyte
PNO Parameters
pno
       rank_increase  15         # default   maximum rank to increase in every macroiteration
               chunk  100        # default   chunk of functions operated on in parallel when G or K is applied (prevent memory shortage)
               debug  false      # default   debug mode
              freeze  1          # derived   frozen core approximation
             maxrank  2          # defined   maximal pno rank for all pairs
           guesstype  exop       # derived   the guesstype: exop (recommended, multiply polynomial excitation operators onto the occupied orbitals), empty (don't compute a guess), scf (use the ao basis from the SCF solver), partial_wave (create s,p,d ..., type functions and place on atoms), predefined (same as partial_wave but for predefined sets)
                exop  multipole  # derived   this string defines which excitation operators can be used, use 'dipole', 'dipole+', 'quadrupole', 'ocopole', or 'multipole', need to set guesstype to 'exop' which is the default
          exop_trigo  true       # default   use trigonometric excitation operators ( x --> sin(x)
        partial_wave             # default   atom centered partial wave guess of format like 'h-2s1p-o-3s2p1d', need to set guesstype to 'partial_wave' and adaptive_solver to 'none'
          predefined             # default   predefined partial wave guesses of type pvxz with x=d,t,q,5,6, need to set guesstype to 'predefined' and adaptive_solver to 'none'
           maxiter_t  100        # default   maximal number of iterations in the amplitude solver
       maxiter_micro  10         # default   Maximum of iterations for every cycle in the adaptive solver
       maxiter_macro  10         # default   Maximum of iterations of cycles in the adaptive solver
                tpno  1.0000e-08 # default   PNO cutoff threshold
          tpno_tight  1.0000e-10 # derived   PNO cutoff for the first iteration
    canonicalize_pno  true       # default   canonicalize the pnos before the amplitude solver
              thresh  1.0000e-04 # defined   MRA threshold
         econv_micro  1.0000e-04 # derived   Energy convergence for microiterations (Greens function based optimization) in adaptive solver
         econv_pairs  1.0000e-05 # derived   ENergy convergence for individual pairs in adaptive solver. Converged pairs are frozen automatically
         econv_macro  1.0000e-04 # derived   Energy convergence for macroiterations in adaptive solver, no effect if adaptive_solver is deactivated
               dconv  1.0000e-01 # default   convergence of every PNO in the Green's function solver
           op_thresh  1.0000e-06 # default   MRA operator thresh
             restart  none       # derived   restart pairs of this type, use 'mp2', 'cispd', 'all' or 'none'
          no_compute  none       # default   do not compute the pairs of this type, use 'mp2', 'cispd', 'all' or 'none'
              no_opt  none       # default   do not optimize the pnos of this type, use 'mp2', 'cispd', 'all' or 'none'
            no_guess  none       # derived   guess for this type will be empty, use 'mp2', 'cispd', 'all' or 'none'
     adaptive_solver  all        # default   Use adaptive solver for those pairs, use 'mp2', 'cispd', 'all' or 'none', works only in combination with guesstype 'exop'
                kain  true       # default   use KAIN solver in amplitude solver
       kain_subspace  5          # default   subspace size of the KAIN solver (amplitudes)
                 f12  false      # defined   use explicit correlation
        cispd_number  -1         # default   CIS(D) excitation numbers, to read in correct functions
        cispd_energy  0.0000e+00 # default   CIS energy
        freeze_pairs  none       # default   frozen pairs will not be optimized: Expected format 'a b c d' will freeze pairs ab and cd
freeze_pairs_of_orbital  []         # default    All pairs which originate from this orbital will not be optimized
active_pairs_of_orbital  []         # default    All pairs which originate from this orbital will not be frozen all other pairs will, if this vector is not empty
no_opt_in_first_iteration  false      # default   Do not optimize in the first iteration (then the potentials do not have to be evaluated, use this for large guesses)
            exchange  full       # default   approximate exchange with 'neglect' or xc functional -> same syntax as moldft
           save_pnos  true       # default   Save the OBS-PNOs to a file, before and after orthonormalization.
            diagonal  true       # defined   Compute only diagonal PNOs

end

**********************
Solve PNO-MP2
*********************


**********************
Iterate Pairs
*********************


************************
Adaptive Solver
***********************

Initializing empty Pairs:
no guess was explicitly demanded for mp2

timer:                                     RRCD     0.00s     0.00s 
timer:                             MRA compress     0.00s     0.00s 
timer:                          Transform Pairs     0.00s     0.00s 
timer:          apply Q and orthonormalize PNOs     0.00s     0.00s 
Created Guess:
pair11 with 0 guess functions
pair21 with 0 guess functions
pair22 with 0 guess functions
guess pair11 size: 0.0000000000e+00 | 0.0000000000e+00 Gbyte (after truncation)
guess pair22 size: 0.0000000000e+00 | 0.0000000000e+00 Gbyte (after truncation)
timer:                           truncate guess     0.00s     0.00s 
timer:                         Initialize Pairs     0.00s     0.00s 
Keyword multipole is not known
Guess protocol for adaptively growing ranks is: [dipole+, quadrupole, big_fock_3, big_fock_3, big_fock_3, big_fock_3, big_fock_3, big_fock_3, big_fock_3, big_fock_3]


--------Adaptive Solver Macroiteration 0 from max 10 ----------

Growing ranks with exop=dipole+
Create guess functions by multiplying plane-waves to 1 functions 
Created 4 virtuals for pair11
pair21 is frozen: no growing
Create guess functions by multiplying plane-waves to 1 functions 
Created 4 virtuals for pair22
frozen pair: no orthonormalization
timer:                                     RRCD     0.06s     0.06s 
timer:                             MRA compress     0.00s     0.00s 
timer:                          Transform Pairs     0.13s     0.13s 
timer:                        grow PNO subspace     1.73s     1.73s 
SolveInternal: Parameters are assigned as
no_compute        = false
no_opt            = false
restart           = false
do_cispd          = false
econv             =1.0000000000e-04
maxrank (min,max) = (2,2)
Solving MP2 doubles
timer:          fock matrix     2.76s     2.76s
Information About All Pairs:
mp2_pair11           number=0 rank=  4 frozen=false
mp2_pair21           number=1 rank=  0 frozen=true
mp2_pair22           number=2 rank=  4 frozen=false
number of pairs=3
average rank   =2 (2.6666666667e+00)
largest rank   =4
PNOPairs Memory Information
Total: 0.0096497536 GB 
PNO  : 0.0096497536 GB 
KPNO : 0.0000000000 GB 
W    : 0.0000000000 GB 

timer:                                 truncate     0.02s     0.02s 
wall time=89.7670829296 chunk=8 allK.size()=8 memory=0.0094044209 GB
timer:                             compute KPNO     4.38s     4.38s 
wall time=89.9280469418 chunk=8 allJ.size()=8 memory=0.0105493069 GB
timer:                             compute JPNO     0.16s     0.16s 
timer:                    compute Fock matrices     1.32s     1.33s 
timer:                             MRA compress     0.00s     0.00s 
timer:                          Transform Pairs     0.22s     0.22s 
timer:                             Canonicalize     0.23s     0.23s 
PNOPairs Memory Information
Total: 0.0189723969 GB 
PNO  : 0.0095679760 GB 
KPNO : 0.0094044209 GB 
W    : 0.0000000000 GB 

timer:                                 truncate     0.08s     0.08s 
mp2_pair21 is frozen: potential not computed
timer:                   Fluctuation Potentials     2.26s     2.26s 
timer:                       Fluctuation Matrix     0.19s     0.19s 
PNOPairs Memory Information
Total: 0.0333652496 GB 
PNO  : 0.0095679760 GB 
KPNO : 0.0094044209 GB 
W    : 0.0143928528 GB 

PNOPairs Memory Information
Total: 0.0333652496 GB 
PNO  : 0.0095679760 GB 
KPNO : 0.0094044209 GB 
W    : 0.0143928528 GB 

timer:                                 truncate     0.05s     0.05s 
timer:                             PNO Overlaps     0.09s     0.09s 
t_iter =  0  Hylleraas energy =  0.0000000000  ||R||_F =  0.1853091826  conv =  no
subspace solution [*]   1.00000000

t_iter =  1  Hylleraas energy =  -0.0272358114  ||R||_F =  0.0000000266  conv =  yes
=======================================================

Hylleraas MP2 Energies

=======================================================
    i    j      singlet      triplet        Total
=======================================================
    1    1  -1.28434e-02  0.00000e+00 -1.28434e-02
    2    1   0.00000e+00  0.00000e+00  0.00000e+00
    2    2  -1.43924e-02  0.00000e+00 -1.43924e-02
=======================================================
Hylleraas MP2 Energies (singlet): -2.72358e-02
Hylleraas MP2 Energies (triplet):  0.00000e+00
Hylleraas MP2 Energies (total)  : -2.72358e-02
=======================================================
-------------------------------------------
Total Reg Energy  =-2.72358e-02
Total F12 Energy  = 0.00000e+00
Sum Energies Total=-2.72358e-02
-------------------------------------------
timer:                         Solve Amplitudes     0.00s     0.00s 
No optimization untill now: Compressing pno ranks with tighter threshold
1.00000e-10 instead of 1.00000e-08
pair11: density evals:
 [*]   0.00339723   0.00418769   0.00418769   0.00494899

pair11: # of PNOs reduced from  4  to  2  maxrank= 2
pair22: density evals:
 [*]   0.00322466   0.00390138   0.00390138   0.01778641

pair22: # of PNOs reduced from  4  to  2  maxrank= 2
timer:                            compress PNOs     0.00s     0.00s 
timer:                             MRA compress     0.00s     0.00s 
timer:                          Transform Pairs     0.18s     0.18s 
timer:                          PNO Compression     0.18s     0.18s 
Information About All Pairs:
mp2_pair11           number=0 rank=  2 frozen=false
mp2_pair21           number=1 rank=  0 frozen=true
mp2_pair22           number=2 rank=  2 frozen=false
number of pairs=3
average rank   =1 (1.33333e+00)
largest rank   =2
saving vector of functions mp2_pair11
saving vector of functions mp2_pair22
timer:                        save pnos on disc     0.20s     0.20s 
PNOPairs Memory Information
Total: 0.01668 GB 
PNO  : 0.00491 GB 
KPNO : 0.00474 GB 
W    : 0.00703 GB 

timer:                                 truncate     0.04s     0.04s 
timer:      compute densities for G application     0.00s     0.00s 
pair21 is frozen: no optimization
timer:                Prepare for G application     0.14s     0.14s 
timer:                                    add K     0.00s     0.00s 
size of all Vpsi potentials (without Vnuc and J) 0.00581 GB 
time=95.35454 chunk=4 Vpsi+Vnuc+J=0.01570 GB
time=95.39874 chunk=4 Vpsi+Vnuc+J=0.01570 GB (after truncation)
timer:                           Apply G to all     2.05s     2.05s 
timer:                       apply Q and update     0.00s     0.00s 
mp2_pair11 residual norms:
[0.36437, 0.44480]
mp2_pair11 scaled residual norms:
[0.02358, 0.03129]
mp2_pair22 residual norms:
[0.36872, 0.38220]
mp2_pair22 scaled residual norms:
[0.02303, 0.05097]
timer:                          update all PNOs     2.20s     2.20s 
frozen pair: no orthonormalization
timer:                                     RRCD     0.09s     0.09s 
timer:                             MRA compress     0.00s     0.00s 
timer:                          Transform Pairs     0.05s     0.05s 
saving vector of functions mp2_pair11
saving vector of functions mp2_pair22
timer:                        save pnos on disc     0.25s     0.25s 


No convergence yet. Energy change = 0.02724

timer:                        Whole Iteration 1    11.89s    11.89s 
Information About All Pairs:
mp2_pair11           number=0 rank=  2 frozen=false
mp2_pair21           number=1 rank=  0 frozen=true
mp2_pair22           number=2 rank=  2 frozen=false
number of pairs=3
average rank   =1 (1.33333)
largest rank   =2
PNOPairs Memory Information
Total: 0.00523 GB 
PNO  : 0.00523 GB 
KPNO : 0.00000 GB 
W    : 0.00000 GB 

timer:                                 truncate     0.07s     0.07s 
wall time=100.10121 chunk=4 allK.size()=4 memory=0.00495 GB
timer:                             compute KPNO     2.77s     2.77s 
wall time=100.21572 chunk=4 allJ.size()=4 memory=0.00552 GB
timer:                             compute JPNO     0.11s     0.11s 
timer:                    compute Fock matrices     1.15s     1.15s 
timer:                             MRA compress     0.00s     0.00s 
timer:                          Transform Pairs     0.11s     0.11s 
timer:                             Canonicalize     0.11s     0.11s 
PNOPairs Memory Information
Total: 0.01018 GB 
PNO  : 0.00523 GB 
KPNO : 0.00495 GB 
W    : 0.00000 GB 

timer:                                 truncate     0.03s     0.03s 
mp2_pair21 is frozen: potential not computed
timer:                   Fluctuation Potentials     1.33s     1.33s 
timer:                       Fluctuation Matrix     0.14s     0.14s 
PNOPairs Memory Information
Total: 0.01770 GB 
PNO  : 0.00523 GB 
KPNO : 0.00495 GB 
W    : 0.00752 GB 

PNOPairs Memory Information
Total: 0.01770 GB 
PNO  : 0.00523 GB 
KPNO : 0.00495 GB 
W    : 0.00752 GB 

timer:                                 truncate     0.05s     0.05s 
timer:                             PNO Overlaps     0.08s     0.08s 
t_iter =  0  Hylleraas energy =  0.00000  ||R||_F =  0.21219  conv =  no
subspace solution [*]   1.00000000

t_iter =  1  Hylleraas energy =  -0.03035  ||R||_F =  0.00000  conv =  yes
=======================================================

Hylleraas MP2 Energies

=======================================================
    i    j      singlet      triplet        Total
=======================================================
    1    1  -1.25456e-02  0.00000e+00 -1.25456e-02
    2    1   0.00000e+00  0.00000e+00  0.00000e+00
    2    2  -1.78013e-02  0.00000e+00 -1.78013e-02
=======================================================
Hylleraas MP2 Energies (singlet): -3.03469e-02
Hylleraas MP2 Energies (triplet):  0.00000e+00
Hylleraas MP2 Energies (total)  : -3.03469e-02
=======================================================
-------------------------------------------
Total Reg Energy  =-3.03469e-02
Total F12 Energy  = 0.00000e+00
Sum Energies Total=-3.03469e-02
-------------------------------------------
timer:                         Solve Amplitudes     0.00s     0.00s 
pair11: density evals:
 [*]   0.00506491   0.00759734

pair22: density evals:
 [*]   0.00455379   0.02743591

timer:                            compress PNOs     0.00s     0.00s 
timer:                             MRA compress     0.00s     0.00s 
timer:                          Transform Pairs     0.24s     0.24s 
timer:                          PNO Compression     0.24s     0.24s 
Information About All Pairs:
mp2_pair11           number=0 rank=  2 frozen=false
mp2_pair21           number=1 rank=  0 frozen=true
mp2_pair22           number=2 rank=  2 frozen=false
number of pairs=3
average rank   =1 (1.33333e+00)
largest rank   =2
saving vector of functions mp2_pair11
saving vector of functions mp2_pair22
timer:                        save pnos on disc     0.22s     0.22s 
PNOPairs Memory Information
Total: 0.01770 GB 
PNO  : 0.00523 GB 
KPNO : 0.00495 GB 
W    : 0.00752 GB 

timer:                                 truncate     0.03s     0.03s 
timer:      compute densities for G application     0.00s     0.00s 
pair21 is frozen: no optimization
timer:                Prepare for G application     0.18s     0.18s 
timer:                                    add K     0.03s     0.03s 
size of all Vpsi potentials (without Vnuc and J) 0.00638 GB 
time=104.25240 chunk=4 Vpsi+Vnuc+J=0.01599 GB
time=104.31099 chunk=4 Vpsi+Vnuc+J=0.01566 GB (after truncation)
timer:                           Apply G to all     1.69s     1.69s 
timer:                       apply Q and update     0.00s     0.00s 
mp2_pair11 residual norms:
[0.09765, 0.12975]
mp2_pair11 scaled residual norms:
[0.00695, 0.01131]
mp2_pair22 residual norms:
[0.09238, 0.09759]
mp2_pair22 scaled residual norms:
[0.00623, 0.01616]
timer:                          update all PNOs     1.90s     1.90s 
frozen pair: no orthonormalization
timer:                                     RRCD     0.03s     0.03s 
timer:                             MRA compress     0.00s     0.00s 
timer:                          Transform Pairs     0.04s     0.04s 
saving vector of functions mp2_pair11
saving vector of functions mp2_pair22
timer:                        save pnos on disc     0.57s     0.57s 


No convergence yet. Energy change = 0.00311

timer:                        Whole Iteration 2     8.89s     8.89s 
Information About All Pairs:
mp2_pair11           number=0 rank=  2 frozen=false
mp2_pair21           number=1 rank=  0 frozen=true
mp2_pair22           number=2 rank=  2 frozen=false
number of pairs=3
average rank   =1 (1.33333)
largest rank   =2
PNOPairs Memory Information
Total: 0.00503 GB 
PNO  : 0.00503 GB 
KPNO : 0.00000 GB 
W    : 0.00000 GB 

timer:                                 truncate     0.00s     0.00s 
wall time=108.91273 chunk=4 allK.size()=4 memory=0.00515 GB
timer:                             compute KPNO     2.76s     2.76s 
wall time=109.03201 chunk=4 allJ.size()=4 memory=0.00564 GB
timer:                             compute JPNO     0.12s     0.12s 
timer:                    compute Fock matrices     0.98s     0.98s 
timer:                             MRA compress     0.00s     0.00s 
timer:                          Transform Pairs     0.11s     0.11s 
timer:                             Canonicalize     0.11s     0.11s 
PNOPairs Memory Information
Total: 0.01018 GB 
PNO  : 0.00503 GB 
KPNO : 0.00515 GB 
W    : 0.00000 GB 

timer:                                 truncate     0.03s     0.03s 
mp2_pair21 is frozen: potential not computed
timer:                   Fluctuation Potentials     1.29s     1.29s 
timer:                       Fluctuation Matrix     0.13s     0.13s 
PNOPairs Memory Information
Total: 0.01795 GB 
PNO  : 0.00503 GB 
KPNO : 0.00515 GB 
W    : 0.00777 GB 

PNOPairs Memory Information
Total: 0.01795 GB 
PNO  : 0.00503 GB 
KPNO : 0.00515 GB 
W    : 0.00777 GB 

timer:                                 truncate     0.05s     0.05s 
timer:                             PNO Overlaps     0.10s     0.10s 
t_iter =  0  Hylleraas energy =  0.00000  ||R||_F =  0.22808  conv =  no
subspace solution [*]   1.00000000

t_iter =  1  Hylleraas energy =  -0.03200  ||R||_F =  0.00000  conv =  yes
=======================================================

Hylleraas MP2 Energies

=======================================================
    i    j      singlet      triplet        Total
=======================================================
    1    1  -1.33260e-02  0.00000e+00 -1.33260e-02
    2    1   0.00000e+00  0.00000e+00  0.00000e+00
    2    2  -1.86787e-02  0.00000e+00 -1.86787e-02
=======================================================
Hylleraas MP2 Energies (singlet): -3.20048e-02
Hylleraas MP2 Energies (triplet):  0.00000e+00
Hylleraas MP2 Energies (total)  : -3.20048e-02
=======================================================
-------------------------------------------
Total Reg Energy  =-3.20048e-02
Total F12 Energy  = 0.00000e+00
Sum Energies Total=-3.20048e-02
-------------------------------------------
timer:                         Solve Amplitudes     0.00s     0.00s 
pair11: density evals:
 [*]   0.00482882   0.00732497

pair22: density evals:
 [*]   0.00430730   0.02689588

timer:                            compress PNOs     0.00s     0.00s 
timer:                             MRA compress     0.00s     0.00s 
timer:                          Transform Pairs     0.20s     0.20s 
timer:                          PNO Compression     0.20s     0.20s 
Information About All Pairs:
mp2_pair11           number=0 rank=  2 frozen=false
mp2_pair21           number=1 rank=  0 frozen=true
mp2_pair22           number=2 rank=  2 frozen=false
number of pairs=3
average rank   =1 (1.33333e+00)
largest rank   =2
saving vector of functions mp2_pair11
saving vector of functions mp2_pair22
timer:                        save pnos on disc     0.13s     0.13s 
PNOPairs Memory Information
Total: 0.01795 GB 
PNO  : 0.00503 GB 
KPNO : 0.00515 GB 
W    : 0.00777 GB 

timer:                                 truncate     0.05s     0.05s 
timer:      compute densities for G application     0.00s     0.00s 
pair21 is frozen: no optimization
timer:                Prepare for G application     0.14s     0.14s 
timer:                                    add K     0.00s     0.00s 
size of all Vpsi potentials (without Vnuc and J) 0.00646 GB 
time=112.70534 chunk=4 Vpsi+Vnuc+J=0.01636 GB
time=112.76785 chunk=4 Vpsi+Vnuc+J=0.01595 GB (after truncation)
timer:                           Apply G to all     1.84s     1.84s 
timer:                       apply Q and update     0.00s     0.00s 
mp2_pair11 residual norms:
[0.03338, 0.05842]
mp2_pair11 scaled residual norms:
[0.00232, 0.00500]
mp2_pair22 residual norms:
[0.03368, 0.03846]
mp2_pair22 scaled residual norms:
[0.00221, 0.00631]
timer:                          update all PNOs     2.00s     2.00s 
frozen pair: no orthonormalization
timer:                                     RRCD     0.03s     0.03s 
timer:                             MRA compress     0.00s     0.00s 
timer:                          Transform Pairs     0.06s     0.06s 
saving vector of functions mp2_pair11
saving vector of functions mp2_pair22
timer:                        save pnos on disc     0.10s     0.10s 


No convergence yet. Energy change = 0.00166

timer:                        Whole Iteration 3     8.19s     8.19s 
Information About All Pairs:
mp2_pair11           number=0 rank=  2 frozen=false
mp2_pair21           number=1 rank=  0 frozen=true
mp2_pair22           number=2 rank=  2 frozen=false
number of pairs=3
average rank   =1 (1.33333)
largest rank   =2
PNOPairs Memory Information
Total: 0.00523 GB 
PNO  : 0.00523 GB 
KPNO : 0.00000 GB 
W    : 0.00000 GB 

timer:                                 truncate     0.01s     0.01s 
wall time=117.37291 chunk=4 allK.size()=4 memory=0.00515 GB
timer:                             compute KPNO     3.03s     3.03s 
wall time=117.53623 chunk=4 allJ.size()=4 memory=0.00577 GB
timer:                             compute JPNO     0.16s     0.16s 
timer:                    compute Fock matrices     1.02s     1.02s 
timer:                             MRA compress     0.00s     0.00s 
timer:                          Transform Pairs     0.08s     0.08s 
timer:                             Canonicalize     0.08s     0.08s 
PNOPairs Memory Information
Total: 0.01039 GB 
PNO  : 0.00523 GB 
KPNO : 0.00515 GB 
W    : 0.00000 GB 

timer:                                 truncate     0.02s     0.02s 
mp2_pair21 is frozen: potential not computed
timer:                   Fluctuation Potentials     1.45s     1.46s 
timer:                       Fluctuation Matrix     0.12s     0.12s 
PNOPairs Memory Information
Total: 0.01824 GB 
PNO  : 0.00523 GB 
KPNO : 0.00515 GB 
W    : 0.00785 GB 

PNOPairs Memory Information
Total: 0.01824 GB 
PNO  : 0.00523 GB 
KPNO : 0.00515 GB 
W    : 0.00785 GB 

timer:                                 truncate     0.03s     0.03s 
timer:                             PNO Overlaps     0.07s     0.07s 
t_iter =  0  Hylleraas energy =  0.00000  ||R||_F =  0.23352  conv =  no
subspace solution [*]   1.00000000

t_iter =  1  Hylleraas energy =  -0.03230  ||R||_F =  0.00000  conv =  yes
=======================================================

Hylleraas MP2 Energies

=======================================================
    i    j      singlet      triplet        Total
=======================================================
    1    1  -1.34785e-02  0.00000e+00 -1.34785e-02
    2    1   0.00000e+00  0.00000e+00  0.00000e+00
    2    2  -1.88228e-02  0.00000e+00 -1.88228e-02
=======================================================
Hylleraas MP2 Energies (singlet): -3.23013e-02
Hylleraas MP2 Energies (triplet):  0.00000e+00
Hylleraas MP2 Energies (total)  : -3.23013e-02
=======================================================
-------------------------------------------
Total Reg Energy  =-3.23013e-02
Total F12 Energy  = 0.00000e+00
Sum Energies Total=-3.23013e-02
-------------------------------------------
timer:                         Solve Amplitudes     0.00s     0.00s 
pair11: density evals:
 [*]   0.00470004   0.00709218

pair22: density evals:
 [*]   0.00418079   0.02629112

timer:                            compress PNOs     0.00s     0.00s 
timer:                             MRA compress     0.00s     0.00s 
timer:                          Transform Pairs     0.23s     0.23s 
timer:                          PNO Compression     0.23s     0.23s 
Information About All Pairs:
mp2_pair11           number=0 rank=  2 frozen=false
mp2_pair21           number=1 rank=  0 frozen=true
mp2_pair22           number=2 rank=  2 frozen=false
number of pairs=3
average rank   =1 (1.33333e+00)
largest rank   =2
saving vector of functions mp2_pair11
saving vector of functions mp2_pair22
timer:                        save pnos on disc     0.11s     0.11s 
PNOPairs Memory Information
Total: 0.01824 GB 
PNO  : 0.00523 GB 
KPNO : 0.00515 GB 
W    : 0.00785 GB 

timer:                                 truncate     0.04s     0.04s 
timer:      compute densities for G application     0.00s     0.00s 
pair21 is frozen: no optimization
timer:                Prepare for G application     0.15s     0.15s 
timer:                                    add K     0.00s     0.00s 
size of all Vpsi potentials (without Vnuc and J) 0.00654 GB 
time=121.37267 chunk=4 Vpsi+Vnuc+J=0.01615 GB
time=121.39888 chunk=4 Vpsi+Vnuc+J=0.01574 GB (after truncation)
timer:                           Apply G to all     1.90s     1.90s 
timer:                       apply Q and update     0.00s     0.00s 
mp2_pair11 residual norms:
[0.01207, 0.03288]
mp2_pair11 scaled residual norms:
[0.00083, 0.00277]
mp2_pair22 residual norms:
[0.01483, 0.01718]
mp2_pair22 scaled residual norms:
[0.00096, 0.00279]
timer:                          update all PNOs     2.05s     2.05s 
frozen pair: no orthonormalization
timer:                                     RRCD     0.04s     0.04s 
timer:                             MRA compress     0.00s     0.00s 
timer:                          Transform Pairs     0.08s     0.08s 
saving vector of functions mp2_pair11
saving vector of functions mp2_pair22
timer:                        save pnos on disc     0.09s     0.09s 


No convergence yet. Energy change = 0.00030

timer:                        Whole Iteration 4     8.66s     8.66s 
Information About All Pairs:
mp2_pair11           number=0 rank=  2 frozen=false
mp2_pair21           number=1 rank=  0 frozen=true
mp2_pair22           number=2 rank=  2 frozen=false
number of pairs=3
average rank   =1 (1.33333)
largest rank   =2
PNOPairs Memory Information
Total: 0.00523 GB 
PNO  : 0.00523 GB 
KPNO : 0.00000 GB 
W    : 0.00000 GB 

timer:                                 truncate     0.03s     0.03s 
wall time=125.94105 chunk=4 allK.size()=4 memory=0.00515 GB
timer:                             compute KPNO     2.92s     2.92s 
wall time=126.06368 chunk=4 allJ.size()=4 memory=0.00581 GB
timer:                             compute JPNO     0.12s     0.12s 
timer:                    compute Fock matrices     1.01s     1.01s 
timer:                             MRA compress     0.00s     0.00s 
timer:                          Transform Pairs     0.09s     0.09s 
timer:                             Canonicalize     0.10s     0.10s 
PNOPairs Memory Information
Total: 0.01039 GB 
PNO  : 0.00523 GB 
KPNO : 0.00515 GB 
W    : 0.00000 GB 

timer:                                 truncate     0.02s     0.02s 
mp2_pair21 is frozen: potential not computed
timer:                   Fluctuation Potentials     1.41s     1.41s 
timer:                       Fluctuation Matrix     0.16s     0.16s 
PNOPairs Memory Information
Total: 0.01824 GB 
PNO  : 0.00523 GB 
KPNO : 0.00515 GB 
W    : 0.00785 GB 

PNOPairs Memory Information
Total: 0.01824 GB 
PNO  : 0.00523 GB 
KPNO : 0.00515 GB 
W    : 0.00785 GB 

timer:                                 truncate     0.04s     0.04s 
timer:                             PNO Overlaps     0.07s     0.07s 
t_iter =  0  Hylleraas energy =  0.00000  ||R||_F =  0.23568  conv =  no
subspace solution [*]   1.00000000

t_iter =  1  Hylleraas energy =  -0.03237  ||R||_F =  0.00000  conv =  yes
=======================================================

Hylleraas MP2 Energies

=======================================================
    i    j      singlet      triplet        Total
=======================================================
    1    1  -1.35223e-02  0.00000e+00 -1.35223e-02
    2    1   0.00000e+00  0.00000e+00  0.00000e+00
    2    2  -1.88518e-02  0.00000e+00 -1.88518e-02
=======================================================
Hylleraas MP2 Energies (singlet): -3.23742e-02
Hylleraas MP2 Energies (triplet):  0.00000e+00
Hylleraas MP2 Energies (total)  : -3.23742e-02
=======================================================
-------------------------------------------
Total Reg Energy  =-3.23742e-02
Total F12 Energy  = 0.00000e+00
Sum Energies Total=-3.23742e-02
-------------------------------------------
timer:                         Solve Amplitudes     0.00s     0.00s 
pair11: density evals:
 [*]   0.00464643   0.00698111

pair22: density evals:
 [*]   0.00412307   0.02598390

timer:                            compress PNOs     0.00s     0.00s 
timer:                             MRA compress     0.00s     0.00s 
timer:                          Transform Pairs     0.21s     0.21s 
timer:                          PNO Compression     0.22s     0.22s 
Information About All Pairs:
mp2_pair11           number=0 rank=  2 frozen=false
mp2_pair21           number=1 rank=  0 frozen=true
mp2_pair22           number=2 rank=  2 frozen=false
number of pairs=3
average rank   =1 (1.33333e+00)
largest rank   =2
saving vector of functions mp2_pair11
saving vector of functions mp2_pair22
timer:                        save pnos on disc     0.10s     0.10s 
PNOPairs Memory Information
Total: 0.01824 GB 
PNO  : 0.00523 GB 
KPNO : 0.00515 GB 
W    : 0.00785 GB 

timer:                                 truncate     0.04s     0.04s 
timer:      compute densities for G application     0.00s     0.00s 
pair21 is frozen: no optimization
timer:                Prepare for G application     0.08s     0.08s 
timer:                                    add K     0.03s     0.03s 
size of all Vpsi potentials (without Vnuc and J) 0.00654 GB 
time=129.84577 chunk=4 Vpsi+Vnuc+J=0.01619 GB
time=129.87938 chunk=4 Vpsi+Vnuc+J=0.01578 GB (after truncation)
timer:                           Apply G to all     2.00s     2.00s 
timer:                       apply Q and update     0.00s     0.00s 
mp2_pair11 residual norms:
[0.00451, 0.02273]
mp2_pair11 scaled residual norms:
[0.00031, 0.00190]
mp2_pair22 residual norms:
[0.00743, 0.00819]
mp2_pair22 scaled residual norms:
[0.00048, 0.00132]
timer:                          update all PNOs     2.12s     2.12s 
frozen pair: no orthonormalization
timer:                                     RRCD     0.03s     0.03s 
timer:                             MRA compress     0.00s     0.00s 
timer:                          Transform Pairs     0.14s     0.14s 
saving vector of functions mp2_pair11
saving vector of functions mp2_pair22
timer:                        save pnos on disc     0.09s     0.09s 


CONVERGED!
energy change = 0.00007

re-entering loop to compute the correct amplitudes and energies
timer:                        Whole Iteration 5     8.65s     8.65s 
Information About All Pairs:
mp2_pair11           number=0 rank=  2 frozen=false
mp2_pair21           number=1 rank=  0 frozen=true
mp2_pair22           number=2 rank=  2 frozen=false
number of pairs=3
average rank   =1 (1.33333)
largest rank   =2
PNOPairs Memory Information
Total: 0.00523 GB 
PNO  : 0.00523 GB 
KPNO : 0.00000 GB 
W    : 0.00000 GB 

timer:                                 truncate     0.02s     0.02s 
wall time=134.42535 chunk=4 allK.size()=4 memory=0.00515 GB
timer:                             compute KPNO     2.76s     2.76s 
wall time=134.53174 chunk=4 allJ.size()=4 memory=0.00581 GB
timer:                             compute JPNO     0.11s     0.11s 
timer:                    compute Fock matrices     0.95s     0.95s 
timer:                             MRA compress     0.00s     0.00s 
timer:                          Transform Pairs     0.21s     0.21s 
timer:                             Canonicalize     0.21s     0.21s 
PNOPairs Memory Information
Total: 0.01039 GB 
PNO  : 0.00523 GB 
KPNO : 0.00515 GB 
W    : 0.00000 GB 

timer:                                 truncate     0.03s     0.03s 
mp2_pair21 is frozen: potential not computed
timer:                   Fluctuation Potentials     1.37s     1.37s 
timer:                       Fluctuation Matrix     0.14s     0.14s 
PNOPairs Memory Information
Total: 0.01824 GB 
PNO  : 0.00523 GB 
KPNO : 0.00515 GB 
W    : 0.00785 GB 

PNOPairs Memory Information
Total: 0.01824 GB 
PNO  : 0.00523 GB 
KPNO : 0.00515 GB 
W    : 0.00785 GB 

timer:                                 truncate     0.04s     0.04s 
timer:                             PNO Overlaps     0.06s     0.06s 
t_iter =  0  Hylleraas energy =  0.00000  ||R||_F =  0.23660  conv =  no
subspace solution [*]   1.00000000

t_iter =  1  Hylleraas energy =  -0.03240  ||R||_F =  0.00000  conv =  yes
=======================================================

Hylleraas MP2 Energies

=======================================================
    i    j      singlet      triplet        Total
=======================================================
    1    1  -1.35421e-02  0.00000e+00 -1.35421e-02
    2    1   0.00000e+00  0.00000e+00  0.00000e+00
    2    2  -1.88582e-02  0.00000e+00 -1.88582e-02
=======================================================
Hylleraas MP2 Energies (singlet): -3.24003e-02
Hylleraas MP2 Energies (triplet):  0.00000e+00
Hylleraas MP2 Energies (total)  : -3.24003e-02
=======================================================
-------------------------------------------
Total Reg Energy  =-3.24003e-02
Total F12 Energy  = 0.00000e+00
Sum Energies Total=-3.24003e-02
-------------------------------------------
timer:                         Solve Amplitudes     0.00s     0.00s 
pair11: density evals:
 [*]   0.00462496   0.00693508

pair22: density evals:
 [*]   0.00409561   0.02584085

timer:                            compress PNOs     0.00s     0.00s 
timer:                             MRA compress     0.00s     0.00s 
timer:                          Transform Pairs     0.24s     0.24s 
timer:                          PNO Compression     0.24s     0.24s 
Information About All Pairs:
mp2_pair11           number=0 rank=  2 frozen=false
mp2_pair21           number=1 rank=  0 frozen=true
mp2_pair22           number=2 rank=  2 frozen=false
number of pairs=3
average rank   =1 (1.33333e+00)
largest rank   =2
saving vector of functions mp2_pair11
saving vector of functions mp2_pair22
timer:                        save pnos on disc     0.11s     0.11s 
exiting: Iterations converged
PNO ranks:
PNO Rank for pair pair11 = 2
PNO Rank for pair pair21 = 0
PNO Rank for pair pair22 = 2
average rank 1.33333e+00
timer:                               PNO::solve    55.09s    55.09s 

--------------------------------
ITERATE-PAIRS-INTERNAL-ENDED
--------------------------------
mp2_pair21 converged!


Adaptive Sovler:
 Current Energy=-3.2400281633e-02
 DeltaE        =-3.2400281633e-02
 max dE (pair) =-1.8858169855e-02 (2)
 all_pairs_conv=false




not converged yet

freeze pair mp2_pair21 (not further optimized: Energy below 1.0000000000e-05)
Maximum Rank of2 reached for all non-frozen pairs, no need to iterate further=======================================================

Final MP2 Energies

=======================================================
    i    j      singlet      triplet        Total
=======================================================
    1    1  -1.35421e-02  0.00000e+00 -1.35421e-02
    2    1   0.00000e+00  0.00000e+00  0.00000e+00
    2    2  -1.88582e-02  0.00000e+00 -1.88582e-02
=======================================================
Final MP2 Energies (singlet): -3.24003e-02
Final MP2 Energies (triplet):  0.00000e+00
Final MP2 Energies (total)  : -3.24003e-02
=======================================================
-------------------------------------------
Total Reg Energy  =-3.24003e-02
Total F12 Energy  = 0.00000e+00
Sum Energies Total=-3.24003e-02
-------------------------------------------
Average | Max Rank: 1 | 2



--------------------------------------------------
MRA-PNO-MP2-F12 ended 
--------------------------------------------------
                 time scf = 7.51000e+01
               energy scf = -1.56881e+01
--------------------------------------------------
restarting PNO to reload pairs that converged before and were frozen
PNO Parameters
pno
       rank_increase  15         # default   maximum rank to increase in every macroiteration
               chunk  100        # default   chunk of functions operated on in parallel when G or K is applied (prevent memory shortage)
               debug  false      # default   debug mode
              freeze  1          # derived   frozen core approximation
             maxrank  2          # defined   maximal pno rank for all pairs
           guesstype  exop       # derived   the guesstype: exop (recommended, multiply polynomial excitation operators onto the occupied orbitals), empty (don't compute a guess), scf (use the ao basis from the SCF solver), partial_wave (create s,p,d ..., type functions and place on atoms), predefined (same as partial_wave but for predefined sets)
                exop  multipole  # derived   this string defines which excitation operators can be used, use 'dipole', 'dipole+', 'quadrupole', 'ocopole', or 'multipole', need to set guesstype to 'exop' which is the default
          exop_trigo  true       # default   use trigonometric excitation operators ( x --> sin(x)
        partial_wave             # default   atom centered partial wave guess of format like 'h-2s1p-o-3s2p1d', need to set guesstype to 'partial_wave' and adaptive_solver to 'none'
          predefined             # default   predefined partial wave guesses of type pvxz with x=d,t,q,5,6, need to set guesstype to 'predefined' and adaptive_solver to 'none'
           maxiter_t  100        # default   maximal number of iterations in the amplitude solver
       maxiter_micro  10         # default   Maximum of iterations for every cycle in the adaptive solver
       maxiter_macro  10         # default   Maximum of iterations of cycles in the adaptive solver
                tpno  1.0000e-08 # default   PNO cutoff threshold
          tpno_tight  1.0000e-10 # derived   PNO cutoff for the first iteration
    canonicalize_pno  true       # default   canonicalize the pnos before the amplitude solver
              thresh  1.0000e-04 # defined   MRA threshold
         econv_micro  1.0000e-04 # derived   Energy convergence for microiterations (Greens function based optimization) in adaptive solver
         econv_pairs  1.0000e-05 # derived   ENergy convergence for individual pairs in adaptive solver. Converged pairs are frozen automatically
         econv_macro  1.0000e-04 # derived   Energy convergence for macroiterations in adaptive solver, no effect if adaptive_solver is deactivated
               dconv  1.0000e-01 # default   convergence of every PNO in the Green's function solver
           op_thresh  1.0000e-06 # default   MRA operator thresh
             restart  all        # defined   restart pairs of this type, use 'mp2', 'cispd', 'all' or 'none'
          no_compute  none       # default   do not compute the pairs of this type, use 'mp2', 'cispd', 'all' or 'none'
              no_opt  all        # defined   do not optimize the pnos of this type, use 'mp2', 'cispd', 'all' or 'none'
            no_guess  all        # defined   guess for this type will be empty, use 'mp2', 'cispd', 'all' or 'none'
     adaptive_solver  none       # defined   Use adaptive solver for those pairs, use 'mp2', 'cispd', 'all' or 'none', works only in combination with guesstype 'exop'
                kain  true       # default   use KAIN solver in amplitude solver
       kain_subspace  5          # default   subspace size of the KAIN solver (amplitudes)
                 f12  false      # defined   use explicit correlation
        cispd_number  -1         # default   CIS(D) excitation numbers, to read in correct functions
        cispd_energy  0.0000e+00 # default   CIS energy
        freeze_pairs  none       # default   frozen pairs will not be optimized: Expected format 'a b c d' will freeze pairs ab and cd
freeze_pairs_of_orbital  []         # default    All pairs which originate from this orbital will not be optimized
active_pairs_of_orbital  []         # default    All pairs which originate from this orbital will not be frozen all other pairs will, if this vector is not empty
no_opt_in_first_iteration  false      # default   Do not optimize in the first iteration (then the potentials do not have to be evaluated, use this for large guesses)
            exchange  full       # default   approximate exchange with 'neglect' or xc functional -> same syntax as moldft
           save_pnos  true       # default   Save the OBS-PNOs to a file, before and after orthonormalization.
            diagonal  true       # defined   Compute only diagonal PNOs

end

**********************
Solve PNO-MP2
*********************


**********************
Iterate Pairs
*********************


************************
Standard Solver
***********************

Initializing Pairs:
Restart demanded for mp2 pairs
loading vector of functions mp2_pair11
Found PNOs for mp2_pair11 with rank 2
loading vector of functions mp2_pair21
failed to find PNO mp2_pair21 initialize as zero function
nloading vector of functions mp2_pair22
Found PNOs for mp2_pair22 with rank 2
no guess was explicitly demanded for mp2

timer:                                     RRCD     0.03s     0.03s 
timer:                             MRA compress     0.00s     0.00s 
timer:                          Transform Pairs     0.04s     0.04s 
timer:          apply Q and orthonormalize PNOs     0.21s     0.21s 
Created Guess:
pair11 with 2 guess functions
pair21 with 0 guess functions
pair22 with 2 guess functions
guess pair11 size: 2.6577711105e-03 | 2.6577711105e-03 Gbyte (after truncation)
guess pair22 size: 2.5759935379e-03 | 2.5759935379e-03 Gbyte (after truncation)
timer:                           truncate guess     0.04s     0.04s 
timer:                         Initialize Pairs     0.25s     0.25s 
Information About All Pairs:
mp2_pair11           number=0 rank=  2 frozen=false
mp2_pair21           number=1 rank=  0 frozen=true
mp2_pair22           number=2 rank=  2 frozen=false
number of pairs=3
average rank   =1 (1.3333333333e+00)
largest rank   =2
SolveInternal: Parameters are assigned as
no_compute        = false
no_opt            = true
restart           = true
do_cispd          = false
econv             =1.0000000000e-04
maxrank (min,max) = (2,2)
Solving MP2 doubles
timer:          fock matrix     2.67s     2.67s
Information About All Pairs:
mp2_pair11           number=0 rank=  2 frozen=false
mp2_pair21           number=1 rank=  0 frozen=true
mp2_pair22           number=2 rank=  2 frozen=false
number of pairs=3
average rank   =1 (1.3333333333e+00)
largest rank   =2
PNOPairs Memory Information
Total: 0.0052337646 GB 
PNO  : 0.0052337646 GB 
KPNO : 0.0000000000 GB 
W    : 0.0000000000 GB 

timer:                                 truncate     0.01s     0.01s 
wall time=143.3168838024 chunk=4 allK.size()=4 memory=0.0051519871 GB
timer:                             compute KPNO     2.67s     2.67s 
wall time=143.4397678375 chunk=4 allJ.size()=4 memory=0.0058062077 GB
timer:                             compute JPNO     0.12s     0.12s 
timer:                    compute Fock matrices     0.92s     0.92s 
timer:                             MRA compress     0.00s     0.00s 
timer:                          Transform Pairs     0.13s     0.13s 
timer:                             Canonicalize     0.14s     0.14s 
PNOPairs Memory Information
Total: 0.0103857517 GB 
PNO  : 0.0052337646 GB 
KPNO : 0.0051519871 GB 
W    : 0.0000000000 GB 

timer:                                 truncate     0.06s     0.06s 
mp2_pair21 is frozen: potential not computed
timer:                   Fluctuation Potentials     1.48s     1.48s 
timer:                       Fluctuation Matrix     0.12s     0.12s 
PNOPairs Memory Information
Total: 0.0182363987 GB 
PNO  : 0.0052337646 GB 
KPNO : 0.0051519871 GB 
W    : 0.0078506470 GB 

PNOPairs Memory Information
Total: 0.0182363987 GB 
PNO  : 0.0052337646 GB 
KPNO : 0.0051519871 GB 
W    : 0.0078506470 GB 

timer:                                 truncate     0.03s     0.03s 
timer:                             PNO Overlaps     0.06s     0.06s 
t_iter =  0  Hylleraas energy =  0.0000000000  ||R||_F =  0.2366000840  conv =  no
subspace solution [*]   1.00000000

t_iter =  1  Hylleraas energy =  -0.0324003720  ||R||_F =  0.0000000000  conv =  yes
=======================================================

Hylleraas MP2 Energies

=======================================================
    i    j      singlet      triplet        Total
=======================================================
    1    1  -1.35421e-02  0.00000e+00 -1.35421e-02
    2    1   0.00000e+00  0.00000e+00  0.00000e+00
    2    2  -1.88583e-02  0.00000e+00 -1.88583e-02
=======================================================
Hylleraas MP2 Energies (singlet): -3.24004e-02
Hylleraas MP2 Energies (triplet):  0.00000e+00
Hylleraas MP2 Energies (total)  : -3.24004e-02
=======================================================
-------------------------------------------
Total Reg Energy  =-3.24004e-02
Total F12 Energy  = 0.00000e+00
Sum Energies Total=-3.24004e-02
-------------------------------------------
timer:                         Solve Amplitudes     0.00s     0.00s 
No optimization untill now: Compressing pno ranks with tighter threshold
1.00000e-10 instead of 1.00000e-08
pair11: density evals:
 [*]   0.00462496   0.00693509

pair22: density evals:
 [*]   0.00409561   0.02584101

timer:                            compress PNOs     0.00s     0.00s 
timer:                             MRA compress     0.00s     0.00s 
timer:                          Transform Pairs     0.22s     0.22s 
timer:                          PNO Compression     0.22s     0.22s 
Information About All Pairs:
mp2_pair11           number=0 rank=  2 frozen=false
mp2_pair21           number=1 rank=  0 frozen=true
mp2_pair22           number=2 rank=  2 frozen=false
number of pairs=3
average rank   =1 (1.33333e+00)
largest rank   =2
saving vector of functions mp2_pair11
saving vector of functions mp2_pair22
timer:                        save pnos on disc     0.11s     0.11s 
exiting: Found no_opt keyword
PNO ranks:
PNO Rank for pair pair11 = 2
PNO Rank for pair pair21 = 0
PNO Rank for pair pair22 = 2
average rank 1.33333e+00
timer:                               PNO::solve     8.63s     8.63s 

--------------------------------
ITERATE-PAIRS-INTERNAL-ENDED
--------------------------------
=======================================================

Final MP2 Energies

=======================================================
    i    j      singlet      triplet        Total
=======================================================
    1    1  -1.35421e-02  0.00000e+00 -1.35421e-02
    2    1   0.00000e+00  0.00000e+00  0.00000e+00
    2    2  -1.88583e-02  0.00000e+00 -1.88583e-02
=======================================================
Final MP2 Energies (singlet): -3.24004e-02
Final MP2 Energies (triplet):  0.00000e+00
Final MP2 Energies (total)  : -3.24004e-02
=======================================================
-------------------------------------------
Total Reg Energy  =-3.24004e-02
Total F12 Energy  = 0.00000e+00
Sum Energies Total=-3.24004e-02
-------------------------------------------
Average | Max Rank: 1 | 2
                 time pno = 6.19828e+01
               energy mp2 = -3.24004e-02
     average pno rank mp2 = 1
         max pno rank mp2 = 2
--------------------------------------------------
            energy(total) = -1.57205e+01
--------------------------------------------------



Orthonormalization technique used: symmetric
No CABS used.
Tightening thresholds to +0.00010000 for post-processing
Overlap Matrix of all PNOs:
+1.00000165 -0.26452574 
-0.26452574 +1.00000263 
Before cherry pick
rank is +0
all used occupation numbers:
[+0.02584101 +0.00693509 ]
corresponding to active pairs:
[(1,1) (0,0) ]
After cherry pick
all used occupation numbers:
[+0.02584101 +0.00693509 ]
corresponding to active pairs:
[(1,1) (0,0) ]
Overlap Matrix before symmetric
[+0,*]  +1.00000165  -0.26452574
[+1,*]  -0.26452574  +1.00000263
Overlap Matrix after symmetric
[+0,*]  +1.00000000  -0.00000001
[+1,*]  -0.00000001  +1.00000000
Adding 3 HF orbitals
Size before adding CABS: 5.
Size after adding CABS: 5.
Compute G and F Tensor:
Assemble g,f using symmetries...
non zero elements:
 g : +1185
 h : +25
Overlap over whole basis
[+0,*]  +1.00000000  -0.00000277  +0.00000164  -0.00000313  +0.00000371
[+1,*]  -0.00000277  +1.00000000  -0.00000127  +0.00000080  -0.00000097
[+2,*]  +0.00000164  -0.00000127  +1.00000000  +0.00000026  -0.00000028
[+3,*]  -0.00000313  +0.00000080  +0.00000026  +1.00000000  -0.00000001
[+4,*]  +0.00000371  -0.00000097  -0.00000028  -0.00000001  +1.00000000

||S-1||=+0.00000863
finished at time 165.7

    Parallel environment
    --------------------
                  #nodes    1
       #threads per node    11+main = 12
          #total threads    12

  RMI message statistics (min / avg / max)
  ----------------------
   #messages in server q    0.00e+00 / 0.00e+00 / 0.00e+00
 #messages sent per node    0.00e+00 / 0.00e+00 / 0.00e+00
    #bytes sent per node    0.00e+00 / 0.00e+00 / 0.00e+00
 #messages recv per node    0.00e+00 / 0.00e+00 / 0.00e+00
    #bytes recv per node    0.00e+00 / 0.00e+00 / 0.00e+00
        #msgs systemwide    0.00e+00
       #bytes systemwide    0.00e+00

  Thread pool statistics (min / avg / max)
  ----------------------
         #tasks per node    1.02e+07 / 1.02e+07 / 1.02e+07
     #max q len per node    8.29e+03 / 8.29e+03 / 8.29e+03
  #hi-pri tasks per node    3.39e+06 / 3.39e+06 / 3.39e+06

         Total wall time    165.7s
         Total  cpu time    165.7s

