MADNESS runtime initialized with 11 threads in the pool and affinity -1 -1 -1
starting at time 0.0

--------------------------------------------
   MADNESS 0.10.1 multiresolution suite
--------------------------------------------

   number of processors ... 1
    processor frequency ... 3.695750e+09
            host system ... Linux
          configured by ... kottmann
          configured on ... wittgenstein
          configured at ... 2021-02-10T21:25:26
                    CXX ... /usr/bin/c++
               CXXFLAGS ... -O3 -DNDEBUG -I/h/28/kottmann/install/numcpp/include/ -I/h/28/kottmann/install/boost/boost_1_72_0/include/ -std=c++1z
             tuning for ... default
                    MPI ... multiple
 multi-threaded runtime ... MADNESS ThreadPool
                   BLAS ... Intel MKL 66984 66984 MFLOP/s
               compiled ... 13:08:26  on  Feb 23 2021


-------------------------------------------------------------------------------------
SOLVING MRA-PNO-F12 as described in 
J.S. Kottmann, F.A. Bischoff, E.F. Valeev
Direct determination of optimal pair-natural orbitals in a real-space representation:
the second-order Møller-Plesset energy
Journal of Chemical Physics ... 2020
-------------------------------------------------------------------------------------


This script will run PNO-MP2 and print out tensors in binary
Call as: pno_integrals inputfileinput is input
ignoring unknown parameter in input file:  ncf

Angstrom being used to read input coordinates (1 Bohr = 1.88972613 Angstrom)


Asymptotic correction parameters
---------------------------------------
Atom vector is not empty: false
Using multipole approximation: false
Number of electrons = -1
Ionisation energy = 0.000000e+00
E(HOMO) = 0.000000e+00
R1 = 3.000000e+00
R2 = 4.000000e+00
DFT coefficient = 0.000000e+00
Interpolation scheme = linear
constructed symmetry operator for point group C1
dft
              charge  0.0000e+00 # defined   total molecular charge
                  xc  hf         # defined   XC input line
               smear  0.0000e+00 # default   smearing parameter
               econv  1.0000e-04 # defined   energy convergence
               dconv  5.0000e-04 # defined   density convergence
convergence_criteria  [bsh_residual, total_energy] # default   possible values are: bsh_residual, total_energy, each_energy, density
                   k  7          # defined   polynomial order
                   l  5.3937e+01 # derived   user coordinates box size
               deriv  abgv       # default   derivative method                            [abgv, bspline, ble]
           dft_deriv  abgv       # default   derivative method for gga potentials         [abgv, bspline, ble]
             maxrotn  2.5000e-01 # default   step restriction used in autoshift algorithm
             nvalpha  0          # default   number of alpha virtuals to compute
              nvbeta  0          # default   number of beta virtuals to compute
               nopen  0          # default   number of unpaired electrons = nalpha-nbeta
             maxiter  25         # default   maximum number of iterations
                 nio  1          # default   no. of io servers to use
     spin_restricted  true       # default   true if spin restricted
              plotlo  0          # default   range of MOs to print (for both spins if polarized
              plothi  -1         # default   range of MOs to print (for both spins if polarized
            plotdens  false      # default   If true print the density at convergence
            plotcoul  false      # default   If true plot the total coulomb potential at convergence
            localize  boys       # defined   localization method                          [pm, boys, new, canon]
          pointgroup  c1         # derived   use point (sub) group symmetry if not localized[c1, c2, ci, cs, c2v, c2h, d2, d2h]
             restart  false      # default   if true restart from orbitals on disk
           restartao  false      # default   if true restart from orbitals projected into AO basis (STO3G) on disk
          no_compute  false      # default   if true use orbitals on disk, set value to computed
           no_orient  false      # default   if true the molecule coordinates will not be reoriented
                save  true       # default   if true save orbitals to disk
              maxsub  10         # default   size of iterative subspace ... set to 0 or 1 to disable
        orbitalshift  0.0000e+00 # default   scf orbital shift: shift the occ orbitals to lower energies
            npt_plot  101        # default   no. of points to use in each dim for plots
           plot_cell  []         # default   lo hi in each dimension for plotting (default is all space)
             aobasis  6-31g      # derived   AO basis used for initial guess (6-31g or sto-3g)
           core_type  none       # default   core potential type                          [none, mpc]
         derivatives  false      # default   if true calculate nuclear derivatives
              dipole  false      # default   if true calculate dipole moment
      conv_only_dens  false      # default   if true remove bsh_residual from convergence criteria (deprecated)
            psp_calc  false      # default   pseudopotential calculation for all atoms
 print_dipole_matels  false      # default   if true output dipole matrix elements
            pcm_data  none       # default   do a PCM (solvent) calculation
             ac_data  none       # default   do a calculation with asymptotic correction (see ACParameters class in chem/AC.h for details)
             pure_ae  true       # default   pure all electron calculation with no pseudo-atoms
         print_level  3          # default   0: no output; 1: final energy; 2: iterations; 3: timings; 10: debug
              nalpha  3          # derived   number of alpha spin electrons
               nbeta  3          # derived   number of beta  spin electrons
           nmo_alpha  3          # derived   number of alpha spin molecular orbitals
            nmo_beta  3          # derived   number of beta spin molecular orbitals
                  lo  9.0905e-04 # derived   smallest length scale we need to resolve
            protocol  [1.0000e-04, 1.0000e-06] # derived   calculation protocol
                gopt  false      # default   geometry optimizer
                gtol  1.0000e-04 # default   geometry tolerance
               gtest  false      # default   geometry tolerance
                gval  1.0000e-05 # default   value precision
               gprec  1.0000e-04 # default   gradient precision
            gmaxiter  20         # default   optimization maxiter
    ginitial_hessian  false      # default   compute inital hessian for optimization
              algopt  bfgs       # default   algorithm used for optimization              [bfgs, cg]
            tdksprop  false      # default   time-dependent Kohn-Sham equation propagate
           nv_factor  1          # default   factor to multiply number of virtual orbitals with when automatically decreasing nvirt
           vnucextra  2          # default   load balance parameter for nuclear pot
        loadbalparts  2          # default   ??
            response  false      # default   response function calculation
       response_freq  0.0000e+00 # default   frequency for calculation response function
       response_axis  [1, 1, 1]  # default   response axis
           nonrotate  false      # default   if true do not molcule orient (redundant with no_orient
               rconv  1.0000e-06 # default   Response convergence
              efield  0.0000e+00 # default   eps for finite field
         efield_axis  0          # default   finite field axis                            [0, 1, 2]
              nwfile  none       # default   Base name of nwchem output files (.out and .movecs extensions) to read from
                 ncf  (none,1.0000e+00) # defined   nuclear correlation factor
             hessian  false      # default   compute the hessian matrix
           read_cphf  false      # default   read the converged orbital response for nuclear displacements from file
        restart_cphf  false      # default   read the guess orbital response for nuclear displacements from file
      purify_hessian  false      # default   symmetrize the hessian matrix based on atomic charges

end
              charge  0.0000e+00 # defined   total molecular charge
                  xc  hf         # defined   XC input line
               smear  0.0000e+00 # default   smearing parameter
               econv  1.0000e-04 # defined   energy convergence
               dconv  5.0000e-04 # defined   density convergence
convergence_criteria  [bsh_residual, total_energy] # default   possible values are: bsh_residual, total_energy, each_energy, density
                   k  7          # defined   polynomial order
                   l  5.3937e+01 # derived   user coordinates box size
               deriv  abgv       # default   derivative method                            [abgv, bspline, ble]
           dft_deriv  abgv       # default   derivative method for gga potentials         [abgv, bspline, ble]
             maxrotn  2.5000e-01 # default   step restriction used in autoshift algorithm
             nvalpha  0          # default   number of alpha virtuals to compute
              nvbeta  0          # default   number of beta virtuals to compute
               nopen  0          # default   number of unpaired electrons = nalpha-nbeta
             maxiter  25         # default   maximum number of iterations
                 nio  1          # default   no. of io servers to use
     spin_restricted  true       # default   true if spin restricted
              plotlo  0          # default   range of MOs to print (for both spins if polarized
              plothi  -1         # default   range of MOs to print (for both spins if polarized
            plotdens  false      # default   If true print the density at convergence
            plotcoul  false      # default   If true plot the total coulomb potential at convergence
            localize  boys       # defined   localization method                          [pm, boys, new, canon]
          pointgroup  c1         # derived   use point (sub) group symmetry if not localized[c1, c2, ci, cs, c2v, c2h, d2, d2h]
             restart  false      # default   if true restart from orbitals on disk
           restartao  false      # default   if true restart from orbitals projected into AO basis (STO3G) on disk
          no_compute  false      # default   if true use orbitals on disk, set value to computed
           no_orient  false      # default   if true the molecule coordinates will not be reoriented
                save  true       # default   if true save orbitals to disk
              maxsub  10         # default   size of iterative subspace ... set to 0 or 1 to disable
        orbitalshift  0.0000e+00 # default   scf orbital shift: shift the occ orbitals to lower energies
            npt_plot  101        # default   no. of points to use in each dim for plots
           plot_cell  []         # default   lo hi in each dimension for plotting (default is all space)
             aobasis  6-31g      # derived   AO basis used for initial guess (6-31g or sto-3g)
           core_type  none       # default   core potential type                          [none, mpc]
         derivatives  false      # default   if true calculate nuclear derivatives
              dipole  false      # default   if true calculate dipole moment
      conv_only_dens  false      # default   if true remove bsh_residual from convergence criteria (deprecated)
            psp_calc  false      # default   pseudopotential calculation for all atoms
 print_dipole_matels  false      # default   if true output dipole matrix elements
            pcm_data  none       # default   do a PCM (solvent) calculation
             ac_data  none       # default   do a calculation with asymptotic correction (see ACParameters class in chem/AC.h for details)
             pure_ae  true       # default   pure all electron calculation with no pseudo-atoms
         print_level  3          # default   0: no output; 1: final energy; 2: iterations; 3: timings; 10: debug
              nalpha  3          # derived   number of alpha spin electrons
               nbeta  3          # derived   number of beta  spin electrons
           nmo_alpha  3          # derived   number of alpha spin molecular orbitals
            nmo_beta  3          # derived   number of beta spin molecular orbitals
                  lo  9.0905e-04 # derived   smallest length scale we need to resolve
            protocol  [1.0000e-04, 1.0000e-06] # derived   calculation protocol
                gopt  false      # default   geometry optimizer
                gtol  1.0000e-04 # default   geometry tolerance
               gtest  false      # default   geometry tolerance
                gval  1.0000e-05 # default   value precision
               gprec  1.0000e-04 # default   gradient precision
            gmaxiter  20         # default   optimization maxiter
    ginitial_hessian  false      # default   compute inital hessian for optimization
              algopt  bfgs       # default   algorithm used for optimization              [bfgs, cg]
            tdksprop  false      # default   time-dependent Kohn-Sham equation propagate
           nv_factor  1          # default   factor to multiply number of virtual orbitals with when automatically decreasing nvirt
           vnucextra  2          # default   load balance parameter for nuclear pot
        loadbalparts  2          # default   ??
            response  false      # default   response function calculation
       response_freq  0.0000e+00 # default   frequency for calculation response function
       response_axis  [1, 1, 1]  # default   response axis
           nonrotate  false      # default   if true do not molcule orient (redundant with no_orient
               rconv  1.0000e-06 # default   Response convergence
              efield  0.0000e+00 # default   eps for finite field
         efield_axis  0          # default   finite field axis                            [0, 1, 2]
              nwfile  none       # default   Base name of nwchem output files (.out and .movecs extensions) to read from



 geometry
   eprec 1.0e-06
   units atomic
   Be            0.00000000           0.00000000           0.40944066
   H             0.00000000           0.00000000           2.29916680
   H             0.00000000           0.00000000          -3.93692944
 end

Solving NDIM= 3  with thresh 1.000000e-04     k 7    conv 5.000000e-04 

timer:     Project vnuclear     0.67s     0.67s
constructed nuclear correlation factor of the form
    R   =  1.000000e+00
with eprec  1.000000e-06
which means it's (nearly) a conventional calculation

timer:        reproject ncf     1.88s     1.88s
timer:        guess density     0.54s     0.54s
timer:   guess Coulomb potn     0.45s     0.45s
timer:       guess lda potn     0.19s     0.19s
timer:        guess overlap     0.04s     0.04s
timer:    KEmat reconstruct     0.09s     0.09s
timer:  KEmat differentiate     0.25s     0.25s
timer:       KEmat compress     0.09s     0.09s
timer: KEmat inner products     0.13s     0.13s
timer:     guess Kinet potn     0.56s     0.56s
timer:           guess fock     0.52s     0.52s
timer:      guess eigen sol     0.03s     0.03s
timer: guess orbital groupi     0.15s     0.15s

starting protocol at time      7.5s 
precision steps  1.000000e-04  -->  1.000000e-04
protocol: thresh 1.000000e-04 econv  1.000000e-04 dconv 5.000000e-04

ending protocol at time      7.5s 

Solving NDIM= 3  with thresh 1.000000e-04     k 7    conv 5.000000e-04 

timer:        Boys localize     0.93s     0.93s
orbital irreps []
timer:      reconstruct psi     0.14s     0.14s
timer:        compute Jnemo     0.74s     0.74s
timer:        compute Knemo     1.86s     1.86s
timer: compute Unemo 0.0150     0.24s     0.24s

  nuclear and kinetic     -26.33580460
         kinetic only      15.94834737
              coulomb      10.99699311
             exchange      -3.44758090
    nuclear-repulsion       3.19737375
   regularized energy     -15.58901863
  buggy if hybrid functionals are used..
timer:       compute energy     3.55s     3.55s
Norm of vector changes ab spin case : rms 5.777869e-02    max 8.179214e-02
convergence: bshresidual, energy change, max energy change, density change 6.4e-02 1.6e+01 1.6e+01 1.5e+00
finished iteration  0 at time     20.4s with energy  -15.58901863
timer:        Boys localize     0.96s     0.96s
orbital irreps []
timer:      reconstruct psi     0.18s     0.18s
timer:        compute Jnemo     0.74s     0.74s
timer:        compute Knemo     2.04s     2.04s
timer: compute Unemo 0.0147     0.20s     0.20s

  nuclear and kinetic     -26.32093837
         kinetic only      15.81037648
              coulomb      10.90834525
             exchange      -3.40631271
    nuclear-repulsion       3.19737375
   regularized energy     -15.62153207
  buggy if hybrid functionals are used..
timer:       compute energy     3.25s     3.25s
Norm of vector changes ab spin case : rms 2.201618e-02    max 3.150000e-02
convergence: bshresidual, energy change, max energy change, density change 1.7e-02 3.3e-02 1.4e-01 1.0e-02
finished iteration  1 at time     32.6s with energy  -15.62153207
timer:        Boys localize     0.82s     0.82s
orbital irreps []
timer:      reconstruct psi     0.19s     0.19s
timer:        compute Jnemo     0.63s     0.63s
timer:        compute Knemo     1.87s     1.87s
timer: compute Unemo 0.0147     0.20s     0.20s

  nuclear and kinetic     -26.32250371
         kinetic only      15.77526895
              coulomb      10.89285244
             exchange      -3.39263736
    nuclear-repulsion       3.19737375
   regularized energy     -15.62491487
  buggy if hybrid functionals are used..
timer:       compute energy     3.32s     3.32s
Norm of vector changes ab spin case : rms 3.603509e-03    max 4.929849e-03
convergence: bshresidual, energy change, max energy change, density change 2.4e-03 3.4e-03 3.5e-02 2.0e-03
finished iteration  2 at time     44.9s with energy  -15.62491487
timer:        Boys localize     0.97s     0.97s
orbital irreps []
timer:      reconstruct psi     0.16s     0.16s
timer:        compute Jnemo     0.68s     0.68s
timer:        compute Knemo     1.88s     1.88s
timer: compute Unemo 0.0147     0.17s     0.17s

  nuclear and kinetic     -26.32937367
         kinetic only      15.77311170
              coulomb      10.89777163
             exchange      -3.39083704
    nuclear-repulsion       3.19737375
   regularized energy     -15.62506532
  buggy if hybrid functionals are used..
timer:       compute energy     3.45s     3.45s
Norm of vector changes ab spin case : rms 1.210769e-03    max 1.663994e-03
convergence: bshresidual, energy change, max energy change, density change 7.4e-04 1.5e-04 6.9e-03 5.1e-04
finished iteration  3 at time     57.5s with energy  -15.62506532
timer:        Boys localize     1.00s     1.00s
orbital irreps []
timer:      reconstruct psi     0.13s     0.13s
timer:        compute Jnemo     0.69s     0.69s
timer:        compute Knemo     2.01s     2.01s
timer: compute Unemo 0.0147     0.16s     0.16s

  nuclear and kinetic     -26.33338145
         kinetic only      15.77387673
              coulomb      10.90159787
             exchange      -3.39066903
    nuclear-repulsion       3.19737375
   regularized energy     -15.62507886
  buggy if hybrid functionals are used..
timer:       compute energy     3.42s     3.42s
Norm of vector changes ab spin case : rms 4.158315e-04    max 5.233392e-04
convergence: bshresidual, energy change, max energy change, density change 2.9e-04 1.4e-05 4.0e-03 1.2e-04
finished iteration  4 at time     70.6s with energy  -15.62507886

Iterations converged


ending protocol at time     70.6s 

 Dipole Moment (a.u.)
 -----------

     x:  -2.526486e-14
     y:  -5.686142e-16
     z:  1.013828e+00
 Total Dipole Moment:  1.013828e+00 

timer:               dipole     0.02s     0.02s
Nemo Orbital Energies: [*]  -4.73369052  -0.57771700  -0.34435436

nemo energy:  -1.562508e+01
 at time 71.1
PNO Integrals evaluated as:
pnoint
       rank_increase  15         # default   maximum rank to increase in every macroiteration
               chunk  100        # default   chunk of functions operated on in parallel when G or K is applied (prevent memory shortage)
               debug  false      # default   debug mode
              freeze  1          # derived   frozen core approximation
             maxrank  3          # defined   maximal pno rank for all pairs
           guesstype  exop       # derived   the guesstype: exop (recommended, multiply polynomial excitation operators onto the occupied orbitals), empty (don't compute a guess), scf (use the ao basis from the SCF solver), partial_wave (create s,p,d ..., type functions and place on atoms), predefined (same as partial_wave but for predefined sets)
                exop  multipole  # derived   this string defines which excitation operators can be used, use 'dipole', 'dipole+', 'quadrupole', 'ocopole', or 'multipole', need to set guesstype to 'exop' which is the default
          exop_trigo  true       # default   use trigonometric excitation operators ( x --> sin(x)
        partial_wave             # default   atom centered partial wave guess of format like 'h-2s1p-o-3s2p1d', need to set guesstype to 'partial_wave' and adaptive_solver to 'none'
          predefined             # default   predefined partial wave guesses of type pvxz with x=d,t,q,5,6, need to set guesstype to 'predefined' and adaptive_solver to 'none'
           maxiter_t  100        # default   maximal number of iterations in the amplitude solver
       maxiter_micro  10         # default   Maximum of iterations for every cycle in the adaptive solver
       maxiter_macro  10         # default   Maximum of iterations of cycles in the adaptive solver
                tpno  1.0000e-08 # default   PNO cutoff threshold
          tpno_tight  1.0000e-10 # derived   PNO cutoff for the first iteration
    canonicalize_pno  true       # default   canonicalize the pnos before the amplitude solver
              thresh  1.0000e-04 # defined   MRA threshold
         econv_micro  1.0000e-04 # derived   Energy convergence for microiterations (Greens function based optimization) in adaptive solver
         econv_pairs  1.0000e-05 # derived   ENergy convergence for individual pairs in adaptive solver. Converged pairs are frozen automatically
         econv_macro  1.0000e-04 # derived   Energy convergence for macroiterations in adaptive solver, no effect if adaptive_solver is deactivated
               dconv  1.0000e-01 # default   convergence of every PNO in the Green's function solver
           op_thresh  1.0000e-06 # default   MRA operator thresh
             restart  none       # derived   restart pairs of this type, use 'mp2', 'cispd', 'all' or 'none'
          no_compute  none       # default   do not compute the pairs of this type, use 'mp2', 'cispd', 'all' or 'none'
              no_opt  none       # default   do not optimize the pnos of this type, use 'mp2', 'cispd', 'all' or 'none'
            no_guess  none       # derived   guess for this type will be empty, use 'mp2', 'cispd', 'all' or 'none'
     adaptive_solver  all        # default   Use adaptive solver for those pairs, use 'mp2', 'cispd', 'all' or 'none', works only in combination with guesstype 'exop'
                kain  true       # default   use KAIN solver in amplitude solver
       kain_subspace  5          # default   subspace size of the KAIN solver (amplitudes)
                 f12  false      # defined   use explicit correlation
        cispd_number  -1         # default   CIS(D) excitation numbers, to read in correct functions
        cispd_energy  0.0000e+00 # default   CIS energy
        freeze_pairs  none       # default   frozen pairs will not be optimized: Expected format 'a b c d' will freeze pairs ab and cd
freeze_pairs_of_orbital  []         # default    All pairs which originate from this orbital will not be optimized
active_pairs_of_orbital  []         # default    All pairs which originate from this orbital will not be frozen all other pairs will, if this vector is not empty
no_opt_in_first_iteration  false      # default   Do not optimize in the first iteration (then the potentials do not have to be evaluated, use this for large guesses)
            exchange  full       # default   approximate exchange with 'neglect' or xc functional -> same syntax as moldft
           save_pnos  true       # default   Save the OBS-PNOs to a file, before and after orthonormalization.
            diagonal  true       # defined   Compute only diagonal PNOs
              orthog  symmetric  # defined   orthogonalization method for PNO basis, also current default for a potential CABS. options: symmetric, canonical, cholesky, rr_cholesky,
         orthog_cabs  default    # default   orthogonalization method for CABS basis. options: symmetric, canonical, cholesky, rr_cholesky, uses same as orbitals basis if default.
               n_pno  6          # defined   desired size of PNO-basis (orbital space)
         cabs_option  none       # default   type of complementary auxiliary basis to be used. can be none ~ no CABS, gbs ~ Gaussian basis set as CABS, requires input via auxbas_file, pno ~ use superfluous PNOs as CABS, mixed ~ gbs&pno-option
       pno_cabs_size  -1         # default   size of a potential pno-cabs. defaults to -1 ~ all remaining PNOs, if pno-cabs or mixed-cabs
           only_diag  false      # default   use only diagonal elements PNOs
         cherry_pick  []         # default   cherry pick option to choose particular set of PNOs, not just blindly by occupation number. can be useful, if only a restricted number of PNOs can be used, to avoid separating degenerate pairs. can be envoked by passing a vector via [ elem1, elem2, ... ]
               gamma  1.4000e+00 # default   The f12 length scale, here to be used to compute f12-integrals
         cabs_thresh  1.0000e-04 # derived    thresh for cabs part
              auxbas  none       # default   atom centered partial wave guess of format like 'h-2s1p-o-3s2p1d'
         auxbas_file  none       # default   Use external comp. aux. basis in addition to the pnos as auxbasis. Give the filename as parameter. Give the auxbas in turbomole format. Don't use contractions. If a file is specified the auxbas parameter has no effect
   print_pno_overlap  true       # default   Print overlap matrix at certain steps in computation, for debugging purposes.
              n_virt  0          # defined   Compute this number of virtuals and include them in the integral construction, experimental and not robust!.
      hardcore_boson  false      # default   compute only integrals for hardcore boson hamiltonian (restricted to double occupations)

end
F12 Operators initialized right
timer:                    Testing F12 Operators     0.78s     0.78s 
timer:  Initializing (active) Exchange Orbitals     1.81s     1.81s 
Size of active mos and their exchange potentials:
K(acmos)=2.575994e-03 Gbyte
acmos   =2.330661e-03 Gbyte
PNO Parameters
pno
       rank_increase  15         # default   maximum rank to increase in every macroiteration
               chunk  100        # default   chunk of functions operated on in parallel when G or K is applied (prevent memory shortage)
               debug  false      # default   debug mode
              freeze  1          # derived   frozen core approximation
             maxrank  3          # defined   maximal pno rank for all pairs
           guesstype  exop       # derived   the guesstype: exop (recommended, multiply polynomial excitation operators onto the occupied orbitals), empty (don't compute a guess), scf (use the ao basis from the SCF solver), partial_wave (create s,p,d ..., type functions and place on atoms), predefined (same as partial_wave but for predefined sets)
                exop  multipole  # derived   this string defines which excitation operators can be used, use 'dipole', 'dipole+', 'quadrupole', 'ocopole', or 'multipole', need to set guesstype to 'exop' which is the default
          exop_trigo  true       # default   use trigonometric excitation operators ( x --> sin(x)
        partial_wave             # default   atom centered partial wave guess of format like 'h-2s1p-o-3s2p1d', need to set guesstype to 'partial_wave' and adaptive_solver to 'none'
          predefined             # default   predefined partial wave guesses of type pvxz with x=d,t,q,5,6, need to set guesstype to 'predefined' and adaptive_solver to 'none'
           maxiter_t  100        # default   maximal number of iterations in the amplitude solver
       maxiter_micro  10         # default   Maximum of iterations for every cycle in the adaptive solver
       maxiter_macro  10         # default   Maximum of iterations of cycles in the adaptive solver
                tpno  1.0000e-08 # default   PNO cutoff threshold
          tpno_tight  1.0000e-10 # derived   PNO cutoff for the first iteration
    canonicalize_pno  true       # default   canonicalize the pnos before the amplitude solver
              thresh  1.0000e-04 # defined   MRA threshold
         econv_micro  1.0000e-04 # derived   Energy convergence for microiterations (Greens function based optimization) in adaptive solver
         econv_pairs  1.0000e-05 # derived   ENergy convergence for individual pairs in adaptive solver. Converged pairs are frozen automatically
         econv_macro  1.0000e-04 # derived   Energy convergence for macroiterations in adaptive solver, no effect if adaptive_solver is deactivated
               dconv  1.0000e-01 # default   convergence of every PNO in the Green's function solver
           op_thresh  1.0000e-06 # default   MRA operator thresh
             restart  none       # derived   restart pairs of this type, use 'mp2', 'cispd', 'all' or 'none'
          no_compute  none       # default   do not compute the pairs of this type, use 'mp2', 'cispd', 'all' or 'none'
              no_opt  none       # default   do not optimize the pnos of this type, use 'mp2', 'cispd', 'all' or 'none'
            no_guess  none       # derived   guess for this type will be empty, use 'mp2', 'cispd', 'all' or 'none'
     adaptive_solver  all        # default   Use adaptive solver for those pairs, use 'mp2', 'cispd', 'all' or 'none', works only in combination with guesstype 'exop'
                kain  true       # default   use KAIN solver in amplitude solver
       kain_subspace  5          # default   subspace size of the KAIN solver (amplitudes)
                 f12  false      # defined   use explicit correlation
        cispd_number  -1         # default   CIS(D) excitation numbers, to read in correct functions
        cispd_energy  0.0000e+00 # default   CIS energy
        freeze_pairs  none       # default   frozen pairs will not be optimized: Expected format 'a b c d' will freeze pairs ab and cd
freeze_pairs_of_orbital  []         # default    All pairs which originate from this orbital will not be optimized
active_pairs_of_orbital  []         # default    All pairs which originate from this orbital will not be frozen all other pairs will, if this vector is not empty
no_opt_in_first_iteration  false      # default   Do not optimize in the first iteration (then the potentials do not have to be evaluated, use this for large guesses)
            exchange  full       # default   approximate exchange with 'neglect' or xc functional -> same syntax as moldft
           save_pnos  true       # default   Save the OBS-PNOs to a file, before and after orthonormalization.
            diagonal  true       # defined   Compute only diagonal PNOs

end

**********************
Solve PNO-MP2
*********************


**********************
Iterate Pairs
*********************


************************
Adaptive Solver
***********************

Initializing empty Pairs:
no guess was explicitly demanded for mp2

timer:                                     RRCD     0.00s     0.00s 
timer:                             MRA compress     0.00s     0.00s 
timer:                          Transform Pairs     0.00s     0.00s 
timer:          apply Q and orthonormalize PNOs     0.00s     0.00s 
Created Guess:
pair11 with 0 guess functions
pair21 with 0 guess functions
pair22 with 0 guess functions
guess pair11 size: 0.0000000000e+00 | 0.0000000000e+00 Gbyte (after truncation)
guess pair22 size: 0.0000000000e+00 | 0.0000000000e+00 Gbyte (after truncation)
timer:                           truncate guess     0.00s     0.00s 
timer:                         Initialize Pairs     0.00s     0.00s 
Keyword multipole is not known
Guess protocol for adaptively growing ranks is: [dipole+, quadrupole, big_fock_3, big_fock_3, big_fock_3, big_fock_3, big_fock_3, big_fock_3, big_fock_3, big_fock_3]


--------Adaptive Solver Macroiteration 0 from max 10 ----------

Growing ranks with exop=dipole+
Create guess functions by multiplying plane-waves to 1 functions 
Created 4 virtuals for pair11
pair21 is frozen: no growing
Create guess functions by multiplying plane-waves to 1 functions 
Created 4 virtuals for pair22
frozen pair: no orthonormalization
timer:                                     RRCD     0.03s     0.03s 
timer:                             MRA compress     0.00s     0.00s 
timer:                          Transform Pairs     0.09s     0.09s 
timer:                        grow PNO subspace     1.62s     1.62s 
SolveInternal: Parameters are assigned as
no_compute        = false
no_opt            = false
restart           = false
do_cispd          = false
econv             =1.0000000000e-04
maxrank (min,max) = (3,3)
Solving MP2 doubles
timer:          fock matrix     2.29s     2.29s
Information About All Pairs:
mp2_pair11           number=0 rank=  4 frozen=false
mp2_pair21           number=1 rank=  0 frozen=true
mp2_pair22           number=2 rank=  4 frozen=false
number of pairs=3
average rank   =2 (2.6666666667e+00)
largest rank   =4
PNOPairs Memory Information
Total: 0.0088319778 GB 
PNO  : 0.0088319778 GB 
KPNO : 0.0000000000 GB 
W    : 0.0000000000 GB 

timer:                                 truncate     0.03s     0.03s 
wall time=83.5673551559 chunk=8 allK.size()=8 memory=0.0089137554 GB
timer:                             compute KPNO     3.95s     3.95s 
wall time=83.7012510300 chunk=8 allJ.size()=8 memory=0.0099768639 GB
timer:                             compute JPNO     0.13s     0.13s 
timer:                    compute Fock matrices     1.20s     1.20s 
timer:                             MRA compress     0.00s     0.00s 
timer:                          Transform Pairs     0.24s     0.24s 
timer:                             Canonicalize     0.24s     0.24s 
PNOPairs Memory Information
Total: 0.0178275108 GB 
PNO  : 0.0089955330 GB 
KPNO : 0.0088319778 GB 
W    : 0.0000000000 GB 

timer:                                 truncate     0.05s     0.05s 
mp2_pair21 is frozen: potential not computed
timer:                   Fluctuation Potentials     1.93s     1.93s 
timer:                       Fluctuation Matrix     0.13s     0.13s 
PNOPairs Memory Information
Total: 0.0315661430 GB 
PNO  : 0.0089955330 GB 
KPNO : 0.0088319778 GB 
W    : 0.0137386322 GB 

PNOPairs Memory Information
Total: 0.0315661430 GB 
PNO  : 0.0089955330 GB 
KPNO : 0.0088319778 GB 
W    : 0.0137386322 GB 

timer:                                 truncate     0.07s     0.07s 
timer:                             PNO Overlaps     0.07s     0.07s 
t_iter =  0  Hylleraas energy =  0.0000000000  ||R||_F =  0.1945728970  conv =  no
subspace solution [*]   1.00000000

t_iter =  1  Hylleraas energy =  -0.0279968088  ||R||_F =  0.0000000217  conv =  yes
=======================================================

Hylleraas MP2 Energies

=======================================================
    i    j      singlet      triplet        Total
=======================================================
    1    1  -1.31405e-02  0.00000e+00 -1.31405e-02
    2    1   0.00000e+00  0.00000e+00  0.00000e+00
    2    2  -1.48563e-02  0.00000e+00 -1.48563e-02
=======================================================
Hylleraas MP2 Energies (singlet): -2.79968e-02
Hylleraas MP2 Energies (triplet):  0.00000e+00
Hylleraas MP2 Energies (total)  : -2.79968e-02
=======================================================
-------------------------------------------
Total Reg Energy  =-2.79968e-02
Total F12 Energy  = 0.00000e+00
Sum Energies Total=-2.79968e-02
-------------------------------------------
timer:                         Solve Amplitudes     0.00s     0.00s 
No optimization untill now: Compressing pno ranks with tighter threshold
1.00000e-10 instead of 1.00000e-08
pair11: density evals:
 [*]   0.00268868   0.00390552   0.00411685   0.00411685

pair11: # of PNOs reduced from  4  to  3  maxrank= 3
pair22: density evals:
 [*]   0.00327563   0.00385994   0.00385994   0.02003191

pair22: # of PNOs reduced from  4  to  3  maxrank= 3
timer:                            compress PNOs     0.00s     0.00s 
timer:                             MRA compress     0.00s     0.00s 
timer:                          Transform Pairs     0.44s     0.44s 
timer:                          PNO Compression     0.44s     0.44s 
Information About All Pairs:
mp2_pair11           number=0 rank=  3 frozen=false
mp2_pair21           number=1 rank=  0 frozen=true
mp2_pair22           number=2 rank=  3 frozen=false
number of pairs=3
average rank   =2 (2.00000e+00)
largest rank   =3
saving vector of functions mp2_pair11
saving vector of functions mp2_pair22
timer:                        save pnos on disc     0.13s     0.13s 
PNOPairs Memory Information
Total: 0.02224 GB 
PNO  : 0.00642 GB 
KPNO : 0.00609 GB 
W    : 0.00973 GB 

timer:                                 truncate     0.06s     0.06s 
timer:      compute densities for G application     0.00s     0.00s 
pair21 is frozen: no optimization
timer:                Prepare for G application     0.25s     0.25s 
timer:                                    add K     0.01s     0.01s 
size of all Vpsi potentials (without Vnuc and J) 0.00765 GB 
time=88.90112 chunk=6 Vpsi+Vnuc+J=0.02040 GB
time=88.96441 chunk=6 Vpsi+Vnuc+J=0.02024 GB (after truncation)
timer:                           Apply G to all     2.24s     2.24s 
timer:                       apply Q and update     0.00s     0.00s 
mp2_pair11 residual norms:
[0.48063, 0.37047, 0.37047]
mp2_pair11 scaled residual norms:
[0.03004, 0.02377, 0.02377]
mp2_pair22 residual norms:
[0.37219, 0.37219, 0.37250]
mp2_pair22 scaled residual norms:
[0.02312, 0.02312, 0.05272]
timer:                          update all PNOs     2.50s     2.50s 
frozen pair: no orthonormalization
timer:                                     RRCD     0.05s     0.05s 
timer:                             MRA compress     0.00s     0.00s 
timer:                          Transform Pairs     0.08s     0.08s 
saving vector of functions mp2_pair11
saving vector of functions mp2_pair22
timer:                        save pnos on disc     0.12s     0.12s 


No convergence yet. Energy change = 0.02800

timer:                        Whole Iteration 1    11.30s    11.30s 
Information About All Pairs:
mp2_pair11           number=0 rank=  3 frozen=false
mp2_pair21           number=1 rank=  0 frozen=true
mp2_pair22           number=2 rank=  3 frozen=false
number of pairs=3
average rank   =2 (2.00000)
largest rank   =3
PNOPairs Memory Information
Total: 0.00699 GB 
PNO  : 0.00699 GB 
KPNO : 0.00000 GB 
W    : 0.00000 GB 

timer:                                 truncate     0.03s     0.03s 
wall time=93.97482 chunk=6 allK.size()=6 memory=0.00658 GB
timer:                             compute KPNO     3.07s     3.07s 
wall time=94.08911 chunk=6 allJ.size()=6 memory=0.00748 GB
timer:                             compute JPNO     0.11s     0.11s 
timer:                    compute Fock matrices     1.19s     1.19s 
timer:                             MRA compress     0.00s     0.00s 
timer:                          Transform Pairs     0.19s     0.19s 
timer:                             Canonicalize     0.19s     0.19s 
PNOPairs Memory Information
Total: 0.01349 GB 
PNO  : 0.00707 GB 
KPNO : 0.00642 GB 
W    : 0.00000 GB 

timer:                                 truncate     0.03s     0.03s 
mp2_pair21 is frozen: potential not computed
timer:                   Fluctuation Potentials     1.70s     1.70s 
timer:                       Fluctuation Matrix     0.10s     0.10s 
PNOPairs Memory Information
Total: 0.02388 GB 
PNO  : 0.00707 GB 
KPNO : 0.00642 GB 
W    : 0.01039 GB 

PNOPairs Memory Information
Total: 0.02388 GB 
PNO  : 0.00707 GB 
KPNO : 0.00642 GB 
W    : 0.01039 GB 

timer:                                 truncate     0.05s     0.05s 
timer:                             PNO Overlaps     0.04s     0.04s 
t_iter =  0  Hylleraas energy =  0.00000  ||R||_F =  0.25830  conv =  no
subspace solution [*]   1.00000000

t_iter =  1  Hylleraas energy =  -0.04017  ||R||_F =  0.00000  conv =  yes
=======================================================

Hylleraas MP2 Energies

=======================================================
    i    j      singlet      triplet        Total
=======================================================
    1    1  -1.84412e-02  0.00000e+00 -1.84412e-02
    2    1   0.00000e+00  0.00000e+00  0.00000e+00
    2    2  -2.17301e-02  0.00000e+00 -2.17301e-02
=======================================================
Hylleraas MP2 Energies (singlet): -4.01713e-02
Hylleraas MP2 Energies (triplet):  0.00000e+00
Hylleraas MP2 Energies (total)  : -4.01713e-02
=======================================================
-------------------------------------------
Total Reg Energy  =-4.01713e-02
Total F12 Energy  = 0.00000e+00
Sum Energies Total=-4.01713e-02
-------------------------------------------
timer:                         Solve Amplitudes     0.00s     0.00s 
pair11: density evals:
 [*]   0.00509412   0.00509412   0.00597798

pair22: density evals:
 [*]   0.00449162   0.00449162   0.03044203

timer:                            compress PNOs     0.00s     0.00s 
timer:                             MRA compress     0.00s     0.00s 
timer:                          Transform Pairs     0.34s     0.34s 
timer:                          PNO Compression     0.34s     0.34s 
Information About All Pairs:
mp2_pair11           number=0 rank=  3 frozen=false
mp2_pair21           number=1 rank=  0 frozen=true
mp2_pair22           number=2 rank=  3 frozen=false
number of pairs=3
average rank   =2 (2.00000e+00)
largest rank   =3
saving vector of functions mp2_pair11
saving vector of functions mp2_pair22
timer:                        save pnos on disc     0.13s     0.13s 
PNOPairs Memory Information
Total: 0.02380 GB 
PNO  : 0.00699 GB 
KPNO : 0.00642 GB 
W    : 0.01039 GB 

timer:                                 truncate     0.06s     0.06s 
timer:      compute densities for G application     0.00s     0.00s 
pair21 is frozen: no optimization
timer:                Prepare for G application     0.15s     0.15s 
timer:                                    add K     0.03s     0.03s 
size of all Vpsi potentials (without Vnuc and J) 0.00871 GB 
time=98.71209 chunk=6 Vpsi+Vnuc+J=0.01926 GB
time=98.76512 chunk=6 Vpsi+Vnuc+J=0.01836 GB (after truncation)
timer:                           Apply G to all     2.24s     2.24s 
timer:                       apply Q and update     0.00s     0.00s 
mp2_pair11 residual norms:
[0.10337, 0.10337, 0.12904]
mp2_pair11 scaled residual norms:
[0.00738, 0.00738, 0.00998]
mp2_pair22 residual norms:
[0.09435, 0.09435, 0.09237]
mp2_pair22 scaled residual norms:
[0.00632, 0.00632, 0.01612]
timer:                          update all PNOs     2.43s     2.43s 
frozen pair: no orthonormalization
timer:                                     RRCD     0.09s     0.09s 
timer:                             MRA compress     0.00s     0.00s 
timer:                          Transform Pairs     0.07s     0.07s 
saving vector of functions mp2_pair11
saving vector of functions mp2_pair22
timer:                        save pnos on disc     0.13s     0.13s 


No convergence yet. Energy change = 0.01217

timer:                        Whole Iteration 2     9.80s     9.80s 
Information About All Pairs:
mp2_pair11           number=0 rank=  3 frozen=false
mp2_pair21           number=1 rank=  0 frozen=true
mp2_pair22           number=2 rank=  3 frozen=false
number of pairs=3
average rank   =2 (2.00000)
largest rank   =3
PNOPairs Memory Information
Total: 0.00675 GB 
PNO  : 0.00675 GB 
KPNO : 0.00000 GB 
W    : 0.00000 GB 

timer:                                 truncate     0.05s     0.05s 
wall time=104.00336 chunk=6 allK.size()=6 memory=0.00666 GB
timer:                             compute KPNO     3.27s     3.27s 
wall time=104.13718 chunk=6 allJ.size()=6 memory=0.00748 GB
timer:                             compute JPNO     0.13s     0.13s 
timer:                    compute Fock matrices     1.09s     1.09s 
timer:                             MRA compress     0.00s     0.00s 
timer:                          Transform Pairs     0.19s     0.19s 
timer:                             Canonicalize     0.20s     0.20s 
PNOPairs Memory Information
Total: 0.01333 GB 
PNO  : 0.00666 GB 
KPNO : 0.00666 GB 
W    : 0.00000 GB 

timer:                                 truncate     0.04s     0.04s 
mp2_pair21 is frozen: potential not computed
timer:                   Fluctuation Potentials     1.71s     1.71s 
timer:                       Fluctuation Matrix     0.20s     0.20s 
PNOPairs Memory Information
Total: 0.02404 GB 
PNO  : 0.00666 GB 
KPNO : 0.00666 GB 
W    : 0.01071 GB 

PNOPairs Memory Information
Total: 0.02404 GB 
PNO  : 0.00666 GB 
KPNO : 0.00666 GB 
W    : 0.01071 GB 

timer:                                 truncate     0.07s     0.07s 
timer:                             PNO Overlaps     0.07s     0.07s 
t_iter =  0  Hylleraas energy =  0.00000  ||R||_F =  0.27763  conv =  no
subspace solution [*]   1.00000000

t_iter =  1  Hylleraas energy =  -0.04214  ||R||_F =  0.00000  conv =  yes
=======================================================

Hylleraas MP2 Energies

=======================================================
    i    j      singlet      triplet        Total
=======================================================
    1    1  -1.94466e-02  0.00000e+00 -1.94466e-02
    2    1   0.00000e+00  0.00000e+00  0.00000e+00
    2    2  -2.26942e-02  0.00000e+00 -2.26942e-02
=======================================================
Hylleraas MP2 Energies (singlet): -4.21408e-02
Hylleraas MP2 Energies (triplet):  0.00000e+00
Hylleraas MP2 Energies (total)  : -4.21408e-02
=======================================================
-------------------------------------------
Total Reg Energy  =-4.21408e-02
Total F12 Energy  = 0.00000e+00
Sum Energies Total=-4.21408e-02
-------------------------------------------
timer:                         Solve Amplitudes     0.00s     0.00s 
pair11: density evals:
 [*]   0.00487049   0.00487049   0.00561545

pair22: density evals:
 [*]   0.00424083   0.00424083   0.02981826

timer:                            compress PNOs     0.00s     0.00s 
timer:                             MRA compress     0.00s     0.00s 
timer:                          Transform Pairs     0.42s     0.42s 
timer:                          PNO Compression     0.42s     0.42s 
Information About All Pairs:
mp2_pair11           number=0 rank=  3 frozen=false
mp2_pair21           number=1 rank=  0 frozen=true
mp2_pair22           number=2 rank=  3 frozen=false
number of pairs=3
average rank   =2 (2.00000e+00)
largest rank   =3
saving vector of functions mp2_pair11
saving vector of functions mp2_pair22
timer:                        save pnos on disc     0.12s     0.12s 
PNOPairs Memory Information
Total: 0.02380 GB 
PNO  : 0.00666 GB 
KPNO : 0.00658 GB 
W    : 0.01055 GB 

timer:                                 truncate     0.04s     0.04s 
timer:      compute densities for G application     0.00s     0.00s 
pair21 is frozen: no optimization
timer:                Prepare for G application     0.37s     0.37s 
timer:                                    add K     0.03s     0.03s 
size of all Vpsi potentials (without Vnuc and J) 0.00879 GB 
time=109.14487 chunk=6 Vpsi+Vnuc+J=0.02040 GB
time=109.18450 chunk=6 Vpsi+Vnuc+J=0.01934 GB (after truncation)
timer:                           Apply G to all     2.32s     2.32s 
timer:                       apply Q and update     0.00s     0.00s 
mp2_pair11 residual norms:
[0.03660, 0.03660, 0.05343]
mp2_pair11 scaled residual norms:
[0.00255, 0.00255, 0.00400]
mp2_pair22 residual norms:
[0.03583, 0.03583, 0.03577]
mp2_pair22 scaled residual norms:
[0.00233, 0.00233, 0.00618]
timer:                          update all PNOs     2.73s     2.73s 
frozen pair: no orthonormalization
timer:                                     RRCD     0.06s     0.06s 
timer:                             MRA compress     0.00s     0.00s 
timer:                          Transform Pairs     0.07s     0.07s 
saving vector of functions mp2_pair11
saving vector of functions mp2_pair22
timer:                        save pnos on disc     0.12s     0.12s 


No convergence yet. Energy change = 0.00197

timer:                        Whole Iteration 3    10.44s    10.44s 
Information About All Pairs:
mp2_pair11           number=0 rank=  3 frozen=false
mp2_pair21           number=1 rank=  0 frozen=true
mp2_pair22           number=2 rank=  3 frozen=false
number of pairs=3
average rank   =2 (2.00000)
largest rank   =3
PNOPairs Memory Information
Total: 0.00691 GB 
PNO  : 0.00691 GB 
KPNO : 0.00000 GB 
W    : 0.00000 GB 

timer:                                 truncate     0.03s     0.03s 
wall time=114.49882 chunk=6 allK.size()=6 memory=0.00666 GB
timer:                             compute KPNO     3.35s     3.35s 
wall time=114.64125 chunk=6 allJ.size()=6 memory=0.00765 GB
timer:                             compute JPNO     0.14s     0.14s 
timer:                    compute Fock matrices     1.23s     1.23s 
timer:                             MRA compress     0.00s     0.00s 
timer:                          Transform Pairs     0.22s     0.22s 
timer:                             Canonicalize     0.22s     0.22s 
PNOPairs Memory Information
Total: 0.01349 GB 
PNO  : 0.00683 GB 
KPNO : 0.00666 GB 
W    : 0.00000 GB 

timer:                                 truncate     0.06s     0.06s 
mp2_pair21 is frozen: potential not computed
timer:                   Fluctuation Potentials     1.78s     1.78s 
timer:                       Fluctuation Matrix     0.17s     0.17s 
PNOPairs Memory Information
Total: 0.02421 GB 
PNO  : 0.00683 GB 
KPNO : 0.00666 GB 
W    : 0.01071 GB 

PNOPairs Memory Information
Total: 0.02421 GB 
PNO  : 0.00683 GB 
KPNO : 0.00666 GB 
W    : 0.01071 GB 

timer:                                 truncate     0.04s     0.04s 
timer:                             PNO Overlaps     0.09s     0.09s 
t_iter =  0  Hylleraas energy =  0.00000  ||R||_F =  0.28414  conv =  no
subspace solution [*]   1.00000000

t_iter =  1  Hylleraas energy =  -0.04246  ||R||_F =  0.00000  conv =  yes
=======================================================

Hylleraas MP2 Energies

=======================================================
    i    j      singlet      triplet        Total
=======================================================
    1    1  -1.96122e-02  0.00000e+00 -1.96122e-02
    2    1   0.00000e+00  0.00000e+00  0.00000e+00
    2    2  -2.28498e-02  0.00000e+00 -2.28498e-02
=======================================================
Hylleraas MP2 Energies (singlet): -4.24621e-02
Hylleraas MP2 Energies (triplet):  0.00000e+00
Hylleraas MP2 Energies (total)  : -4.24621e-02
=======================================================
-------------------------------------------
Total Reg Energy  =-4.24621e-02
Total F12 Energy  = 0.00000e+00
Sum Energies Total=-4.24621e-02
-------------------------------------------
timer:                         Solve Amplitudes     0.00s     0.00s 
pair11: density evals:
 [*]   0.00473499   0.00473499   0.00539112

pair22: density evals:
 [*]   0.00410965   0.00410965   0.02916701

timer:                            compress PNOs     0.00s     0.00s 
timer:                             MRA compress     0.00s     0.00s 
timer:                          Transform Pairs     0.35s     0.35s 
timer:                          PNO Compression     0.35s     0.35s 
Information About All Pairs:
mp2_pair11           number=0 rank=  3 frozen=false
mp2_pair21           number=1 rank=  0 frozen=true
mp2_pair22           number=2 rank=  3 frozen=false
number of pairs=3
average rank   =2 (2.00000e+00)
largest rank   =3
saving vector of functions mp2_pair11
saving vector of functions mp2_pair22
timer:                        save pnos on disc     0.20s     0.20s 
PNOPairs Memory Information
Total: 0.02396 GB 
PNO  : 0.00683 GB 
KPNO : 0.00658 GB 
W    : 0.01055 GB 

timer:                                 truncate     0.07s     0.07s 
timer:      compute densities for G application     0.00s     0.00s 
pair21 is frozen: no optimization
timer:                Prepare for G application     0.26s     0.26s 
timer:                                    add K     0.01s     0.01s 
size of all Vpsi potentials (without Vnuc and J) 0.00879 GB 
time=119.70973 chunk=6 Vpsi+Vnuc+J=0.02040 GB
time=119.77788 chunk=6 Vpsi+Vnuc+J=0.01918 GB (after truncation)
timer:                           Apply G to all     2.19s     2.19s 
timer:                       apply Q and update     0.00s     0.00s 
mp2_pair11 residual norms:
[0.01363, 0.01363, 0.03005]
mp2_pair11 scaled residual norms:
[0.00094, 0.00094, 0.00221]
mp2_pair22 residual norms:
[0.01660, 0.01660, 0.01586]
mp2_pair22 scaled residual norms:
[0.00106, 0.00106, 0.00271]
timer:                          update all PNOs     2.48s     2.48s 
frozen pair: no orthonormalization
timer:                                     RRCD     0.06s     0.06s 
timer:                             MRA compress     0.00s     0.00s 
timer:                          Transform Pairs     0.08s     0.08s 
saving vector of functions mp2_pair11
saving vector of functions mp2_pair22
timer:                        save pnos on disc     0.12s     0.12s 


No convergence yet. Energy change = 0.00032

timer:                        Whole Iteration 4    10.50s    10.50s 
Information About All Pairs:
mp2_pair11           number=0 rank=  3 frozen=false
mp2_pair21           number=1 rank=  0 frozen=true
mp2_pair22           number=2 rank=  3 frozen=false
number of pairs=3
average rank   =2 (2.00000)
largest rank   =3
PNOPairs Memory Information
Total: 0.00716 GB 
PNO  : 0.00716 GB 
KPNO : 0.00000 GB 
W    : 0.00000 GB 

timer:                                 truncate     0.03s     0.03s 
wall time=125.17908 chunk=6 allK.size()=6 memory=0.00658 GB
timer:                             compute KPNO     3.53s     3.53s 
wall time=125.32918 chunk=6 allJ.size()=6 memory=0.00773 GB
timer:                             compute JPNO     0.15s     0.15s 
timer:                    compute Fock matrices     1.13s     1.13s 
timer:                             MRA compress     0.00s     0.00s 
timer:                          Transform Pairs     0.18s     0.18s 
timer:                             Canonicalize     0.18s     0.18s 
PNOPairs Memory Information
Total: 0.01374 GB 
PNO  : 0.00707 GB 
KPNO : 0.00666 GB 
W    : 0.00000 GB 

timer:                                 truncate     0.05s     0.05s 
mp2_pair21 is frozen: potential not computed
timer:                   Fluctuation Potentials     1.78s     1.78s 
timer:                       Fluctuation Matrix     0.18s     0.18s 
PNOPairs Memory Information
Total: 0.02445 GB 
PNO  : 0.00707 GB 
KPNO : 0.00666 GB 
W    : 0.01071 GB 

PNOPairs Memory Information
Total: 0.02445 GB 
PNO  : 0.00707 GB 
KPNO : 0.00666 GB 
W    : 0.01071 GB 

timer:                                 truncate     0.05s     0.05s 
timer:                             PNO Overlaps     0.08s     0.08s 
t_iter =  0  Hylleraas energy =  0.00000  ||R||_F =  0.28673  conv =  no
subspace solution [*]   1.00000000

t_iter =  1  Hylleraas energy =  -0.04254  ||R||_F =  0.00000  conv =  yes
=======================================================

Hylleraas MP2 Energies

=======================================================
    i    j      singlet      triplet        Total
=======================================================
    1    1  -1.96556e-02  0.00000e+00 -1.96556e-02
    2    1   0.00000e+00  0.00000e+00  0.00000e+00
    2    2  -2.28811e-02  0.00000e+00 -2.28811e-02
=======================================================
Hylleraas MP2 Energies (singlet): -4.25367e-02
Hylleraas MP2 Energies (triplet):  0.00000e+00
Hylleraas MP2 Energies (total)  : -4.25367e-02
=======================================================
-------------------------------------------
Total Reg Energy  =-4.25367e-02
Total F12 Energy  = 0.00000e+00
Sum Energies Total=-4.25367e-02
-------------------------------------------
timer:                         Solve Amplitudes     0.00s     0.00s 
pair11: density evals:
 [*]   0.00467591   0.00467591   0.00529278

pair22: density evals:
 [*]   0.00404781   0.00404781   0.02883787

timer:                            compress PNOs     0.00s     0.00s 
timer:                             MRA compress     0.00s     0.00s 
timer:                          Transform Pairs     0.36s     0.36s 
timer:                          PNO Compression     0.36s     0.36s 
Information About All Pairs:
mp2_pair11           number=0 rank=  3 frozen=false
mp2_pair21           number=1 rank=  0 frozen=true
mp2_pair22           number=2 rank=  3 frozen=false
number of pairs=3
average rank   =2 (2.00000e+00)
largest rank   =3
saving vector of functions mp2_pair11
saving vector of functions mp2_pair22
timer:                        save pnos on disc     0.11s     0.11s 
PNOPairs Memory Information
Total: 0.02437 GB 
PNO  : 0.00707 GB 
KPNO : 0.00658 GB 
W    : 0.01071 GB 

timer:                                 truncate     0.03s     0.03s 
timer:      compute densities for G application     0.00s     0.00s 
pair21 is frozen: no optimization
timer:                Prepare for G application     0.24s     0.24s 
timer:                                    add K     0.02s     0.02s 
size of all Vpsi potentials (without Vnuc and J) 0.00895 GB 
time=130.09240 chunk=6 Vpsi+Vnuc+J=0.02089 GB
time=130.15297 chunk=6 Vpsi+Vnuc+J=0.01959 GB (after truncation)
timer:                           Apply G to all     2.15s     2.15s 
timer:                       apply Q and update     0.00s     0.00s 
mp2_pair11 residual norms:
[0.00521, 0.00521, 0.02201]
mp2_pair11 scaled residual norms:
[0.00036, 0.00036, 0.00160]
mp2_pair22 residual norms:
[0.00864, 0.00864, 0.00750]
mp2_pair22 scaled residual norms:
[0.00055, 0.00055, 0.00127]
timer:                          update all PNOs     2.41s     2.41s 
frozen pair: no orthonormalization
timer:                                     RRCD     0.07s     0.07s 
timer:                             MRA compress     0.00s     0.00s 
timer:                          Transform Pairs     0.13s     0.13s 
saving vector of functions mp2_pair11
saving vector of functions mp2_pair22
timer:                        save pnos on disc     0.12s     0.12s 


CONVERGED!
energy change = 0.00007

re-entering loop to compute the correct amplitudes and energies
timer:                        Whole Iteration 5    10.43s    10.43s 
Information About All Pairs:
mp2_pair11           number=0 rank=  3 frozen=false
mp2_pair21           number=1 rank=  0 frozen=true
mp2_pair22           number=2 rank=  3 frozen=false
number of pairs=3
average rank   =2 (2.00000)
largest rank   =3
PNOPairs Memory Information
Total: 0.00716 GB 
PNO  : 0.00716 GB 
KPNO : 0.00000 GB 
W    : 0.00000 GB 

timer:                                 truncate     0.02s     0.02s 
wall time=135.50115 chunk=6 allK.size()=6 memory=0.00675 GB
timer:                             compute KPNO     3.43s     3.43s 
wall time=135.63317 chunk=6 allJ.size()=6 memory=0.00781 GB
timer:                             compute JPNO     0.13s     0.13s 
timer:                    compute Fock matrices     1.10s     1.10s 
timer:                             MRA compress     0.00s     0.00s 
timer:                          Transform Pairs     0.23s     0.23s 
timer:                             Canonicalize     0.23s     0.23s 
PNOPairs Memory Information
Total: 0.01374 GB 
PNO  : 0.00707 GB 
KPNO : 0.00666 GB 
W    : 0.00000 GB 

timer:                                 truncate     0.07s     0.07s 
mp2_pair21 is frozen: potential not computed
timer:                   Fluctuation Potentials     1.89s     1.89s 
timer:                       Fluctuation Matrix     0.11s     0.11s 
PNOPairs Memory Information
Total: 0.02445 GB 
PNO  : 0.00707 GB 
KPNO : 0.00666 GB 
W    : 0.01071 GB 

PNOPairs Memory Information
Total: 0.02445 GB 
PNO  : 0.00707 GB 
KPNO : 0.00666 GB 
W    : 0.01071 GB 

timer:                                 truncate     0.05s     0.05s 
timer:                             PNO Overlaps     0.09s     0.09s 
t_iter =  0  Hylleraas energy =  0.00000  ||R||_F =  0.28786  conv =  no
subspace solution [*]   1.00000000

t_iter =  1  Hylleraas energy =  -0.04256  ||R||_F =  0.00000  conv =  yes
=======================================================

Hylleraas MP2 Energies

=======================================================
    i    j      singlet      triplet        Total
=======================================================
    1    1  -1.96753e-02  0.00000e+00 -1.96753e-02
    2    1   0.00000e+00  0.00000e+00  0.00000e+00
    2    2  -2.28884e-02  0.00000e+00 -2.28884e-02
=======================================================
Hylleraas MP2 Energies (singlet): -4.25636e-02
Hylleraas MP2 Energies (triplet):  0.00000e+00
Hylleraas MP2 Energies (total)  : -4.25636e-02
=======================================================
-------------------------------------------
Total Reg Energy  =-4.25636e-02
Total F12 Energy  = 0.00000e+00
Sum Energies Total=-4.25636e-02
-------------------------------------------
timer:                         Solve Amplitudes     0.00s     0.00s 
pair11: density evals:
 [*]   0.00465142   0.00465142   0.00525141

pair22: density evals:
 [*]   0.00401738   0.00401738   0.02868607

timer:                            compress PNOs     0.00s     0.00s 
timer:                             MRA compress     0.00s     0.00s 
timer:                          Transform Pairs     0.28s     0.28s 
timer:                          PNO Compression     0.28s     0.28s 
Information About All Pairs:
mp2_pair11           number=0 rank=  3 frozen=false
mp2_pair21           number=1 rank=  0 frozen=true
mp2_pair22           number=2 rank=  3 frozen=false
number of pairs=3
average rank   =2 (2.00000e+00)
largest rank   =3
saving vector of functions mp2_pair11
saving vector of functions mp2_pair22
timer:                        save pnos on disc     0.14s     0.14s 
exiting: Iterations converged
PNO ranks:
PNO Rank for pair pair11 = 3
PNO Rank for pair pair21 = 0
PNO Rank for pair pair22 = 3
average rank 2.00000e+00
timer:                               PNO::solve    62.33s    62.33s 

--------------------------------
ITERATE-PAIRS-INTERNAL-ENDED
--------------------------------
mp2_pair21 converged!


Adaptive Sovler:
 Current Energy=-4.2563643042e-02
 DeltaE        =-4.2563643042e-02
 max dE (pair) =-2.2888374246e-02 (2)
 all_pairs_conv=false




not converged yet

freeze pair mp2_pair21 (not further optimized: Energy below 1.0000000000e-05)
Maximum Rank of3 reached for all non-frozen pairs, no need to iterate further=======================================================

Final MP2 Energies

=======================================================
    i    j      singlet      triplet        Total
=======================================================
    1    1  -1.96753e-02  0.00000e+00 -1.96753e-02
    2    1   0.00000e+00  0.00000e+00  0.00000e+00
    2    2  -2.28884e-02  0.00000e+00 -2.28884e-02
=======================================================
Final MP2 Energies (singlet): -4.25636e-02
Final MP2 Energies (triplet):  0.00000e+00
Final MP2 Energies (total)  : -4.25636e-02
=======================================================
-------------------------------------------
Total Reg Energy  =-4.25636e-02
Total F12 Energy  = 0.00000e+00
Sum Energies Total=-4.25636e-02
-------------------------------------------
Average | Max Rank: 2 | 3



--------------------------------------------------
MRA-PNO-MP2-F12 ended 
--------------------------------------------------
                 time scf = 7.03816e+01
               energy scf = -1.56251e+01
--------------------------------------------------
restarting PNO to reload pairs that converged before and were frozen
PNO Parameters
pno
       rank_increase  15         # default   maximum rank to increase in every macroiteration
               chunk  100        # default   chunk of functions operated on in parallel when G or K is applied (prevent memory shortage)
               debug  false      # default   debug mode
              freeze  1          # derived   frozen core approximation
             maxrank  3          # defined   maximal pno rank for all pairs
           guesstype  exop       # derived   the guesstype: exop (recommended, multiply polynomial excitation operators onto the occupied orbitals), empty (don't compute a guess), scf (use the ao basis from the SCF solver), partial_wave (create s,p,d ..., type functions and place on atoms), predefined (same as partial_wave but for predefined sets)
                exop  multipole  # derived   this string defines which excitation operators can be used, use 'dipole', 'dipole+', 'quadrupole', 'ocopole', or 'multipole', need to set guesstype to 'exop' which is the default
          exop_trigo  true       # default   use trigonometric excitation operators ( x --> sin(x)
        partial_wave             # default   atom centered partial wave guess of format like 'h-2s1p-o-3s2p1d', need to set guesstype to 'partial_wave' and adaptive_solver to 'none'
          predefined             # default   predefined partial wave guesses of type pvxz with x=d,t,q,5,6, need to set guesstype to 'predefined' and adaptive_solver to 'none'
           maxiter_t  100        # default   maximal number of iterations in the amplitude solver
       maxiter_micro  10         # default   Maximum of iterations for every cycle in the adaptive solver
       maxiter_macro  10         # default   Maximum of iterations of cycles in the adaptive solver
                tpno  1.0000e-08 # default   PNO cutoff threshold
          tpno_tight  1.0000e-10 # derived   PNO cutoff for the first iteration
    canonicalize_pno  true       # default   canonicalize the pnos before the amplitude solver
              thresh  1.0000e-04 # defined   MRA threshold
         econv_micro  1.0000e-04 # derived   Energy convergence for microiterations (Greens function based optimization) in adaptive solver
         econv_pairs  1.0000e-05 # derived   ENergy convergence for individual pairs in adaptive solver. Converged pairs are frozen automatically
         econv_macro  1.0000e-04 # derived   Energy convergence for macroiterations in adaptive solver, no effect if adaptive_solver is deactivated
               dconv  1.0000e-01 # default   convergence of every PNO in the Green's function solver
           op_thresh  1.0000e-06 # default   MRA operator thresh
             restart  all        # defined   restart pairs of this type, use 'mp2', 'cispd', 'all' or 'none'
          no_compute  none       # default   do not compute the pairs of this type, use 'mp2', 'cispd', 'all' or 'none'
              no_opt  all        # defined   do not optimize the pnos of this type, use 'mp2', 'cispd', 'all' or 'none'
            no_guess  all        # defined   guess for this type will be empty, use 'mp2', 'cispd', 'all' or 'none'
     adaptive_solver  none       # defined   Use adaptive solver for those pairs, use 'mp2', 'cispd', 'all' or 'none', works only in combination with guesstype 'exop'
                kain  true       # default   use KAIN solver in amplitude solver
       kain_subspace  5          # default   subspace size of the KAIN solver (amplitudes)
                 f12  false      # defined   use explicit correlation
        cispd_number  -1         # default   CIS(D) excitation numbers, to read in correct functions
        cispd_energy  0.0000e+00 # default   CIS energy
        freeze_pairs  none       # default   frozen pairs will not be optimized: Expected format 'a b c d' will freeze pairs ab and cd
freeze_pairs_of_orbital  []         # default    All pairs which originate from this orbital will not be optimized
active_pairs_of_orbital  []         # default    All pairs which originate from this orbital will not be frozen all other pairs will, if this vector is not empty
no_opt_in_first_iteration  false      # default   Do not optimize in the first iteration (then the potentials do not have to be evaluated, use this for large guesses)
            exchange  full       # default   approximate exchange with 'neglect' or xc functional -> same syntax as moldft
           save_pnos  true       # default   Save the OBS-PNOs to a file, before and after orthonormalization.
            diagonal  true       # defined   Compute only diagonal PNOs

end

**********************
Solve PNO-MP2
*********************


**********************
Iterate Pairs
*********************


************************
Standard Solver
***********************

Initializing Pairs:
Restart demanded for mp2 pairs
loading vector of functions mp2_pair11
Found PNOs for mp2_pair11 with rank 3
loading vector of functions mp2_pair21
failed to find PNO mp2_pair21 initialize as zero function
nloading vector of functions mp2_pair22
Found PNOs for mp2_pair22 with rank 3
no guess was explicitly demanded for mp2

timer:                                     RRCD     0.06s     0.06s 
timer:                             MRA compress     0.00s     0.00s 
timer:                          Transform Pairs     0.07s     0.07s 
timer:          apply Q and orthonormalize PNOs     0.38s     0.38s 
Created Guess:
pair11 with 3 guess functions
pair21 with 0 guess functions
pair22 with 3 guess functions
guess pair11 size: 3.5777688026e-03 | 3.5777688026e-03 Gbyte (after truncation)
guess pair22 size: 3.4959912300e-03 | 3.4959912300e-03 Gbyte (after truncation)
timer:                           truncate guess     0.03s     0.03s 
timer:                         Initialize Pairs     0.42s     0.42s 
Information About All Pairs:
mp2_pair11           number=0 rank=  3 frozen=false
mp2_pair21           number=1 rank=  0 frozen=true
mp2_pair22           number=2 rank=  3 frozen=false
number of pairs=3
average rank   =2 (2.0000000000e+00)
largest rank   =3
SolveInternal: Parameters are assigned as
no_compute        = false
no_opt            = true
restart           = true
do_cispd          = false
econv             =1.0000000000e-04
maxrank (min,max) = (3,3)
Solving MP2 doubles
timer:          fock matrix     2.78s     2.79s
Information About All Pairs:
mp2_pair11           number=0 rank=  3 frozen=false
mp2_pair21           number=1 rank=  0 frozen=true
mp2_pair22           number=2 rank=  3 frozen=false
number of pairs=3
average rank   =2 (2.0000000000e+00)
largest rank   =3
PNOPairs Memory Information
Total: 0.0070737600 GB 
PNO  : 0.0070737600 GB 
KPNO : 0.0000000000 GB 
W    : 0.0000000000 GB 

timer:                                 truncate     0.03s     0.03s 
wall time=146.0517051220 chunk=6 allK.size()=6 memory=0.0067466497 GB
timer:                             compute KPNO     3.19s     3.19s 
wall time=146.2115900517 chunk=6 allJ.size()=6 memory=0.0077279806 GB
timer:                             compute JPNO     0.16s     0.16s 
timer:                    compute Fock matrices     1.17s     1.17s 
timer:                             MRA compress     0.00s     0.00s 
timer:                          Transform Pairs     0.17s     0.17s 
timer:                             Canonicalize     0.17s     0.17s 
PNOPairs Memory Information
Total: 0.0137386322 GB 
PNO  : 0.0070737600 GB 
KPNO : 0.0066648722 GB 
W    : 0.0000000000 GB 

timer:                                 truncate     0.05s     0.05s 
mp2_pair21 is frozen: potential not computed
timer:                   Fluctuation Potentials     1.71s     1.71s 
timer:                       Fluctuation Matrix     0.19s     0.19s 
PNOPairs Memory Information
Total: 0.0244514942 GB 
PNO  : 0.0070737600 GB 
KPNO : 0.0066648722 GB 
W    : 0.0107128620 GB 

PNOPairs Memory Information
Total: 0.0244514942 GB 
PNO  : 0.0070737600 GB 
KPNO : 0.0066648722 GB 
W    : 0.0107128620 GB 

timer:                                 truncate     0.06s     0.06s 
timer:                             PNO Overlaps     0.07s     0.07s 
t_iter =  0  Hylleraas energy =  0.0000000000  ||R||_F =  0.2878586947  conv =  no
subspace solution [*]   1.00000000

t_iter =  1  Hylleraas energy =  -0.0425637422  ||R||_F =  0.0000000012  conv =  yes
=======================================================

Hylleraas MP2 Energies

=======================================================
    i    j      singlet      triplet        Total
=======================================================
    1    1  -1.96753e-02  0.00000e+00 -1.96753e-02
    2    1   0.00000e+00  0.00000e+00  0.00000e+00
    2    2  -2.28885e-02  0.00000e+00 -2.28885e-02
=======================================================
Hylleraas MP2 Energies (singlet): -4.25637e-02
Hylleraas MP2 Energies (triplet):  0.00000e+00
Hylleraas MP2 Energies (total)  : -4.25637e-02
=======================================================
-------------------------------------------
Total Reg Energy  =-4.25637e-02
Total F12 Energy  = 0.00000e+00
Sum Energies Total=-4.25637e-02
-------------------------------------------
timer:                         Solve Amplitudes     0.00s     0.00s 
No optimization untill now: Compressing pno ranks with tighter threshold
1.00000e-10 instead of 1.00000e-08
pair11: density evals:
 [*]   0.00465142   0.00465142   0.00525142

pair22: density evals:
 [*]   0.00401738   0.00401738   0.02868627

timer:                            compress PNOs     0.00s     0.00s 
timer:                             MRA compress     0.00s     0.00s 
timer:                          Transform Pairs     0.42s     0.42s 
timer:                          PNO Compression     0.42s     0.42s 
Information About All Pairs:
mp2_pair11           number=0 rank=  3 frozen=false
mp2_pair21           number=1 rank=  0 frozen=true
mp2_pair22           number=2 rank=  3 frozen=false
number of pairs=3
average rank   =2 (2.00000e+00)
largest rank   =3
saving vector of functions mp2_pair11
saving vector of functions mp2_pair22
timer:                        save pnos on disc     0.14s     0.14s 
exiting: Found no_opt keyword
PNO ranks:
PNO Rank for pair pair11 = 3
PNO Rank for pair pair21 = 0
PNO Rank for pair pair22 = 3
average rank 2.00000e+00
timer:                               PNO::solve    10.17s    10.17s 

--------------------------------
ITERATE-PAIRS-INTERNAL-ENDED
--------------------------------
=======================================================

Final MP2 Energies

=======================================================
    i    j      singlet      triplet        Total
=======================================================
    1    1  -1.96753e-02  0.00000e+00 -1.96753e-02
    2    1   0.00000e+00  0.00000e+00  0.00000e+00
    2    2  -2.28885e-02  0.00000e+00 -2.28885e-02
=======================================================
Final MP2 Energies (singlet): -4.25637e-02
Final MP2 Energies (triplet):  0.00000e+00
Final MP2 Energies (total)  : -4.25637e-02
=======================================================
-------------------------------------------
Total Reg Energy  =-4.25637e-02
Total F12 Energy  = 0.00000e+00
Sum Energies Total=-4.25637e-02
-------------------------------------------
Average | Max Rank: 2 | 3
                 time pno = 6.85369e+01
               energy mp2 = -4.25637e-02
     average pno rank mp2 = 2
         max pno rank mp2 = 3
--------------------------------------------------
            energy(total) = -1.56676e+01
--------------------------------------------------



Orthonormalization technique used: symmetric
No CABS used.
Tightening thresholds to +0.00010000 for post-processing
Overlap Matrix of all PNOs:
+1.00000148 +0.27450839 -0.00000000 +0.00000000 +0.00000000 +0.00000000 
+0.27450839 +1.00000101 +0.00000000 -0.00000000 +0.00000000 +0.00000000 
-0.00000000 +0.00000000 +1.00000000 +0.00000000 +0.07642402 +0.02481741 
+0.00000000 -0.00000000 +0.00000000 +1.00000000 -0.02481741 +0.07642402 
+0.00000000 +0.00000000 +0.07642402 -0.02481741 +1.00000000 -0.00000000 
+0.00000000 +0.00000000 +0.02481741 +0.07642402 -0.00000000 +1.00000000 
Before cherry pick
rank is +0
all used occupation numbers:
[+0.02868627 +0.00525142 +0.00465142 +0.00465142 +0.00401738 +0.00401738 ]
corresponding to active pairs:
[(1,1) (0,0) (0,0) (0,0) (1,1) (1,1) ]
After cherry pick
all used occupation numbers:
[+0.02868627 +0.00525142 +0.00465142 +0.00465142 +0.00401738 +0.00401738 ]
corresponding to active pairs:
[(1,1) (0,0) (0,0) (0,0) (1,1) (1,1) ]
Overlap Matrix before symmetric
[+0,*]  +1.00000148  +0.27450839  -0.00000000  +0.00000000  +0.00000000  +0.00000000
[+1,*]  +0.27450839  +1.00000101  +0.00000000  -0.00000000  +0.00000000  +0.00000000
[+2,*]  -0.00000000  +0.00000000  +1.00000000  +0.00000000  +0.07642402  +0.02481741
[+3,*]  +0.00000000  -0.00000000  +0.00000000  +1.00000000  -0.02481741  +0.07642402
[+4,*]  +0.00000000  +0.00000000  +0.07642402  -0.02481741  +1.00000000  -0.00000000
[+5,*]  +0.00000000  +0.00000000  +0.02481741  +0.07642402  -0.00000000  +1.00000000
Overlap Matrix after symmetric
[+0,*]  +1.00000000  -0.00000002  -0.00000000  +0.00000000  +0.00000000  +0.00000000
[+1,*]  -0.00000002  +1.00000000  -0.00000000  +0.00000000  +0.00000000  +0.00000000
[+2,*]  -0.00000000  -0.00000000  +1.00000000  +0.00000000  +0.00000000  -0.00000000
[+3,*]  +0.00000000  +0.00000000  +0.00000000  +1.00000000  +0.00000000  +0.00000000
[+4,*]  +0.00000000  +0.00000000  +0.00000000  +0.00000000  +1.00000000  -0.00000000
[+5,*]  +0.00000000  +0.00000000  -0.00000000  +0.00000000  -0.00000000  +1.00000000
Adding 3 HF orbitals
Size before adding CABS: 9.
Size after adding CABS: 9.
Compute G and F Tensor:
Assemble g,f using symmetries...
non zero elements:
 g : +11109
 h : +37
Overlap over whole basis
[+0,*]  +1.00000000  +0.00000065  +0.00000055  -0.00000518  +0.00000585  +0.00000000  -0.00000000  -0.00000000  -0.00000000
[+1,*]  +0.00000065  +1.00000000  +0.00000033  +0.00000177  -0.00000203  -0.00000000  +0.00000000  +0.00000000  +0.00000000
[+2,*]  +0.00000055  +0.00000033  +1.00000000  +0.00000033  -0.00000035  +0.00000000  +0.00000000  +0.00000000  -0.00000000
[+3,*]  -0.00000518  +0.00000177  +0.00000033  +1.00000000  -0.00000002  -0.00000000  +0.00000000  +0.00000000  +0.00000000
[+4,*]  +0.00000585  -0.00000203  -0.00000035  -0.00000002  +1.00000000  +0.00000000  +0.00000000  +0.00000000  +0.00000000
[+5,*]  +0.00000000  -0.00000000  +0.00000000  -0.00000000  +0.00000000  +1.00000000  +0.00000000  +0.00000000  -0.00000000
[+6,*]  -0.00000000  +0.00000000  +0.00000000  +0.00000000  +0.00000000  +0.00000000  +1.00000000  +0.00000000  +0.00000000
[+7,*]  -0.00000000  +0.00000000  +0.00000000  +0.00000000  +0.00000000  +0.00000000  +0.00000000  +1.00000000  -0.00000000
[+8,*]  -0.00000000  +0.00000000  -0.00000000  +0.00000000  +0.00000000  -0.00000000  +0.00000000  -0.00000000  +1.00000000

||S-1||=+0.00001178
finished at time 226.5

    Parallel environment
    --------------------
                  #nodes    1
       #threads per node    11+main = 12
          #total threads    12

  RMI message statistics (min / avg / max)
  ----------------------
   #messages in server q    0.00e+00 / 0.00e+00 / 0.00e+00
 #messages sent per node    0.00e+00 / 0.00e+00 / 0.00e+00
    #bytes sent per node    0.00e+00 / 0.00e+00 / 0.00e+00
 #messages recv per node    0.00e+00 / 0.00e+00 / 0.00e+00
    #bytes recv per node    0.00e+00 / 0.00e+00 / 0.00e+00
        #msgs systemwide    0.00e+00
       #bytes systemwide    0.00e+00

  Thread pool statistics (min / avg / max)
  ----------------------
         #tasks per node    1.38e+07 / 1.38e+07 / 1.38e+07
     #max q len per node    1.15e+04 / 1.15e+04 / 1.15e+04
  #hi-pri tasks per node    4.12e+06 / 4.12e+06 / 4.12e+06

         Total wall time    226.5s
         Total  cpu time    226.5s

