MADNESS runtime initialized with 11 threads in the pool and affinity -1 -1 -1
starting at time 0.1

--------------------------------------------
   MADNESS 0.10.1 multiresolution suite
--------------------------------------------

   number of processors ... 1
    processor frequency ... 3.695814e+09
            host system ... Linux
          configured by ... kottmann
          configured on ... wittgenstein
          configured at ... 2021-02-10T21:25:26
                    CXX ... /usr/bin/c++
               CXXFLAGS ... -O3 -DNDEBUG -I/h/28/kottmann/install/numcpp/include/ -I/h/28/kottmann/install/boost/boost_1_72_0/include/ -std=c++1z
             tuning for ... default
                    MPI ... multiple
 multi-threaded runtime ... MADNESS ThreadPool
                   BLAS ... Intel MKL 66407 66407 MFLOP/s
               compiled ... 13:08:26  on  Feb 23 2021


-------------------------------------------------------------------------------------
SOLVING MRA-PNO-F12 as described in 
J.S. Kottmann, F.A. Bischoff, E.F. Valeev
Direct determination of optimal pair-natural orbitals in a real-space representation:
the second-order Møller-Plesset energy
Journal of Chemical Physics ... 2020
-------------------------------------------------------------------------------------


This script will run PNO-MP2 and print out tensors in binary
Call as: pno_integrals inputfileinput is input
ignoring unknown parameter in input file:  ncf

Angstrom being used to read input coordinates (1 Bohr = 1.88972613 Angstrom)


Asymptotic correction parameters
---------------------------------------
Atom vector is not empty: false
Using multipole approximation: false
Number of electrons = -1
Ionisation energy = 0.000000e+00
E(HOMO) = 0.000000e+00
R1 = 3.000000e+00
R2 = 4.000000e+00
DFT coefficient = 0.000000e+00
Interpolation scheme = linear
constructed symmetry operator for point group C1
dft
              charge  0.0000e+00 # defined   total molecular charge
                  xc  hf         # defined   XC input line
               smear  0.0000e+00 # default   smearing parameter
               econv  1.0000e-04 # defined   energy convergence
               dconv  5.0000e-04 # defined   density convergence
convergence_criteria  [bsh_residual, total_energy] # default   possible values are: bsh_residual, total_energy, each_energy, density
                   k  7          # defined   polynomial order
                   l  5.4850e+01 # derived   user coordinates box size
               deriv  abgv       # default   derivative method                            [abgv, bspline, ble]
           dft_deriv  abgv       # default   derivative method for gga potentials         [abgv, bspline, ble]
             maxrotn  2.5000e-01 # default   step restriction used in autoshift algorithm
             nvalpha  0          # default   number of alpha virtuals to compute
              nvbeta  0          # default   number of beta virtuals to compute
               nopen  0          # default   number of unpaired electrons = nalpha-nbeta
             maxiter  25         # default   maximum number of iterations
                 nio  1          # default   no. of io servers to use
     spin_restricted  true       # default   true if spin restricted
              plotlo  0          # default   range of MOs to print (for both spins if polarized
              plothi  -1         # default   range of MOs to print (for both spins if polarized
            plotdens  false      # default   If true print the density at convergence
            plotcoul  false      # default   If true plot the total coulomb potential at convergence
            localize  boys       # defined   localization method                          [pm, boys, new, canon]
          pointgroup  c1         # derived   use point (sub) group symmetry if not localized[c1, c2, ci, cs, c2v, c2h, d2, d2h]
             restart  false      # default   if true restart from orbitals on disk
           restartao  false      # default   if true restart from orbitals projected into AO basis (STO3G) on disk
          no_compute  false      # default   if true use orbitals on disk, set value to computed
           no_orient  false      # default   if true the molecule coordinates will not be reoriented
                save  true       # default   if true save orbitals to disk
              maxsub  10         # default   size of iterative subspace ... set to 0 or 1 to disable
        orbitalshift  0.0000e+00 # default   scf orbital shift: shift the occ orbitals to lower energies
            npt_plot  101        # default   no. of points to use in each dim for plots
           plot_cell  []         # default   lo hi in each dimension for plotting (default is all space)
             aobasis  6-31g      # derived   AO basis used for initial guess (6-31g or sto-3g)
           core_type  none       # default   core potential type                          [none, mpc]
         derivatives  false      # default   if true calculate nuclear derivatives
              dipole  false      # default   if true calculate dipole moment
      conv_only_dens  false      # default   if true remove bsh_residual from convergence criteria (deprecated)
            psp_calc  false      # default   pseudopotential calculation for all atoms
 print_dipole_matels  false      # default   if true output dipole matrix elements
            pcm_data  none       # default   do a PCM (solvent) calculation
             ac_data  none       # default   do a calculation with asymptotic correction (see ACParameters class in chem/AC.h for details)
             pure_ae  true       # default   pure all electron calculation with no pseudo-atoms
         print_level  3          # default   0: no output; 1: final energy; 2: iterations; 3: timings; 10: debug
              nalpha  3          # derived   number of alpha spin electrons
               nbeta  3          # derived   number of beta  spin electrons
           nmo_alpha  3          # derived   number of alpha spin molecular orbitals
            nmo_beta  3          # derived   number of beta spin molecular orbitals
                  lo  9.0905e-04 # derived   smallest length scale we need to resolve
            protocol  [1.0000e-04, 1.0000e-06] # derived   calculation protocol
                gopt  false      # default   geometry optimizer
                gtol  1.0000e-04 # default   geometry tolerance
               gtest  false      # default   geometry tolerance
                gval  1.0000e-05 # default   value precision
               gprec  1.0000e-04 # default   gradient precision
            gmaxiter  20         # default   optimization maxiter
    ginitial_hessian  false      # default   compute inital hessian for optimization
              algopt  bfgs       # default   algorithm used for optimization              [bfgs, cg]
            tdksprop  false      # default   time-dependent Kohn-Sham equation propagate
           nv_factor  1          # default   factor to multiply number of virtual orbitals with when automatically decreasing nvirt
           vnucextra  2          # default   load balance parameter for nuclear pot
        loadbalparts  2          # default   ??
            response  false      # default   response function calculation
       response_freq  0.0000e+00 # default   frequency for calculation response function
       response_axis  [1, 1, 1]  # default   response axis
           nonrotate  false      # default   if true do not molcule orient (redundant with no_orient
               rconv  1.0000e-06 # default   Response convergence
              efield  0.0000e+00 # default   eps for finite field
         efield_axis  0          # default   finite field axis                            [0, 1, 2]
              nwfile  none       # default   Base name of nwchem output files (.out and .movecs extensions) to read from
                 ncf  (none,1.0000e+00) # defined   nuclear correlation factor
             hessian  false      # default   compute the hessian matrix
           read_cphf  false      # default   read the converged orbital response for nuclear displacements from file
        restart_cphf  false      # default   read the guess orbital response for nuclear displacements from file
      purify_hessian  false      # default   symmetrize the hessian matrix based on atomic charges

end
              charge  0.0000e+00 # defined   total molecular charge
                  xc  hf         # defined   XC input line
               smear  0.0000e+00 # default   smearing parameter
               econv  1.0000e-04 # defined   energy convergence
               dconv  5.0000e-04 # defined   density convergence
convergence_criteria  [bsh_residual, total_energy] # default   possible values are: bsh_residual, total_energy, each_energy, density
                   k  7          # defined   polynomial order
                   l  5.4850e+01 # derived   user coordinates box size
               deriv  abgv       # default   derivative method                            [abgv, bspline, ble]
           dft_deriv  abgv       # default   derivative method for gga potentials         [abgv, bspline, ble]
             maxrotn  2.5000e-01 # default   step restriction used in autoshift algorithm
             nvalpha  0          # default   number of alpha virtuals to compute
              nvbeta  0          # default   number of beta virtuals to compute
               nopen  0          # default   number of unpaired electrons = nalpha-nbeta
             maxiter  25         # default   maximum number of iterations
                 nio  1          # default   no. of io servers to use
     spin_restricted  true       # default   true if spin restricted
              plotlo  0          # default   range of MOs to print (for both spins if polarized
              plothi  -1         # default   range of MOs to print (for both spins if polarized
            plotdens  false      # default   If true print the density at convergence
            plotcoul  false      # default   If true plot the total coulomb potential at convergence
            localize  boys       # defined   localization method                          [pm, boys, new, canon]
          pointgroup  c1         # derived   use point (sub) group symmetry if not localized[c1, c2, ci, cs, c2v, c2h, d2, d2h]
             restart  false      # default   if true restart from orbitals on disk
           restartao  false      # default   if true restart from orbitals projected into AO basis (STO3G) on disk
          no_compute  false      # default   if true use orbitals on disk, set value to computed
           no_orient  false      # default   if true the molecule coordinates will not be reoriented
                save  true       # default   if true save orbitals to disk
              maxsub  10         # default   size of iterative subspace ... set to 0 or 1 to disable
        orbitalshift  0.0000e+00 # default   scf orbital shift: shift the occ orbitals to lower energies
            npt_plot  101        # default   no. of points to use in each dim for plots
           plot_cell  []         # default   lo hi in each dimension for plotting (default is all space)
             aobasis  6-31g      # derived   AO basis used for initial guess (6-31g or sto-3g)
           core_type  none       # default   core potential type                          [none, mpc]
         derivatives  false      # default   if true calculate nuclear derivatives
              dipole  false      # default   if true calculate dipole moment
      conv_only_dens  false      # default   if true remove bsh_residual from convergence criteria (deprecated)
            psp_calc  false      # default   pseudopotential calculation for all atoms
 print_dipole_matels  false      # default   if true output dipole matrix elements
            pcm_data  none       # default   do a PCM (solvent) calculation
             ac_data  none       # default   do a calculation with asymptotic correction (see ACParameters class in chem/AC.h for details)
             pure_ae  true       # default   pure all electron calculation with no pseudo-atoms
         print_level  3          # default   0: no output; 1: final energy; 2: iterations; 3: timings; 10: debug
              nalpha  3          # derived   number of alpha spin electrons
               nbeta  3          # derived   number of beta  spin electrons
           nmo_alpha  3          # derived   number of alpha spin molecular orbitals
            nmo_beta  3          # derived   number of beta spin molecular orbitals
                  lo  9.0905e-04 # derived   smallest length scale we need to resolve
            protocol  [1.0000e-04, 1.0000e-06] # derived   calculation protocol
                gopt  false      # default   geometry optimizer
                gtol  1.0000e-04 # default   geometry tolerance
               gtest  false      # default   geometry tolerance
                gval  1.0000e-05 # default   value precision
               gprec  1.0000e-04 # default   gradient precision
            gmaxiter  20         # default   optimization maxiter
    ginitial_hessian  false      # default   compute inital hessian for optimization
              algopt  bfgs       # default   algorithm used for optimization              [bfgs, cg]
            tdksprop  false      # default   time-dependent Kohn-Sham equation propagate
           nv_factor  1          # default   factor to multiply number of virtual orbitals with when automatically decreasing nvirt
           vnucextra  2          # default   load balance parameter for nuclear pot
        loadbalparts  2          # default   ??
            response  false      # default   response function calculation
       response_freq  0.0000e+00 # default   frequency for calculation response function
       response_axis  [1, 1, 1]  # default   response axis
           nonrotate  false      # default   if true do not molcule orient (redundant with no_orient
               rconv  1.0000e-06 # default   Response convergence
              efield  0.0000e+00 # default   eps for finite field
         efield_axis  0          # default   finite field axis                            [0, 1, 2]
              nwfile  none       # default   Base name of nwchem output files (.out and .movecs extensions) to read from



 geometry
   eprec 1.0e-06
   units atomic
   Be            0.00000000           0.00000000           0.25196348
   H             0.00000000           0.00000000           3.84244314
   H             0.00000000           0.00000000          -4.85029707
 end

Solving NDIM= 3  with thresh 1.000000e-04     k 7    conv 5.000000e-04 

timer:     Project vnuclear     0.81s     0.81s
constructed nuclear correlation factor of the form
    R   =  1.000000e+00
with eprec  1.000000e-06
which means it's (nearly) a conventional calculation

timer:        reproject ncf     1.89s     1.89s
timer:        guess density     0.52s     0.52s
timer:   guess Coulomb potn     0.43s     0.43s
timer:       guess lda potn     0.30s     0.30s
timer:        guess overlap     0.03s     0.03s
timer:    KEmat reconstruct     0.08s     0.08s
timer:  KEmat differentiate     0.26s     0.26s
timer:       KEmat compress     0.11s     0.11s
timer: KEmat inner products     0.19s     0.19s
timer:     guess Kinet potn     0.65s     0.65s
timer:           guess fock     0.44s     0.44s
timer:      guess eigen sol     0.05s     0.05s
timer: guess orbital groupi     0.10s     0.10s

starting protocol at time      7.6s 
precision steps  1.000000e-04  -->  1.000000e-04
protocol: thresh 1.000000e-04 econv  1.000000e-04 dconv 5.000000e-04

ending protocol at time      7.6s 

Solving NDIM= 3  with thresh 1.000000e-04     k 7    conv 5.000000e-04 

timer:        Boys localize     0.90s     0.90s
orbital irreps []
timer:      reconstruct psi     0.16s     0.16s
timer:        compute Jnemo     0.66s     0.66s
timer:        compute Knemo     1.81s     1.81s
timer: compute Unemo 0.0160     0.24s     0.24s

  nuclear and kinetic     -23.76965625
         kinetic only      15.15536284
              coulomb       9.45574300
             exchange      -3.22960953
    nuclear-repulsion       2.01306204
   regularized energy     -15.53046074
  buggy if hybrid functionals are used..
timer:       compute energy     3.62s     3.62s
Norm of vector changes ab spin case : rms 8.242325e-02    max 1.313614e-01
convergence: bshresidual, energy change, max energy change, density change 9.4e-02 1.6e+01 1.6e+01 1.4e+00
finished iteration  0 at time     20.5s with energy  -15.53046074
timer:        Boys localize     1.01s     1.01s
orbital irreps []
timer:      reconstruct psi     0.19s     0.19s
timer:        compute Jnemo     0.66s     0.66s
timer:        compute Knemo     2.01s     2.01s
timer: compute Unemo 0.0159     0.20s     0.20s

  nuclear and kinetic     -23.87149571
         kinetic only      15.08236845
              coulomb       9.46411627
             exchange      -3.18045458
    nuclear-repulsion       2.01306204
   regularized energy     -15.57477198
  buggy if hybrid functionals are used..
timer:       compute energy     3.53s     3.53s
Norm of vector changes ab spin case : rms 3.395586e-02    max 5.193483e-02
convergence: bshresidual, energy change, max energy change, density change 2.6e-02 4.4e-02 1.0e-01 1.4e-02
finished iteration  1 at time     33.3s with energy  -15.57477198
timer:        Boys localize     1.02s     1.02s
orbital irreps []
timer:      reconstruct psi     0.17s     0.17s
timer:        compute Jnemo     0.70s     0.70s
timer:        compute Knemo     2.25s     2.25s
timer: compute Unemo 0.0157     0.23s     0.23s

  nuclear and kinetic     -23.93405347
         kinetic only      15.08034420
              coulomb       9.50581705
             exchange      -3.16548438
    nuclear-repulsion       2.01306204
   regularized energy     -15.58065876
  buggy if hybrid functionals are used..
timer:       compute energy     3.81s     3.81s
Norm of vector changes ab spin case : rms 1.273029e-02    max 2.024922e-02
convergence: bshresidual, energy change, max energy change, density change 6.8e-03 5.9e-03 6.3e-02 4.7e-03
finished iteration  2 at time     47.1s with energy  -15.58065876
timer:        Boys localize     1.16s     1.16s
orbital irreps []
timer:      reconstruct psi     0.18s     0.18s
timer:        compute Jnemo     0.65s     0.65s
timer:        compute Knemo     2.15s     2.15s
timer: compute Unemo 0.0157     0.19s     0.19s

  nuclear and kinetic     -23.96485756
         kinetic only      15.08112527
              coulomb       9.53142428
             exchange      -3.16109329
    nuclear-repulsion       2.01306204
   regularized energy     -15.58146452
  buggy if hybrid functionals are used..
timer:       compute energy     3.34s     3.34s
Norm of vector changes ab spin case : rms 6.159190e-03    max 9.189732e-03
convergence: bshresidual, energy change, max energy change, density change 2.6e-03 8.1e-04 3.1e-02 1.3e-03
finished iteration  3 at time     60.5s with energy  -15.58146452
timer:        Boys localize     0.93s     0.93s
orbital irreps []
timer:      reconstruct psi     0.10s     0.10s
timer:        compute Jnemo     0.74s     0.74s
timer:        compute Knemo     2.06s     2.06s
timer: compute Unemo 0.0156     0.18s     0.18s

  nuclear and kinetic     -23.97487679
         kinetic only      15.08042731
              coulomb       9.54051148
             exchange      -3.16029059
    nuclear-repulsion       2.01306204
   regularized energy     -15.58159385
  buggy if hybrid functionals are used..
timer:       compute energy     3.79s     3.79s
Norm of vector changes ab spin case : rms 1.948672e-03    max 2.882060e-03
convergence: bshresidual, energy change, max energy change, density change 8.6e-04 1.3e-04 1.0e-02 5.7e-04
finished iteration  4 at time     74.5s with energy  -15.58159385
timer:        Boys localize     0.93s     0.93s
orbital irreps []
timer:      reconstruct psi     0.20s     0.20s
timer:        compute Jnemo     0.80s     0.80s
timer:        compute Knemo     2.39s     2.39s
timer: compute Unemo 0.0156     0.15s     0.15s

  nuclear and kinetic     -23.97454260
         kinetic only      15.07982044
              coulomb       9.54046364
             exchange      -3.16059133
    nuclear-repulsion       2.01306204
   regularized energy     -15.58160826
  buggy if hybrid functionals are used..
timer:       compute energy     3.57s     3.57s
Norm of vector changes ab spin case : rms 8.616915e-04    max 1.236603e-03
convergence: bshresidual, energy change, max energy change, density change 3.7e-04 1.4e-05 6.1e-04 1.9e-04
finished iteration  5 at time     88.7s with energy  -15.58160826

Iterations converged


ending protocol at time     88.7s 

 Dipole Moment (a.u.)
 -----------

     x:  -1.828425e-14
     y:  -5.192123e-14
     z:  7.465180e-01
 Total Dipole Moment:  7.465180e-01 

timer:               dipole     0.05s     0.05s
Nemo Orbital Energies: [*]  -4.84196752  -0.43254467  -0.33288681

nemo energy:  -1.558161e+01
 at time 89.3
PNO Integrals evaluated as:
pnoint
       rank_increase  15         # default   maximum rank to increase in every macroiteration
               chunk  100        # default   chunk of functions operated on in parallel when G or K is applied (prevent memory shortage)
               debug  false      # default   debug mode
              freeze  1          # derived   frozen core approximation
             maxrank  4          # defined   maximal pno rank for all pairs
           guesstype  exop       # derived   the guesstype: exop (recommended, multiply polynomial excitation operators onto the occupied orbitals), empty (don't compute a guess), scf (use the ao basis from the SCF solver), partial_wave (create s,p,d ..., type functions and place on atoms), predefined (same as partial_wave but for predefined sets)
                exop  multipole  # derived   this string defines which excitation operators can be used, use 'dipole', 'dipole+', 'quadrupole', 'ocopole', or 'multipole', need to set guesstype to 'exop' which is the default
          exop_trigo  true       # default   use trigonometric excitation operators ( x --> sin(x)
        partial_wave             # default   atom centered partial wave guess of format like 'h-2s1p-o-3s2p1d', need to set guesstype to 'partial_wave' and adaptive_solver to 'none'
          predefined             # default   predefined partial wave guesses of type pvxz with x=d,t,q,5,6, need to set guesstype to 'predefined' and adaptive_solver to 'none'
           maxiter_t  100        # default   maximal number of iterations in the amplitude solver
       maxiter_micro  10         # default   Maximum of iterations for every cycle in the adaptive solver
       maxiter_macro  10         # default   Maximum of iterations of cycles in the adaptive solver
                tpno  1.0000e-08 # default   PNO cutoff threshold
          tpno_tight  1.0000e-10 # derived   PNO cutoff for the first iteration
    canonicalize_pno  true       # default   canonicalize the pnos before the amplitude solver
              thresh  1.0000e-04 # defined   MRA threshold
         econv_micro  1.0000e-04 # derived   Energy convergence for microiterations (Greens function based optimization) in adaptive solver
         econv_pairs  1.0000e-05 # derived   ENergy convergence for individual pairs in adaptive solver. Converged pairs are frozen automatically
         econv_macro  1.0000e-04 # derived   Energy convergence for macroiterations in adaptive solver, no effect if adaptive_solver is deactivated
               dconv  1.0000e-01 # default   convergence of every PNO in the Green's function solver
           op_thresh  1.0000e-06 # default   MRA operator thresh
             restart  none       # derived   restart pairs of this type, use 'mp2', 'cispd', 'all' or 'none'
          no_compute  none       # default   do not compute the pairs of this type, use 'mp2', 'cispd', 'all' or 'none'
              no_opt  none       # default   do not optimize the pnos of this type, use 'mp2', 'cispd', 'all' or 'none'
            no_guess  none       # derived   guess for this type will be empty, use 'mp2', 'cispd', 'all' or 'none'
     adaptive_solver  all        # default   Use adaptive solver for those pairs, use 'mp2', 'cispd', 'all' or 'none', works only in combination with guesstype 'exop'
                kain  true       # default   use KAIN solver in amplitude solver
       kain_subspace  5          # default   subspace size of the KAIN solver (amplitudes)
                 f12  false      # defined   use explicit correlation
        cispd_number  -1         # default   CIS(D) excitation numbers, to read in correct functions
        cispd_energy  0.0000e+00 # default   CIS energy
        freeze_pairs  none       # default   frozen pairs will not be optimized: Expected format 'a b c d' will freeze pairs ab and cd
freeze_pairs_of_orbital  []         # default    All pairs which originate from this orbital will not be optimized
active_pairs_of_orbital  []         # default    All pairs which originate from this orbital will not be frozen all other pairs will, if this vector is not empty
no_opt_in_first_iteration  false      # default   Do not optimize in the first iteration (then the potentials do not have to be evaluated, use this for large guesses)
            exchange  full       # default   approximate exchange with 'neglect' or xc functional -> same syntax as moldft
           save_pnos  true       # default   Save the OBS-PNOs to a file, before and after orthonormalization.
            diagonal  true       # defined   Compute only diagonal PNOs
              orthog  symmetric  # defined   orthogonalization method for PNO basis, also current default for a potential CABS. options: symmetric, canonical, cholesky, rr_cholesky,
         orthog_cabs  default    # default   orthogonalization method for CABS basis. options: symmetric, canonical, cholesky, rr_cholesky, uses same as orbitals basis if default.
               n_pno  4          # defined   desired size of PNO-basis (orbital space)
         cabs_option  none       # default   type of complementary auxiliary basis to be used. can be none ~ no CABS, gbs ~ Gaussian basis set as CABS, requires input via auxbas_file, pno ~ use superfluous PNOs as CABS, mixed ~ gbs&pno-option
       pno_cabs_size  -1         # default   size of a potential pno-cabs. defaults to -1 ~ all remaining PNOs, if pno-cabs or mixed-cabs
           only_diag  false      # default   use only diagonal elements PNOs
         cherry_pick  []         # default   cherry pick option to choose particular set of PNOs, not just blindly by occupation number. can be useful, if only a restricted number of PNOs can be used, to avoid separating degenerate pairs. can be envoked by passing a vector via [ elem1, elem2, ... ]
               gamma  1.4000e+00 # default   The f12 length scale, here to be used to compute f12-integrals
         cabs_thresh  1.0000e-04 # derived    thresh for cabs part
              auxbas  none       # default   atom centered partial wave guess of format like 'h-2s1p-o-3s2p1d'
         auxbas_file  none       # default   Use external comp. aux. basis in addition to the pnos as auxbasis. Give the filename as parameter. Give the auxbas in turbomole format. Don't use contractions. If a file is specified the auxbas parameter has no effect
   print_pno_overlap  true       # default   Print overlap matrix at certain steps in computation, for debugging purposes.
              n_virt  0          # defined   Compute this number of virtuals and include them in the integral construction, experimental and not robust!.
      hardcore_boson  false      # default   compute only integrals for hardcore boson hamiltonian (restricted to double occupations)

end
F12 Operators initialized right
timer:                    Testing F12 Operators     0.82s     0.82s 
timer:  Initializing (active) Exchange Orbitals     2.18s     2.18s 
Size of active mos and their exchange potentials:
K(acmos)=3.148437e-03 Gbyte
acmos   =2.616882e-03 Gbyte
PNO Parameters
pno
       rank_increase  15         # default   maximum rank to increase in every macroiteration
               chunk  100        # default   chunk of functions operated on in parallel when G or K is applied (prevent memory shortage)
               debug  false      # default   debug mode
              freeze  1          # derived   frozen core approximation
             maxrank  4          # defined   maximal pno rank for all pairs
           guesstype  exop       # derived   the guesstype: exop (recommended, multiply polynomial excitation operators onto the occupied orbitals), empty (don't compute a guess), scf (use the ao basis from the SCF solver), partial_wave (create s,p,d ..., type functions and place on atoms), predefined (same as partial_wave but for predefined sets)
                exop  multipole  # derived   this string defines which excitation operators can be used, use 'dipole', 'dipole+', 'quadrupole', 'ocopole', or 'multipole', need to set guesstype to 'exop' which is the default
          exop_trigo  true       # default   use trigonometric excitation operators ( x --> sin(x)
        partial_wave             # default   atom centered partial wave guess of format like 'h-2s1p-o-3s2p1d', need to set guesstype to 'partial_wave' and adaptive_solver to 'none'
          predefined             # default   predefined partial wave guesses of type pvxz with x=d,t,q,5,6, need to set guesstype to 'predefined' and adaptive_solver to 'none'
           maxiter_t  100        # default   maximal number of iterations in the amplitude solver
       maxiter_micro  10         # default   Maximum of iterations for every cycle in the adaptive solver
       maxiter_macro  10         # default   Maximum of iterations of cycles in the adaptive solver
                tpno  1.0000e-08 # default   PNO cutoff threshold
          tpno_tight  1.0000e-10 # derived   PNO cutoff for the first iteration
    canonicalize_pno  true       # default   canonicalize the pnos before the amplitude solver
              thresh  1.0000e-04 # defined   MRA threshold
         econv_micro  1.0000e-04 # derived   Energy convergence for microiterations (Greens function based optimization) in adaptive solver
         econv_pairs  1.0000e-05 # derived   ENergy convergence for individual pairs in adaptive solver. Converged pairs are frozen automatically
         econv_macro  1.0000e-04 # derived   Energy convergence for macroiterations in adaptive solver, no effect if adaptive_solver is deactivated
               dconv  1.0000e-01 # default   convergence of every PNO in the Green's function solver
           op_thresh  1.0000e-06 # default   MRA operator thresh
             restart  none       # derived   restart pairs of this type, use 'mp2', 'cispd', 'all' or 'none'
          no_compute  none       # default   do not compute the pairs of this type, use 'mp2', 'cispd', 'all' or 'none'
              no_opt  none       # default   do not optimize the pnos of this type, use 'mp2', 'cispd', 'all' or 'none'
            no_guess  none       # derived   guess for this type will be empty, use 'mp2', 'cispd', 'all' or 'none'
     adaptive_solver  all        # default   Use adaptive solver for those pairs, use 'mp2', 'cispd', 'all' or 'none', works only in combination with guesstype 'exop'
                kain  true       # default   use KAIN solver in amplitude solver
       kain_subspace  5          # default   subspace size of the KAIN solver (amplitudes)
                 f12  false      # defined   use explicit correlation
        cispd_number  -1         # default   CIS(D) excitation numbers, to read in correct functions
        cispd_energy  0.0000e+00 # default   CIS energy
        freeze_pairs  none       # default   frozen pairs will not be optimized: Expected format 'a b c d' will freeze pairs ab and cd
freeze_pairs_of_orbital  []         # default    All pairs which originate from this orbital will not be optimized
active_pairs_of_orbital  []         # default    All pairs which originate from this orbital will not be frozen all other pairs will, if this vector is not empty
no_opt_in_first_iteration  false      # default   Do not optimize in the first iteration (then the potentials do not have to be evaluated, use this for large guesses)
            exchange  full       # default   approximate exchange with 'neglect' or xc functional -> same syntax as moldft
           save_pnos  true       # default   Save the OBS-PNOs to a file, before and after orthonormalization.
            diagonal  true       # defined   Compute only diagonal PNOs

end

**********************
Solve PNO-MP2
*********************


**********************
Iterate Pairs
*********************


************************
Adaptive Solver
***********************

Initializing empty Pairs:
no guess was explicitly demanded for mp2

timer:                                     RRCD     0.00s     0.00s 
timer:                             MRA compress     0.00s     0.00s 
timer:                          Transform Pairs     0.00s     0.00s 
timer:          apply Q and orthonormalize PNOs     0.00s     0.00s 
Created Guess:
pair11 with 0 guess functions
pair21 with 0 guess functions
pair22 with 0 guess functions
guess pair11 size: 0.0000000000e+00 | 0.0000000000e+00 Gbyte (after truncation)
guess pair22 size: 0.0000000000e+00 | 0.0000000000e+00 Gbyte (after truncation)
timer:                           truncate guess     0.00s     0.00s 
timer:                         Initialize Pairs     0.00s     0.00s 
Keyword multipole is not known
Guess protocol for adaptively growing ranks is: [dipole+, quadrupole, big_fock_3, big_fock_3, big_fock_3, big_fock_3, big_fock_3, big_fock_3, big_fock_3, big_fock_3]


--------Adaptive Solver Macroiteration 0 from max 10 ----------

Growing ranks with exop=dipole+
Create guess functions by multiplying plane-waves to 1 functions 
Created 4 virtuals for pair11
pair21 is frozen: no growing
Create guess functions by multiplying plane-waves to 1 functions 
Created 4 virtuals for pair22
frozen pair: no orthonormalization
timer:                                     RRCD     0.04s     0.04s 
timer:                             MRA compress     0.00s     0.00s 
timer:                          Transform Pairs     0.19s     0.19s 
timer:                        grow PNO subspace     1.78s     1.78s 
SolveInternal: Parameters are assigned as
no_compute        = false
no_opt            = false
restart           = false
do_cispd          = false
econv             =1.0000000000e-04
maxrank (min,max) = (4,4)
Solving MP2 doubles
timer:          fock matrix     2.72s     2.72s
Information About All Pairs:
mp2_pair11           number=0 rank=  4 frozen=false
mp2_pair21           number=1 rank=  0 frozen=true
mp2_pair22           number=2 rank=  4 frozen=false
number of pairs=3
average rank   =2 (2.6666666667e+00)
largest rank   =4
PNOPairs Memory Information
Total: 0.0103857517 GB 
PNO  : 0.0103857517 GB 
KPNO : 0.0000000000 GB 
W    : 0.0000000000 GB 

timer:                                 truncate     0.05s     0.05s 
wall time=102.7878649235 chunk=8 allK.size()=8 memory=0.0098950863 GB
timer:                             compute KPNO     4.00s     4.00s 
wall time=102.9690508842 chunk=8 allJ.size()=8 memory=0.0112035275 GB
timer:                             compute JPNO     0.18s     0.18s 
timer:                    compute Fock matrices     1.40s     1.40s 
timer:                             MRA compress     0.00s     0.00s 
timer:                          Transform Pairs     0.22s     0.22s 
timer:                             Canonicalize     0.22s     0.22s 
PNOPairs Memory Information
Total: 0.0199537277 GB 
PNO  : 0.0102221966 GB 
KPNO : 0.0097315311 GB 
W    : 0.0000000000 GB 

timer:                                 truncate     0.07s     0.07s 
mp2_pair21 is frozen: potential not computed
timer:                   Fluctuation Potentials     2.16s     2.16s 
timer:                       Fluctuation Matrix     0.12s     0.12s 
PNOPairs Memory Information
Total: 0.0340194702 GB 
PNO  : 0.0102221966 GB 
KPNO : 0.0097315311 GB 
W    : 0.0140657425 GB 

PNOPairs Memory Information
Total: 0.0340194702 GB 
PNO  : 0.0102221966 GB 
KPNO : 0.0097315311 GB 
W    : 0.0140657425 GB 

timer:                                 truncate     0.04s     0.04s 
timer:                             PNO Overlaps     0.11s     0.11s 
t_iter =  0  Hylleraas energy =  0.0000000000  ||R||_F =  0.1652176239  conv =  no
subspace solution [*]   1.00000000

t_iter =  1  Hylleraas energy =  -0.0293259412  ||R||_F =  0.0000000343  conv =  yes
=======================================================

Hylleraas MP2 Energies

=======================================================
    i    j      singlet      triplet        Total
=======================================================
    1    1  -1.29479e-02  0.00000e+00 -1.29479e-02
    2    1   0.00000e+00  0.00000e+00  0.00000e+00
    2    2  -1.63781e-02  0.00000e+00 -1.63781e-02
=======================================================
Hylleraas MP2 Energies (singlet): -2.93259e-02
Hylleraas MP2 Energies (triplet):  0.00000e+00
Hylleraas MP2 Energies (total)  : -2.93259e-02
=======================================================
-------------------------------------------
Total Reg Energy  =-2.93259e-02
Total F12 Energy  = 0.00000e+00
Sum Energies Total=-2.93259e-02
-------------------------------------------
timer:                         Solve Amplitudes     0.00s     0.00s 
No optimization untill now: Compressing pno ranks with tighter threshold
1.00000e-10 instead of 1.00000e-08
pair11: density evals:
 [*]   0.00286142   0.00397408   0.00397408   0.01280112

pair22: density evals:
 [*]   0.00268776   0.00346825   0.00346825   0.03390033

timer:                            compress PNOs     0.00s     0.00s 
timer:                             MRA compress     0.00s     0.00s 
timer:                          Transform Pairs     0.47s     0.47s 
timer:                          PNO Compression     0.47s     0.47s 
Information About All Pairs:
mp2_pair11           number=0 rank=  4 frozen=false
mp2_pair21           number=1 rank=  0 frozen=true
mp2_pair22           number=2 rank=  4 frozen=false
number of pairs=3
average rank   =2 (2.66667e+00)
largest rank   =4
saving vector of functions mp2_pair11
saving vector of functions mp2_pair22
timer:                        save pnos on disc     0.19s     0.19s 
PNOPairs Memory Information
Total: 0.03377 GB 
PNO  : 0.01006 GB 
KPNO : 0.00965 GB 
W    : 0.01407 GB 

timer:                                 truncate     0.04s     0.04s 
timer:      compute densities for G application     0.00s     0.00s 
pair21 is frozen: no optimization
timer:                Prepare for G application     0.47s     0.47s 
timer:                                    add K     0.05s     0.05s 
size of all Vpsi potentials (without Vnuc and J) 0.01276 GB 
time=109.08487 chunk=8 Vpsi+Vnuc+J=0.03042 GB
time=109.14668 chunk=8 Vpsi+Vnuc+J=0.03009 GB (after truncation)
timer:                           Apply G to all     2.97s     2.97s 
timer:                       apply Q and update     0.00s     0.00s 
mp2_pair11 residual norms:
[0.47107, 0.35678, 0.35678, 0.41015]
mp2_pair11 scaled residual norms:
[0.02520, 0.02249, 0.02249, 0.04640]
mp2_pair22 residual norms:
[0.45524, 0.36165, 0.36165, 0.37225]
mp2_pair22 scaled residual norms:
[0.02360, 0.02130, 0.02130, 0.06854]
timer:                          update all PNOs     3.50s     3.50s 
frozen pair: no orthonormalization
timer:                                     RRCD     0.03s     0.03s 
timer:                             MRA compress     0.00s     0.00s 
timer:                          Transform Pairs     0.12s     0.12s 
saving vector of functions mp2_pair11
saving vector of functions mp2_pair22
timer:                        save pnos on disc     0.17s     0.17s 


No convergence yet. Energy change = 0.02933

timer:                        Whole Iteration 1    12.99s    12.99s 
Information About All Pairs:
mp2_pair11           number=0 rank=  4 frozen=false
mp2_pair21           number=1 rank=  0 frozen=true
mp2_pair22           number=2 rank=  4 frozen=false
number of pairs=3
average rank   =2 (2.66667)
largest rank   =4
PNOPairs Memory Information
Total: 0.01030 GB 
PNO  : 0.01030 GB 
KPNO : 0.00000 GB 
W    : 0.00000 GB 

timer:                                 truncate     0.04s     0.04s 
wall time=115.81571 chunk=8 allK.size()=8 memory=0.00973 GB
timer:                             compute KPNO     4.04s     4.04s 
wall time=116.02903 chunk=8 allJ.size()=8 memory=0.01088 GB
timer:                             compute JPNO     0.21s     0.21s 
timer:                    compute Fock matrices     1.49s     1.49s 
timer:                             MRA compress     0.00s     0.00s 
timer:                          Transform Pairs     0.32s     0.32s 
timer:                             Canonicalize     0.32s     0.32s 
PNOPairs Memory Information
Total: 0.02004 GB 
PNO  : 0.01022 GB 
KPNO : 0.00981 GB 
W    : 0.00000 GB 

timer:                                 truncate     0.06s     0.06s 
mp2_pair21 is frozen: potential not computed
timer:                   Fluctuation Potentials     2.32s     2.32s 
timer:                       Fluctuation Matrix     0.16s     0.16s 
PNOPairs Memory Information
Total: 0.03459 GB 
PNO  : 0.01022 GB 
KPNO : 0.00981 GB 
W    : 0.01456 GB 

PNOPairs Memory Information
Total: 0.03459 GB 
PNO  : 0.01022 GB 
KPNO : 0.00981 GB 
W    : 0.01456 GB 

timer:                                 truncate     0.04s     0.04s 
timer:                             PNO Overlaps     0.07s     0.07s 
t_iter =  0  Hylleraas energy =  0.00000  ||R||_F =  0.24149  conv =  no
subspace solution [*]   1.00000000

t_iter =  1  Hylleraas energy =  -0.05201  ||R||_F =  0.00000  conv =  yes
=======================================================

Hylleraas MP2 Energies

=======================================================
    i    j      singlet      triplet        Total
=======================================================
    1    1  -2.32702e-02  0.00000e+00 -2.32702e-02
    2    1   0.00000e+00  0.00000e+00  0.00000e+00
    2    2  -2.87366e-02  0.00000e+00 -2.87366e-02
=======================================================
Hylleraas MP2 Energies (singlet): -5.20069e-02
Hylleraas MP2 Energies (triplet):  0.00000e+00
Hylleraas MP2 Energies (total)  : -5.20069e-02
=======================================================
-------------------------------------------
Total Reg Energy  =-5.20069e-02
Total F12 Energy  = 0.00000e+00
Sum Energies Total=-5.20069e-02
-------------------------------------------
timer:                         Solve Amplitudes     0.00s     0.00s 
pair11: density evals:
 [*]   0.00409728   0.00475694   0.00475694   0.02106712

pair22: density evals:
 [*]   0.00365425   0.00404997   0.00404997   0.05602887

timer:                            compress PNOs     0.00s     0.00s 
timer:                             MRA compress     0.00s     0.00s 
timer:                          Transform Pairs     0.47s     0.47s 
timer:                          PNO Compression     0.47s     0.47s 
Information About All Pairs:
mp2_pair11           number=0 rank=  4 frozen=false
mp2_pair21           number=1 rank=  0 frozen=true
mp2_pair22           number=2 rank=  4 frozen=false
number of pairs=3
average rank   =2 (2.66667e+00)
largest rank   =4
saving vector of functions mp2_pair11
saving vector of functions mp2_pair22
timer:                        save pnos on disc     0.18s     0.18s 
PNOPairs Memory Information
Total: 0.03443 GB 
PNO  : 0.01022 GB 
KPNO : 0.00981 GB 
W    : 0.01439 GB 

timer:                                 truncate     0.06s     0.06s 
timer:      compute densities for G application     0.00s     0.00s 
pair21 is frozen: no optimization
timer:                Prepare for G application     0.52s     0.52s 
timer:                                    add K     0.06s     0.06s 
size of all Vpsi potentials (without Vnuc and J) 0.01398 GB 
time=122.53801 chunk=8 Vpsi+Vnuc+J=0.03099 GB
time=122.58204 chunk=8 Vpsi+Vnuc+J=0.02977 GB (after truncation)
timer:                           Apply G to all     2.80s     2.80s 
timer:                       apply Q and update     0.00s     0.00s 
mp2_pair11 residual norms:
[0.11175, 0.09018, 0.09018, 0.11888]
mp2_pair11 scaled residual norms:
[0.00715, 0.00622, 0.00622, 0.01726]
mp2_pair22 residual norms:
[0.12152, 0.09279, 0.09279, 0.09079]
mp2_pair22 scaled residual norms:
[0.00735, 0.00591, 0.00591, 0.02149]
timer:                          update all PNOs     3.39s     3.39s 
frozen pair: no orthonormalization
timer:                                     RRCD     0.06s     0.06s 
timer:                             MRA compress     0.00s     0.00s 
timer:                          Transform Pairs     0.12s     0.12s 
saving vector of functions mp2_pair11
saving vector of functions mp2_pair22
timer:                        save pnos on disc     0.17s     0.17s 


No convergence yet. Energy change = 0.02268

timer:                        Whole Iteration 2    13.33s    13.33s 
Information About All Pairs:
mp2_pair11           number=0 rank=  4 frozen=false
mp2_pair21           number=1 rank=  0 frozen=true
mp2_pair22           number=2 rank=  4 frozen=false
number of pairs=3
average rank   =2 (2.66667)
largest rank   =4
PNOPairs Memory Information
Total: 0.01014 GB 
PNO  : 0.01014 GB 
KPNO : 0.00000 GB 
W    : 0.00000 GB 

timer:                                 truncate     0.02s     0.02s 
wall time=129.34094 chunk=8 allK.size()=8 memory=0.00990 GB
timer:                             compute KPNO     4.26s     4.26s 
wall time=129.48106 chunk=8 allJ.size()=8 memory=0.01120 GB
timer:                             compute JPNO     0.14s     0.14s 
timer:                    compute Fock matrices     1.44s     1.44s 
timer:                             MRA compress     0.00s     0.00s 
timer:                          Transform Pairs     0.18s     0.18s 
timer:                             Canonicalize     0.19s     0.19s 
PNOPairs Memory Information
Total: 0.02004 GB 
PNO  : 0.01014 GB 
KPNO : 0.00990 GB 
W    : 0.00000 GB 

timer:                                 truncate     0.04s     0.04s 
mp2_pair21 is frozen: potential not computed
timer:                   Fluctuation Potentials     2.22s     2.22s 
timer:                       Fluctuation Matrix     0.11s     0.11s 
PNOPairs Memory Information
Total: 0.03443 GB 
PNO  : 0.01014 GB 
KPNO : 0.00990 GB 
W    : 0.01439 GB 

PNOPairs Memory Information
Total: 0.03443 GB 
PNO  : 0.01014 GB 
KPNO : 0.00990 GB 
W    : 0.01439 GB 

timer:                                 truncate     0.09s     0.09s 
timer:                             PNO Overlaps     0.08s     0.08s 
t_iter =  0  Hylleraas energy =  0.00000  ||R||_F =  0.25847  conv =  no
subspace solution [*]   1.00000000

t_iter =  1  Hylleraas energy =  -0.05475  ||R||_F =  0.00000  conv =  yes
=======================================================

Hylleraas MP2 Energies

=======================================================
    i    j      singlet      triplet        Total
=======================================================
    1    1  -2.45877e-02  0.00000e+00 -2.45877e-02
    2    1   0.00000e+00  0.00000e+00  0.00000e+00
    2    2  -3.01604e-02  0.00000e+00 -3.01604e-02
=======================================================
Hylleraas MP2 Energies (singlet): -5.47481e-02
Hylleraas MP2 Energies (triplet):  0.00000e+00
Hylleraas MP2 Energies (total)  : -5.47481e-02
=======================================================
-------------------------------------------
Total Reg Energy  =-5.47481e-02
Total F12 Energy  = 0.00000e+00
Sum Energies Total=-5.47481e-02
-------------------------------------------
timer:                         Solve Amplitudes     0.00s     0.00s 
pair11: density evals:
 [*]   0.00385482   0.00454364   0.00454364   0.02055413

pair22: density evals:
 [*]   0.00345986   0.00383523   0.00383523   0.05528049

timer:                            compress PNOs     0.00s     0.00s 
timer:                             MRA compress     0.00s     0.00s 
timer:                          Transform Pairs     0.44s     0.44s 
timer:                          PNO Compression     0.44s     0.44s 
Information About All Pairs:
mp2_pair11           number=0 rank=  4 frozen=false
mp2_pair21           number=1 rank=  0 frozen=true
mp2_pair22           number=2 rank=  4 frozen=false
number of pairs=3
average rank   =2 (2.66667e+00)
largest rank   =4
saving vector of functions mp2_pair11
saving vector of functions mp2_pair22
timer:                        save pnos on disc     0.19s     0.19s 
PNOPairs Memory Information
Total: 0.03443 GB 
PNO  : 0.01014 GB 
KPNO : 0.00990 GB 
W    : 0.01439 GB 

timer:                                 truncate     0.08s     0.08s 
timer:      compute densities for G application     0.00s     0.00s 
pair21 is frozen: no optimization
timer:                Prepare for G application     0.47s     0.47s 
timer:                                    add K     0.03s     0.03s 
size of all Vpsi potentials (without Vnuc and J) 0.01415 GB 
time=135.47493 chunk=8 Vpsi+Vnuc+J=0.03124 GB
time=135.55492 chunk=8 Vpsi+Vnuc+J=0.02960 GB (after truncation)
timer:                           Apply G to all     2.91s     2.91s 
timer:                       apply Q and update     0.00s     0.00s 
mp2_pair11 residual norms:
[0.04314, 0.03000, 0.03000, 0.04905]
mp2_pair11 scaled residual norms:
[0.00268, 0.00202, 0.00202, 0.00703]
mp2_pair22 residual norms:
[0.05561, 0.03918, 0.03918, 0.03540]
mp2_pair22 scaled residual norms:
[0.00327, 0.00243, 0.00243, 0.00832]
timer:                          update all PNOs     3.41s     3.41s 
frozen pair: no orthonormalization
timer:                                     RRCD     0.04s     0.04s 
timer:                             MRA compress     0.00s     0.00s 
timer:                          Transform Pairs     0.10s     0.10s 
saving vector of functions mp2_pair11
saving vector of functions mp2_pair22
timer:                        save pnos on disc     0.18s     0.18s 


No convergence yet. Energy change = 0.00274

timer:                        Whole Iteration 3    13.08s    13.08s 
Information About All Pairs:
mp2_pair11           number=0 rank=  4 frozen=false
mp2_pair21           number=1 rank=  0 frozen=true
mp2_pair22           number=2 rank=  4 frozen=false
number of pairs=3
average rank   =2 (2.66667)
largest rank   =4
PNOPairs Memory Information
Total: 0.01030 GB 
PNO  : 0.01030 GB 
KPNO : 0.00000 GB 
W    : 0.00000 GB 

timer:                                 truncate     0.06s     0.06s 
wall time=141.97540 chunk=8 allK.size()=8 memory=0.00981 GB
timer:                             compute KPNO     3.79s     3.79s 
wall time=142.12493 chunk=8 allJ.size()=8 memory=0.01137 GB
timer:                             compute JPNO     0.15s     0.15s 
timer:                    compute Fock matrices     1.39s     1.39s 
timer:                             MRA compress     0.00s     0.00s 
timer:                          Transform Pairs     0.22s     0.22s 
timer:                             Canonicalize     0.22s     0.22s 
PNOPairs Memory Information
Total: 0.02004 GB 
PNO  : 0.01022 GB 
KPNO : 0.00981 GB 
W    : 0.00000 GB 

timer:                                 truncate     0.05s     0.05s 
mp2_pair21 is frozen: potential not computed
timer:                   Fluctuation Potentials     2.06s     2.06s 
timer:                       Fluctuation Matrix     0.13s     0.13s 
PNOPairs Memory Information
Total: 0.03459 GB 
PNO  : 0.01022 GB 
KPNO : 0.00981 GB 
W    : 0.01456 GB 

PNOPairs Memory Information
Total: 0.03459 GB 
PNO  : 0.01022 GB 
KPNO : 0.00981 GB 
W    : 0.01456 GB 

timer:                                 truncate     0.06s     0.06s 
timer:                             PNO Overlaps     0.08s     0.08s 
t_iter =  0  Hylleraas energy =  0.00000  ||R||_F =  0.26437  conv =  no
subspace solution [*]   1.00000000

t_iter =  1  Hylleraas energy =  -0.05522  ||R||_F =  0.00000  conv =  yes
=======================================================

Hylleraas MP2 Energies

=======================================================
    i    j      singlet      triplet        Total
=======================================================
    1    1  -2.48089e-02  0.00000e+00 -2.48089e-02
    2    1   0.00000e+00  0.00000e+00  0.00000e+00
    2    2  -3.04118e-02  0.00000e+00 -3.04118e-02
=======================================================
Hylleraas MP2 Energies (singlet): -5.52207e-02
Hylleraas MP2 Energies (triplet):  0.00000e+00
Hylleraas MP2 Energies (total)  : -5.52207e-02
=======================================================
-------------------------------------------
Total Reg Energy  =-5.52207e-02
Total F12 Energy  = 0.00000e+00
Sum Energies Total=-5.52207e-02
-------------------------------------------
timer:                         Solve Amplitudes     0.00s     0.00s 
pair11: density evals:
 [*]   0.00371952   0.00443415   0.00443415   0.01994420

pair22: density evals:
 [*]   0.00334004   0.00371352   0.00371352   0.05416545

timer:                            compress PNOs     0.00s     0.00s 
timer:                             MRA compress     0.00s     0.00s 
timer:                          Transform Pairs     0.39s     0.39s 
timer:                          PNO Compression     0.39s     0.39s 
Information About All Pairs:
mp2_pair11           number=0 rank=  4 frozen=false
mp2_pair21           number=1 rank=  0 frozen=true
mp2_pair22           number=2 rank=  4 frozen=false
number of pairs=3
average rank   =2 (2.66667e+00)
largest rank   =4
saving vector of functions mp2_pair11
saving vector of functions mp2_pair22
timer:                        save pnos on disc     0.18s     0.18s 
PNOPairs Memory Information
Total: 0.03443 GB 
PNO  : 0.01022 GB 
KPNO : 0.00981 GB 
W    : 0.01439 GB 

timer:                                 truncate     0.03s     0.03s 
timer:      compute densities for G application     0.00s     0.00s 
pair21 is frozen: no optimization
timer:                Prepare for G application     0.40s     0.40s 
timer:                                    add K     0.04s     0.04s 
size of all Vpsi potentials (without Vnuc and J) 0.01415 GB 
time=147.81929 chunk=8 Vpsi+Vnuc+J=0.03091 GB
time=147.87463 chunk=8 Vpsi+Vnuc+J=0.02936 GB (after truncation)
timer:                           Apply G to all     2.83s     2.83s 
timer:                       apply Q and update     0.00s     0.00s 
mp2_pair11 residual norms:
[0.01981, 0.01105, 0.01105, 0.02150]
mp2_pair11 scaled residual norms:
[0.00121, 0.00074, 0.00074, 0.00304]
mp2_pair22 residual norms:
[0.02991, 0.02135, 0.02135, 0.01526]
mp2_pair22 scaled residual norms:
[0.00173, 0.00130, 0.00130, 0.00355]
timer:                          update all PNOs     3.30s     3.30s 
frozen pair: no orthonormalization
timer:                                     RRCD     0.06s     0.06s 
timer:                             MRA compress     0.00s     0.00s 
timer:                          Transform Pairs     0.06s     0.06s 
saving vector of functions mp2_pair11
saving vector of functions mp2_pair22
timer:                        save pnos on disc     0.17s     0.17s 


No convergence yet. Energy change = 0.00047

timer:                        Whole Iteration 4    12.25s    12.25s 
Information About All Pairs:
mp2_pair11           number=0 rank=  4 frozen=false
mp2_pair21           number=1 rank=  0 frozen=true
mp2_pair22           number=2 rank=  4 frozen=false
number of pairs=3
average rank   =2 (2.66667)
largest rank   =4
PNOPairs Memory Information
Total: 0.01030 GB 
PNO  : 0.01030 GB 
KPNO : 0.00000 GB 
W    : 0.00000 GB 

timer:                                 truncate     0.05s     0.05s 
wall time=154.22701 chunk=8 allK.size()=8 memory=0.00981 GB
timer:                             compute KPNO     3.79s     3.79s 
wall time=154.37379 chunk=8 allJ.size()=8 memory=0.01153 GB
timer:                             compute JPNO     0.15s     0.15s 
timer:                    compute Fock matrices     1.42s     1.42s 
timer:                             MRA compress     0.00s     0.00s 
timer:                          Transform Pairs     0.23s     0.23s 
timer:                             Canonicalize     0.23s     0.23s 
PNOPairs Memory Information
Total: 0.01987 GB 
PNO  : 0.01014 GB 
KPNO : 0.00973 GB 
W    : 0.00000 GB 

timer:                                 truncate     0.03s     0.03s 
mp2_pair21 is frozen: potential not computed
timer:                   Fluctuation Potentials     2.01s     2.01s 
timer:                       Fluctuation Matrix     0.13s     0.13s 
PNOPairs Memory Information
Total: 0.03443 GB 
PNO  : 0.01014 GB 
KPNO : 0.00973 GB 
W    : 0.01456 GB 

PNOPairs Memory Information
Total: 0.03443 GB 
PNO  : 0.01014 GB 
KPNO : 0.00973 GB 
W    : 0.01456 GB 

timer:                                 truncate     0.06s     0.06s 
timer:                             PNO Overlaps     0.10s     0.10s 
t_iter =  0  Hylleraas energy =  0.00000  ||R||_F =  0.26677  conv =  no
subspace solution [*]   1.00000000

t_iter =  1  Hylleraas energy =  -0.05532  ||R||_F =  0.00000  conv =  yes
=======================================================

Hylleraas MP2 Energies

=======================================================
    i    j      singlet      triplet        Total
=======================================================
    1    1  -2.48506e-02  0.00000e+00 -2.48506e-02
    2    1   0.00000e+00  0.00000e+00  0.00000e+00
    2    2  -3.04706e-02  0.00000e+00 -3.04706e-02
=======================================================
Hylleraas MP2 Energies (singlet): -5.53212e-02
Hylleraas MP2 Energies (triplet):  0.00000e+00
Hylleraas MP2 Energies (total)  : -5.53212e-02
=======================================================
-------------------------------------------
Total Reg Energy  =-5.53212e-02
Total F12 Energy  = 0.00000e+00
Sum Energies Total=-5.53212e-02
-------------------------------------------
timer:                         Solve Amplitudes     0.00s     0.00s 
pair11: density evals:
 [*]   0.00365771   0.00438862   0.00438862   0.01962162

pair22: density evals:
 [*]   0.00327996   0.00364840   0.00364840   0.05359096

timer:                            compress PNOs     0.00s     0.00s 
timer:                             MRA compress     0.00s     0.00s 
timer:                          Transform Pairs     0.51s     0.51s 
timer:                          PNO Compression     0.51s     0.51s 
Information About All Pairs:
mp2_pair11           number=0 rank=  4 frozen=false
mp2_pair21           number=1 rank=  0 frozen=true
mp2_pair22           number=2 rank=  4 frozen=false
number of pairs=3
average rank   =2 (2.66667e+00)
largest rank   =4
saving vector of functions mp2_pair11
saving vector of functions mp2_pair22
timer:                        save pnos on disc     0.16s     0.16s 
PNOPairs Memory Information
Total: 0.03435 GB 
PNO  : 0.01022 GB 
KPNO : 0.00973 GB 
W    : 0.01439 GB 

timer:                                 truncate     0.10s     0.10s 
timer:      compute densities for G application     0.00s     0.00s 
pair21 is frozen: no optimization
timer:                Prepare for G application     0.48s     0.48s 
timer:                                    add K     0.06s     0.06s 
size of all Vpsi potentials (without Vnuc and J) 0.01415 GB 
time=160.53368 chunk=8 Vpsi+Vnuc+J=0.03099 GB
time=160.59777 chunk=8 Vpsi+Vnuc+J=0.02944 GB (after truncation)
timer:                           Apply G to all     3.04s     3.04s 
timer:                       apply Q and update     0.00s     0.00s 
mp2_pair11 residual norms:
[0.00991, 0.00452, 0.00452, 0.00957]
mp2_pair11 scaled residual norms:
[0.00060, 0.00030, 0.00030, 0.00134]
mp2_pair22 residual norms:
[0.01669, 0.01307, 0.01307, 0.00683]
mp2_pair22 scaled residual norms:
[0.00096, 0.00079, 0.00079, 0.00158]
timer:                          update all PNOs     3.59s     3.59s 
frozen pair: no orthonormalization
timer:                                     RRCD     0.07s     0.07s 
timer:                             MRA compress     0.00s     0.00s 
timer:                          Transform Pairs     0.05s     0.05s 
saving vector of functions mp2_pair11
saving vector of functions mp2_pair22
timer:                        save pnos on disc     0.24s     0.24s 


No convergence yet. Energy change = 0.00010

timer:                        Whole Iteration 5    12.76s    12.76s 
Information About All Pairs:
mp2_pair11           number=0 rank=  4 frozen=false
mp2_pair21           number=1 rank=  0 frozen=true
mp2_pair22           number=2 rank=  4 frozen=false
number of pairs=3
average rank   =2 (2.66667)
largest rank   =4
PNOPairs Memory Information
Total: 0.01030 GB 
PNO  : 0.01030 GB 
KPNO : 0.00000 GB 
W    : 0.00000 GB 

timer:                                 truncate     0.07s     0.07s 
wall time=167.27276 chunk=8 allK.size()=8 memory=0.00981 GB
timer:                             compute KPNO     4.06s     4.06s 
wall time=167.46902 chunk=8 allJ.size()=8 memory=0.01153 GB
timer:                             compute JPNO     0.20s     0.20s 
timer:                    compute Fock matrices     1.37s     1.37s 
timer:                             MRA compress     0.00s     0.00s 
timer:                          Transform Pairs     0.24s     0.24s 
timer:                             Canonicalize     0.24s     0.24s 
PNOPairs Memory Information
Total: 0.01987 GB 
PNO  : 0.01014 GB 
KPNO : 0.00973 GB 
W    : 0.00000 GB 

timer:                                 truncate     0.05s     0.05s 
mp2_pair21 is frozen: potential not computed
timer:                   Fluctuation Potentials     2.17s     2.17s 
timer:                       Fluctuation Matrix     0.23s     0.23s 
PNOPairs Memory Information
Total: 0.03443 GB 
PNO  : 0.01014 GB 
KPNO : 0.00973 GB 
W    : 0.01456 GB 

PNOPairs Memory Information
Total: 0.03443 GB 
PNO  : 0.01014 GB 
KPNO : 0.00973 GB 
W    : 0.01456 GB 

timer:                                 truncate     0.04s     0.04s 
timer:                             PNO Overlaps     0.10s     0.10s 
t_iter =  0  Hylleraas energy =  0.00000  ||R||_F =  0.26784  conv =  no
subspace solution [*]   1.00000000

t_iter =  1  Hylleraas energy =  -0.05534  ||R||_F =  0.00000  conv =  yes
=======================================================

Hylleraas MP2 Energies

=======================================================
    i    j      singlet      triplet        Total
=======================================================
    1    1  -2.48591e-02  0.00000e+00 -2.48591e-02
    2    1   0.00000e+00  0.00000e+00  0.00000e+00
    2    2  -3.04853e-02  0.00000e+00 -3.04853e-02
=======================================================
Hylleraas MP2 Energies (singlet): -5.53443e-02
Hylleraas MP2 Energies (triplet):  0.00000e+00
Hylleraas MP2 Energies (total)  : -5.53443e-02
=======================================================
-------------------------------------------
Total Reg Energy  =-5.53443e-02
Total F12 Energy  = 0.00000e+00
Sum Energies Total=-5.53443e-02
-------------------------------------------
timer:                         Solve Amplitudes     0.00s     0.00s 
pair11: density evals:
 [*]   0.00362911   0.00436946   0.00436946   0.01947094

pair22: density evals:
 [*]   0.00324563   0.00361103   0.00361103   0.05332027

timer:                            compress PNOs     0.00s     0.00s 
timer:                             MRA compress     0.00s     0.00s 
timer:                          Transform Pairs     0.48s     0.48s 
timer:                          PNO Compression     0.48s     0.48s 
Information About All Pairs:
mp2_pair11           number=0 rank=  4 frozen=false
mp2_pair21           number=1 rank=  0 frozen=true
mp2_pair22           number=2 rank=  4 frozen=false
number of pairs=3
average rank   =2 (2.66667e+00)
largest rank   =4
saving vector of functions mp2_pair11
saving vector of functions mp2_pair22
timer:                        save pnos on disc     0.18s     0.18s 
PNOPairs Memory Information
Total: 0.03435 GB 
PNO  : 0.01022 GB 
KPNO : 0.00973 GB 
W    : 0.01439 GB 

timer:                                 truncate     0.06s     0.06s 
timer:      compute densities for G application     0.00s     0.00s 
pair21 is frozen: no optimization
timer:                Prepare for G application     0.62s     0.62s 
timer:                                    add K     0.03s     0.03s 
size of all Vpsi potentials (without Vnuc and J) 0.01415 GB 
time=173.78119 chunk=8 Vpsi+Vnuc+J=0.03099 GB
time=173.83088 chunk=8 Vpsi+Vnuc+J=0.02944 GB (after truncation)
timer:                           Apply G to all     2.89s     2.89s 
timer:                       apply Q and update     0.00s     0.00s 
mp2_pair11 residual norms:
[0.00517, 0.00207, 0.00207, 0.00430]
mp2_pair11 scaled residual norms:
[0.00031, 0.00014, 0.00014, 0.00060]
mp2_pair22 residual norms:
[0.00961, 0.00834, 0.00834, 0.00307]
mp2_pair22 scaled residual norms:
[0.00055, 0.00050, 0.00050, 0.00071]
timer:                          update all PNOs     3.57s     3.57s 
frozen pair: no orthonormalization
timer:                                     RRCD     0.09s     0.09s 
timer:                             MRA compress     0.00s     0.00s 
timer:                          Transform Pairs     0.13s     0.13s 
saving vector of functions mp2_pair11
saving vector of functions mp2_pair22
timer:                        save pnos on disc     0.17s     0.17s 


CONVERGED!
energy change = 0.00002

re-entering loop to compute the correct amplitudes and energies
timer:                        Whole Iteration 6    13.30s    13.30s 
Information About All Pairs:
mp2_pair11           number=0 rank=  4 frozen=false
mp2_pair21           number=1 rank=  0 frozen=true
mp2_pair22           number=2 rank=  4 frozen=false
number of pairs=3
average rank   =2 (2.66667)
largest rank   =4
PNOPairs Memory Information
Total: 0.01014 GB 
PNO  : 0.01014 GB 
KPNO : 0.00000 GB 
W    : 0.00000 GB 

timer:                                 truncate     0.05s     0.05s 
wall time=180.58016 chunk=8 allK.size()=8 memory=0.00981 GB
timer:                             compute KPNO     4.09s     4.09s 
wall time=180.70897 chunk=8 allJ.size()=8 memory=0.01137 GB
timer:                             compute JPNO     0.13s     0.13s 
timer:                    compute Fock matrices     1.54s     1.54s 
timer:                             MRA compress     0.00s     0.00s 
timer:                          Transform Pairs     0.26s     0.26s 
timer:                             Canonicalize     0.26s     0.26s 
PNOPairs Memory Information
Total: 0.01987 GB 
PNO  : 0.01014 GB 
KPNO : 0.00973 GB 
W    : 0.00000 GB 

timer:                                 truncate     0.06s     0.06s 
mp2_pair21 is frozen: potential not computed
timer:                   Fluctuation Potentials     2.06s     2.06s 
timer:                       Fluctuation Matrix     0.21s     0.21s 
PNOPairs Memory Information
Total: 0.03443 GB 
PNO  : 0.01014 GB 
KPNO : 0.00973 GB 
W    : 0.01456 GB 

PNOPairs Memory Information
Total: 0.03443 GB 
PNO  : 0.01014 GB 
KPNO : 0.00973 GB 
W    : 0.01456 GB 

timer:                                 truncate     0.07s     0.07s 
timer:                             PNO Overlaps     0.12s     0.12s 
t_iter =  0  Hylleraas energy =  0.00000  ||R||_F =  0.26834  conv =  no
subspace solution [*]   1.00000000

t_iter =  1  Hylleraas energy =  -0.05535  ||R||_F =  0.00000  conv =  no
subspace solution [*]   2.00000045  -1.00000045

t_iter =  2  Hylleraas energy =  -0.05535  ||R||_F =  0.00000  conv =  no
subspace solution [*]   0.00000000   0.00000000   1.00000000

t_iter =  3  Hylleraas energy =  -0.05535  ||R||_F =  0.00000  conv =  yes
=======================================================

Hylleraas MP2 Energies

=======================================================
    i    j      singlet      triplet        Total
=======================================================
    1    1  -2.48606e-02  0.00000e+00 -2.48606e-02
    2    1   0.00000e+00  0.00000e+00  0.00000e+00
    2    2  -3.04874e-02  0.00000e+00 -3.04874e-02
=======================================================
Hylleraas MP2 Energies (singlet): -5.53480e-02
Hylleraas MP2 Energies (triplet):  0.00000e+00
Hylleraas MP2 Energies (total)  : -5.53480e-02
=======================================================
-------------------------------------------
Total Reg Energy  =-5.53480e-02
Total F12 Energy  = 0.00000e+00
Sum Energies Total=-5.53480e-02
-------------------------------------------
timer:                         Solve Amplitudes     0.00s     0.00s 
pair11: density evals:
 [*]   0.00361527   0.00436092   0.00436092   0.01940288

pair22: density evals:
 [*]   0.00322703   0.00358831   0.00358831   0.05318985

timer:                            compress PNOs     0.00s     0.00s 
timer:                             MRA compress     0.00s     0.00s 
timer:                          Transform Pairs     0.52s     0.52s 
timer:                          PNO Compression     0.52s     0.52s 
Information About All Pairs:
mp2_pair11           number=0 rank=  4 frozen=false
mp2_pair21           number=1 rank=  0 frozen=true
mp2_pair22           number=2 rank=  4 frozen=false
number of pairs=3
average rank   =2 (2.66667e+00)
largest rank   =4
saving vector of functions mp2_pair11
saving vector of functions mp2_pair22
timer:                        save pnos on disc     0.27s     0.27s 
exiting: Iterations converged
PNO ranks:
PNO Rank for pair pair11 = 4
PNO Rank for pair pair21 = 0
PNO Rank for pair pair22 = 4
average rank 2.66667e+00
timer:                               PNO::solve    89.84s    89.84s 

--------------------------------
ITERATE-PAIRS-INTERNAL-ENDED
--------------------------------
mp2_pair21 converged!


Adaptive Sovler:
 Current Energy=-5.5348007583e-02
 DeltaE        =-5.5348007583e-02
 max dE (pair) =-3.0487425126e-02 (2)
 all_pairs_conv=false




not converged yet

freeze pair mp2_pair21 (not further optimized: Energy below 1.0000000000e-05)
Maximum Rank of4 reached for all non-frozen pairs, no need to iterate further=======================================================

Final MP2 Energies

=======================================================
    i    j      singlet      triplet        Total
=======================================================
    1    1  -2.48606e-02  0.00000e+00 -2.48606e-02
    2    1   0.00000e+00  0.00000e+00  0.00000e+00
    2    2  -3.04874e-02  0.00000e+00 -3.04874e-02
=======================================================
Final MP2 Energies (singlet): -5.53480e-02
Final MP2 Energies (triplet):  0.00000e+00
Final MP2 Energies (total)  : -5.53480e-02
=======================================================
-------------------------------------------
Total Reg Energy  =-5.53480e-02
Total F12 Energy  = 0.00000e+00
Sum Energies Total=-5.53480e-02
-------------------------------------------
Average | Max Rank: 2 | 4



--------------------------------------------------
MRA-PNO-MP2-F12 ended 
--------------------------------------------------
                 time scf = 8.86849e+01
               energy scf = -1.55816e+01
--------------------------------------------------
restarting PNO to reload pairs that converged before and were frozen
PNO Parameters
pno
       rank_increase  15         # default   maximum rank to increase in every macroiteration
               chunk  100        # default   chunk of functions operated on in parallel when G or K is applied (prevent memory shortage)
               debug  false      # default   debug mode
              freeze  1          # derived   frozen core approximation
             maxrank  4          # defined   maximal pno rank for all pairs
           guesstype  exop       # derived   the guesstype: exop (recommended, multiply polynomial excitation operators onto the occupied orbitals), empty (don't compute a guess), scf (use the ao basis from the SCF solver), partial_wave (create s,p,d ..., type functions and place on atoms), predefined (same as partial_wave but for predefined sets)
                exop  multipole  # derived   this string defines which excitation operators can be used, use 'dipole', 'dipole+', 'quadrupole', 'ocopole', or 'multipole', need to set guesstype to 'exop' which is the default
          exop_trigo  true       # default   use trigonometric excitation operators ( x --> sin(x)
        partial_wave             # default   atom centered partial wave guess of format like 'h-2s1p-o-3s2p1d', need to set guesstype to 'partial_wave' and adaptive_solver to 'none'
          predefined             # default   predefined partial wave guesses of type pvxz with x=d,t,q,5,6, need to set guesstype to 'predefined' and adaptive_solver to 'none'
           maxiter_t  100        # default   maximal number of iterations in the amplitude solver
       maxiter_micro  10         # default   Maximum of iterations for every cycle in the adaptive solver
       maxiter_macro  10         # default   Maximum of iterations of cycles in the adaptive solver
                tpno  1.0000e-08 # default   PNO cutoff threshold
          tpno_tight  1.0000e-10 # derived   PNO cutoff for the first iteration
    canonicalize_pno  true       # default   canonicalize the pnos before the amplitude solver
              thresh  1.0000e-04 # defined   MRA threshold
         econv_micro  1.0000e-04 # derived   Energy convergence for microiterations (Greens function based optimization) in adaptive solver
         econv_pairs  1.0000e-05 # derived   ENergy convergence for individual pairs in adaptive solver. Converged pairs are frozen automatically
         econv_macro  1.0000e-04 # derived   Energy convergence for macroiterations in adaptive solver, no effect if adaptive_solver is deactivated
               dconv  1.0000e-01 # default   convergence of every PNO in the Green's function solver
           op_thresh  1.0000e-06 # default   MRA operator thresh
             restart  all        # defined   restart pairs of this type, use 'mp2', 'cispd', 'all' or 'none'
          no_compute  none       # default   do not compute the pairs of this type, use 'mp2', 'cispd', 'all' or 'none'
              no_opt  all        # defined   do not optimize the pnos of this type, use 'mp2', 'cispd', 'all' or 'none'
            no_guess  all        # defined   guess for this type will be empty, use 'mp2', 'cispd', 'all' or 'none'
     adaptive_solver  none       # defined   Use adaptive solver for those pairs, use 'mp2', 'cispd', 'all' or 'none', works only in combination with guesstype 'exop'
                kain  true       # default   use KAIN solver in amplitude solver
       kain_subspace  5          # default   subspace size of the KAIN solver (amplitudes)
                 f12  false      # defined   use explicit correlation
        cispd_number  -1         # default   CIS(D) excitation numbers, to read in correct functions
        cispd_energy  0.0000e+00 # default   CIS energy
        freeze_pairs  none       # default   frozen pairs will not be optimized: Expected format 'a b c d' will freeze pairs ab and cd
freeze_pairs_of_orbital  []         # default    All pairs which originate from this orbital will not be optimized
active_pairs_of_orbital  []         # default    All pairs which originate from this orbital will not be frozen all other pairs will, if this vector is not empty
no_opt_in_first_iteration  false      # default   Do not optimize in the first iteration (then the potentials do not have to be evaluated, use this for large guesses)
            exchange  full       # default   approximate exchange with 'neglect' or xc functional -> same syntax as moldft
           save_pnos  true       # default   Save the OBS-PNOs to a file, before and after orthonormalization.
            diagonal  true       # defined   Compute only diagonal PNOs

end

**********************
Solve PNO-MP2
*********************


**********************
Iterate Pairs
*********************


************************
Standard Solver
***********************

Initializing Pairs:
Restart demanded for mp2 pairs
loading vector of functions mp2_pair11
Found PNOs for mp2_pair11 with rank 4
loading vector of functions mp2_pair21
failed to find PNO mp2_pair21 initialize as zero function
nloading vector of functions mp2_pair22
Found PNOs for mp2_pair22 with rank 4
no guess was explicitly demanded for mp2

timer:                                     RRCD     0.04s     0.04s 
timer:                             MRA compress     0.00s     0.00s 
timer:                          Transform Pairs     0.07s     0.07s 
timer:          apply Q and orthonormalize PNOs     0.30s     0.30s 
Created Guess:
pair11 with 4 guess functions
pair21 with 0 guess functions
pair22 with 4 guess functions
guess pair11 size: 5.1519870758e-03 | 5.1519870758e-03 Gbyte (after truncation)
guess pair22 size: 4.9884319305e-03 | 4.9884319305e-03 Gbyte (after truncation)
timer:                           truncate guess     0.04s     0.04s 
timer:                         Initialize Pairs     0.41s     0.41s 
Information About All Pairs:
mp2_pair11           number=0 rank=  4 frozen=false
mp2_pair21           number=1 rank=  0 frozen=true
mp2_pair22           number=2 rank=  4 frozen=false
number of pairs=3
average rank   =2 (2.6666666667e+00)
largest rank   =4
SolveInternal: Parameters are assigned as
no_compute        = false
no_opt            = true
restart           = true
do_cispd          = false
econv             =1.0000000000e-04
maxrank (min,max) = (4,4)
Solving MP2 doubles
timer:          fock matrix     2.87s     2.87s
Information About All Pairs:
mp2_pair11           number=0 rank=  4 frozen=false
mp2_pair21           number=1 rank=  0 frozen=true
mp2_pair22           number=2 rank=  4 frozen=false
number of pairs=3
average rank   =2 (2.6666666667e+00)
largest rank   =4
PNOPairs Memory Information
Total: 0.0101404190 GB 
PNO  : 0.0101404190 GB 
KPNO : 0.0000000000 GB 
W    : 0.0000000000 GB 

timer:                                 truncate     0.03s     0.03s 
wall time=193.4476218224 chunk=8 allK.size()=8 memory=0.0098133087 GB
timer:                             compute KPNO     4.27s     4.27s 
wall time=193.6049838066 chunk=8 allJ.size()=8 memory=0.0113670826 GB
timer:                             compute JPNO     0.16s     0.16s 
timer:                    compute Fock matrices     1.44s     1.44s 
timer:                             MRA compress     0.00s     0.00s 
timer:                          Transform Pairs     0.28s     0.28s 
timer:                             Canonicalize     0.29s     0.29s 
PNOPairs Memory Information
Total: 0.0197901726 GB 
PNO  : 0.0100586414 GB 
KPNO : 0.0097315311 GB 
W    : 0.0000000000 GB 

timer:                                 truncate     0.04s     0.04s 
mp2_pair21 is frozen: potential not computed
timer:                   Fluctuation Potentials     2.13s     2.13s 
timer:                       Fluctuation Matrix     0.21s     0.21s 
PNOPairs Memory Information
Total: 0.0343465805 GB 
PNO  : 0.0100586414 GB 
KPNO : 0.0097315311 GB 
W    : 0.0145564079 GB 

PNOPairs Memory Information
Total: 0.0343465805 GB 
PNO  : 0.0100586414 GB 
KPNO : 0.0097315311 GB 
W    : 0.0145564079 GB 

timer:                                 truncate     0.06s     0.06s 
timer:                             PNO Overlaps     0.08s     0.08s 
t_iter =  0  Hylleraas energy =  0.0000000000  ||R||_F =  0.2683424638  conv =  no
subspace solution [*]   1.00000000

t_iter =  1  Hylleraas energy =  -0.0553482702  ||R||_F =  0.0000010370  conv =  no
subspace solution [*]   2.00000045  -1.00000045

t_iter =  2  Hylleraas energy =  -0.0553482702  ||R||_F =  0.0000020740  conv =  no
subspace solution [*]   0.00000000   0.00000000   1.00000000

t_iter =  3  Hylleraas energy =  -0.0553482702  ||R||_F =  0.0000000000  conv =  yes
=======================================================

Hylleraas MP2 Energies

=======================================================
    i    j      singlet      triplet        Total
=======================================================
    1    1  -2.48604e-02  0.00000e+00 -2.48604e-02
    2    1   0.00000e+00  0.00000e+00  0.00000e+00
    2    2  -3.04878e-02  0.00000e+00 -3.04878e-02
=======================================================
Hylleraas MP2 Energies (singlet): -5.53483e-02
Hylleraas MP2 Energies (triplet):  0.00000e+00
Hylleraas MP2 Energies (total)  : -5.53483e-02
=======================================================
-------------------------------------------
Total Reg Energy  =-5.53483e-02
Total F12 Energy  = 0.00000e+00
Sum Energies Total=-5.53483e-02
-------------------------------------------
timer:                         Solve Amplitudes     0.00s     0.00s 
No optimization untill now: Compressing pno ranks with tighter threshold
1.00000e-10 instead of 1.00000e-08
pair11: density evals:
 [*]   0.00361503   0.00436092   0.00436092   0.01940290

pair22: density evals:
 [*]   0.00322674   0.00358831   0.00358831   0.05319185

timer:                            compress PNOs     0.00s     0.00s 
timer:                             MRA compress     0.00s     0.00s 
timer:                          Transform Pairs     0.48s     0.48s 
timer:                          PNO Compression     0.48s     0.48s 
Information About All Pairs:
mp2_pair11           number=0 rank=  4 frozen=false
mp2_pair21           number=1 rank=  0 frozen=true
mp2_pair22           number=2 rank=  4 frozen=false
number of pairs=3
average rank   =2 (2.66667e+00)
largest rank   =4
saving vector of functions mp2_pair11
saving vector of functions mp2_pair22
timer:                        save pnos on disc     0.17s     0.17s 
exiting: Found no_opt keyword
PNO ranks:
PNO Rank for pair pair11 = 4
PNO Rank for pair pair21 = 0
PNO Rank for pair pair22 = 4
average rank 2.66667e+00
timer:                               PNO::solve    12.31s    12.31s 

--------------------------------
ITERATE-PAIRS-INTERNAL-ENDED
--------------------------------
=======================================================

Final MP2 Energies

=======================================================
    i    j      singlet      triplet        Total
=======================================================
    1    1  -2.48604e-02  0.00000e+00 -2.48604e-02
    2    1   0.00000e+00  0.00000e+00  0.00000e+00
    2    2  -3.04878e-02  0.00000e+00 -3.04878e-02
=======================================================
Final MP2 Energies (singlet): -5.53483e-02
Final MP2 Energies (triplet):  0.00000e+00
Final MP2 Energies (total)  : -5.53483e-02
=======================================================
-------------------------------------------
Total Reg Energy  =-5.53483e-02
Total F12 Energy  = 0.00000e+00
Sum Energies Total=-5.53483e-02
-------------------------------------------
Average | Max Rank: 2 | 4
                 time pno = 9.65692e+01
               energy mp2 = -5.53483e-02
     average pno rank mp2 = 2
         max pno rank mp2 = 4
--------------------------------------------------
            energy(total) = -1.56370e+01
--------------------------------------------------



Orthonormalization technique used: symmetric
No CABS used.
Tightening thresholds to +0.00010000 for post-processing
Overlap Matrix of all PNOs:
+1.00001118 +0.34801143 -0.00000000 +0.00000000 
+0.34801143 +1.00001499 +0.00000000 +0.00000000 
-0.00000000 +0.00000000 +0.99999999 +0.00000000 
+0.00000000 +0.00000000 +0.00000000 +0.99999999 
Before cherry pick
rank is +0
all used occupation numbers:
[+0.05319185 +0.01940290 +0.00436092 +0.00436092 ]
corresponding to active pairs:
[(1,1) (0,0) (0,0) (0,0) ]
After cherry pick
all used occupation numbers:
[+0.05319185 +0.01940290 +0.00436092 +0.00436092 ]
corresponding to active pairs:
[(1,1) (0,0) (0,0) (0,0) ]
Overlap Matrix before symmetric
[+0,*]  +1.00001118  +0.34801143  -0.00000000  +0.00000000
[+1,*]  +0.34801143  +1.00001499  -0.00000000  +0.00000000
[+2,*]  -0.00000000  -0.00000000  +0.99999999  +0.00000000
[+3,*]  +0.00000000  +0.00000000  +0.00000000  +0.99999999
Overlap Matrix after symmetric
[+0,*]  +1.00000000  -0.00000001  +0.00000000  -0.00000000
[+1,*]  -0.00000001  +1.00000000  +0.00000000  +0.00000000
[+2,*]  +0.00000000  +0.00000000  +1.00000000  -0.00000000
[+3,*]  -0.00000000  +0.00000000  -0.00000000  +1.00000000
Adding 3 HF orbitals
Size before adding CABS: 7.
Size after adding CABS: 7.
Compute G and F Tensor:
Assemble g,f using symmetries...
non zero elements:
 g : +4102
 h : +27
Overlap over whole basis
[+0,*]  +1.00000000  -0.00000014  -0.00000253  +0.00002063  +0.00001447  +0.00000000  +0.00000000
[+1,*]  -0.00000014  +1.00000000  +0.00000010  -0.00000312  -0.00000222  +0.00000000  +0.00000000
[+2,*]  -0.00000253  +0.00000010  +1.00000000  +0.00000239  +0.00000153  +0.00000000  +0.00000000
[+3,*]  +0.00002063  -0.00000312  +0.00000239  +1.00000000  -0.00000001  +0.00000000  +0.00000000
[+4,*]  +0.00001447  -0.00000222  +0.00000153  -0.00000001  +1.00000000  +0.00000000  -0.00000000
[+5,*]  +0.00000000  +0.00000000  +0.00000000  +0.00000000  +0.00000000  +1.00000000  +0.00000000
[+6,*]  +0.00000000  +0.00000000  +0.00000000  +0.00000000  -0.00000000  +0.00000000  +1.00000000

||S-1||=+0.00003644
finished at time 240.0

    Parallel environment
    --------------------
                  #nodes    1
       #threads per node    11+main = 12
          #total threads    12

  RMI message statistics (min / avg / max)
  ----------------------
   #messages in server q    0.00e+00 / 0.00e+00 / 0.00e+00
 #messages sent per node    0.00e+00 / 0.00e+00 / 0.00e+00
    #bytes sent per node    0.00e+00 / 0.00e+00 / 0.00e+00
 #messages recv per node    0.00e+00 / 0.00e+00 / 0.00e+00
    #bytes recv per node    0.00e+00 / 0.00e+00 / 0.00e+00
        #msgs systemwide    0.00e+00
       #bytes systemwide    0.00e+00

  Thread pool statistics (min / avg / max)
  ----------------------
         #tasks per node    1.63e+07 / 1.63e+07 / 1.63e+07
     #max q len per node    1.33e+04 / 1.33e+04 / 1.33e+04
  #hi-pri tasks per node    5.68e+06 / 5.68e+06 / 5.68e+06

         Total wall time    239.9s
         Total  cpu time    239.9s

