MADNESS runtime initialized with 11 threads in the pool and affinity -1 -1 -1
starting at time 0.0

--------------------------------------------
   MADNESS 0.10.1 multiresolution suite
--------------------------------------------

   number of processors ... 1
    processor frequency ... 3.695778e+09
            host system ... Linux
          configured by ... kottmann
          configured on ... wittgenstein
          configured at ... 2021-02-10T21:25:26
                    CXX ... /usr/bin/c++
               CXXFLAGS ... -O3 -DNDEBUG -I/h/28/kottmann/install/numcpp/include/ -I/h/28/kottmann/install/boost/boost_1_72_0/include/ -std=c++1z
             tuning for ... default
                    MPI ... multiple
 multi-threaded runtime ... MADNESS ThreadPool
                   BLAS ... Intel MKL 66645 66645 MFLOP/s
               compiled ... 13:08:26  on  Feb 23 2021


-------------------------------------------------------------------------------------
SOLVING MRA-PNO-F12 as described in 
J.S. Kottmann, F.A. Bischoff, E.F. Valeev
Direct determination of optimal pair-natural orbitals in a real-space representation:
the second-order Møller-Plesset energy
Journal of Chemical Physics ... 2020
-------------------------------------------------------------------------------------


This script will run PNO-MP2 and print out tensors in binary
Call as: pno_integrals inputfileinput is input
ignoring unknown parameter in input file:  ncf

Angstrom being used to read input coordinates (1 Bohr = 1.88972613 Angstrom)


Asymptotic correction parameters
---------------------------------------
Atom vector is not empty: false
Using multipole approximation: false
Number of electrons = -1
Ionisation energy = 0.000000e+00
E(HOMO) = 0.000000e+00
R1 = 3.000000e+00
R2 = 4.000000e+00
DFT coefficient = 0.000000e+00
Interpolation scheme = linear
constructed symmetry operator for point group C1
dft
              charge  0.0000e+00 # defined   total molecular charge
                  xc  hf         # defined   XC input line
               smear  0.0000e+00 # default   smearing parameter
               econv  1.0000e-04 # defined   energy convergence
               dconv  5.0000e-04 # defined   density convergence
convergence_criteria  [bsh_residual, total_energy] # default   possible values are: bsh_residual, total_energy, each_energy, density
                   k  7          # defined   polynomial order
                   l  5.4661e+01 # derived   user coordinates box size
               deriv  abgv       # default   derivative method                            [abgv, bspline, ble]
           dft_deriv  abgv       # default   derivative method for gga potentials         [abgv, bspline, ble]
             maxrotn  2.5000e-01 # default   step restriction used in autoshift algorithm
             nvalpha  0          # default   number of alpha virtuals to compute
              nvbeta  0          # default   number of beta virtuals to compute
               nopen  0          # default   number of unpaired electrons = nalpha-nbeta
             maxiter  25         # default   maximum number of iterations
                 nio  1          # default   no. of io servers to use
     spin_restricted  true       # default   true if spin restricted
              plotlo  0          # default   range of MOs to print (for both spins if polarized
              plothi  -1         # default   range of MOs to print (for both spins if polarized
            plotdens  false      # default   If true print the density at convergence
            plotcoul  false      # default   If true plot the total coulomb potential at convergence
            localize  boys       # defined   localization method                          [pm, boys, new, canon]
          pointgroup  c1         # derived   use point (sub) group symmetry if not localized[c1, c2, ci, cs, c2v, c2h, d2, d2h]
             restart  false      # default   if true restart from orbitals on disk
           restartao  false      # default   if true restart from orbitals projected into AO basis (STO3G) on disk
          no_compute  false      # default   if true use orbitals on disk, set value to computed
           no_orient  false      # default   if true the molecule coordinates will not be reoriented
                save  true       # default   if true save orbitals to disk
              maxsub  10         # default   size of iterative subspace ... set to 0 or 1 to disable
        orbitalshift  0.0000e+00 # default   scf orbital shift: shift the occ orbitals to lower energies
            npt_plot  101        # default   no. of points to use in each dim for plots
           plot_cell  []         # default   lo hi in each dimension for plotting (default is all space)
             aobasis  6-31g      # derived   AO basis used for initial guess (6-31g or sto-3g)
           core_type  none       # default   core potential type                          [none, mpc]
         derivatives  false      # default   if true calculate nuclear derivatives
              dipole  false      # default   if true calculate dipole moment
      conv_only_dens  false      # default   if true remove bsh_residual from convergence criteria (deprecated)
            psp_calc  false      # default   pseudopotential calculation for all atoms
 print_dipole_matels  false      # default   if true output dipole matrix elements
            pcm_data  none       # default   do a PCM (solvent) calculation
             ac_data  none       # default   do a calculation with asymptotic correction (see ACParameters class in chem/AC.h for details)
             pure_ae  true       # default   pure all electron calculation with no pseudo-atoms
         print_level  3          # default   0: no output; 1: final energy; 2: iterations; 3: timings; 10: debug
              nalpha  3          # derived   number of alpha spin electrons
               nbeta  3          # derived   number of beta  spin electrons
           nmo_alpha  3          # derived   number of alpha spin molecular orbitals
            nmo_beta  3          # derived   number of beta spin molecular orbitals
                  lo  9.0905e-04 # derived   smallest length scale we need to resolve
            protocol  [1.0000e-04, 1.0000e-06] # derived   calculation protocol
                gopt  false      # default   geometry optimizer
                gtol  1.0000e-04 # default   geometry tolerance
               gtest  false      # default   geometry tolerance
                gval  1.0000e-05 # default   value precision
               gprec  1.0000e-04 # default   gradient precision
            gmaxiter  20         # default   optimization maxiter
    ginitial_hessian  false      # default   compute inital hessian for optimization
              algopt  bfgs       # default   algorithm used for optimization              [bfgs, cg]
            tdksprop  false      # default   time-dependent Kohn-Sham equation propagate
           nv_factor  1          # default   factor to multiply number of virtual orbitals with when automatically decreasing nvirt
           vnucextra  2          # default   load balance parameter for nuclear pot
        loadbalparts  2          # default   ??
            response  false      # default   response function calculation
       response_freq  0.0000e+00 # default   frequency for calculation response function
       response_axis  [1, 1, 1]  # default   response axis
           nonrotate  false      # default   if true do not molcule orient (redundant with no_orient
               rconv  1.0000e-06 # default   Response convergence
              efield  0.0000e+00 # default   eps for finite field
         efield_axis  0          # default   finite field axis                            [0, 1, 2]
              nwfile  none       # default   Base name of nwchem output files (.out and .movecs extensions) to read from
                 ncf  (none,1.0000e+00) # defined   nuclear correlation factor
             hessian  false      # default   compute the hessian matrix
           read_cphf  false      # default   read the converged orbital response for nuclear displacements from file
        restart_cphf  false      # default   read the guess orbital response for nuclear displacements from file
      purify_hessian  false      # default   symmetrize the hessian matrix based on atomic charges

end
              charge  0.0000e+00 # defined   total molecular charge
                  xc  hf         # defined   XC input line
               smear  0.0000e+00 # default   smearing parameter
               econv  1.0000e-04 # defined   energy convergence
               dconv  5.0000e-04 # defined   density convergence
convergence_criteria  [bsh_residual, total_energy] # default   possible values are: bsh_residual, total_energy, each_energy, density
                   k  7          # defined   polynomial order
                   l  5.4661e+01 # derived   user coordinates box size
               deriv  abgv       # default   derivative method                            [abgv, bspline, ble]
           dft_deriv  abgv       # default   derivative method for gga potentials         [abgv, bspline, ble]
             maxrotn  2.5000e-01 # default   step restriction used in autoshift algorithm
             nvalpha  0          # default   number of alpha virtuals to compute
              nvbeta  0          # default   number of beta virtuals to compute
               nopen  0          # default   number of unpaired electrons = nalpha-nbeta
             maxiter  25         # default   maximum number of iterations
                 nio  1          # default   no. of io servers to use
     spin_restricted  true       # default   true if spin restricted
              plotlo  0          # default   range of MOs to print (for both spins if polarized
              plothi  -1         # default   range of MOs to print (for both spins if polarized
            plotdens  false      # default   If true print the density at convergence
            plotcoul  false      # default   If true plot the total coulomb potential at convergence
            localize  boys       # defined   localization method                          [pm, boys, new, canon]
          pointgroup  c1         # derived   use point (sub) group symmetry if not localized[c1, c2, ci, cs, c2v, c2h, d2, d2h]
             restart  false      # default   if true restart from orbitals on disk
           restartao  false      # default   if true restart from orbitals projected into AO basis (STO3G) on disk
          no_compute  false      # default   if true use orbitals on disk, set value to computed
           no_orient  false      # default   if true the molecule coordinates will not be reoriented
                save  true       # default   if true save orbitals to disk
              maxsub  10         # default   size of iterative subspace ... set to 0 or 1 to disable
        orbitalshift  0.0000e+00 # default   scf orbital shift: shift the occ orbitals to lower energies
            npt_plot  101        # default   no. of points to use in each dim for plots
           plot_cell  []         # default   lo hi in each dimension for plotting (default is all space)
             aobasis  6-31g      # derived   AO basis used for initial guess (6-31g or sto-3g)
           core_type  none       # default   core potential type                          [none, mpc]
         derivatives  false      # default   if true calculate nuclear derivatives
              dipole  false      # default   if true calculate dipole moment
      conv_only_dens  false      # default   if true remove bsh_residual from convergence criteria (deprecated)
            psp_calc  false      # default   pseudopotential calculation for all atoms
 print_dipole_matels  false      # default   if true output dipole matrix elements
            pcm_data  none       # default   do a PCM (solvent) calculation
             ac_data  none       # default   do a calculation with asymptotic correction (see ACParameters class in chem/AC.h for details)
             pure_ae  true       # default   pure all electron calculation with no pseudo-atoms
         print_level  3          # default   0: no output; 1: final energy; 2: iterations; 3: timings; 10: debug
              nalpha  3          # derived   number of alpha spin electrons
               nbeta  3          # derived   number of beta  spin electrons
           nmo_alpha  3          # derived   number of alpha spin molecular orbitals
            nmo_beta  3          # derived   number of beta spin molecular orbitals
                  lo  9.0905e-04 # derived   smallest length scale we need to resolve
            protocol  [1.0000e-04, 1.0000e-06] # derived   calculation protocol
                gopt  false      # default   geometry optimizer
                gtol  1.0000e-04 # default   geometry tolerance
               gtest  false      # default   geometry tolerance
                gval  1.0000e-05 # default   value precision
               gprec  1.0000e-04 # default   gradient precision
            gmaxiter  20         # default   optimization maxiter
    ginitial_hessian  false      # default   compute inital hessian for optimization
              algopt  bfgs       # default   algorithm used for optimization              [bfgs, cg]
            tdksprop  false      # default   time-dependent Kohn-Sham equation propagate
           nv_factor  1          # default   factor to multiply number of virtual orbitals with when automatically decreasing nvirt
           vnucextra  2          # default   load balance parameter for nuclear pot
        loadbalparts  2          # default   ??
            response  false      # default   response function calculation
       response_freq  0.0000e+00 # default   frequency for calculation response function
       response_axis  [1, 1, 1]  # default   response axis
           nonrotate  false      # default   if true do not molcule orient (redundant with no_orient
               rconv  1.0000e-06 # default   Response convergence
              efield  0.0000e+00 # default   eps for finite field
         efield_axis  0          # default   finite field axis                            [0, 1, 2]
              nwfile  none       # default   Base name of nwchem output files (.out and .movecs extensions) to read from



 geometry
   eprec 1.0e-06
   units atomic
   Be            0.00000000           0.00000000           0.25196348
   H             0.00000000           0.00000000           3.65347052
   H             0.00000000           0.00000000          -4.66132446
 end

Solving NDIM= 3  with thresh 1.000000e-04     k 7    conv 5.000000e-04 

timer:     Project vnuclear     0.63s     0.63s
constructed nuclear correlation factor of the form
    R   =  1.000000e+00
with eprec  1.000000e-06
which means it's (nearly) a conventional calculation

timer:        reproject ncf     1.88s     1.88s
timer:        guess density     0.50s     0.50s
timer:   guess Coulomb potn     0.52s     0.52s
timer:       guess lda potn     0.22s     0.22s
timer:        guess overlap     0.05s     0.05s
timer:    KEmat reconstruct     0.07s     0.07s
timer:  KEmat differentiate     0.26s     0.26s
timer:       KEmat compress     0.10s     0.10s
timer: KEmat inner products     0.21s     0.21s
timer:     guess Kinet potn     0.65s     0.65s
timer:           guess fock     0.52s     0.52s
timer:      guess eigen sol     0.05s     0.05s
timer: guess orbital groupi     0.16s     0.16s

starting protocol at time      7.7s 
precision steps  1.000000e-04  -->  1.000000e-04
protocol: thresh 1.000000e-04 econv  1.000000e-04 dconv 5.000000e-04

ending protocol at time      7.7s 

Solving NDIM= 3  with thresh 1.000000e-04     k 7    conv 5.000000e-04 

timer:        Boys localize     1.01s     1.01s
orbital irreps []
timer:      reconstruct psi     0.14s     0.14s
timer:        compute Jnemo     0.66s     0.66s
timer:        compute Knemo     2.10s     2.10s
timer: compute Unemo 0.0154     0.24s     0.24s

  nuclear and kinetic     -24.03059748
         kinetic only      15.18731230
              coulomb       9.60406621
             exchange      -3.24323979
    nuclear-repulsion       2.11033568
   regularized energy     -15.55943537
  buggy if hybrid functionals are used..
timer:       compute energy     3.85s     3.85s
Norm of vector changes ab spin case : rms 7.422415e-02    max 1.175463e-01
convergence: bshresidual, energy change, max energy change, density change 8.4e-02 1.6e+01 1.6e+01 1.4e+00
finished iteration  0 at time     21.0s with energy  -15.55943537
timer:        Boys localize     0.90s     0.90s
orbital irreps []
timer:      reconstruct psi     0.22s     0.22s
timer:        compute Jnemo     0.71s     0.71s
timer:        compute Knemo     2.07s     2.07s
timer: compute Unemo 0.0152     0.17s     0.17s

  nuclear and kinetic     -24.11961459
         kinetic only      15.12353688
              coulomb       9.61314977
             exchange      -3.20210209
    nuclear-repulsion       2.11033568
   regularized energy     -15.59823123
  buggy if hybrid functionals are used..
timer:       compute energy     3.60s     3.60s
Norm of vector changes ab spin case : rms 3.121384e-02    max 4.760995e-02
convergence: bshresidual, energy change, max energy change, density change 2.3e-02 3.9e-02 8.9e-02 1.3e-02
finished iteration  1 at time     33.9s with energy  -15.59823123
timer:        Boys localize     0.98s     0.98s
orbital irreps []
timer:      reconstruct psi     0.17s     0.17s
timer:        compute Jnemo     0.76s     0.76s
timer:        compute Knemo     2.06s     2.06s
timer: compute Unemo 0.0152     0.20s     0.20s

  nuclear and kinetic     -24.17277029
         kinetic only      15.11881714
              coulomb       9.64772093
             exchange      -3.18860242
    nuclear-repulsion       2.11033568
   regularized energy     -15.60331610
  buggy if hybrid functionals are used..
timer:       compute energy     3.72s     3.72s
Norm of vector changes ab spin case : rms 1.053180e-02    max 1.665298e-02
convergence: bshresidual, energy change, max energy change, density change 5.7e-03 5.1e-03 5.3e-02 4.1e-03
finished iteration  2 at time     47.2s with energy  -15.60331610
timer:        Boys localize     1.06s     1.06s
orbital irreps []
timer:      reconstruct psi     0.20s     0.20s
timer:        compute Jnemo     0.61s     0.61s
timer:        compute Knemo     1.91s     1.91s
timer: compute Unemo 0.0152     0.19s     0.19s

  nuclear and kinetic     -24.19788024
         kinetic only      15.11803488
              coulomb       9.66845596
             exchange      -3.18482651
    nuclear-repulsion       2.11033568
   regularized energy     -15.60391511
  buggy if hybrid functionals are used..
timer:       compute energy     3.47s     3.47s
Norm of vector changes ab spin case : rms 5.044915e-03    max 7.499398e-03
convergence: bshresidual, energy change, max energy change, density change 2.1e-03 6.0e-04 2.5e-02 1.1e-03
finished iteration  3 at time     59.9s with energy  -15.60391511
timer:        Boys localize     1.00s     1.00s
orbital irreps []
timer:      reconstruct psi     0.15s     0.15s
timer:        compute Jnemo     0.65s     0.65s
timer:        compute Knemo     2.09s     2.09s
timer: compute Unemo 0.0152     0.21s     0.21s

  nuclear and kinetic     -24.20635338
         kinetic only      15.11719091
              coulomb       9.67618285
             exchange      -3.18417417
    nuclear-repulsion       2.11033568
   regularized energy     -15.60400901
  buggy if hybrid functionals are used..
timer:       compute energy     3.45s     3.45s
Norm of vector changes ab spin case : rms 1.565905e-03    max 2.299750e-03
convergence: bshresidual, energy change, max energy change, density change 7.2e-04 9.4e-05 8.5e-03 4.7e-04
finished iteration  4 at time     73.4s with energy  -15.60400901
timer:        Boys localize     0.98s     0.98s
orbital irreps []
timer:      reconstruct psi     0.19s     0.19s
timer:        compute Jnemo     0.66s     0.66s
timer:        compute Knemo     1.98s     1.98s
timer: compute Unemo 0.0152     0.23s     0.23s

  nuclear and kinetic     -24.20620753
         kinetic only      15.11676532
              coulomb       9.67630260
             exchange      -3.18444982
    nuclear-repulsion       2.11033568
   regularized energy     -15.60401906
  buggy if hybrid functionals are used..
timer:       compute energy     3.75s     3.75s
Norm of vector changes ab spin case : rms 6.759631e-04    max 9.869153e-04
convergence: bshresidual, energy change, max energy change, density change 3.0e-04 1.0e-05 4.3e-04 1.9e-04
finished iteration  5 at time     87.3s with energy  -15.60401906

Iterations converged


ending protocol at time     87.3s 

 Dipole Moment (a.u.)
 -----------

     x:  -8.812955e-14
     y:  -1.137184e-13
     z:  7.440505e-01
 Total Dipole Moment:  7.440505e-01 

timer:               dipole     0.07s     0.07s
Nemo Orbital Energies: [*]  -4.82978115  -0.44370002  -0.33776982

nemo energy:  -1.560402e+01
 at time 87.8
PNO Integrals evaluated as:
pnoint
       rank_increase  15         # default   maximum rank to increase in every macroiteration
               chunk  100        # default   chunk of functions operated on in parallel when G or K is applied (prevent memory shortage)
               debug  false      # default   debug mode
              freeze  1          # derived   frozen core approximation
             maxrank  3          # defined   maximal pno rank for all pairs
           guesstype  exop       # derived   the guesstype: exop (recommended, multiply polynomial excitation operators onto the occupied orbitals), empty (don't compute a guess), scf (use the ao basis from the SCF solver), partial_wave (create s,p,d ..., type functions and place on atoms), predefined (same as partial_wave but for predefined sets)
                exop  multipole  # derived   this string defines which excitation operators can be used, use 'dipole', 'dipole+', 'quadrupole', 'ocopole', or 'multipole', need to set guesstype to 'exop' which is the default
          exop_trigo  true       # default   use trigonometric excitation operators ( x --> sin(x)
        partial_wave             # default   atom centered partial wave guess of format like 'h-2s1p-o-3s2p1d', need to set guesstype to 'partial_wave' and adaptive_solver to 'none'
          predefined             # default   predefined partial wave guesses of type pvxz with x=d,t,q,5,6, need to set guesstype to 'predefined' and adaptive_solver to 'none'
           maxiter_t  100        # default   maximal number of iterations in the amplitude solver
       maxiter_micro  10         # default   Maximum of iterations for every cycle in the adaptive solver
       maxiter_macro  10         # default   Maximum of iterations of cycles in the adaptive solver
                tpno  1.0000e-08 # default   PNO cutoff threshold
          tpno_tight  1.0000e-10 # derived   PNO cutoff for the first iteration
    canonicalize_pno  true       # default   canonicalize the pnos before the amplitude solver
              thresh  1.0000e-04 # defined   MRA threshold
         econv_micro  1.0000e-04 # derived   Energy convergence for microiterations (Greens function based optimization) in adaptive solver
         econv_pairs  1.0000e-05 # derived   ENergy convergence for individual pairs in adaptive solver. Converged pairs are frozen automatically
         econv_macro  1.0000e-04 # derived   Energy convergence for macroiterations in adaptive solver, no effect if adaptive_solver is deactivated
               dconv  1.0000e-01 # default   convergence of every PNO in the Green's function solver
           op_thresh  1.0000e-06 # default   MRA operator thresh
             restart  none       # derived   restart pairs of this type, use 'mp2', 'cispd', 'all' or 'none'
          no_compute  none       # default   do not compute the pairs of this type, use 'mp2', 'cispd', 'all' or 'none'
              no_opt  none       # default   do not optimize the pnos of this type, use 'mp2', 'cispd', 'all' or 'none'
            no_guess  none       # derived   guess for this type will be empty, use 'mp2', 'cispd', 'all' or 'none'
     adaptive_solver  all        # default   Use adaptive solver for those pairs, use 'mp2', 'cispd', 'all' or 'none', works only in combination with guesstype 'exop'
                kain  true       # default   use KAIN solver in amplitude solver
       kain_subspace  5          # default   subspace size of the KAIN solver (amplitudes)
                 f12  false      # defined   use explicit correlation
        cispd_number  -1         # default   CIS(D) excitation numbers, to read in correct functions
        cispd_energy  0.0000e+00 # default   CIS energy
        freeze_pairs  none       # default   frozen pairs will not be optimized: Expected format 'a b c d' will freeze pairs ab and cd
freeze_pairs_of_orbital  []         # default    All pairs which originate from this orbital will not be optimized
active_pairs_of_orbital  []         # default    All pairs which originate from this orbital will not be frozen all other pairs will, if this vector is not empty
no_opt_in_first_iteration  false      # default   Do not optimize in the first iteration (then the potentials do not have to be evaluated, use this for large guesses)
            exchange  full       # default   approximate exchange with 'neglect' or xc functional -> same syntax as moldft
           save_pnos  true       # default   Save the OBS-PNOs to a file, before and after orthonormalization.
            diagonal  true       # defined   Compute only diagonal PNOs
              orthog  symmetric  # defined   orthogonalization method for PNO basis, also current default for a potential CABS. options: symmetric, canonical, cholesky, rr_cholesky,
         orthog_cabs  default    # default   orthogonalization method for CABS basis. options: symmetric, canonical, cholesky, rr_cholesky, uses same as orbitals basis if default.
               n_pno  6          # defined   desired size of PNO-basis (orbital space)
         cabs_option  none       # default   type of complementary auxiliary basis to be used. can be none ~ no CABS, gbs ~ Gaussian basis set as CABS, requires input via auxbas_file, pno ~ use superfluous PNOs as CABS, mixed ~ gbs&pno-option
       pno_cabs_size  -1         # default   size of a potential pno-cabs. defaults to -1 ~ all remaining PNOs, if pno-cabs or mixed-cabs
           only_diag  false      # default   use only diagonal elements PNOs
         cherry_pick  []         # default   cherry pick option to choose particular set of PNOs, not just blindly by occupation number. can be useful, if only a restricted number of PNOs can be used, to avoid separating degenerate pairs. can be envoked by passing a vector via [ elem1, elem2, ... ]
               gamma  1.4000e+00 # default   The f12 length scale, here to be used to compute f12-integrals
         cabs_thresh  1.0000e-04 # derived    thresh for cabs part
              auxbas  none       # default   atom centered partial wave guess of format like 'h-2s1p-o-3s2p1d'
         auxbas_file  none       # default   Use external comp. aux. basis in addition to the pnos as auxbasis. Give the filename as parameter. Give the auxbas in turbomole format. Don't use contractions. If a file is specified the auxbas parameter has no effect
   print_pno_overlap  true       # default   Print overlap matrix at certain steps in computation, for debugging purposes.
              n_virt  0          # defined   Compute this number of virtuals and include them in the integral construction, experimental and not robust!.
      hardcore_boson  false      # default   compute only integrals for hardcore boson hamiltonian (restricted to double occupations)

end
F12 Operators initialized right
timer:                    Testing F12 Operators     0.76s     0.76s 
timer:  Initializing (active) Exchange Orbitals     2.05s     2.05s 
Size of active mos and their exchange potentials:
K(acmos)=3.148437e-03 Gbyte
acmos   =2.545327e-03 Gbyte
PNO Parameters
pno
       rank_increase  15         # default   maximum rank to increase in every macroiteration
               chunk  100        # default   chunk of functions operated on in parallel when G or K is applied (prevent memory shortage)
               debug  false      # default   debug mode
              freeze  1          # derived   frozen core approximation
             maxrank  3          # defined   maximal pno rank for all pairs
           guesstype  exop       # derived   the guesstype: exop (recommended, multiply polynomial excitation operators onto the occupied orbitals), empty (don't compute a guess), scf (use the ao basis from the SCF solver), partial_wave (create s,p,d ..., type functions and place on atoms), predefined (same as partial_wave but for predefined sets)
                exop  multipole  # derived   this string defines which excitation operators can be used, use 'dipole', 'dipole+', 'quadrupole', 'ocopole', or 'multipole', need to set guesstype to 'exop' which is the default
          exop_trigo  true       # default   use trigonometric excitation operators ( x --> sin(x)
        partial_wave             # default   atom centered partial wave guess of format like 'h-2s1p-o-3s2p1d', need to set guesstype to 'partial_wave' and adaptive_solver to 'none'
          predefined             # default   predefined partial wave guesses of type pvxz with x=d,t,q,5,6, need to set guesstype to 'predefined' and adaptive_solver to 'none'
           maxiter_t  100        # default   maximal number of iterations in the amplitude solver
       maxiter_micro  10         # default   Maximum of iterations for every cycle in the adaptive solver
       maxiter_macro  10         # default   Maximum of iterations of cycles in the adaptive solver
                tpno  1.0000e-08 # default   PNO cutoff threshold
          tpno_tight  1.0000e-10 # derived   PNO cutoff for the first iteration
    canonicalize_pno  true       # default   canonicalize the pnos before the amplitude solver
              thresh  1.0000e-04 # defined   MRA threshold
         econv_micro  1.0000e-04 # derived   Energy convergence for microiterations (Greens function based optimization) in adaptive solver
         econv_pairs  1.0000e-05 # derived   ENergy convergence for individual pairs in adaptive solver. Converged pairs are frozen automatically
         econv_macro  1.0000e-04 # derived   Energy convergence for macroiterations in adaptive solver, no effect if adaptive_solver is deactivated
               dconv  1.0000e-01 # default   convergence of every PNO in the Green's function solver
           op_thresh  1.0000e-06 # default   MRA operator thresh
             restart  none       # derived   restart pairs of this type, use 'mp2', 'cispd', 'all' or 'none'
          no_compute  none       # default   do not compute the pairs of this type, use 'mp2', 'cispd', 'all' or 'none'
              no_opt  none       # default   do not optimize the pnos of this type, use 'mp2', 'cispd', 'all' or 'none'
            no_guess  none       # derived   guess for this type will be empty, use 'mp2', 'cispd', 'all' or 'none'
     adaptive_solver  all        # default   Use adaptive solver for those pairs, use 'mp2', 'cispd', 'all' or 'none', works only in combination with guesstype 'exop'
                kain  true       # default   use KAIN solver in amplitude solver
       kain_subspace  5          # default   subspace size of the KAIN solver (amplitudes)
                 f12  false      # defined   use explicit correlation
        cispd_number  -1         # default   CIS(D) excitation numbers, to read in correct functions
        cispd_energy  0.0000e+00 # default   CIS energy
        freeze_pairs  none       # default   frozen pairs will not be optimized: Expected format 'a b c d' will freeze pairs ab and cd
freeze_pairs_of_orbital  []         # default    All pairs which originate from this orbital will not be optimized
active_pairs_of_orbital  []         # default    All pairs which originate from this orbital will not be frozen all other pairs will, if this vector is not empty
no_opt_in_first_iteration  false      # default   Do not optimize in the first iteration (then the potentials do not have to be evaluated, use this for large guesses)
            exchange  full       # default   approximate exchange with 'neglect' or xc functional -> same syntax as moldft
           save_pnos  true       # default   Save the OBS-PNOs to a file, before and after orthonormalization.
            diagonal  true       # defined   Compute only diagonal PNOs

end

**********************
Solve PNO-MP2
*********************


**********************
Iterate Pairs
*********************


************************
Adaptive Solver
***********************

Initializing empty Pairs:
no guess was explicitly demanded for mp2

timer:                                     RRCD     0.00s     0.00s 
timer:                             MRA compress     0.00s     0.00s 
timer:                          Transform Pairs     0.00s     0.00s 
timer:          apply Q and orthonormalize PNOs     0.00s     0.00s 
Created Guess:
pair11 with 0 guess functions
pair21 with 0 guess functions
pair22 with 0 guess functions
guess pair11 size: 0.0000000000e+00 | 0.0000000000e+00 Gbyte (after truncation)
guess pair22 size: 0.0000000000e+00 | 0.0000000000e+00 Gbyte (after truncation)
timer:                           truncate guess     0.00s     0.00s 
timer:                         Initialize Pairs     0.00s     0.00s 
Keyword multipole is not known
Guess protocol for adaptively growing ranks is: [dipole+, quadrupole, big_fock_3, big_fock_3, big_fock_3, big_fock_3, big_fock_3, big_fock_3, big_fock_3, big_fock_3]


--------Adaptive Solver Macroiteration 0 from max 10 ----------

Growing ranks with exop=dipole+
Create guess functions by multiplying plane-waves to 1 functions 
Created 4 virtuals for pair11
pair21 is frozen: no growing
Create guess functions by multiplying plane-waves to 1 functions 
Created 4 virtuals for pair22
frozen pair: no orthonormalization
timer:                                     RRCD     0.02s     0.02s 
timer:                             MRA compress     0.00s     0.00s 
timer:                          Transform Pairs     0.06s     0.06s 
timer:                        grow PNO subspace     1.60s     1.60s 
SolveInternal: Parameters are assigned as
no_compute        = false
no_opt            = false
restart           = false
do_cispd          = false
econv             =1.0000000000e-04
maxrank (min,max) = (3,3)
Solving MP2 doubles
timer:          fock matrix     2.65s     2.65s
Information About All Pairs:
mp2_pair11           number=0 rank=  4 frozen=false
mp2_pair21           number=1 rank=  0 frozen=true
mp2_pair22           number=2 rank=  4 frozen=false
number of pairs=3
average rank   =2 (2.6666666667e+00)
largest rank   =4
PNOPairs Memory Information
Total: 0.0099768639 GB 
PNO  : 0.0099768639 GB 
KPNO : 0.0000000000 GB 
W    : 0.0000000000 GB 

timer:                                 truncate     0.03s     0.03s 
wall time=100.9797530174 chunk=8 allK.size()=8 memory=0.0099768639 GB
timer:                             compute KPNO     4.11s     4.11s 
wall time=101.1251530647 chunk=8 allJ.size()=8 memory=0.0107946396 GB
timer:                             compute JPNO     0.15s     0.15s 
timer:                    compute Fock matrices     1.43s     1.43s 
timer:                             MRA compress     0.00s     0.00s 
timer:                          Transform Pairs     0.23s     0.23s 
timer:                             Canonicalize     0.23s     0.23s 
PNOPairs Memory Information
Total: 0.0196266174 GB 
PNO  : 0.0098950863 GB 
KPNO : 0.0097315311 GB 
W    : 0.0000000000 GB 

timer:                                 truncate     0.05s     0.05s 
mp2_pair21 is frozen: potential not computed
timer:                   Fluctuation Potentials     2.23s     2.23s 
timer:                       Fluctuation Matrix     0.18s     0.18s 
PNOPairs Memory Information
Total: 0.0336923599 GB 
PNO  : 0.0098950863 GB 
KPNO : 0.0097315311 GB 
W    : 0.0140657425 GB 

PNOPairs Memory Information
Total: 0.0336923599 GB 
PNO  : 0.0098950863 GB 
KPNO : 0.0097315311 GB 
W    : 0.0140657425 GB 

timer:                                 truncate     0.04s     0.04s 
timer:                             PNO Overlaps     0.06s     0.06s 
t_iter =  0  Hylleraas energy =  0.0000000000  ||R||_F =  0.1681084025  conv =  no
subspace solution [*]   1.00000000

t_iter =  1  Hylleraas energy =  -0.0287083883  ||R||_F =  0.0000000261  conv =  yes
=======================================================

Hylleraas MP2 Energies

=======================================================
    i    j      singlet      triplet        Total
=======================================================
    1    1  -1.28412e-02  0.00000e+00 -1.28412e-02
    2    1   0.00000e+00  0.00000e+00  0.00000e+00
    2    2  -1.58672e-02  0.00000e+00 -1.58672e-02
=======================================================
Hylleraas MP2 Energies (singlet): -2.87084e-02
Hylleraas MP2 Energies (triplet):  0.00000e+00
Hylleraas MP2 Energies (total)  : -2.87084e-02
=======================================================
-------------------------------------------
Total Reg Energy  =-2.87084e-02
Total F12 Energy  = 0.00000e+00
Sum Energies Total=-2.87084e-02
-------------------------------------------
timer:                         Solve Amplitudes     0.00s     0.00s 
No optimization untill now: Compressing pno ranks with tighter threshold
1.00000e-10 instead of 1.00000e-08
pair11: density evals:
 [*]   0.00294857   0.00403986   0.00403986   0.01100991

pair11: # of PNOs reduced from  4  to  3  maxrank= 3
pair22: density evals:
 [*]   0.00278036   0.00356301   0.00356301   0.02989352

pair22: # of PNOs reduced from  4  to  3  maxrank= 3
timer:                            compress PNOs     0.00s     0.00s 
timer:                             MRA compress     0.00s     0.00s 
timer:                          Transform Pairs     0.59s     0.59s 
timer:                          PNO Compression     0.59s     0.59s 
Information About All Pairs:
mp2_pair11           number=0 rank=  3 frozen=false
mp2_pair21           number=1 rank=  0 frozen=true
mp2_pair22           number=2 rank=  3 frozen=false
number of pairs=3
average rank   =2 (2.00000e+00)
largest rank   =3
saving vector of functions mp2_pair11
saving vector of functions mp2_pair22
timer:                        save pnos on disc     0.13s     0.13s 
PNOPairs Memory Information
Total: 0.02453 GB 
PNO  : 0.00707 GB 
KPNO : 0.00691 GB 
W    : 0.01055 GB 

timer:                                 truncate     0.04s     0.04s 
timer:      compute densities for G application     0.00s     0.00s 
pair21 is frozen: no optimization
timer:                Prepare for G application     0.23s     0.23s 
timer:                                    add K     0.03s     0.03s 
size of all Vpsi potentials (without Vnuc and J) 0.00895 GB 
time=107.00143 chunk=6 Vpsi+Vnuc+J=0.02179 GB
time=107.04829 chunk=6 Vpsi+Vnuc+J=0.02155 GB (after truncation)
timer:                           Apply G to all     2.14s     2.14s 
timer:                       apply Q and update     0.00s     0.00s 
mp2_pair11 residual norms:
[0.35767, 0.35767, 0.41411]
mp2_pair11 scaled residual norms:
[0.02273, 0.02273, 0.04345]
mp2_pair22 residual norms:
[0.36277, 0.36277, 0.37480]
mp2_pair22 scaled residual norms:
[0.02165, 0.02165, 0.06480]
timer:                          update all PNOs     2.40s     2.40s 
frozen pair: no orthonormalization
timer:                                     RRCD     0.04s     0.04s 
timer:                             MRA compress     0.00s     0.00s 
timer:                          Transform Pairs     0.11s     0.11s 
saving vector of functions mp2_pair11
saving vector of functions mp2_pair22
timer:                        save pnos on disc     0.14s     0.14s 


No convergence yet. Energy change = 0.02871

timer:                        Whole Iteration 1    12.04s    12.04s 
Information About All Pairs:
mp2_pair11           number=0 rank=  3 frozen=false
mp2_pair21           number=1 rank=  0 frozen=true
mp2_pair22           number=2 rank=  3 frozen=false
number of pairs=3
average rank   =2 (2.00000)
largest rank   =3
PNOPairs Memory Information
Total: 0.00740 GB 
PNO  : 0.00740 GB 
KPNO : 0.00000 GB 
W    : 0.00000 GB 

timer:                                 truncate     0.04s     0.04s 
wall time=112.31447 chunk=6 allK.size()=6 memory=0.00699 GB
timer:                             compute KPNO     3.38s     3.38s 
wall time=112.50493 chunk=6 allJ.size()=6 memory=0.00781 GB
timer:                             compute JPNO     0.19s     0.19s 
timer:                    compute Fock matrices     1.17s     1.17s 
timer:                             MRA compress     0.00s     0.00s 
timer:                          Transform Pairs     0.27s     0.27s 
timer:                             Canonicalize     0.27s     0.27s 
PNOPairs Memory Information
Total: 0.01431 GB 
PNO  : 0.00732 GB 
KPNO : 0.00699 GB 
W    : 0.00000 GB 

timer:                                 truncate     0.03s     0.03s 
mp2_pair21 is frozen: potential not computed
timer:                   Fluctuation Potentials     1.82s     1.82s 
timer:                       Fluctuation Matrix     0.15s     0.15s 
PNOPairs Memory Information
Total: 0.02519 GB 
PNO  : 0.00732 GB 
KPNO : 0.00699 GB 
W    : 0.01088 GB 

PNOPairs Memory Information
Total: 0.02519 GB 
PNO  : 0.00732 GB 
KPNO : 0.00699 GB 
W    : 0.01088 GB 

timer:                                 truncate     0.05s     0.05s 
timer:                             PNO Overlaps     0.03s     0.03s 
t_iter =  0  Hylleraas energy =  0.00000  ||R||_F =  0.22360  conv =  no
subspace solution [*]   1.00000000

t_iter =  1  Hylleraas energy =  -0.04401  ||R||_F =  0.00000  conv =  yes
=======================================================

Hylleraas MP2 Energies

=======================================================
    i    j      singlet      triplet        Total
=======================================================
    1    1  -1.91281e-02  0.00000e+00 -1.91281e-02
    2    1   0.00000e+00  0.00000e+00  0.00000e+00
    2    2  -2.48834e-02  0.00000e+00 -2.48834e-02
=======================================================
Hylleraas MP2 Energies (singlet): -4.40115e-02
Hylleraas MP2 Energies (triplet):  0.00000e+00
Hylleraas MP2 Energies (total)  : -4.40115e-02
=======================================================
-------------------------------------------
Total Reg Energy  =-4.40115e-02
Total F12 Energy  = 0.00000e+00
Sum Energies Total=-4.40115e-02
-------------------------------------------
timer:                         Solve Amplitudes     0.00s     0.00s 
pair11: density evals:
 [*]   0.00483564   0.00483564   0.01759580

pair22: density evals:
 [*]   0.00415802   0.00415802   0.04866860

timer:                            compress PNOs     0.00s     0.00s 
timer:                             MRA compress     0.00s     0.00s 
timer:                          Transform Pairs     0.50s     0.50s 
timer:                          PNO Compression     0.50s     0.50s 
Information About All Pairs:
mp2_pair11           number=0 rank=  3 frozen=false
mp2_pair21           number=1 rank=  0 frozen=true
mp2_pair22           number=2 rank=  3 frozen=false
number of pairs=3
average rank   =2 (2.00000e+00)
largest rank   =3
saving vector of functions mp2_pair11
saving vector of functions mp2_pair22
timer:                        save pnos on disc     0.14s     0.14s 
PNOPairs Memory Information
Total: 0.02519 GB 
PNO  : 0.00732 GB 
KPNO : 0.00699 GB 
W    : 0.01088 GB 

timer:                                 truncate     0.04s     0.04s 
timer:      compute densities for G application     0.00s     0.00s 
pair21 is frozen: no optimization
timer:                Prepare for G application     0.27s     0.27s 
timer:                                    add K     0.02s     0.02s 
size of all Vpsi potentials (without Vnuc and J) 0.01018 GB 
time=117.46211 chunk=6 Vpsi+Vnuc+J=0.02196 GB
time=117.51700 chunk=6 Vpsi+Vnuc+J=0.02089 GB (after truncation)
timer:                           Apply G to all     2.14s     2.14s 
timer:                       apply Q and update     0.00s     0.00s 
mp2_pair11 residual norms:
[0.09119, 0.09119, 0.12267]
mp2_pair11 scaled residual norms:
[0.00634, 0.00634, 0.01627]
mp2_pair22 residual norms:
[0.09235, 0.09235, 0.09402]
mp2_pair22 scaled residual norms:
[0.00596, 0.00596, 0.02074]
timer:                          update all PNOs     2.44s     2.44s 
frozen pair: no orthonormalization
timer:                                     RRCD     0.03s     0.03s 
timer:                             MRA compress     0.00s     0.00s 
timer:                          Transform Pairs     0.06s     0.06s 
saving vector of functions mp2_pair11
saving vector of functions mp2_pair22
timer:                        save pnos on disc     0.13s     0.13s 


No convergence yet. Energy change = 0.01530

timer:                        Whole Iteration 2    10.50s    10.51s 
Information About All Pairs:
mp2_pair11           number=0 rank=  3 frozen=false
mp2_pair21           number=1 rank=  0 frozen=true
mp2_pair22           number=2 rank=  3 frozen=false
number of pairs=3
average rank   =2 (2.00000)
largest rank   =3
PNOPairs Memory Information
Total: 0.00707 GB 
PNO  : 0.00707 GB 
KPNO : 0.00000 GB 
W    : 0.00000 GB 

timer:                                 truncate     0.02s     0.02s 
wall time=122.59057 chunk=6 allK.size()=6 memory=0.00716 GB
timer:                             compute KPNO     3.17s     3.17s 
wall time=122.84506 chunk=6 allJ.size()=6 memory=0.00797 GB
timer:                             compute JPNO     0.25s     0.25s 
timer:                    compute Fock matrices     1.24s     1.24s 
timer:                             MRA compress     0.00s     0.00s 
timer:                          Transform Pairs     0.22s     0.22s 
timer:                             Canonicalize     0.22s     0.22s 
PNOPairs Memory Information
Total: 0.01423 GB 
PNO  : 0.00707 GB 
KPNO : 0.00716 GB 
W    : 0.00000 GB 

timer:                                 truncate     0.05s     0.05s 
mp2_pair21 is frozen: potential not computed
timer:                   Fluctuation Potentials     1.96s     1.96s 
timer:                       Fluctuation Matrix     0.14s     0.14s 
PNOPairs Memory Information
Total: 0.02511 GB 
PNO  : 0.00707 GB 
KPNO : 0.00716 GB 
W    : 0.01088 GB 

PNOPairs Memory Information
Total: 0.02511 GB 
PNO  : 0.00707 GB 
KPNO : 0.00716 GB 
W    : 0.01088 GB 

timer:                                 truncate     0.04s     0.04s 
timer:                             PNO Overlaps     0.10s     0.10s 
t_iter =  0  Hylleraas energy =  0.00000  ||R||_F =  0.23875  conv =  no
subspace solution [*]   1.00000000

t_iter =  1  Hylleraas energy =  -0.04639  ||R||_F =  0.00000  conv =  yes
=======================================================

Hylleraas MP2 Energies

=======================================================
    i    j      singlet      triplet        Total
=======================================================
    1    1  -2.02656e-02  0.00000e+00 -2.02656e-02
    2    1   0.00000e+00  0.00000e+00  0.00000e+00
    2    2  -2.61278e-02  0.00000e+00 -2.61278e-02
=======================================================
Hylleraas MP2 Energies (singlet): -4.63934e-02
Hylleraas MP2 Energies (triplet):  0.00000e+00
Hylleraas MP2 Energies (total)  : -4.63934e-02
=======================================================
-------------------------------------------
Total Reg Energy  =-4.63934e-02
Total F12 Energy  = 0.00000e+00
Sum Energies Total=-4.63934e-02
-------------------------------------------
timer:                         Solve Amplitudes     0.00s     0.00s 
pair11: density evals:
 [*]   0.00461591   0.00461591   0.01730796

pair22: density evals:
 [*]   0.00393687   0.00393687   0.04808843

timer:                            compress PNOs     0.00s     0.00s 
timer:                             MRA compress     0.00s     0.00s 
timer:                          Transform Pairs     0.39s     0.39s 
timer:                          PNO Compression     0.39s     0.39s 
Information About All Pairs:
mp2_pair11           number=0 rank=  3 frozen=false
mp2_pair21           number=1 rank=  0 frozen=true
mp2_pair22           number=2 rank=  3 frozen=false
number of pairs=3
average rank   =2 (2.00000e+00)
largest rank   =3
saving vector of functions mp2_pair11
saving vector of functions mp2_pair22
timer:                        save pnos on disc     0.14s     0.14s 
PNOPairs Memory Information
Total: 0.02511 GB 
PNO  : 0.00707 GB 
KPNO : 0.00716 GB 
W    : 0.01088 GB 

timer:                                 truncate     0.04s     0.04s 
timer:      compute densities for G application     0.00s     0.00s 
pair21 is frozen: no optimization
timer:                Prepare for G application     0.22s     0.22s 
timer:                                    add K     0.03s     0.03s 
size of all Vpsi potentials (without Vnuc and J) 0.01026 GB 
time=127.94678 chunk=6 Vpsi+Vnuc+J=0.02196 GB
time=128.00469 chunk=6 Vpsi+Vnuc+J=0.02057 GB (after truncation)
timer:                           Apply G to all     2.34s     2.34s 
timer:                       apply Q and update     0.00s     0.00s 
mp2_pair11 residual norms:
[0.03034, 0.03034, 0.05299]
mp2_pair11 scaled residual norms:
[0.00206, 0.00206, 0.00697]
mp2_pair22 residual norms:
[0.03768, 0.03768, 0.03664]
mp2_pair22 scaled residual norms:
[0.00236, 0.00236, 0.00804]
timer:                          update all PNOs     2.59s     2.59s 
frozen pair: no orthonormalization
timer:                                     RRCD     0.05s     0.05s 
timer:                             MRA compress     0.00s     0.00s 
timer:                          Transform Pairs     0.07s     0.07s 
saving vector of functions mp2_pair11
saving vector of functions mp2_pair22
timer:                        save pnos on disc     0.12s     0.12s 


No convergence yet. Energy change = 0.00238

timer:                        Whole Iteration 3    10.62s    10.62s 
Information About All Pairs:
mp2_pair11           number=0 rank=  3 frozen=false
mp2_pair21           number=1 rank=  0 frozen=true
mp2_pair22           number=2 rank=  3 frozen=false
number of pairs=3
average rank   =2 (2.00000)
largest rank   =3
PNOPairs Memory Information
Total: 0.00724 GB 
PNO  : 0.00724 GB 
KPNO : 0.00000 GB 
W    : 0.00000 GB 

timer:                                 truncate     0.05s     0.05s 
wall time=133.34663 chunk=6 allK.size()=6 memory=0.00716 GB
timer:                             compute KPNO     3.28s     3.28s 
wall time=133.53690 chunk=6 allJ.size()=6 memory=0.00806 GB
timer:                             compute JPNO     0.19s     0.19s 
timer:                    compute Fock matrices     1.23s     1.23s 
timer:                             MRA compress     0.00s     0.00s 
timer:                          Transform Pairs     0.16s     0.16s 
timer:                             Canonicalize     0.17s     0.17s 
PNOPairs Memory Information
Total: 0.01431 GB 
PNO  : 0.00716 GB 
KPNO : 0.00716 GB 
W    : 0.00000 GB 

timer:                                 truncate     0.03s     0.03s 
mp2_pair21 is frozen: potential not computed
timer:                   Fluctuation Potentials     1.82s     1.82s 
timer:                       Fluctuation Matrix     0.11s     0.11s 
PNOPairs Memory Information
Total: 0.02519 GB 
PNO  : 0.00716 GB 
KPNO : 0.00716 GB 
W    : 0.01088 GB 

PNOPairs Memory Information
Total: 0.02519 GB 
PNO  : 0.00716 GB 
KPNO : 0.00716 GB 
W    : 0.01088 GB 

timer:                                 truncate     0.05s     0.05s 
timer:                             PNO Overlaps     0.09s     0.09s 
t_iter =  0  Hylleraas energy =  0.00000  ||R||_F =  0.24391  conv =  no
subspace solution [*]   1.00000000

t_iter =  1  Hylleraas energy =  -0.04681  ||R||_F =  0.00000  conv =  yes
=======================================================

Hylleraas MP2 Energies

=======================================================
    i    j      singlet      triplet        Total
=======================================================
    1    1  -2.04725e-02  0.00000e+00 -2.04725e-02
    2    1   0.00000e+00  0.00000e+00  0.00000e+00
    2    2  -2.63368e-02  0.00000e+00 -2.63368e-02
=======================================================
Hylleraas MP2 Energies (singlet): -4.68092e-02
Hylleraas MP2 Energies (triplet):  0.00000e+00
Hylleraas MP2 Energies (total)  : -4.68092e-02
=======================================================
-------------------------------------------
Total Reg Energy  =-4.68092e-02
Total F12 Energy  = 0.00000e+00
Sum Energies Total=-4.68092e-02
-------------------------------------------
timer:                         Solve Amplitudes     0.00s     0.00s 
pair11: density evals:
 [*]   0.00450295   0.00450295   0.01685340

pair22: density evals:
 [*]   0.00381463   0.00381463   0.04707703

timer:                            compress PNOs     0.00s     0.00s 
timer:                             MRA compress     0.00s     0.00s 
timer:                          Transform Pairs     0.34s     0.34s 
timer:                          PNO Compression     0.34s     0.34s 
Information About All Pairs:
mp2_pair11           number=0 rank=  3 frozen=false
mp2_pair21           number=1 rank=  0 frozen=true
mp2_pair22           number=2 rank=  3 frozen=false
number of pairs=3
average rank   =2 (2.00000e+00)
largest rank   =3
saving vector of functions mp2_pair11
saving vector of functions mp2_pair22
timer:                        save pnos on disc     0.15s     0.15s 
PNOPairs Memory Information
Total: 0.02519 GB 
PNO  : 0.00716 GB 
KPNO : 0.00716 GB 
W    : 0.01088 GB 

timer:                                 truncate     0.04s     0.04s 
timer:      compute densities for G application     0.00s     0.00s 
pair21 is frozen: no optimization
timer:                Prepare for G application     0.20s     0.20s 
timer:                                    add K     0.03s     0.03s 
size of all Vpsi potentials (without Vnuc and J) 0.01018 GB 
time=138.30798 chunk=6 Vpsi+Vnuc+J=0.02188 GB
time=138.37264 chunk=6 Vpsi+Vnuc+J=0.02073 GB (after truncation)
timer:                           Apply G to all     2.20s     2.20s 
timer:                       apply Q and update     0.00s     0.00s 
mp2_pair11 residual norms:
[0.01105, 0.01105, 0.02514]
mp2_pair11 scaled residual norms:
[0.00074, 0.00074, 0.00326]
mp2_pair22 residual norms:
[0.01969, 0.01969, 0.01554]
mp2_pair22 scaled residual norms:
[0.00122, 0.00122, 0.00337]
timer:                          update all PNOs     2.43s     2.43s 
frozen pair: no orthonormalization
timer:                                     RRCD     0.06s     0.06s 
timer:                             MRA compress     0.00s     0.00s 
timer:                          Transform Pairs     0.09s     0.09s 
saving vector of functions mp2_pair11
saving vector of functions mp2_pair22
timer:                        save pnos on disc     0.13s     0.13s 


No convergence yet. Energy change = 0.00042

timer:                        Whole Iteration 4    10.30s    10.30s 
Information About All Pairs:
mp2_pair11           number=0 rank=  3 frozen=false
mp2_pair21           number=1 rank=  0 frozen=true
mp2_pair22           number=2 rank=  3 frozen=false
number of pairs=3
average rank   =2 (2.00000)
largest rank   =3
PNOPairs Memory Information
Total: 0.00724 GB 
PNO  : 0.00724 GB 
KPNO : 0.00000 GB 
W    : 0.00000 GB 

timer:                                 truncate     0.03s     0.03s 
wall time=143.82327 chunk=6 allK.size()=6 memory=0.00716 GB
timer:                             compute KPNO     3.49s     3.49s 
wall time=144.00891 chunk=6 allJ.size()=6 memory=0.00814 GB
timer:                             compute JPNO     0.19s     0.19s 
timer:                    compute Fock matrices     1.13s     1.13s 
timer:                             MRA compress     0.00s     0.00s 
timer:                          Transform Pairs     0.20s     0.20s 
timer:                             Canonicalize     0.21s     0.21s 
PNOPairs Memory Information
Total: 0.01431 GB 
PNO  : 0.00716 GB 
KPNO : 0.00716 GB 
W    : 0.00000 GB 

timer:                                 truncate     0.05s     0.05s 
mp2_pair21 is frozen: potential not computed
timer:                   Fluctuation Potentials     1.81s     1.81s 
timer:                       Fluctuation Matrix     0.15s     0.15s 
PNOPairs Memory Information
Total: 0.02519 GB 
PNO  : 0.00716 GB 
KPNO : 0.00716 GB 
W    : 0.01088 GB 

PNOPairs Memory Information
Total: 0.02519 GB 
PNO  : 0.00716 GB 
KPNO : 0.00716 GB 
W    : 0.01088 GB 

timer:                                 truncate     0.07s     0.07s 
timer:                             PNO Overlaps     0.05s     0.05s 
t_iter =  0  Hylleraas energy =  0.00000  ||R||_F =  0.24595  conv =  no
subspace solution [*]   1.00000000

t_iter =  1  Hylleraas energy =  -0.04690  ||R||_F =  0.00000  conv =  yes
=======================================================

Hylleraas MP2 Energies

=======================================================
    i    j      singlet      triplet        Total
=======================================================
    1    1  -2.05159e-02  0.00000e+00 -2.05159e-02
    2    1   0.00000e+00  0.00000e+00  0.00000e+00
    2    2  -2.63797e-02  0.00000e+00 -2.63797e-02
=======================================================
Hylleraas MP2 Energies (singlet): -4.68955e-02
Hylleraas MP2 Energies (triplet):  0.00000e+00
Hylleraas MP2 Energies (total)  : -4.68955e-02
=======================================================
-------------------------------------------
Total Reg Energy  =-4.68955e-02
Total F12 Energy  = 0.00000e+00
Sum Energies Total=-4.68955e-02
-------------------------------------------
timer:                         Solve Amplitudes     0.00s     0.00s 
pair11: density evals:
 [*]   0.00445635   0.00445635   0.01660103

pair22: density evals:
 [*]   0.00375148   0.00375148   0.04654175

timer:                            compress PNOs     0.00s     0.00s 
timer:                             MRA compress     0.00s     0.00s 
timer:                          Transform Pairs     0.44s     0.44s 
timer:                          PNO Compression     0.44s     0.44s 
Information About All Pairs:
mp2_pair11           number=0 rank=  3 frozen=false
mp2_pair21           number=1 rank=  0 frozen=true
mp2_pair22           number=2 rank=  3 frozen=false
number of pairs=3
average rank   =2 (2.00000e+00)
largest rank   =3
saving vector of functions mp2_pair11
saving vector of functions mp2_pair22
timer:                        save pnos on disc     0.14s     0.14s 
PNOPairs Memory Information
Total: 0.02519 GB 
PNO  : 0.00716 GB 
KPNO : 0.00716 GB 
W    : 0.01088 GB 

timer:                                 truncate     0.03s     0.03s 
timer:      compute densities for G application     0.00s     0.00s 
pair21 is frozen: no optimization
timer:                Prepare for G application     0.26s     0.26s 
timer:                                    add K     0.01s     0.01s 
size of all Vpsi potentials (without Vnuc and J) 0.01018 GB 
time=148.95003 chunk=6 Vpsi+Vnuc+J=0.02196 GB
time=149.01303 chunk=6 Vpsi+Vnuc+J=0.02081 GB (after truncation)
timer:                           Apply G to all     2.38s     2.38s 
timer:                       apply Q and update     0.00s     0.00s 
mp2_pair11 residual norms:
[0.00439, 0.00439, 0.01280]
mp2_pair11 scaled residual norms:
[0.00029, 0.00029, 0.00165]
mp2_pair22 residual norms:
[0.01162, 0.01162, 0.00679]
mp2_pair22 scaled residual norms:
[0.00071, 0.00071, 0.00147]
timer:                          update all PNOs     2.68s     2.68s 
frozen pair: no orthonormalization
timer:                                     RRCD     0.04s     0.04s 
timer:                             MRA compress     0.00s     0.00s 
timer:                          Transform Pairs     0.06s     0.06s 
saving vector of functions mp2_pair11
saving vector of functions mp2_pair22
timer:                        save pnos on disc     0.15s     0.15s 


CONVERGED!
energy change = 0.00009

re-entering loop to compute the correct amplitudes and energies
timer:                        Whole Iteration 5    10.75s    10.75s 
Information About All Pairs:
mp2_pair11           number=0 rank=  3 frozen=false
mp2_pair21           number=1 rank=  0 frozen=true
mp2_pair22           number=2 rank=  3 frozen=false
number of pairs=3
average rank   =2 (2.00000)
largest rank   =3
PNOPairs Memory Information
Total: 0.00724 GB 
PNO  : 0.00724 GB 
KPNO : 0.00000 GB 
W    : 0.00000 GB 

timer:                                 truncate     0.02s     0.02s 
wall time=154.60331 chunk=6 allK.size()=6 memory=0.00716 GB
timer:                             compute KPNO     3.53s     3.53s 
wall time=154.74885 chunk=6 allJ.size()=6 memory=0.00814 GB
timer:                             compute JPNO     0.15s     0.15s 
timer:                    compute Fock matrices     1.24s     1.24s 
timer:                             MRA compress     0.00s     0.00s 
timer:                          Transform Pairs     0.13s     0.13s 
timer:                             Canonicalize     0.13s     0.13s 
PNOPairs Memory Information
Total: 0.01431 GB 
PNO  : 0.00716 GB 
KPNO : 0.00716 GB 
W    : 0.00000 GB 

timer:                                 truncate     0.07s     0.07s 
mp2_pair21 is frozen: potential not computed
timer:                   Fluctuation Potentials     1.75s     1.75s 
timer:                       Fluctuation Matrix     0.14s     0.14s 
PNOPairs Memory Information
Total: 0.02519 GB 
PNO  : 0.00716 GB 
KPNO : 0.00716 GB 
W    : 0.01088 GB 

PNOPairs Memory Information
Total: 0.02519 GB 
PNO  : 0.00716 GB 
KPNO : 0.00716 GB 
W    : 0.01088 GB 

timer:                                 truncate     0.05s     0.05s 
timer:                             PNO Overlaps     0.10s     0.10s 
t_iter =  0  Hylleraas energy =  0.00000  ||R||_F =  0.24684  conv =  no
subspace solution [*]   1.00000000

t_iter =  1  Hylleraas energy =  -0.04692  ||R||_F =  0.00000  conv =  yes
=======================================================

Hylleraas MP2 Energies

=======================================================
    i    j      singlet      triplet        Total
=======================================================
    1    1  -2.05266e-02  0.00000e+00 -2.05266e-02
    2    1   0.00000e+00  0.00000e+00  0.00000e+00
    2    2  -2.63895e-02  0.00000e+00 -2.63895e-02
=======================================================
Hylleraas MP2 Energies (singlet): -4.69161e-02
Hylleraas MP2 Energies (triplet):  0.00000e+00
Hylleraas MP2 Energies (total)  : -4.69161e-02
=======================================================
-------------------------------------------
Total Reg Energy  =-4.69161e-02
Total F12 Energy  = 0.00000e+00
Sum Energies Total=-4.69161e-02
-------------------------------------------
timer:                         Solve Amplitudes     0.00s     0.00s 
pair11: density evals:
 [*]   0.00443710   0.00443710   0.01648074

pair22: density evals:
 [*]   0.00371659   0.00371659   0.04628827

timer:                            compress PNOs     0.00s     0.00s 
timer:                             MRA compress     0.00s     0.00s 
timer:                          Transform Pairs     0.37s     0.37s 
timer:                          PNO Compression     0.38s     0.38s 
Information About All Pairs:
mp2_pair11           number=0 rank=  3 frozen=false
mp2_pair21           number=1 rank=  0 frozen=true
mp2_pair22           number=2 rank=  3 frozen=false
number of pairs=3
average rank   =2 (2.00000e+00)
largest rank   =3
saving vector of functions mp2_pair11
saving vector of functions mp2_pair22
timer:                        save pnos on disc     0.13s     0.13s 
exiting: Iterations converged
PNO ranks:
PNO Rank for pair pair11 = 3
PNO Rank for pair pair21 = 0
PNO Rank for pair pair22 = 3
average rank 2.00000e+00
timer:                               PNO::solve    64.56s    64.56s 

--------------------------------
ITERATE-PAIRS-INTERNAL-ENDED
--------------------------------
mp2_pair21 converged!


Adaptive Sovler:
 Current Energy=-4.6916140011e-02
 DeltaE        =-4.6916140011e-02
 max dE (pair) =-2.6389493440e-02 (2)
 all_pairs_conv=false




not converged yet

freeze pair mp2_pair21 (not further optimized: Energy below 1.0000000000e-05)
Maximum Rank of3 reached for all non-frozen pairs, no need to iterate further=======================================================

Final MP2 Energies

=======================================================
    i    j      singlet      triplet        Total
=======================================================
    1    1  -2.05266e-02  0.00000e+00 -2.05266e-02
    2    1   0.00000e+00  0.00000e+00  0.00000e+00
    2    2  -2.63895e-02  0.00000e+00 -2.63895e-02
=======================================================
Final MP2 Energies (singlet): -4.69161e-02
Final MP2 Energies (triplet):  0.00000e+00
Final MP2 Energies (total)  : -4.69161e-02
=======================================================
-------------------------------------------
Total Reg Energy  =-4.69161e-02
Total F12 Energy  = 0.00000e+00
Sum Energies Total=-4.69161e-02
-------------------------------------------
Average | Max Rank: 2 | 3



--------------------------------------------------
MRA-PNO-MP2-F12 ended 
--------------------------------------------------
                 time scf = 8.71301e+01
               energy scf = -1.56040e+01
--------------------------------------------------
restarting PNO to reload pairs that converged before and were frozen
PNO Parameters
pno
       rank_increase  15         # default   maximum rank to increase in every macroiteration
               chunk  100        # default   chunk of functions operated on in parallel when G or K is applied (prevent memory shortage)
               debug  false      # default   debug mode
              freeze  1          # derived   frozen core approximation
             maxrank  3          # defined   maximal pno rank for all pairs
           guesstype  exop       # derived   the guesstype: exop (recommended, multiply polynomial excitation operators onto the occupied orbitals), empty (don't compute a guess), scf (use the ao basis from the SCF solver), partial_wave (create s,p,d ..., type functions and place on atoms), predefined (same as partial_wave but for predefined sets)
                exop  multipole  # derived   this string defines which excitation operators can be used, use 'dipole', 'dipole+', 'quadrupole', 'ocopole', or 'multipole', need to set guesstype to 'exop' which is the default
          exop_trigo  true       # default   use trigonometric excitation operators ( x --> sin(x)
        partial_wave             # default   atom centered partial wave guess of format like 'h-2s1p-o-3s2p1d', need to set guesstype to 'partial_wave' and adaptive_solver to 'none'
          predefined             # default   predefined partial wave guesses of type pvxz with x=d,t,q,5,6, need to set guesstype to 'predefined' and adaptive_solver to 'none'
           maxiter_t  100        # default   maximal number of iterations in the amplitude solver
       maxiter_micro  10         # default   Maximum of iterations for every cycle in the adaptive solver
       maxiter_macro  10         # default   Maximum of iterations of cycles in the adaptive solver
                tpno  1.0000e-08 # default   PNO cutoff threshold
          tpno_tight  1.0000e-10 # derived   PNO cutoff for the first iteration
    canonicalize_pno  true       # default   canonicalize the pnos before the amplitude solver
              thresh  1.0000e-04 # defined   MRA threshold
         econv_micro  1.0000e-04 # derived   Energy convergence for microiterations (Greens function based optimization) in adaptive solver
         econv_pairs  1.0000e-05 # derived   ENergy convergence for individual pairs in adaptive solver. Converged pairs are frozen automatically
         econv_macro  1.0000e-04 # derived   Energy convergence for macroiterations in adaptive solver, no effect if adaptive_solver is deactivated
               dconv  1.0000e-01 # default   convergence of every PNO in the Green's function solver
           op_thresh  1.0000e-06 # default   MRA operator thresh
             restart  all        # defined   restart pairs of this type, use 'mp2', 'cispd', 'all' or 'none'
          no_compute  none       # default   do not compute the pairs of this type, use 'mp2', 'cispd', 'all' or 'none'
              no_opt  all        # defined   do not optimize the pnos of this type, use 'mp2', 'cispd', 'all' or 'none'
            no_guess  all        # defined   guess for this type will be empty, use 'mp2', 'cispd', 'all' or 'none'
     adaptive_solver  none       # defined   Use adaptive solver for those pairs, use 'mp2', 'cispd', 'all' or 'none', works only in combination with guesstype 'exop'
                kain  true       # default   use KAIN solver in amplitude solver
       kain_subspace  5          # default   subspace size of the KAIN solver (amplitudes)
                 f12  false      # defined   use explicit correlation
        cispd_number  -1         # default   CIS(D) excitation numbers, to read in correct functions
        cispd_energy  0.0000e+00 # default   CIS energy
        freeze_pairs  none       # default   frozen pairs will not be optimized: Expected format 'a b c d' will freeze pairs ab and cd
freeze_pairs_of_orbital  []         # default    All pairs which originate from this orbital will not be optimized
active_pairs_of_orbital  []         # default    All pairs which originate from this orbital will not be frozen all other pairs will, if this vector is not empty
no_opt_in_first_iteration  false      # default   Do not optimize in the first iteration (then the potentials do not have to be evaluated, use this for large guesses)
            exchange  full       # default   approximate exchange with 'neglect' or xc functional -> same syntax as moldft
           save_pnos  true       # default   Save the OBS-PNOs to a file, before and after orthonormalization.
            diagonal  true       # defined   Compute only diagonal PNOs

end

**********************
Solve PNO-MP2
*********************


**********************
Iterate Pairs
*********************


************************
Standard Solver
***********************

Initializing Pairs:
Restart demanded for mp2 pairs
loading vector of functions mp2_pair11
Found PNOs for mp2_pair11 with rank 3
loading vector of functions mp2_pair21
failed to find PNO mp2_pair21 initialize as zero function
nloading vector of functions mp2_pair22
Found PNOs for mp2_pair22 with rank 3
no guess was explicitly demanded for mp2

timer:                                     RRCD     0.06s     0.06s 
timer:                             MRA compress     0.00s     0.00s 
timer:                          Transform Pairs     0.16s     0.16s 
timer:          apply Q and orthonormalize PNOs     0.46s     0.46s 
Created Guess:
pair11 with 3 guess functions
pair21 with 0 guess functions
pair22 with 3 guess functions
guess pair11 size: 3.4959912300e-03 | 3.4959912300e-03 Gbyte (after truncation)
guess pair22 size: 3.6595463753e-03 | 3.6595463753e-03 Gbyte (after truncation)
timer:                           truncate guess     0.10s     0.10s 
timer:                         Initialize Pairs     0.57s     0.57s 
Information About All Pairs:
mp2_pair11           number=0 rank=  3 frozen=false
mp2_pair21           number=1 rank=  0 frozen=true
mp2_pair22           number=2 rank=  3 frozen=false
number of pairs=3
average rank   =2 (2.0000000000e+00)
largest rank   =3
SolveInternal: Parameters are assigned as
no_compute        = false
no_opt            = true
restart           = true
do_cispd          = false
econv             =1.0000000000e-04
maxrank (min,max) = (3,3)
Solving MP2 doubles
timer:          fock matrix     2.89s     2.89s
Information About All Pairs:
mp2_pair11           number=0 rank=  3 frozen=false
mp2_pair21           number=1 rank=  0 frozen=true
mp2_pair22           number=2 rank=  3 frozen=false
number of pairs=3
average rank   =2 (2.0000000000e+00)
largest rank   =3
PNOPairs Memory Information
Total: 0.0071555376 GB 
PNO  : 0.0071555376 GB 
KPNO : 0.0000000000 GB 
W    : 0.0000000000 GB 

timer:                                 truncate     0.08s     0.08s 
wall time=165.5190351009 chunk=6 allK.size()=6 memory=0.0071555376 GB
timer:                             compute KPNO     3.22s     3.22s 
wall time=165.6649370193 chunk=6 allJ.size()=6 memory=0.0080550909 GB
timer:                             compute JPNO     0.15s     0.15s 
timer:                    compute Fock matrices     1.07s     1.07s 
timer:                             MRA compress     0.00s     0.00s 
timer:                          Transform Pairs     0.20s     0.20s 
timer:                             Canonicalize     0.20s     0.20s 
PNOPairs Memory Information
Total: 0.0143110752 GB 
PNO  : 0.0071555376 GB 
KPNO : 0.0071555376 GB 
W    : 0.0000000000 GB 

timer:                                 truncate     0.03s     0.03s 
mp2_pair21 is frozen: potential not computed
timer:                   Fluctuation Potentials     1.77s     1.77s 
timer:                       Fluctuation Matrix     0.10s     0.10s 
PNOPairs Memory Information
Total: 0.0251874924 GB 
PNO  : 0.0071555376 GB 
KPNO : 0.0071555376 GB 
W    : 0.0108764172 GB 

PNOPairs Memory Information
Total: 0.0251874924 GB 
PNO  : 0.0071555376 GB 
KPNO : 0.0071555376 GB 
W    : 0.0108764172 GB 

timer:                                 truncate     0.06s     0.06s 
timer:                             PNO Overlaps     0.12s     0.12s 
t_iter =  0  Hylleraas energy =  0.0000000000  ||R||_F =  0.2468417602  conv =  no
subspace solution [*]   1.00000000

t_iter =  1  Hylleraas energy =  -0.0469162227  ||R||_F =  0.0000000004  conv =  yes
=======================================================

Hylleraas MP2 Energies

=======================================================
    i    j      singlet      triplet        Total
=======================================================
    1    1  -2.05267e-02  0.00000e+00 -2.05267e-02
    2    1   0.00000e+00  0.00000e+00  0.00000e+00
    2    2  -2.63896e-02  0.00000e+00 -2.63896e-02
=======================================================
Hylleraas MP2 Energies (singlet): -4.69162e-02
Hylleraas MP2 Energies (triplet):  0.00000e+00
Hylleraas MP2 Energies (total)  : -4.69162e-02
=======================================================
-------------------------------------------
Total Reg Energy  =-4.69162e-02
Total F12 Energy  = 0.00000e+00
Sum Energies Total=-4.69162e-02
-------------------------------------------
timer:                         Solve Amplitudes     0.00s     0.00s 
No optimization untill now: Compressing pno ranks with tighter threshold
1.00000e-10 instead of 1.00000e-08
pair11: density evals:
 [*]   0.00443710   0.00443710   0.01648077

pair22: density evals:
 [*]   0.00371659   0.00371659   0.04628845

timer:                            compress PNOs     0.00s     0.00s 
timer:                             MRA compress     0.00s     0.00s 
timer:                          Transform Pairs     0.36s     0.36s 
timer:                          PNO Compression     0.36s     0.36s 
Information About All Pairs:
mp2_pair11           number=0 rank=  3 frozen=false
mp2_pair21           number=1 rank=  0 frozen=true
mp2_pair22           number=2 rank=  3 frozen=false
number of pairs=3
average rank   =2 (2.00000e+00)
largest rank   =3
saving vector of functions mp2_pair11
saving vector of functions mp2_pair22
timer:                        save pnos on disc     0.20s     0.20s 
exiting: Found no_opt keyword
PNO ranks:
PNO Rank for pair pair11 = 3
PNO Rank for pair pair21 = 0
PNO Rank for pair pair22 = 3
average rank 2.00000e+00
timer:                               PNO::solve    10.27s    10.27s 

--------------------------------
ITERATE-PAIRS-INTERNAL-ENDED
--------------------------------
=======================================================

Final MP2 Energies

=======================================================
    i    j      singlet      triplet        Total
=======================================================
    1    1  -2.05267e-02  0.00000e+00 -2.05267e-02
    2    1   0.00000e+00  0.00000e+00  0.00000e+00
    2    2  -2.63896e-02  0.00000e+00 -2.63896e-02
=======================================================
Final MP2 Energies (singlet): -4.69162e-02
Final MP2 Energies (triplet):  0.00000e+00
Final MP2 Energies (total)  : -4.69162e-02
=======================================================
-------------------------------------------
Total Reg Energy  =-4.69162e-02
Total F12 Energy  = 0.00000e+00
Sum Energies Total=-4.69162e-02
-------------------------------------------
Average | Max Rank: 2 | 3
                 time pno = 7.09647e+01
               energy mp2 = -4.69162e-02
     average pno rank mp2 = 2
         max pno rank mp2 = 3
--------------------------------------------------
            energy(total) = -1.56509e+01
--------------------------------------------------



Orthonormalization technique used: symmetric
No CABS used.
Tightening thresholds to +0.00010000 for post-processing
Overlap Matrix of all PNOs:
+1.00000219 +0.32918522 +0.00000000 -0.00000000 +0.00000000 -0.00000000 
+0.32918522 +1.00000561 -0.00000000 +0.00000000 -0.00000000 +0.00000000 
+0.00000000 -0.00000000 +1.00000000 +0.00000000 -0.05102673 +0.06788047 
-0.00000000 +0.00000000 +0.00000000 +1.00000000 -0.06788047 -0.05102673 
+0.00000000 -0.00000000 -0.05102673 -0.06788047 +1.00000000 -0.00000000 
-0.00000000 +0.00000000 +0.06788047 -0.05102673 -0.00000000 +1.00000000 
Before cherry pick
rank is +0
all used occupation numbers:
[+0.04628845 +0.01648077 +0.00443710 +0.00443710 +0.00371659 +0.00371659 ]
corresponding to active pairs:
[(1,1) (0,0) (0,0) (0,0) (1,1) (1,1) ]
After cherry pick
all used occupation numbers:
[+0.04628845 +0.01648077 +0.00443710 +0.00443710 +0.00371659 +0.00371659 ]
corresponding to active pairs:
[(1,1) (0,0) (0,0) (0,0) (1,1) (1,1) ]
Overlap Matrix before symmetric
[+0,*]  +1.00000219  +0.32918522  +0.00000000  -0.00000000  +0.00000000  -0.00000000
[+1,*]  +0.32918522  +1.00000561  -0.00000000  +0.00000000  -0.00000000  +0.00000000
[+2,*]  +0.00000000  -0.00000000  +1.00000000  +0.00000000  -0.05102673  +0.06788047
[+3,*]  -0.00000000  +0.00000000  +0.00000000  +1.00000000  -0.06788047  -0.05102673
[+4,*]  +0.00000000  -0.00000000  -0.05102673  -0.06788047  +1.00000000  -0.00000000
[+5,*]  -0.00000000  +0.00000000  +0.06788047  -0.05102673  -0.00000000  +1.00000000
Overlap Matrix after symmetric
[+0,*]  +1.00000000  +0.00000001  -0.00000000  -0.00000000  +0.00000000  -0.00000000
[+1,*]  +0.00000001  +1.00000000  -0.00000000  -0.00000000  -0.00000000  +0.00000000
[+2,*]  -0.00000000  -0.00000000  +1.00000000  +0.00000000  -0.00000000  -0.00000000
[+3,*]  -0.00000000  -0.00000000  +0.00000000  +1.00000000  +0.00000000  -0.00000000
[+4,*]  +0.00000000  -0.00000000  -0.00000000  +0.00000000  +1.00000000  -0.00000000
[+5,*]  -0.00000000  +0.00000000  -0.00000000  -0.00000000  -0.00000000  +1.00000000
Adding 3 HF orbitals
Size before adding CABS: 9.
Size after adding CABS: 9.
Compute G and F Tensor:
Assemble g,f using symmetries...
non zero elements:
 g : +11109
 h : +37
Overlap over whole basis
[+0,*]  +1.00000000  -0.00000032  +0.00000158  -0.00000335  -0.00000619  +0.00000000  -0.00000000  -0.00000000  +0.00000000
[+1,*]  -0.00000032  +1.00000000  -0.00000008  +0.00000054  +0.00000101  +0.00000000  -0.00000000  +0.00000000  -0.00000000
[+2,*]  +0.00000158  -0.00000008  +1.00000000  +0.00000035  +0.00000062  +0.00000000  -0.00000000  +0.00000000  -0.00000000
[+3,*]  -0.00000335  +0.00000054  +0.00000035  +1.00000000  +0.00000001  -0.00000000  -0.00000000  +0.00000000  +0.00000000
[+4,*]  -0.00000619  +0.00000101  +0.00000062  +0.00000001  +1.00000000  -0.00000000  -0.00000000  -0.00000000  +0.00000000
[+5,*]  +0.00000000  +0.00000000  +0.00000000  -0.00000000  -0.00000000  +1.00000000  +0.00000000  -0.00000000  -0.00000000
[+6,*]  -0.00000000  -0.00000000  -0.00000000  -0.00000000  -0.00000000  +0.00000000  +1.00000000  +0.00000000  -0.00000000
[+7,*]  -0.00000000  +0.00000000  +0.00000000  +0.00000000  -0.00000000  -0.00000000  +0.00000000  +1.00000000  -0.00000000
[+8,*]  +0.00000000  -0.00000000  -0.00000000  +0.00000000  +0.00000000  -0.00000000  -0.00000000  -0.00000000  +1.00000000

||S-1||=+0.00001039
finished at time 243.2

    Parallel environment
    --------------------
                  #nodes    1
       #threads per node    11+main = 12
          #total threads    12

  RMI message statistics (min / avg / max)
  ----------------------
   #messages in server q    0.00e+00 / 0.00e+00 / 0.00e+00
 #messages sent per node    0.00e+00 / 0.00e+00 / 0.00e+00
    #bytes sent per node    0.00e+00 / 0.00e+00 / 0.00e+00
 #messages recv per node    0.00e+00 / 0.00e+00 / 0.00e+00
    #bytes recv per node    0.00e+00 / 0.00e+00 / 0.00e+00
        #msgs systemwide    0.00e+00
       #bytes systemwide    0.00e+00

  Thread pool statistics (min / avg / max)
  ----------------------
         #tasks per node    1.52e+07 / 1.52e+07 / 1.52e+07
     #max q len per node    1.13e+04 / 1.13e+04 / 1.13e+04
  #hi-pri tasks per node    4.61e+06 / 4.61e+06 / 4.61e+06

         Total wall time    243.2s
         Total  cpu time    243.2s

