MADNESS runtime initialized with 11 threads in the pool and affinity -1 -1 -1
starting at time 0.0

--------------------------------------------
   MADNESS 0.10.1 multiresolution suite
--------------------------------------------

   number of processors ... 1
    processor frequency ... 3.695750e+09
            host system ... Linux
          configured by ... kottmann
          configured on ... wittgenstein
          configured at ... 2021-02-10T21:25:26
                    CXX ... /usr/bin/c++
               CXXFLAGS ... -O3 -DNDEBUG -I/h/28/kottmann/install/numcpp/include/ -I/h/28/kottmann/install/boost/boost_1_72_0/include/ -std=c++1z
             tuning for ... default
                    MPI ... multiple
 multi-threaded runtime ... MADNESS ThreadPool
                   BLAS ... Intel MKL 44182 44182 MFLOP/s
               compiled ... 13:08:26  on  Feb 23 2021


-------------------------------------------------------------------------------------
SOLVING MRA-PNO-F12 as described in 
J.S. Kottmann, F.A. Bischoff, E.F. Valeev
Direct determination of optimal pair-natural orbitals in a real-space representation:
the second-order Møller-Plesset energy
Journal of Chemical Physics ... 2020
-------------------------------------------------------------------------------------


This script will run PNO-MP2 and print out tensors in binary
Call as: pno_integrals inputfileinput is input
ignoring unknown parameter in input file:  ncf

Angstrom being used to read input coordinates (1 Bohr = 1.88972613 Angstrom)


Asymptotic correction parameters
---------------------------------------
Atom vector is not empty: false
Using multipole approximation: false
Number of electrons = -1
Ionisation energy = 0.000000e+00
E(HOMO) = 0.000000e+00
R1 = 3.000000e+00
R2 = 4.000000e+00
DFT coefficient = 0.000000e+00
Interpolation scheme = linear
constructed symmetry operator for point group C1
dft
              charge  0.0000e+00 # defined   total molecular charge
                  xc  hf         # defined   XC input line
               smear  0.0000e+00 # default   smearing parameter
               econv  1.0000e-04 # defined   energy convergence
               dconv  5.0000e-04 # defined   density convergence
convergence_criteria  [bsh_residual, total_energy] # default   possible values are: bsh_residual, total_energy, each_energy, density
                   k  7          # defined   polynomial order
                   l  5.5260e+01 # derived   user coordinates box size
               deriv  abgv       # default   derivative method                            [abgv, bspline, ble]
           dft_deriv  abgv       # default   derivative method for gga potentials         [abgv, bspline, ble]
             maxrotn  2.5000e-01 # default   step restriction used in autoshift algorithm
             nvalpha  0          # default   number of alpha virtuals to compute
              nvbeta  0          # default   number of beta virtuals to compute
               nopen  0          # default   number of unpaired electrons = nalpha-nbeta
             maxiter  25         # default   maximum number of iterations
                 nio  1          # default   no. of io servers to use
     spin_restricted  true       # default   true if spin restricted
              plotlo  0          # default   range of MOs to print (for both spins if polarized
              plothi  -1         # default   range of MOs to print (for both spins if polarized
            plotdens  false      # default   If true print the density at convergence
            plotcoul  false      # default   If true plot the total coulomb potential at convergence
            localize  boys       # defined   localization method                          [pm, boys, new, canon]
          pointgroup  c1         # derived   use point (sub) group symmetry if not localized[c1, c2, ci, cs, c2v, c2h, d2, d2h]
             restart  false      # default   if true restart from orbitals on disk
           restartao  false      # default   if true restart from orbitals projected into AO basis (STO3G) on disk
          no_compute  false      # default   if true use orbitals on disk, set value to computed
           no_orient  false      # default   if true the molecule coordinates will not be reoriented
                save  true       # default   if true save orbitals to disk
              maxsub  10         # default   size of iterative subspace ... set to 0 or 1 to disable
        orbitalshift  0.0000e+00 # default   scf orbital shift: shift the occ orbitals to lower energies
            npt_plot  101        # default   no. of points to use in each dim for plots
           plot_cell  []         # default   lo hi in each dimension for plotting (default is all space)
             aobasis  6-31g      # derived   AO basis used for initial guess (6-31g or sto-3g)
           core_type  none       # default   core potential type                          [none, mpc]
         derivatives  false      # default   if true calculate nuclear derivatives
              dipole  false      # default   if true calculate dipole moment
      conv_only_dens  false      # default   if true remove bsh_residual from convergence criteria (deprecated)
            psp_calc  false      # default   pseudopotential calculation for all atoms
 print_dipole_matels  false      # default   if true output dipole matrix elements
            pcm_data  none       # default   do a PCM (solvent) calculation
             ac_data  none       # default   do a calculation with asymptotic correction (see ACParameters class in chem/AC.h for details)
             pure_ae  true       # default   pure all electron calculation with no pseudo-atoms
         print_level  3          # default   0: no output; 1: final energy; 2: iterations; 3: timings; 10: debug
              nalpha  3          # derived   number of alpha spin electrons
               nbeta  3          # derived   number of beta  spin electrons
           nmo_alpha  3          # derived   number of alpha spin molecular orbitals
            nmo_beta  3          # derived   number of beta spin molecular orbitals
                  lo  9.0905e-04 # derived   smallest length scale we need to resolve
            protocol  [1.0000e-04, 1.0000e-06] # derived   calculation protocol
                gopt  false      # default   geometry optimizer
                gtol  1.0000e-04 # default   geometry tolerance
               gtest  false      # default   geometry tolerance
                gval  1.0000e-05 # default   value precision
               gprec  1.0000e-04 # default   gradient precision
            gmaxiter  20         # default   optimization maxiter
    ginitial_hessian  false      # default   compute inital hessian for optimization
              algopt  bfgs       # default   algorithm used for optimization              [bfgs, cg]
            tdksprop  false      # default   time-dependent Kohn-Sham equation propagate
           nv_factor  1          # default   factor to multiply number of virtual orbitals with when automatically decreasing nvirt
           vnucextra  2          # default   load balance parameter for nuclear pot
        loadbalparts  2          # default   ??
            response  false      # default   response function calculation
       response_freq  0.0000e+00 # default   frequency for calculation response function
       response_axis  [1, 1, 1]  # default   response axis
           nonrotate  false      # default   if true do not molcule orient (redundant with no_orient
               rconv  1.0000e-06 # default   Response convergence
              efield  0.0000e+00 # default   eps for finite field
         efield_axis  0          # default   finite field axis                            [0, 1, 2]
              nwfile  none       # default   Base name of nwchem output files (.out and .movecs extensions) to read from
                 ncf  (none,1.0000e+00) # defined   nuclear correlation factor
             hessian  false      # default   compute the hessian matrix
           read_cphf  false      # default   read the converged orbital response for nuclear displacements from file
        restart_cphf  false      # default   read the guess orbital response for nuclear displacements from file
      purify_hessian  false      # default   symmetrize the hessian matrix based on atomic charges

end
              charge  0.0000e+00 # defined   total molecular charge
                  xc  hf         # defined   XC input line
               smear  0.0000e+00 # default   smearing parameter
               econv  1.0000e-04 # defined   energy convergence
               dconv  5.0000e-04 # defined   density convergence
convergence_criteria  [bsh_residual, total_energy] # default   possible values are: bsh_residual, total_energy, each_energy, density
                   k  7          # defined   polynomial order
                   l  5.5260e+01 # derived   user coordinates box size
               deriv  abgv       # default   derivative method                            [abgv, bspline, ble]
           dft_deriv  abgv       # default   derivative method for gga potentials         [abgv, bspline, ble]
             maxrotn  2.5000e-01 # default   step restriction used in autoshift algorithm
             nvalpha  0          # default   number of alpha virtuals to compute
              nvbeta  0          # default   number of beta virtuals to compute
               nopen  0          # default   number of unpaired electrons = nalpha-nbeta
             maxiter  25         # default   maximum number of iterations
                 nio  1          # default   no. of io servers to use
     spin_restricted  true       # default   true if spin restricted
              plotlo  0          # default   range of MOs to print (for both spins if polarized
              plothi  -1         # default   range of MOs to print (for both spins if polarized
            plotdens  false      # default   If true print the density at convergence
            plotcoul  false      # default   If true plot the total coulomb potential at convergence
            localize  boys       # defined   localization method                          [pm, boys, new, canon]
          pointgroup  c1         # derived   use point (sub) group symmetry if not localized[c1, c2, ci, cs, c2v, c2h, d2, d2h]
             restart  false      # default   if true restart from orbitals on disk
           restartao  false      # default   if true restart from orbitals projected into AO basis (STO3G) on disk
          no_compute  false      # default   if true use orbitals on disk, set value to computed
           no_orient  false      # default   if true the molecule coordinates will not be reoriented
                save  true       # default   if true save orbitals to disk
              maxsub  10         # default   size of iterative subspace ... set to 0 or 1 to disable
        orbitalshift  0.0000e+00 # default   scf orbital shift: shift the occ orbitals to lower energies
            npt_plot  101        # default   no. of points to use in each dim for plots
           plot_cell  []         # default   lo hi in each dimension for plotting (default is all space)
             aobasis  6-31g      # derived   AO basis used for initial guess (6-31g or sto-3g)
           core_type  none       # default   core potential type                          [none, mpc]
         derivatives  false      # default   if true calculate nuclear derivatives
              dipole  false      # default   if true calculate dipole moment
      conv_only_dens  false      # default   if true remove bsh_residual from convergence criteria (deprecated)
            psp_calc  false      # default   pseudopotential calculation for all atoms
 print_dipole_matels  false      # default   if true output dipole matrix elements
            pcm_data  none       # default   do a PCM (solvent) calculation
             ac_data  none       # default   do a calculation with asymptotic correction (see ACParameters class in chem/AC.h for details)
             pure_ae  true       # default   pure all electron calculation with no pseudo-atoms
         print_level  3          # default   0: no output; 1: final energy; 2: iterations; 3: timings; 10: debug
              nalpha  3          # derived   number of alpha spin electrons
               nbeta  3          # derived   number of beta  spin electrons
           nmo_alpha  3          # derived   number of alpha spin molecular orbitals
            nmo_beta  3          # derived   number of beta spin molecular orbitals
                  lo  9.0905e-04 # derived   smallest length scale we need to resolve
            protocol  [1.0000e-04, 1.0000e-06] # derived   calculation protocol
                gopt  false      # default   geometry optimizer
                gtol  1.0000e-04 # default   geometry tolerance
               gtest  false      # default   geometry tolerance
                gval  1.0000e-05 # default   value precision
               gprec  1.0000e-04 # default   gradient precision
            gmaxiter  20         # default   optimization maxiter
    ginitial_hessian  false      # default   compute inital hessian for optimization
              algopt  bfgs       # default   algorithm used for optimization              [bfgs, cg]
            tdksprop  false      # default   time-dependent Kohn-Sham equation propagate
           nv_factor  1          # default   factor to multiply number of virtual orbitals with when automatically decreasing nvirt
           vnucextra  2          # default   load balance parameter for nuclear pot
        loadbalparts  2          # default   ??
            response  false      # default   response function calculation
       response_freq  0.0000e+00 # default   frequency for calculation response function
       response_axis  [1, 1, 1]  # default   response axis
           nonrotate  false      # default   if true do not molcule orient (redundant with no_orient
               rconv  1.0000e-06 # default   Response convergence
              efield  0.0000e+00 # default   eps for finite field
         efield_axis  0          # default   finite field axis                            [0, 1, 2]
              nwfile  none       # default   Base name of nwchem output files (.out and .movecs extensions) to read from



 geometry
   eprec 1.0e-06
   units atomic
   Be            0.00000000           0.00000000           0.03149544
   H             0.00000000           0.00000000           5.13375599
   H             0.00000000           0.00000000          -5.25973774
 end

Solving NDIM= 3  with thresh 1.000000e-04     k 7    conv 5.000000e-04 

timer:     Project vnuclear     0.50s     0.50s
constructed nuclear correlation factor of the form
    R   =  1.000000e+00
with eprec  1.000000e-06
which means it's (nearly) a conventional calculation

timer:        reproject ncf     1.44s     1.44s
timer:        guess density     0.38s     0.38s
timer:   guess Coulomb potn     0.38s     0.38s
timer:       guess lda potn     0.25s     0.25s
timer:        guess overlap     0.02s     0.02s
timer:    KEmat reconstruct     0.02s     0.02s
timer:  KEmat differentiate     0.26s     0.26s
timer:       KEmat compress     0.10s     0.10s
timer: KEmat inner products     0.20s     0.20s
timer:     guess Kinet potn     0.59s     0.59s
timer:           guess fock     0.55s     0.55s
timer:      guess eigen sol     0.04s     0.04s
timer: guess orbital groupi     0.13s     0.13s

starting protocol at time      6.1s 
precision steps  1.000000e-04  -->  1.000000e-04
protocol: thresh 1.000000e-04 econv  1.000000e-04 dconv 5.000000e-04

ending protocol at time      6.1s 

Solving NDIM= 3  with thresh 1.000000e-04     k 7    conv 5.000000e-04 

timer:        Boys localize     0.91s     0.91s
orbital irreps []
timer:      reconstruct psi     0.14s     0.14s
timer:        compute Jnemo     0.65s     0.65s
timer:        compute Knemo     1.90s     1.90s
timer: compute Unemo 0.0164     0.21s     0.21s

  nuclear and kinetic     -22.77453726
         kinetic only      15.07963620
              coulomb       8.90378849
             exchange      -3.17035703
    nuclear-repulsion       1.63614771
   regularized energy     -15.40495808
  buggy if hybrid functionals are used..
timer:       compute energy     3.15s     3.15s
Norm of vector changes ab spin case : rms 1.029091e-01    max 1.331844e-01
convergence: bshresidual, energy change, max energy change, density change 1.2e-01 1.5e+01 1.5e+01 1.4e+00
finished iteration  0 at time     17.7s with energy  -15.40495808
timer:        Boys localize     0.94s     0.94s
orbital irreps []
timer:      reconstruct psi     0.16s     0.16s
timer:        compute Jnemo     0.70s     0.70s
timer:        compute Knemo     1.83s     1.83s
timer: compute Unemo 0.0164     0.26s     0.26s

  nuclear and kinetic     -22.92713733
         kinetic only      14.97722747
              coulomb       8.91432365
             exchange      -3.09278066
    nuclear-repulsion       1.63614771
   regularized energy     -15.46944663
  buggy if hybrid functionals are used..
timer:       compute energy     3.36s     3.36s
Norm of vector changes ab spin case : rms 4.788554e-02    max 6.082407e-02
convergence: bshresidual, energy change, max energy change, density change 3.5e-02 6.4e-02 1.5e-01 1.8e-02
finished iteration  1 at time     29.7s with energy  -15.46944663
timer:        Boys localize     0.79s     0.79s
orbital irreps []
timer:      reconstruct psi     0.15s     0.15s
timer:        compute Jnemo     0.56s     0.56s
timer:        compute Knemo     1.71s     1.71s
timer: compute Unemo 0.0164     0.16s     0.16s

  nuclear and kinetic     -23.02760156
         kinetic only      14.97529900
              coulomb       8.97948804
             exchange      -3.06757807
    nuclear-repulsion       1.63614771
   regularized energy     -15.47954388
  buggy if hybrid functionals are used..
timer:       compute energy     3.44s     3.44s
Norm of vector changes ab spin case : rms 1.362253e-02    max 1.794303e-02
convergence: bshresidual, energy change, max energy change, density change 7.9e-03 1.0e-02 1.0e-01 5.0e-03
finished iteration  2 at time     41.6s with energy  -15.47954388
timer:        Boys localize     0.95s     0.95s
orbital irreps []
timer:      reconstruct psi     0.18s     0.18s
timer:        compute Jnemo     0.69s     0.69s
timer:        compute Knemo     1.92s     1.92s
timer: compute Unemo 0.0164     0.18s     0.18s

  nuclear and kinetic     -23.06708264
         kinetic only      14.98022827
              coulomb       9.01299352
             exchange      -3.06270587
    nuclear-repulsion       1.63614771
   regularized energy     -15.48064728
  buggy if hybrid functionals are used..
timer:       compute energy     3.62s     3.62s
Norm of vector changes ab spin case : rms 5.455319e-03    max 7.396873e-03
convergence: bshresidual, energy change, max energy change, density change 2.6e-03 1.1e-03 3.9e-02 1.3e-03
finished iteration  3 at time     54.4s with energy  -15.48064728
timer:        Boys localize     0.85s     0.85s
orbital irreps []
timer:      reconstruct psi     0.11s     0.11s
timer:        compute Jnemo     0.73s     0.73s
timer:        compute Knemo     1.67s     1.67s
timer: compute Unemo 0.0164     0.19s     0.19s

  nuclear and kinetic     -23.08026631
         kinetic only      14.98143367
              coulomb       9.02507879
             exchange      -3.06177022
    nuclear-repulsion       1.63614771
   regularized energy     -15.48081002
  buggy if hybrid functionals are used..
timer:       compute energy     3.67s     3.67s
Norm of vector changes ab spin case : rms 1.442068e-03    max 1.826178e-03
convergence: bshresidual, energy change, max energy change, density change 7.7e-04 1.6e-04 1.3e-02 2.6e-04
finished iteration  4 at time     67.2s with energy  -15.48081002
timer:        Boys localize     0.89s     0.89s
orbital irreps []
timer:      reconstruct psi     0.17s     0.17s
timer:        compute Jnemo     0.66s     0.66s
timer:        compute Knemo     1.69s     1.69s
timer: compute Unemo 0.0164     0.26s     0.26s

  nuclear and kinetic     -23.08091458
         kinetic only      14.98070311
              coulomb       9.02569681
             exchange      -3.06175613
    nuclear-repulsion       1.63614771
   regularized energy     -15.48082618
  buggy if hybrid functionals are used..
timer:       compute energy     3.28s     3.28s
Norm of vector changes ab spin case : rms 2.402049e-03    max 3.145103e-03
convergence: bshresidual, energy change, max energy change, density change 5.6e-04 1.6e-05 7.3e-04 3.4e-04
finished iteration  5 at time     79.9s with energy  -15.48082618
timer:        Boys localize     0.85s     0.85s
orbital irreps []
timer:      reconstruct psi     0.14s     0.14s
timer:        compute Jnemo     0.59s     0.59s
timer:        compute Knemo     1.77s     1.77s
timer: compute Unemo 0.0164     0.18s     0.18s

  nuclear and kinetic     -23.07963418
         kinetic only      14.97916596
              coulomb       9.02475933
             exchange      -3.06210883
    nuclear-repulsion       1.63614771
   regularized energy     -15.48083597
  buggy if hybrid functionals are used..
timer:       compute energy     3.42s     3.42s
Norm of vector changes ab spin case : rms 2.996619e-04    max 3.804068e-04
convergence: bshresidual, energy change, max energy change, density change 3.5e-04 9.8e-06 1.5e-03 9.5e-05
finished iteration  6 at time     92.9s with energy  -15.48083597

Iterations converged


ending protocol at time     92.9s 

 Dipole Moment (a.u.)
 -----------

     x:  -8.620036e-14
     y:  -5.040991e-14
     z:  8.465424e-02
 Total Dipole Moment:  8.465424e-02 

timer:               dipole     0.04s     0.04s
Nemo Orbital Energies: [*]  -4.88016569  -0.35302041  -0.34398050

nemo energy:  -1.548084e+01
 at time 93.4
PNO Integrals evaluated as:
pnoint
       rank_increase  15         # default   maximum rank to increase in every macroiteration
               chunk  100        # default   chunk of functions operated on in parallel when G or K is applied (prevent memory shortage)
               debug  false      # default   debug mode
              freeze  1          # derived   frozen core approximation
             maxrank  4          # defined   maximal pno rank for all pairs
           guesstype  exop       # derived   the guesstype: exop (recommended, multiply polynomial excitation operators onto the occupied orbitals), empty (don't compute a guess), scf (use the ao basis from the SCF solver), partial_wave (create s,p,d ..., type functions and place on atoms), predefined (same as partial_wave but for predefined sets)
                exop  multipole  # derived   this string defines which excitation operators can be used, use 'dipole', 'dipole+', 'quadrupole', 'ocopole', or 'multipole', need to set guesstype to 'exop' which is the default
          exop_trigo  true       # default   use trigonometric excitation operators ( x --> sin(x)
        partial_wave             # default   atom centered partial wave guess of format like 'h-2s1p-o-3s2p1d', need to set guesstype to 'partial_wave' and adaptive_solver to 'none'
          predefined             # default   predefined partial wave guesses of type pvxz with x=d,t,q,5,6, need to set guesstype to 'predefined' and adaptive_solver to 'none'
           maxiter_t  100        # default   maximal number of iterations in the amplitude solver
       maxiter_micro  10         # default   Maximum of iterations for every cycle in the adaptive solver
       maxiter_macro  10         # default   Maximum of iterations of cycles in the adaptive solver
                tpno  1.0000e-08 # default   PNO cutoff threshold
          tpno_tight  1.0000e-10 # derived   PNO cutoff for the first iteration
    canonicalize_pno  true       # default   canonicalize the pnos before the amplitude solver
              thresh  1.0000e-04 # defined   MRA threshold
         econv_micro  1.0000e-04 # derived   Energy convergence for microiterations (Greens function based optimization) in adaptive solver
         econv_pairs  1.0000e-05 # derived   ENergy convergence for individual pairs in adaptive solver. Converged pairs are frozen automatically
         econv_macro  1.0000e-04 # derived   Energy convergence for macroiterations in adaptive solver, no effect if adaptive_solver is deactivated
               dconv  1.0000e-01 # default   convergence of every PNO in the Green's function solver
           op_thresh  1.0000e-06 # default   MRA operator thresh
             restart  none       # derived   restart pairs of this type, use 'mp2', 'cispd', 'all' or 'none'
          no_compute  none       # default   do not compute the pairs of this type, use 'mp2', 'cispd', 'all' or 'none'
              no_opt  none       # default   do not optimize the pnos of this type, use 'mp2', 'cispd', 'all' or 'none'
            no_guess  none       # derived   guess for this type will be empty, use 'mp2', 'cispd', 'all' or 'none'
     adaptive_solver  all        # default   Use adaptive solver for those pairs, use 'mp2', 'cispd', 'all' or 'none', works only in combination with guesstype 'exop'
                kain  true       # default   use KAIN solver in amplitude solver
       kain_subspace  5          # default   subspace size of the KAIN solver (amplitudes)
                 f12  false      # defined   use explicit correlation
        cispd_number  -1         # default   CIS(D) excitation numbers, to read in correct functions
        cispd_energy  0.0000e+00 # default   CIS energy
        freeze_pairs  none       # default   frozen pairs will not be optimized: Expected format 'a b c d' will freeze pairs ab and cd
freeze_pairs_of_orbital  []         # default    All pairs which originate from this orbital will not be optimized
active_pairs_of_orbital  []         # default    All pairs which originate from this orbital will not be frozen all other pairs will, if this vector is not empty
no_opt_in_first_iteration  false      # default   Do not optimize in the first iteration (then the potentials do not have to be evaluated, use this for large guesses)
            exchange  full       # default   approximate exchange with 'neglect' or xc functional -> same syntax as moldft
           save_pnos  true       # default   Save the OBS-PNOs to a file, before and after orthonormalization.
            diagonal  true       # defined   Compute only diagonal PNOs
              orthog  symmetric  # defined   orthogonalization method for PNO basis, also current default for a potential CABS. options: symmetric, canonical, cholesky, rr_cholesky,
         orthog_cabs  default    # default   orthogonalization method for CABS basis. options: symmetric, canonical, cholesky, rr_cholesky, uses same as orbitals basis if default.
               n_pno  8          # defined   desired size of PNO-basis (orbital space)
         cabs_option  none       # default   type of complementary auxiliary basis to be used. can be none ~ no CABS, gbs ~ Gaussian basis set as CABS, requires input via auxbas_file, pno ~ use superfluous PNOs as CABS, mixed ~ gbs&pno-option
       pno_cabs_size  -1         # default   size of a potential pno-cabs. defaults to -1 ~ all remaining PNOs, if pno-cabs or mixed-cabs
           only_diag  false      # default   use only diagonal elements PNOs
         cherry_pick  []         # default   cherry pick option to choose particular set of PNOs, not just blindly by occupation number. can be useful, if only a restricted number of PNOs can be used, to avoid separating degenerate pairs. can be envoked by passing a vector via [ elem1, elem2, ... ]
               gamma  1.4000e+00 # default   The f12 length scale, here to be used to compute f12-integrals
         cabs_thresh  1.0000e-04 # derived    thresh for cabs part
              auxbas  none       # default   atom centered partial wave guess of format like 'h-2s1p-o-3s2p1d'
         auxbas_file  none       # default   Use external comp. aux. basis in addition to the pnos as auxbasis. Give the filename as parameter. Give the auxbas in turbomole format. Don't use contractions. If a file is specified the auxbas parameter has no effect
   print_pno_overlap  true       # default   Print overlap matrix at certain steps in computation, for debugging purposes.
              n_virt  0          # defined   Compute this number of virtuals and include them in the integral construction, experimental and not robust!.
      hardcore_boson  false      # default   compute only integrals for hardcore boson hamiltonian (restricted to double occupations)

end
F12 Operators initialized right
timer:                    Testing F12 Operators     0.70s     0.70s 
timer:  Initializing (active) Exchange Orbitals     1.84s     1.84s 
Size of active mos and their exchange potentials:
K(acmos)=3.230214e-03 Gbyte
acmos   =2.616882e-03 Gbyte
PNO Parameters
pno
       rank_increase  15         # default   maximum rank to increase in every macroiteration
               chunk  100        # default   chunk of functions operated on in parallel when G or K is applied (prevent memory shortage)
               debug  false      # default   debug mode
              freeze  1          # derived   frozen core approximation
             maxrank  4          # defined   maximal pno rank for all pairs
           guesstype  exop       # derived   the guesstype: exop (recommended, multiply polynomial excitation operators onto the occupied orbitals), empty (don't compute a guess), scf (use the ao basis from the SCF solver), partial_wave (create s,p,d ..., type functions and place on atoms), predefined (same as partial_wave but for predefined sets)
                exop  multipole  # derived   this string defines which excitation operators can be used, use 'dipole', 'dipole+', 'quadrupole', 'ocopole', or 'multipole', need to set guesstype to 'exop' which is the default
          exop_trigo  true       # default   use trigonometric excitation operators ( x --> sin(x)
        partial_wave             # default   atom centered partial wave guess of format like 'h-2s1p-o-3s2p1d', need to set guesstype to 'partial_wave' and adaptive_solver to 'none'
          predefined             # default   predefined partial wave guesses of type pvxz with x=d,t,q,5,6, need to set guesstype to 'predefined' and adaptive_solver to 'none'
           maxiter_t  100        # default   maximal number of iterations in the amplitude solver
       maxiter_micro  10         # default   Maximum of iterations for every cycle in the adaptive solver
       maxiter_macro  10         # default   Maximum of iterations of cycles in the adaptive solver
                tpno  1.0000e-08 # default   PNO cutoff threshold
          tpno_tight  1.0000e-10 # derived   PNO cutoff for the first iteration
    canonicalize_pno  true       # default   canonicalize the pnos before the amplitude solver
              thresh  1.0000e-04 # defined   MRA threshold
         econv_micro  1.0000e-04 # derived   Energy convergence for microiterations (Greens function based optimization) in adaptive solver
         econv_pairs  1.0000e-05 # derived   ENergy convergence for individual pairs in adaptive solver. Converged pairs are frozen automatically
         econv_macro  1.0000e-04 # derived   Energy convergence for macroiterations in adaptive solver, no effect if adaptive_solver is deactivated
               dconv  1.0000e-01 # default   convergence of every PNO in the Green's function solver
           op_thresh  1.0000e-06 # default   MRA operator thresh
             restart  none       # derived   restart pairs of this type, use 'mp2', 'cispd', 'all' or 'none'
          no_compute  none       # default   do not compute the pairs of this type, use 'mp2', 'cispd', 'all' or 'none'
              no_opt  none       # default   do not optimize the pnos of this type, use 'mp2', 'cispd', 'all' or 'none'
            no_guess  none       # derived   guess for this type will be empty, use 'mp2', 'cispd', 'all' or 'none'
     adaptive_solver  all        # default   Use adaptive solver for those pairs, use 'mp2', 'cispd', 'all' or 'none', works only in combination with guesstype 'exop'
                kain  true       # default   use KAIN solver in amplitude solver
       kain_subspace  5          # default   subspace size of the KAIN solver (amplitudes)
                 f12  false      # defined   use explicit correlation
        cispd_number  -1         # default   CIS(D) excitation numbers, to read in correct functions
        cispd_energy  0.0000e+00 # default   CIS energy
        freeze_pairs  none       # default   frozen pairs will not be optimized: Expected format 'a b c d' will freeze pairs ab and cd
freeze_pairs_of_orbital  []         # default    All pairs which originate from this orbital will not be optimized
active_pairs_of_orbital  []         # default    All pairs which originate from this orbital will not be frozen all other pairs will, if this vector is not empty
no_opt_in_first_iteration  false      # default   Do not optimize in the first iteration (then the potentials do not have to be evaluated, use this for large guesses)
            exchange  full       # default   approximate exchange with 'neglect' or xc functional -> same syntax as moldft
           save_pnos  true       # default   Save the OBS-PNOs to a file, before and after orthonormalization.
            diagonal  true       # defined   Compute only diagonal PNOs

end

**********************
Solve PNO-MP2
*********************


**********************
Iterate Pairs
*********************


************************
Adaptive Solver
***********************

Initializing empty Pairs:
no guess was explicitly demanded for mp2

timer:                                     RRCD     0.00s     0.00s 
timer:                             MRA compress     0.00s     0.00s 
timer:                          Transform Pairs     0.00s     0.00s 
timer:          apply Q and orthonormalize PNOs     0.00s     0.00s 
Created Guess:
pair11 with 0 guess functions
pair21 with 0 guess functions
pair22 with 0 guess functions
guess pair11 size: 0.0000000000e+00 | 0.0000000000e+00 Gbyte (after truncation)
guess pair22 size: 0.0000000000e+00 | 0.0000000000e+00 Gbyte (after truncation)
timer:                           truncate guess     0.00s     0.00s 
timer:                         Initialize Pairs     0.00s     0.00s 
Keyword multipole is not known
Guess protocol for adaptively growing ranks is: [dipole+, quadrupole, big_fock_3, big_fock_3, big_fock_3, big_fock_3, big_fock_3, big_fock_3, big_fock_3, big_fock_3]


--------Adaptive Solver Macroiteration 0 from max 10 ----------

Growing ranks with exop=dipole+
Create guess functions by multiplying plane-waves to 1 functions 
Created 4 virtuals for pair11
pair21 is frozen: no growing
Create guess functions by multiplying plane-waves to 1 functions 
Created 4 virtuals for pair22
frozen pair: no orthonormalization
timer:                                     RRCD     0.01s     0.01s 
timer:                             MRA compress     0.00s     0.00s 
timer:                          Transform Pairs     0.15s     0.15s 
timer:                        grow PNO subspace     1.75s     1.75s 
SolveInternal: Parameters are assigned as
no_compute        = false
no_opt            = false
restart           = false
do_cispd          = false
econv             =1.0000000000e-04
maxrank (min,max) = (4,4)
Solving MP2 doubles
timer:          fock matrix     2.49s     2.49s
Information About All Pairs:
mp2_pair11           number=0 rank=  4 frozen=false
mp2_pair21           number=1 rank=  0 frozen=true
mp2_pair22           number=2 rank=  4 frozen=false
number of pairs=3
average rank   =2 (2.6666666667e+00)
largest rank   =4
PNOPairs Memory Information
Total: 0.0098133087 GB 
PNO  : 0.0098133087 GB 
KPNO : 0.0000000000 GB 
W    : 0.0000000000 GB 

timer:                                 truncate     0.03s     0.03s 
wall time=105.5332140923 chunk=8 allK.size()=8 memory=0.0099768639 GB
timer:                             compute KPNO     3.66s     3.66s 
wall time=105.6592440605 chunk=8 allJ.size()=8 memory=0.0112853050 GB
timer:                             compute JPNO     0.13s     0.13s 
timer:                    compute Fock matrices     1.14s     1.14s 
timer:                             MRA compress     0.00s     0.00s 
timer:                          Transform Pairs     0.25s     0.25s 
timer:                             Canonicalize     0.25s     0.25s 
PNOPairs Memory Information
Total: 0.0193812847 GB 
PNO  : 0.0097315311 GB 
KPNO : 0.0096497536 GB 
W    : 0.0000000000 GB 

timer:                                 truncate     0.05s     0.05s 
mp2_pair21 is frozen: potential not computed
timer:                   Fluctuation Potentials     1.82s     1.82s 
timer:                       Fluctuation Matrix     0.13s     0.13s 
PNOPairs Memory Information
Total: 0.0331199169 GB 
PNO  : 0.0097315311 GB 
KPNO : 0.0096497536 GB 
W    : 0.0137386322 GB 

PNOPairs Memory Information
Total: 0.0331199169 GB 
PNO  : 0.0097315311 GB 
KPNO : 0.0096497536 GB 
W    : 0.0137386322 GB 

timer:                                 truncate     0.04s     0.04s 
timer:                             PNO Overlaps     0.09s     0.09s 
t_iter =  0  Hylleraas energy =  0.0000000000  ||R||_F =  0.1538098900  conv =  no
subspace solution [*]   1.00000000

t_iter =  1  Hylleraas energy =  -0.0329246659  ||R||_F =  0.0000000402  conv =  yes
=======================================================

Hylleraas MP2 Energies

=======================================================
    i    j      singlet      triplet        Total
=======================================================
    1    1  -1.61037e-02  0.00000e+00 -1.61037e-02
    2    1   0.00000e+00  0.00000e+00  0.00000e+00
    2    2  -1.68210e-02  0.00000e+00 -1.68210e-02
=======================================================
Hylleraas MP2 Energies (singlet): -3.29247e-02
Hylleraas MP2 Energies (triplet):  0.00000e+00
Hylleraas MP2 Energies (total)  : -3.29247e-02
=======================================================
-------------------------------------------
Total Reg Energy  =-3.29247e-02
Total F12 Energy  = 0.00000e+00
Sum Energies Total=-3.29247e-02
-------------------------------------------
timer:                         Solve Amplitudes     0.00s     0.00s 
No optimization untill now: Compressing pno ranks with tighter threshold
1.00000e-10 instead of 1.00000e-08
pair11: density evals:
 [*]   0.00251584   0.00328604   0.00328604   0.03752303

pair22: density evals:
 [*]   0.00248754   0.00321385   0.00321385   0.04195386

timer:                            compress PNOs     0.00s     0.00s 
timer:                             MRA compress     0.00s     0.00s 
timer:                          Transform Pairs     0.47s     0.47s 
timer:                          PNO Compression     0.47s     0.47s 
Information About All Pairs:
mp2_pair11           number=0 rank=  4 frozen=false
mp2_pair21           number=1 rank=  0 frozen=true
mp2_pair22           number=2 rank=  4 frozen=false
number of pairs=3
average rank   =2 (2.66667e+00)
largest rank   =4
saving vector of functions mp2_pair11
saving vector of functions mp2_pair22
timer:                        save pnos on disc     0.16s     0.16s 
PNOPairs Memory Information
Total: 0.03238 GB 
PNO  : 0.00957 GB 
KPNO : 0.00940 GB 
W    : 0.01341 GB 

timer:                                 truncate     0.06s     0.06s 
timer:      compute densities for G application     0.00s     0.00s 
pair21 is frozen: no optimization
timer:                Prepare for G application     0.35s     0.35s 
timer:                                    add K     0.03s     0.03s 
size of all Vpsi potentials (without Vnuc and J) 0.01169 GB 
time=110.86579 chunk=8 Vpsi+Vnuc+J=0.03410 GB
time=110.90038 chunk=8 Vpsi+Vnuc+J=0.03353 GB (after truncation)
timer:                           Apply G to all     2.48s     2.48s 
timer:                       apply Q and update     0.00s     0.00s 
mp2_pair11 residual norms:
[0.47065, 0.35498, 0.35498, 0.37312]
mp2_pair11 scaled residual norms:
[0.02361, 0.02035, 0.02035, 0.07228]
mp2_pair22 residual norms:
[0.46727, 0.35529, 0.35529, 0.36881]
mp2_pair22 scaled residual norms:
[0.02331, 0.02014, 0.02014, 0.07554]
timer:                          update all PNOs     2.86s     2.86s 
frozen pair: no orthonormalization
timer:                                     RRCD     0.06s     0.06s 
timer:                             MRA compress     0.00s     0.00s 
timer:                          Transform Pairs     0.13s     0.13s 
saving vector of functions mp2_pair11
saving vector of functions mp2_pair22
timer:                        save pnos on disc     0.18s     0.18s 


No convergence yet. Energy change = 0.03292

timer:                        Whole Iteration 1    11.32s    11.32s 
Information About All Pairs:
mp2_pair11           number=0 rank=  4 frozen=false
mp2_pair21           number=1 rank=  0 frozen=true
mp2_pair22           number=2 rank=  4 frozen=false
number of pairs=3
average rank   =2 (2.66667)
largest rank   =4
PNOPairs Memory Information
Total: 0.00973 GB 
PNO  : 0.00973 GB 
KPNO : 0.00000 GB 
W    : 0.00000 GB 

timer:                                 truncate     0.04s     0.04s 
wall time=116.65782 chunk=8 allK.size()=8 memory=0.00891 GB
timer:                             compute KPNO     3.45s     3.45s 
wall time=116.77946 chunk=8 allJ.size()=8 memory=0.01079 GB
timer:                             compute JPNO     0.12s     0.12s 
timer:                    compute Fock matrices     1.16s     1.16s 
timer:                             MRA compress     0.00s     0.00s 
timer:                          Transform Pairs     0.22s     0.22s 
timer:                             Canonicalize     0.23s     0.23s 
PNOPairs Memory Information
Total: 0.01914 GB 
PNO  : 0.00998 GB 
KPNO : 0.00916 GB 
W    : 0.00000 GB 

timer:                                 truncate     0.04s     0.04s 
mp2_pair21 is frozen: potential not computed
timer:                   Fluctuation Potentials     1.94s     1.94s 
timer:                       Fluctuation Matrix     0.12s     0.12s 
PNOPairs Memory Information
Total: 0.03271 GB 
PNO  : 0.00998 GB 
KPNO : 0.00916 GB 
W    : 0.01358 GB 

PNOPairs Memory Information
Total: 0.03271 GB 
PNO  : 0.00998 GB 
KPNO : 0.00916 GB 
W    : 0.01358 GB 

timer:                                 truncate     0.07s     0.07s 
timer:                             PNO Overlaps     0.05s     0.05s 
t_iter =  0  Hylleraas energy =  0.00000  ||R||_F =  0.21903  conv =  no
subspace solution [*]   1.00000000

t_iter =  1  Hylleraas energy =  -0.05943  ||R||_F =  0.00000  conv =  yes
=======================================================

Hylleraas MP2 Energies

=======================================================
    i    j      singlet      triplet        Total
=======================================================
    1    1  -2.91341e-02  0.00000e+00 -2.91341e-02
    2    1   0.00000e+00  0.00000e+00  0.00000e+00
    2    2  -3.02968e-02  0.00000e+00 -3.02968e-02
=======================================================
Hylleraas MP2 Energies (singlet): -5.94309e-02
Hylleraas MP2 Energies (triplet):  0.00000e+00
Hylleraas MP2 Energies (total)  : -5.94309e-02
=======================================================
-------------------------------------------
Total Reg Energy  =-5.94309e-02
Total F12 Energy  = 0.00000e+00
Sum Energies Total=-5.94309e-02
-------------------------------------------
timer:                         Solve Amplitudes     0.00s     0.00s 
pair11: density evals:
 [*]   0.00375923   0.00392734   0.00392734   0.06502637

pair22: density evals:
 [*]   0.00368701   0.00383019   0.00383019   0.07272236

timer:                            compress PNOs     0.00s     0.00s 
timer:                             MRA compress     0.00s     0.00s 
timer:                          Transform Pairs     0.49s     0.49s 
timer:                          PNO Compression     0.49s     0.49s 
Information About All Pairs:
mp2_pair11           number=0 rank=  4 frozen=false
mp2_pair21           number=1 rank=  0 frozen=true
mp2_pair22           number=2 rank=  4 frozen=false
number of pairs=3
average rank   =2 (2.66667e+00)
largest rank   =4
saving vector of functions mp2_pair11
saving vector of functions mp2_pair22
timer:                        save pnos on disc     0.18s     0.18s 
PNOPairs Memory Information
Total: 0.03222 GB 
PNO  : 0.00981 GB 
KPNO : 0.00900 GB 
W    : 0.01341 GB 

timer:                                 truncate     0.04s     0.04s 
timer:      compute densities for G application     0.00s     0.00s 
pair21 is frozen: no optimization
timer:                Prepare for G application     0.30s     0.30s 
timer:                                    add K     0.02s     0.02s 
size of all Vpsi potentials (without Vnuc and J) 0.01374 GB 
time=122.01746 chunk=8 Vpsi+Vnuc+J=0.03247 GB
time=122.06449 chunk=8 Vpsi+Vnuc+J=0.03116 GB (after truncation)
timer:                           Apply G to all     2.56s     2.56s 
timer:                       apply Q and update     0.00s     0.00s 
mp2_pair11 residual norms:
[0.11816, 0.08659, 0.08659, 0.09752]
mp2_pair11 scaled residual norms:
[0.00724, 0.00543, 0.00543, 0.02487]
mp2_pair22 residual norms:
[0.12005, 0.08754, 0.08754, 0.09455]
mp2_pair22 scaled residual norms:
[0.00729, 0.00542, 0.00542, 0.02550]
timer:                          update all PNOs     2.89s     2.89s 
frozen pair: no orthonormalization
timer:                                     RRCD     0.02s     0.02s 
timer:                             MRA compress     0.00s     0.00s 
timer:                          Transform Pairs     0.12s     0.12s 
saving vector of functions mp2_pair11
saving vector of functions mp2_pair22
timer:                        save pnos on disc     0.15s     0.15s 


No convergence yet. Energy change = 0.02651

timer:                        Whole Iteration 2    11.18s    11.18s 
Information About All Pairs:
mp2_pair11           number=0 rank=  4 frozen=false
mp2_pair21           number=1 rank=  0 frozen=true
mp2_pair22           number=2 rank=  4 frozen=false
number of pairs=3
average rank   =2 (2.66667)
largest rank   =4
PNOPairs Memory Information
Total: 0.00965 GB 
PNO  : 0.00965 GB 
KPNO : 0.00000 GB 
W    : 0.00000 GB 

timer:                                 truncate     0.05s     0.05s 
wall time=127.82155 chunk=8 allK.size()=8 memory=0.00965 GB
timer:                             compute KPNO     3.42s     3.42s 
wall time=127.95936 chunk=8 allJ.size()=8 memory=0.01096 GB
timer:                             compute JPNO     0.14s     0.14s 
timer:                    compute Fock matrices     1.21s     1.21s 
timer:                             MRA compress     0.00s     0.00s 
timer:                          Transform Pairs     0.21s     0.21s 
timer:                             Canonicalize     0.22s     0.22s 
PNOPairs Memory Information
Total: 0.01922 GB 
PNO  : 0.00965 GB 
KPNO : 0.00957 GB 
W    : 0.00000 GB 

timer:                                 truncate     0.03s     0.03s 
mp2_pair21 is frozen: potential not computed
timer:                   Fluctuation Potentials     1.81s     1.81s 
timer:                       Fluctuation Matrix     0.11s     0.11s 
PNOPairs Memory Information
Total: 0.03296 GB 
PNO  : 0.00965 GB 
KPNO : 0.00957 GB 
W    : 0.01374 GB 

PNOPairs Memory Information
Total: 0.03296 GB 
PNO  : 0.00965 GB 
KPNO : 0.00957 GB 
W    : 0.01374 GB 

timer:                                 truncate     0.05s     0.05s 
timer:                             PNO Overlaps     0.04s     0.04s 
t_iter =  0  Hylleraas energy =  0.00000  ||R||_F =  0.23325  conv =  no
subspace solution [*]   1.00000000

t_iter =  1  Hylleraas energy =  -0.06284  ||R||_F =  0.00000  conv =  yes
=======================================================

Hylleraas MP2 Energies

=======================================================
    i    j      singlet      triplet        Total
=======================================================
    1    1  -3.08193e-02  0.00000e+00 -3.08193e-02
    2    1   0.00000e+00  0.00000e+00  0.00000e+00
    2    2  -3.20171e-02  0.00000e+00 -3.20171e-02
=======================================================
Hylleraas MP2 Energies (singlet): -6.28364e-02
Hylleraas MP2 Energies (triplet):  0.00000e+00
Hylleraas MP2 Energies (total)  : -6.28364e-02
=======================================================
-------------------------------------------
Total Reg Energy  =-6.28364e-02
Total F12 Energy  = 0.00000e+00
Sum Energies Total=-6.28364e-02
-------------------------------------------
timer:                         Solve Amplitudes     0.00s     0.00s 
pair11: density evals:
 [*]   0.00359223   0.00375418   0.00375418   0.06443757

pair22: density evals:
 [*]   0.00352622   0.00365593   0.00365593   0.07215567

timer:                            compress PNOs     0.00s     0.00s 
timer:                             MRA compress     0.00s     0.00s 
timer:                          Transform Pairs     0.33s     0.33s 
timer:                          PNO Compression     0.33s     0.33s 
Information About All Pairs:
mp2_pair11           number=0 rank=  4 frozen=false
mp2_pair21           number=1 rank=  0 frozen=true
mp2_pair22           number=2 rank=  4 frozen=false
number of pairs=3
average rank   =2 (2.66667e+00)
largest rank   =4
saving vector of functions mp2_pair11
saving vector of functions mp2_pair22
timer:                        save pnos on disc     0.18s     0.18s 
PNOPairs Memory Information
Total: 0.03296 GB 
PNO  : 0.00965 GB 
KPNO : 0.00957 GB 
W    : 0.01374 GB 

timer:                                 truncate     0.04s     0.04s 
timer:      compute densities for G application     0.00s     0.00s 
pair21 is frozen: no optimization
timer:                Prepare for G application     0.40s     0.40s 
timer:                                    add K     0.04s     0.04s 
size of all Vpsi potentials (without Vnuc and J) 0.01431 GB 
time=133.13646 chunk=8 Vpsi+Vnuc+J=0.03353 GB
time=133.18077 chunk=8 Vpsi+Vnuc+J=0.03206 GB (after truncation)
timer:                           Apply G to all     2.67s     2.67s 
timer:                       apply Q and update     0.00s     0.00s 
mp2_pair11 residual norms:
[0.05843, 0.03269, 0.03269, 0.04155]
mp2_pair11 scaled residual norms:
[0.00350, 0.00200, 0.00200, 0.01055]
mp2_pair22 residual norms:
[0.06119, 0.03474, 0.03474, 0.04007]
mp2_pair22 scaled residual norms:
[0.00363, 0.00210, 0.00210, 0.01076]
timer:                          update all PNOs     3.12s     3.12s 
frozen pair: no orthonormalization
timer:                                     RRCD     0.04s     0.04s 
timer:                             MRA compress     0.00s     0.00s 
timer:                          Transform Pairs     0.19s     0.19s 
saving vector of functions mp2_pair11
saving vector of functions mp2_pair22
timer:                        save pnos on disc     0.16s     0.16s 


No convergence yet. Energy change = 0.00341

timer:                        Whole Iteration 3    11.20s    11.20s 
Information About All Pairs:
mp2_pair11           number=0 rank=  4 frozen=false
mp2_pair21           number=1 rank=  0 frozen=true
mp2_pair22           number=2 rank=  4 frozen=false
number of pairs=3
average rank   =2 (2.66667)
largest rank   =4
PNOPairs Memory Information
Total: 0.01006 GB 
PNO  : 0.01006 GB 
KPNO : 0.00000 GB 
W    : 0.00000 GB 

timer:                                 truncate     0.07s     0.07s 
wall time=138.91785 chunk=8 allK.size()=8 memory=0.00981 GB
timer:                             compute KPNO     3.30s     3.30s 
wall time=139.11133 chunk=8 allJ.size()=8 memory=0.01112 GB
timer:                             compute JPNO     0.19s     0.19s 
timer:                    compute Fock matrices     1.24s     1.24s 
timer:                             MRA compress     0.00s     0.00s 
timer:                          Transform Pairs     0.23s     0.23s 
timer:                             Canonicalize     0.26s     0.26s 
PNOPairs Memory Information
Total: 0.01979 GB 
PNO  : 0.00998 GB 
KPNO : 0.00981 GB 
W    : 0.00000 GB 

timer:                                 truncate     0.03s     0.03s 
mp2_pair21 is frozen: potential not computed
timer:                   Fluctuation Potentials     1.94s     1.94s 
timer:                       Fluctuation Matrix     0.21s     0.21s 
PNOPairs Memory Information
Total: 0.03353 GB 
PNO  : 0.00998 GB 
KPNO : 0.00981 GB 
W    : 0.01374 GB 

PNOPairs Memory Information
Total: 0.03353 GB 
PNO  : 0.00998 GB 
KPNO : 0.00981 GB 
W    : 0.01374 GB 

timer:                                 truncate     0.04s     0.04s 
timer:                             PNO Overlaps     0.07s     0.07s 
t_iter =  0  Hylleraas energy =  0.00000  ||R||_F =  0.23864  conv =  no
subspace solution [*]   1.00000000

t_iter =  1  Hylleraas energy =  -0.06352  ||R||_F =  0.00000  conv =  yes
=======================================================

Hylleraas MP2 Energies

=======================================================
    i    j      singlet      triplet        Total
=======================================================
    1    1  -3.11570e-02  0.00000e+00 -3.11570e-02
    2    1   0.00000e+00  0.00000e+00  0.00000e+00
    2    2  -3.23652e-02  0.00000e+00 -3.23652e-02
=======================================================
Hylleraas MP2 Energies (singlet): -6.35222e-02
Hylleraas MP2 Energies (triplet):  0.00000e+00
Hylleraas MP2 Energies (total)  : -6.35222e-02
=======================================================
-------------------------------------------
Total Reg Energy  =-6.35222e-02
Total F12 Energy  = 0.00000e+00
Sum Energies Total=-6.35222e-02
-------------------------------------------
timer:                         Solve Amplitudes     0.00s     0.00s 
pair11: density evals:
 [*]   0.00346950   0.00365657   0.00365657   0.06297846

pair22: density evals:
 [*]   0.00340737   0.00355492   0.00355492   0.07060327

timer:                            compress PNOs     0.00s     0.00s 
timer:                             MRA compress     0.00s     0.00s 
timer:                          Transform Pairs     0.40s     0.40s 
timer:                          PNO Compression     0.40s     0.40s 
Information About All Pairs:
mp2_pair11           number=0 rank=  4 frozen=false
mp2_pair21           number=1 rank=  0 frozen=true
mp2_pair22           number=2 rank=  4 frozen=false
number of pairs=3
average rank   =2 (2.66667e+00)
largest rank   =4
saving vector of functions mp2_pair11
saving vector of functions mp2_pair22
timer:                        save pnos on disc     0.17s     0.17s 
PNOPairs Memory Information
Total: 0.03353 GB 
PNO  : 0.00998 GB 
KPNO : 0.00981 GB 
W    : 0.01374 GB 

timer:                                 truncate     0.05s     0.05s 
timer:      compute densities for G application     0.00s     0.00s 
pair21 is frozen: no optimization
timer:                Prepare for G application     0.37s     0.37s 
timer:                                    add K     0.03s     0.03s 
size of all Vpsi potentials (without Vnuc and J) 0.01431 GB 
time=144.59208 chunk=8 Vpsi+Vnuc+J=0.03345 GB
time=144.66397 chunk=8 Vpsi+Vnuc+J=0.03181 GB (after truncation)
timer:                           Apply G to all     2.73s     2.73s 
timer:                       apply Q and update     0.00s     0.00s 
mp2_pair11 residual norms:
[0.03655, 0.01625, 0.01625, 0.01962]
mp2_pair11 scaled residual norms:
[0.00215, 0.00098, 0.00098, 0.00492]
mp2_pair22 residual norms:
[0.03897, 0.01846, 0.01846, 0.01892]
mp2_pair22 scaled residual norms:
[0.00228, 0.00110, 0.00110, 0.00503]
timer:                          update all PNOs     3.14s     3.14s 
frozen pair: no orthonormalization
timer:                                     RRCD     0.07s     0.07s 
timer:                             MRA compress     0.00s     0.00s 
timer:                          Transform Pairs     0.14s     0.14s 
saving vector of functions mp2_pair11
saving vector of functions mp2_pair22
timer:                        save pnos on disc     0.16s     0.16s 


No convergence yet. Energy change = 0.00069

timer:                        Whole Iteration 4    11.50s    11.50s 
Information About All Pairs:
mp2_pair11           number=0 rank=  4 frozen=false
mp2_pair21           number=1 rank=  0 frozen=true
mp2_pair22           number=2 rank=  4 frozen=false
number of pairs=3
average rank   =2 (2.66667)
largest rank   =4
PNOPairs Memory Information
Total: 0.01022 GB 
PNO  : 0.01022 GB 
KPNO : 0.00000 GB 
W    : 0.00000 GB 

timer:                                 truncate     0.05s     0.05s 
wall time=150.57734 chunk=8 allK.size()=8 memory=0.00990 GB
timer:                             compute KPNO     3.48s     3.48s 
wall time=150.73527 chunk=8 allJ.size()=8 memory=0.01120 GB
timer:                             compute JPNO     0.16s     0.16s 
timer:                    compute Fock matrices     1.19s     1.19s 
timer:                             MRA compress     0.00s     0.00s 
timer:                          Transform Pairs     0.31s     0.31s 
timer:                             Canonicalize     0.31s     0.31s 
PNOPairs Memory Information
Total: 0.02012 GB 
PNO  : 0.01022 GB 
KPNO : 0.00990 GB 
W    : 0.00000 GB 

timer:                                 truncate     0.03s     0.03s 
mp2_pair21 is frozen: potential not computed
timer:                   Fluctuation Potentials     1.84s     1.84s 
timer:                       Fluctuation Matrix     0.18s     0.18s 
PNOPairs Memory Information
Total: 0.03386 GB 
PNO  : 0.01022 GB 
KPNO : 0.00990 GB 
W    : 0.01374 GB 

PNOPairs Memory Information
Total: 0.03386 GB 
PNO  : 0.01022 GB 
KPNO : 0.00990 GB 
W    : 0.01374 GB 

timer:                                 truncate     0.08s     0.08s 
timer:                             PNO Overlaps     0.12s     0.12s 
t_iter =  0  Hylleraas energy =  0.00000  ||R||_F =  0.24111  conv =  no
subspace solution [*]   1.00000000

t_iter =  1  Hylleraas energy =  -0.06370  ||R||_F =  0.00000  conv =  yes
=======================================================

Hylleraas MP2 Energies

=======================================================
    i    j      singlet      triplet        Total
=======================================================
    1    1  -3.12417e-02  0.00000e+00 -3.12417e-02
    2    1   0.00000e+00  0.00000e+00  0.00000e+00
    2    2  -3.24545e-02  0.00000e+00 -3.24545e-02
=======================================================
Hylleraas MP2 Energies (singlet): -6.36962e-02
Hylleraas MP2 Energies (triplet):  0.00000e+00
Hylleraas MP2 Energies (total)  : -6.36962e-02
=======================================================
-------------------------------------------
Total Reg Energy  =-6.36962e-02
Total F12 Energy  = 0.00000e+00
Sum Energies Total=-6.36962e-02
-------------------------------------------
timer:                         Solve Amplitudes     0.00s     0.00s 
pair11: density evals:
 [*]   0.00339501   0.00360613   0.00360613   0.06211468

pair22: density evals:
 [*]   0.00333361   0.00350023   0.00350023   0.06968270

timer:                            compress PNOs     0.00s     0.00s 
timer:                             MRA compress     0.00s     0.00s 
timer:                          Transform Pairs     0.48s     0.48s 
timer:                          PNO Compression     0.48s     0.48s 
Information About All Pairs:
mp2_pair11           number=0 rank=  4 frozen=false
mp2_pair21           number=1 rank=  0 frozen=true
mp2_pair22           number=2 rank=  4 frozen=false
number of pairs=3
average rank   =2 (2.66667e+00)
largest rank   =4
saving vector of functions mp2_pair11
saving vector of functions mp2_pair22
timer:                        save pnos on disc     0.18s     0.18s 
PNOPairs Memory Information
Total: 0.03386 GB 
PNO  : 0.01022 GB 
KPNO : 0.00990 GB 
W    : 0.01374 GB 

timer:                                 truncate     0.08s     0.08s 
timer:      compute densities for G application     0.00s     0.00s 
pair21 is frozen: no optimization
timer:                Prepare for G application     0.43s     0.43s 
timer:                                    add K     0.01s     0.01s 
size of all Vpsi potentials (without Vnuc and J) 0.01407 GB 
time=156.24740 chunk=8 Vpsi+Vnuc+J=0.03402 GB
time=156.29293 chunk=8 Vpsi+Vnuc+J=0.03255 GB (after truncation)
timer:                           Apply G to all     2.61s     2.61s 
timer:                       apply Q and update     0.00s     0.00s 
mp2_pair11 residual norms:
[0.02398, 0.00977, 0.00977, 0.00964]
mp2_pair11 scaled residual norms:
[0.00140, 0.00059, 0.00059, 0.00240]
mp2_pair22 residual norms:
[0.02589, 0.01166, 0.01166, 0.00930]
mp2_pair22 scaled residual norms:
[0.00150, 0.00069, 0.00069, 0.00246]
timer:                          update all PNOs     3.08s     3.08s 
frozen pair: no orthonormalization
timer:                                     RRCD     0.07s     0.07s 
timer:                             MRA compress     0.00s     0.00s 
timer:                          Transform Pairs     0.06s     0.06s 
saving vector of functions mp2_pair11
saving vector of functions mp2_pair22
timer:                        save pnos on disc     0.24s     0.24s 


No convergence yet. Energy change = 0.00017

timer:                        Whole Iteration 5    11.65s    11.65s 
Information About All Pairs:
mp2_pair11           number=0 rank=  4 frozen=false
mp2_pair21           number=1 rank=  0 frozen=true
mp2_pair22           number=2 rank=  4 frozen=false
number of pairs=3
average rank   =2 (2.66667)
largest rank   =4
PNOPairs Memory Information
Total: 0.01030 GB 
PNO  : 0.01030 GB 
KPNO : 0.00000 GB 
W    : 0.00000 GB 

timer:                                 truncate     0.03s     0.03s 
wall time=162.27784 chunk=8 allK.size()=8 memory=0.00990 GB
timer:                             compute KPNO     3.55s     3.55s 
wall time=162.40349 chunk=8 allJ.size()=8 memory=0.01129 GB
timer:                             compute JPNO     0.13s     0.13s 
timer:                    compute Fock matrices     1.13s     1.13s 
timer:                             MRA compress     0.00s     0.00s 
timer:                          Transform Pairs     0.23s     0.23s 
timer:                             Canonicalize     0.23s     0.23s 
PNOPairs Memory Information
Total: 0.02020 GB 
PNO  : 0.01030 GB 
KPNO : 0.00990 GB 
W    : 0.00000 GB 

timer:                                 truncate     0.04s     0.04s 
mp2_pair21 is frozen: potential not computed
timer:                   Fluctuation Potentials     1.83s     1.83s 
timer:                       Fluctuation Matrix     0.14s     0.14s 
PNOPairs Memory Information
Total: 0.03394 GB 
PNO  : 0.01030 GB 
KPNO : 0.00990 GB 
W    : 0.01374 GB 

PNOPairs Memory Information
Total: 0.03394 GB 
PNO  : 0.01030 GB 
KPNO : 0.00990 GB 
W    : 0.01374 GB 

timer:                                 truncate     0.03s     0.03s 
timer:                             PNO Overlaps     0.06s     0.06s 
t_iter =  0  Hylleraas energy =  0.00000  ||R||_F =  0.24235  conv =  no
subspace solution [*]   1.00000000

t_iter =  1  Hylleraas energy =  -0.06375  ||R||_F =  0.00000  conv =  yes
=======================================================

Hylleraas MP2 Energies

=======================================================
    i    j      singlet      triplet        Total
=======================================================
    1    1  -3.12677e-02  0.00000e+00 -3.12677e-02
    2    1   0.00000e+00  0.00000e+00  0.00000e+00
    2    2  -3.24818e-02  0.00000e+00 -3.24818e-02
=======================================================
Hylleraas MP2 Energies (singlet): -6.37495e-02
Hylleraas MP2 Energies (triplet):  0.00000e+00
Hylleraas MP2 Energies (total)  : -6.37495e-02
=======================================================
-------------------------------------------
Total Reg Energy  =-6.37495e-02
Total F12 Energy  = 0.00000e+00
Sum Energies Total=-6.37495e-02
-------------------------------------------
timer:                         Solve Amplitudes     0.00s     0.00s 
pair11: density evals:
 [*]   0.00334716   0.00357746   0.00357746   0.06167665

pair22: density evals:
 [*]   0.00328505   0.00346768   0.00346768   0.06921124

timer:                            compress PNOs     0.00s     0.00s 
timer:                             MRA compress     0.00s     0.00s 
timer:                          Transform Pairs     0.43s     0.43s 
timer:                          PNO Compression     0.43s     0.43s 
Information About All Pairs:
mp2_pair11           number=0 rank=  4 frozen=false
mp2_pair21           number=1 rank=  0 frozen=true
mp2_pair22           number=2 rank=  4 frozen=false
number of pairs=3
average rank   =2 (2.66667e+00)
largest rank   =4
saving vector of functions mp2_pair11
saving vector of functions mp2_pair22
timer:                        save pnos on disc     0.17s     0.17s 
PNOPairs Memory Information
Total: 0.03394 GB 
PNO  : 0.01030 GB 
KPNO : 0.00990 GB 
W    : 0.01374 GB 

timer:                                 truncate     0.03s     0.03s 
timer:      compute densities for G application     0.00s     0.00s 
pair21 is frozen: no optimization
timer:                Prepare for G application     0.30s     0.30s 
timer:                                    add K     0.03s     0.03s 
size of all Vpsi potentials (without Vnuc and J) 0.01407 GB 
time=167.47942 chunk=8 Vpsi+Vnuc+J=0.03418 GB
time=167.51213 chunk=8 Vpsi+Vnuc+J=0.03271 GB (after truncation)
timer:                           Apply G to all     2.60s     2.60s 
timer:                       apply Q and update     0.00s     0.00s 
mp2_pair11 residual norms:
[0.01585, 0.00643, 0.00643, 0.00483]
mp2_pair11 scaled residual norms:
[0.00092, 0.00038, 0.00038, 0.00120]
mp2_pair22 residual norms:
[0.01735, 0.00793, 0.00793, 0.00469]
mp2_pair22 scaled residual norms:
[0.00099, 0.00047, 0.00047, 0.00124]
timer:                          update all PNOs     2.93s     2.93s 
frozen pair: no orthonormalization
timer:                                     RRCD     0.04s     0.04s 
timer:                             MRA compress     0.00s     0.00s 
timer:                          Transform Pairs     0.08s     0.08s 
saving vector of functions mp2_pair11
saving vector of functions mp2_pair22
timer:                        save pnos on disc     0.16s     0.16s 


CONVERGED!
energy change = 0.00005

re-entering loop to compute the correct amplitudes and energies
timer:                        Whole Iteration 6    11.10s    11.10s 
Information About All Pairs:
mp2_pair11           number=0 rank=  4 frozen=false
mp2_pair21           number=1 rank=  0 frozen=true
mp2_pair22           number=2 rank=  4 frozen=false
number of pairs=3
average rank   =2 (2.66667)
largest rank   =4
PNOPairs Memory Information
Total: 0.01030 GB 
PNO  : 0.01030 GB 
KPNO : 0.00000 GB 
W    : 0.00000 GB 

timer:                                 truncate     0.04s     0.04s 
wall time=173.34198 chunk=8 allK.size()=8 memory=0.00990 GB
timer:                             compute KPNO     3.50s     3.50s 
wall time=173.49124 chunk=8 allJ.size()=8 memory=0.01129 GB
timer:                             compute JPNO     0.15s     0.15s 
timer:                    compute Fock matrices     1.15s     1.15s 
timer:                             MRA compress     0.00s     0.00s 
timer:                          Transform Pairs     0.20s     0.20s 
timer:                             Canonicalize     0.20s     0.20s 
PNOPairs Memory Information
Total: 0.02020 GB 
PNO  : 0.01030 GB 
KPNO : 0.00990 GB 
W    : 0.00000 GB 

timer:                                 truncate     0.04s     0.04s 
mp2_pair21 is frozen: potential not computed
timer:                   Fluctuation Potentials     1.82s     1.82s 
timer:                       Fluctuation Matrix     0.12s     0.12s 
PNOPairs Memory Information
Total: 0.03377 GB 
PNO  : 0.01030 GB 
KPNO : 0.00990 GB 
W    : 0.01358 GB 

PNOPairs Memory Information
Total: 0.03377 GB 
PNO  : 0.01030 GB 
KPNO : 0.00990 GB 
W    : 0.01358 GB 

timer:                                 truncate     0.05s     0.05s 
timer:                             PNO Overlaps     0.07s     0.07s 
t_iter =  0  Hylleraas energy =  0.00000  ||R||_F =  0.24304  conv =  no
subspace solution [*]   1.00000000

t_iter =  1  Hylleraas energy =  -0.06377  ||R||_F =  0.00000  conv =  yes
=======================================================

Hylleraas MP2 Energies

=======================================================
    i    j      singlet      triplet        Total
=======================================================
    1    1  -3.12752e-02  0.00000e+00 -3.12752e-02
    2    1   0.00000e+00  0.00000e+00  0.00000e+00
    2    2  -3.24914e-02  0.00000e+00 -3.24914e-02
=======================================================
Hylleraas MP2 Energies (singlet): -6.37666e-02
Hylleraas MP2 Energies (triplet):  0.00000e+00
Hylleraas MP2 Energies (total)  : -6.37666e-02
=======================================================
-------------------------------------------
Total Reg Energy  =-6.37666e-02
Total F12 Energy  = 0.00000e+00
Sum Energies Total=-6.37666e-02
-------------------------------------------
timer:                         Solve Amplitudes     0.00s     0.00s 
pair11: density evals:
 [*]   0.00331536   0.00355963   0.00355963   0.06145171

pair22: density evals:
 [*]   0.00325248   0.00344667   0.00344667   0.06897578

timer:                            compress PNOs     0.00s     0.00s 
timer:                             MRA compress     0.00s     0.00s 
timer:                          Transform Pairs     0.48s     0.48s 
timer:                          PNO Compression     0.49s     0.49s 
Information About All Pairs:
mp2_pair11           number=0 rank=  4 frozen=false
mp2_pair21           number=1 rank=  0 frozen=true
mp2_pair22           number=2 rank=  4 frozen=false
number of pairs=3
average rank   =2 (2.66667e+00)
largest rank   =4
saving vector of functions mp2_pair11
saving vector of functions mp2_pair22
timer:                        save pnos on disc     0.17s     0.17s 
exiting: Iterations converged
PNO ranks:
PNO Rank for pair pair11 = 4
PNO Rank for pair pair21 = 0
PNO Rank for pair pair22 = 4
average rank 2.66667e+00
timer:                               PNO::solve    78.29s    78.30s 

--------------------------------
ITERATE-PAIRS-INTERNAL-ENDED
--------------------------------
mp2_pair21 converged!


Adaptive Sovler:
 Current Energy=-6.3766594457e-02
 DeltaE        =-6.3766594457e-02
 max dE (pair) =-3.2491397455e-02 (2)
 all_pairs_conv=false




not converged yet

freeze pair mp2_pair21 (not further optimized: Energy below 1.0000000000e-05)
Maximum Rank of4 reached for all non-frozen pairs, no need to iterate further=======================================================

Final MP2 Energies

=======================================================
    i    j      singlet      triplet        Total
=======================================================
    1    1  -3.12752e-02  0.00000e+00 -3.12752e-02
    2    1   0.00000e+00  0.00000e+00  0.00000e+00
    2    2  -3.24914e-02  0.00000e+00 -3.24914e-02
=======================================================
Final MP2 Energies (singlet): -6.37666e-02
Final MP2 Energies (triplet):  0.00000e+00
Final MP2 Energies (total)  : -6.37666e-02
=======================================================
-------------------------------------------
Total Reg Energy  =-6.37666e-02
Total F12 Energy  = 0.00000e+00
Sum Energies Total=-6.37666e-02
-------------------------------------------
Average | Max Rank: 2 | 4



--------------------------------------------------
MRA-PNO-MP2-F12 ended 
--------------------------------------------------
                 time scf = 9.29031e+01
               energy scf = -1.54808e+01
--------------------------------------------------
restarting PNO to reload pairs that converged before and were frozen
PNO Parameters
pno
       rank_increase  15         # default   maximum rank to increase in every macroiteration
               chunk  100        # default   chunk of functions operated on in parallel when G or K is applied (prevent memory shortage)
               debug  false      # default   debug mode
              freeze  1          # derived   frozen core approximation
             maxrank  4          # defined   maximal pno rank for all pairs
           guesstype  exop       # derived   the guesstype: exop (recommended, multiply polynomial excitation operators onto the occupied orbitals), empty (don't compute a guess), scf (use the ao basis from the SCF solver), partial_wave (create s,p,d ..., type functions and place on atoms), predefined (same as partial_wave but for predefined sets)
                exop  multipole  # derived   this string defines which excitation operators can be used, use 'dipole', 'dipole+', 'quadrupole', 'ocopole', or 'multipole', need to set guesstype to 'exop' which is the default
          exop_trigo  true       # default   use trigonometric excitation operators ( x --> sin(x)
        partial_wave             # default   atom centered partial wave guess of format like 'h-2s1p-o-3s2p1d', need to set guesstype to 'partial_wave' and adaptive_solver to 'none'
          predefined             # default   predefined partial wave guesses of type pvxz with x=d,t,q,5,6, need to set guesstype to 'predefined' and adaptive_solver to 'none'
           maxiter_t  100        # default   maximal number of iterations in the amplitude solver
       maxiter_micro  10         # default   Maximum of iterations for every cycle in the adaptive solver
       maxiter_macro  10         # default   Maximum of iterations of cycles in the adaptive solver
                tpno  1.0000e-08 # default   PNO cutoff threshold
          tpno_tight  1.0000e-10 # derived   PNO cutoff for the first iteration
    canonicalize_pno  true       # default   canonicalize the pnos before the amplitude solver
              thresh  1.0000e-04 # defined   MRA threshold
         econv_micro  1.0000e-04 # derived   Energy convergence for microiterations (Greens function based optimization) in adaptive solver
         econv_pairs  1.0000e-05 # derived   ENergy convergence for individual pairs in adaptive solver. Converged pairs are frozen automatically
         econv_macro  1.0000e-04 # derived   Energy convergence for macroiterations in adaptive solver, no effect if adaptive_solver is deactivated
               dconv  1.0000e-01 # default   convergence of every PNO in the Green's function solver
           op_thresh  1.0000e-06 # default   MRA operator thresh
             restart  all        # defined   restart pairs of this type, use 'mp2', 'cispd', 'all' or 'none'
          no_compute  none       # default   do not compute the pairs of this type, use 'mp2', 'cispd', 'all' or 'none'
              no_opt  all        # defined   do not optimize the pnos of this type, use 'mp2', 'cispd', 'all' or 'none'
            no_guess  all        # defined   guess for this type will be empty, use 'mp2', 'cispd', 'all' or 'none'
     adaptive_solver  none       # defined   Use adaptive solver for those pairs, use 'mp2', 'cispd', 'all' or 'none', works only in combination with guesstype 'exop'
                kain  true       # default   use KAIN solver in amplitude solver
       kain_subspace  5          # default   subspace size of the KAIN solver (amplitudes)
                 f12  false      # defined   use explicit correlation
        cispd_number  -1         # default   CIS(D) excitation numbers, to read in correct functions
        cispd_energy  0.0000e+00 # default   CIS energy
        freeze_pairs  none       # default   frozen pairs will not be optimized: Expected format 'a b c d' will freeze pairs ab and cd
freeze_pairs_of_orbital  []         # default    All pairs which originate from this orbital will not be optimized
active_pairs_of_orbital  []         # default    All pairs which originate from this orbital will not be frozen all other pairs will, if this vector is not empty
no_opt_in_first_iteration  false      # default   Do not optimize in the first iteration (then the potentials do not have to be evaluated, use this for large guesses)
            exchange  full       # default   approximate exchange with 'neglect' or xc functional -> same syntax as moldft
           save_pnos  true       # default   Save the OBS-PNOs to a file, before and after orthonormalization.
            diagonal  true       # defined   Compute only diagonal PNOs

end

**********************
Solve PNO-MP2
*********************


**********************
Iterate Pairs
*********************


************************
Standard Solver
***********************

Initializing Pairs:
Restart demanded for mp2 pairs
loading vector of functions mp2_pair11
Found PNOs for mp2_pair11 with rank 4
loading vector of functions mp2_pair21
failed to find PNO mp2_pair21 initialize as zero function
nloading vector of functions mp2_pair22
Found PNOs for mp2_pair22 with rank 4
no guess was explicitly demanded for mp2

timer:                                     RRCD     0.03s     0.03s 
timer:                             MRA compress     0.00s     0.00s 
timer:                          Transform Pairs     0.09s     0.09s 
timer:          apply Q and orthonormalize PNOs     0.34s     0.34s 
Created Guess:
pair11 with 4 guess functions
pair21 with 0 guess functions
pair22 with 4 guess functions
guess pair11 size: 5.1519870758e-03 | 5.1519870758e-03 Gbyte (after truncation)
guess pair22 size: 5.1519870758e-03 | 5.1519870758e-03 Gbyte (after truncation)
timer:                           truncate guess     0.09s     0.09s 
timer:                         Initialize Pairs     0.44s     0.44s 
Information About All Pairs:
mp2_pair11           number=0 rank=  4 frozen=false
mp2_pair21           number=1 rank=  0 frozen=true
mp2_pair22           number=2 rank=  4 frozen=false
number of pairs=3
average rank   =2 (2.6666666667e+00)
largest rank   =4
SolveInternal: Parameters are assigned as
no_compute        = false
no_opt            = true
restart           = true
do_cispd          = false
econv             =1.0000000000e-04
maxrank (min,max) = (4,4)
Solving MP2 doubles
timer:          fock matrix     2.69s     2.69s
Information About All Pairs:
mp2_pair11           number=0 rank=  4 frozen=false
mp2_pair21           number=1 rank=  0 frozen=true
mp2_pair22           number=2 rank=  4 frozen=false
number of pairs=3
average rank   =2 (2.6666666667e+00)
largest rank   =4
PNOPairs Memory Information
Total: 0.0103039742 GB 
PNO  : 0.0103039742 GB 
KPNO : 0.0000000000 GB 
W    : 0.0000000000 GB 

timer:                                 truncate     0.05s     0.05s 
wall time=184.2855989933 chunk=8 allK.size()=8 memory=0.0098950863 GB
timer:                             compute KPNO     3.45s     3.45s 
wall time=184.4432971478 chunk=8 allJ.size()=8 memory=0.0112853050 GB
timer:                             compute JPNO     0.16s     0.16s 
timer:                    compute Fock matrices     1.27s     1.27s 
timer:                             MRA compress     0.00s     0.00s 
timer:                          Transform Pairs     0.26s     0.26s 
timer:                             Canonicalize     0.26s     0.26s 
PNOPairs Memory Information
Total: 0.0201990604 GB 
PNO  : 0.0103039742 GB 
KPNO : 0.0098950863 GB 
W    : 0.0000000000 GB 

timer:                                 truncate     0.04s     0.04s 
mp2_pair21 is frozen: potential not computed
timer:                   Fluctuation Potentials     1.96s     1.96s 
timer:                       Fluctuation Matrix     0.14s     0.14s 
PNOPairs Memory Information
Total: 0.0337741375 GB 
PNO  : 0.0103039742 GB 
KPNO : 0.0098950863 GB 
W    : 0.0135750771 GB 

PNOPairs Memory Information
Total: 0.0337741375 GB 
PNO  : 0.0103039742 GB 
KPNO : 0.0098950863 GB 
W    : 0.0135750771 GB 

timer:                                 truncate     0.04s     0.04s 
timer:                             PNO Overlaps     0.05s     0.05s 
t_iter =  0  Hylleraas energy =  0.0000000000  ||R||_F =  0.2430370914  conv =  no
subspace solution [*]   1.00000000

t_iter =  1  Hylleraas energy =  -0.0637668058  ||R||_F =  0.0000005701  conv =  yes
=======================================================

Hylleraas MP2 Energies

=======================================================
    i    j      singlet      triplet        Total
=======================================================
    1    1  -3.12754e-02  0.00000e+00 -3.12754e-02
    2    1   0.00000e+00  0.00000e+00  0.00000e+00
    2    2  -3.24914e-02  0.00000e+00 -3.24914e-02
=======================================================
Hylleraas MP2 Energies (singlet): -6.37668e-02
Hylleraas MP2 Energies (triplet):  0.00000e+00
Hylleraas MP2 Energies (total)  : -6.37668e-02
=======================================================
-------------------------------------------
Total Reg Energy  =-6.37668e-02
Total F12 Energy  = 0.00000e+00
Sum Energies Total=-6.37668e-02
-------------------------------------------
timer:                         Solve Amplitudes     0.00s     0.00s 
No optimization untill now: Compressing pno ranks with tighter threshold
1.00000e-10 instead of 1.00000e-08
pair11: density evals:
 [*]   0.00331535   0.00355963   0.00355963   0.06145231

pair22: density evals:
 [*]   0.00325246   0.00344667   0.00344667   0.06897594

timer:                            compress PNOs     0.00s     0.00s 
timer:                             MRA compress     0.00s     0.00s 
timer:                          Transform Pairs     0.45s     0.45s 
timer:                          PNO Compression     0.45s     0.45s 
Information About All Pairs:
mp2_pair11           number=0 rank=  4 frozen=false
mp2_pair21           number=1 rank=  0 frozen=true
mp2_pair22           number=2 rank=  4 frozen=false
number of pairs=3
average rank   =2 (2.66667e+00)
largest rank   =4
saving vector of functions mp2_pair11
saving vector of functions mp2_pair22
timer:                        save pnos on disc     0.19s     0.19s 
exiting: Found no_opt keyword
PNO ranks:
PNO Rank for pair pair11 = 4
PNO Rank for pair pair21 = 0
PNO Rank for pair pair22 = 4
average rank 2.66667e+00
timer:                               PNO::solve    10.77s    10.77s 

--------------------------------
ITERATE-PAIRS-INTERNAL-ENDED
--------------------------------
=======================================================

Final MP2 Energies

=======================================================
    i    j      singlet      triplet        Total
=======================================================
    1    1  -3.12754e-02  0.00000e+00 -3.12754e-02
    2    1   0.00000e+00  0.00000e+00  0.00000e+00
    2    2  -3.24914e-02  0.00000e+00 -3.24914e-02
=======================================================
Final MP2 Energies (singlet): -6.37668e-02
Final MP2 Energies (triplet):  0.00000e+00
Final MP2 Energies (total)  : -6.37668e-02
=======================================================
-------------------------------------------
Total Reg Energy  =-6.37668e-02
Total F12 Energy  = 0.00000e+00
Sum Energies Total=-6.37668e-02
-------------------------------------------
Average | Max Rank: 2 | 4
                 time pno = 8.42172e+01
               energy mp2 = -6.37668e-02
     average pno rank mp2 = 2
         max pno rank mp2 = 4
--------------------------------------------------
            energy(total) = -1.55446e+01
--------------------------------------------------



Orthonormalization technique used: symmetric
No CABS used.
Tightening thresholds to +0.00010000 for post-processing
Overlap Matrix of all PNOs:
+1.00000254 -0.52016550 +0.00000000 -0.00000000 +0.00000000 +0.00000000 -0.26557639 +0.00000131 
-0.52016550 +1.00001081 +0.00000000 -0.00000000 +0.00000000 +0.00000000 +0.00000022 +0.26003298 
+0.00000000 +0.00000000 +1.00000000 +0.00000000 +0.07790508 -0.09029359 +0.00000000 +0.00000000 
-0.00000000 -0.00000000 +0.00000000 +1.00000000 +0.09029359 +0.07790508 -0.00000000 -0.00000000 
+0.00000000 +0.00000000 +0.07790508 +0.09029359 +1.00000000 -0.00000000 -0.00000000 -0.00000000 
+0.00000000 +0.00000000 -0.09029359 +0.07790508 -0.00000000 +1.00000000 -0.00000000 -0.00000000 
-0.26557639 +0.00000022 +0.00000000 -0.00000000 -0.00000000 -0.00000000 +0.99999890 -0.03626511 
+0.00000131 +0.26003298 +0.00000000 -0.00000000 -0.00000000 -0.00000000 -0.03626511 +0.99999850 
Before cherry pick
rank is +0
all used occupation numbers:
[+0.06897594 +0.06145231 +0.00355963 +0.00355963 +0.00344667 +0.00344667 +0.00331535 +0.00325246 ]
corresponding to active pairs:
[(1,1) (0,0) (0,0) (0,0) (1,1) (1,1) (0,0) (1,1) ]
After cherry pick
all used occupation numbers:
[+0.06897594 +0.06145231 +0.00355963 +0.00355963 +0.00344667 +0.00344667 +0.00331535 +0.00325246 ]
corresponding to active pairs:
[(1,1) (0,0) (0,0) (0,0) (1,1) (1,1) (0,0) (1,1) ]
Overlap Matrix before symmetric
[+0,*]  +1.00000254  -0.52016550  +0.00000000  -0.00000000  +0.00000000  +0.00000000  -0.26557639  +0.00000131
[+1,*]  -0.52016550  +1.00001081  +0.00000000  -0.00000000  +0.00000000  +0.00000000  +0.00000022  +0.26003298
[+2,*]  +0.00000000  +0.00000000  +1.00000000  +0.00000000  +0.07790508  -0.09029359  +0.00000000  +0.00000000
[+3,*]  -0.00000000  -0.00000000  +0.00000000  +1.00000000  +0.09029359  +0.07790508  -0.00000000  -0.00000000
[+4,*]  +0.00000000  +0.00000000  +0.07790508  +0.09029359  +1.00000000  -0.00000000  -0.00000000  -0.00000000
[+5,*]  +0.00000000  +0.00000000  -0.09029359  +0.07790508  -0.00000000  +1.00000000  -0.00000000  -0.00000000
[+6,*]  -0.26557639  +0.00000022  +0.00000000  -0.00000000  -0.00000000  -0.00000000  +0.99999890  -0.03626511
[+7,*]  +0.00000131  +0.26003298  +0.00000000  -0.00000000  -0.00000000  -0.00000000  -0.03626511  +0.99999850
Overlap Matrix after symmetric
[+0,*]  +1.00000000  -0.00000001  +0.00000000  -0.00000000  -0.00000000  +0.00000000  +0.00000001  +0.00000000
[+1,*]  -0.00000001  +1.00000000  -0.00000000  +0.00000000  +0.00000000  +0.00000000  +0.00000000  -0.00000000
[+2,*]  +0.00000000  -0.00000000  +1.00000000  -0.00000000  -0.00000000  +0.00000000  +0.00000000  -0.00000000
[+3,*]  -0.00000000  +0.00000000  -0.00000000  +1.00000000  -0.00000000  -0.00000000  +0.00000000  +0.00000000
[+4,*]  -0.00000000  +0.00000000  -0.00000000  -0.00000000  +1.00000000  +0.00000000  +0.00000000  -0.00000000
[+5,*]  +0.00000000  +0.00000000  +0.00000000  -0.00000000  +0.00000000  +1.00000000  +0.00000000  -0.00000000
[+6,*]  +0.00000001  +0.00000000  +0.00000000  +0.00000000  +0.00000000  +0.00000000  +1.00000000  -0.00000000
[+7,*]  +0.00000000  -0.00000000  -0.00000000  +0.00000000  -0.00000000  -0.00000000  -0.00000000  +1.00000000
Adding 3 HF orbitals
Size before adding CABS: 11.
Size after adding CABS: 11.
Compute G and F Tensor:
Assemble g,f using symmetries...
non zero elements:
 g : +24703
 h : +61
Overlap over whole basis
[+0,*]  +1.00000000  -0.00000014  +0.00000009  -0.00000053  -0.00001852  -0.00000000  +0.00000000  +0.00000000  +0.00000000  +0.00000468  +0.00000864
[+1,*]  -0.00000014  +1.00000000  -0.00000007  +0.00000010  +0.00000261  +0.00000000  -0.00000000  -0.00000000  -0.00000000  -0.00000065  -0.00000119
[+2,*]  +0.00000009  -0.00000007  +1.00000000  -0.00000004  -0.00000253  -0.00000000  +0.00000000  +0.00000000  +0.00000000  +0.00000067  +0.00000122
[+3,*]  -0.00000053  +0.00000010  -0.00000004  +1.00000000  -0.00000001  -0.00000000  -0.00000000  -0.00000000  +0.00000000  +0.00000001  +0.00000000
[+4,*]  -0.00001852  +0.00000261  -0.00000253  -0.00000001  +1.00000000  +0.00000000  +0.00000000  -0.00000000  +0.00000000  +0.00000000  -0.00000000
[+5,*]  -0.00000000  +0.00000000  -0.00000000  -0.00000000  +0.00000000  +1.00000000  -0.00000000  -0.00000000  +0.00000000  +0.00000000  +0.00000000
[+6,*]  +0.00000000  -0.00000000  +0.00000000  -0.00000000  +0.00000000  -0.00000000  +1.00000000  -0.00000000  -0.00000000  -0.00000000  +0.00000000
[+7,*]  +0.00000000  -0.00000000  +0.00000000  -0.00000000  -0.00000000  -0.00000000  -0.00000000  +1.00000000  +0.00000000  +0.00000000  +0.00000000
[+8,*]  +0.00000000  -0.00000000  +0.00000000  +0.00000000  +0.00000000  +0.00000000  -0.00000000  +0.00000000  +1.00000000  +0.00000000  -0.00000000
[+9,*]  +0.00000468  -0.00000065  +0.00000067  +0.00000001  +0.00000000  +0.00000000  -0.00000000  +0.00000000  +0.00000000  +1.00000000  -0.00000000
[+10,*]  +0.00000864  -0.00000119  +0.00000122  +0.00000000  -0.00000000  +0.00000000  +0.00000000  +0.00000000  -0.00000000  -0.00000000  +1.00000000

||S-1||=+0.00003023
finished at time 347.9

    Parallel environment
    --------------------
                  #nodes    1
       #threads per node    11+main = 12
          #total threads    12

  RMI message statistics (min / avg / max)
  ----------------------
   #messages in server q    0.00e+00 / 0.00e+00 / 0.00e+00
 #messages sent per node    0.00e+00 / 0.00e+00 / 0.00e+00
    #bytes sent per node    0.00e+00 / 0.00e+00 / 0.00e+00
 #messages recv per node    0.00e+00 / 0.00e+00 / 0.00e+00
    #bytes recv per node    0.00e+00 / 0.00e+00 / 0.00e+00
        #msgs systemwide    0.00e+00
       #bytes systemwide    0.00e+00

  Thread pool statistics (min / avg / max)
  ----------------------
         #tasks per node    2.24e+07 / 2.24e+07 / 2.24e+07
     #max q len per node    1.50e+04 / 1.50e+04 / 1.50e+04
  #hi-pri tasks per node    6.40e+06 / 6.40e+06 / 6.40e+06

         Total wall time    347.9s
         Total  cpu time    347.9s

