MADNESS runtime initialized with 11 threads in the pool and affinity -1 -1 -1
starting at time 0.0

--------------------------------------------
   MADNESS 0.10.1 multiresolution suite
--------------------------------------------

   number of processors ... 1
    processor frequency ... 3.695847e+09
            host system ... Linux
          configured by ... kottmann
          configured on ... wittgenstein
          configured at ... 2021-02-10T21:25:26
                    CXX ... /usr/bin/c++
               CXXFLAGS ... -O3 -DNDEBUG -I/h/28/kottmann/install/numcpp/include/ -I/h/28/kottmann/install/boost/boost_1_72_0/include/ -std=c++1z
             tuning for ... default
                    MPI ... multiple
 multi-threaded runtime ... MADNESS ThreadPool
                   BLAS ... Intel MKL 66585 66585 MFLOP/s
               compiled ... 13:08:26  on  Feb 23 2021


-------------------------------------------------------------------------------------
SOLVING MRA-PNO-F12 as described in 
J.S. Kottmann, F.A. Bischoff, E.F. Valeev
Direct determination of optimal pair-natural orbitals in a real-space representation:
the second-order Møller-Plesset energy
Journal of Chemical Physics ... 2020
-------------------------------------------------------------------------------------


This script will run PNO-MP2 and print out tensors in binary
Call as: pno_integrals inputfileinput is input
ignoring unknown parameter in input file:  ncf

Angstrom being used to read input coordinates (1 Bohr = 1.88972613 Angstrom)


Asymptotic correction parameters
---------------------------------------
Atom vector is not empty: false
Using multipole approximation: false
Number of electrons = -1
Ionisation energy = 0.000000e+00
E(HOMO) = 0.000000e+00
R1 = 3.000000e+00
R2 = 4.000000e+00
DFT coefficient = 0.000000e+00
Interpolation scheme = linear
constructed symmetry operator for point group C1
dft
              charge  0.0000e+00 # defined   total molecular charge
                  xc  hf         # defined   XC input line
               smear  0.0000e+00 # default   smearing parameter
               econv  1.0000e-04 # defined   energy convergence
               dconv  5.0000e-04 # defined   density convergence
convergence_criteria  [bsh_residual, total_energy] # default   possible values are: bsh_residual, total_energy, each_energy, density
                   k  7          # defined   polynomial order
                   l  5.5134e+01 # derived   user coordinates box size
               deriv  abgv       # default   derivative method                            [abgv, bspline, ble]
           dft_deriv  abgv       # default   derivative method for gga potentials         [abgv, bspline, ble]
             maxrotn  2.5000e-01 # default   step restriction used in autoshift algorithm
             nvalpha  0          # default   number of alpha virtuals to compute
              nvbeta  0          # default   number of beta virtuals to compute
               nopen  0          # default   number of unpaired electrons = nalpha-nbeta
             maxiter  25         # default   maximum number of iterations
                 nio  1          # default   no. of io servers to use
     spin_restricted  true       # default   true if spin restricted
              plotlo  0          # default   range of MOs to print (for both spins if polarized
              plothi  -1         # default   range of MOs to print (for both spins if polarized
            plotdens  false      # default   If true print the density at convergence
            plotcoul  false      # default   If true plot the total coulomb potential at convergence
            localize  boys       # defined   localization method                          [pm, boys, new, canon]
          pointgroup  c1         # derived   use point (sub) group symmetry if not localized[c1, c2, ci, cs, c2v, c2h, d2, d2h]
             restart  false      # default   if true restart from orbitals on disk
           restartao  false      # default   if true restart from orbitals projected into AO basis (STO3G) on disk
          no_compute  false      # default   if true use orbitals on disk, set value to computed
           no_orient  false      # default   if true the molecule coordinates will not be reoriented
                save  true       # default   if true save orbitals to disk
              maxsub  10         # default   size of iterative subspace ... set to 0 or 1 to disable
        orbitalshift  0.0000e+00 # default   scf orbital shift: shift the occ orbitals to lower energies
            npt_plot  101        # default   no. of points to use in each dim for plots
           plot_cell  []         # default   lo hi in each dimension for plotting (default is all space)
             aobasis  6-31g      # derived   AO basis used for initial guess (6-31g or sto-3g)
           core_type  none       # default   core potential type                          [none, mpc]
         derivatives  false      # default   if true calculate nuclear derivatives
              dipole  false      # default   if true calculate dipole moment
      conv_only_dens  false      # default   if true remove bsh_residual from convergence criteria (deprecated)
            psp_calc  false      # default   pseudopotential calculation for all atoms
 print_dipole_matels  false      # default   if true output dipole matrix elements
            pcm_data  none       # default   do a PCM (solvent) calculation
             ac_data  none       # default   do a calculation with asymptotic correction (see ACParameters class in chem/AC.h for details)
             pure_ae  true       # default   pure all electron calculation with no pseudo-atoms
         print_level  3          # default   0: no output; 1: final energy; 2: iterations; 3: timings; 10: debug
              nalpha  3          # derived   number of alpha spin electrons
               nbeta  3          # derived   number of beta  spin electrons
           nmo_alpha  3          # derived   number of alpha spin molecular orbitals
            nmo_beta  3          # derived   number of beta spin molecular orbitals
                  lo  9.0905e-04 # derived   smallest length scale we need to resolve
            protocol  [1.0000e-04, 1.0000e-06] # derived   calculation protocol
                gopt  false      # default   geometry optimizer
                gtol  1.0000e-04 # default   geometry tolerance
               gtest  false      # default   geometry tolerance
                gval  1.0000e-05 # default   value precision
               gprec  1.0000e-04 # default   gradient precision
            gmaxiter  20         # default   optimization maxiter
    ginitial_hessian  false      # default   compute inital hessian for optimization
              algopt  bfgs       # default   algorithm used for optimization              [bfgs, cg]
            tdksprop  false      # default   time-dependent Kohn-Sham equation propagate
           nv_factor  1          # default   factor to multiply number of virtual orbitals with when automatically decreasing nvirt
           vnucextra  2          # default   load balance parameter for nuclear pot
        loadbalparts  2          # default   ??
            response  false      # default   response function calculation
       response_freq  0.0000e+00 # default   frequency for calculation response function
       response_axis  [1, 1, 1]  # default   response axis
           nonrotate  false      # default   if true do not molcule orient (redundant with no_orient
               rconv  1.0000e-06 # default   Response convergence
              efield  0.0000e+00 # default   eps for finite field
         efield_axis  0          # default   finite field axis                            [0, 1, 2]
              nwfile  none       # default   Base name of nwchem output files (.out and .movecs extensions) to read from
                 ncf  (none,1.0000e+00) # defined   nuclear correlation factor
             hessian  false      # default   compute the hessian matrix
           read_cphf  false      # default   read the converged orbital response for nuclear displacements from file
        restart_cphf  false      # default   read the guess orbital response for nuclear displacements from file
      purify_hessian  false      # default   symmetrize the hessian matrix based on atomic charges

end
              charge  0.0000e+00 # defined   total molecular charge
                  xc  hf         # defined   XC input line
               smear  0.0000e+00 # default   smearing parameter
               econv  1.0000e-04 # defined   energy convergence
               dconv  5.0000e-04 # defined   density convergence
convergence_criteria  [bsh_residual, total_energy] # default   possible values are: bsh_residual, total_energy, each_energy, density
                   k  7          # defined   polynomial order
                   l  5.5134e+01 # derived   user coordinates box size
               deriv  abgv       # default   derivative method                            [abgv, bspline, ble]
           dft_deriv  abgv       # default   derivative method for gga potentials         [abgv, bspline, ble]
             maxrotn  2.5000e-01 # default   step restriction used in autoshift algorithm
             nvalpha  0          # default   number of alpha virtuals to compute
              nvbeta  0          # default   number of beta virtuals to compute
               nopen  0          # default   number of unpaired electrons = nalpha-nbeta
             maxiter  25         # default   maximum number of iterations
                 nio  1          # default   no. of io servers to use
     spin_restricted  true       # default   true if spin restricted
              plotlo  0          # default   range of MOs to print (for both spins if polarized
              plothi  -1         # default   range of MOs to print (for both spins if polarized
            plotdens  false      # default   If true print the density at convergence
            plotcoul  false      # default   If true plot the total coulomb potential at convergence
            localize  boys       # defined   localization method                          [pm, boys, new, canon]
          pointgroup  c1         # derived   use point (sub) group symmetry if not localized[c1, c2, ci, cs, c2v, c2h, d2, d2h]
             restart  false      # default   if true restart from orbitals on disk
           restartao  false      # default   if true restart from orbitals projected into AO basis (STO3G) on disk
          no_compute  false      # default   if true use orbitals on disk, set value to computed
           no_orient  false      # default   if true the molecule coordinates will not be reoriented
                save  true       # default   if true save orbitals to disk
              maxsub  10         # default   size of iterative subspace ... set to 0 or 1 to disable
        orbitalshift  0.0000e+00 # default   scf orbital shift: shift the occ orbitals to lower energies
            npt_plot  101        # default   no. of points to use in each dim for plots
           plot_cell  []         # default   lo hi in each dimension for plotting (default is all space)
             aobasis  6-31g      # derived   AO basis used for initial guess (6-31g or sto-3g)
           core_type  none       # default   core potential type                          [none, mpc]
         derivatives  false      # default   if true calculate nuclear derivatives
              dipole  false      # default   if true calculate dipole moment
      conv_only_dens  false      # default   if true remove bsh_residual from convergence criteria (deprecated)
            psp_calc  false      # default   pseudopotential calculation for all atoms
 print_dipole_matels  false      # default   if true output dipole matrix elements
            pcm_data  none       # default   do a PCM (solvent) calculation
             ac_data  none       # default   do a calculation with asymptotic correction (see ACParameters class in chem/AC.h for details)
             pure_ae  true       # default   pure all electron calculation with no pseudo-atoms
         print_level  3          # default   0: no output; 1: final energy; 2: iterations; 3: timings; 10: debug
              nalpha  3          # derived   number of alpha spin electrons
               nbeta  3          # derived   number of beta  spin electrons
           nmo_alpha  3          # derived   number of alpha spin molecular orbitals
            nmo_beta  3          # derived   number of beta spin molecular orbitals
                  lo  9.0905e-04 # derived   smallest length scale we need to resolve
            protocol  [1.0000e-04, 1.0000e-06] # derived   calculation protocol
                gopt  false      # default   geometry optimizer
                gtol  1.0000e-04 # default   geometry tolerance
               gtest  false      # default   geometry tolerance
                gval  1.0000e-05 # default   value precision
               gprec  1.0000e-04 # default   gradient precision
            gmaxiter  20         # default   optimization maxiter
    ginitial_hessian  false      # default   compute inital hessian for optimization
              algopt  bfgs       # default   algorithm used for optimization              [bfgs, cg]
            tdksprop  false      # default   time-dependent Kohn-Sham equation propagate
           nv_factor  1          # default   factor to multiply number of virtual orbitals with when automatically decreasing nvirt
           vnucextra  2          # default   load balance parameter for nuclear pot
        loadbalparts  2          # default   ??
            response  false      # default   response function calculation
       response_freq  0.0000e+00 # default   frequency for calculation response function
       response_axis  [1, 1, 1]  # default   response axis
           nonrotate  false      # default   if true do not molcule orient (redundant with no_orient
               rconv  1.0000e-06 # default   Response convergence
              efield  0.0000e+00 # default   eps for finite field
         efield_axis  0          # default   finite field axis                            [0, 1, 2]
              nwfile  none       # default   Base name of nwchem output files (.out and .movecs extensions) to read from



 geometry
   eprec 1.0e-06
   units atomic
   Be            0.00000000           0.00000000           0.15747718
   H             0.00000000           0.00000000           4.50384728
   H             0.00000000           0.00000000          -5.13375599
 end

Solving NDIM= 3  with thresh 1.000000e-04     k 7    conv 5.000000e-04 

timer:     Project vnuclear     0.55s     0.55s
constructed nuclear correlation factor of the form
    R   =  1.000000e+00
with eprec  1.000000e-06
which means it's (nearly) a conventional calculation

timer:        reproject ncf     1.85s     1.85s
timer:        guess density     0.51s     0.51s
timer:   guess Coulomb potn     0.57s     0.57s
timer:       guess lda potn     0.26s     0.26s
timer:        guess overlap     0.05s     0.05s
timer:    KEmat reconstruct     0.12s     0.12s
timer:  KEmat differentiate     0.28s     0.28s
timer:       KEmat compress     0.08s     0.08s
timer: KEmat inner products     0.25s     0.25s
timer:     guess Kinet potn     0.74s     0.74s
timer:           guess fock     0.56s     0.56s
timer:      guess eigen sol     0.02s     0.02s
timer: guess orbital groupi     0.10s     0.10s

starting protocol at time      7.5s 
precision steps  1.000000e-04  -->  1.000000e-04
protocol: thresh 1.000000e-04 econv  1.000000e-04 dconv 5.000000e-04

ending protocol at time      7.5s 

Solving NDIM= 3  with thresh 1.000000e-04     k 7    conv 5.000000e-04 

timer:        Boys localize     0.95s     0.95s
orbital irreps []
timer:      reconstruct psi     0.14s     0.14s
timer:        compute Jnemo     0.68s     0.68s
timer:        compute Knemo     2.04s     2.04s
timer: compute Unemo 0.0160     0.27s     0.27s

  nuclear and kinetic     -23.16661420
         kinetic only      15.08934939
              coulomb       9.11636446
             exchange      -3.18957401
    nuclear-repulsion       1.78003587
   regularized energy     -15.45978788
  buggy if hybrid functionals are used..
timer:       compute energy     3.70s     3.70s
Norm of vector changes ab spin case : rms 9.334134e-02    max 1.413856e-01
convergence: bshresidual, energy change, max energy change, density change 1.1e-01 1.5e+01 1.5e+01 1.4e+00
finished iteration  0 at time     20.7s with energy  -15.45978788
timer:        Boys localize     1.08s     1.08s
orbital irreps []
timer:      reconstruct psi     0.18s     0.18s
timer:        compute Jnemo     0.76s     0.76s
timer:        compute Knemo     2.14s     2.14s
timer: compute Unemo 0.0157     0.17s     0.17s

  nuclear and kinetic     -23.29364806
         kinetic only      15.00257548
              coulomb       9.12581291
             exchange      -3.12601487
    nuclear-repulsion       1.78003587
   regularized energy     -15.51381415
  buggy if hybrid functionals are used..
timer:       compute energy     3.68s     3.68s
Norm of vector changes ab spin case : rms 4.087924e-02    max 5.888924e-02
convergence: bshresidual, energy change, max energy change, density change 3.0e-02 5.4e-02 1.3e-01 1.6e-02
finished iteration  1 at time     33.9s with energy  -15.51381415
timer:        Boys localize     0.99s     0.99s
orbital irreps []
timer:      reconstruct psi     0.22s     0.22s
timer:        compute Jnemo     0.70s     0.70s
timer:        compute Knemo     2.05s     2.05s
timer: compute Unemo 0.0157     0.19s     0.19s

  nuclear and kinetic     -23.37522517
         kinetic only      15.00122990
              coulomb       9.17949953
             exchange      -3.10607886
    nuclear-repulsion       1.78003587
   regularized energy     -15.52176863
  buggy if hybrid functionals are used..
timer:       compute energy     3.75s     3.75s
Norm of vector changes ab spin case : rms 1.431524e-02    max 2.188046e-02
convergence: bshresidual, energy change, max energy change, density change 7.9e-03 8.0e-03 8.2e-02 5.1e-03
finished iteration  2 at time     47.6s with energy  -15.52176863
timer:        Boys localize     0.99s     0.99s
orbital irreps []
timer:      reconstruct psi     0.27s     0.27s
timer:        compute Jnemo     0.67s     0.67s
timer:        compute Knemo     2.08s     2.08s
timer: compute Unemo 0.0156     0.18s     0.18s

  nuclear and kinetic     -23.41230505
         kinetic only      15.00390822
              coulomb       9.21050488
             exchange      -3.10106814
    nuclear-repulsion       1.78003587
   regularized energy     -15.52283244
  buggy if hybrid functionals are used..
timer:       compute energy     3.69s     3.69s
Norm of vector changes ab spin case : rms 6.737822e-03    max 1.001236e-02
convergence: bshresidual, energy change, max energy change, density change 2.9e-03 1.1e-03 3.7e-02 1.4e-03
finished iteration  3 at time     60.8s with energy  -15.52283244
timer:        Boys localize     0.95s     0.95s
orbital irreps []
timer:      reconstruct psi     0.15s     0.15s
timer:        compute Jnemo     0.67s     0.67s
timer:        compute Knemo     2.03s     2.03s
timer: compute Unemo 0.0157     0.14s     0.14s

  nuclear and kinetic     -23.42433913
         kinetic only      15.00383895
              coulomb       9.22148953
             exchange      -3.10018307
    nuclear-repulsion       1.78003587
   regularized energy     -15.52299681
  buggy if hybrid functionals are used..
timer:       compute energy     3.36s     3.36s
Norm of vector changes ab spin case : rms 2.388729e-03    max 3.501059e-03
convergence: bshresidual, energy change, max energy change, density change 1.0e-03 1.6e-04 1.2e-02 5.7e-04
finished iteration  4 at time     73.8s with energy  -15.52299681
timer:        Boys localize     0.98s     0.98s
orbital irreps []
timer:      reconstruct psi     0.14s     0.14s
timer:        compute Jnemo     0.64s     0.64s
timer:        compute Knemo     1.99s     1.99s
timer: compute Unemo 0.0157     0.23s     0.23s

  nuclear and kinetic     -23.42399734
         kinetic only      15.00290546
              coulomb       9.22136504
             exchange      -3.10042483
    nuclear-repulsion       1.78003587
   regularized energy     -15.52302127
  buggy if hybrid functionals are used..
timer:       compute energy     3.71s     3.71s
Norm of vector changes ab spin case : rms 1.297799e-03    max 1.900327e-03
convergence: bshresidual, energy change, max energy change, density change 5.6e-04 2.4e-05 9.3e-04 2.5e-04
finished iteration  5 at time     87.4s with energy  -15.52302127
timer:        Boys localize     0.93s     0.93s
orbital irreps []
timer:      reconstruct psi     0.18s     0.18s
timer:        compute Jnemo     0.63s     0.63s
timer:        compute Knemo     2.00s     2.00s
timer: compute Unemo 0.0157     0.15s     0.15s

  nuclear and kinetic     -23.42305779
         kinetic only      15.00219182
              coulomb       9.22066091
             exchange      -3.10067331
    nuclear-repulsion       1.78003587
   regularized energy     -15.52303432
  buggy if hybrid functionals are used..
timer:       compute energy     3.55s     3.55s
Norm of vector changes ab spin case : rms 6.125381e-04    max 7.961968e-04
convergence: bshresidual, energy change, max energy change, density change 2.5e-04 1.3e-05 9.4e-04 6.8e-05
finished iteration  6 at time    101.2s with energy  -15.52303432

Iterations converged


ending protocol at time    101.2s 

 Dipole Moment (a.u.)
 -----------

     x:  -4.161373e-14
     y:  -4.275907e-14
     z:  4.554181e-01
 Total Dipole Moment:  4.554181e-01 

timer:               dipole     0.07s     0.07s
Nemo Orbital Energies: [*]  -4.86782834  -0.38817089  -0.33554206

nemo energy:  -1.552303e+01
 at time 101.7
PNO Integrals evaluated as:
pnoint
       rank_increase  15         # default   maximum rank to increase in every macroiteration
               chunk  100        # default   chunk of functions operated on in parallel when G or K is applied (prevent memory shortage)
               debug  false      # default   debug mode
              freeze  1          # derived   frozen core approximation
             maxrank  3          # defined   maximal pno rank for all pairs
           guesstype  exop       # derived   the guesstype: exop (recommended, multiply polynomial excitation operators onto the occupied orbitals), empty (don't compute a guess), scf (use the ao basis from the SCF solver), partial_wave (create s,p,d ..., type functions and place on atoms), predefined (same as partial_wave but for predefined sets)
                exop  multipole  # derived   this string defines which excitation operators can be used, use 'dipole', 'dipole+', 'quadrupole', 'ocopole', or 'multipole', need to set guesstype to 'exop' which is the default
          exop_trigo  true       # default   use trigonometric excitation operators ( x --> sin(x)
        partial_wave             # default   atom centered partial wave guess of format like 'h-2s1p-o-3s2p1d', need to set guesstype to 'partial_wave' and adaptive_solver to 'none'
          predefined             # default   predefined partial wave guesses of type pvxz with x=d,t,q,5,6, need to set guesstype to 'predefined' and adaptive_solver to 'none'
           maxiter_t  100        # default   maximal number of iterations in the amplitude solver
       maxiter_micro  10         # default   Maximum of iterations for every cycle in the adaptive solver
       maxiter_macro  10         # default   Maximum of iterations of cycles in the adaptive solver
                tpno  1.0000e-08 # default   PNO cutoff threshold
          tpno_tight  1.0000e-10 # derived   PNO cutoff for the first iteration
    canonicalize_pno  true       # default   canonicalize the pnos before the amplitude solver
              thresh  1.0000e-04 # defined   MRA threshold
         econv_micro  1.0000e-04 # derived   Energy convergence for microiterations (Greens function based optimization) in adaptive solver
         econv_pairs  1.0000e-05 # derived   ENergy convergence for individual pairs in adaptive solver. Converged pairs are frozen automatically
         econv_macro  1.0000e-04 # derived   Energy convergence for macroiterations in adaptive solver, no effect if adaptive_solver is deactivated
               dconv  1.0000e-01 # default   convergence of every PNO in the Green's function solver
           op_thresh  1.0000e-06 # default   MRA operator thresh
             restart  none       # derived   restart pairs of this type, use 'mp2', 'cispd', 'all' or 'none'
          no_compute  none       # default   do not compute the pairs of this type, use 'mp2', 'cispd', 'all' or 'none'
              no_opt  none       # default   do not optimize the pnos of this type, use 'mp2', 'cispd', 'all' or 'none'
            no_guess  none       # derived   guess for this type will be empty, use 'mp2', 'cispd', 'all' or 'none'
     adaptive_solver  all        # default   Use adaptive solver for those pairs, use 'mp2', 'cispd', 'all' or 'none', works only in combination with guesstype 'exop'
                kain  true       # default   use KAIN solver in amplitude solver
       kain_subspace  5          # default   subspace size of the KAIN solver (amplitudes)
                 f12  false      # defined   use explicit correlation
        cispd_number  -1         # default   CIS(D) excitation numbers, to read in correct functions
        cispd_energy  0.0000e+00 # default   CIS energy
        freeze_pairs  none       # default   frozen pairs will not be optimized: Expected format 'a b c d' will freeze pairs ab and cd
freeze_pairs_of_orbital  []         # default    All pairs which originate from this orbital will not be optimized
active_pairs_of_orbital  []         # default    All pairs which originate from this orbital will not be frozen all other pairs will, if this vector is not empty
no_opt_in_first_iteration  false      # default   Do not optimize in the first iteration (then the potentials do not have to be evaluated, use this for large guesses)
            exchange  full       # default   approximate exchange with 'neglect' or xc functional -> same syntax as moldft
           save_pnos  true       # default   Save the OBS-PNOs to a file, before and after orthonormalization.
            diagonal  true       # defined   Compute only diagonal PNOs
              orthog  symmetric  # defined   orthogonalization method for PNO basis, also current default for a potential CABS. options: symmetric, canonical, cholesky, rr_cholesky,
         orthog_cabs  default    # default   orthogonalization method for CABS basis. options: symmetric, canonical, cholesky, rr_cholesky, uses same as orbitals basis if default.
               n_pno  6          # defined   desired size of PNO-basis (orbital space)
         cabs_option  none       # default   type of complementary auxiliary basis to be used. can be none ~ no CABS, gbs ~ Gaussian basis set as CABS, requires input via auxbas_file, pno ~ use superfluous PNOs as CABS, mixed ~ gbs&pno-option
       pno_cabs_size  -1         # default   size of a potential pno-cabs. defaults to -1 ~ all remaining PNOs, if pno-cabs or mixed-cabs
           only_diag  false      # default   use only diagonal elements PNOs
         cherry_pick  []         # default   cherry pick option to choose particular set of PNOs, not just blindly by occupation number. can be useful, if only a restricted number of PNOs can be used, to avoid separating degenerate pairs. can be envoked by passing a vector via [ elem1, elem2, ... ]
               gamma  1.4000e+00 # default   The f12 length scale, here to be used to compute f12-integrals
         cabs_thresh  1.0000e-04 # derived    thresh for cabs part
              auxbas  none       # default   atom centered partial wave guess of format like 'h-2s1p-o-3s2p1d'
         auxbas_file  none       # default   Use external comp. aux. basis in addition to the pnos as auxbasis. Give the filename as parameter. Give the auxbas in turbomole format. Don't use contractions. If a file is specified the auxbas parameter has no effect
   print_pno_overlap  true       # default   Print overlap matrix at certain steps in computation, for debugging purposes.
              n_virt  0          # defined   Compute this number of virtuals and include them in the integral construction, experimental and not robust!.
      hardcore_boson  false      # default   compute only integrals for hardcore boson hamiltonian (restricted to double occupations)

end
F12 Operators initialized right
timer:                    Testing F12 Operators     0.75s     0.75s 
timer:  Initializing (active) Exchange Orbitals     2.18s     2.18s 
Size of active mos and their exchange potentials:
K(acmos)=2.984881e-03 Gbyte
acmos   =2.759993e-03 Gbyte
PNO Parameters
pno
       rank_increase  15         # default   maximum rank to increase in every macroiteration
               chunk  100        # default   chunk of functions operated on in parallel when G or K is applied (prevent memory shortage)
               debug  false      # default   debug mode
              freeze  1          # derived   frozen core approximation
             maxrank  3          # defined   maximal pno rank for all pairs
           guesstype  exop       # derived   the guesstype: exop (recommended, multiply polynomial excitation operators onto the occupied orbitals), empty (don't compute a guess), scf (use the ao basis from the SCF solver), partial_wave (create s,p,d ..., type functions and place on atoms), predefined (same as partial_wave but for predefined sets)
                exop  multipole  # derived   this string defines which excitation operators can be used, use 'dipole', 'dipole+', 'quadrupole', 'ocopole', or 'multipole', need to set guesstype to 'exop' which is the default
          exop_trigo  true       # default   use trigonometric excitation operators ( x --> sin(x)
        partial_wave             # default   atom centered partial wave guess of format like 'h-2s1p-o-3s2p1d', need to set guesstype to 'partial_wave' and adaptive_solver to 'none'
          predefined             # default   predefined partial wave guesses of type pvxz with x=d,t,q,5,6, need to set guesstype to 'predefined' and adaptive_solver to 'none'
           maxiter_t  100        # default   maximal number of iterations in the amplitude solver
       maxiter_micro  10         # default   Maximum of iterations for every cycle in the adaptive solver
       maxiter_macro  10         # default   Maximum of iterations of cycles in the adaptive solver
                tpno  1.0000e-08 # default   PNO cutoff threshold
          tpno_tight  1.0000e-10 # derived   PNO cutoff for the first iteration
    canonicalize_pno  true       # default   canonicalize the pnos before the amplitude solver
              thresh  1.0000e-04 # defined   MRA threshold
         econv_micro  1.0000e-04 # derived   Energy convergence for microiterations (Greens function based optimization) in adaptive solver
         econv_pairs  1.0000e-05 # derived   ENergy convergence for individual pairs in adaptive solver. Converged pairs are frozen automatically
         econv_macro  1.0000e-04 # derived   Energy convergence for macroiterations in adaptive solver, no effect if adaptive_solver is deactivated
               dconv  1.0000e-01 # default   convergence of every PNO in the Green's function solver
           op_thresh  1.0000e-06 # default   MRA operator thresh
             restart  none       # derived   restart pairs of this type, use 'mp2', 'cispd', 'all' or 'none'
          no_compute  none       # default   do not compute the pairs of this type, use 'mp2', 'cispd', 'all' or 'none'
              no_opt  none       # default   do not optimize the pnos of this type, use 'mp2', 'cispd', 'all' or 'none'
            no_guess  none       # derived   guess for this type will be empty, use 'mp2', 'cispd', 'all' or 'none'
     adaptive_solver  all        # default   Use adaptive solver for those pairs, use 'mp2', 'cispd', 'all' or 'none', works only in combination with guesstype 'exop'
                kain  true       # default   use KAIN solver in amplitude solver
       kain_subspace  5          # default   subspace size of the KAIN solver (amplitudes)
                 f12  false      # defined   use explicit correlation
        cispd_number  -1         # default   CIS(D) excitation numbers, to read in correct functions
        cispd_energy  0.0000e+00 # default   CIS energy
        freeze_pairs  none       # default   frozen pairs will not be optimized: Expected format 'a b c d' will freeze pairs ab and cd
freeze_pairs_of_orbital  []         # default    All pairs which originate from this orbital will not be optimized
active_pairs_of_orbital  []         # default    All pairs which originate from this orbital will not be frozen all other pairs will, if this vector is not empty
no_opt_in_first_iteration  false      # default   Do not optimize in the first iteration (then the potentials do not have to be evaluated, use this for large guesses)
            exchange  full       # default   approximate exchange with 'neglect' or xc functional -> same syntax as moldft
           save_pnos  true       # default   Save the OBS-PNOs to a file, before and after orthonormalization.
            diagonal  true       # defined   Compute only diagonal PNOs

end

**********************
Solve PNO-MP2
*********************


**********************
Iterate Pairs
*********************


************************
Adaptive Solver
***********************

Initializing empty Pairs:
no guess was explicitly demanded for mp2

timer:                                     RRCD     0.00s     0.00s 
timer:                             MRA compress     0.00s     0.00s 
timer:                          Transform Pairs     0.00s     0.00s 
timer:          apply Q and orthonormalize PNOs     0.00s     0.00s 
Created Guess:
pair11 with 0 guess functions
pair21 with 0 guess functions
pair22 with 0 guess functions
guess pair11 size: 0.0000000000e+00 | 0.0000000000e+00 Gbyte (after truncation)
guess pair22 size: 0.0000000000e+00 | 0.0000000000e+00 Gbyte (after truncation)
timer:                           truncate guess     0.00s     0.00s 
timer:                         Initialize Pairs     0.00s     0.00s 
Keyword multipole is not known
Guess protocol for adaptively growing ranks is: [dipole+, quadrupole, big_fock_3, big_fock_3, big_fock_3, big_fock_3, big_fock_3, big_fock_3, big_fock_3, big_fock_3]


--------Adaptive Solver Macroiteration 0 from max 10 ----------

Growing ranks with exop=dipole+
Create guess functions by multiplying plane-waves to 1 functions 
Created 4 virtuals for pair11
pair21 is frozen: no growing
Create guess functions by multiplying plane-waves to 1 functions 
Created 4 virtuals for pair22
frozen pair: no orthonormalization
timer:                                     RRCD     0.06s     0.06s 
timer:                             MRA compress     0.00s     0.00s 
timer:                          Transform Pairs     0.11s     0.11s 
timer:                        grow PNO subspace     1.87s     1.87s 
SolveInternal: Parameters are assigned as
no_compute        = false
no_opt            = false
restart           = false
do_cispd          = false
econv             =1.0000000000e-04
maxrank (min,max) = (3,3)
Solving MP2 doubles
timer:          fock matrix     2.94s     2.94s
Information About All Pairs:
mp2_pair11           number=0 rank=  4 frozen=false
mp2_pair21           number=1 rank=  0 frozen=true
mp2_pair22           number=2 rank=  4 frozen=false
number of pairs=3
average rank   =2 (2.6666666667e+00)
largest rank   =4
PNOPairs Memory Information
Total: 0.0104675293 GB 
PNO  : 0.0104675293 GB 
KPNO : 0.0000000000 GB 
W    : 0.0000000000 GB 

timer:                                 truncate     0.03s     0.03s 
wall time=115.9543590546 chunk=8 allK.size()=8 memory=0.0100586414 GB
timer:                             compute KPNO     4.38s     4.38s 
wall time=116.1074900627 chunk=8 allJ.size()=8 memory=0.0117759705 GB
timer:                             compute JPNO     0.15s     0.15s 
timer:                    compute Fock matrices     1.27s     1.27s 
timer:                             MRA compress     0.00s     0.00s 
timer:                          Transform Pairs     0.32s     0.32s 
timer:                             Canonicalize     0.32s     0.32s 
PNOPairs Memory Information
Total: 0.0198719501 GB 
PNO  : 0.0101404190 GB 
KPNO : 0.0097315311 GB 
W    : 0.0000000000 GB 

timer:                                 truncate     0.02s     0.02s 
mp2_pair21 is frozen: potential not computed
timer:                   Fluctuation Potentials     2.08s     2.08s 
timer:                       Fluctuation Matrix     0.21s     0.21s 
PNOPairs Memory Information
Total: 0.0341012478 GB 
PNO  : 0.0101404190 GB 
KPNO : 0.0097315311 GB 
W    : 0.0142292976 GB 

PNOPairs Memory Information
Total: 0.0341012478 GB 
PNO  : 0.0101404190 GB 
KPNO : 0.0097315311 GB 
W    : 0.0142292976 GB 

timer:                                 truncate     0.04s     0.04s 
timer:                             PNO Overlaps     0.08s     0.08s 
t_iter =  0  Hylleraas energy =  0.0000000000  ||R||_F =  0.1578072098  conv =  no
subspace solution [*]   1.00000000

t_iter =  1  Hylleraas energy =  -0.0308952588  ||R||_F =  0.0000001672  conv =  yes
=======================================================

Hylleraas MP2 Energies

=======================================================
    i    j      singlet      triplet        Total
=======================================================
    1    1  -1.40150e-02  0.00000e+00 -1.40150e-02
    2    1   0.00000e+00  0.00000e+00  0.00000e+00
    2    2  -1.68802e-02  0.00000e+00 -1.68802e-02
=======================================================
Hylleraas MP2 Energies (singlet): -3.08953e-02
Hylleraas MP2 Energies (triplet):  0.00000e+00
Hylleraas MP2 Energies (total)  : -3.08953e-02
=======================================================
-------------------------------------------
Total Reg Energy  =-3.08953e-02
Total F12 Energy  = 0.00000e+00
Sum Energies Total=-3.08953e-02
-------------------------------------------
timer:                         Solve Amplitudes     0.00s     0.00s 
No optimization untill now: Compressing pno ranks with tighter threshold
1.00000e-10 instead of 1.00000e-08
pair11: density evals:
 [*]   0.00264668   0.00365498   0.00365498   0.02240076

pair11: # of PNOs reduced from  4  to  3  maxrank= 3
pair22: density evals:
 [*]   0.00252200   0.00330319   0.00330319   0.03986685

pair22: # of PNOs reduced from  4  to  3  maxrank= 3
timer:                            compress PNOs     0.00s     0.00s 
timer:                             MRA compress     0.00s     0.00s 
timer:                          Transform Pairs     0.52s     0.52s 
timer:                          PNO Compression     0.53s     0.53s 
Information About All Pairs:
mp2_pair11           number=0 rank=  3 frozen=false
mp2_pair21           number=1 rank=  0 frozen=true
mp2_pair22           number=2 rank=  3 frozen=false
number of pairs=3
average rank   =2 (2.00000e+00)
largest rank   =3
saving vector of functions mp2_pair11
saving vector of functions mp2_pair22
timer:                        save pnos on disc     0.15s     0.15s 
PNOPairs Memory Information
Total: 0.02462 GB 
PNO  : 0.00732 GB 
KPNO : 0.00691 GB 
W    : 0.01039 GB 

timer:                                 truncate     0.03s     0.03s 
timer:      compute densities for G application     0.00s     0.00s 
pair21 is frozen: no optimization
timer:                Prepare for G application     0.28s     0.28s 
timer:                                    add K     0.02s     0.02s 
size of all Vpsi potentials (without Vnuc and J) 0.00904 GB 
time=121.76997 chunk=6 Vpsi+Vnuc+J=0.02253 GB
time=121.83513 chunk=6 Vpsi+Vnuc+J=0.02220 GB (after truncation)
timer:                           Apply G to all     2.36s     2.36s 
timer:                       apply Q and update     0.00s     0.00s 
mp2_pair11 residual norms:
[0.35536, 0.35536, 0.39276]
mp2_pair11 scaled residual norms:
[0.02148, 0.02148, 0.05878]
mp2_pair22 residual norms:
[0.35767, 0.35767, 0.37055]
mp2_pair22 scaled residual norms:
[0.02056, 0.02056, 0.07399]
timer:                          update all PNOs     2.66s     2.66s 
frozen pair: no orthonormalization
timer:                                     RRCD     0.09s     0.09s 
timer:                             MRA compress     0.00s     0.00s 
timer:                          Transform Pairs     0.07s     0.07s 
saving vector of functions mp2_pair11
saving vector of functions mp2_pair22
timer:                        save pnos on disc     0.12s     0.12s 


No convergence yet. Energy change = 0.03090

timer:                        Whole Iteration 1    12.34s    12.34s 
Information About All Pairs:
mp2_pair11           number=0 rank=  3 frozen=false
mp2_pair21           number=1 rank=  0 frozen=true
mp2_pair22           number=2 rank=  3 frozen=false
number of pairs=3
average rank   =2 (2.00000)
largest rank   =3
PNOPairs Memory Information
Total: 0.00724 GB 
PNO  : 0.00724 GB 
KPNO : 0.00000 GB 
W    : 0.00000 GB 

timer:                                 truncate     0.02s     0.02s 
wall time=127.43741 chunk=6 allK.size()=6 memory=0.00707 GB
timer:                             compute KPNO     3.52s     3.52s 
wall time=127.63590 chunk=6 allJ.size()=6 memory=0.00781 GB
timer:                             compute JPNO     0.20s     0.20s 
timer:                    compute Fock matrices     1.26s     1.26s 
timer:                             MRA compress     0.00s     0.00s 
timer:                          Transform Pairs     0.24s     0.24s 
timer:                             Canonicalize     0.24s     0.24s 
PNOPairs Memory Information
Total: 0.01431 GB 
PNO  : 0.00724 GB 
KPNO : 0.00707 GB 
W    : 0.00000 GB 

timer:                                 truncate     0.06s     0.06s 
mp2_pair21 is frozen: potential not computed
timer:                   Fluctuation Potentials     1.69s     1.69s 
timer:                       Fluctuation Matrix     0.10s     0.10s 
PNOPairs Memory Information
Total: 0.02486 GB 
PNO  : 0.00724 GB 
KPNO : 0.00707 GB 
W    : 0.01055 GB 

PNOPairs Memory Information
Total: 0.02486 GB 
PNO  : 0.00724 GB 
KPNO : 0.00707 GB 
W    : 0.01055 GB 

timer:                                 truncate     0.04s     0.04s 
timer:                             PNO Overlaps     0.10s     0.10s 
t_iter =  0  Hylleraas energy =  0.00000  ||R||_F =  0.21023  conv =  no
subspace solution [*]   1.00000000

t_iter =  1  Hylleraas energy =  -0.05012  ||R||_F =  0.00000  conv =  yes
=======================================================

Hylleraas MP2 Energies

=======================================================
    i    j      singlet      triplet        Total
=======================================================
    1    1  -2.24920e-02  0.00000e+00 -2.24920e-02
    2    1   0.00000e+00  0.00000e+00  0.00000e+00
    2    2  -2.76303e-02  0.00000e+00 -2.76303e-02
=======================================================
Hylleraas MP2 Energies (singlet): -5.01223e-02
Hylleraas MP2 Energies (triplet):  0.00000e+00
Hylleraas MP2 Energies (total)  : -5.01223e-02
=======================================================
-------------------------------------------
Total Reg Energy  =-5.01223e-02
Total F12 Energy  = 0.00000e+00
Sum Energies Total=-5.01223e-02
-------------------------------------------
timer:                         Solve Amplitudes     0.00s     0.00s 
pair11: density evals:
 [*]   0.00436855   0.00436855   0.03774576

pair22: density evals:
 [*]   0.00388899   0.00388899   0.06770844

timer:                            compress PNOs     0.00s     0.00s 
timer:                             MRA compress     0.00s     0.00s 
timer:                          Transform Pairs     0.50s     0.50s 
timer:                          PNO Compression     0.50s     0.50s 
Information About All Pairs:
mp2_pair11           number=0 rank=  3 frozen=false
mp2_pair21           number=1 rank=  0 frozen=true
mp2_pair22           number=2 rank=  3 frozen=false
number of pairs=3
average rank   =2 (2.00000e+00)
largest rank   =3
saving vector of functions mp2_pair11
saving vector of functions mp2_pair22
timer:                        save pnos on disc     0.15s     0.15s 
PNOPairs Memory Information
Total: 0.02486 GB 
PNO  : 0.00724 GB 
KPNO : 0.00707 GB 
W    : 0.01055 GB 

timer:                                 truncate     0.05s     0.05s 
timer:      compute densities for G application     0.00s     0.00s 
pair21 is frozen: no optimization
timer:                Prepare for G application     0.25s     0.25s 
timer:                                    add K     0.03s     0.03s 
size of all Vpsi potentials (without Vnuc and J) 0.00985 GB 
time=132.78365 chunk=6 Vpsi+Vnuc+J=0.02188 GB
time=132.85147 chunk=6 Vpsi+Vnuc+J=0.02130 GB (after truncation)
timer:                           Apply G to all     2.42s     2.42s 
timer:                       apply Q and update     0.00s     0.00s 
mp2_pair11 residual norms:
[0.08717, 0.08717, 0.11053]
mp2_pair11 scaled residual norms:
[0.00576, 0.00576, 0.02147]
mp2_pair22 residual norms:
[0.09057, 0.09057, 0.09405]
mp2_pair22 scaled residual norms:
[0.00565, 0.00565, 0.02447]
timer:                          update all PNOs     2.70s     2.70s 
frozen pair: no orthonormalization
timer:                                     RRCD     0.06s     0.06s 
timer:                             MRA compress     0.00s     0.00s 
timer:                          Transform Pairs     0.03s     0.03s 
saving vector of functions mp2_pair11
saving vector of functions mp2_pair22
timer:                        save pnos on disc     0.12s     0.12s 


No convergence yet. Energy change = 0.01923

timer:                        Whole Iteration 2    10.91s    10.91s 
Information About All Pairs:
mp2_pair11           number=0 rank=  3 frozen=false
mp2_pair21           number=1 rank=  0 frozen=true
mp2_pair22           number=2 rank=  3 frozen=false
number of pairs=3
average rank   =2 (2.00000)
largest rank   =3
PNOPairs Memory Information
Total: 0.00699 GB 
PNO  : 0.00699 GB 
KPNO : 0.00000 GB 
W    : 0.00000 GB 

timer:                                 truncate     0.05s     0.05s 
wall time=138.32096 chunk=6 allK.size()=6 memory=0.00724 GB
timer:                             compute KPNO     3.47s     3.47s 
wall time=138.45120 chunk=6 allJ.size()=6 memory=0.00814 GB
timer:                             compute JPNO     0.13s     0.13s 
timer:                    compute Fock matrices     1.19s     1.19s 
timer:                             MRA compress     0.00s     0.00s 
timer:                          Transform Pairs     0.18s     0.18s 
timer:                             Canonicalize     0.18s     0.18s 
PNOPairs Memory Information
Total: 0.01423 GB 
PNO  : 0.00699 GB 
KPNO : 0.00724 GB 
W    : 0.00000 GB 

timer:                                 truncate     0.04s     0.04s 
mp2_pair21 is frozen: potential not computed
timer:                   Fluctuation Potentials     1.67s     1.67s 
timer:                       Fluctuation Matrix     0.20s     0.20s 
PNOPairs Memory Information
Total: 0.02478 GB 
PNO  : 0.00699 GB 
KPNO : 0.00724 GB 
W    : 0.01055 GB 

PNOPairs Memory Information
Total: 0.02478 GB 
PNO  : 0.00699 GB 
KPNO : 0.00724 GB 
W    : 0.01055 GB 

timer:                                 truncate     0.04s     0.04s 
timer:                             PNO Overlaps     0.14s     0.14s 
t_iter =  0  Hylleraas energy =  0.00000  ||R||_F =  0.22398  conv =  no
subspace solution [*]   1.00000000

t_iter =  1  Hylleraas energy =  -0.05301  ||R||_F =  0.00000  conv =  yes
=======================================================

Hylleraas MP2 Energies

=======================================================
    i    j      singlet      triplet        Total
=======================================================
    1    1  -2.38718e-02  0.00000e+00 -2.38718e-02
    2    1   0.00000e+00  0.00000e+00  0.00000e+00
    2    2  -2.91406e-02  0.00000e+00 -2.91406e-02
=======================================================
Hylleraas MP2 Energies (singlet): -5.30124e-02
Hylleraas MP2 Energies (triplet):  0.00000e+00
Hylleraas MP2 Energies (total)  : -5.30124e-02
=======================================================
-------------------------------------------
Total Reg Energy  =-5.30124e-02
Total F12 Energy  = 0.00000e+00
Sum Energies Total=-5.30124e-02
-------------------------------------------
timer:                         Solve Amplitudes     0.00s     0.00s 
pair11: density evals:
 [*]   0.00417706   0.00417706   0.03741432

pair22: density evals:
 [*]   0.00369456   0.00369456   0.06730347

timer:                            compress PNOs     0.00s     0.00s 
timer:                             MRA compress     0.00s     0.00s 
timer:                          Transform Pairs     0.26s     0.26s 
timer:                          PNO Compression     0.26s     0.26s 
Information About All Pairs:
mp2_pair11           number=0 rank=  3 frozen=false
mp2_pair21           number=1 rank=  0 frozen=true
mp2_pair22           number=2 rank=  3 frozen=false
number of pairs=3
average rank   =2 (2.00000e+00)
largest rank   =3
saving vector of functions mp2_pair11
saving vector of functions mp2_pair22
timer:                        save pnos on disc     0.14s     0.14s 
PNOPairs Memory Information
Total: 0.02478 GB 
PNO  : 0.00699 GB 
KPNO : 0.00724 GB 
W    : 0.01055 GB 

timer:                                 truncate     0.04s     0.04s 
timer:      compute densities for G application     0.00s     0.00s 
pair21 is frozen: no optimization
timer:                Prepare for G application     0.21s     0.21s 
timer:                                    add K     0.02s     0.02s 
size of all Vpsi potentials (without Vnuc and J) 0.01002 GB 
time=143.08134 chunk=6 Vpsi+Vnuc+J=0.02179 GB
time=143.11549 chunk=6 Vpsi+Vnuc+J=0.02098 GB (after truncation)
timer:                           Apply G to all     2.18s     2.18s 
timer:                       apply Q and update     0.00s     0.00s 
mp2_pair11 residual norms:
[0.02985, 0.02985, 0.04584]
mp2_pair11 scaled residual norms:
[0.00193, 0.00193, 0.00887]
mp2_pair22 residual norms:
[0.03819, 0.03819, 0.03765]
mp2_pair22 scaled residual norms:
[0.00232, 0.00232, 0.00977]
timer:                          update all PNOs     2.42s     2.42s 
frozen pair: no orthonormalization
timer:                                     RRCD     0.06s     0.06s 
timer:                             MRA compress     0.00s     0.00s 
timer:                          Transform Pairs     0.09s     0.09s 
saving vector of functions mp2_pair11
saving vector of functions mp2_pair22
timer:                        save pnos on disc     0.13s     0.13s 


No convergence yet. Energy change = 0.00289

timer:                        Whole Iteration 3    10.29s    10.29s 
Information About All Pairs:
mp2_pair11           number=0 rank=  3 frozen=false
mp2_pair21           number=1 rank=  0 frozen=true
mp2_pair22           number=2 rank=  3 frozen=false
number of pairs=3
average rank   =2 (2.00000)
largest rank   =3
PNOPairs Memory Information
Total: 0.00724 GB 
PNO  : 0.00724 GB 
KPNO : 0.00000 GB 
W    : 0.00000 GB 

timer:                                 truncate     0.03s     0.03s 
wall time=148.84522 chunk=6 allK.size()=6 memory=0.00724 GB
timer:                             compute KPNO     3.73s     3.73s 
wall time=148.98311 chunk=6 allJ.size()=6 memory=0.00822 GB
timer:                             compute JPNO     0.14s     0.14s 
timer:                    compute Fock matrices     1.25s     1.25s 
timer:                             MRA compress     0.00s     0.00s 
timer:                          Transform Pairs     0.23s     0.23s 
timer:                             Canonicalize     0.23s     0.23s 
PNOPairs Memory Information
Total: 0.01447 GB 
PNO  : 0.00724 GB 
KPNO : 0.00724 GB 
W    : 0.00000 GB 

timer:                                 truncate     0.04s     0.04s 
mp2_pair21 is frozen: potential not computed
timer:                   Fluctuation Potentials     1.79s     1.79s 
timer:                       Fluctuation Matrix     0.17s     0.17s 
PNOPairs Memory Information
Total: 0.02502 GB 
PNO  : 0.00724 GB 
KPNO : 0.00724 GB 
W    : 0.01055 GB 

PNOPairs Memory Information
Total: 0.02502 GB 
PNO  : 0.00724 GB 
KPNO : 0.00724 GB 
W    : 0.01055 GB 

timer:                                 truncate     0.04s     0.04s 
timer:                             PNO Overlaps     0.09s     0.09s 
t_iter =  0  Hylleraas energy =  0.00000  ||R||_F =  0.22879  conv =  no
subspace solution [*]   1.00000000

t_iter =  1  Hylleraas energy =  -0.05353  ||R||_F =  0.00000  conv =  yes
=======================================================

Hylleraas MP2 Energies

=======================================================
    i    j      singlet      triplet        Total
=======================================================
    1    1  -2.41186e-02  0.00000e+00 -2.41186e-02
    2    1   0.00000e+00  0.00000e+00  0.00000e+00
    2    2  -2.94111e-02  0.00000e+00 -2.94111e-02
=======================================================
Hylleraas MP2 Energies (singlet): -5.35296e-02
Hylleraas MP2 Energies (triplet):  0.00000e+00
Hylleraas MP2 Energies (total)  : -5.35296e-02
=======================================================
-------------------------------------------
Total Reg Energy  =-5.35296e-02
Total F12 Energy  = 0.00000e+00
Sum Energies Total=-5.35296e-02
-------------------------------------------
timer:                         Solve Amplitudes     0.00s     0.00s 
pair11: density evals:
 [*]   0.00407700   0.00407700   0.03649393

pair22: density evals:
 [*]   0.00358159   0.00358159   0.06592941

timer:                            compress PNOs     0.00s     0.00s 
timer:                             MRA compress     0.00s     0.00s 
timer:                          Transform Pairs     0.34s     0.34s 
timer:                          PNO Compression     0.34s     0.34s 
Information About All Pairs:
mp2_pair11           number=0 rank=  3 frozen=false
mp2_pair21           number=1 rank=  0 frozen=true
mp2_pair22           number=2 rank=  3 frozen=false
number of pairs=3
average rank   =2 (2.00000e+00)
largest rank   =3
saving vector of functions mp2_pair11
saving vector of functions mp2_pair22
timer:                        save pnos on disc     0.13s     0.13s 
PNOPairs Memory Information
Total: 0.02502 GB 
PNO  : 0.00724 GB 
KPNO : 0.00724 GB 
W    : 0.01055 GB 

timer:                                 truncate     0.06s     0.06s 
timer:      compute densities for G application     0.00s     0.00s 
pair21 is frozen: no optimization
timer:                Prepare for G application     0.28s     0.28s 
timer:                                    add K     0.03s     0.03s 
size of all Vpsi potentials (without Vnuc and J) 0.01018 GB 
time=154.05567 chunk=6 Vpsi+Vnuc+J=0.02228 GB
time=154.11141 chunk=6 Vpsi+Vnuc+J=0.02114 GB (after truncation)
timer:                           Apply G to all     2.32s     2.32s 
timer:                       apply Q and update     0.00s     0.00s 
mp2_pair11 residual norms:
[0.01226, 0.01226, 0.02035]
mp2_pair11 scaled residual norms:
[0.00078, 0.00078, 0.00389]
mp2_pair22 residual norms:
[0.02131, 0.02131, 0.01673]
mp2_pair22 scaled residual norms:
[0.00128, 0.00128, 0.00430]
timer:                          update all PNOs     2.63s     2.63s 
frozen pair: no orthonormalization
timer:                                     RRCD     0.07s     0.07s 
timer:                             MRA compress     0.00s     0.00s 
timer:                          Transform Pairs     0.11s     0.11s 
saving vector of functions mp2_pair11
saving vector of functions mp2_pair22
timer:                        save pnos on disc     0.13s     0.13s 


No convergence yet. Energy change = 0.00052

timer:                        Whole Iteration 4    11.03s    11.03s 
Information About All Pairs:
mp2_pair11           number=0 rank=  3 frozen=false
mp2_pair21           number=1 rank=  0 frozen=true
mp2_pair22           number=2 rank=  3 frozen=false
number of pairs=3
average rank   =2 (2.00000)
largest rank   =3
PNOPairs Memory Information
Total: 0.00748 GB 
PNO  : 0.00748 GB 
KPNO : 0.00000 GB 
W    : 0.00000 GB 

timer:                                 truncate     0.04s     0.04s 
wall time=159.58906 chunk=6 allK.size()=6 memory=0.00724 GB
timer:                             compute KPNO     3.43s     3.43s 
wall time=159.75518 chunk=6 allJ.size()=6 memory=0.00838 GB
timer:                             compute JPNO     0.17s     0.17s 
timer:                    compute Fock matrices     1.34s     1.34s 
timer:                             MRA compress     0.00s     0.00s 
timer:                          Transform Pairs     0.23s     0.23s 
timer:                             Canonicalize     0.24s     0.24s 
PNOPairs Memory Information
Total: 0.01456 GB 
PNO  : 0.00732 GB 
KPNO : 0.00724 GB 
W    : 0.00000 GB 

timer:                                 truncate     0.04s     0.04s 
mp2_pair21 is frozen: potential not computed
timer:                   Fluctuation Potentials     1.72s     1.72s 
timer:                       Fluctuation Matrix     0.12s     0.12s 
PNOPairs Memory Information
Total: 0.02511 GB 
PNO  : 0.00732 GB 
KPNO : 0.00724 GB 
W    : 0.01055 GB 

PNOPairs Memory Information
Total: 0.02511 GB 
PNO  : 0.00732 GB 
KPNO : 0.00724 GB 
W    : 0.01055 GB 

timer:                                 truncate     0.05s     0.05s 
timer:                             PNO Overlaps     0.06s     0.06s 
t_iter =  0  Hylleraas energy =  0.00000  ||R||_F =  0.23078  conv =  no
subspace solution [*]   1.00000000

t_iter =  1  Hylleraas energy =  -0.05364  ||R||_F =  0.00000  conv =  yes
=======================================================

Hylleraas MP2 Energies

=======================================================
    i    j      singlet      triplet        Total
=======================================================
    1    1  -2.41685e-02  0.00000e+00 -2.41685e-02
    2    1   0.00000e+00  0.00000e+00  0.00000e+00
    2    2  -2.94705e-02  0.00000e+00 -2.94705e-02
=======================================================
Hylleraas MP2 Energies (singlet): -5.36390e-02
Hylleraas MP2 Energies (triplet):  0.00000e+00
Hylleraas MP2 Energies (total)  : -5.36390e-02
=======================================================
-------------------------------------------
Total Reg Energy  =-5.36390e-02
Total F12 Energy  = 0.00000e+00
Sum Energies Total=-5.36390e-02
-------------------------------------------
timer:                         Solve Amplitudes     0.00s     0.00s 
pair11: density evals:
 [*]   0.00403210   0.00403210   0.03596435

pair22: density evals:
 [*]   0.00351933   0.00351933   0.06514794

timer:                            compress PNOs     0.00s     0.00s 
timer:                             MRA compress     0.00s     0.00s 
timer:                          Transform Pairs     0.28s     0.28s 
timer:                          PNO Compression     0.28s     0.28s 
Information About All Pairs:
mp2_pair11           number=0 rank=  3 frozen=false
mp2_pair21           number=1 rank=  0 frozen=true
mp2_pair22           number=2 rank=  3 frozen=false
number of pairs=3
average rank   =2 (2.00000e+00)
largest rank   =3
saving vector of functions mp2_pair11
saving vector of functions mp2_pair22
timer:                        save pnos on disc     0.13s     0.13s 
PNOPairs Memory Information
Total: 0.02511 GB 
PNO  : 0.00732 GB 
KPNO : 0.00724 GB 
W    : 0.01055 GB 

timer:                                 truncate     0.09s     0.09s 
timer:      compute densities for G application     0.00s     0.00s 
pair21 is frozen: no optimization
timer:                Prepare for G application     0.31s     0.31s 
timer:                                    add K     0.03s     0.03s 
size of all Vpsi potentials (without Vnuc and J) 0.01034 GB 
time=164.81757 chunk=6 Vpsi+Vnuc+J=0.02245 GB
time=164.87577 chunk=6 Vpsi+Vnuc+J=0.02130 GB (after truncation)
timer:                           Apply G to all     2.34s     2.34s 
timer:                       apply Q and update     0.00s     0.00s 
mp2_pair11 residual norms:
[0.00602, 0.00602, 0.00926]
mp2_pair11 scaled residual norms:
[0.00038, 0.00038, 0.00176]
mp2_pair22 residual norms:
[0.01360, 0.01360, 0.00778]
mp2_pair22 scaled residual norms:
[0.00081, 0.00081, 0.00199]
timer:                          update all PNOs     2.68s     2.68s 
frozen pair: no orthonormalization
timer:                                     RRCD     0.09s     0.09s 
timer:                             MRA compress     0.00s     0.00s 
timer:                          Transform Pairs     0.04s     0.04s 
saving vector of functions mp2_pair11
saving vector of functions mp2_pair22
timer:                        save pnos on disc     0.13s     0.13s 


No convergence yet. Energy change = 0.00011

timer:                        Whole Iteration 5    10.72s    10.72s 
Information About All Pairs:
mp2_pair11           number=0 rank=  3 frozen=false
mp2_pair21           number=1 rank=  0 frozen=true
mp2_pair22           number=2 rank=  3 frozen=false
number of pairs=3
average rank   =2 (2.00000)
largest rank   =3
PNOPairs Memory Information
Total: 0.00748 GB 
PNO  : 0.00748 GB 
KPNO : 0.00000 GB 
W    : 0.00000 GB 

timer:                                 truncate     0.06s     0.06s 
wall time=170.54935 chunk=6 allK.size()=6 memory=0.00724 GB
timer:                             compute KPNO     3.65s     3.65s 
wall time=170.71825 chunk=6 allJ.size()=6 memory=0.00838 GB
timer:                             compute JPNO     0.17s     0.17s 
timer:                    compute Fock matrices     1.33s     1.33s 
timer:                             MRA compress     0.00s     0.00s 
timer:                          Transform Pairs     0.11s     0.11s 
timer:                             Canonicalize     0.12s     0.12s 
PNOPairs Memory Information
Total: 0.01456 GB 
PNO  : 0.00732 GB 
KPNO : 0.00724 GB 
W    : 0.00000 GB 

timer:                                 truncate     0.06s     0.06s 
mp2_pair21 is frozen: potential not computed
timer:                   Fluctuation Potentials     1.93s     1.93s 
timer:                       Fluctuation Matrix     0.22s     0.22s 
PNOPairs Memory Information
Total: 0.02511 GB 
PNO  : 0.00732 GB 
KPNO : 0.00724 GB 
W    : 0.01055 GB 

PNOPairs Memory Information
Total: 0.02511 GB 
PNO  : 0.00732 GB 
KPNO : 0.00724 GB 
W    : 0.01055 GB 

timer:                                 truncate     0.05s     0.05s 
timer:                             PNO Overlaps     0.06s     0.06s 
t_iter =  0  Hylleraas energy =  0.00000  ||R||_F =  0.23169  conv =  no
subspace solution [*]   1.00000000

t_iter =  1  Hylleraas energy =  -0.05366  ||R||_F =  0.00000  conv =  yes
=======================================================

Hylleraas MP2 Energies

=======================================================
    i    j      singlet      triplet        Total
=======================================================
    1    1  -2.41783e-02  0.00000e+00 -2.41783e-02
    2    1   0.00000e+00  0.00000e+00  0.00000e+00
    2    2  -2.94835e-02  0.00000e+00 -2.94835e-02
=======================================================
Hylleraas MP2 Energies (singlet): -5.36618e-02
Hylleraas MP2 Energies (triplet):  0.00000e+00
Hylleraas MP2 Energies (total)  : -5.36618e-02
=======================================================
-------------------------------------------
Total Reg Energy  =-5.36618e-02
Total F12 Energy  = 0.00000e+00
Sum Energies Total=-5.36618e-02
-------------------------------------------
timer:                         Solve Amplitudes     0.00s     0.00s 
pair11: density evals:
 [*]   0.00401064   0.00401064   0.03569917

pair22: density evals:
 [*]   0.00348207   0.00348207   0.06475396

timer:                            compress PNOs     0.00s     0.00s 
timer:                             MRA compress     0.00s     0.00s 
timer:                          Transform Pairs     0.43s     0.43s 
timer:                          PNO Compression     0.43s     0.43s 
Information About All Pairs:
mp2_pair11           number=0 rank=  3 frozen=false
mp2_pair21           number=1 rank=  0 frozen=true
mp2_pair22           number=2 rank=  3 frozen=false
number of pairs=3
average rank   =2 (2.00000e+00)
largest rank   =3
saving vector of functions mp2_pair11
saving vector of functions mp2_pair22
timer:                        save pnos on disc     0.16s     0.16s 
PNOPairs Memory Information
Total: 0.02511 GB 
PNO  : 0.00732 GB 
KPNO : 0.00724 GB 
W    : 0.01055 GB 

timer:                                 truncate     0.04s     0.04s 
timer:      compute densities for G application     0.00s     0.00s 
pair21 is frozen: no optimization
timer:                Prepare for G application     0.26s     0.26s 
timer:                                    add K     0.04s     0.04s 
size of all Vpsi potentials (without Vnuc and J) 0.01034 GB 
time=176.00165 chunk=6 Vpsi+Vnuc+J=0.02253 GB
time=176.06335 chunk=6 Vpsi+Vnuc+J=0.02138 GB (after truncation)
timer:                           Apply G to all     2.32s     2.32s 
timer:                       apply Q and update     0.00s     0.00s 
mp2_pair11 residual norms:
[0.00337, 0.00337, 0.00425]
mp2_pair11 scaled residual norms:
[0.00021, 0.00021, 0.00080]
mp2_pair22 residual norms:
[0.00912, 0.00912, 0.00376]
mp2_pair22 scaled residual norms:
[0.00054, 0.00054, 0.00096]
timer:                          update all PNOs     2.62s     2.62s 
frozen pair: no orthonormalization
timer:                                     RRCD     0.08s     0.08s 
timer:                             MRA compress     0.00s     0.00s 
timer:                          Transform Pairs     0.11s     0.11s 
saving vector of functions mp2_pair11
saving vector of functions mp2_pair22
timer:                        save pnos on disc     0.14s     0.14s 


CONVERGED!
energy change = 0.00002

re-entering loop to compute the correct amplitudes and energies
timer:                        Whole Iteration 6    11.24s    11.24s 
Information About All Pairs:
mp2_pair11           number=0 rank=  3 frozen=false
mp2_pair21           number=1 rank=  0 frozen=true
mp2_pair22           number=2 rank=  3 frozen=false
number of pairs=3
average rank   =2 (2.00000)
largest rank   =3
PNOPairs Memory Information
Total: 0.00748 GB 
PNO  : 0.00748 GB 
KPNO : 0.00000 GB 
W    : 0.00000 GB 

timer:                                 truncate     0.03s     0.03s 
wall time=181.60487 chunk=6 allK.size()=6 memory=0.00724 GB
timer:                             compute KPNO     3.49s     3.49s 
wall time=181.75116 chunk=6 allJ.size()=6 memory=0.00838 GB
timer:                             compute JPNO     0.15s     0.15s 
timer:                    compute Fock matrices     1.19s     1.19s 
timer:                             MRA compress     0.00s     0.00s 
timer:                          Transform Pairs     0.24s     0.24s 
timer:                             Canonicalize     0.24s     0.24s 
PNOPairs Memory Information
Total: 0.01456 GB 
PNO  : 0.00732 GB 
KPNO : 0.00724 GB 
W    : 0.00000 GB 

timer:                                 truncate     0.03s     0.03s 
mp2_pair21 is frozen: potential not computed
timer:                   Fluctuation Potentials     1.95s     1.95s 
timer:                       Fluctuation Matrix     0.14s     0.14s 
PNOPairs Memory Information
Total: 0.02511 GB 
PNO  : 0.00732 GB 
KPNO : 0.00724 GB 
W    : 0.01055 GB 

PNOPairs Memory Information
Total: 0.02511 GB 
PNO  : 0.00732 GB 
KPNO : 0.00724 GB 
W    : 0.01055 GB 

timer:                                 truncate     0.04s     0.04s 
timer:                             PNO Overlaps     0.06s     0.06s 
t_iter =  0  Hylleraas energy =  0.00000  ||R||_F =  0.23214  conv =  no
subspace solution [*]   1.00000000

t_iter =  1  Hylleraas energy =  -0.05367  ||R||_F =  0.00000  conv =  yes
=======================================================

Hylleraas MP2 Energies

=======================================================
    i    j      singlet      triplet        Total
=======================================================
    1    1  -2.41797e-02  0.00000e+00 -2.41797e-02
    2    1   0.00000e+00  0.00000e+00  0.00000e+00
    2    2  -2.94892e-02  0.00000e+00 -2.94892e-02
=======================================================
Hylleraas MP2 Energies (singlet): -5.36689e-02
Hylleraas MP2 Energies (triplet):  0.00000e+00
Hylleraas MP2 Energies (total)  : -5.36689e-02
=======================================================
-------------------------------------------
Total Reg Energy  =-5.36689e-02
Total F12 Energy  = 0.00000e+00
Sum Energies Total=-5.36689e-02
-------------------------------------------
timer:                         Solve Amplitudes     0.00s     0.00s 
pair11: density evals:
 [*]   0.00399943   0.00399943   0.03557217

pair22: density evals:
 [*]   0.00345825   0.00345825   0.06457721

timer:                            compress PNOs     0.00s     0.00s 
timer:                             MRA compress     0.00s     0.00s 
timer:                          Transform Pairs     0.41s     0.41s 
timer:                          PNO Compression     0.42s     0.42s 
Information About All Pairs:
mp2_pair11           number=0 rank=  3 frozen=false
mp2_pair21           number=1 rank=  0 frozen=true
mp2_pair22           number=2 rank=  3 frozen=false
number of pairs=3
average rank   =2 (2.00000e+00)
largest rank   =3
saving vector of functions mp2_pair11
saving vector of functions mp2_pair22
timer:                        save pnos on disc     0.14s     0.14s 
exiting: Iterations converged
PNO ranks:
PNO Rank for pair pair11 = 3
PNO Rank for pair pair21 = 0
PNO Rank for pair pair22 = 3
average rank 2.00000e+00
timer:                               PNO::solve    77.39s    77.39s 

--------------------------------
ITERATE-PAIRS-INTERNAL-ENDED
--------------------------------
mp2_pair21 converged!


Adaptive Sovler:
 Current Energy=-5.3668888993e-02
 DeltaE        =-5.3668888993e-02
 max dE (pair) =-2.9489220855e-02 (2)
 all_pairs_conv=false




not converged yet

freeze pair mp2_pair21 (not further optimized: Energy below 1.0000000000e-05)
Maximum Rank of3 reached for all non-frozen pairs, no need to iterate further=======================================================

Final MP2 Energies

=======================================================
    i    j      singlet      triplet        Total
=======================================================
    1    1  -2.41797e-02  0.00000e+00 -2.41797e-02
    2    1   0.00000e+00  0.00000e+00  0.00000e+00
    2    2  -2.94892e-02  0.00000e+00 -2.94892e-02
=======================================================
Final MP2 Energies (singlet): -5.36689e-02
Final MP2 Energies (triplet):  0.00000e+00
Final MP2 Energies (total)  : -5.36689e-02
=======================================================
-------------------------------------------
Total Reg Energy  =-5.36689e-02
Total F12 Energy  = 0.00000e+00
Sum Energies Total=-5.36689e-02
-------------------------------------------
Average | Max Rank: 2 | 3



--------------------------------------------------
MRA-PNO-MP2-F12 ended 
--------------------------------------------------
                 time scf = 1.01141e+02
               energy scf = -1.55230e+01
--------------------------------------------------
restarting PNO to reload pairs that converged before and were frozen
PNO Parameters
pno
       rank_increase  15         # default   maximum rank to increase in every macroiteration
               chunk  100        # default   chunk of functions operated on in parallel when G or K is applied (prevent memory shortage)
               debug  false      # default   debug mode
              freeze  1          # derived   frozen core approximation
             maxrank  3          # defined   maximal pno rank for all pairs
           guesstype  exop       # derived   the guesstype: exop (recommended, multiply polynomial excitation operators onto the occupied orbitals), empty (don't compute a guess), scf (use the ao basis from the SCF solver), partial_wave (create s,p,d ..., type functions and place on atoms), predefined (same as partial_wave but for predefined sets)
                exop  multipole  # derived   this string defines which excitation operators can be used, use 'dipole', 'dipole+', 'quadrupole', 'ocopole', or 'multipole', need to set guesstype to 'exop' which is the default
          exop_trigo  true       # default   use trigonometric excitation operators ( x --> sin(x)
        partial_wave             # default   atom centered partial wave guess of format like 'h-2s1p-o-3s2p1d', need to set guesstype to 'partial_wave' and adaptive_solver to 'none'
          predefined             # default   predefined partial wave guesses of type pvxz with x=d,t,q,5,6, need to set guesstype to 'predefined' and adaptive_solver to 'none'
           maxiter_t  100        # default   maximal number of iterations in the amplitude solver
       maxiter_micro  10         # default   Maximum of iterations for every cycle in the adaptive solver
       maxiter_macro  10         # default   Maximum of iterations of cycles in the adaptive solver
                tpno  1.0000e-08 # default   PNO cutoff threshold
          tpno_tight  1.0000e-10 # derived   PNO cutoff for the first iteration
    canonicalize_pno  true       # default   canonicalize the pnos before the amplitude solver
              thresh  1.0000e-04 # defined   MRA threshold
         econv_micro  1.0000e-04 # derived   Energy convergence for microiterations (Greens function based optimization) in adaptive solver
         econv_pairs  1.0000e-05 # derived   ENergy convergence for individual pairs in adaptive solver. Converged pairs are frozen automatically
         econv_macro  1.0000e-04 # derived   Energy convergence for macroiterations in adaptive solver, no effect if adaptive_solver is deactivated
               dconv  1.0000e-01 # default   convergence of every PNO in the Green's function solver
           op_thresh  1.0000e-06 # default   MRA operator thresh
             restart  all        # defined   restart pairs of this type, use 'mp2', 'cispd', 'all' or 'none'
          no_compute  none       # default   do not compute the pairs of this type, use 'mp2', 'cispd', 'all' or 'none'
              no_opt  all        # defined   do not optimize the pnos of this type, use 'mp2', 'cispd', 'all' or 'none'
            no_guess  all        # defined   guess for this type will be empty, use 'mp2', 'cispd', 'all' or 'none'
     adaptive_solver  none       # defined   Use adaptive solver for those pairs, use 'mp2', 'cispd', 'all' or 'none', works only in combination with guesstype 'exop'
                kain  true       # default   use KAIN solver in amplitude solver
       kain_subspace  5          # default   subspace size of the KAIN solver (amplitudes)
                 f12  false      # defined   use explicit correlation
        cispd_number  -1         # default   CIS(D) excitation numbers, to read in correct functions
        cispd_energy  0.0000e+00 # default   CIS energy
        freeze_pairs  none       # default   frozen pairs will not be optimized: Expected format 'a b c d' will freeze pairs ab and cd
freeze_pairs_of_orbital  []         # default    All pairs which originate from this orbital will not be optimized
active_pairs_of_orbital  []         # default    All pairs which originate from this orbital will not be frozen all other pairs will, if this vector is not empty
no_opt_in_first_iteration  false      # default   Do not optimize in the first iteration (then the potentials do not have to be evaluated, use this for large guesses)
            exchange  full       # default   approximate exchange with 'neglect' or xc functional -> same syntax as moldft
           save_pnos  true       # default   Save the OBS-PNOs to a file, before and after orthonormalization.
            diagonal  true       # defined   Compute only diagonal PNOs

end

**********************
Solve PNO-MP2
*********************


**********************
Iterate Pairs
*********************


************************
Standard Solver
***********************

Initializing Pairs:
Restart demanded for mp2 pairs
loading vector of functions mp2_pair11
Found PNOs for mp2_pair11 with rank 3
loading vector of functions mp2_pair21
failed to find PNO mp2_pair21 initialize as zero function
nloading vector of functions mp2_pair22
Found PNOs for mp2_pair22 with rank 3
no guess was explicitly demanded for mp2

timer:                                     RRCD     0.02s     0.02s 
timer:                             MRA compress     0.00s     0.00s 
timer:                          Transform Pairs     0.10s     0.10s 
timer:          apply Q and orthonormalize PNOs     0.37s     0.37s 
Created Guess:
pair11 with 3 guess functions
pair21 with 0 guess functions
pair22 with 3 guess functions
guess pair11 size: 3.6595463753e-03 | 3.6595463753e-03 Gbyte (after truncation)
guess pair22 size: 3.6595463753e-03 | 3.6595463753e-03 Gbyte (after truncation)
timer:                           truncate guess     0.06s     0.06s 
timer:                         Initialize Pairs     0.44s     0.44s 
Information About All Pairs:
mp2_pair11           number=0 rank=  3 frozen=false
mp2_pair21           number=1 rank=  0 frozen=true
mp2_pair22           number=2 rank=  3 frozen=false
number of pairs=3
average rank   =2 (2.0000000000e+00)
largest rank   =3
SolveInternal: Parameters are assigned as
no_compute        = false
no_opt            = true
restart           = true
do_cispd          = false
econv             =1.0000000000e-04
maxrank (min,max) = (3,3)
Solving MP2 doubles
timer:          fock matrix     2.91s     2.91s
Information About All Pairs:
mp2_pair11           number=0 rank=  3 frozen=false
mp2_pair21           number=1 rank=  0 frozen=true
mp2_pair22           number=2 rank=  3 frozen=false
number of pairs=3
average rank   =2 (2.0000000000e+00)
largest rank   =3
PNOPairs Memory Information
Total: 0.0073190928 GB 
PNO  : 0.0073190928 GB 
KPNO : 0.0000000000 GB 
W    : 0.0000000000 GB 

timer:                                 truncate     0.06s     0.06s 
wall time=192.8012099266 chunk=6 allK.size()=6 memory=0.0072373152 GB
timer:                             compute KPNO     3.39s     3.39s 
wall time=192.9431760311 chunk=6 allJ.size()=6 memory=0.0083004236 GB
timer:                             compute JPNO     0.14s     0.14s 
timer:                    compute Fock matrices     1.26s     1.26s 
timer:                             MRA compress     0.00s     0.00s 
timer:                          Transform Pairs     0.19s     0.19s 
timer:                             Canonicalize     0.19s     0.19s 
PNOPairs Memory Information
Total: 0.0145564079 GB 
PNO  : 0.0073190928 GB 
KPNO : 0.0072373152 GB 
W    : 0.0000000000 GB 

timer:                                 truncate     0.04s     0.04s 
mp2_pair21 is frozen: potential not computed
timer:                   Fluctuation Potentials     1.77s     1.77s 
timer:                       Fluctuation Matrix     0.09s     0.09s 
PNOPairs Memory Information
Total: 0.0251057148 GB 
PNO  : 0.0073190928 GB 
KPNO : 0.0072373152 GB 
W    : 0.0105493069 GB 

PNOPairs Memory Information
Total: 0.0251057148 GB 
PNO  : 0.0073190928 GB 
KPNO : 0.0072373152 GB 
W    : 0.0105493069 GB 

timer:                                 truncate     0.06s     0.06s 
timer:                             PNO Overlaps     0.08s     0.08s 
t_iter =  0  Hylleraas energy =  0.0000000000  ||R||_F =  0.2321430815  conv =  no
subspace solution [*]   1.00000000

t_iter =  1  Hylleraas energy =  -0.0536690350  ||R||_F =  0.0000000016  conv =  yes
=======================================================

Hylleraas MP2 Energies

=======================================================
    i    j      singlet      triplet        Total
=======================================================
    1    1  -2.41798e-02  0.00000e+00 -2.41798e-02
    2    1   0.00000e+00  0.00000e+00  0.00000e+00
    2    2  -2.94893e-02  0.00000e+00 -2.94893e-02
=======================================================
Hylleraas MP2 Energies (singlet): -5.36690e-02
Hylleraas MP2 Energies (triplet):  0.00000e+00
Hylleraas MP2 Energies (total)  : -5.36690e-02
=======================================================
-------------------------------------------
Total Reg Energy  =-5.36690e-02
Total F12 Energy  = 0.00000e+00
Sum Energies Total=-5.36690e-02
-------------------------------------------
timer:                         Solve Amplitudes     0.00s     0.00s 
No optimization untill now: Compressing pno ranks with tighter threshold
1.00000e-10 instead of 1.00000e-08
pair11: density evals:
 [*]   0.00399942   0.00399942   0.03557238

pair22: density evals:
 [*]   0.00345825   0.00345825   0.06457736

timer:                            compress PNOs     0.00s     0.00s 
timer:                             MRA compress     0.00s     0.00s 
timer:                          Transform Pairs     0.40s     0.40s 
timer:                          PNO Compression     0.40s     0.40s 
Information About All Pairs:
mp2_pair11           number=0 rank=  3 frozen=false
mp2_pair21           number=1 rank=  0 frozen=true
mp2_pair22           number=2 rank=  3 frozen=false
number of pairs=3
average rank   =2 (2.00000e+00)
largest rank   =3
saving vector of functions mp2_pair11
saving vector of functions mp2_pair22
timer:                        save pnos on disc     0.16s     0.16s 
exiting: Found no_opt keyword
PNO ranks:
PNO Rank for pair pair11 = 3
PNO Rank for pair pair21 = 0
PNO Rank for pair pair22 = 3
average rank 2.00000e+00
timer:                               PNO::solve    10.59s    10.59s 

--------------------------------
ITERATE-PAIRS-INTERNAL-ENDED
--------------------------------
=======================================================

Final MP2 Energies

=======================================================
    i    j      singlet      triplet        Total
=======================================================
    1    1  -2.41798e-02  0.00000e+00 -2.41798e-02
    2    1   0.00000e+00  0.00000e+00  0.00000e+00
    2    2  -2.94893e-02  0.00000e+00 -2.94893e-02
=======================================================
Final MP2 Energies (singlet): -5.36690e-02
Final MP2 Energies (triplet):  0.00000e+00
Final MP2 Energies (total)  : -5.36690e-02
=======================================================
-------------------------------------------
Total Reg Energy  =-5.36690e-02
Total F12 Energy  = 0.00000e+00
Sum Energies Total=-5.36690e-02
-------------------------------------------
Average | Max Rank: 2 | 3
                 time pno = 8.42466e+01
               energy mp2 = -5.36690e-02
     average pno rank mp2 = 2
         max pno rank mp2 = 3
--------------------------------------------------
            energy(total) = -1.55767e+01
--------------------------------------------------



Orthonormalization technique used: symmetric
No CABS used.
Tightening thresholds to +0.00010000 for post-processing
Overlap Matrix of all PNOs:
+1.00000423 -0.43666831 -0.00000000 +0.00000000 +0.00000000 +0.00000000 
-0.43666831 +1.00001091 +0.00000000 -0.00000000 -0.00000000 -0.00000000 
-0.00000000 +0.00000000 +1.00000000 +0.00000000 +0.09925054 +0.01359200 
+0.00000000 -0.00000000 +0.00000000 +1.00000000 +0.01359200 -0.09925054 
+0.00000000 -0.00000000 +0.09925054 +0.01359200 +1.00000000 -0.00000000 
+0.00000000 -0.00000000 +0.01359200 -0.09925054 -0.00000000 +1.00000000 
Before cherry pick
rank is +0
all used occupation numbers:
[+0.06457736 +0.03557238 +0.00399942 +0.00399942 +0.00345825 +0.00345825 ]
corresponding to active pairs:
[(1,1) (0,0) (0,0) (0,0) (1,1) (1,1) ]
After cherry pick
all used occupation numbers:
[+0.06457736 +0.03557238 +0.00399942 +0.00399942 +0.00345825 +0.00345825 ]
corresponding to active pairs:
[(1,1) (0,0) (0,0) (0,0) (1,1) (1,1) ]
Overlap Matrix before symmetric
[+0,*]  +1.00000423  -0.43666831  -0.00000000  +0.00000000  +0.00000000  +0.00000000
[+1,*]  -0.43666831  +1.00001091  +0.00000000  -0.00000000  -0.00000000  -0.00000000
[+2,*]  -0.00000000  +0.00000000  +1.00000000  +0.00000000  +0.09925054  +0.01359200
[+3,*]  +0.00000000  -0.00000000  +0.00000000  +1.00000000  +0.01359200  -0.09925054
[+4,*]  +0.00000000  -0.00000000  +0.09925054  +0.01359200  +1.00000000  -0.00000000
[+5,*]  +0.00000000  -0.00000000  +0.01359200  -0.09925054  -0.00000000  +1.00000000
Overlap Matrix after symmetric
[+0,*]  +1.00000000  +0.00000000  +0.00000000  +0.00000000  -0.00000000  +0.00000000
[+1,*]  +0.00000000  +1.00000000  +0.00000000  -0.00000000  -0.00000000  -0.00000000
[+2,*]  +0.00000000  +0.00000000  +1.00000000  +0.00000000  +0.00000000  +0.00000000
[+3,*]  +0.00000000  -0.00000000  +0.00000000  +1.00000000  +0.00000000  -0.00000000
[+4,*]  -0.00000000  -0.00000000  +0.00000000  +0.00000000  +1.00000000  -0.00000000
[+5,*]  +0.00000000  -0.00000000  +0.00000000  -0.00000000  -0.00000000  +1.00000000
Adding 3 HF orbitals
Size before adding CABS: 9.
Size after adding CABS: 9.
Compute G and F Tensor:
Assemble g,f using symmetries...
non zero elements:
 g : +11110
 h : +37
Overlap over whole basis
[+0,*]  +1.00000000  +0.00000052  +0.00000119  +0.00000468  -0.00001319  -0.00000000  +0.00000000  +0.00000000  +0.00000000
[+1,*]  +0.00000052  +1.00000000  -0.00000008  +0.00000059  -0.00000173  -0.00000000  -0.00000000  +0.00000000  +0.00000000
[+2,*]  +0.00000119  -0.00000008  +1.00000000  -0.00000063  +0.00000165  +0.00000000  -0.00000000  -0.00000000  -0.00000000
[+3,*]  +0.00000468  +0.00000059  -0.00000063  +1.00000000  +0.00000000  +0.00000000  +0.00000000  -0.00000000  -0.00000000
[+4,*]  -0.00001319  -0.00000173  +0.00000165  +0.00000000  +1.00000000  +0.00000000  -0.00000000  -0.00000000  -0.00000000
[+5,*]  -0.00000000  -0.00000000  +0.00000000  +0.00000000  +0.00000000  +1.00000000  +0.00000000  +0.00000000  +0.00000000
[+6,*]  +0.00000000  -0.00000000  -0.00000000  +0.00000000  -0.00000000  +0.00000000  +1.00000000  +0.00000000  -0.00000000
[+7,*]  +0.00000000  +0.00000000  -0.00000000  -0.00000000  -0.00000000  +0.00000000  +0.00000000  +1.00000000  -0.00000000
[+8,*]  +0.00000000  +0.00000000  -0.00000000  -0.00000000  -0.00000000  +0.00000000  -0.00000000  -0.00000000  +1.00000000

||S-1||=+0.00002021
finished at time 276.2

    Parallel environment
    --------------------
                  #nodes    1
       #threads per node    11+main = 12
          #total threads    12

  RMI message statistics (min / avg / max)
  ----------------------
   #messages in server q    0.00e+00 / 0.00e+00 / 0.00e+00
 #messages sent per node    0.00e+00 / 0.00e+00 / 0.00e+00
    #bytes sent per node    0.00e+00 / 0.00e+00 / 0.00e+00
 #messages recv per node    0.00e+00 / 0.00e+00 / 0.00e+00
    #bytes recv per node    0.00e+00 / 0.00e+00 / 0.00e+00
        #msgs systemwide    0.00e+00
       #bytes systemwide    0.00e+00

  Thread pool statistics (min / avg / max)
  ----------------------
         #tasks per node    1.74e+07 / 1.74e+07 / 1.74e+07
     #max q len per node    1.15e+04 / 1.15e+04 / 1.15e+04
  #hi-pri tasks per node    5.33e+06 / 5.33e+06 / 5.33e+06

         Total wall time    276.2s
         Total  cpu time    276.2s

