MADNESS runtime initialized with 11 threads in the pool and affinity -1 -1 -1
starting at time 0.0

--------------------------------------------
   MADNESS 0.10.1 multiresolution suite
--------------------------------------------

   number of processors ... 1
    processor frequency ... 3.695889e+09
            host system ... Linux
          configured by ... kottmann
          configured on ... wittgenstein
          configured at ... 2021-02-10T21:25:26
                    CXX ... /usr/bin/c++
               CXXFLAGS ... -O3 -DNDEBUG -I/h/28/kottmann/install/numcpp/include/ -I/h/28/kottmann/install/boost/boost_1_72_0/include/ -std=c++1z
             tuning for ... default
                    MPI ... multiple
 multi-threaded runtime ... MADNESS ThreadPool
                   BLAS ... Intel MKL 66648 66648 MFLOP/s
               compiled ... 13:08:26  on  Feb 23 2021


-------------------------------------------------------------------------------------
SOLVING MRA-PNO-F12 as described in 
J.S. Kottmann, F.A. Bischoff, E.F. Valeev
Direct determination of optimal pair-natural orbitals in a real-space representation:
the second-order Møller-Plesset energy
Journal of Chemical Physics ... 2020
-------------------------------------------------------------------------------------


This script will run PNO-MP2 and print out tensors in binary
Call as: pno_integrals inputfileinput is input
ignoring unknown parameter in input file:  ncf

Angstrom being used to read input coordinates (1 Bohr = 1.88972613 Angstrom)


Asymptotic correction parameters
---------------------------------------
Atom vector is not empty: false
Using multipole approximation: false
Number of electrons = -1
Ionisation energy = 0.000000e+00
E(HOMO) = 0.000000e+00
R1 = 3.000000e+00
R2 = 4.000000e+00
DFT coefficient = 0.000000e+00
Interpolation scheme = linear
constructed symmetry operator for point group C1
dft
              charge  0.0000e+00 # defined   total molecular charge
                  xc  hf         # defined   XC input line
               smear  0.0000e+00 # default   smearing parameter
               econv  1.0000e-04 # defined   energy convergence
               dconv  5.0000e-04 # defined   density convergence
convergence_criteria  [bsh_residual, total_energy] # default   possible values are: bsh_residual, total_energy, each_energy, density
                   k  7          # defined   polynomial order
                   l  5.4913e+01 # derived   user coordinates box size
               deriv  abgv       # default   derivative method                            [abgv, bspline, ble]
           dft_deriv  abgv       # default   derivative method for gga potentials         [abgv, bspline, ble]
             maxrotn  2.5000e-01 # default   step restriction used in autoshift algorithm
             nvalpha  0          # default   number of alpha virtuals to compute
              nvbeta  0          # default   number of beta virtuals to compute
               nopen  0          # default   number of unpaired electrons = nalpha-nbeta
             maxiter  25         # default   maximum number of iterations
                 nio  1          # default   no. of io servers to use
     spin_restricted  true       # default   true if spin restricted
              plotlo  0          # default   range of MOs to print (for both spins if polarized
              plothi  -1         # default   range of MOs to print (for both spins if polarized
            plotdens  false      # default   If true print the density at convergence
            plotcoul  false      # default   If true plot the total coulomb potential at convergence
            localize  boys       # defined   localization method                          [pm, boys, new, canon]
          pointgroup  c1         # derived   use point (sub) group symmetry if not localized[c1, c2, ci, cs, c2v, c2h, d2, d2h]
             restart  false      # default   if true restart from orbitals on disk
           restartao  false      # default   if true restart from orbitals projected into AO basis (STO3G) on disk
          no_compute  false      # default   if true use orbitals on disk, set value to computed
           no_orient  false      # default   if true the molecule coordinates will not be reoriented
                save  true       # default   if true save orbitals to disk
              maxsub  10         # default   size of iterative subspace ... set to 0 or 1 to disable
        orbitalshift  0.0000e+00 # default   scf orbital shift: shift the occ orbitals to lower energies
            npt_plot  101        # default   no. of points to use in each dim for plots
           plot_cell  []         # default   lo hi in each dimension for plotting (default is all space)
             aobasis  6-31g      # derived   AO basis used for initial guess (6-31g or sto-3g)
           core_type  none       # default   core potential type                          [none, mpc]
         derivatives  false      # default   if true calculate nuclear derivatives
              dipole  false      # default   if true calculate dipole moment
      conv_only_dens  false      # default   if true remove bsh_residual from convergence criteria (deprecated)
            psp_calc  false      # default   pseudopotential calculation for all atoms
 print_dipole_matels  false      # default   if true output dipole matrix elements
            pcm_data  none       # default   do a PCM (solvent) calculation
             ac_data  none       # default   do a calculation with asymptotic correction (see ACParameters class in chem/AC.h for details)
             pure_ae  true       # default   pure all electron calculation with no pseudo-atoms
         print_level  3          # default   0: no output; 1: final energy; 2: iterations; 3: timings; 10: debug
              nalpha  3          # derived   number of alpha spin electrons
               nbeta  3          # derived   number of beta  spin electrons
           nmo_alpha  3          # derived   number of alpha spin molecular orbitals
            nmo_beta  3          # derived   number of beta spin molecular orbitals
                  lo  9.0905e-04 # derived   smallest length scale we need to resolve
            protocol  [1.0000e-04, 1.0000e-06] # derived   calculation protocol
                gopt  false      # default   geometry optimizer
                gtol  1.0000e-04 # default   geometry tolerance
               gtest  false      # default   geometry tolerance
                gval  1.0000e-05 # default   value precision
               gprec  1.0000e-04 # default   gradient precision
            gmaxiter  20         # default   optimization maxiter
    ginitial_hessian  false      # default   compute inital hessian for optimization
              algopt  bfgs       # default   algorithm used for optimization              [bfgs, cg]
            tdksprop  false      # default   time-dependent Kohn-Sham equation propagate
           nv_factor  1          # default   factor to multiply number of virtual orbitals with when automatically decreasing nvirt
           vnucextra  2          # default   load balance parameter for nuclear pot
        loadbalparts  2          # default   ??
            response  false      # default   response function calculation
       response_freq  0.0000e+00 # default   frequency for calculation response function
       response_axis  [1, 1, 1]  # default   response axis
           nonrotate  false      # default   if true do not molcule orient (redundant with no_orient
               rconv  1.0000e-06 # default   Response convergence
              efield  0.0000e+00 # default   eps for finite field
         efield_axis  0          # default   finite field axis                            [0, 1, 2]
              nwfile  none       # default   Base name of nwchem output files (.out and .movecs extensions) to read from
                 ncf  (none,1.0000e+00) # defined   nuclear correlation factor
             hessian  false      # default   compute the hessian matrix
           read_cphf  false      # default   read the converged orbital response for nuclear displacements from file
        restart_cphf  false      # default   read the guess orbital response for nuclear displacements from file
      purify_hessian  false      # default   symmetrize the hessian matrix based on atomic charges

end
              charge  0.0000e+00 # defined   total molecular charge
                  xc  hf         # defined   XC input line
               smear  0.0000e+00 # default   smearing parameter
               econv  1.0000e-04 # defined   energy convergence
               dconv  5.0000e-04 # defined   density convergence
convergence_criteria  [bsh_residual, total_energy] # default   possible values are: bsh_residual, total_energy, each_energy, density
                   k  7          # defined   polynomial order
                   l  5.4913e+01 # derived   user coordinates box size
               deriv  abgv       # default   derivative method                            [abgv, bspline, ble]
           dft_deriv  abgv       # default   derivative method for gga potentials         [abgv, bspline, ble]
             maxrotn  2.5000e-01 # default   step restriction used in autoshift algorithm
             nvalpha  0          # default   number of alpha virtuals to compute
              nvbeta  0          # default   number of beta virtuals to compute
               nopen  0          # default   number of unpaired electrons = nalpha-nbeta
             maxiter  25         # default   maximum number of iterations
                 nio  1          # default   no. of io servers to use
     spin_restricted  true       # default   true if spin restricted
              plotlo  0          # default   range of MOs to print (for both spins if polarized
              plothi  -1         # default   range of MOs to print (for both spins if polarized
            plotdens  false      # default   If true print the density at convergence
            plotcoul  false      # default   If true plot the total coulomb potential at convergence
            localize  boys       # defined   localization method                          [pm, boys, new, canon]
          pointgroup  c1         # derived   use point (sub) group symmetry if not localized[c1, c2, ci, cs, c2v, c2h, d2, d2h]
             restart  false      # default   if true restart from orbitals on disk
           restartao  false      # default   if true restart from orbitals projected into AO basis (STO3G) on disk
          no_compute  false      # default   if true use orbitals on disk, set value to computed
           no_orient  false      # default   if true the molecule coordinates will not be reoriented
                save  true       # default   if true save orbitals to disk
              maxsub  10         # default   size of iterative subspace ... set to 0 or 1 to disable
        orbitalshift  0.0000e+00 # default   scf orbital shift: shift the occ orbitals to lower energies
            npt_plot  101        # default   no. of points to use in each dim for plots
           plot_cell  []         # default   lo hi in each dimension for plotting (default is all space)
             aobasis  6-31g      # derived   AO basis used for initial guess (6-31g or sto-3g)
           core_type  none       # default   core potential type                          [none, mpc]
         derivatives  false      # default   if true calculate nuclear derivatives
              dipole  false      # default   if true calculate dipole moment
      conv_only_dens  false      # default   if true remove bsh_residual from convergence criteria (deprecated)
            psp_calc  false      # default   pseudopotential calculation for all atoms
 print_dipole_matels  false      # default   if true output dipole matrix elements
            pcm_data  none       # default   do a PCM (solvent) calculation
             ac_data  none       # default   do a calculation with asymptotic correction (see ACParameters class in chem/AC.h for details)
             pure_ae  true       # default   pure all electron calculation with no pseudo-atoms
         print_level  3          # default   0: no output; 1: final energy; 2: iterations; 3: timings; 10: debug
              nalpha  3          # derived   number of alpha spin electrons
               nbeta  3          # derived   number of beta  spin electrons
           nmo_alpha  3          # derived   number of alpha spin molecular orbitals
            nmo_beta  3          # derived   number of beta spin molecular orbitals
                  lo  9.0905e-04 # derived   smallest length scale we need to resolve
            protocol  [1.0000e-04, 1.0000e-06] # derived   calculation protocol
                gopt  false      # default   geometry optimizer
                gtol  1.0000e-04 # default   geometry tolerance
               gtest  false      # default   geometry tolerance
                gval  1.0000e-05 # default   value precision
               gprec  1.0000e-04 # default   gradient precision
            gmaxiter  20         # default   optimization maxiter
    ginitial_hessian  false      # default   compute inital hessian for optimization
              algopt  bfgs       # default   algorithm used for optimization              [bfgs, cg]
            tdksprop  false      # default   time-dependent Kohn-Sham equation propagate
           nv_factor  1          # default   factor to multiply number of virtual orbitals with when automatically decreasing nvirt
           vnucextra  2          # default   load balance parameter for nuclear pot
        loadbalparts  2          # default   ??
            response  false      # default   response function calculation
       response_freq  0.0000e+00 # default   frequency for calculation response function
       response_axis  [1, 1, 1]  # default   response axis
           nonrotate  false      # default   if true do not molcule orient (redundant with no_orient
               rconv  1.0000e-06 # default   Response convergence
              efield  0.0000e+00 # default   eps for finite field
         efield_axis  0          # default   finite field axis                            [0, 1, 2]
              nwfile  none       # default   Base name of nwchem output files (.out and .movecs extensions) to read from



 geometry
   eprec 1.0e-06
   units atomic
   Be            0.00000000           0.00000000           0.18897261
   H             0.00000000           0.00000000           4.15739749
   H             0.00000000           0.00000000          -4.91328795
 end

Solving NDIM= 3  with thresh 1.000000e-04     k 7    conv 5.000000e-04 

timer:     Project vnuclear     0.70s     0.70s
constructed nuclear correlation factor of the form
    R   =  1.000000e+00
with eprec  1.000000e-06
which means it's (nearly) a conventional calculation

timer:        reproject ncf     2.01s     2.01s
timer:        guess density     0.55s     0.55s
timer:   guess Coulomb potn     0.54s     0.54s
timer:       guess lda potn     0.26s     0.26s
timer:        guess overlap     0.03s     0.03s
timer:    KEmat reconstruct     0.04s     0.04s
timer:  KEmat differentiate     0.26s     0.26s
timer:       KEmat compress     0.10s     0.10s
timer: KEmat inner products     0.17s     0.17s
timer:     guess Kinet potn     0.57s     0.57s
timer:           guess fock     0.43s     0.43s
timer:      guess eigen sol     0.12s     0.12s
timer: guess orbital groupi     0.09s     0.09s

starting protocol at time      7.7s 
precision steps  1.000000e-04  -->  1.000000e-04
protocol: thresh 1.000000e-04 econv  1.000000e-04 dconv 5.000000e-04

ending protocol at time      7.7s 

Solving NDIM= 3  with thresh 1.000000e-04     k 7    conv 5.000000e-04 

timer:        Boys localize     1.00s     1.00s
orbital irreps []
timer:      reconstruct psi     0.16s     0.16s
timer:        compute Jnemo     0.72s     0.72s
timer:        compute Knemo     1.99s     1.99s
timer: compute Unemo 0.0156     0.21s     0.21s

  nuclear and kinetic     -23.49815711
         kinetic only      15.11115421
              coulomb       9.29890549
             exchange      -3.20585958
    nuclear-repulsion       1.90216807
   regularized energy     -15.50294312
  buggy if hybrid functionals are used..
timer:       compute energy     3.82s     3.82s
Norm of vector changes ab spin case : rms 8.357028e-02    max 1.291231e-01
convergence: bshresidual, energy change, max energy change, density change 9.5e-02 1.6e+01 1.6e+01 1.4e+00
finished iteration  0 at time     20.9s with energy  -15.50294312
timer:        Boys localize     1.03s     1.03s
orbital irreps []
timer:      reconstruct psi     0.17s     0.17s
timer:        compute Jnemo     0.78s     0.78s
timer:        compute Knemo     2.21s     2.21s
timer: compute Unemo 0.0155     0.21s     0.21s

  nuclear and kinetic     -23.60838129
         kinetic only      15.03889396
              coulomb       9.31142198
             exchange      -3.15413555
    nuclear-repulsion       1.90216807
   regularized energy     -15.54892679
  buggy if hybrid functionals are used..
timer:       compute energy     3.61s     3.61s
Norm of vector changes ab spin case : rms 3.633497e-02    max 5.363151e-02
convergence: bshresidual, energy change, max energy change, density change 2.7e-02 4.6e-02 1.1e-01 1.5e-02
finished iteration  1 at time     34.5s with energy  -15.54892679
timer:        Boys localize     1.02s     1.02s
orbital irreps []
timer:      reconstruct psi     0.16s     0.16s
timer:        compute Jnemo     0.67s     0.67s
timer:        compute Knemo     2.17s     2.17s
timer: compute Unemo 0.0156     0.18s     0.18s

  nuclear and kinetic     -23.67676164
         kinetic only      15.03579203
              coulomb       9.35643014
             exchange      -3.13729293
    nuclear-repulsion       1.90216807
   regularized energy     -15.55545635
  buggy if hybrid functionals are used..
timer:       compute energy     3.94s     3.94s
Norm of vector changes ab spin case : rms 1.255880e-02    max 1.940875e-02
convergence: bshresidual, energy change, max energy change, density change 6.8e-03 6.5e-03 6.8e-02 4.7e-03
finished iteration  2 at time     48.4s with energy  -15.55545635
timer:        Boys localize     1.05s     1.05s
orbital irreps []
timer:      reconstruct psi     0.14s     0.14s
timer:        compute Jnemo     0.67s     0.67s
timer:        compute Knemo     2.07s     2.07s
timer: compute Unemo 0.0155     0.21s     0.21s

  nuclear and kinetic     -23.70798768
         kinetic only      15.03633883
              coulomb       9.38237820
             exchange      -3.13285617
    nuclear-repulsion       1.90216807
   regularized energy     -15.55629757
  buggy if hybrid functionals are used..
timer:       compute energy     3.97s     3.97s
Norm of vector changes ab spin case : rms 6.028813e-03    max 8.832476e-03
convergence: bshresidual, energy change, max energy change, density change 2.5e-03 8.4e-04 3.1e-02 1.3e-03
finished iteration  3 at time     62.3s with energy  -15.55629757
timer:        Boys localize     1.01s     1.01s
orbital irreps []
timer:      reconstruct psi     0.16s     0.16s
timer:        compute Jnemo     0.61s     0.61s
timer:        compute Knemo     2.18s     2.18s
timer: compute Unemo 0.0155     0.19s     0.19s

  nuclear and kinetic     -23.71814958
         kinetic only      15.03562020
              coulomb       9.39166640
             exchange      -3.13211392
    nuclear-repulsion       1.90216807
   regularized energy     -15.55642902
  buggy if hybrid functionals are used..
timer:       compute energy     3.77s     3.77s
Norm of vector changes ab spin case : rms 2.144052e-03    max 3.164518e-03
convergence: bshresidual, energy change, max energy change, density change 9.5e-04 1.3e-04 1.0e-02 5.5e-04
finished iteration  4 at time     76.5s with energy  -15.55642902
timer:        Boys localize     1.12s     1.12s
orbital irreps []
timer:      reconstruct psi     0.14s     0.14s
timer:        compute Jnemo     0.69s     0.69s
timer:        compute Knemo     2.01s     2.01s
timer: compute Unemo 0.0154     0.21s     0.21s

  nuclear and kinetic     -23.71782185
         kinetic only      15.03489518
              coulomb       9.39162891
             exchange      -3.13242446
    nuclear-repulsion       1.90216807
   regularized energy     -15.55644933
  buggy if hybrid functionals are used..
timer:       compute energy     3.86s     3.86s
Norm of vector changes ab spin case : rms 9.792428e-04    max 1.434183e-03
convergence: bshresidual, energy change, max energy change, density change 4.5e-04 2.0e-05 7.3e-04 2.0e-04
finished iteration  5 at time     91.0s with energy  -15.55644933

Iterations converged


ending protocol at time     91.0s 

 Dipole Moment (a.u.)
 -----------

     x:  -3.169556e-14
     y:  -6.108316e-14
     z:  5.584294e-01
 Total Dipole Moment:  5.584294e-01 

timer:               dipole     0.11s     0.11s
Nemo Orbital Energies: [*]  -4.85420636  -0.40773423  -0.33776588

nemo energy:  -1.555645e+01
 at time 91.6
PNO Integrals evaluated as:
pnoint
       rank_increase  15         # default   maximum rank to increase in every macroiteration
               chunk  100        # default   chunk of functions operated on in parallel when G or K is applied (prevent memory shortage)
               debug  false      # default   debug mode
              freeze  1          # derived   frozen core approximation
             maxrank  2          # defined   maximal pno rank for all pairs
           guesstype  exop       # derived   the guesstype: exop (recommended, multiply polynomial excitation operators onto the occupied orbitals), empty (don't compute a guess), scf (use the ao basis from the SCF solver), partial_wave (create s,p,d ..., type functions and place on atoms), predefined (same as partial_wave but for predefined sets)
                exop  multipole  # derived   this string defines which excitation operators can be used, use 'dipole', 'dipole+', 'quadrupole', 'ocopole', or 'multipole', need to set guesstype to 'exop' which is the default
          exop_trigo  true       # default   use trigonometric excitation operators ( x --> sin(x)
        partial_wave             # default   atom centered partial wave guess of format like 'h-2s1p-o-3s2p1d', need to set guesstype to 'partial_wave' and adaptive_solver to 'none'
          predefined             # default   predefined partial wave guesses of type pvxz with x=d,t,q,5,6, need to set guesstype to 'predefined' and adaptive_solver to 'none'
           maxiter_t  100        # default   maximal number of iterations in the amplitude solver
       maxiter_micro  10         # default   Maximum of iterations for every cycle in the adaptive solver
       maxiter_macro  10         # default   Maximum of iterations of cycles in the adaptive solver
                tpno  1.0000e-08 # default   PNO cutoff threshold
          tpno_tight  1.0000e-10 # derived   PNO cutoff for the first iteration
    canonicalize_pno  true       # default   canonicalize the pnos before the amplitude solver
              thresh  1.0000e-04 # defined   MRA threshold
         econv_micro  1.0000e-04 # derived   Energy convergence for microiterations (Greens function based optimization) in adaptive solver
         econv_pairs  1.0000e-05 # derived   ENergy convergence for individual pairs in adaptive solver. Converged pairs are frozen automatically
         econv_macro  1.0000e-04 # derived   Energy convergence for macroiterations in adaptive solver, no effect if adaptive_solver is deactivated
               dconv  1.0000e-01 # default   convergence of every PNO in the Green's function solver
           op_thresh  1.0000e-06 # default   MRA operator thresh
             restart  none       # derived   restart pairs of this type, use 'mp2', 'cispd', 'all' or 'none'
          no_compute  none       # default   do not compute the pairs of this type, use 'mp2', 'cispd', 'all' or 'none'
              no_opt  none       # default   do not optimize the pnos of this type, use 'mp2', 'cispd', 'all' or 'none'
            no_guess  none       # derived   guess for this type will be empty, use 'mp2', 'cispd', 'all' or 'none'
     adaptive_solver  all        # default   Use adaptive solver for those pairs, use 'mp2', 'cispd', 'all' or 'none', works only in combination with guesstype 'exop'
                kain  true       # default   use KAIN solver in amplitude solver
       kain_subspace  5          # default   subspace size of the KAIN solver (amplitudes)
                 f12  false      # defined   use explicit correlation
        cispd_number  -1         # default   CIS(D) excitation numbers, to read in correct functions
        cispd_energy  0.0000e+00 # default   CIS energy
        freeze_pairs  none       # default   frozen pairs will not be optimized: Expected format 'a b c d' will freeze pairs ab and cd
freeze_pairs_of_orbital  []         # default    All pairs which originate from this orbital will not be optimized
active_pairs_of_orbital  []         # default    All pairs which originate from this orbital will not be frozen all other pairs will, if this vector is not empty
no_opt_in_first_iteration  false      # default   Do not optimize in the first iteration (then the potentials do not have to be evaluated, use this for large guesses)
            exchange  full       # default   approximate exchange with 'neglect' or xc functional -> same syntax as moldft
           save_pnos  true       # default   Save the OBS-PNOs to a file, before and after orthonormalization.
            diagonal  true       # defined   Compute only diagonal PNOs
              orthog  symmetric  # defined   orthogonalization method for PNO basis, also current default for a potential CABS. options: symmetric, canonical, cholesky, rr_cholesky,
         orthog_cabs  default    # default   orthogonalization method for CABS basis. options: symmetric, canonical, cholesky, rr_cholesky, uses same as orbitals basis if default.
               n_pno  2          # defined   desired size of PNO-basis (orbital space)
         cabs_option  none       # default   type of complementary auxiliary basis to be used. can be none ~ no CABS, gbs ~ Gaussian basis set as CABS, requires input via auxbas_file, pno ~ use superfluous PNOs as CABS, mixed ~ gbs&pno-option
       pno_cabs_size  -1         # default   size of a potential pno-cabs. defaults to -1 ~ all remaining PNOs, if pno-cabs or mixed-cabs
           only_diag  false      # default   use only diagonal elements PNOs
         cherry_pick  []         # default   cherry pick option to choose particular set of PNOs, not just blindly by occupation number. can be useful, if only a restricted number of PNOs can be used, to avoid separating degenerate pairs. can be envoked by passing a vector via [ elem1, elem2, ... ]
               gamma  1.4000e+00 # default   The f12 length scale, here to be used to compute f12-integrals
         cabs_thresh  1.0000e-04 # derived    thresh for cabs part
              auxbas  none       # default   atom centered partial wave guess of format like 'h-2s1p-o-3s2p1d'
         auxbas_file  none       # default   Use external comp. aux. basis in addition to the pnos as auxbasis. Give the filename as parameter. Give the auxbas in turbomole format. Don't use contractions. If a file is specified the auxbas parameter has no effect
   print_pno_overlap  true       # default   Print overlap matrix at certain steps in computation, for debugging purposes.
              n_virt  0          # defined   Compute this number of virtuals and include them in the integral construction, experimental and not robust!.
      hardcore_boson  false      # default   compute only integrals for hardcore boson hamiltonian (restricted to double occupations)

end
F12 Operators initialized right
timer:                    Testing F12 Operators     0.90s     0.90s 
timer:  Initializing (active) Exchange Orbitals     2.23s     2.23s 
Size of active mos and their exchange potentials:
K(acmos)=2.821326e-03 Gbyte
acmos   =2.759993e-03 Gbyte
PNO Parameters
pno
       rank_increase  15         # default   maximum rank to increase in every macroiteration
               chunk  100        # default   chunk of functions operated on in parallel when G or K is applied (prevent memory shortage)
               debug  false      # default   debug mode
              freeze  1          # derived   frozen core approximation
             maxrank  2          # defined   maximal pno rank for all pairs
           guesstype  exop       # derived   the guesstype: exop (recommended, multiply polynomial excitation operators onto the occupied orbitals), empty (don't compute a guess), scf (use the ao basis from the SCF solver), partial_wave (create s,p,d ..., type functions and place on atoms), predefined (same as partial_wave but for predefined sets)
                exop  multipole  # derived   this string defines which excitation operators can be used, use 'dipole', 'dipole+', 'quadrupole', 'ocopole', or 'multipole', need to set guesstype to 'exop' which is the default
          exop_trigo  true       # default   use trigonometric excitation operators ( x --> sin(x)
        partial_wave             # default   atom centered partial wave guess of format like 'h-2s1p-o-3s2p1d', need to set guesstype to 'partial_wave' and adaptive_solver to 'none'
          predefined             # default   predefined partial wave guesses of type pvxz with x=d,t,q,5,6, need to set guesstype to 'predefined' and adaptive_solver to 'none'
           maxiter_t  100        # default   maximal number of iterations in the amplitude solver
       maxiter_micro  10         # default   Maximum of iterations for every cycle in the adaptive solver
       maxiter_macro  10         # default   Maximum of iterations of cycles in the adaptive solver
                tpno  1.0000e-08 # default   PNO cutoff threshold
          tpno_tight  1.0000e-10 # derived   PNO cutoff for the first iteration
    canonicalize_pno  true       # default   canonicalize the pnos before the amplitude solver
              thresh  1.0000e-04 # defined   MRA threshold
         econv_micro  1.0000e-04 # derived   Energy convergence for microiterations (Greens function based optimization) in adaptive solver
         econv_pairs  1.0000e-05 # derived   ENergy convergence for individual pairs in adaptive solver. Converged pairs are frozen automatically
         econv_macro  1.0000e-04 # derived   Energy convergence for macroiterations in adaptive solver, no effect if adaptive_solver is deactivated
               dconv  1.0000e-01 # default   convergence of every PNO in the Green's function solver
           op_thresh  1.0000e-06 # default   MRA operator thresh
             restart  none       # derived   restart pairs of this type, use 'mp2', 'cispd', 'all' or 'none'
          no_compute  none       # default   do not compute the pairs of this type, use 'mp2', 'cispd', 'all' or 'none'
              no_opt  none       # default   do not optimize the pnos of this type, use 'mp2', 'cispd', 'all' or 'none'
            no_guess  none       # derived   guess for this type will be empty, use 'mp2', 'cispd', 'all' or 'none'
     adaptive_solver  all        # default   Use adaptive solver for those pairs, use 'mp2', 'cispd', 'all' or 'none', works only in combination with guesstype 'exop'
                kain  true       # default   use KAIN solver in amplitude solver
       kain_subspace  5          # default   subspace size of the KAIN solver (amplitudes)
                 f12  false      # defined   use explicit correlation
        cispd_number  -1         # default   CIS(D) excitation numbers, to read in correct functions
        cispd_energy  0.0000e+00 # default   CIS energy
        freeze_pairs  none       # default   frozen pairs will not be optimized: Expected format 'a b c d' will freeze pairs ab and cd
freeze_pairs_of_orbital  []         # default    All pairs which originate from this orbital will not be optimized
active_pairs_of_orbital  []         # default    All pairs which originate from this orbital will not be frozen all other pairs will, if this vector is not empty
no_opt_in_first_iteration  false      # default   Do not optimize in the first iteration (then the potentials do not have to be evaluated, use this for large guesses)
            exchange  full       # default   approximate exchange with 'neglect' or xc functional -> same syntax as moldft
           save_pnos  true       # default   Save the OBS-PNOs to a file, before and after orthonormalization.
            diagonal  true       # defined   Compute only diagonal PNOs

end

**********************
Solve PNO-MP2
*********************


**********************
Iterate Pairs
*********************


************************
Adaptive Solver
***********************

Initializing empty Pairs:
no guess was explicitly demanded for mp2

timer:                                     RRCD     0.00s     0.00s 
timer:                             MRA compress     0.00s     0.00s 
timer:                          Transform Pairs     0.00s     0.00s 
timer:          apply Q and orthonormalize PNOs     0.00s     0.00s 
Created Guess:
pair11 with 0 guess functions
pair21 with 0 guess functions
pair22 with 0 guess functions
guess pair11 size: 0.0000000000e+00 | 0.0000000000e+00 Gbyte (after truncation)
guess pair22 size: 0.0000000000e+00 | 0.0000000000e+00 Gbyte (after truncation)
timer:                           truncate guess     0.00s     0.00s 
timer:                         Initialize Pairs     0.00s     0.00s 
Keyword multipole is not known
Guess protocol for adaptively growing ranks is: [dipole+, quadrupole, big_fock_3, big_fock_3, big_fock_3, big_fock_3, big_fock_3, big_fock_3, big_fock_3, big_fock_3]


--------Adaptive Solver Macroiteration 0 from max 10 ----------

Growing ranks with exop=dipole+
Create guess functions by multiplying plane-waves to 1 functions 
Created 4 virtuals for pair11
pair21 is frozen: no growing
Create guess functions by multiplying plane-waves to 1 functions 
Created 4 virtuals for pair22
frozen pair: no orthonormalization
timer:                                     RRCD     0.04s     0.04s 
timer:                             MRA compress     0.00s     0.00s 
timer:                          Transform Pairs     0.21s     0.21s 
timer:                        grow PNO subspace     2.01s     2.01s 
SolveInternal: Parameters are assigned as
no_compute        = false
no_opt            = false
restart           = false
do_cispd          = false
econv             =1.0000000000e-04
maxrank (min,max) = (2,2)
Solving MP2 doubles
timer:          fock matrix     2.71s     2.71s
Information About All Pairs:
mp2_pair11           number=0 rank=  4 frozen=false
mp2_pair21           number=1 rank=  0 frozen=true
mp2_pair22           number=2 rank=  4 frozen=false
number of pairs=3
average rank   =2 (2.6666666667e+00)
largest rank   =4
PNOPairs Memory Information
Total: 0.0107946396 GB 
PNO  : 0.0107946396 GB 
KPNO : 0.0000000000 GB 
W    : 0.0000000000 GB 

timer:                                 truncate     0.06s     0.06s 
wall time=105.9760651588 chunk=8 allK.size()=8 memory=0.0100586414 GB
timer:                             compute KPNO     4.34s     4.34s 
wall time=106.1135210991 chunk=8 allJ.size()=8 memory=0.0116124153 GB
timer:                             compute JPNO     0.14s     0.14s 
timer:                    compute Fock matrices     1.43s     1.43s 
timer:                             MRA compress     0.00s     0.00s 
timer:                          Transform Pairs     0.31s     0.31s 
timer:                             Canonicalize     0.31s     0.31s 
PNOPairs Memory Information
Total: 0.0201172829 GB 
PNO  : 0.0103857517 GB 
KPNO : 0.0097315311 GB 
W    : 0.0000000000 GB 

timer:                                 truncate     0.03s     0.03s 
mp2_pair21 is frozen: potential not computed
timer:                   Fluctuation Potentials     2.17s     2.17s 
timer:                       Fluctuation Matrix     0.23s     0.23s 
PNOPairs Memory Information
Total: 0.0343465805 GB 
PNO  : 0.0103857517 GB 
KPNO : 0.0097315311 GB 
W    : 0.0142292976 GB 

PNOPairs Memory Information
Total: 0.0343465805 GB 
PNO  : 0.0103857517 GB 
KPNO : 0.0097315311 GB 
W    : 0.0142292976 GB 

timer:                                 truncate     0.03s     0.03s 
timer:                             PNO Overlaps     0.08s     0.08s 
t_iter =  0  Hylleraas energy =  0.0000000000  ||R||_F =  0.1614156210  conv =  no
subspace solution [*]   1.00000000

t_iter =  1  Hylleraas energy =  -0.0296805829  ||R||_F =  0.0000001296  conv =  yes
=======================================================

Hylleraas MP2 Energies

=======================================================
    i    j      singlet      triplet        Total
=======================================================
    1    1  -1.33886e-02  0.00000e+00 -1.33886e-02
    2    1   0.00000e+00  0.00000e+00  0.00000e+00
    2    2  -1.62920e-02  0.00000e+00 -1.62920e-02
=======================================================
Hylleraas MP2 Energies (singlet): -2.96806e-02
Hylleraas MP2 Energies (triplet):  0.00000e+00
Hylleraas MP2 Energies (total)  : -2.96806e-02
=======================================================
-------------------------------------------
Total Reg Energy  =-2.96806e-02
Total F12 Energy  = 0.00000e+00
Sum Energies Total=-2.96806e-02
-------------------------------------------
timer:                         Solve Amplitudes     0.03s     0.03s 
No optimization untill now: Compressing pno ranks with tighter threshold
1.00000e-10 instead of 1.00000e-08
pair11: density evals:
 [*]   0.00275204   0.00383062   0.00383062   0.01696270

pair11: # of PNOs reduced from  4  to  2  maxrank= 2
pair22: density evals:
 [*]   0.00261598   0.00342717   0.00342717   0.03462779

pair22: # of PNOs reduced from  4  to  2  maxrank= 2
timer:                            compress PNOs     0.00s     0.00s 
timer:                             MRA compress     0.00s     0.00s 
timer:                          Transform Pairs     0.22s     0.22s 
timer:                          PNO Compression     0.22s     0.22s 
Information About All Pairs:
mp2_pair11           number=0 rank=  2 frozen=false
mp2_pair21           number=1 rank=  0 frozen=true
mp2_pair22           number=2 rank=  2 frozen=false
number of pairs=3
average rank   =1 (1.33333e+00)
largest rank   =2
saving vector of functions mp2_pair11
saving vector of functions mp2_pair22
timer:                        save pnos on disc     0.09s     0.09s 
PNOPairs Memory Information
Total: 0.01766 GB 
PNO  : 0.00515 GB 
KPNO : 0.00499 GB 
W    : 0.00752 GB 

timer:                                 truncate     0.07s     0.07s 
timer:      compute densities for G application     0.00s     0.00s 
pair21 is frozen: no optimization
timer:                Prepare for G application     0.14s     0.14s 
timer:                                    add K     0.00s     0.00s 
size of all Vpsi potentials (without Vnuc and J) 0.00613 GB 
time=111.55889 chunk=4 Vpsi+Vnuc+J=0.01599 GB
time=111.60041 chunk=4 Vpsi+Vnuc+J=0.01582 GB (after truncation)
timer:                           Apply G to all     2.06s     2.06s 
timer:                       apply Q and update     0.00s     0.00s 
mp2_pair11 residual norms:
[0.35621, 0.40191]
mp2_pair11 scaled residual norms:
[0.02205, 0.05234]
mp2_pair22 residual norms:
[0.35945, 0.37435]
mp2_pair22 scaled residual norms:
[0.02104, 0.06966]
timer:                          update all PNOs     2.21s     2.21s 
frozen pair: no orthonormalization
timer:                                     RRCD     0.07s     0.07s 
timer:                             MRA compress     0.00s     0.00s 
timer:                          Transform Pairs     0.06s     0.06s 
saving vector of functions mp2_pair11
saving vector of functions mp2_pair22
timer:                        save pnos on disc     0.10s     0.10s 


No convergence yet. Energy change = 0.02968

timer:                        Whole Iteration 1    11.73s    11.73s 
Information About All Pairs:
mp2_pair11           number=0 rank=  2 frozen=false
mp2_pair21           number=1 rank=  0 frozen=true
mp2_pair22           number=2 rank=  2 frozen=false
number of pairs=3
average rank   =1 (1.33333)
largest rank   =2
PNOPairs Memory Information
Total: 0.00523 GB 
PNO  : 0.00523 GB 
KPNO : 0.00000 GB 
W    : 0.00000 GB 

timer:                                 truncate     0.09s     0.09s 
wall time=116.37865 chunk=4 allK.size()=4 memory=0.00499 GB
timer:                             compute KPNO     2.98s     2.98s 
wall time=116.51730 chunk=4 allJ.size()=4 memory=0.00560 GB
timer:                             compute JPNO     0.14s     0.14s 
timer:                    compute Fock matrices     1.03s     1.03s 
timer:                             MRA compress     0.00s     0.00s 
timer:                          Transform Pairs     0.14s     0.14s 
timer:                             Canonicalize     0.14s     0.14s 
PNOPairs Memory Information
Total: 0.01022 GB 
PNO  : 0.00523 GB 
KPNO : 0.00499 GB 
W    : 0.00000 GB 

timer:                                 truncate     0.03s     0.03s 
mp2_pair21 is frozen: potential not computed
timer:                   Fluctuation Potentials     1.72s     1.72s 
timer:                       Fluctuation Matrix     0.11s     0.11s 
PNOPairs Memory Information
Total: 0.01791 GB 
PNO  : 0.00523 GB 
KPNO : 0.00499 GB 
W    : 0.00769 GB 

PNOPairs Memory Information
Total: 0.01791 GB 
PNO  : 0.00523 GB 
KPNO : 0.00499 GB 
W    : 0.00769 GB 

timer:                                 truncate     0.05s     0.05s 
timer:                             PNO Overlaps     0.07s     0.07s 
t_iter =  0  Hylleraas energy =  0.00000  ||R||_F =  0.19486  conv =  no
subspace solution [*]   1.00000000

t_iter =  1  Hylleraas energy =  -0.04118  ||R||_F =  0.00000  conv =  yes
=======================================================

Hylleraas MP2 Energies

=======================================================
    i    j      singlet      triplet        Total
=======================================================
    1    1  -1.75488e-02  0.00000e+00 -1.75488e-02
    2    1   0.00000e+00  0.00000e+00  0.00000e+00
    2    2  -2.36356e-02  0.00000e+00 -2.36356e-02
=======================================================
Hylleraas MP2 Energies (singlet): -4.11844e-02
Hylleraas MP2 Energies (triplet):  0.00000e+00
Hylleraas MP2 Energies (total)  : -4.11844e-02
=======================================================
-------------------------------------------
Total Reg Energy  =-4.11844e-02
Total F12 Energy  = 0.00000e+00
Sum Energies Total=-4.11844e-02
-------------------------------------------
timer:                         Solve Amplitudes     0.00s     0.00s 
pair11: density evals:
 [*]   0.00457588   0.02804577

pair22: density evals:
 [*]   0.00401838   0.05788615

timer:                            compress PNOs     0.00s     0.00s 
timer:                             MRA compress     0.00s     0.00s 
timer:                          Transform Pairs     0.29s     0.29s 
timer:                          PNO Compression     0.29s     0.29s 
Information About All Pairs:
mp2_pair11           number=0 rank=  2 frozen=false
mp2_pair21           number=1 rank=  0 frozen=true
mp2_pair22           number=2 rank=  2 frozen=false
number of pairs=3
average rank   =1 (1.33333e+00)
largest rank   =2
saving vector of functions mp2_pair11
saving vector of functions mp2_pair22
timer:                        save pnos on disc     0.10s     0.10s 
PNOPairs Memory Information
Total: 0.01791 GB 
PNO  : 0.00523 GB 
KPNO : 0.00499 GB 
W    : 0.00769 GB 

timer:                                 truncate     0.03s     0.03s 
timer:      compute densities for G application     0.00s     0.00s 
pair21 is frozen: no optimization
timer:                Prepare for G application     0.12s     0.12s 
timer:                                    add K     0.00s     0.00s 
size of all Vpsi potentials (without Vnuc and J) 0.00646 GB 
time=120.73502 chunk=4 Vpsi+Vnuc+J=0.01636 GB
time=120.77255 chunk=4 Vpsi+Vnuc+J=0.01574 GB (after truncation)
timer:                           Apply G to all     1.84s     1.84s 
timer:                       apply Q and update     0.00s     0.00s 
mp2_pair11 residual norms:
[0.08850, 0.11567]
mp2_pair11 scaled residual norms:
[0.00599, 0.01937]
mp2_pair22 residual norms:
[0.09110, 0.09504]
mp2_pair22 scaled residual norms:
[0.00578, 0.02287]
timer:                          update all PNOs     1.96s     1.96s 
frozen pair: no orthonormalization
timer:                                     RRCD     0.06s     0.06s 
timer:                             MRA compress     0.00s     0.00s 
timer:                          Transform Pairs     0.01s     0.01s 
saving vector of functions mp2_pair11
saving vector of functions mp2_pair22
timer:                        save pnos on disc     0.09s     0.09s 


No convergence yet. Energy change = 0.01150

timer:                        Whole Iteration 2     8.95s     8.95s 
Information About All Pairs:
mp2_pair11           number=0 rank=  2 frozen=false
mp2_pair21           number=1 rank=  0 frozen=true
mp2_pair22           number=2 rank=  2 frozen=false
number of pairs=3
average rank   =1 (1.33333)
largest rank   =2
PNOPairs Memory Information
Total: 0.00523 GB 
PNO  : 0.00523 GB 
KPNO : 0.00000 GB 
W    : 0.00000 GB 

timer:                                 truncate     0.05s     0.05s 
wall time=125.00262 chunk=4 allK.size()=4 memory=0.00507 GB
timer:                             compute KPNO     2.70s     2.70s 
wall time=125.14130 chunk=4 allJ.size()=4 memory=0.00589 GB
timer:                             compute JPNO     0.14s     0.14s 
timer:                    compute Fock matrices     1.04s     1.04s 
timer:                             MRA compress     0.00s     0.00s 
timer:                          Transform Pairs     0.10s     0.10s 
timer:                             Canonicalize     0.10s     0.10s 
PNOPairs Memory Information
Total: 0.01030 GB 
PNO  : 0.00523 GB 
KPNO : 0.00507 GB 
W    : 0.00000 GB 

timer:                                 truncate     0.05s     0.05s 
mp2_pair21 is frozen: potential not computed
timer:                   Fluctuation Potentials     1.35s     1.35s 
timer:                       Fluctuation Matrix     0.15s     0.15s 
PNOPairs Memory Information
Total: 0.01815 GB 
PNO  : 0.00523 GB 
KPNO : 0.00507 GB 
W    : 0.00785 GB 

PNOPairs Memory Information
Total: 0.01815 GB 
PNO  : 0.00523 GB 
KPNO : 0.00507 GB 
W    : 0.00785 GB 

timer:                                 truncate     0.04s     0.04s 
timer:                             PNO Overlaps     0.11s     0.11s 
t_iter =  0  Hylleraas energy =  0.00000  ||R||_F =  0.20820  conv =  no
subspace solution [*]   1.00000000

t_iter =  1  Hylleraas energy =  -0.04367  ||R||_F =  0.00000  conv =  yes
=======================================================

Hylleraas MP2 Energies

=======================================================
    i    j      singlet      triplet        Total
=======================================================
    1    1  -1.87198e-02  0.00000e+00 -1.87198e-02
    2    1   0.00000e+00  0.00000e+00  0.00000e+00
    2    2  -2.49472e-02  0.00000e+00 -2.49472e-02
=======================================================
Hylleraas MP2 Energies (singlet): -4.36670e-02
Hylleraas MP2 Energies (triplet):  0.00000e+00
Hylleraas MP2 Energies (total)  : -4.36670e-02
=======================================================
-------------------------------------------
Total Reg Energy  =-4.36670e-02
Total F12 Energy  = 0.00000e+00
Sum Energies Total=-4.36670e-02
-------------------------------------------
timer:                         Solve Amplitudes     0.00s     0.00s 
pair11: density evals:
 [*]   0.00437167   0.02773652

pair22: density evals:
 [*]   0.00381224   0.05741989

timer:                            compress PNOs     0.00s     0.00s 
timer:                             MRA compress     0.00s     0.00s 
timer:                          Transform Pairs     0.19s     0.19s 
timer:                          PNO Compression     0.19s     0.19s 
Information About All Pairs:
mp2_pair11           number=0 rank=  2 frozen=false
mp2_pair21           number=1 rank=  0 frozen=true
mp2_pair22           number=2 rank=  2 frozen=false
number of pairs=3
average rank   =1 (1.33333e+00)
largest rank   =2
saving vector of functions mp2_pair11
saving vector of functions mp2_pair22
timer:                        save pnos on disc     0.09s     0.09s 
PNOPairs Memory Information
Total: 0.01815 GB 
PNO  : 0.00523 GB 
KPNO : 0.00507 GB 
W    : 0.00785 GB 

timer:                                 truncate     0.02s     0.02s 
timer:      compute densities for G application     0.00s     0.00s 
pair21 is frozen: no optimization
timer:                Prepare for G application     0.11s     0.11s 
timer:                                    add K     0.00s     0.00s 
size of all Vpsi potentials (without Vnuc and J) 0.00662 GB 
time=128.85379 chunk=4 Vpsi+Vnuc+J=0.01623 GB
time=128.87188 chunk=4 Vpsi+Vnuc+J=0.01542 GB (after truncation)
timer:                           Apply G to all     1.66s     1.66s 
timer:                       apply Q and update     0.00s     0.00s 
mp2_pair11 residual norms:
[0.02971, 0.04839]
mp2_pair11 scaled residual norms:
[0.00196, 0.00806]
mp2_pair22 residual norms:
[0.03769, 0.03761]
mp2_pair22 scaled residual norms:
[0.00233, 0.00901]
timer:                          update all PNOs     1.79s     1.79s 
frozen pair: no orthonormalization
timer:                                     RRCD     0.05s     0.05s 
timer:                             MRA compress     0.00s     0.00s 
timer:                          Transform Pairs     0.18s     0.18s 
saving vector of functions mp2_pair11
saving vector of functions mp2_pair22
timer:                        save pnos on disc     0.10s     0.10s 


No convergence yet. Energy change = 0.00248

timer:                        Whole Iteration 3     8.16s     8.16s 
Information About All Pairs:
mp2_pair11           number=0 rank=  2 frozen=false
mp2_pair21           number=1 rank=  0 frozen=true
mp2_pair22           number=2 rank=  2 frozen=false
number of pairs=3
average rank   =1 (1.33333)
largest rank   =2
PNOPairs Memory Information
Total: 0.00536 GB 
PNO  : 0.00536 GB 
KPNO : 0.00000 GB 
W    : 0.00000 GB 

timer:                                 truncate     0.07s     0.07s 
wall time=133.45481 chunk=4 allK.size()=4 memory=0.00507 GB
timer:                             compute KPNO     2.97s     2.97s 
wall time=133.61325 chunk=4 allJ.size()=4 memory=0.00593 GB
timer:                             compute JPNO     0.16s     0.16s 
timer:                    compute Fock matrices     1.07s     1.07s 
timer:                             MRA compress     0.00s     0.00s 
timer:                          Transform Pairs     0.10s     0.10s 
timer:                             Canonicalize     0.11s     0.11s 
PNOPairs Memory Information
Total: 0.01043 GB 
PNO  : 0.00536 GB 
KPNO : 0.00507 GB 
W    : 0.00000 GB 

timer:                                 truncate     0.04s     0.04s 
mp2_pair21 is frozen: potential not computed
timer:                   Fluctuation Potentials     1.44s     1.44s 
timer:                       Fluctuation Matrix     0.13s     0.13s 
PNOPairs Memory Information
Total: 0.01828 GB 
PNO  : 0.00536 GB 
KPNO : 0.00507 GB 
W    : 0.00785 GB 

PNOPairs Memory Information
Total: 0.01828 GB 
PNO  : 0.00536 GB 
KPNO : 0.00507 GB 
W    : 0.00785 GB 

timer:                                 truncate     0.06s     0.06s 
timer:                             PNO Overlaps     0.10s     0.10s 
t_iter =  0  Hylleraas energy =  0.00000  ||R||_F =  0.21280  conv =  no
subspace solution [*]   1.00000000

t_iter =  1  Hylleraas energy =  -0.04411  ||R||_F =  0.00000  conv =  yes
=======================================================

Hylleraas MP2 Energies

=======================================================
    i    j      singlet      triplet        Total
=======================================================
    1    1  -1.89323e-02  0.00000e+00 -1.89323e-02
    2    1   0.00000e+00  0.00000e+00  0.00000e+00
    2    2  -2.51738e-02  0.00000e+00 -2.51738e-02
=======================================================
Hylleraas MP2 Energies (singlet): -4.41061e-02
Hylleraas MP2 Energies (triplet):  0.00000e+00
Hylleraas MP2 Energies (total)  : -4.41061e-02
=======================================================
-------------------------------------------
Total Reg Energy  =-4.41061e-02
Total F12 Energy  = 0.00000e+00
Sum Energies Total=-4.41061e-02
-------------------------------------------
timer:                         Solve Amplitudes     0.00s     0.00s 
pair11: density evals:
 [*]   0.00426678   0.02703331

pair22: density evals:
 [*]   0.00369559   0.05622871

timer:                            compress PNOs     0.00s     0.00s 
timer:                             MRA compress     0.00s     0.00s 
timer:                          Transform Pairs     0.28s     0.28s 
timer:                          PNO Compression     0.28s     0.28s 
Information About All Pairs:
mp2_pair11           number=0 rank=  2 frozen=false
mp2_pair21           number=1 rank=  0 frozen=true
mp2_pair22           number=2 rank=  2 frozen=false
number of pairs=3
average rank   =1 (1.33333e+00)
largest rank   =2
saving vector of functions mp2_pair11
saving vector of functions mp2_pair22
timer:                        save pnos on disc     0.10s     0.10s 
PNOPairs Memory Information
Total: 0.01828 GB 
PNO  : 0.00536 GB 
KPNO : 0.00507 GB 
W    : 0.00785 GB 

timer:                                 truncate     0.02s     0.02s 
timer:      compute densities for G application     0.00s     0.00s 
pair21 is frozen: no optimization
timer:                Prepare for G application     0.12s     0.12s 
timer:                                    add K     0.03s     0.03s 
size of all Vpsi potentials (without Vnuc and J) 0.00662 GB 
time=137.63028 chunk=4 Vpsi+Vnuc+J=0.01644 GB
time=137.69307 chunk=4 Vpsi+Vnuc+J=0.01562 GB (after truncation)
timer:                           Apply G to all     2.01s     2.01s 
timer:                       apply Q and update     0.00s     0.00s 
mp2_pair11 residual norms:
[0.01146, 0.02150]
mp2_pair11 scaled residual norms:
[0.00075, 0.00354]
mp2_pair22 residual norms:
[0.02035, 0.01628]
mp2_pair22 scaled residual norms:
[0.00124, 0.00386]
timer:                          update all PNOs     2.16s     2.16s 
frozen pair: no orthonormalization
timer:                                     RRCD     0.03s     0.03s 
timer:                             MRA compress     0.00s     0.00s 
timer:                          Transform Pairs     0.10s     0.10s 
saving vector of functions mp2_pair11
saving vector of functions mp2_pair22
timer:                        save pnos on disc     0.09s     0.09s 


No convergence yet. Energy change = 0.00044

timer:                        Whole Iteration 4     8.95s     8.95s 
Information About All Pairs:
mp2_pair11           number=0 rank=  2 frozen=false
mp2_pair21           number=1 rank=  0 frozen=true
mp2_pair22           number=2 rank=  2 frozen=false
number of pairs=3
average rank   =1 (1.33333)
largest rank   =2
PNOPairs Memory Information
Total: 0.00536 GB 
PNO  : 0.00536 GB 
KPNO : 0.00000 GB 
W    : 0.00000 GB 

timer:                                 truncate     0.01s     0.01s 
wall time=142.49082 chunk=4 allK.size()=4 memory=0.00507 GB
timer:                             compute KPNO     3.11s     3.11s 
wall time=142.60951 chunk=4 allJ.size()=4 memory=0.00593 GB
timer:                             compute JPNO     0.12s     0.12s 
timer:                    compute Fock matrices     1.16s     1.16s 
timer:                             MRA compress     0.00s     0.00s 
timer:                          Transform Pairs     0.12s     0.12s 
timer:                             Canonicalize     0.12s     0.12s 
PNOPairs Memory Information
Total: 0.01043 GB 
PNO  : 0.00536 GB 
KPNO : 0.00507 GB 
W    : 0.00000 GB 

timer:                                 truncate     0.03s     0.03s 
mp2_pair21 is frozen: potential not computed
timer:                   Fluctuation Potentials     1.57s     1.57s 
timer:                       Fluctuation Matrix     0.19s     0.19s 
PNOPairs Memory Information
Total: 0.01828 GB 
PNO  : 0.00536 GB 
KPNO : 0.00507 GB 
W    : 0.00785 GB 

PNOPairs Memory Information
Total: 0.01828 GB 
PNO  : 0.00536 GB 
KPNO : 0.00507 GB 
W    : 0.00785 GB 

timer:                                 truncate     0.04s     0.04s 
timer:                             PNO Overlaps     0.10s     0.10s 
t_iter =  0  Hylleraas energy =  0.00000  ||R||_F =  0.21464  conv =  no
subspace solution [*]   1.00000000

t_iter =  1  Hylleraas energy =  -0.04419  ||R||_F =  0.00000  conv =  yes
=======================================================

Hylleraas MP2 Energies

=======================================================
    i    j      singlet      triplet        Total
=======================================================
    1    1  -1.89747e-02  0.00000e+00 -1.89747e-02
    2    1   0.00000e+00  0.00000e+00  0.00000e+00
    2    2  -2.52202e-02  0.00000e+00 -2.52202e-02
=======================================================
Hylleraas MP2 Energies (singlet): -4.41949e-02
Hylleraas MP2 Energies (triplet):  0.00000e+00
Hylleraas MP2 Energies (total)  : -4.41949e-02
=======================================================
-------------------------------------------
Total Reg Energy  =-4.41949e-02
Total F12 Energy  = 0.00000e+00
Sum Energies Total=-4.41949e-02
-------------------------------------------
timer:                         Solve Amplitudes     0.00s     0.00s 
pair11: density evals:
 [*]   0.00422178   0.02663515

pair22: density evals:
 [*]   0.00363339   0.05557175

timer:                            compress PNOs     0.00s     0.00s 
timer:                             MRA compress     0.00s     0.00s 
timer:                          Transform Pairs     0.26s     0.26s 
timer:                          PNO Compression     0.26s     0.26s 
Information About All Pairs:
mp2_pair11           number=0 rank=  2 frozen=false
mp2_pair21           number=1 rank=  0 frozen=true
mp2_pair22           number=2 rank=  2 frozen=false
number of pairs=3
average rank   =1 (1.33333e+00)
largest rank   =2
saving vector of functions mp2_pair11
saving vector of functions mp2_pair22
timer:                        save pnos on disc     0.10s     0.10s 
PNOPairs Memory Information
Total: 0.01828 GB 
PNO  : 0.00536 GB 
KPNO : 0.00507 GB 
W    : 0.00785 GB 

timer:                                 truncate     0.04s     0.04s 
timer:      compute densities for G application     0.00s     0.00s 
pair21 is frozen: no optimization
timer:                Prepare for G application     0.16s     0.16s 
timer:                                    add K     0.00s     0.00s 
size of all Vpsi potentials (without Vnuc and J) 0.00662 GB 
time=146.94143 chunk=4 Vpsi+Vnuc+J=0.01644 GB
time=146.96382 chunk=4 Vpsi+Vnuc+J=0.01562 GB (after truncation)
timer:                           Apply G to all     1.86s     1.86s 
timer:                       apply Q and update     0.00s     0.00s 
mp2_pair11 residual norms:
[0.00511, 0.00973]
mp2_pair11 scaled residual norms:
[0.00033, 0.00159]
mp2_pair22 residual norms:
[0.01252, 0.00731]
mp2_pair22 scaled residual norms:
[0.00075, 0.00172]
timer:                          update all PNOs     2.03s     2.03s 
frozen pair: no orthonormalization
timer:                                     RRCD     0.03s     0.03s 
timer:                             MRA compress     0.00s     0.00s 
timer:                          Transform Pairs     0.08s     0.08s 
saving vector of functions mp2_pair11
saving vector of functions mp2_pair22
timer:                        save pnos on disc     0.09s     0.09s 


CONVERGED!
energy change = 0.00009

re-entering loop to compute the correct amplitudes and energies
timer:                        Whole Iteration 5     9.15s     9.15s 
Information About All Pairs:
mp2_pair11           number=0 rank=  2 frozen=false
mp2_pair21           number=1 rank=  0 frozen=true
mp2_pair22           number=2 rank=  2 frozen=false
number of pairs=3
average rank   =1 (1.33333)
largest rank   =2
PNOPairs Memory Information
Total: 0.00536 GB 
PNO  : 0.00536 GB 
KPNO : 0.00000 GB 
W    : 0.00000 GB 

timer:                                 truncate     0.01s     0.01s 
wall time=151.50256 chunk=4 allK.size()=4 memory=0.00507 GB
timer:                             compute KPNO     2.98s     2.98s 
wall time=151.66926 chunk=4 allJ.size()=4 memory=0.00593 GB
timer:                             compute JPNO     0.17s     0.17s 
timer:                    compute Fock matrices     1.03s     1.03s 
timer:                             MRA compress     0.00s     0.00s 
timer:                          Transform Pairs     0.18s     0.18s 
timer:                             Canonicalize     0.18s     0.18s 
PNOPairs Memory Information
Total: 0.01043 GB 
PNO  : 0.00536 GB 
KPNO : 0.00507 GB 
W    : 0.00000 GB 

timer:                                 truncate     0.04s     0.04s 
mp2_pair21 is frozen: potential not computed
timer:                   Fluctuation Potentials     1.55s     1.55s 
timer:                       Fluctuation Matrix     0.12s     0.12s 
PNOPairs Memory Information
Total: 0.01828 GB 
PNO  : 0.00536 GB 
KPNO : 0.00507 GB 
W    : 0.00785 GB 

PNOPairs Memory Information
Total: 0.01828 GB 
PNO  : 0.00536 GB 
KPNO : 0.00507 GB 
W    : 0.00785 GB 

timer:                                 truncate     0.04s     0.04s 
timer:                             PNO Overlaps     0.07s     0.07s 
t_iter =  0  Hylleraas energy =  0.00000  ||R||_F =  0.21544  conv =  no
subspace solution [*]   1.00000000

t_iter =  1  Hylleraas energy =  -0.04421  ||R||_F =  0.00000  conv =  yes
=======================================================

Hylleraas MP2 Energies

=======================================================
    i    j      singlet      triplet        Total
=======================================================
    1    1  -1.89832e-02  0.00000e+00 -1.89832e-02
    2    1   0.00000e+00  0.00000e+00  0.00000e+00
    2    2  -2.52304e-02  0.00000e+00 -2.52304e-02
=======================================================
Hylleraas MP2 Energies (singlet): -4.42137e-02
Hylleraas MP2 Energies (triplet):  0.00000e+00
Hylleraas MP2 Energies (total)  : -4.42137e-02
=======================================================
-------------------------------------------
Total Reg Energy  =-4.42137e-02
Total F12 Energy  = 0.00000e+00
Sum Energies Total=-4.42137e-02
-------------------------------------------
timer:                         Solve Amplitudes     0.00s     0.00s 
pair11: density evals:
 [*]   0.00420174   0.02644136

pair22: density evals:
 [*]   0.00359756   0.05525271

timer:                            compress PNOs     0.00s     0.00s 
timer:                             MRA compress     0.00s     0.00s 
timer:                          Transform Pairs     0.27s     0.27s 
timer:                          PNO Compression     0.28s     0.28s 
Information About All Pairs:
mp2_pair11           number=0 rank=  2 frozen=false
mp2_pair21           number=1 rank=  0 frozen=true
mp2_pair22           number=2 rank=  2 frozen=false
number of pairs=3
average rank   =1 (1.33333e+00)
largest rank   =2
saving vector of functions mp2_pair11
saving vector of functions mp2_pair22
timer:                        save pnos on disc     0.10s     0.10s 
exiting: Iterations converged
PNO ranks:
PNO Rank for pair pair11 = 2
PNO Rank for pair pair21 = 0
PNO Rank for pair pair22 = 2
average rank 1.33333e+00
timer:                               PNO::solve    56.25s    56.25s 

--------------------------------
ITERATE-PAIRS-INTERNAL-ENDED
--------------------------------
mp2_pair21 converged!


Adaptive Sovler:
 Current Energy=-4.4213662767e-02
 DeltaE        =-4.4213662767e-02
 max dE (pair) =-2.5230438688e-02 (2)
 all_pairs_conv=false




not converged yet

freeze pair mp2_pair21 (not further optimized: Energy below 1.0000000000e-05)
Maximum Rank of2 reached for all non-frozen pairs, no need to iterate further=======================================================

Final MP2 Energies

=======================================================
    i    j      singlet      triplet        Total
=======================================================
    1    1  -1.89832e-02  0.00000e+00 -1.89832e-02
    2    1   0.00000e+00  0.00000e+00  0.00000e+00
    2    2  -2.52304e-02  0.00000e+00 -2.52304e-02
=======================================================
Final MP2 Energies (singlet): -4.42137e-02
Final MP2 Energies (triplet):  0.00000e+00
Final MP2 Energies (total)  : -4.42137e-02
=======================================================
-------------------------------------------
Total Reg Energy  =-4.42137e-02
Total F12 Energy  = 0.00000e+00
Sum Energies Total=-4.42137e-02
-------------------------------------------
Average | Max Rank: 1 | 2



--------------------------------------------------
MRA-PNO-MP2-F12 ended 
--------------------------------------------------
                 time scf = 9.09313e+01
               energy scf = -1.55564e+01
--------------------------------------------------
restarting PNO to reload pairs that converged before and were frozen
PNO Parameters
pno
       rank_increase  15         # default   maximum rank to increase in every macroiteration
               chunk  100        # default   chunk of functions operated on in parallel when G or K is applied (prevent memory shortage)
               debug  false      # default   debug mode
              freeze  1          # derived   frozen core approximation
             maxrank  2          # defined   maximal pno rank for all pairs
           guesstype  exop       # derived   the guesstype: exop (recommended, multiply polynomial excitation operators onto the occupied orbitals), empty (don't compute a guess), scf (use the ao basis from the SCF solver), partial_wave (create s,p,d ..., type functions and place on atoms), predefined (same as partial_wave but for predefined sets)
                exop  multipole  # derived   this string defines which excitation operators can be used, use 'dipole', 'dipole+', 'quadrupole', 'ocopole', or 'multipole', need to set guesstype to 'exop' which is the default
          exop_trigo  true       # default   use trigonometric excitation operators ( x --> sin(x)
        partial_wave             # default   atom centered partial wave guess of format like 'h-2s1p-o-3s2p1d', need to set guesstype to 'partial_wave' and adaptive_solver to 'none'
          predefined             # default   predefined partial wave guesses of type pvxz with x=d,t,q,5,6, need to set guesstype to 'predefined' and adaptive_solver to 'none'
           maxiter_t  100        # default   maximal number of iterations in the amplitude solver
       maxiter_micro  10         # default   Maximum of iterations for every cycle in the adaptive solver
       maxiter_macro  10         # default   Maximum of iterations of cycles in the adaptive solver
                tpno  1.0000e-08 # default   PNO cutoff threshold
          tpno_tight  1.0000e-10 # derived   PNO cutoff for the first iteration
    canonicalize_pno  true       # default   canonicalize the pnos before the amplitude solver
              thresh  1.0000e-04 # defined   MRA threshold
         econv_micro  1.0000e-04 # derived   Energy convergence for microiterations (Greens function based optimization) in adaptive solver
         econv_pairs  1.0000e-05 # derived   ENergy convergence for individual pairs in adaptive solver. Converged pairs are frozen automatically
         econv_macro  1.0000e-04 # derived   Energy convergence for macroiterations in adaptive solver, no effect if adaptive_solver is deactivated
               dconv  1.0000e-01 # default   convergence of every PNO in the Green's function solver
           op_thresh  1.0000e-06 # default   MRA operator thresh
             restart  all        # defined   restart pairs of this type, use 'mp2', 'cispd', 'all' or 'none'
          no_compute  none       # default   do not compute the pairs of this type, use 'mp2', 'cispd', 'all' or 'none'
              no_opt  all        # defined   do not optimize the pnos of this type, use 'mp2', 'cispd', 'all' or 'none'
            no_guess  all        # defined   guess for this type will be empty, use 'mp2', 'cispd', 'all' or 'none'
     adaptive_solver  none       # defined   Use adaptive solver for those pairs, use 'mp2', 'cispd', 'all' or 'none', works only in combination with guesstype 'exop'
                kain  true       # default   use KAIN solver in amplitude solver
       kain_subspace  5          # default   subspace size of the KAIN solver (amplitudes)
                 f12  false      # defined   use explicit correlation
        cispd_number  -1         # default   CIS(D) excitation numbers, to read in correct functions
        cispd_energy  0.0000e+00 # default   CIS energy
        freeze_pairs  none       # default   frozen pairs will not be optimized: Expected format 'a b c d' will freeze pairs ab and cd
freeze_pairs_of_orbital  []         # default    All pairs which originate from this orbital will not be optimized
active_pairs_of_orbital  []         # default    All pairs which originate from this orbital will not be frozen all other pairs will, if this vector is not empty
no_opt_in_first_iteration  false      # default   Do not optimize in the first iteration (then the potentials do not have to be evaluated, use this for large guesses)
            exchange  full       # default   approximate exchange with 'neglect' or xc functional -> same syntax as moldft
           save_pnos  true       # default   Save the OBS-PNOs to a file, before and after orthonormalization.
            diagonal  true       # defined   Compute only diagonal PNOs

end

**********************
Solve PNO-MP2
*********************


**********************
Iterate Pairs
*********************


************************
Standard Solver
***********************

Initializing Pairs:
Restart demanded for mp2 pairs
loading vector of functions mp2_pair11
Found PNOs for mp2_pair11 with rank 2
loading vector of functions mp2_pair21
failed to find PNO mp2_pair21 initialize as zero function
nloading vector of functions mp2_pair22
Found PNOs for mp2_pair22 with rank 2
no guess was explicitly demanded for mp2

timer:                                     RRCD     0.04s     0.04s 
timer:                             MRA compress     0.00s     0.00s 
timer:                          Transform Pairs     0.06s     0.06s 
timer:          apply Q and orthonormalize PNOs     0.32s     0.32s 
Created Guess:
pair11 with 2 guess functions
pair21 with 0 guess functions
pair22 with 2 guess functions
guess pair11 size: 2.6986598969e-03 | 2.6986598969e-03 Gbyte (after truncation)
guess pair22 size: 2.6577711105e-03 | 2.6577711105e-03 Gbyte (after truncation)
timer:                           truncate guess     0.04s     0.04s 
timer:                         Initialize Pairs     0.37s     0.37s 
Information About All Pairs:
mp2_pair11           number=0 rank=  2 frozen=false
mp2_pair21           number=1 rank=  0 frozen=true
mp2_pair22           number=2 rank=  2 frozen=false
number of pairs=3
average rank   =1 (1.3333333333e+00)
largest rank   =2
SolveInternal: Parameters are assigned as
no_compute        = false
no_opt            = true
restart           = true
do_cispd          = false
econv             =1.0000000000e-04
maxrank (min,max) = (2,2)
Solving MP2 doubles
timer:          fock matrix     2.83s     2.83s
Information About All Pairs:
mp2_pair11           number=0 rank=  2 frozen=false
mp2_pair21           number=1 rank=  0 frozen=true
mp2_pair22           number=2 rank=  2 frozen=false
number of pairs=3
average rank   =1 (1.3333333333e+00)
largest rank   =2
PNOPairs Memory Information
Total: 0.0053564310 GB 
PNO  : 0.0053564310 GB 
KPNO : 0.0000000000 GB 
W    : 0.0000000000 GB 

timer:                                 truncate     0.03s     0.03s 
wall time=161.4147930145 chunk=4 allK.size()=4 memory=0.0050702095 GB
timer:                             compute KPNO     3.06s     3.06s 
wall time=161.5812990665 chunk=4 allJ.size()=4 memory=0.0059288740 GB
timer:                             compute JPNO     0.17s     0.17s 
timer:                    compute Fock matrices     1.06s     1.06s 
timer:                             MRA compress     0.00s     0.00s 
timer:                          Transform Pairs     0.14s     0.14s 
timer:                             Canonicalize     0.14s     0.14s 
PNOPairs Memory Information
Total: 0.0104266405 GB 
PNO  : 0.0053564310 GB 
KPNO : 0.0050702095 GB 
W    : 0.0000000000 GB 

timer:                                 truncate     0.03s     0.03s 
mp2_pair21 is frozen: potential not computed
timer:                   Fluctuation Potentials     1.40s     1.40s 
timer:                       Fluctuation Matrix     0.12s     0.12s 
PNOPairs Memory Information
Total: 0.0182772875 GB 
PNO  : 0.0053564310 GB 
KPNO : 0.0050702095 GB 
W    : 0.0078506470 GB 

PNOPairs Memory Information
Total: 0.0182772875 GB 
PNO  : 0.0053564310 GB 
KPNO : 0.0050702095 GB 
W    : 0.0078506470 GB 

timer:                                 truncate     0.04s     0.04s 
timer:                             PNO Overlaps     0.10s     0.10s 
t_iter =  0  Hylleraas energy =  0.0000000000  ||R||_F =  0.2154435215  conv =  no
subspace solution [*]   1.00000000

t_iter =  1  Hylleraas energy =  -0.0442137341  ||R||_F =  0.0000000000  conv =  yes
=======================================================

Hylleraas MP2 Energies

=======================================================
    i    j      singlet      triplet        Total
=======================================================
    1    1  -1.89832e-02  0.00000e+00 -1.89832e-02
    2    1   0.00000e+00  0.00000e+00  0.00000e+00
    2    2  -2.52305e-02  0.00000e+00 -2.52305e-02
=======================================================
Hylleraas MP2 Energies (singlet): -4.42137e-02
Hylleraas MP2 Energies (triplet):  0.00000e+00
Hylleraas MP2 Energies (total)  : -4.42137e-02
=======================================================
-------------------------------------------
Total Reg Energy  =-4.42137e-02
Total F12 Energy  = 0.00000e+00
Sum Energies Total=-4.42137e-02
-------------------------------------------
timer:                         Solve Amplitudes     0.00s     0.00s 
No optimization untill now: Compressing pno ranks with tighter threshold
1.00000e-10 instead of 1.00000e-08
pair11: density evals:
 [*]   0.00420174   0.02644140

pair22: density evals:
 [*]   0.00359756   0.05525288

timer:                            compress PNOs     0.00s     0.00s 
timer:                             MRA compress     0.00s     0.00s 
timer:                          Transform Pairs     0.36s     0.36s 
timer:                          PNO Compression     0.36s     0.36s 
Information About All Pairs:
mp2_pair11           number=0 rank=  2 frozen=false
mp2_pair21           number=1 rank=  0 frozen=true
mp2_pair22           number=2 rank=  2 frozen=false
number of pairs=3
average rank   =1 (1.33333e+00)
largest rank   =2
saving vector of functions mp2_pair11
saving vector of functions mp2_pair22
timer:                        save pnos on disc     0.10s     0.10s 
exiting: Found no_opt keyword
PNO ranks:
PNO Rank for pair pair11 = 2
PNO Rank for pair pair21 = 0
PNO Rank for pair pair22 = 2
average rank 1.33333e+00
timer:                               PNO::solve     9.46s     9.46s 

--------------------------------
ITERATE-PAIRS-INTERNAL-ENDED
--------------------------------
=======================================================

Final MP2 Energies

=======================================================
    i    j      singlet      triplet        Total
=======================================================
    1    1  -1.89832e-02  0.00000e+00 -1.89832e-02
    2    1   0.00000e+00  0.00000e+00  0.00000e+00
    2    2  -2.52305e-02  0.00000e+00 -2.52305e-02
=======================================================
Final MP2 Energies (singlet): -4.42137e-02
Final MP2 Energies (triplet):  0.00000e+00
Final MP2 Energies (total)  : -4.42137e-02
=======================================================
-------------------------------------------
Total Reg Energy  =-4.42137e-02
Total F12 Energy  = 0.00000e+00
Sum Energies Total=-4.42137e-02
-------------------------------------------
Average | Max Rank: 1 | 2
                 time pno = 6.35264e+01
               energy mp2 = -4.42137e-02
     average pno rank mp2 = 1
         max pno rank mp2 = 2
--------------------------------------------------
            energy(total) = -1.56007e+01
--------------------------------------------------



Orthonormalization technique used: symmetric
No CABS used.
Tightening thresholds to +0.00010000 for post-processing
Overlap Matrix of all PNOs:
+1.00000279 -0.39039418 
-0.39039418 +1.00000509 
Before cherry pick
rank is +0
all used occupation numbers:
[+0.05525288 +0.02644140 ]
corresponding to active pairs:
[(1,1) (0,0) ]
After cherry pick
all used occupation numbers:
[+0.05525288 +0.02644140 ]
corresponding to active pairs:
[(1,1) (0,0) ]
Overlap Matrix before symmetric
[+0,*]  +1.00000279  -0.39039418
[+1,*]  -0.39039418  +1.00000509
Overlap Matrix after symmetric
[+0,*]  +1.00000000  +0.00000001
[+1,*]  +0.00000001  +1.00000000
Adding 3 HF orbitals
Size before adding CABS: 5.
Size after adding CABS: 5.
Compute G and F Tensor:
Assemble g,f using symmetries...
non zero elements:
 g : +1185
 h : +25
Overlap over whole basis
[+0,*]  +1.00000000  +0.00000079  -0.00000256  -0.00000407  +0.00000545
[+1,*]  +0.00000079  +1.00000000  +0.00000035  +0.00000054  -0.00000073
[+2,*]  -0.00000256  +0.00000035  +1.00000000  -0.00000049  +0.00000063
[+3,*]  -0.00000407  +0.00000054  -0.00000049  +1.00000000  +0.00000001
[+4,*]  +0.00000545  -0.00000073  +0.00000063  +0.00000001  +1.00000000

||S-1||=+0.00001050
finished at time 185.9

    Parallel environment
    --------------------
                  #nodes    1
       #threads per node    11+main = 12
          #total threads    12

  RMI message statistics (min / avg / max)
  ----------------------
   #messages in server q    0.00e+00 / 0.00e+00 / 0.00e+00
 #messages sent per node    0.00e+00 / 0.00e+00 / 0.00e+00
    #bytes sent per node    0.00e+00 / 0.00e+00 / 0.00e+00
 #messages recv per node    0.00e+00 / 0.00e+00 / 0.00e+00
    #bytes recv per node    0.00e+00 / 0.00e+00 / 0.00e+00
        #msgs systemwide    0.00e+00
       #bytes systemwide    0.00e+00

  Thread pool statistics (min / avg / max)
  ----------------------
         #tasks per node    1.16e+07 / 1.16e+07 / 1.16e+07
     #max q len per node    1.19e+04 / 1.19e+04 / 1.19e+04
  #hi-pri tasks per node    3.85e+06 / 3.85e+06 / 3.85e+06

         Total wall time    185.8s
         Total  cpu time    185.8s

