MADNESS runtime initialized with 11 threads in the pool and affinity -1 -1 -1
starting at time 0.0

--------------------------------------------
   MADNESS 0.10.1 multiresolution suite
--------------------------------------------

   number of processors ... 1
    processor frequency ... 3.695913e+09
            host system ... Linux
          configured by ... kottmann
          configured on ... wittgenstein
          configured at ... 2021-02-10T21:25:26
                    CXX ... /usr/bin/c++
               CXXFLAGS ... -O3 -DNDEBUG -I/h/28/kottmann/install/numcpp/include/ -I/h/28/kottmann/install/boost/boost_1_72_0/include/ -std=c++1z
             tuning for ... default
                    MPI ... multiple
 multi-threaded runtime ... MADNESS ThreadPool
                   BLAS ... Intel MKL 44375 44375 MFLOP/s
               compiled ... 13:08:26  on  Feb 23 2021


-------------------------------------------------------------------------------------
SOLVING MRA-PNO-F12 as described in 
J.S. Kottmann, F.A. Bischoff, E.F. Valeev
Direct determination of optimal pair-natural orbitals in a real-space representation:
the second-order Møller-Plesset energy
Journal of Chemical Physics ... 2020
-------------------------------------------------------------------------------------


This script will run PNO-MP2 and print out tensors in binary
Call as: pno_integrals inputfileinput is input
ignoring unknown parameter in input file:  ncf

Angstrom being used to read input coordinates (1 Bohr = 1.88972613 Angstrom)


Asymptotic correction parameters
---------------------------------------
Atom vector is not empty: false
Using multipole approximation: false
Number of electrons = -1
Ionisation energy = 0.000000e+00
E(HOMO) = 0.000000e+00
R1 = 3.000000e+00
R2 = 4.000000e+00
DFT coefficient = 0.000000e+00
Interpolation scheme = linear
constructed symmetry operator for point group C1
dft
              charge  0.0000e+00 # defined   total molecular charge
                  xc  hf         # defined   XC input line
               smear  0.0000e+00 # default   smearing parameter
               econv  1.0000e-04 # defined   energy convergence
               dconv  5.0000e-04 # defined   density convergence
convergence_criteria  [bsh_residual, total_energy] # default   possible values are: bsh_residual, total_energy, each_energy, density
                   k  7          # defined   polynomial order
                   l  5.4157e+01 # derived   user coordinates box size
               deriv  abgv       # default   derivative method                            [abgv, bspline, ble]
           dft_deriv  abgv       # default   derivative method for gga potentials         [abgv, bspline, ble]
             maxrotn  2.5000e-01 # default   step restriction used in autoshift algorithm
             nvalpha  0          # default   number of alpha virtuals to compute
              nvbeta  0          # default   number of beta virtuals to compute
               nopen  0          # default   number of unpaired electrons = nalpha-nbeta
             maxiter  25         # default   maximum number of iterations
                 nio  1          # default   no. of io servers to use
     spin_restricted  true       # default   true if spin restricted
              plotlo  0          # default   range of MOs to print (for both spins if polarized
              plothi  -1         # default   range of MOs to print (for both spins if polarized
            plotdens  false      # default   If true print the density at convergence
            plotcoul  false      # default   If true plot the total coulomb potential at convergence
            localize  boys       # defined   localization method                          [pm, boys, new, canon]
          pointgroup  c1         # derived   use point (sub) group symmetry if not localized[c1, c2, ci, cs, c2v, c2h, d2, d2h]
             restart  false      # default   if true restart from orbitals on disk
           restartao  false      # default   if true restart from orbitals projected into AO basis (STO3G) on disk
          no_compute  false      # default   if true use orbitals on disk, set value to computed
           no_orient  false      # default   if true the molecule coordinates will not be reoriented
                save  true       # default   if true save orbitals to disk
              maxsub  10         # default   size of iterative subspace ... set to 0 or 1 to disable
        orbitalshift  0.0000e+00 # default   scf orbital shift: shift the occ orbitals to lower energies
            npt_plot  101        # default   no. of points to use in each dim for plots
           plot_cell  []         # default   lo hi in each dimension for plotting (default is all space)
             aobasis  6-31g      # derived   AO basis used for initial guess (6-31g or sto-3g)
           core_type  none       # default   core potential type                          [none, mpc]
         derivatives  false      # default   if true calculate nuclear derivatives
              dipole  false      # default   if true calculate dipole moment
      conv_only_dens  false      # default   if true remove bsh_residual from convergence criteria (deprecated)
            psp_calc  false      # default   pseudopotential calculation for all atoms
 print_dipole_matels  false      # default   if true output dipole matrix elements
            pcm_data  none       # default   do a PCM (solvent) calculation
             ac_data  none       # default   do a calculation with asymptotic correction (see ACParameters class in chem/AC.h for details)
             pure_ae  true       # default   pure all electron calculation with no pseudo-atoms
         print_level  3          # default   0: no output; 1: final energy; 2: iterations; 3: timings; 10: debug
              nalpha  3          # derived   number of alpha spin electrons
               nbeta  3          # derived   number of beta  spin electrons
           nmo_alpha  3          # derived   number of alpha spin molecular orbitals
            nmo_beta  3          # derived   number of beta spin molecular orbitals
                  lo  9.0905e-04 # derived   smallest length scale we need to resolve
            protocol  [1.0000e-04, 1.0000e-06] # derived   calculation protocol
                gopt  false      # default   geometry optimizer
                gtol  1.0000e-04 # default   geometry tolerance
               gtest  false      # default   geometry tolerance
                gval  1.0000e-05 # default   value precision
               gprec  1.0000e-04 # default   gradient precision
            gmaxiter  20         # default   optimization maxiter
    ginitial_hessian  false      # default   compute inital hessian for optimization
              algopt  bfgs       # default   algorithm used for optimization              [bfgs, cg]
            tdksprop  false      # default   time-dependent Kohn-Sham equation propagate
           nv_factor  1          # default   factor to multiply number of virtual orbitals with when automatically decreasing nvirt
           vnucextra  2          # default   load balance parameter for nuclear pot
        loadbalparts  2          # default   ??
            response  false      # default   response function calculation
       response_freq  0.0000e+00 # default   frequency for calculation response function
       response_axis  [1, 1, 1]  # default   response axis
           nonrotate  false      # default   if true do not molcule orient (redundant with no_orient
               rconv  1.0000e-06 # default   Response convergence
              efield  0.0000e+00 # default   eps for finite field
         efield_axis  0          # default   finite field axis                            [0, 1, 2]
              nwfile  none       # default   Base name of nwchem output files (.out and .movecs extensions) to read from
                 ncf  (none,1.0000e+00) # defined   nuclear correlation factor
             hessian  false      # default   compute the hessian matrix
           read_cphf  false      # default   read the converged orbital response for nuclear displacements from file
        restart_cphf  false      # default   read the guess orbital response for nuclear displacements from file
      purify_hessian  false      # default   symmetrize the hessian matrix based on atomic charges

end
              charge  0.0000e+00 # defined   total molecular charge
                  xc  hf         # defined   XC input line
               smear  0.0000e+00 # default   smearing parameter
               econv  1.0000e-04 # defined   energy convergence
               dconv  5.0000e-04 # defined   density convergence
convergence_criteria  [bsh_residual, total_energy] # default   possible values are: bsh_residual, total_energy, each_energy, density
                   k  7          # defined   polynomial order
                   l  5.4157e+01 # derived   user coordinates box size
               deriv  abgv       # default   derivative method                            [abgv, bspline, ble]
           dft_deriv  abgv       # default   derivative method for gga potentials         [abgv, bspline, ble]
             maxrotn  2.5000e-01 # default   step restriction used in autoshift algorithm
             nvalpha  0          # default   number of alpha virtuals to compute
              nvbeta  0          # default   number of beta virtuals to compute
               nopen  0          # default   number of unpaired electrons = nalpha-nbeta
             maxiter  25         # default   maximum number of iterations
                 nio  1          # default   no. of io servers to use
     spin_restricted  true       # default   true if spin restricted
              plotlo  0          # default   range of MOs to print (for both spins if polarized
              plothi  -1         # default   range of MOs to print (for both spins if polarized
            plotdens  false      # default   If true print the density at convergence
            plotcoul  false      # default   If true plot the total coulomb potential at convergence
            localize  boys       # defined   localization method                          [pm, boys, new, canon]
          pointgroup  c1         # derived   use point (sub) group symmetry if not localized[c1, c2, ci, cs, c2v, c2h, d2, d2h]
             restart  false      # default   if true restart from orbitals on disk
           restartao  false      # default   if true restart from orbitals projected into AO basis (STO3G) on disk
          no_compute  false      # default   if true use orbitals on disk, set value to computed
           no_orient  false      # default   if true the molecule coordinates will not be reoriented
                save  true       # default   if true save orbitals to disk
              maxsub  10         # default   size of iterative subspace ... set to 0 or 1 to disable
        orbitalshift  0.0000e+00 # default   scf orbital shift: shift the occ orbitals to lower energies
            npt_plot  101        # default   no. of points to use in each dim for plots
           plot_cell  []         # default   lo hi in each dimension for plotting (default is all space)
             aobasis  6-31g      # derived   AO basis used for initial guess (6-31g or sto-3g)
           core_type  none       # default   core potential type                          [none, mpc]
         derivatives  false      # default   if true calculate nuclear derivatives
              dipole  false      # default   if true calculate dipole moment
      conv_only_dens  false      # default   if true remove bsh_residual from convergence criteria (deprecated)
            psp_calc  false      # default   pseudopotential calculation for all atoms
 print_dipole_matels  false      # default   if true output dipole matrix elements
            pcm_data  none       # default   do a PCM (solvent) calculation
             ac_data  none       # default   do a calculation with asymptotic correction (see ACParameters class in chem/AC.h for details)
             pure_ae  true       # default   pure all electron calculation with no pseudo-atoms
         print_level  3          # default   0: no output; 1: final energy; 2: iterations; 3: timings; 10: debug
              nalpha  3          # derived   number of alpha spin electrons
               nbeta  3          # derived   number of beta  spin electrons
           nmo_alpha  3          # derived   number of alpha spin molecular orbitals
            nmo_beta  3          # derived   number of beta spin molecular orbitals
                  lo  9.0905e-04 # derived   smallest length scale we need to resolve
            protocol  [1.0000e-04, 1.0000e-06] # derived   calculation protocol
                gopt  false      # default   geometry optimizer
                gtol  1.0000e-04 # default   geometry tolerance
               gtest  false      # default   geometry tolerance
                gval  1.0000e-05 # default   value precision
               gprec  1.0000e-04 # default   gradient precision
            gmaxiter  20         # default   optimization maxiter
    ginitial_hessian  false      # default   compute inital hessian for optimization
              algopt  bfgs       # default   algorithm used for optimization              [bfgs, cg]
            tdksprop  false      # default   time-dependent Kohn-Sham equation propagate
           nv_factor  1          # default   factor to multiply number of virtual orbitals with when automatically decreasing nvirt
           vnucextra  2          # default   load balance parameter for nuclear pot
        loadbalparts  2          # default   ??
            response  false      # default   response function calculation
       response_freq  0.0000e+00 # default   frequency for calculation response function
       response_axis  [1, 1, 1]  # default   response axis
           nonrotate  false      # default   if true do not molcule orient (redundant with no_orient
               rconv  1.0000e-06 # default   Response convergence
              efield  0.0000e+00 # default   eps for finite field
         efield_axis  0          # default   finite field axis                            [0, 1, 2]
              nwfile  none       # default   Base name of nwchem output files (.out and .movecs extensions) to read from



 geometry
   eprec 1.0e-06
   units atomic
   Be            0.00000000           0.00000000           0.00000000
   H             0.00000000           0.00000000           4.15739749
   H             0.00000000           0.00000000          -4.15739749
 end

Solving NDIM= 3  with thresh 1.000000e-04     k 7    conv 5.000000e-04 

timer:     Project vnuclear     0.60s     0.60s
constructed nuclear correlation factor of the form
    R   =  1.000000e+00
with eprec  1.000000e-06
which means it's (nearly) a conventional calculation

timer:        reproject ncf     1.92s     1.92s
timer:        guess density     0.48s     0.48s
timer:   guess Coulomb potn     0.47s     0.47s
timer:       guess lda potn     0.24s     0.24s
timer:        guess overlap     0.03s     0.03s
timer:    KEmat reconstruct     0.06s     0.06s
timer:  KEmat differentiate     0.27s     0.27s
timer:       KEmat compress     0.11s     0.11s
timer: KEmat inner products     0.15s     0.15s
timer:     guess Kinet potn     0.60s     0.60s
timer:           guess fock     0.51s     0.51s
timer:      guess eigen sol     0.05s     0.05s
timer: guess orbital groupi     0.13s     0.13s

starting protocol at time      7.3s 
precision steps  1.000000e-04  -->  1.000000e-04
protocol: thresh 1.000000e-04 econv  1.000000e-04 dconv 5.000000e-04

ending protocol at time      7.3s 

Solving NDIM= 3  with thresh 1.000000e-04     k 7    conv 5.000000e-04 

timer:        Boys localize     0.89s     0.89s
orbital irreps []
timer:      reconstruct psi     0.15s     0.15s
timer:        compute Jnemo     0.67s     0.67s
timer:        compute Knemo     2.10s     2.10s
timer: compute Unemo 0.0141     0.24s     0.24s

  nuclear and kinetic     -23.93312182
         kinetic only      15.12052871
              coulomb       9.53783028
             exchange      -3.21241890
    nuclear-repulsion       2.04454831
   regularized energy     -15.56316214
  buggy if hybrid functionals are used..
timer:       compute energy     3.58s     3.58s
Norm of vector changes ab spin case : rms 5.921579e-02    max 7.183214e-02
convergence: bshresidual, energy change, max energy change, density change 6.4e-02 1.6e+01 1.6e+01 1.4e+00
finished iteration  0 at time     19.8s with energy  -15.56316214
timer:        Boys localize     1.01s     1.01s
orbital irreps []
timer:      reconstruct psi     0.18s     0.18s
timer:        compute Jnemo     0.64s     0.64s
timer:        compute Knemo     2.01s     2.01s
timer: compute Unemo 0.0136     0.15s     0.15s

  nuclear and kinetic     -24.01331506
         kinetic only      15.08129760
              coulomb       9.55905829
             exchange      -3.18401270
    nuclear-repulsion       2.04454831
   regularized energy     -15.59372116
  buggy if hybrid functionals are used..
timer:       compute energy     3.57s     3.57s
Norm of vector changes ab spin case : rms 2.944418e-02    max 3.586038e-02
convergence: bshresidual, energy change, max energy change, density change 2.1e-02 3.1e-02 8.0e-02 1.3e-02
finished iteration  1 at time     32.7s with energy  -15.59372116
timer:        Boys localize     1.00s     1.00s
orbital irreps []
timer:      reconstruct psi     0.13s     0.13s
timer:        compute Jnemo     0.65s     0.65s
timer:        compute Knemo     2.01s     2.01s
timer: compute Unemo 0.0138     0.21s     0.21s

  nuclear and kinetic     -24.05919763
         kinetic only      15.07241546
              coulomb       9.58776904
             exchange      -3.17136130
    nuclear-repulsion       2.04454831
   regularized energy     -15.59824159
  buggy if hybrid functionals are used..
timer:       compute energy     3.35s     3.35s
Norm of vector changes ab spin case : rms 6.911048e-03    max 8.454919e-03
convergence: bshresidual, energy change, max energy change, density change 3.8e-03 4.5e-03 4.6e-02 3.1e-03
finished iteration  2 at time     45.5s with energy  -15.59824159
timer:        Boys localize     1.05s     1.05s
orbital irreps []
timer:      reconstruct psi     0.19s     0.19s
timer:        compute Jnemo     0.71s     0.71s
timer:        compute Knemo     2.21s     2.21s
timer: compute Unemo 0.0136     0.24s     0.24s

  nuclear and kinetic     -24.07597571
         kinetic only      15.06848348
              coulomb       9.60140211
             exchange      -3.16860422
    nuclear-repulsion       2.04454831
   regularized energy     -15.59862951
  buggy if hybrid functionals are used..
timer:       compute energy     3.60s     3.60s
Norm of vector changes ab spin case : rms 3.102022e-03    max 3.794524e-03
convergence: bshresidual, energy change, max energy change, density change 1.5e-03 3.9e-04 1.7e-02 7.3e-04
finished iteration  3 at time     59.1s with energy  -15.59862951
timer:        Boys localize     1.01s     1.01s
orbital irreps []
timer:      reconstruct psi     0.16s     0.16s
timer:        compute Jnemo     0.75s     0.75s
timer:        compute Knemo     2.11s     2.11s
timer: compute Unemo 0.0138     0.19s     0.19s

  nuclear and kinetic     -24.08147324
         kinetic only      15.06703796
              coulomb       9.60659774
             exchange      -3.16835345
    nuclear-repulsion       2.04454831
   regularized energy     -15.59868064
  buggy if hybrid functionals are used..
timer:       compute energy     3.33s     3.33s
Norm of vector changes ab spin case : rms 1.460705e-03    max 1.786485e-03
convergence: bshresidual, energy change, max energy change, density change 7.0e-04 5.1e-05 5.5e-03 2.6e-04
finished iteration  4 at time     72.4s with energy  -15.59868064
timer:        Boys localize     0.88s     0.88s
orbital irreps []
timer:      reconstruct psi     0.13s     0.13s
timer:        compute Jnemo     0.75s     0.75s
timer:        compute Knemo     2.03s     2.03s
timer: compute Unemo 0.0138     0.15s     0.15s

  nuclear and kinetic     -24.08183464
         kinetic only      15.06665301
              coulomb       9.60723403
             exchange      -3.16864476
    nuclear-repulsion       2.04454831
   regularized energy     -15.59869706
  buggy if hybrid functionals are used..
timer:       compute energy     3.54s     3.54s
Norm of vector changes ab spin case : rms 7.407755e-04    max 9.069640e-04
convergence: bshresidual, energy change, max energy change, density change 3.6e-04 1.6e-05 6.4e-04 1.4e-04
finished iteration  5 at time     86.1s with energy  -15.59869706

Iterations converged


ending protocol at time     86.1s 

 Dipole Moment (a.u.)
 -----------

     x:  -3.616502e-14
     y:  -1.543689e-14
     z:  1.536928e-08
 Total Dipole Moment:  1.536928e-08 

timer:               dipole     0.05s     0.05s
Nemo Orbital Energies: [*]  -4.83436964  -0.38397920  -0.38397920

nemo energy:  -1.559870e+01
 at time 86.6
PNO Integrals evaluated as:
pnoint
       rank_increase  15         # default   maximum rank to increase in every macroiteration
               chunk  100        # default   chunk of functions operated on in parallel when G or K is applied (prevent memory shortage)
               debug  false      # default   debug mode
              freeze  1          # derived   frozen core approximation
             maxrank  4          # defined   maximal pno rank for all pairs
           guesstype  exop       # derived   the guesstype: exop (recommended, multiply polynomial excitation operators onto the occupied orbitals), empty (don't compute a guess), scf (use the ao basis from the SCF solver), partial_wave (create s,p,d ..., type functions and place on atoms), predefined (same as partial_wave but for predefined sets)
                exop  multipole  # derived   this string defines which excitation operators can be used, use 'dipole', 'dipole+', 'quadrupole', 'ocopole', or 'multipole', need to set guesstype to 'exop' which is the default
          exop_trigo  true       # default   use trigonometric excitation operators ( x --> sin(x)
        partial_wave             # default   atom centered partial wave guess of format like 'h-2s1p-o-3s2p1d', need to set guesstype to 'partial_wave' and adaptive_solver to 'none'
          predefined             # default   predefined partial wave guesses of type pvxz with x=d,t,q,5,6, need to set guesstype to 'predefined' and adaptive_solver to 'none'
           maxiter_t  100        # default   maximal number of iterations in the amplitude solver
       maxiter_micro  10         # default   Maximum of iterations for every cycle in the adaptive solver
       maxiter_macro  10         # default   Maximum of iterations of cycles in the adaptive solver
                tpno  1.0000e-08 # default   PNO cutoff threshold
          tpno_tight  1.0000e-10 # derived   PNO cutoff for the first iteration
    canonicalize_pno  true       # default   canonicalize the pnos before the amplitude solver
              thresh  1.0000e-04 # defined   MRA threshold
         econv_micro  1.0000e-04 # derived   Energy convergence for microiterations (Greens function based optimization) in adaptive solver
         econv_pairs  1.0000e-05 # derived   ENergy convergence for individual pairs in adaptive solver. Converged pairs are frozen automatically
         econv_macro  1.0000e-04 # derived   Energy convergence for macroiterations in adaptive solver, no effect if adaptive_solver is deactivated
               dconv  1.0000e-01 # default   convergence of every PNO in the Green's function solver
           op_thresh  1.0000e-06 # default   MRA operator thresh
             restart  none       # derived   restart pairs of this type, use 'mp2', 'cispd', 'all' or 'none'
          no_compute  none       # default   do not compute the pairs of this type, use 'mp2', 'cispd', 'all' or 'none'
              no_opt  none       # default   do not optimize the pnos of this type, use 'mp2', 'cispd', 'all' or 'none'
            no_guess  none       # derived   guess for this type will be empty, use 'mp2', 'cispd', 'all' or 'none'
     adaptive_solver  all        # default   Use adaptive solver for those pairs, use 'mp2', 'cispd', 'all' or 'none', works only in combination with guesstype 'exop'
                kain  true       # default   use KAIN solver in amplitude solver
       kain_subspace  5          # default   subspace size of the KAIN solver (amplitudes)
                 f12  false      # defined   use explicit correlation
        cispd_number  -1         # default   CIS(D) excitation numbers, to read in correct functions
        cispd_energy  0.0000e+00 # default   CIS energy
        freeze_pairs  none       # default   frozen pairs will not be optimized: Expected format 'a b c d' will freeze pairs ab and cd
freeze_pairs_of_orbital  []         # default    All pairs which originate from this orbital will not be optimized
active_pairs_of_orbital  []         # default    All pairs which originate from this orbital will not be frozen all other pairs will, if this vector is not empty
no_opt_in_first_iteration  false      # default   Do not optimize in the first iteration (then the potentials do not have to be evaluated, use this for large guesses)
            exchange  full       # default   approximate exchange with 'neglect' or xc functional -> same syntax as moldft
           save_pnos  true       # default   Save the OBS-PNOs to a file, before and after orthonormalization.
            diagonal  true       # defined   Compute only diagonal PNOs
              orthog  symmetric  # defined   orthogonalization method for PNO basis, also current default for a potential CABS. options: symmetric, canonical, cholesky, rr_cholesky,
         orthog_cabs  default    # default   orthogonalization method for CABS basis. options: symmetric, canonical, cholesky, rr_cholesky, uses same as orbitals basis if default.
               n_pno  8          # defined   desired size of PNO-basis (orbital space)
         cabs_option  none       # default   type of complementary auxiliary basis to be used. can be none ~ no CABS, gbs ~ Gaussian basis set as CABS, requires input via auxbas_file, pno ~ use superfluous PNOs as CABS, mixed ~ gbs&pno-option
       pno_cabs_size  -1         # default   size of a potential pno-cabs. defaults to -1 ~ all remaining PNOs, if pno-cabs or mixed-cabs
           only_diag  false      # default   use only diagonal elements PNOs
         cherry_pick  []         # default   cherry pick option to choose particular set of PNOs, not just blindly by occupation number. can be useful, if only a restricted number of PNOs can be used, to avoid separating degenerate pairs. can be envoked by passing a vector via [ elem1, elem2, ... ]
               gamma  1.4000e+00 # default   The f12 length scale, here to be used to compute f12-integrals
         cabs_thresh  1.0000e-04 # derived    thresh for cabs part
              auxbas  none       # default   atom centered partial wave guess of format like 'h-2s1p-o-3s2p1d'
         auxbas_file  none       # default   Use external comp. aux. basis in addition to the pnos as auxbasis. Give the filename as parameter. Give the auxbas in turbomole format. Don't use contractions. If a file is specified the auxbas parameter has no effect
   print_pno_overlap  true       # default   Print overlap matrix at certain steps in computation, for debugging purposes.
              n_virt  0          # defined   Compute this number of virtuals and include them in the integral construction, experimental and not robust!.
      hardcore_boson  false      # default   compute only integrals for hardcore boson hamiltonian (restricted to double occupations)

end
F12 Operators initialized right
timer:                    Testing F12 Operators     0.76s     0.76s 
timer:  Initializing (active) Exchange Orbitals     1.90s     1.90s 
Size of active mos and their exchange potentials:
K(acmos)=2.821326e-03 Gbyte
acmos   =2.616882e-03 Gbyte
PNO Parameters
pno
       rank_increase  15         # default   maximum rank to increase in every macroiteration
               chunk  100        # default   chunk of functions operated on in parallel when G or K is applied (prevent memory shortage)
               debug  false      # default   debug mode
              freeze  1          # derived   frozen core approximation
             maxrank  4          # defined   maximal pno rank for all pairs
           guesstype  exop       # derived   the guesstype: exop (recommended, multiply polynomial excitation operators onto the occupied orbitals), empty (don't compute a guess), scf (use the ao basis from the SCF solver), partial_wave (create s,p,d ..., type functions and place on atoms), predefined (same as partial_wave but for predefined sets)
                exop  multipole  # derived   this string defines which excitation operators can be used, use 'dipole', 'dipole+', 'quadrupole', 'ocopole', or 'multipole', need to set guesstype to 'exop' which is the default
          exop_trigo  true       # default   use trigonometric excitation operators ( x --> sin(x)
        partial_wave             # default   atom centered partial wave guess of format like 'h-2s1p-o-3s2p1d', need to set guesstype to 'partial_wave' and adaptive_solver to 'none'
          predefined             # default   predefined partial wave guesses of type pvxz with x=d,t,q,5,6, need to set guesstype to 'predefined' and adaptive_solver to 'none'
           maxiter_t  100        # default   maximal number of iterations in the amplitude solver
       maxiter_micro  10         # default   Maximum of iterations for every cycle in the adaptive solver
       maxiter_macro  10         # default   Maximum of iterations of cycles in the adaptive solver
                tpno  1.0000e-08 # default   PNO cutoff threshold
          tpno_tight  1.0000e-10 # derived   PNO cutoff for the first iteration
    canonicalize_pno  true       # default   canonicalize the pnos before the amplitude solver
              thresh  1.0000e-04 # defined   MRA threshold
         econv_micro  1.0000e-04 # derived   Energy convergence for microiterations (Greens function based optimization) in adaptive solver
         econv_pairs  1.0000e-05 # derived   ENergy convergence for individual pairs in adaptive solver. Converged pairs are frozen automatically
         econv_macro  1.0000e-04 # derived   Energy convergence for macroiterations in adaptive solver, no effect if adaptive_solver is deactivated
               dconv  1.0000e-01 # default   convergence of every PNO in the Green's function solver
           op_thresh  1.0000e-06 # default   MRA operator thresh
             restart  none       # derived   restart pairs of this type, use 'mp2', 'cispd', 'all' or 'none'
          no_compute  none       # default   do not compute the pairs of this type, use 'mp2', 'cispd', 'all' or 'none'
              no_opt  none       # default   do not optimize the pnos of this type, use 'mp2', 'cispd', 'all' or 'none'
            no_guess  none       # derived   guess for this type will be empty, use 'mp2', 'cispd', 'all' or 'none'
     adaptive_solver  all        # default   Use adaptive solver for those pairs, use 'mp2', 'cispd', 'all' or 'none', works only in combination with guesstype 'exop'
                kain  true       # default   use KAIN solver in amplitude solver
       kain_subspace  5          # default   subspace size of the KAIN solver (amplitudes)
                 f12  false      # defined   use explicit correlation
        cispd_number  -1         # default   CIS(D) excitation numbers, to read in correct functions
        cispd_energy  0.0000e+00 # default   CIS energy
        freeze_pairs  none       # default   frozen pairs will not be optimized: Expected format 'a b c d' will freeze pairs ab and cd
freeze_pairs_of_orbital  []         # default    All pairs which originate from this orbital will not be optimized
active_pairs_of_orbital  []         # default    All pairs which originate from this orbital will not be frozen all other pairs will, if this vector is not empty
no_opt_in_first_iteration  false      # default   Do not optimize in the first iteration (then the potentials do not have to be evaluated, use this for large guesses)
            exchange  full       # default   approximate exchange with 'neglect' or xc functional -> same syntax as moldft
           save_pnos  true       # default   Save the OBS-PNOs to a file, before and after orthonormalization.
            diagonal  true       # defined   Compute only diagonal PNOs

end

**********************
Solve PNO-MP2
*********************


**********************
Iterate Pairs
*********************


************************
Adaptive Solver
***********************

Initializing empty Pairs:
no guess was explicitly demanded for mp2

timer:                                     RRCD     0.00s     0.00s 
timer:                             MRA compress     0.00s     0.00s 
timer:                          Transform Pairs     0.00s     0.00s 
timer:          apply Q and orthonormalize PNOs     0.00s     0.00s 
Created Guess:
pair11 with 0 guess functions
pair21 with 0 guess functions
pair22 with 0 guess functions
guess pair11 size: 0.0000000000e+00 | 0.0000000000e+00 Gbyte (after truncation)
guess pair22 size: 0.0000000000e+00 | 0.0000000000e+00 Gbyte (after truncation)
timer:                           truncate guess     0.00s     0.00s 
timer:                         Initialize Pairs     0.00s     0.00s 
Keyword multipole is not known
Guess protocol for adaptively growing ranks is: [dipole+, quadrupole, big_fock_3, big_fock_3, big_fock_3, big_fock_3, big_fock_3, big_fock_3, big_fock_3, big_fock_3]


--------Adaptive Solver Macroiteration 0 from max 10 ----------

Growing ranks with exop=dipole+
Create guess functions by multiplying plane-waves to 1 functions 
Created 4 virtuals for pair11
pair21 is frozen: no growing
Create guess functions by multiplying plane-waves to 1 functions 
Created 4 virtuals for pair22
frozen pair: no orthonormalization
timer:                                     RRCD     0.03s     0.03s 
timer:                             MRA compress     0.00s     0.00s 
timer:                          Transform Pairs     0.07s     0.07s 
timer:                        grow PNO subspace     1.71s     1.71s 
SolveInternal: Parameters are assigned as
no_compute        = false
no_opt            = false
restart           = false
do_cispd          = false
econv             =1.0000000000e-04
maxrank (min,max) = (4,4)
Solving MP2 doubles
timer:          fock matrix     2.80s     2.80s
Information About All Pairs:
mp2_pair11           number=0 rank=  4 frozen=false
mp2_pair21           number=1 rank=  0 frozen=true
mp2_pair22           number=2 rank=  4 frozen=false
number of pairs=3
average rank   =2 (2.6666666667e+00)
largest rank   =4
PNOPairs Memory Information
Total: 0.0096497536 GB 
PNO  : 0.0096497536 GB 
KPNO : 0.0000000000 GB 
W    : 0.0000000000 GB 

timer:                                 truncate     0.03s     0.03s 
wall time=99.7835369110 chunk=8 allK.size()=8 memory=0.0103039742 GB
timer:                             compute KPNO     4.03s     4.03s 
wall time=99.9290580750 chunk=8 allJ.size()=8 memory=0.0104675293 GB
timer:                             compute JPNO     0.15s     0.15s 
timer:                    compute Fock matrices     1.15s     1.15s 
timer:                             MRA compress     0.00s     0.00s 
timer:                          Transform Pairs     0.22s     0.22s 
timer:                             Canonicalize     0.25s     0.25s 
PNOPairs Memory Information
Total: 0.0192995071 GB 
PNO  : 0.0093226433 GB 
KPNO : 0.0099768639 GB 
W    : 0.0000000000 GB 

timer:                                 truncate     0.06s     0.06s 
mp2_pair21 is frozen: potential not computed
timer:                   Fluctuation Potentials     1.97s     1.97s 
timer:                       Fluctuation Matrix     0.16s     0.16s 
PNOPairs Memory Information
Total: 0.0330381393 GB 
PNO  : 0.0093226433 GB 
KPNO : 0.0099768639 GB 
W    : 0.0137386322 GB 

PNOPairs Memory Information
Total: 0.0330381393 GB 
PNO  : 0.0093226433 GB 
KPNO : 0.0099768639 GB 
W    : 0.0137386322 GB 

timer:                                 truncate     0.07s     0.07s 
timer:                             PNO Overlaps     0.10s     0.10s 
t_iter =  0  Hylleraas energy =  0.0000000000  ||R||_F =  0.1651069330  conv =  no
subspace solution [*]   1.00000000

t_iter =  1  Hylleraas energy =  -0.0278815033  ||R||_F =  0.0000000199  conv =  yes
=======================================================

Hylleraas MP2 Energies

=======================================================
    i    j      singlet      triplet        Total
=======================================================
    1    1  -1.39408e-02  0.00000e+00 -1.39408e-02
    2    1   0.00000e+00  0.00000e+00  0.00000e+00
    2    2  -1.39408e-02  0.00000e+00 -1.39408e-02
=======================================================
Hylleraas MP2 Energies (singlet): -2.78815e-02
Hylleraas MP2 Energies (triplet):  0.00000e+00
Hylleraas MP2 Energies (total)  : -2.78815e-02
=======================================================
-------------------------------------------
Total Reg Energy  =-2.78815e-02
Total F12 Energy  = 0.00000e+00
Sum Energies Total=-2.78815e-02
-------------------------------------------
timer:                         Solve Amplitudes     0.00s     0.00s 
No optimization untill now: Compressing pno ranks with tighter threshold
1.00000e-10 instead of 1.00000e-08
pair11: density evals:
 [*]   0.00283478   0.00380567   0.00380567   0.01879126

pair22: density evals:
 [*]   0.00283478   0.00380567   0.00380567   0.01879126

timer:                            compress PNOs     0.00s     0.00s 
timer:                             MRA compress     0.00s     0.00s 
timer:                          Transform Pairs     0.59s     0.59s 
timer:                          PNO Compression     0.60s     0.60s 
Information About All Pairs:
mp2_pair11           number=0 rank=  4 frozen=false
mp2_pair21           number=1 rank=  0 frozen=true
mp2_pair22           number=2 rank=  4 frozen=false
number of pairs=3
average rank   =2 (2.66667e+00)
largest rank   =4
saving vector of functions mp2_pair11
saving vector of functions mp2_pair22
timer:                        save pnos on disc     0.16s     0.16s 
PNOPairs Memory Information
Total: 0.03263 GB 
PNO  : 0.00932 GB 
KPNO : 0.00990 GB 
W    : 0.01341 GB 

timer:                                 truncate     0.07s     0.07s 
timer:      compute densities for G application     0.00s     0.00s 
pair21 is frozen: no optimization
timer:                Prepare for G application     0.48s     0.48s 
timer:                                    add K     0.06s     0.06s 
size of all Vpsi potentials (without Vnuc and J) 0.01227 GB 
time=105.77848 chunk=8 Vpsi+Vnuc+J=0.03320 GB
time=105.83816 chunk=8 Vpsi+Vnuc+J=0.03320 GB (after truncation)
timer:                           Apply G to all     2.91s     2.91s 
timer:                       apply Q and update     0.00s     0.00s 
mp2_pair11 residual norms:
[0.46246, 0.35913, 0.35913, 0.39609]
mp2_pair11 scaled residual norms:
[0.02462, 0.02216, 0.02216, 0.05430]
mp2_pair22 residual norms:
[0.46246, 0.35913, 0.35913, 0.39609]
mp2_pair22 scaled residual norms:
[0.02462, 0.02216, 0.02216, 0.05430]
timer:                          update all PNOs     3.45s     3.45s 
frozen pair: no orthonormalization
timer:                                     RRCD     0.05s     0.05s 
timer:                             MRA compress     0.00s     0.00s 
timer:                          Transform Pairs     0.17s     0.17s 
saving vector of functions mp2_pair11
saving vector of functions mp2_pair22
timer:                        save pnos on disc     0.18s     0.18s 


No convergence yet. Energy change = 0.02788

timer:                        Whole Iteration 1    12.73s    12.73s 
Information About All Pairs:
mp2_pair11           number=0 rank=  4 frozen=false
mp2_pair21           number=1 rank=  0 frozen=true
mp2_pair22           number=2 rank=  4 frozen=false
number of pairs=3
average rank   =2 (2.66667)
largest rank   =4
PNOPairs Memory Information
Total: 0.00998 GB 
PNO  : 0.00998 GB 
KPNO : 0.00000 GB 
W    : 0.00000 GB 

timer:                                 truncate     0.05s     0.05s 
wall time=112.49996 chunk=8 allK.size()=8 memory=0.00949 GB
timer:                             compute KPNO     4.00s     4.00s 
wall time=112.69314 chunk=8 allJ.size()=8 memory=0.01079 GB
timer:                             compute JPNO     0.19s     0.19s 
timer:                    compute Fock matrices     1.33s     1.33s 
timer:                             MRA compress     0.00s     0.00s 
timer:                          Transform Pairs     0.16s     0.16s 
timer:                             Canonicalize     0.17s     0.17s 
PNOPairs Memory Information
Total: 0.01946 GB 
PNO  : 0.00998 GB 
KPNO : 0.00949 GB 
W    : 0.00000 GB 

timer:                                 truncate     0.04s     0.04s 
mp2_pair21 is frozen: potential not computed
timer:                   Fluctuation Potentials     2.08s     2.08s 
timer:                       Fluctuation Matrix     0.17s     0.17s 
PNOPairs Memory Information
Total: 0.03320 GB 
PNO  : 0.00998 GB 
KPNO : 0.00949 GB 
W    : 0.01374 GB 

PNOPairs Memory Information
Total: 0.03320 GB 
PNO  : 0.00998 GB 
KPNO : 0.00949 GB 
W    : 0.01374 GB 

timer:                                 truncate     0.06s     0.06s 
timer:                             PNO Overlaps     0.06s     0.06s 
t_iter =  0  Hylleraas energy =  0.00000  ||R||_F =  0.24227  conv =  no
subspace solution [*]   1.00000000

t_iter =  1  Hylleraas energy =  -0.04964  ||R||_F =  0.00000  conv =  yes
=======================================================

Hylleraas MP2 Energies

=======================================================
    i    j      singlet      triplet        Total
=======================================================
    1    1  -2.48193e-02  0.00000e+00 -2.48193e-02
    2    1   0.00000e+00  0.00000e+00  0.00000e+00
    2    2  -2.48193e-02  0.00000e+00 -2.48193e-02
=======================================================
Hylleraas MP2 Energies (singlet): -4.96385e-02
Hylleraas MP2 Energies (triplet):  0.00000e+00
Hylleraas MP2 Energies (total)  : -4.96385e-02
=======================================================
-------------------------------------------
Total Reg Energy  =-4.96385e-02
Total F12 Energy  = 0.00000e+00
Sum Energies Total=-4.96385e-02
-------------------------------------------
timer:                         Solve Amplitudes     0.00s     0.00s 
pair11: density evals:
 [*]   0.00393694   0.00449777   0.00449777   0.03091736

pair22: density evals:
 [*]   0.00393694   0.00449777   0.00449777   0.03091736

timer:                            compress PNOs     0.00s     0.00s 
timer:                             MRA compress     0.00s     0.00s 
timer:                          Transform Pairs     0.55s     0.55s 
timer:                          PNO Compression     0.56s     0.56s 
Information About All Pairs:
mp2_pair11           number=0 rank=  4 frozen=false
mp2_pair21           number=1 rank=  0 frozen=true
mp2_pair22           number=2 rank=  4 frozen=false
number of pairs=3
average rank   =2 (2.66667e+00)
largest rank   =4
saving vector of functions mp2_pair11
saving vector of functions mp2_pair22
timer:                        save pnos on disc     0.17s     0.17s 
PNOPairs Memory Information
Total: 0.03320 GB 
PNO  : 0.00998 GB 
KPNO : 0.00949 GB 
W    : 0.01374 GB 

timer:                                 truncate     0.04s     0.04s 
timer:      compute densities for G application     0.00s     0.00s 
pair21 is frozen: no optimization
timer:                Prepare for G application     0.47s     0.47s 
timer:                                    add K     0.04s     0.04s 
size of all Vpsi potentials (without Vnuc and J) 0.01292 GB 
time=118.65136 chunk=8 Vpsi+Vnuc+J=0.03369 GB
time=118.73583 chunk=8 Vpsi+Vnuc+J=0.03287 GB (after truncation)
timer:                           Apply G to all     2.93s     2.93s 
timer:                       apply Q and update     0.00s     0.00s 
mp2_pair11 residual norms:
[0.11345, 0.08879, 0.08879, 0.10601]
mp2_pair11 scaled residual norms:
[0.00712, 0.00595, 0.00595, 0.01864]
mp2_pair22 residual norms:
[0.11345, 0.08879, 0.08879, 0.10601]
mp2_pair22 scaled residual norms:
[0.00712, 0.00595, 0.00595, 0.01864]
timer:                          update all PNOs     3.44s     3.44s 
frozen pair: no orthonormalization
timer:                                     RRCD     0.03s     0.03s 
timer:                             MRA compress     0.00s     0.00s 
timer:                          Transform Pairs     0.06s     0.06s 
saving vector of functions mp2_pair11
saving vector of functions mp2_pair22
timer:                        save pnos on disc     0.16s     0.16s 


No convergence yet. Energy change = 0.02176

timer:                        Whole Iteration 2    12.66s    12.66s 
Information About All Pairs:
mp2_pair11           number=0 rank=  4 frozen=false
mp2_pair21           number=1 rank=  0 frozen=true
mp2_pair22           number=2 rank=  4 frozen=false
number of pairs=3
average rank   =2 (2.66667)
largest rank   =4
PNOPairs Memory Information
Total: 0.00965 GB 
PNO  : 0.00965 GB 
KPNO : 0.00000 GB 
W    : 0.00000 GB 

timer:                                 truncate     0.02s     0.02s 
wall time=125.07545 chunk=8 allK.size()=8 memory=0.01014 GB
timer:                             compute KPNO     3.95s     3.95s 
wall time=125.25347 chunk=8 allJ.size()=8 memory=0.01096 GB
timer:                             compute JPNO     0.18s     0.18s 
timer:                    compute Fock matrices     1.29s     1.29s 
timer:                             MRA compress     0.00s     0.00s 
timer:                          Transform Pairs     0.33s     0.33s 
timer:                             Canonicalize     0.33s     0.33s 
PNOPairs Memory Information
Total: 0.01930 GB 
PNO  : 0.00932 GB 
KPNO : 0.00998 GB 
W    : 0.00000 GB 

timer:                                 truncate     0.05s     0.05s 
mp2_pair21 is frozen: potential not computed
timer:                   Fluctuation Potentials     2.23s     2.23s 
timer:                       Fluctuation Matrix     0.15s     0.15s 
PNOPairs Memory Information
Total: 0.03337 GB 
PNO  : 0.00932 GB 
KPNO : 0.00998 GB 
W    : 0.01407 GB 

PNOPairs Memory Information
Total: 0.03337 GB 
PNO  : 0.00932 GB 
KPNO : 0.00998 GB 
W    : 0.01407 GB 

timer:                                 truncate     0.04s     0.04s 
timer:                             PNO Overlaps     0.09s     0.09s 
t_iter =  0  Hylleraas energy =  0.00000  ||R||_F =  0.25914  conv =  no
subspace solution [*]   1.00000000

t_iter =  1  Hylleraas energy =  -0.05226  ||R||_F =  0.00000  conv =  yes
=======================================================

Hylleraas MP2 Energies

=======================================================
    i    j      singlet      triplet        Total
=======================================================
    1    1  -2.61325e-02  0.00000e+00 -2.61325e-02
    2    1   0.00000e+00  0.00000e+00  0.00000e+00
    2    2  -2.61325e-02  0.00000e+00 -2.61325e-02
=======================================================
Hylleraas MP2 Energies (singlet): -5.22650e-02
Hylleraas MP2 Energies (triplet):  0.00000e+00
Hylleraas MP2 Energies (total)  : -5.22650e-02
=======================================================
-------------------------------------------
Total Reg Energy  =-5.22650e-02
Total F12 Energy  = 0.00000e+00
Sum Energies Total=-5.22650e-02
-------------------------------------------
timer:                         Solve Amplitudes     0.00s     0.00s 
pair11: density evals:
 [*]   0.00370710   0.00428088   0.00428088   0.03033160

pair22: density evals:
 [*]   0.00370710   0.00428088   0.00428088   0.03033160

timer:                            compress PNOs     0.00s     0.00s 
timer:                             MRA compress     0.00s     0.00s 
timer:                          Transform Pairs     0.37s     0.37s 
timer:                          PNO Compression     0.37s     0.37s 
Information About All Pairs:
mp2_pair11           number=0 rank=  4 frozen=false
mp2_pair21           number=1 rank=  0 frozen=true
mp2_pair22           number=2 rank=  4 frozen=false
number of pairs=3
average rank   =2 (2.66667e+00)
largest rank   =4
saving vector of functions mp2_pair11
saving vector of functions mp2_pair22
timer:                        save pnos on disc     0.16s     0.16s 
PNOPairs Memory Information
Total: 0.03287 GB 
PNO  : 0.00932 GB 
KPNO : 0.00981 GB 
W    : 0.01374 GB 

timer:                                 truncate     0.04s     0.04s 
timer:      compute densities for G application     0.00s     0.00s 
pair21 is frozen: no optimization
timer:                Prepare for G application     0.49s     0.49s 
timer:                                    add K     0.03s     0.03s 
size of all Vpsi potentials (without Vnuc and J) 0.01292 GB 
time=131.26520 chunk=8 Vpsi+Vnuc+J=0.03320 GB
time=131.32660 chunk=8 Vpsi+Vnuc+J=0.03189 GB (after truncation)
timer:                           Apply G to all     2.98s     2.98s 
timer:                       apply Q and update     0.00s     0.00s 
mp2_pair11 residual norms:
[0.04581, 0.03086, 0.03086, 0.04229]
mp2_pair11 scaled residual norms:
[0.00279, 0.00202, 0.00202, 0.00737]
mp2_pair22 residual norms:
[0.04581, 0.03086, 0.03086, 0.04229]
mp2_pair22 scaled residual norms:
[0.00279, 0.00202, 0.00202, 0.00737]
timer:                          update all PNOs     3.50s     3.50s 
frozen pair: no orthonormalization
timer:                                     RRCD     0.13s     0.13s 
timer:                             MRA compress     0.00s     0.00s 
timer:                          Transform Pairs     0.13s     0.13s 
saving vector of functions mp2_pair11
saving vector of functions mp2_pair22
timer:                        save pnos on disc     0.19s     0.19s 


No convergence yet. Energy change = 0.00263

timer:                        Whole Iteration 3    12.92s    12.92s 
Information About All Pairs:
mp2_pair11           number=0 rank=  4 frozen=false
mp2_pair21           number=1 rank=  0 frozen=true
mp2_pair22           number=2 rank=  4 frozen=false
number of pairs=3
average rank   =2 (2.66667)
largest rank   =4
PNOPairs Memory Information
Total: 0.00957 GB 
PNO  : 0.00957 GB 
KPNO : 0.00000 GB 
W    : 0.00000 GB 

timer:                                 truncate     0.05s     0.05s 
wall time=138.14374 chunk=8 allK.size()=8 memory=0.01014 GB
timer:                             compute KPNO     4.07s     4.07s 
wall time=138.30507 chunk=8 allJ.size()=8 memory=0.01063 GB
timer:                             compute JPNO     0.16s     0.16s 
timer:                    compute Fock matrices     1.37s     1.37s 
timer:                             MRA compress     0.00s     0.00s 
timer:                          Transform Pairs     0.26s     0.26s 
timer:                             Canonicalize     0.29s     0.29s 
PNOPairs Memory Information
Total: 0.01938 GB 
PNO  : 0.00940 GB 
KPNO : 0.00998 GB 
W    : 0.00000 GB 

timer:                                 truncate     0.04s     0.04s 
mp2_pair21 is frozen: potential not computed
timer:                   Fluctuation Potentials     2.02s     2.02s 
timer:                       Fluctuation Matrix     0.20s     0.20s 
PNOPairs Memory Information
Total: 0.03345 GB 
PNO  : 0.00940 GB 
KPNO : 0.00998 GB 
W    : 0.01407 GB 

PNOPairs Memory Information
Total: 0.03345 GB 
PNO  : 0.00940 GB 
KPNO : 0.00998 GB 
W    : 0.01407 GB 

timer:                                 truncate     0.05s     0.05s 
timer:                             PNO Overlaps     0.10s     0.10s 
t_iter =  0  Hylleraas energy =  0.00000  ||R||_F =  0.26485  conv =  no
subspace solution [*]   1.00000000

t_iter =  1  Hylleraas energy =  -0.05270  ||R||_F =  0.00000  conv =  yes
=======================================================

Hylleraas MP2 Energies

=======================================================
    i    j      singlet      triplet        Total
=======================================================
    1    1  -2.63514e-02  0.00000e+00 -2.63514e-02
    2    1   0.00000e+00  0.00000e+00  0.00000e+00
    2    2  -2.63513e-02  0.00000e+00 -2.63513e-02
=======================================================
Hylleraas MP2 Energies (singlet): -5.27027e-02
Hylleraas MP2 Energies (triplet):  0.00000e+00
Hylleraas MP2 Energies (total)  : -5.27027e-02
=======================================================
-------------------------------------------
Total Reg Energy  =-5.27027e-02
Total F12 Energy  = 0.00000e+00
Sum Energies Total=-5.27027e-02
-------------------------------------------
timer:                         Solve Amplitudes     0.00s     0.00s 
pair11: density evals:
 [*]   0.00357917   0.00416961   0.00416961   0.02958215

pair22: density evals:
 [*]   0.00357917   0.00416958   0.00416958   0.02958215

timer:                            compress PNOs     0.00s     0.00s 
timer:                             MRA compress     0.00s     0.00s 
timer:                          Transform Pairs     0.33s     0.33s 
timer:                          PNO Compression     0.33s     0.33s 
Information About All Pairs:
mp2_pair11           number=0 rank=  4 frozen=false
mp2_pair21           number=1 rank=  0 frozen=true
mp2_pair22           number=2 rank=  4 frozen=false
number of pairs=3
average rank   =2 (2.66667e+00)
largest rank   =4
saving vector of functions mp2_pair11
saving vector of functions mp2_pair22
timer:                        save pnos on disc     0.17s     0.17s 
PNOPairs Memory Information
Total: 0.03345 GB 
PNO  : 0.00940 GB 
KPNO : 0.01014 GB 
W    : 0.01390 GB 

timer:                                 truncate     0.05s     0.05s 
timer:      compute densities for G application     0.00s     0.00s 
pair21 is frozen: no optimization
timer:                Prepare for G application     0.37s     0.37s 
timer:                                    add K     0.05s     0.05s 
size of all Vpsi potentials (without Vnuc and J) 0.01292 GB 
time=144.01670 chunk=8 Vpsi+Vnuc+J=0.03312 GB
time=144.07797 chunk=8 Vpsi+Vnuc+J=0.03181 GB (after truncation)
timer:                           Apply G to all     2.85s     2.85s 
timer:                       apply Q and update     0.00s     0.00s 
mp2_pair11 residual norms:
[0.02214, 0.01286, 0.01286, 0.01818]
mp2_pair11 scaled residual norms:
[0.00132, 0.00083, 0.00083, 0.00313]
mp2_pair22 residual norms:
[0.02214, 0.01286, 0.01286, 0.01818]
mp2_pair22 scaled residual norms:
[0.00132, 0.00083, 0.00083, 0.00313]
timer:                          update all PNOs     3.28s     3.28s 
frozen pair: no orthonormalization
timer:                                     RRCD     0.06s     0.06s 
timer:                             MRA compress     0.00s     0.00s 
timer:                          Transform Pairs     0.12s     0.12s 
saving vector of functions mp2_pair11
saving vector of functions mp2_pair22
timer:                        save pnos on disc     0.16s     0.16s 


No convergence yet. Energy change = 0.00044

timer:                        Whole Iteration 4    12.57s    12.57s 
Information About All Pairs:
mp2_pair11           number=0 rank=  4 frozen=false
mp2_pair21           number=1 rank=  0 frozen=true
mp2_pair22           number=2 rank=  4 frozen=false
number of pairs=3
average rank   =2 (2.66667)
largest rank   =4
PNOPairs Memory Information
Total: 0.00973 GB 
PNO  : 0.00973 GB 
KPNO : 0.00000 GB 
W    : 0.00000 GB 

timer:                                 truncate     0.03s     0.03s 
wall time=150.63168 chunk=8 allK.size()=8 memory=0.01014 GB
timer:                             compute KPNO     4.01s     4.01s 
wall time=150.75314 chunk=8 allJ.size()=8 memory=0.01071 GB
timer:                             compute JPNO     0.12s     0.12s 
timer:                    compute Fock matrices     1.34s     1.34s 
timer:                             MRA compress     0.00s     0.00s 
timer:                          Transform Pairs     0.29s     0.29s 
timer:                             Canonicalize     0.29s     0.29s 
PNOPairs Memory Information
Total: 0.01979 GB 
PNO  : 0.00965 GB 
KPNO : 0.01014 GB 
W    : 0.00000 GB 

timer:                                 truncate     0.06s     0.06s 
mp2_pair21 is frozen: potential not computed
timer:                   Fluctuation Potentials     2.13s     2.13s 
timer:                       Fluctuation Matrix     0.13s     0.13s 
PNOPairs Memory Information
Total: 0.03386 GB 
PNO  : 0.00965 GB 
KPNO : 0.01014 GB 
W    : 0.01407 GB 

PNOPairs Memory Information
Total: 0.03386 GB 
PNO  : 0.00965 GB 
KPNO : 0.01014 GB 
W    : 0.01407 GB 

timer:                                 truncate     0.07s     0.07s 
timer:                             PNO Overlaps     0.07s     0.07s 
t_iter =  0  Hylleraas energy =  0.00000  ||R||_F =  0.26712  conv =  no
subspace solution [*]   1.00000000

t_iter =  1  Hylleraas energy =  -0.05279  ||R||_F =  0.00000  conv =  yes
=======================================================

Hylleraas MP2 Energies

=======================================================
    i    j      singlet      triplet        Total
=======================================================
    1    1  -2.63935e-02  0.00000e+00 -2.63935e-02
    2    1   0.00000e+00  0.00000e+00  0.00000e+00
    2    2  -2.63935e-02  0.00000e+00 -2.63935e-02
=======================================================
Hylleraas MP2 Energies (singlet): -5.27870e-02
Hylleraas MP2 Energies (triplet):  0.00000e+00
Hylleraas MP2 Energies (total)  : -5.27870e-02
=======================================================
-------------------------------------------
Total Reg Energy  =-5.27870e-02
Total F12 Energy  = 0.00000e+00
Sum Energies Total=-5.27870e-02
-------------------------------------------
timer:                         Solve Amplitudes     0.00s     0.00s 
pair11: density evals:
 [*]   0.00351891   0.00411992   0.00411992   0.02919095

pair22: density evals:
 [*]   0.00351891   0.00411993   0.00411993   0.02919095

timer:                            compress PNOs     0.00s     0.00s 
timer:                             MRA compress     0.00s     0.00s 
timer:                          Transform Pairs     0.53s     0.53s 
timer:                          PNO Compression     0.54s     0.54s 
Information About All Pairs:
mp2_pair11           number=0 rank=  4 frozen=false
mp2_pair21           number=1 rank=  0 frozen=true
mp2_pair22           number=2 rank=  4 frozen=false
number of pairs=3
average rank   =2 (2.66667e+00)
largest rank   =4
saving vector of functions mp2_pair11
saving vector of functions mp2_pair22
timer:                        save pnos on disc     0.17s     0.17s 
PNOPairs Memory Information
Total: 0.03369 GB 
PNO  : 0.00965 GB 
KPNO : 0.01014 GB 
W    : 0.01390 GB 

timer:                                 truncate     0.08s     0.08s 
timer:      compute densities for G application     0.00s     0.00s 
pair21 is frozen: no optimization
timer:                Prepare for G application     0.52s     0.52s 
timer:                                    add K     0.03s     0.03s 
size of all Vpsi potentials (without Vnuc and J) 0.01292 GB 
time=156.90883 chunk=8 Vpsi+Vnuc+J=0.03296 GB
time=156.95448 chunk=8 Vpsi+Vnuc+J=0.03165 GB (after truncation)
timer:                           Apply G to all     2.94s     2.94s 
timer:                       apply Q and update     0.00s     0.00s 
mp2_pair11 residual norms:
[0.01151, 0.00630, 0.00630, 0.00799]
mp2_pair11 scaled residual norms:
[0.00068, 0.00040, 0.00040, 0.00136]
mp2_pair22 residual norms:
[0.01151, 0.00629, 0.00629, 0.00799]
mp2_pair22 scaled residual norms:
[0.00068, 0.00040, 0.00040, 0.00136]
timer:                          update all PNOs     3.52s     3.52s 
frozen pair: no orthonormalization
timer:                                     RRCD     0.03s     0.03s 
timer:                             MRA compress     0.00s     0.00s 
timer:                          Transform Pairs     0.11s     0.11s 
saving vector of functions mp2_pair11
saving vector of functions mp2_pair22
timer:                        save pnos on disc     0.18s     0.18s 


CONVERGED!
energy change = 0.00008

re-entering loop to compute the correct amplitudes and energies
timer:                        Whole Iteration 5    12.97s    12.97s 
Information About All Pairs:
mp2_pair11           number=0 rank=  4 frozen=false
mp2_pair21           number=1 rank=  0 frozen=true
mp2_pair22           number=2 rank=  4 frozen=false
number of pairs=3
average rank   =2 (2.66667)
largest rank   =4
PNOPairs Memory Information
Total: 0.00973 GB 
PNO  : 0.00973 GB 
KPNO : 0.00000 GB 
W    : 0.00000 GB 

timer:                                 truncate     0.04s     0.04s 
wall time=163.54718 chunk=8 allK.size()=8 memory=0.01014 GB
timer:                             compute KPNO     3.95s     3.95s 
wall time=163.78932 chunk=8 allJ.size()=8 memory=0.01071 GB
timer:                             compute JPNO     0.24s     0.24s 
timer:                    compute Fock matrices     1.32s     1.32s 
timer:                             MRA compress     0.00s     0.00s 
timer:                          Transform Pairs     0.23s     0.23s 
timer:                             Canonicalize     0.23s     0.23s 
PNOPairs Memory Information
Total: 0.01979 GB 
PNO  : 0.00965 GB 
KPNO : 0.01014 GB 
W    : 0.00000 GB 

timer:                                 truncate     0.04s     0.04s 
mp2_pair21 is frozen: potential not computed
timer:                   Fluctuation Potentials     2.19s     2.19s 
timer:                       Fluctuation Matrix     0.17s     0.17s 
PNOPairs Memory Information
Total: 0.03402 GB 
PNO  : 0.00965 GB 
KPNO : 0.01014 GB 
W    : 0.01423 GB 

PNOPairs Memory Information
Total: 0.03402 GB 
PNO  : 0.00965 GB 
KPNO : 0.01014 GB 
W    : 0.01423 GB 

timer:                                 truncate     0.04s     0.04s 
timer:                             PNO Overlaps     0.09s     0.09s 
t_iter =  0  Hylleraas energy =  0.00000  ||R||_F =  0.26809  conv =  no
subspace solution [*]   1.00000000

t_iter =  1  Hylleraas energy =  -0.05281  ||R||_F =  0.00000  conv =  yes
=======================================================

Hylleraas MP2 Energies

=======================================================
    i    j      singlet      triplet        Total
=======================================================
    1    1  -2.64026e-02  0.00000e+00 -2.64026e-02
    2    1   0.00000e+00  0.00000e+00  0.00000e+00
    2    2  -2.64026e-02  0.00000e+00 -2.64026e-02
=======================================================
Hylleraas MP2 Energies (singlet): -5.28053e-02
Hylleraas MP2 Energies (triplet):  0.00000e+00
Hylleraas MP2 Energies (total)  : -5.28053e-02
=======================================================
-------------------------------------------
Total Reg Energy  =-5.28053e-02
Total F12 Energy  = 0.00000e+00
Sum Energies Total=-5.28053e-02
-------------------------------------------
timer:                         Solve Amplitudes     0.00s     0.00s 
pair11: density evals:
 [*]   0.00348980   0.00409656   0.00409656   0.02901179

pair22: density evals:
 [*]   0.00348980   0.00409656   0.00409656   0.02901179

timer:                            compress PNOs     0.00s     0.00s 
timer:                             MRA compress     0.00s     0.00s 
timer:                          Transform Pairs     0.36s     0.36s 
timer:                          PNO Compression     0.36s     0.36s 
Information About All Pairs:
mp2_pair11           number=0 rank=  4 frozen=false
mp2_pair21           number=1 rank=  0 frozen=true
mp2_pair22           number=2 rank=  4 frozen=false
number of pairs=3
average rank   =2 (2.66667e+00)
largest rank   =4
saving vector of functions mp2_pair11
saving vector of functions mp2_pair22
timer:                        save pnos on disc     0.17s     0.17s 
exiting: Iterations converged
PNO ranks:
PNO Rank for pair pair11 = 4
PNO Rank for pair pair21 = 0
PNO Rank for pair pair22 = 4
average rank 2.66667e+00
timer:                               PNO::solve    75.55s    75.55s 

--------------------------------
ITERATE-PAIRS-INTERNAL-ENDED
--------------------------------
mp2_pair21 converged!


Adaptive Sovler:
 Current Energy=-5.2805255474e-02
 DeltaE        =-5.2805255474e-02
 max dE (pair) =-2.6402630497e-02 (2)
 all_pairs_conv=false




not converged yet

freeze pair mp2_pair21 (not further optimized: Energy below 1.0000000000e-05)
Maximum Rank of4 reached for all non-frozen pairs, no need to iterate further=======================================================

Final MP2 Energies

=======================================================
    i    j      singlet      triplet        Total
=======================================================
    1    1  -2.64026e-02  0.00000e+00 -2.64026e-02
    2    1   0.00000e+00  0.00000e+00  0.00000e+00
    2    2  -2.64026e-02  0.00000e+00 -2.64026e-02
=======================================================
Final MP2 Energies (singlet): -5.28053e-02
Final MP2 Energies (triplet):  0.00000e+00
Final MP2 Energies (total)  : -5.28053e-02
=======================================================
-------------------------------------------
Total Reg Energy  =-5.28053e-02
Total F12 Energy  = 0.00000e+00
Sum Energies Total=-5.28053e-02
-------------------------------------------
Average | Max Rank: 2 | 4



--------------------------------------------------
MRA-PNO-MP2-F12 ended 
--------------------------------------------------
                 time scf = 8.59019e+01
               energy scf = -1.55987e+01
--------------------------------------------------
restarting PNO to reload pairs that converged before and were frozen
PNO Parameters
pno
       rank_increase  15         # default   maximum rank to increase in every macroiteration
               chunk  100        # default   chunk of functions operated on in parallel when G or K is applied (prevent memory shortage)
               debug  false      # default   debug mode
              freeze  1          # derived   frozen core approximation
             maxrank  4          # defined   maximal pno rank for all pairs
           guesstype  exop       # derived   the guesstype: exop (recommended, multiply polynomial excitation operators onto the occupied orbitals), empty (don't compute a guess), scf (use the ao basis from the SCF solver), partial_wave (create s,p,d ..., type functions and place on atoms), predefined (same as partial_wave but for predefined sets)
                exop  multipole  # derived   this string defines which excitation operators can be used, use 'dipole', 'dipole+', 'quadrupole', 'ocopole', or 'multipole', need to set guesstype to 'exop' which is the default
          exop_trigo  true       # default   use trigonometric excitation operators ( x --> sin(x)
        partial_wave             # default   atom centered partial wave guess of format like 'h-2s1p-o-3s2p1d', need to set guesstype to 'partial_wave' and adaptive_solver to 'none'
          predefined             # default   predefined partial wave guesses of type pvxz with x=d,t,q,5,6, need to set guesstype to 'predefined' and adaptive_solver to 'none'
           maxiter_t  100        # default   maximal number of iterations in the amplitude solver
       maxiter_micro  10         # default   Maximum of iterations for every cycle in the adaptive solver
       maxiter_macro  10         # default   Maximum of iterations of cycles in the adaptive solver
                tpno  1.0000e-08 # default   PNO cutoff threshold
          tpno_tight  1.0000e-10 # derived   PNO cutoff for the first iteration
    canonicalize_pno  true       # default   canonicalize the pnos before the amplitude solver
              thresh  1.0000e-04 # defined   MRA threshold
         econv_micro  1.0000e-04 # derived   Energy convergence for microiterations (Greens function based optimization) in adaptive solver
         econv_pairs  1.0000e-05 # derived   ENergy convergence for individual pairs in adaptive solver. Converged pairs are frozen automatically
         econv_macro  1.0000e-04 # derived   Energy convergence for macroiterations in adaptive solver, no effect if adaptive_solver is deactivated
               dconv  1.0000e-01 # default   convergence of every PNO in the Green's function solver
           op_thresh  1.0000e-06 # default   MRA operator thresh
             restart  all        # defined   restart pairs of this type, use 'mp2', 'cispd', 'all' or 'none'
          no_compute  none       # default   do not compute the pairs of this type, use 'mp2', 'cispd', 'all' or 'none'
              no_opt  all        # defined   do not optimize the pnos of this type, use 'mp2', 'cispd', 'all' or 'none'
            no_guess  all        # defined   guess for this type will be empty, use 'mp2', 'cispd', 'all' or 'none'
     adaptive_solver  none       # defined   Use adaptive solver for those pairs, use 'mp2', 'cispd', 'all' or 'none', works only in combination with guesstype 'exop'
                kain  true       # default   use KAIN solver in amplitude solver
       kain_subspace  5          # default   subspace size of the KAIN solver (amplitudes)
                 f12  false      # defined   use explicit correlation
        cispd_number  -1         # default   CIS(D) excitation numbers, to read in correct functions
        cispd_energy  0.0000e+00 # default   CIS energy
        freeze_pairs  none       # default   frozen pairs will not be optimized: Expected format 'a b c d' will freeze pairs ab and cd
freeze_pairs_of_orbital  []         # default    All pairs which originate from this orbital will not be optimized
active_pairs_of_orbital  []         # default    All pairs which originate from this orbital will not be frozen all other pairs will, if this vector is not empty
no_opt_in_first_iteration  false      # default   Do not optimize in the first iteration (then the potentials do not have to be evaluated, use this for large guesses)
            exchange  full       # default   approximate exchange with 'neglect' or xc functional -> same syntax as moldft
           save_pnos  true       # default   Save the OBS-PNOs to a file, before and after orthonormalization.
            diagonal  true       # defined   Compute only diagonal PNOs

end

**********************
Solve PNO-MP2
*********************


**********************
Iterate Pairs
*********************


************************
Standard Solver
***********************

Initializing Pairs:
Restart demanded for mp2 pairs
loading vector of functions mp2_pair11
Found PNOs for mp2_pair11 with rank 4
loading vector of functions mp2_pair21
failed to find PNO mp2_pair21 initialize as zero function
nloading vector of functions mp2_pair22
Found PNOs for mp2_pair22 with rank 4
no guess was explicitly demanded for mp2

timer:                                     RRCD     0.04s     0.04s 
timer:                             MRA compress     0.00s     0.00s 
timer:                          Transform Pairs     0.14s     0.14s 
timer:          apply Q and orthonormalize PNOs     0.47s     0.47s 
Created Guess:
pair11 with 4 guess functions
pair21 with 0 guess functions
pair22 with 4 guess functions
guess pair11 size: 4.8248767853e-03 | 4.8248767853e-03 Gbyte (after truncation)
guess pair22 size: 4.8248767853e-03 | 4.8248767853e-03 Gbyte (after truncation)
timer:                           truncate guess     0.05s     0.05s 
timer:                         Initialize Pairs     0.55s     0.55s 
Information About All Pairs:
mp2_pair11           number=0 rank=  4 frozen=false
mp2_pair21           number=1 rank=  0 frozen=true
mp2_pair22           number=2 rank=  4 frozen=false
number of pairs=3
average rank   =2 (2.6666666667e+00)
largest rank   =4
SolveInternal: Parameters are assigned as
no_compute        = false
no_opt            = true
restart           = true
do_cispd          = false
econv             =1.0000000000e-04
maxrank (min,max) = (4,4)
Solving MP2 doubles
timer:          fock matrix     2.81s     2.81s
Information About All Pairs:
mp2_pair11           number=0 rank=  4 frozen=false
mp2_pair21           number=1 rank=  0 frozen=true
mp2_pair22           number=2 rank=  4 frozen=false
number of pairs=3
average rank   =2 (2.6666666667e+00)
largest rank   =4
PNOPairs Memory Information
Total: 0.0096497536 GB 
PNO  : 0.0096497536 GB 
KPNO : 0.0000000000 GB 
W    : 0.0000000000 GB 

timer:                                 truncate     0.06s     0.06s 
wall time=176.1195170879 chunk=8 allK.size()=8 memory=0.0101404190 GB
timer:                             compute KPNO     4.23s     4.23s 
wall time=176.3457100391 chunk=8 allJ.size()=8 memory=0.0106310844 GB
timer:                             compute JPNO     0.23s     0.23s 
timer:                    compute Fock matrices     1.24s     1.24s 
timer:                             MRA compress     0.00s     0.00s 
timer:                          Transform Pairs     0.20s     0.20s 
timer:                             Canonicalize     0.20s     0.20s 
PNOPairs Memory Information
Total: 0.0197901726 GB 
PNO  : 0.0096497536 GB 
KPNO : 0.0101404190 GB 
W    : 0.0000000000 GB 

timer:                                 truncate     0.05s     0.05s 
mp2_pair21 is frozen: potential not computed
timer:                   Fluctuation Potentials     2.21s     2.21s 
timer:                       Fluctuation Matrix     0.12s     0.12s 
PNOPairs Memory Information
Total: 0.0340194702 GB 
PNO  : 0.0096497536 GB 
KPNO : 0.0101404190 GB 
W    : 0.0142292976 GB 

PNOPairs Memory Information
Total: 0.0340194702 GB 
PNO  : 0.0096497536 GB 
KPNO : 0.0101404190 GB 
W    : 0.0142292976 GB 

timer:                                 truncate     0.08s     0.08s 
timer:                             PNO Overlaps     0.09s     0.09s 
t_iter =  0  Hylleraas energy =  0.0000000000  ||R||_F =  0.2680901684  conv =  no
subspace solution [*]   1.00000000

t_iter =  1  Hylleraas energy =  -0.0528051980  ||R||_F =  0.0000000980  conv =  yes
=======================================================

Hylleraas MP2 Energies

=======================================================
    i    j      singlet      triplet        Total
=======================================================
    1    1  -2.64026e-02  0.00000e+00 -2.64026e-02
    2    1   0.00000e+00  0.00000e+00  0.00000e+00
    2    2  -2.64026e-02  0.00000e+00 -2.64026e-02
=======================================================
Hylleraas MP2 Energies (singlet): -5.28052e-02
Hylleraas MP2 Energies (triplet):  0.00000e+00
Hylleraas MP2 Energies (total)  : -5.28052e-02
=======================================================
-------------------------------------------
Total Reg Energy  =-5.28052e-02
Total F12 Energy  = 0.00000e+00
Sum Energies Total=-5.28052e-02
-------------------------------------------
timer:                         Solve Amplitudes     0.00s     0.00s 
No optimization untill now: Compressing pno ranks with tighter threshold
1.00000e-10 instead of 1.00000e-08
pair11: density evals:
 [*]   0.00348972   0.00409657   0.00409657   0.02901193

pair22: density evals:
 [*]   0.00348972   0.00409656   0.00409656   0.02901193

timer:                            compress PNOs     0.00s     0.00s 
timer:                             MRA compress     0.00s     0.00s 
timer:                          Transform Pairs     0.55s     0.55s 
timer:                          PNO Compression     0.56s     0.56s 
Information About All Pairs:
mp2_pair11           number=0 rank=  4 frozen=false
mp2_pair21           number=1 rank=  0 frozen=true
mp2_pair22           number=2 rank=  4 frozen=false
number of pairs=3
average rank   =2 (2.66667e+00)
largest rank   =4
saving vector of functions mp2_pair11
saving vector of functions mp2_pair22
timer:                        save pnos on disc     0.16s     0.16s 
exiting: Found no_opt keyword
PNO ranks:
PNO Rank for pair pair11 = 4
PNO Rank for pair pair21 = 0
PNO Rank for pair pair22 = 4
average rank 2.66667e+00
timer:                               PNO::solve    12.08s    12.08s 

--------------------------------
ITERATE-PAIRS-INTERNAL-ENDED
--------------------------------
=======================================================

Final MP2 Energies

=======================================================
    i    j      singlet      triplet        Total
=======================================================
    1    1  -2.64026e-02  0.00000e+00 -2.64026e-02
    2    1   0.00000e+00  0.00000e+00  0.00000e+00
    2    2  -2.64026e-02  0.00000e+00 -2.64026e-02
=======================================================
Final MP2 Energies (singlet): -5.28052e-02
Final MP2 Energies (triplet):  0.00000e+00
Final MP2 Energies (total)  : -5.28052e-02
=======================================================
-------------------------------------------
Total Reg Energy  =-5.28052e-02
Total F12 Energy  = 0.00000e+00
Sum Energies Total=-5.28052e-02
-------------------------------------------
Average | Max Rank: 2 | 4
                 time pno = 8.18593e+01
               energy mp2 = -5.28052e-02
     average pno rank mp2 = 2
         max pno rank mp2 = 4
--------------------------------------------------
            energy(total) = -1.56515e+01
--------------------------------------------------



Orthonormalization technique used: symmetric
No CABS used.
Tightening thresholds to +0.00010000 for post-processing
Overlap Matrix of all PNOs:
+1.00000440 +0.34004486 +0.00000000 -0.00000000 -0.00000000 -0.00000000 +0.17720182 -0.00001009 
+0.34004486 +1.00000440 -0.00000000 +0.00000000 +0.00000000 -0.00000000 -0.00001009 +0.17720182 
+0.00000000 -0.00000000 +1.00000000 +0.00000000 +0.09206432 +0.00337626 +0.00000000 -0.00000000 
-0.00000000 +0.00000000 +0.00000000 +1.00000000 +0.00337626 -0.09206432 +0.00000000 +0.00000000 
-0.00000000 +0.00000000 +0.09206432 +0.00337626 +1.00000000 +0.00000000 +0.00000000 +0.00000000 
-0.00000000 -0.00000000 +0.00337626 -0.09206432 +0.00000000 +1.00000000 +0.00000000 +0.00000000 
+0.17720182 -0.00001009 +0.00000000 +0.00000000 +0.00000000 +0.00000000 +0.99999977 +0.00533913 
-0.00001009 +0.17720182 -0.00000000 +0.00000000 +0.00000000 +0.00000000 +0.00533913 +0.99999977 
Before cherry pick
rank is +0
all used occupation numbers:
[+0.02901193 +0.02901193 +0.00409657 +0.00409657 +0.00409656 +0.00409656 +0.00348972 +0.00348972 ]
corresponding to active pairs:
[(0,0) (1,1) (0,0) (0,0) (1,1) (1,1) (1,1) (0,0) ]
After cherry pick
all used occupation numbers:
[+0.02901193 +0.02901193 +0.00409657 +0.00409657 +0.00409656 +0.00409656 +0.00348972 +0.00348972 ]
corresponding to active pairs:
[(0,0) (1,1) (0,0) (0,0) (1,1) (1,1) (1,1) (0,0) ]
Overlap Matrix before symmetric
[+0,*]  +1.00000440  +0.34004486  +0.00000000  -0.00000000  -0.00000000  -0.00000000  +0.17720182  -0.00001009
[+1,*]  +0.34004486  +1.00000440  -0.00000000  +0.00000000  +0.00000000  -0.00000000  -0.00001009  +0.17720182
[+2,*]  +0.00000000  -0.00000000  +1.00000000  +0.00000000  +0.09206432  +0.00337626  +0.00000000  -0.00000000
[+3,*]  -0.00000000  +0.00000000  +0.00000000  +1.00000000  +0.00337626  -0.09206432  +0.00000000  +0.00000000
[+4,*]  -0.00000000  +0.00000000  +0.09206432  +0.00337626  +1.00000000  +0.00000000  +0.00000000  +0.00000000
[+5,*]  -0.00000000  -0.00000000  +0.00337626  -0.09206432  +0.00000000  +1.00000000  +0.00000000  +0.00000000
[+6,*]  +0.17720182  -0.00001009  +0.00000000  +0.00000000  +0.00000000  +0.00000000  +0.99999977  +0.00533913
[+7,*]  -0.00001009  +0.17720182  -0.00000000  +0.00000000  +0.00000000  +0.00000000  +0.00533913  +0.99999977
Overlap Matrix after symmetric
[+0,*]  +0.99999999  +0.00000001  +0.00000000  -0.00000000  -0.00000000  -0.00000000  +0.00000000  -0.00000000
[+1,*]  +0.00000001  +1.00000000  +0.00000000  +0.00000000  +0.00000000  -0.00000000  -0.00000000  -0.00000000
[+2,*]  +0.00000000  +0.00000000  +1.00000000  -0.00000000  -0.00000000  -0.00000000  -0.00000000  +0.00000000
[+3,*]  -0.00000000  +0.00000000  -0.00000000  +1.00000000  -0.00000000  +0.00000000  +0.00000000  -0.00000000
[+4,*]  -0.00000000  +0.00000000  -0.00000000  -0.00000000  +1.00000000  -0.00000000  -0.00000000  -0.00000000
[+5,*]  -0.00000000  -0.00000000  -0.00000000  +0.00000000  -0.00000000  +1.00000000  +0.00000000  -0.00000000
[+6,*]  +0.00000000  -0.00000000  -0.00000000  +0.00000000  -0.00000000  +0.00000000  +1.00000000  -0.00000000
[+7,*]  -0.00000000  -0.00000000  +0.00000000  -0.00000000  -0.00000000  -0.00000000  -0.00000000  +1.00000000
Adding 3 HF orbitals
Size before adding CABS: 11.
Size after adding CABS: 11.
Compute G and F Tensor:
Assemble g,f using symmetries...
non zero elements:
 g : +24704
 h : +61
Overlap over whole basis
[+0,*]  +1.00000000  +0.00000063  -0.00000063  +0.00000735  +0.00000735  +0.00000000  -0.00000000  +0.00000000  -0.00000000  -0.00002838  -0.00002838
[+1,*]  +0.00000063  +1.00000000  +0.00000022  -0.00000085  -0.00000083  +0.00000000  +0.00000000  -0.00000000  +0.00000000  +0.00000326  +0.00000326
[+2,*]  -0.00000063  +0.00000022  +1.00000000  +0.00000083  +0.00000085  +0.00000000  -0.00000000  +0.00000000  +0.00000000  -0.00000326  -0.00000326
[+3,*]  +0.00000735  -0.00000085  +0.00000083  +0.99999999  +0.00000001  +0.00000000  +0.00000000  -0.00000000  -0.00000000  +0.00000000  -0.00000000
[+4,*]  +0.00000735  -0.00000083  +0.00000085  +0.00000001  +1.00000000  +0.00000000  -0.00000000  +0.00000000  -0.00000000  -0.00000000  -0.00000000
[+5,*]  +0.00000000  +0.00000000  +0.00000000  +0.00000000  +0.00000000  +1.00000000  +0.00000000  -0.00000000  -0.00000000  -0.00000000  -0.00000000
[+6,*]  -0.00000000  +0.00000000  -0.00000000  +0.00000000  -0.00000000  +0.00000000  +1.00000000  -0.00000000  +0.00000000  +0.00000000  +0.00000000
[+7,*]  +0.00000000  -0.00000000  +0.00000000  -0.00000000  +0.00000000  -0.00000000  -0.00000000  +1.00000000  -0.00000000  -0.00000000  -0.00000000
[+8,*]  -0.00000000  +0.00000000  +0.00000000  -0.00000000  -0.00000000  -0.00000000  +0.00000000  -0.00000000  +1.00000000  +0.00000000  +0.00000000
[+9,*]  -0.00002838  +0.00000326  -0.00000326  +0.00000000  -0.00000000  -0.00000000  +0.00000000  -0.00000000  +0.00000000  +1.00000000  -0.00000000
[+10,*]  -0.00002838  +0.00000326  -0.00000326  -0.00000000  -0.00000000  -0.00000000  +0.00000000  -0.00000000  +0.00000000  -0.00000000  +1.00000000

||S-1||=+0.00005942
finished at time 327.6

    Parallel environment
    --------------------
                  #nodes    1
       #threads per node    11+main = 12
          #total threads    12

  RMI message statistics (min / avg / max)
  ----------------------
   #messages in server q    0.00e+00 / 0.00e+00 / 0.00e+00
 #messages sent per node    0.00e+00 / 0.00e+00 / 0.00e+00
    #bytes sent per node    0.00e+00 / 0.00e+00 / 0.00e+00
 #messages recv per node    0.00e+00 / 0.00e+00 / 0.00e+00
    #bytes recv per node    0.00e+00 / 0.00e+00 / 0.00e+00
        #msgs systemwide    0.00e+00
       #bytes systemwide    0.00e+00

  Thread pool statistics (min / avg / max)
  ----------------------
         #tasks per node    1.96e+07 / 1.96e+07 / 1.96e+07
     #max q len per node    1.04e+04 / 1.04e+04 / 1.04e+04
  #hi-pri tasks per node    5.49e+06 / 5.49e+06 / 5.49e+06

         Total wall time    327.6s
         Total  cpu time    327.6s

