MADNESS runtime initialized with 11 threads in the pool and affinity -1 -1 -1
starting at time 0.0

--------------------------------------------
   MADNESS 0.10.1 multiresolution suite
--------------------------------------------

   number of processors ... 1
    processor frequency ... 2.394284e+09
            host system ... Linux
          configured by ... kottmann
          configured on ... nia-login06.scinet.local
          configured at ... 2020-11-30T21:08:15
                    CXX ... /scinet/niagara/software/2019b/opt/base/gcc/8.3.0/bin/g++
               CXXFLAGS ... -O3 -DNDEBUG -march=native -I/home/a/aspuru/kottmann/devel/NumCpp/include -I/scinet/niagara/software/2019b/opt/gcc-8.3.0/boost/1.70.0/include/ -std=c++17
             tuning for ... default
                    MPI ... multiple
 multi-threaded runtime ... MADNESS ThreadPool
                   BLAS ... Intel MKL 25036 25036 MFLOP/s
               compiled ... 21:08:57  on  Nov 30 2020


-------------------------------------------------------------------------------------
SOLVING MRA-PNO-F12 as described in 
J.S. Kottmann, F.A. Bischoff, E.F. Valeev
Direct determination of optimal pair-natural orbitals in a real-space representation:
the second-order Møller-Plesset energy
Journal of Chemical Physics ... 2020
-------------------------------------------------------------------------------------


This script will run PNO-MP2 and print out tensors in binary
Call as: pno_integrals inputfileinput is input
ignoring unknown parameter in input file:  ncf

Angstrom being used to read input coordinates (1 Bohr = 1.88972613 Angstrom)


Asymptotic correction parameters
---------------------------------------
Atom vector is not empty: false
Using multipole approximation: false
Number of electrons = -1
Ionisation energy = 0.000000e+00
E(HOMO) = 0.000000e+00
R1 = 3.000000e+00
R2 = 4.000000e+00
DFT coefficient = 0.000000e+00
Interpolation scheme = linear
constructed symmetry operator for point group C1
dft
              charge  0.0000e+00 # defined   total molecular charge
                  xc  hf         # defined   XC input line
               smear  0.0000e+00 # default   smearing parameter
               econv  1.0000e-04 # defined   energy convergence
               dconv  5.0000e-04 # defined   density convergence
convergence_criteria  [bsh_residual, total_energy] # default   possible values are: bsh_residual, total_energy, each_energy, density
                   k  7          # defined   polynomial order
                   l  5.2425e+01 # derived   user coordinates box size
               deriv  abgv       # default   derivative method                            [abgv, bspline, ble]
           dft_deriv  abgv       # default   derivative method for gga potentials         [abgv, bspline, ble]
             maxrotn  2.5000e-01 # default   step restriction used in autoshift algorithm
             nvalpha  0          # default   number of alpha virtuals to compute
              nvbeta  0          # default   number of beta virtuals to compute
               nopen  0          # default   number of unpaired electrons = nalpha-nbeta
             maxiter  25         # default   maximum number of iterations
                 nio  1          # default   no. of io servers to use
     spin_restricted  true       # default   true if spin restricted
              plotlo  0          # default   range of MOs to print (for both spins if polarized
              plothi  -1         # default   range of MOs to print (for both spins if polarized
            plotdens  false      # default   If true print the density at convergence
            plotcoul  false      # default   If true plot the total coulomb potential at convergence
            localize  boys       # defined   localization method                          [pm, boys, new, canon]
          pointgroup  c1         # derived   use point (sub) group symmetry if not localized[c1, c2, ci, cs, c2v, c2h, d2, d2h]
             restart  false      # default   if true restart from orbitals on disk
           restartao  false      # default   if true restart from orbitals projected into AO basis (STO3G) on disk
          no_compute  false      # default   if true use orbitals on disk, set value to computed
           no_orient  false      # default   if true the molecule coordinates will not be reoriented
                save  true       # default   if true save orbitals to disk
              maxsub  10         # default   size of iterative subspace ... set to 0 or 1 to disable
        orbitalshift  0.0000e+00 # default   scf orbital shift: shift the occ orbitals to lower energies
            npt_plot  101        # default   no. of points to use in each dim for plots
           plot_cell  []         # default   lo hi in each dimension for plotting (default is all space)
             aobasis  6-31g      # derived   AO basis used for initial guess (6-31g or sto-3g)
           core_type  none       # default   core potential type                          [none, mpc]
         derivatives  false      # default   if true calculate nuclear derivatives
              dipole  false      # default   if true calculate dipole moment
      conv_only_dens  false      # default   if true remove bsh_residual from convergence criteria (deprecated)
            psp_calc  false      # default   pseudopotential calculation for all atoms
 print_dipole_matels  false      # default   if true output dipole matrix elements
            pcm_data  none       # default   do a PCM (solvent) calculation
             ac_data  none       # default   do a calculation with asymptotic correction (see ACParameters class in chem/AC.h for details)
             pure_ae  true       # default   pure all electron calculation with no pseudo-atoms
         print_level  3          # default   0: no output; 1: final energy; 2: iterations; 3: timings; 10: debug
              nalpha  3          # derived   number of alpha spin electrons
               nbeta  3          # derived   number of beta  spin electrons
           nmo_alpha  3          # derived   number of alpha spin molecular orbitals
            nmo_beta  3          # derived   number of beta spin molecular orbitals
                  lo  9.0905e-04 # derived   smallest length scale we need to resolve
            protocol  [1.0000e-04, 1.0000e-06] # derived   calculation protocol
                gopt  false      # default   geometry optimizer
                gtol  1.0000e-04 # default   geometry tolerance
               gtest  false      # default   geometry tolerance
                gval  1.0000e-05 # default   value precision
               gprec  1.0000e-04 # default   gradient precision
            gmaxiter  20         # default   optimization maxiter
    ginitial_hessian  false      # default   compute inital hessian for optimization
              algopt  bfgs       # default   algorithm used for optimization              [bfgs, cg]
            tdksprop  false      # default   time-dependent Kohn-Sham equation propagate
           nv_factor  1          # default   factor to multiply number of virtual orbitals with when automatically decreasing nvirt
           vnucextra  2          # default   load balance parameter for nuclear pot
        loadbalparts  2          # default   ??
            response  false      # default   response function calculation
       response_freq  0.0000e+00 # default   frequency for calculation response function
       response_axis  [1, 1, 1]  # default   response axis
           nonrotate  false      # default   if true do not molcule orient (redundant with no_orient
               rconv  1.0000e-06 # default   Response convergence
              efield  0.0000e+00 # default   eps for finite field
         efield_axis  0          # default   finite field axis                            [0, 1, 2]
              nwfile  none       # default   Base name of nwchem output files (.out and .movecs extensions) to read from
                 ncf  (none,1.0000e+00) # defined   nuclear correlation factor
             hessian  false      # default   compute the hessian matrix
           read_cphf  false      # default   read the converged orbital response for nuclear displacements from file
        restart_cphf  false      # default   read the guess orbital response for nuclear displacements from file
      purify_hessian  false      # default   symmetrize the hessian matrix based on atomic charges

end
              charge  0.0000e+00 # defined   total molecular charge
                  xc  hf         # defined   XC input line
               smear  0.0000e+00 # default   smearing parameter
               econv  1.0000e-04 # defined   energy convergence
               dconv  5.0000e-04 # defined   density convergence
convergence_criteria  [bsh_residual, total_energy] # default   possible values are: bsh_residual, total_energy, each_energy, density
                   k  7          # defined   polynomial order
                   l  5.2425e+01 # derived   user coordinates box size
               deriv  abgv       # default   derivative method                            [abgv, bspline, ble]
           dft_deriv  abgv       # default   derivative method for gga potentials         [abgv, bspline, ble]
             maxrotn  2.5000e-01 # default   step restriction used in autoshift algorithm
             nvalpha  0          # default   number of alpha virtuals to compute
              nvbeta  0          # default   number of beta virtuals to compute
               nopen  0          # default   number of unpaired electrons = nalpha-nbeta
             maxiter  25         # default   maximum number of iterations
                 nio  1          # default   no. of io servers to use
     spin_restricted  true       # default   true if spin restricted
              plotlo  0          # default   range of MOs to print (for both spins if polarized
              plothi  -1         # default   range of MOs to print (for both spins if polarized
            plotdens  false      # default   If true print the density at convergence
            plotcoul  false      # default   If true plot the total coulomb potential at convergence
            localize  boys       # defined   localization method                          [pm, boys, new, canon]
          pointgroup  c1         # derived   use point (sub) group symmetry if not localized[c1, c2, ci, cs, c2v, c2h, d2, d2h]
             restart  false      # default   if true restart from orbitals on disk
           restartao  false      # default   if true restart from orbitals projected into AO basis (STO3G) on disk
          no_compute  false      # default   if true use orbitals on disk, set value to computed
           no_orient  false      # default   if true the molecule coordinates will not be reoriented
                save  true       # default   if true save orbitals to disk
              maxsub  10         # default   size of iterative subspace ... set to 0 or 1 to disable
        orbitalshift  0.0000e+00 # default   scf orbital shift: shift the occ orbitals to lower energies
            npt_plot  101        # default   no. of points to use in each dim for plots
           plot_cell  []         # default   lo hi in each dimension for plotting (default is all space)
             aobasis  6-31g      # derived   AO basis used for initial guess (6-31g or sto-3g)
           core_type  none       # default   core potential type                          [none, mpc]
         derivatives  false      # default   if true calculate nuclear derivatives
              dipole  false      # default   if true calculate dipole moment
      conv_only_dens  false      # default   if true remove bsh_residual from convergence criteria (deprecated)
            psp_calc  false      # default   pseudopotential calculation for all atoms
 print_dipole_matels  false      # default   if true output dipole matrix elements
            pcm_data  none       # default   do a PCM (solvent) calculation
             ac_data  none       # default   do a calculation with asymptotic correction (see ACParameters class in chem/AC.h for details)
             pure_ae  true       # default   pure all electron calculation with no pseudo-atoms
         print_level  3          # default   0: no output; 1: final energy; 2: iterations; 3: timings; 10: debug
              nalpha  3          # derived   number of alpha spin electrons
               nbeta  3          # derived   number of beta  spin electrons
           nmo_alpha  3          # derived   number of alpha spin molecular orbitals
            nmo_beta  3          # derived   number of beta spin molecular orbitals
                  lo  9.0905e-04 # derived   smallest length scale we need to resolve
            protocol  [1.0000e-04, 1.0000e-06] # derived   calculation protocol
                gopt  false      # default   geometry optimizer
                gtol  1.0000e-04 # default   geometry tolerance
               gtest  false      # default   geometry tolerance
                gval  1.0000e-05 # default   value precision
               gprec  1.0000e-04 # default   gradient precision
            gmaxiter  20         # default   optimization maxiter
    ginitial_hessian  false      # default   compute inital hessian for optimization
              algopt  bfgs       # default   algorithm used for optimization              [bfgs, cg]
            tdksprop  false      # default   time-dependent Kohn-Sham equation propagate
           nv_factor  1          # default   factor to multiply number of virtual orbitals with when automatically decreasing nvirt
           vnucextra  2          # default   load balance parameter for nuclear pot
        loadbalparts  2          # default   ??
            response  false      # default   response function calculation
       response_freq  0.0000e+00 # default   frequency for calculation response function
       response_axis  [1, 1, 1]  # default   response axis
           nonrotate  false      # default   if true do not molcule orient (redundant with no_orient
               rconv  1.0000e-06 # default   Response convergence
              efield  0.0000e+00 # default   eps for finite field
         efield_axis  0          # default   finite field axis                            [0, 1, 2]
              nwfile  none       # default   Base name of nwchem output files (.out and .movecs extensions) to read from



 geometry
   eprec 1.0e-06
   units atomic
   Be            0.00000000           0.00000000           0.03149544
   H             0.00000000           0.00000000           2.29916680
   H             0.00000000           0.00000000          -2.42514854
 end

Solving NDIM= 3  with thresh 1.000000e-04     k 7    conv 5.000000e-04 

timer:     Project vnuclear     0.15s     0.15s
constructed nuclear correlation factor of the form
    R   =  1.000000e+00
with eprec  1.000000e-06
which means it's (nearly) a conventional calculation

timer:        reproject ncf     0.67s     0.67s
timer:        guess density     0.18s     0.18s
timer:   guess Coulomb potn     0.17s     0.17s
timer:       guess lda potn     0.05s     0.05s
timer:        guess overlap     0.01s     0.01s
timer:    KEmat reconstruct     0.00s     0.00s
timer:  KEmat differentiate     0.16s     0.16s
timer:       KEmat compress     0.04s     0.04s
timer: KEmat inner products     0.04s     0.04s
timer:     guess Kinet potn     0.25s     0.25s
timer:           guess fock     0.16s     0.16s
timer:      guess eigen sol     0.06s     0.06s
timer: guess orbital groupi     0.01s     0.01s

starting protocol at time      2.4s 
precision steps  1.000000e-04  -->  1.000000e-04
protocol: thresh 1.000000e-04 econv  1.000000e-04 dconv 5.000000e-04

ending protocol at time      2.4s 

Solving NDIM= 3  with thresh 1.000000e-04     k 7    conv 5.000000e-04 

timer:        Boys localize     0.12s     0.12s
orbital irreps []
timer:      reconstruct psi     0.02s     0.02s
timer:        compute Jnemo     0.13s     0.13s
timer:        compute Knemo     0.54s     0.54s
timer: compute Unemo 0.0152     0.04s     0.04s

  nuclear and kinetic     -27.60082639
         kinetic only      16.08081908
              coulomb      11.78433678
             exchange      -3.52769149
    nuclear-repulsion       3.60383248
   regularized energy     -15.74034863
  buggy if hybrid functionals are used..
timer:       compute energy     0.68s     0.68s
Norm of vector changes ab spin case : rms 4.410257e-02    max 5.446477e-02
convergence: bshresidual, energy change, max energy change, density change 4.8e-02 1.6e+01 1.6e+01 1.5e+00
finished iteration  0 at time      4.9s with energy  -15.74034863
timer:        Boys localize     0.13s     0.13s
orbital irreps []
timer:      reconstruct psi     0.02s     0.02s
timer:        compute Jnemo     0.13s     0.13s
timer:        compute Knemo     0.54s     0.54s
timer: compute Unemo 0.0152     0.03s     0.03s

  nuclear and kinetic     -27.52492227
         kinetic only      15.94666843
              coulomb      11.65264370
             exchange      -3.49632955
    nuclear-repulsion       3.60383248
   regularized energy     -15.76477565
  buggy if hybrid functionals are used..
timer:       compute energy     0.49s     0.49s
Norm of vector changes ab spin case : rms 1.360492e-02    max 1.652122e-02
convergence: bshresidual, energy change, max energy change, density change 1.1e-02 2.4e-02 1.3e-01 6.4e-03
finished iteration  1 at time      7.2s with energy  -15.76477565
timer:        Boys localize     0.15s     0.15s
orbital irreps []
timer:      reconstruct psi     0.02s     0.02s
timer:        compute Jnemo     0.11s     0.11s
timer:        compute Knemo     0.53s     0.53s
timer: compute Unemo 0.0152     0.03s     0.03s

  nuclear and kinetic     -27.50546704
         kinetic only      15.91445203
              coulomb      11.62257510
             exchange      -3.48749647
    nuclear-repulsion       3.60383248
   regularized energy     -15.76655594
  buggy if hybrid functionals are used..
timer:       compute energy     0.52s     0.52s
Norm of vector changes ab spin case : rms 2.067851e-03    max 2.549454e-03
convergence: bshresidual, energy change, max energy change, density change 1.5e-03 1.8e-03 3.2e-02 1.3e-03
finished iteration  2 at time      9.5s with energy  -15.76655594
timer:        Boys localize     0.14s     0.14s
orbital irreps []
timer:      reconstruct psi     0.02s     0.02s
timer:        compute Jnemo     0.11s     0.11s
timer:        compute Knemo     0.53s     0.53s
timer: compute Unemo 0.0152     0.03s     0.03s

  nuclear and kinetic     -27.50661005
         kinetic only      15.91176445
              coulomb      11.62250570
             exchange      -3.48634362
    nuclear-repulsion       3.60383248
   regularized energy     -15.76661549
  buggy if hybrid functionals are used..
timer:       compute energy     0.49s     0.49s
Norm of vector changes ab spin case : rms 5.270481e-04    max 7.266832e-04
convergence: bshresidual, energy change, max energy change, density change 4.3e-04 6.0e-05 2.7e-03 2.8e-04
finished iteration  3 at time     11.7s with energy  -15.76661549

Iterations converged


ending protocol at time     11.7s 

 Dipole Moment (a.u.)
 -----------

     x:  -4.316801e-14
     y:  3.086071e-14
     z:  6.228229e-02
 Total Dipole Moment:  6.228229e-02 

timer:               dipole     0.00s     0.00s
Nemo Orbital Energies: [*]  -4.64787743  -0.49521220  -0.47405332

nemo energy:  -1.576662e+01
 at time 11.8
PNO Integrals evaluated as:
pnoint
       rank_increase  15         # default   maximum rank to increase in every macroiteration
               chunk  100        # default   chunk of functions operated on in parallel when G or K is applied (prevent memory shortage)
               debug  false      # default   debug mode
              freeze  1          # derived   frozen core approximation
             maxrank  2          # defined   maximal pno rank for all pairs
           guesstype  exop       # derived   the guesstype: exop (recommended, multiply polynomial excitation operators onto the occupied orbitals), empty (don't compute a guess), scf (use the ao basis from the SCF solver), partial_wave (create s,p,d ..., type functions and place on atoms), predefined (same as partial_wave but for predefined sets)
                exop  multipole  # derived   this string defines which excitation operators can be used, use 'dipole', 'dipole+', 'quadrupole', 'ocopole', or 'multipole', need to set guesstype to 'exop' which is the default
          exop_trigo  true       # default   use trigonometric excitation operators ( x --> sin(x)
        partial_wave             # default   atom centered partial wave guess of format like 'h-2s1p-o-3s2p1d', need to set guesstype to 'partial_wave' and adaptive_solver to 'none'
          predefined             # default   predefined partial wave guesses of type pvxz with x=d,t,q,5,6, need to set guesstype to 'predefined' and adaptive_solver to 'none'
           maxiter_t  100        # default   maximal number of iterations in the amplitude solver
       maxiter_micro  10         # default   Maximum of iterations for every cycle in the adaptive solver
       maxiter_macro  10         # default   Maximum of iterations of cycles in the adaptive solver
                tpno  1.0000e-08 # default   PNO cutoff threshold
          tpno_tight  1.0000e-10 # derived   PNO cutoff for the first iteration
    canonicalize_pno  true       # default   canonicalize the pnos before the amplitude solver
              thresh  1.0000e-04 # defined   MRA threshold
         econv_micro  1.0000e-04 # derived   Energy convergence for microiterations (Greens function based optimization) in adaptive solver
         econv_pairs  1.0000e-05 # derived   ENergy convergence for individual pairs in adaptive solver. Converged pairs are frozen automatically
         econv_macro  1.0000e-04 # derived   Energy convergence for macroiterations in adaptive solver, no effect if adaptive_solver is deactivated
               dconv  1.0000e-01 # default   convergence of every PNO in the Green's function solver
           op_thresh  1.0000e-06 # default   MRA operator thresh
             restart  none       # derived   restart pairs of this type, use 'mp2', 'cispd', 'all' or 'none'
          no_compute  none       # default   do not compute the pairs of this type, use 'mp2', 'cispd', 'all' or 'none'
              no_opt  none       # default   do not optimize the pnos of this type, use 'mp2', 'cispd', 'all' or 'none'
            no_guess  none       # derived   guess for this type will be empty, use 'mp2', 'cispd', 'all' or 'none'
     adaptive_solver  all        # default   Use adaptive solver for those pairs, use 'mp2', 'cispd', 'all' or 'none', works only in combination with guesstype 'exop'
                kain  true       # default   use KAIN solver in amplitude solver
       kain_subspace  5          # default   subspace size of the KAIN solver (amplitudes)
                 f12  false      # defined   use explicit correlation
        cispd_number  -1         # default   CIS(D) excitation numbers, to read in correct functions
        cispd_energy  0.0000e+00 # default   CIS energy
        freeze_pairs  none       # default   frozen pairs will not be optimized: Expected format 'a b c d' will freeze pairs ab and cd
freeze_pairs_of_orbital  []         # default    All pairs which originate from this orbital will not be optimized
active_pairs_of_orbital  []         # default    All pairs which originate from this orbital will not be frozen all other pairs will, if this vector is not empty
no_opt_in_first_iteration  false      # default   Do not optimize in the first iteration (then the potentials do not have to be evaluated, use this for large guesses)
            exchange  full       # default   approximate exchange with 'neglect' or xc functional -> same syntax as moldft
           save_pnos  true       # default   Save the OBS-PNOs to a file, before and after orthonormalization.
            diagonal  true       # defined   Compute only diagonal PNOs
              orthog  symmetric  # defined   orthogonalization method for PNO basis, also current default for a potential CABS. options: symmetric, canonical, cholesky, rr_cholesky,
         orthog_cabs  default    # default   orthogonalization method for CABS basis. options: symmetric, canonical, cholesky, rr_cholesky, uses same as orbitals basis if default.
               n_pno  2          # defined   desired size of PNO-basis (orbital space)
         cabs_option  none       # default   type of complementary auxiliary basis to be used. can be none ~ no CABS, gbs ~ Gaussian basis set as CABS, requires input via auxbas_file, pno ~ use superfluous PNOs as CABS, mixed ~ gbs&pno-option
       pno_cabs_size  -1         # default   size of a potential pno-cabs. defaults to -1 ~ all remaining PNOs, if pno-cabs or mixed-cabs
           only_diag  true       # derived   use only diagonal elements PNOs
         cherry_pick  []         # default   cherry pick option to choose particular set of PNOs, not just blindly by occupation number. can be useful, if only a restricted number of PNOs can be used, to avoid separating degenerate pairs. can be envoked by passing a vector via [ elem1, elem2, ... ]
         ignore_pair  []         # default   ignore certain pairs in the selection of pnos numbering is 00-0, 01-1, 02-2 ...
               gamma  1.4000e+00 # default   The f12 length scale, here to be used to compute f12-integrals
         cabs_thresh  1.0000e-04 # derived    thresh for cabs part
              auxbas  none       # default   atom centered partial wave guess of format like 'h-2s1p-o-3s2p1d'
         auxbas_file  none       # default   Use external comp. aux. basis in addition to the pnos as auxbasis. Give the filename as parameter. Give the auxbas in turbomole format. Don't use contractions. If a file is specified the auxbas parameter has no effect
   print_pno_overlap  true       # default   Print overlap matrix at certain steps in computation, for debugging purposes.
              n_virt  0          # defined   Compute this number of virtuals and include them in the integral construction, experimental and not robust!.
      hardcore_boson  false      # default   compute only integrals for hardcore boson hamiltonian (restricted to double occupations)

end
F12 Operators initialized right
timer:                    Testing F12 Operators     0.15s     0.15s 
timer:  Initializing (active) Exchange Orbitals     0.30s     0.30s 
Size of active mos and their exchange potentials:
K(acmos)=2.903104e-03 Gbyte
acmos   =2.187550e-03 Gbyte
PNO Parameters
pno
       rank_increase  15         # default   maximum rank to increase in every macroiteration
               chunk  100        # default   chunk of functions operated on in parallel when G or K is applied (prevent memory shortage)
               debug  false      # default   debug mode
              freeze  1          # derived   frozen core approximation
             maxrank  2          # defined   maximal pno rank for all pairs
           guesstype  exop       # derived   the guesstype: exop (recommended, multiply polynomial excitation operators onto the occupied orbitals), empty (don't compute a guess), scf (use the ao basis from the SCF solver), partial_wave (create s,p,d ..., type functions and place on atoms), predefined (same as partial_wave but for predefined sets)
                exop  multipole  # derived   this string defines which excitation operators can be used, use 'dipole', 'dipole+', 'quadrupole', 'ocopole', or 'multipole', need to set guesstype to 'exop' which is the default
          exop_trigo  true       # default   use trigonometric excitation operators ( x --> sin(x)
        partial_wave             # default   atom centered partial wave guess of format like 'h-2s1p-o-3s2p1d', need to set guesstype to 'partial_wave' and adaptive_solver to 'none'
          predefined             # default   predefined partial wave guesses of type pvxz with x=d,t,q,5,6, need to set guesstype to 'predefined' and adaptive_solver to 'none'
           maxiter_t  100        # default   maximal number of iterations in the amplitude solver
       maxiter_micro  10         # default   Maximum of iterations for every cycle in the adaptive solver
       maxiter_macro  10         # default   Maximum of iterations of cycles in the adaptive solver
                tpno  1.0000e-08 # default   PNO cutoff threshold
          tpno_tight  1.0000e-10 # derived   PNO cutoff for the first iteration
    canonicalize_pno  true       # default   canonicalize the pnos before the amplitude solver
              thresh  1.0000e-04 # defined   MRA threshold
         econv_micro  1.0000e-04 # derived   Energy convergence for microiterations (Greens function based optimization) in adaptive solver
         econv_pairs  1.0000e-05 # derived   ENergy convergence for individual pairs in adaptive solver. Converged pairs are frozen automatically
         econv_macro  1.0000e-04 # derived   Energy convergence for macroiterations in adaptive solver, no effect if adaptive_solver is deactivated
               dconv  1.0000e-01 # default   convergence of every PNO in the Green's function solver
           op_thresh  1.0000e-06 # default   MRA operator thresh
             restart  none       # derived   restart pairs of this type, use 'mp2', 'cispd', 'all' or 'none'
          no_compute  none       # default   do not compute the pairs of this type, use 'mp2', 'cispd', 'all' or 'none'
              no_opt  none       # default   do not optimize the pnos of this type, use 'mp2', 'cispd', 'all' or 'none'
            no_guess  none       # derived   guess for this type will be empty, use 'mp2', 'cispd', 'all' or 'none'
     adaptive_solver  all        # default   Use adaptive solver for those pairs, use 'mp2', 'cispd', 'all' or 'none', works only in combination with guesstype 'exop'
                kain  true       # default   use KAIN solver in amplitude solver
       kain_subspace  5          # default   subspace size of the KAIN solver (amplitudes)
                 f12  false      # defined   use explicit correlation
        cispd_number  -1         # default   CIS(D) excitation numbers, to read in correct functions
        cispd_energy  0.0000e+00 # default   CIS energy
        freeze_pairs  none       # default   frozen pairs will not be optimized: Expected format 'a b c d' will freeze pairs ab and cd
freeze_pairs_of_orbital  []         # default    All pairs which originate from this orbital will not be optimized
active_pairs_of_orbital  []         # default    All pairs which originate from this orbital will not be frozen all other pairs will, if this vector is not empty
no_opt_in_first_iteration  false      # default   Do not optimize in the first iteration (then the potentials do not have to be evaluated, use this for large guesses)
            exchange  full       # default   approximate exchange with 'neglect' or xc functional -> same syntax as moldft
           save_pnos  true       # default   Save the OBS-PNOs to a file, before and after orthonormalization.
            diagonal  true       # defined   Compute only diagonal PNOs

end

**********************
Solve PNO-MP2
*********************


**********************
Iterate Pairs
*********************


************************
Adaptive Solver
***********************

Initializing empty Pairs:
no guess was explicitly demanded for mp2

timer:                                     RRCD     0.00s     0.00s 
timer:                             MRA compress     0.00s     0.00s 
timer:                          Transform Pairs     0.00s     0.00s 
timer:          apply Q and orthonormalize PNOs     0.00s     0.00s 
Created Guess:
pair11 with 0 guess functions
pair21 with 0 guess functions
pair22 with 0 guess functions
guess pair11 size: 0.0000000000e+00 | 0.0000000000e+00 Gbyte (after truncation)
guess pair22 size: 0.0000000000e+00 | 0.0000000000e+00 Gbyte (after truncation)
timer:                           truncate guess     0.00s     0.00s 
timer:                         Initialize Pairs     0.00s     0.00s 
Keyword multipole is not known
Guess protocol for adaptively growing ranks is: [dipole+, quadrupole, big_fock_3, big_fock_3, big_fock_3, big_fock_3, big_fock_3, big_fock_3, big_fock_3, big_fock_3]


--------Adaptive Solver Macroiteration 0 from max 10 ----------

Growing ranks with exop=dipole+
Create guess functions by multiplying plane-waves to 1 functions 
Created 4 virtuals for pair11
pair21 is frozen: no growing
Create guess functions by multiplying plane-waves to 1 functions 
Created 4 virtuals for pair22
frozen pair: no orthonormalization
timer:                                     RRCD     0.02s     0.02s 
timer:                             MRA compress     0.00s     0.00s 
timer:                          Transform Pairs     0.01s     0.01s 
timer:                        grow PNO subspace     0.14s     0.14s 
SolveInternal: Parameters are assigned as
no_compute        = false
no_opt            = false
restart           = false
do_cispd          = false
econv             =1.0000000000e-04
maxrank (min,max) = (2,2)
Solving MP2 doubles
timer:          fock matrix     0.40s     0.40s
Information About All Pairs:
mp2_pair11           number=0 rank=  4 frozen=false
mp2_pair21           number=1 rank=  0 frozen=true
mp2_pair22           number=2 rank=  4 frozen=false
number of pairs=3
average rank   =2 (2.6666666667e+00)
largest rank   =4
PNOPairs Memory Information
Total: 0.0083413124 GB 
PNO  : 0.0083413124 GB 
KPNO : 0.0000000000 GB 
W    : 0.0000000000 GB 

timer:                                 truncate     0.00s     0.00s 
wall time=14.1431751251 chunk=8 allK.size()=8 memory=0.0096497536 GB
timer:                             compute KPNO     0.97s     0.97s 
wall time=14.1624550819 chunk=8 allJ.size()=8 memory=0.0103039742 GB
timer:                             compute JPNO     0.02s     0.02s 
timer:                    compute Fock matrices     0.26s     0.26s 
timer:                             MRA compress     0.00s     0.00s 
timer:                          Transform Pairs     0.03s     0.03s 
timer:                             Canonicalize     0.03s     0.03s 
PNOPairs Memory Information
Total: 0.0176639557 GB 
PNO  : 0.0081777573 GB 
KPNO : 0.0094861984 GB 
W    : 0.0000000000 GB 

timer:                                 truncate     0.00s     0.00s 
mp2_pair21 is frozen: potential not computed
timer:                   Fluctuation Potentials     0.45s     0.45s 
timer:                       Fluctuation Matrix     0.04s     0.04s 
PNOPairs Memory Information
Total: 0.0312390327 GB 
PNO  : 0.0081777573 GB 
KPNO : 0.0094861984 GB 
W    : 0.0135750771 GB 

PNOPairs Memory Information
Total: 0.0312390327 GB 
PNO  : 0.0081777573 GB 
KPNO : 0.0094861984 GB 
W    : 0.0135750771 GB 

timer:                                 truncate     0.00s     0.00s 
timer:                             PNO Overlaps     0.05s     0.05s 
t_iter =  0  Hylleraas energy =  0.0000000000  ||R||_F =  0.2033034868  conv =  no
subspace solution [*]   1.00000000

t_iter =  1  Hylleraas energy =  -0.0261721105  ||R||_F =  0.0000000255  conv =  yes
=======================================================

Hylleraas MP2 Energies

=======================================================
    i    j      singlet      triplet        Total
=======================================================
    1    1  -1.30972e-02  0.00000e+00 -1.30972e-02
    2    1   0.00000e+00  0.00000e+00  0.00000e+00
    2    2  -1.30749e-02  0.00000e+00 -1.30749e-02
=======================================================
Hylleraas MP2 Energies (singlet): -2.61721e-02
Hylleraas MP2 Energies (triplet):  0.00000e+00
Hylleraas MP2 Energies (total)  : -2.61721e-02
=======================================================
-------------------------------------------
Total Reg Energy  =-2.61721e-02
Total F12 Energy  = 0.00000e+00
Sum Energies Total=-2.61721e-02
-------------------------------------------
timer:                         Solve Amplitudes     0.00s     0.00s 
No optimization untill now: Compressing pno ranks with tighter threshold
1.00000e-10 instead of 1.00000e-08
pair11: density evals:
 [*]   0.00359423   0.00417269   0.00417269   0.00431964

pair11: # of PNOs reduced from  4  to  2  maxrank= 2
pair22: density evals:
 [*]   0.00373476   0.00418604   0.00418604   0.00488632

pair22: # of PNOs reduced from  4  to  2  maxrank= 2
timer:                            compress PNOs     0.00s     0.00s 
timer:                             MRA compress     0.00s     0.00s 
timer:                          Transform Pairs     0.03s     0.03s 
timer:                          PNO Compression     0.03s     0.03s 
Information About All Pairs:
mp2_pair11           number=0 rank=  2 frozen=false
mp2_pair21           number=1 rank=  0 frozen=true
mp2_pair22           number=2 rank=  2 frozen=false
number of pairs=3
average rank   =1 (1.33333e+00)
largest rank   =2
saving vector of functions mp2_pair11
saving vector of functions mp2_pair22
timer:                        save pnos on disc     0.01s     0.01s 
PNOPairs Memory Information
Total: 0.01574 GB 
PNO  : 0.00417 GB 
KPNO : 0.00487 GB 
W    : 0.00671 GB 

timer:                                 truncate     0.00s     0.00s 
timer:      compute densities for G application     0.00s     0.00s 
pair21 is frozen: no optimization
timer:                Prepare for G application     0.03s     0.03s 
timer:                                    add K     0.00s     0.00s 
size of all Vpsi potentials (without Vnuc and J) 0.00532 GB 
time=15.17473 chunk=4 Vpsi+Vnuc+J=0.01599 GB
time=15.17991 chunk=4 Vpsi+Vnuc+J=0.01595 GB (after truncation)
timer:                           Apply G to all     0.46s     0.46s 
timer:                       apply Q and update     0.00s     0.00s 
mp2_pair11 residual norms:
[0.37474, 0.46119]
mp2_pair11 scaled residual norms:
[0.02421, 0.03031]
mp2_pair22 residual norms:
[0.37420, 0.43343]
mp2_pair22 scaled residual norms:
[0.02421, 0.03030]
timer:                          update all PNOs     0.50s     0.50s 
frozen pair: no orthonormalization
timer:                                     RRCD     0.02s     0.02s 
timer:                             MRA compress     0.00s     0.00s 
timer:                          Transform Pairs     0.00s     0.00s 
saving vector of functions mp2_pair11
saving vector of functions mp2_pair22
timer:                        save pnos on disc     0.01s     0.01s 


No convergence yet. Energy change = 0.02617

timer:                        Whole Iteration 1     2.43s     2.43s 
Information About All Pairs:
mp2_pair11           number=0 rank=  2 frozen=false
mp2_pair21           number=1 rank=  0 frozen=true
mp2_pair22           number=2 rank=  2 frozen=false
number of pairs=3
average rank   =1 (1.33333)
largest rank   =2
PNOPairs Memory Information
Total: 0.00466 GB 
PNO  : 0.00466 GB 
KPNO : 0.00000 GB 
W    : 0.00000 GB 

timer:                                 truncate     0.00s     0.00s 
wall time=16.09026 chunk=4 allK.size()=4 memory=0.00482 GB
timer:                             compute KPNO     0.49s     0.49s 
wall time=16.10041 chunk=4 allJ.size()=4 memory=0.00523 GB
timer:                             compute JPNO     0.01s     0.01s 
timer:                    compute Fock matrices     0.22s     0.22s 
timer:                             MRA compress     0.00s     0.00s 
timer:                          Transform Pairs     0.01s     0.01s 
timer:                             Canonicalize     0.01s     0.01s 
PNOPairs Memory Information
Total: 0.00949 GB 
PNO  : 0.00466 GB 
KPNO : 0.00482 GB 
W    : 0.00000 GB 

timer:                                 truncate     0.00s     0.00s 
mp2_pair21 is frozen: potential not computed
timer:                   Fluctuation Potentials     0.29s     0.29s 
timer:                       Fluctuation Matrix     0.03s     0.03s 
PNOPairs Memory Information
Total: 0.01627 GB 
PNO  : 0.00466 GB 
KPNO : 0.00482 GB 
W    : 0.00679 GB 

PNOPairs Memory Information
Total: 0.01627 GB 
PNO  : 0.00466 GB 
KPNO : 0.00482 GB 
W    : 0.00679 GB 

timer:                                 truncate     0.00s     0.00s 
timer:                             PNO Overlaps     0.02s     0.02s 
t_iter =  0  Hylleraas energy =  0.00000  ||R||_F =  0.22759  conv =  no
subspace solution [*]   1.00000000

t_iter =  1  Hylleraas energy =  -0.02482  ||R||_F =  0.00000  conv =  yes
=======================================================

Hylleraas MP2 Energies

=======================================================
    i    j      singlet      triplet        Total
=======================================================
    1    1  -1.23570e-02  0.00000e+00 -1.23570e-02
    2    1   0.00000e+00  0.00000e+00  0.00000e+00
    2    2  -1.24659e-02  0.00000e+00 -1.24659e-02
=======================================================
Hylleraas MP2 Energies (singlet): -2.48229e-02
Hylleraas MP2 Energies (triplet):  0.00000e+00
Hylleraas MP2 Energies (total)  : -2.48229e-02
=======================================================
-------------------------------------------
Total Reg Energy  =-2.48229e-02
Total F12 Energy  = 0.00000e+00
Sum Energies Total=-2.48229e-02
-------------------------------------------
timer:                         Solve Amplitudes     0.00s     0.00s 
pair11: density evals:
 [*]   0.00503825   0.00651962

pair22: density evals:
 [*]   0.00502074   0.00724059

timer:                            compress PNOs     0.00s     0.00s 
timer:                             MRA compress     0.00s     0.00s 
timer:                          Transform Pairs     0.02s     0.02s 
timer:                          PNO Compression     0.02s     0.02s 
Information About All Pairs:
mp2_pair11           number=0 rank=  2 frozen=false
mp2_pair21           number=1 rank=  0 frozen=true
mp2_pair22           number=2 rank=  2 frozen=false
number of pairs=3
average rank   =1 (1.33333e+00)
largest rank   =2
saving vector of functions mp2_pair11
saving vector of functions mp2_pair22
timer:                        save pnos on disc     0.01s     0.01s 
PNOPairs Memory Information
Total: 0.01627 GB 
PNO  : 0.00466 GB 
KPNO : 0.00482 GB 
W    : 0.00679 GB 

timer:                                 truncate     0.00s     0.00s 
timer:      compute densities for G application     0.00s     0.00s 
pair21 is frozen: no optimization
timer:                Prepare for G application     0.03s     0.03s 
timer:                                    add K     0.01s     0.01s 
size of all Vpsi potentials (without Vnuc and J) 0.00593 GB 
time=16.83905 chunk=4 Vpsi+Vnuc+J=0.01623 GB
time=16.84420 chunk=4 Vpsi+Vnuc+J=0.01599 GB (after truncation)
timer:                           Apply G to all     0.44s     0.44s 
timer:                       apply Q and update     0.00s     0.00s 
mp2_pair11 residual norms:
[0.09981, 0.12395]
mp2_pair11 scaled residual norms:
[0.00708, 0.01001]
mp2_pair22 residual norms:
[0.09835, 0.12028]
mp2_pair22 scaled residual norms:
[0.00697, 0.01023]
timer:                          update all PNOs     0.48s     0.48s 
frozen pair: no orthonormalization
timer:                                     RRCD     0.01s     0.01s 
timer:                             MRA compress     0.00s     0.00s 
timer:                          Transform Pairs     0.00s     0.00s 
saving vector of functions mp2_pair11
saving vector of functions mp2_pair22
timer:                        save pnos on disc     0.01s     0.01s 


No convergence yet. Energy change = 0.00135

timer:                        Whole Iteration 2     1.63s     1.63s 
Information About All Pairs:
mp2_pair11           number=0 rank=  2 frozen=false
mp2_pair21           number=1 rank=  0 frozen=true
mp2_pair22           number=2 rank=  2 frozen=false
number of pairs=3
average rank   =1 (1.33333)
largest rank   =2
PNOPairs Memory Information
Total: 0.00491 GB 
PNO  : 0.00491 GB 
KPNO : 0.00000 GB 
W    : 0.00000 GB 

timer:                                 truncate     0.00s     0.00s 
wall time=17.74692 chunk=4 allK.size()=4 memory=0.00511 GB
timer:                             compute KPNO     0.52s     0.52s 
wall time=17.75742 chunk=4 allJ.size()=4 memory=0.00548 GB
timer:                             compute JPNO     0.01s     0.01s 
timer:                    compute Fock matrices     0.19s     0.19s 
timer:                             MRA compress     0.00s     0.00s 
timer:                          Transform Pairs     0.01s     0.01s 
timer:                             Canonicalize     0.01s     0.01s 
PNOPairs Memory Information
Total: 0.01002 GB 
PNO  : 0.00491 GB 
KPNO : 0.00511 GB 
W    : 0.00000 GB 

timer:                                 truncate     0.00s     0.00s 
mp2_pair21 is frozen: potential not computed
timer:                   Fluctuation Potentials     0.30s     0.30s 
timer:                       Fluctuation Matrix     0.04s     0.04s 
PNOPairs Memory Information
Total: 0.01697 GB 
PNO  : 0.00491 GB 
KPNO : 0.00511 GB 
W    : 0.00695 GB 

PNOPairs Memory Information
Total: 0.01697 GB 
PNO  : 0.00491 GB 
KPNO : 0.00511 GB 
W    : 0.00695 GB 

timer:                                 truncate     0.00s     0.00s 
timer:                             PNO Overlaps     0.03s     0.03s 
t_iter =  0  Hylleraas energy =  0.00000  ||R||_F =  0.24640  conv =  no
subspace solution [*]   1.00000000

t_iter =  1  Hylleraas energy =  -0.02620  ||R||_F =  0.00000  conv =  yes
=======================================================

Hylleraas MP2 Energies

=======================================================
    i    j      singlet      triplet        Total
=======================================================
    1    1  -1.30474e-02  0.00000e+00 -1.30474e-02
    2    1   0.00000e+00  0.00000e+00  0.00000e+00
    2    2  -1.31530e-02  0.00000e+00 -1.31530e-02
=======================================================
Hylleraas MP2 Energies (singlet): -2.62003e-02
Hylleraas MP2 Energies (triplet):  0.00000e+00
Hylleraas MP2 Energies (total)  : -2.62003e-02
=======================================================
-------------------------------------------
Total Reg Energy  =-2.62003e-02
Total F12 Energy  = 0.00000e+00
Sum Energies Total=-2.62003e-02
-------------------------------------------
timer:                         Solve Amplitudes     0.00s     0.00s 
pair11: density evals:
 [*]   0.00478768   0.00616547

pair22: density evals:
 [*]   0.00476581   0.00694260

timer:                            compress PNOs     0.00s     0.00s 
timer:                             MRA compress     0.00s     0.00s 
timer:                          Transform Pairs     0.02s     0.02s 
timer:                          PNO Compression     0.02s     0.02s 
Information About All Pairs:
mp2_pair11           number=0 rank=  2 frozen=false
mp2_pair21           number=1 rank=  0 frozen=true
mp2_pair22           number=2 rank=  2 frozen=false
number of pairs=3
average rank   =1 (1.33333e+00)
largest rank   =2
saving vector of functions mp2_pair11
saving vector of functions mp2_pair22
timer:                        save pnos on disc     0.11s     0.11s 
PNOPairs Memory Information
Total: 0.01697 GB 
PNO  : 0.00491 GB 
KPNO : 0.00511 GB 
W    : 0.00695 GB 

timer:                                 truncate     0.00s     0.00s 
timer:      compute densities for G application     0.00s     0.00s 
pair21 is frozen: no optimization
timer:                Prepare for G application     0.03s     0.03s 
timer:                                    add K     0.00s     0.00s 
size of all Vpsi potentials (without Vnuc and J) 0.00630 GB 
time=18.59780 chunk=4 Vpsi+Vnuc+J=0.01619 GB
time=18.60319 chunk=4 Vpsi+Vnuc+J=0.01595 GB (after truncation)
timer:                           Apply G to all     0.46s     0.46s 
timer:                       apply Q and update     0.00s     0.00s 
mp2_pair11 residual norms:
[0.03441, 0.04737]
mp2_pair11 scaled residual norms:
[0.00238, 0.00372]
mp2_pair22 residual norms:
[0.03361, 0.04952]
mp2_pair22 scaled residual norms:
[0.00232, 0.00413]
timer:                          update all PNOs     0.50s     0.50s 
frozen pair: no orthonormalization
timer:                                     RRCD     0.02s     0.02s 
timer:                             MRA compress     0.00s     0.00s 
timer:                          Transform Pairs     0.01s     0.01s 
saving vector of functions mp2_pair11
saving vector of functions mp2_pair22
timer:                        save pnos on disc     0.01s     0.01s 


No convergence yet. Energy change = 0.00138

timer:                        Whole Iteration 3     1.79s     1.79s 
Information About All Pairs:
mp2_pair11           number=0 rank=  2 frozen=false
mp2_pair21           number=1 rank=  0 frozen=true
mp2_pair22           number=2 rank=  2 frozen=false
number of pairs=3
average rank   =1 (1.33333)
largest rank   =2
PNOPairs Memory Information
Total: 0.00503 GB 
PNO  : 0.00503 GB 
KPNO : 0.00000 GB 
W    : 0.00000 GB 

timer:                                 truncate     0.00s     0.00s 
wall time=19.54255 chunk=4 allK.size()=4 memory=0.00511 GB
timer:                             compute KPNO     0.52s     0.52s 
wall time=19.55375 chunk=4 allJ.size()=4 memory=0.00556 GB
timer:                             compute JPNO     0.01s     0.01s 
timer:                    compute Fock matrices     0.18s     0.18s 
timer:                             MRA compress     0.00s     0.00s 
timer:                          Transform Pairs     0.01s     0.01s 
timer:                             Canonicalize     0.01s     0.01s 
PNOPairs Memory Information
Total: 0.01014 GB 
PNO  : 0.00503 GB 
KPNO : 0.00511 GB 
W    : 0.00000 GB 

timer:                                 truncate     0.00s     0.00s 
mp2_pair21 is frozen: potential not computed
timer:                   Fluctuation Potentials     0.33s     0.33s 
timer:                       Fluctuation Matrix     0.03s     0.03s 
PNOPairs Memory Information
Total: 0.01709 GB 
PNO  : 0.00503 GB 
KPNO : 0.00511 GB 
W    : 0.00695 GB 

PNOPairs Memory Information
Total: 0.01709 GB 
PNO  : 0.00503 GB 
KPNO : 0.00511 GB 
W    : 0.00695 GB 

timer:                                 truncate     0.00s     0.00s 
timer:                             PNO Overlaps     0.02s     0.02s 
t_iter =  0  Hylleraas energy =  0.00000  ||R||_F =  0.25263  conv =  no
subspace solution [*]   1.00000000

t_iter =  1  Hylleraas energy =  -0.02642  ||R||_F =  0.00000  conv =  yes
=======================================================

Hylleraas MP2 Energies

=======================================================
    i    j      singlet      triplet        Total
=======================================================
    1    1  -1.31486e-02  0.00000e+00 -1.31486e-02
    2    1   0.00000e+00  0.00000e+00  0.00000e+00
    2    2  -1.32665e-02  0.00000e+00 -1.32665e-02
=======================================================
Hylleraas MP2 Energies (singlet): -2.64151e-02
Hylleraas MP2 Energies (triplet):  0.00000e+00
Hylleraas MP2 Energies (total)  : -2.64151e-02
=======================================================
-------------------------------------------
Total Reg Energy  =-2.64151e-02
Total F12 Energy  = 0.00000e+00
Sum Energies Total=-2.64151e-02
-------------------------------------------
timer:                         Solve Amplitudes     0.00s     0.00s 
pair11: density evals:
 [*]   0.00465161   0.00592622

pair22: density evals:
 [*]   0.00463106   0.00671612

timer:                            compress PNOs     0.00s     0.00s 
timer:                             MRA compress     0.00s     0.00s 
timer:                          Transform Pairs     0.02s     0.02s 
timer:                          PNO Compression     0.02s     0.02s 
Information About All Pairs:
mp2_pair11           number=0 rank=  2 frozen=false
mp2_pair21           number=1 rank=  0 frozen=true
mp2_pair22           number=2 rank=  2 frozen=false
number of pairs=3
average rank   =1 (1.33333e+00)
largest rank   =2
saving vector of functions mp2_pair11
saving vector of functions mp2_pair22
timer:                        save pnos on disc     0.01s     0.01s 
PNOPairs Memory Information
Total: 0.01709 GB 
PNO  : 0.00503 GB 
KPNO : 0.00511 GB 
W    : 0.00695 GB 

timer:                                 truncate     0.00s     0.00s 
timer:      compute densities for G application     0.00s     0.00s 
pair21 is frozen: no optimization
timer:                Prepare for G application     0.03s     0.03s 
timer:                                    add K     0.01s     0.01s 
size of all Vpsi potentials (without Vnuc and J) 0.00630 GB 
time=20.30911 chunk=4 Vpsi+Vnuc+J=0.01640 GB
time=20.31436 chunk=4 Vpsi+Vnuc+J=0.01607 GB (after truncation)
timer:                           Apply G to all     0.46s     0.46s 
timer:                       apply Q and update     0.00s     0.00s 
mp2_pair11 residual norms:
[0.01256, 0.01960]
mp2_pair11 scaled residual norms:
[0.00086, 0.00151]
mp2_pair22 residual norms:
[0.01221, 0.02524]
mp2_pair22 scaled residual norms:
[0.00083, 0.00207]
timer:                          update all PNOs     0.49s     0.49s 
frozen pair: no orthonormalization
timer:                                     RRCD     0.01s     0.01s 
timer:                             MRA compress     0.00s     0.00s 
timer:                          Transform Pairs     0.00s     0.00s 
saving vector of functions mp2_pair11
saving vector of functions mp2_pair22
timer:                        save pnos on disc     0.01s     0.01s 


No convergence yet. Energy change = 0.00021

timer:                        Whole Iteration 4     1.69s     1.69s 
Information About All Pairs:
mp2_pair11           number=0 rank=  2 frozen=false
mp2_pair21           number=1 rank=  0 frozen=true
mp2_pair22           number=2 rank=  2 frozen=false
number of pairs=3
average rank   =1 (1.33333)
largest rank   =2
PNOPairs Memory Information
Total: 0.00515 GB 
PNO  : 0.00515 GB 
KPNO : 0.00000 GB 
W    : 0.00000 GB 

timer:                                 truncate     0.00s     0.00s 
wall time=21.23579 chunk=4 allK.size()=4 memory=0.00511 GB
timer:                             compute KPNO     0.52s     0.52s 
wall time=21.24741 chunk=4 allJ.size()=4 memory=0.00564 GB
timer:                             compute JPNO     0.01s     0.01s 
timer:                    compute Fock matrices     0.21s     0.21s 
timer:                             MRA compress     0.00s     0.00s 
timer:                          Transform Pairs     0.01s     0.01s 
timer:                             Canonicalize     0.01s     0.01s 
PNOPairs Memory Information
Total: 0.01026 GB 
PNO  : 0.00515 GB 
KPNO : 0.00511 GB 
W    : 0.00000 GB 

timer:                                 truncate     0.00s     0.00s 
mp2_pair21 is frozen: potential not computed
timer:                   Fluctuation Potentials     0.29s     0.29s 
timer:                       Fluctuation Matrix     0.03s     0.03s 
PNOPairs Memory Information
Total: 0.01721 GB 
PNO  : 0.00515 GB 
KPNO : 0.00511 GB 
W    : 0.00695 GB 

PNOPairs Memory Information
Total: 0.01721 GB 
PNO  : 0.00515 GB 
KPNO : 0.00511 GB 
W    : 0.00695 GB 

timer:                                 truncate     0.00s     0.00s 
timer:                             PNO Overlaps     0.02s     0.02s 
t_iter =  0  Hylleraas energy =  0.00000  ||R||_F =  0.25499  conv =  no
subspace solution [*]   1.00000000

t_iter =  1  Hylleraas energy =  -0.02646  ||R||_F =  0.00000  conv =  yes
=======================================================

Hylleraas MP2 Energies

=======================================================
    i    j      singlet      triplet        Total
=======================================================
    1    1  -1.31652e-02  0.00000e+00 -1.31652e-02
    2    1   0.00000e+00  0.00000e+00  0.00000e+00
    2    2  -1.32932e-02  0.00000e+00 -1.32932e-02
=======================================================
Hylleraas MP2 Energies (singlet): -2.64585e-02
Hylleraas MP2 Energies (triplet):  0.00000e+00
Hylleraas MP2 Energies (total)  : -2.64585e-02
=======================================================
-------------------------------------------
Total Reg Energy  =-2.64585e-02
Total F12 Energy  = 0.00000e+00
Sum Energies Total=-2.64585e-02
-------------------------------------------
timer:                         Solve Amplitudes     0.00s     0.00s 
pair11: density evals:
 [*]   0.00459465   0.00581736

pair22: density evals:
 [*]   0.00457527   0.00661237

timer:                            compress PNOs     0.00s     0.00s 
timer:                             MRA compress     0.00s     0.00s 
timer:                          Transform Pairs     0.02s     0.02s 
timer:                          PNO Compression     0.02s     0.02s 
Information About All Pairs:
mp2_pair11           number=0 rank=  2 frozen=false
mp2_pair21           number=1 rank=  0 frozen=true
mp2_pair22           number=2 rank=  2 frozen=false
number of pairs=3
average rank   =1 (1.33333e+00)
largest rank   =2
saving vector of functions mp2_pair11
saving vector of functions mp2_pair22
timer:                        save pnos on disc     0.01s     0.01s 
PNOPairs Memory Information
Total: 0.01721 GB 
PNO  : 0.00515 GB 
KPNO : 0.00511 GB 
W    : 0.00695 GB 

timer:                                 truncate     0.00s     0.00s 
timer:      compute densities for G application     0.00s     0.00s 
pair21 is frozen: no optimization
timer:                Prepare for G application     0.03s     0.03s 
timer:                                    add K     0.00s     0.00s 
size of all Vpsi potentials (without Vnuc and J) 0.00638 GB 
time=21.96984 chunk=4 Vpsi+Vnuc+J=0.01652 GB
time=21.97500 chunk=4 Vpsi+Vnuc+J=0.01619 GB (after truncation)
timer:                           Apply G to all     0.44s     0.44s 
timer:                       apply Q and update     0.00s     0.00s 
mp2_pair11 residual norms:
[0.00473, 0.00897]
mp2_pair11 scaled residual norms:
[0.00032, 0.00068]
mp2_pair22 residual norms:
[0.00460, 0.01658]
mp2_pair22 scaled residual norms:
[0.00031, 0.00135]
timer:                          update all PNOs     0.48s     0.48s 
frozen pair: no orthonormalization
timer:                                     RRCD     0.01s     0.01s 
timer:                             MRA compress     0.00s     0.00s 
timer:                          Transform Pairs     0.00s     0.00s 
saving vector of functions mp2_pair11
saving vector of functions mp2_pair22
timer:                        save pnos on disc     0.01s     0.01s 


CONVERGED!
energy change = 0.00004

re-entering loop to compute the correct amplitudes and energies
timer:                        Whole Iteration 5     1.66s     1.66s 
Information About All Pairs:
mp2_pair11           number=0 rank=  2 frozen=false
mp2_pair21           number=1 rank=  0 frozen=true
mp2_pair22           number=2 rank=  2 frozen=false
number of pairs=3
average rank   =1 (1.33333)
largest rank   =2
PNOPairs Memory Information
Total: 0.00515 GB 
PNO  : 0.00515 GB 
KPNO : 0.00000 GB 
W    : 0.00000 GB 

timer:                                 truncate     0.00s     0.00s 
wall time=22.86855 chunk=4 allK.size()=4 memory=0.00511 GB
timer:                             compute KPNO     0.50s     0.50s 
wall time=22.87869 chunk=4 allJ.size()=4 memory=0.00564 GB
timer:                             compute JPNO     0.01s     0.01s 
timer:                    compute Fock matrices     0.18s     0.18s 
timer:                             MRA compress     0.00s     0.00s 
timer:                          Transform Pairs     0.01s     0.01s 
timer:                             Canonicalize     0.01s     0.01s 
PNOPairs Memory Information
Total: 0.01026 GB 
PNO  : 0.00515 GB 
KPNO : 0.00511 GB 
W    : 0.00000 GB 

timer:                                 truncate     0.00s     0.00s 
mp2_pair21 is frozen: potential not computed
timer:                   Fluctuation Potentials     0.28s     0.28s 
timer:                       Fluctuation Matrix     0.03s     0.03s 
PNOPairs Memory Information
Total: 0.01721 GB 
PNO  : 0.00515 GB 
KPNO : 0.00511 GB 
W    : 0.00695 GB 

PNOPairs Memory Information
Total: 0.01721 GB 
PNO  : 0.00515 GB 
KPNO : 0.00511 GB 
W    : 0.00695 GB 

timer:                                 truncate     0.00s     0.00s 
timer:                             PNO Overlaps     0.02s     0.02s 
t_iter =  0  Hylleraas energy =  0.00000  ||R||_F =  0.25594  conv =  no
subspace solution [*]   1.00000000

t_iter =  1  Hylleraas energy =  -0.02647  ||R||_F =  0.00000  conv =  yes
=======================================================

Hylleraas MP2 Energies

=======================================================
    i    j      singlet      triplet        Total
=======================================================
    1    1  -1.31685e-02  0.00000e+00 -1.31685e-02
    2    1   0.00000e+00  0.00000e+00  0.00000e+00
    2    2  -1.33034e-02  0.00000e+00 -1.33034e-02
=======================================================
Hylleraas MP2 Energies (singlet): -2.64720e-02
Hylleraas MP2 Energies (triplet):  0.00000e+00
Hylleraas MP2 Energies (total)  : -2.64720e-02
=======================================================
-------------------------------------------
Total Reg Energy  =-2.64720e-02
Total F12 Energy  = 0.00000e+00
Sum Energies Total=-2.64720e-02
-------------------------------------------
timer:                         Solve Amplitudes     0.00s     0.00s 
pair11: density evals:
 [*]   0.00457176   0.00577095

pair22: density evals:
 [*]   0.00455292   0.00656875

timer:                            compress PNOs     0.00s     0.00s 
timer:                             MRA compress     0.00s     0.00s 
timer:                          Transform Pairs     0.02s     0.02s 
timer:                          PNO Compression     0.02s     0.02s 
Information About All Pairs:
mp2_pair11           number=0 rank=  2 frozen=false
mp2_pair21           number=1 rank=  0 frozen=true
mp2_pair22           number=2 rank=  2 frozen=false
number of pairs=3
average rank   =1 (1.33333e+00)
largest rank   =2
saving vector of functions mp2_pair11
saving vector of functions mp2_pair22
timer:                        save pnos on disc     0.01s     0.01s 
exiting: Iterations converged
PNO ranks:
PNO Rank for pair pair11 = 2
PNO Rank for pair pair21 = 0
PNO Rank for pair pair22 = 2
average rank 1.33333e+00
timer:                               PNO::solve    10.70s    10.70s 

--------------------------------
ITERATE-PAIRS-INTERNAL-ENDED
--------------------------------
mp2_pair21 converged!


Adaptive Sovler:
 Current Energy=-2.6471978131e-02
 DeltaE        =-2.6471978131e-02
 max dE (pair) =-1.3303435859e-02 (2)
 all_pairs_conv=false




not converged yet

freeze pair mp2_pair21 (not further optimized: Energy below 1.0000000000e-05)
Maximum Rank of2 reached for all non-frozen pairs, no need to iterate further=======================================================

Final MP2 Energies

=======================================================
    i    j      singlet      triplet        Total
=======================================================
    1    1  -1.31685e-02  0.00000e+00 -1.31685e-02
    2    1   0.00000e+00  0.00000e+00  0.00000e+00
    2    2  -1.33034e-02  0.00000e+00 -1.33034e-02
=======================================================
Final MP2 Energies (singlet): -2.64720e-02
Final MP2 Energies (triplet):  0.00000e+00
Final MP2 Energies (total)  : -2.64720e-02
=======================================================
-------------------------------------------
Total Reg Energy  =-2.64720e-02
Total F12 Energy  = 0.00000e+00
Sum Energies Total=-2.64720e-02
-------------------------------------------
Average | Max Rank: 1 | 2



--------------------------------------------------
MRA-PNO-MP2-F12 ended 
--------------------------------------------------
                 time scf = 1.15019e+01
               energy scf = -1.57666e+01
--------------------------------------------------
restarting PNO to reload pairs that converged before and were frozen
PNO Parameters
pno
       rank_increase  15         # default   maximum rank to increase in every macroiteration
               chunk  100        # default   chunk of functions operated on in parallel when G or K is applied (prevent memory shortage)
               debug  false      # default   debug mode
              freeze  1          # derived   frozen core approximation
             maxrank  2          # defined   maximal pno rank for all pairs
           guesstype  exop       # derived   the guesstype: exop (recommended, multiply polynomial excitation operators onto the occupied orbitals), empty (don't compute a guess), scf (use the ao basis from the SCF solver), partial_wave (create s,p,d ..., type functions and place on atoms), predefined (same as partial_wave but for predefined sets)
                exop  multipole  # derived   this string defines which excitation operators can be used, use 'dipole', 'dipole+', 'quadrupole', 'ocopole', or 'multipole', need to set guesstype to 'exop' which is the default
          exop_trigo  true       # default   use trigonometric excitation operators ( x --> sin(x)
        partial_wave             # default   atom centered partial wave guess of format like 'h-2s1p-o-3s2p1d', need to set guesstype to 'partial_wave' and adaptive_solver to 'none'
          predefined             # default   predefined partial wave guesses of type pvxz with x=d,t,q,5,6, need to set guesstype to 'predefined' and adaptive_solver to 'none'
           maxiter_t  100        # default   maximal number of iterations in the amplitude solver
       maxiter_micro  10         # default   Maximum of iterations for every cycle in the adaptive solver
       maxiter_macro  10         # default   Maximum of iterations of cycles in the adaptive solver
                tpno  1.0000e-08 # default   PNO cutoff threshold
          tpno_tight  1.0000e-10 # derived   PNO cutoff for the first iteration
    canonicalize_pno  true       # default   canonicalize the pnos before the amplitude solver
              thresh  1.0000e-04 # defined   MRA threshold
         econv_micro  1.0000e-04 # derived   Energy convergence for microiterations (Greens function based optimization) in adaptive solver
         econv_pairs  1.0000e-05 # derived   ENergy convergence for individual pairs in adaptive solver. Converged pairs are frozen automatically
         econv_macro  1.0000e-04 # derived   Energy convergence for macroiterations in adaptive solver, no effect if adaptive_solver is deactivated
               dconv  1.0000e-01 # default   convergence of every PNO in the Green's function solver
           op_thresh  1.0000e-06 # default   MRA operator thresh
             restart  all        # defined   restart pairs of this type, use 'mp2', 'cispd', 'all' or 'none'
          no_compute  none       # default   do not compute the pairs of this type, use 'mp2', 'cispd', 'all' or 'none'
              no_opt  all        # defined   do not optimize the pnos of this type, use 'mp2', 'cispd', 'all' or 'none'
            no_guess  all        # defined   guess for this type will be empty, use 'mp2', 'cispd', 'all' or 'none'
     adaptive_solver  none       # defined   Use adaptive solver for those pairs, use 'mp2', 'cispd', 'all' or 'none', works only in combination with guesstype 'exop'
                kain  true       # default   use KAIN solver in amplitude solver
       kain_subspace  5          # default   subspace size of the KAIN solver (amplitudes)
                 f12  false      # defined   use explicit correlation
        cispd_number  -1         # default   CIS(D) excitation numbers, to read in correct functions
        cispd_energy  0.0000e+00 # default   CIS energy
        freeze_pairs  none       # default   frozen pairs will not be optimized: Expected format 'a b c d' will freeze pairs ab and cd
freeze_pairs_of_orbital  []         # default    All pairs which originate from this orbital will not be optimized
active_pairs_of_orbital  []         # default    All pairs which originate from this orbital will not be frozen all other pairs will, if this vector is not empty
no_opt_in_first_iteration  false      # default   Do not optimize in the first iteration (then the potentials do not have to be evaluated, use this for large guesses)
            exchange  full       # default   approximate exchange with 'neglect' or xc functional -> same syntax as moldft
           save_pnos  true       # default   Save the OBS-PNOs to a file, before and after orthonormalization.
            diagonal  true       # defined   Compute only diagonal PNOs

end

**********************
Solve PNO-MP2
*********************


**********************
Iterate Pairs
*********************


************************
Standard Solver
***********************

Initializing Pairs:
Restart demanded for mp2 pairs
loading vector of functions mp2_pair11
Found PNOs for mp2_pair11 with rank 2
loading vector of functions mp2_pair21
failed to find PNO mp2_pair21 initialize as zero function
nloading vector of functions mp2_pair22
Found PNOs for mp2_pair22 with rank 2
no guess was explicitly demanded for mp2

timer:                                     RRCD     0.02s     0.02s 
timer:                             MRA compress     0.00s     0.00s 
timer:                          Transform Pairs     0.01s     0.01s 
timer:          apply Q and orthonormalize PNOs     0.06s     0.06s 
Created Guess:
pair11 with 2 guess functions
pair21 with 0 guess functions
pair22 with 2 guess functions
guess pair11 size: 2.5759935379e-03 | 2.5759935379e-03 Gbyte (after truncation)
guess pair22 size: 2.5759935379e-03 | 2.5759935379e-03 Gbyte (after truncation)
timer:                           truncate guess     0.00s     0.00s 
timer:                         Initialize Pairs     0.07s     0.07s 
Information About All Pairs:
mp2_pair11           number=0 rank=  2 frozen=false
mp2_pair21           number=1 rank=  0 frozen=true
mp2_pair22           number=2 rank=  2 frozen=false
number of pairs=3
average rank   =1 (1.3333333333e+00)
largest rank   =2
SolveInternal: Parameters are assigned as
no_compute        = false
no_opt            = true
restart           = true
do_cispd          = false
econv             =1.0000000000e-04
maxrank (min,max) = (2,2)
Solving MP2 doubles
timer:          fock matrix     0.40s     0.40s
Information About All Pairs:
mp2_pair11           number=0 rank=  2 frozen=false
mp2_pair21           number=1 rank=  0 frozen=true
mp2_pair22           number=2 rank=  2 frozen=false
number of pairs=3
average rank   =1 (1.3333333333e+00)
largest rank   =2
PNOPairs Memory Information
Total: 0.0051519871 GB 
PNO  : 0.0051519871 GB 
KPNO : 0.0000000000 GB 
W    : 0.0000000000 GB 

timer:                                 truncate     0.00s     0.00s 
wall time=24.4285590649 chunk=4 allK.size()=4 memory=0.0051110983 GB
timer:                             compute KPNO     0.49s     0.49s 
wall time=24.4387500286 chunk=4 allJ.size()=4 memory=0.0056426525 GB
timer:                             compute JPNO     0.01s     0.01s 
timer:                    compute Fock matrices     0.19s     0.19s 
timer:                             MRA compress     0.00s     0.00s 
timer:                          Transform Pairs     0.01s     0.01s 
timer:                             Canonicalize     0.01s     0.01s 
PNOPairs Memory Information
Total: 0.0102630854 GB 
PNO  : 0.0051519871 GB 
KPNO : 0.0051110983 GB 
W    : 0.0000000000 GB 

timer:                                 truncate     0.00s     0.00s 
mp2_pair21 is frozen: potential not computed
timer:                   Fluctuation Potentials     0.29s     0.29s 
timer:                       Fluctuation Matrix     0.03s     0.03s 
PNOPairs Memory Information
Total: 0.0172141790 GB 
PNO  : 0.0051519871 GB 
KPNO : 0.0051110983 GB 
W    : 0.0069510937 GB 

PNOPairs Memory Information
Total: 0.0172141790 GB 
PNO  : 0.0051519871 GB 
KPNO : 0.0051110983 GB 
W    : 0.0069510937 GB 

timer:                                 truncate     0.00s     0.00s 
timer:                             PNO Overlaps     0.02s     0.02s 
t_iter =  0  Hylleraas energy =  0.0000000000  ||R||_F =  0.2559392218  conv =  no
subspace solution [*]   1.00000000

t_iter =  1  Hylleraas energy =  -0.0264720014  ||R||_F =  0.0000000000  conv =  yes
=======================================================

Hylleraas MP2 Energies

=======================================================
    i    j      singlet      triplet        Total
=======================================================
    1    1  -1.31685e-02  0.00000e+00 -1.31685e-02
    2    1   0.00000e+00  0.00000e+00  0.00000e+00
    2    2  -1.33035e-02  0.00000e+00 -1.33035e-02
=======================================================
Hylleraas MP2 Energies (singlet): -2.64720e-02
Hylleraas MP2 Energies (triplet):  0.00000e+00
Hylleraas MP2 Energies (total)  : -2.64720e-02
=======================================================
-------------------------------------------
Total Reg Energy  =-2.64720e-02
Total F12 Energy  = 0.00000e+00
Sum Energies Total=-2.64720e-02
-------------------------------------------
timer:                         Solve Amplitudes     0.00s     0.00s 
No optimization untill now: Compressing pno ranks with tighter threshold
1.00000e-10 instead of 1.00000e-08
pair11: density evals:
 [*]   0.00457176   0.00577095

pair22: density evals:
 [*]   0.00455292   0.00656877

timer:                            compress PNOs     0.00s     0.00s 
timer:                             MRA compress     0.00s     0.00s 
timer:                          Transform Pairs     0.02s     0.02s 
timer:                          PNO Compression     0.02s     0.02s 
Information About All Pairs:
mp2_pair11           number=0 rank=  2 frozen=false
mp2_pair21           number=1 rank=  0 frozen=true
mp2_pair22           number=2 rank=  2 frozen=false
number of pairs=3
average rank   =1 (1.33333e+00)
largest rank   =2
saving vector of functions mp2_pair11
saving vector of functions mp2_pair22
timer:                        save pnos on disc     0.01s     0.01s 
exiting: Found no_opt keyword
PNO ranks:
PNO Rank for pair pair11 = 2
PNO Rank for pair pair21 = 0
PNO Rank for pair pair22 = 2
average rank 1.33333e+00
timer:                               PNO::solve     1.50s     1.50s 

--------------------------------
ITERATE-PAIRS-INTERNAL-ENDED
--------------------------------
=======================================================

Final MP2 Energies

=======================================================
    i    j      singlet      triplet        Total
=======================================================
    1    1  -1.31685e-02  0.00000e+00 -1.31685e-02
    2    1   0.00000e+00  0.00000e+00  0.00000e+00
    2    2  -1.33035e-02  0.00000e+00 -1.33035e-02
=======================================================
Final MP2 Energies (singlet): -2.64720e-02
Final MP2 Energies (triplet):  0.00000e+00
Final MP2 Energies (total)  : -2.64720e-02
=======================================================
-------------------------------------------
Total Reg Energy  =-2.64720e-02
Total F12 Energy  = 0.00000e+00
Sum Energies Total=-2.64720e-02
-------------------------------------------
Average | Max Rank: 1 | 2
                 time pno = 1.17049e+01
               energy mp2 = -2.64720e-02
     average pno rank mp2 = 1
         max pno rank mp2 = 2
--------------------------------------------------
            energy(total) = -1.57931e+01
--------------------------------------------------



Orthonormalization technique used: symmetric
No CABS used.
Tightening thresholds to +0.00010000 for post-processing
adding pair11
skipping pair (not diagonal) pair21
adding pair22
Overlap Matrix of all PNOs:
+1.00000282 -0.28295529 
-0.28295529 +0.99999610 
Before cherry pick
rank is +0
all used occupation numbers:
[+0.00656877 +0.00577095 ]
corresponding to active pairs:
[(1,1) (0,0) ]
After cherry pick
all used occupation numbers:
[+0.00656877 +0.00577095 ]
corresponding to active pairs:
[(1,1) (0,0) ]
Overlap Matrix before symmetric
[+0,*]  +1.00000282  -0.28295529
[+1,*]  -0.28295529  +0.99999610
Overlap Matrix after symmetric
[+0,*]  +1.00000000  -0.00000001
[+1,*]  -0.00000001  +1.00000000
Adding 3 HF orbitals
Size before adding CABS: 5.
Size after adding CABS: 5.
Compute G and F Tensor:
Assemble g,f using symmetries...
non zero elements:
 g : +1185
 h : +25
Overlap over whole basis
[+0,*]  +1.00000000  +0.00000020  -0.00000004  -0.00000904  -0.00001744
[+1,*]  +0.00000020  +1.00000000  +0.00000001  +0.00000205  +0.00000401
[+2,*]  -0.00000004  +0.00000001  +1.00000000  +0.00000173  +0.00000331
[+3,*]  -0.00000904  +0.00000205  +0.00000173  +1.00000000  -0.00000001
[+4,*]  -0.00001744  +0.00000401  +0.00000331  -0.00000001  +1.00000000

||S-1||=+0.00002899
finished at time 27.9

    Parallel environment
    --------------------
                  #nodes    1
       #threads per node    11+main = 12
          #total threads    12

  RMI message statistics (min / avg / max)
  ----------------------
   #messages in server q    0.00e+00 / 0.00e+00 / 0.00e+00
 #messages sent per node    0.00e+00 / 0.00e+00 / 0.00e+00
    #bytes sent per node    0.00e+00 / 0.00e+00 / 0.00e+00
 #messages recv per node    0.00e+00 / 0.00e+00 / 0.00e+00
    #bytes recv per node    0.00e+00 / 0.00e+00 / 0.00e+00
        #msgs systemwide    0.00e+00
       #bytes systemwide    0.00e+00

  Thread pool statistics (min / avg / max)
  ----------------------
         #tasks per node    8.83e+06 / 8.83e+06 / 8.83e+06
     #max q len per node    3.81e+03 / 3.81e+03 / 3.81e+03
  #hi-pri tasks per node    2.95e+06 / 2.95e+06 / 2.95e+06

         Total wall time    27.9s
         Total  cpu time    27.9s

