MADNESS runtime initialized with 11 threads in the pool and affinity -1 -1 -1
starting at time 0.0

--------------------------------------------
   MADNESS 0.10.1 multiresolution suite
--------------------------------------------

   number of processors ... 1
    processor frequency ... 3.695852e+09
            host system ... Linux
          configured by ... kottmann
          configured on ... wittgenstein
          configured at ... 2021-02-10T21:25:26
                    CXX ... /usr/bin/c++
               CXXFLAGS ... -O3 -DNDEBUG -I/h/28/kottmann/install/numcpp/include/ -I/h/28/kottmann/install/boost/boost_1_72_0/include/ -std=c++1z
             tuning for ... default
                    MPI ... multiple
 multi-threaded runtime ... MADNESS ThreadPool
                   BLAS ... Intel MKL 4898 4898 MFLOP/s
               compiled ... 13:08:26  on  Feb 23 2021


-------------------------------------------------------------------------------------
SOLVING MRA-PNO-F12 as described in 
J.S. Kottmann, F.A. Bischoff, E.F. Valeev
Direct determination of optimal pair-natural orbitals in a real-space representation:
the second-order Møller-Plesset energy
Journal of Chemical Physics ... 2020
-------------------------------------------------------------------------------------


This script will run PNO-MP2 and print out tensors in binary
Call as: pno_integrals inputfileinput is input
ignoring unknown parameter in input file:  ncf

Angstrom being used to read input coordinates (1 Bohr = 1.88972613 Angstrom)


Asymptotic correction parameters
---------------------------------------
Atom vector is not empty: false
Using multipole approximation: false
Number of electrons = -1
Ionisation energy = 0.000000e+00
E(HOMO) = 0.000000e+00
R1 = 3.000000e+00
R2 = 4.000000e+00
DFT coefficient = 0.000000e+00
Interpolation scheme = linear
constructed symmetry operator for point group C1
dft
              charge  0.0000e+00 # defined   total molecular charge
                  xc  hf         # defined   XC input line
               smear  0.0000e+00 # default   smearing parameter
               econv  1.0000e-04 # defined   energy convergence
               dconv  5.0000e-04 # defined   density convergence
convergence_criteria  [bsh_residual, total_energy] # default   possible values are: bsh_residual, total_energy, each_energy, density
                   k  7          # defined   polynomial order
                   l  5.4567e+01 # derived   user coordinates box size
               deriv  abgv       # default   derivative method                            [abgv, bspline, ble]
           dft_deriv  abgv       # default   derivative method for gga potentials         [abgv, bspline, ble]
             maxrotn  2.5000e-01 # default   step restriction used in autoshift algorithm
             nvalpha  0          # default   number of alpha virtuals to compute
              nvbeta  0          # default   number of beta virtuals to compute
               nopen  0          # default   number of unpaired electrons = nalpha-nbeta
             maxiter  25         # default   maximum number of iterations
                 nio  1          # default   no. of io servers to use
     spin_restricted  true       # default   true if spin restricted
              plotlo  0          # default   range of MOs to print (for both spins if polarized
              plothi  -1         # default   range of MOs to print (for both spins if polarized
            plotdens  false      # default   If true print the density at convergence
            plotcoul  false      # default   If true plot the total coulomb potential at convergence
            localize  boys       # defined   localization method                          [pm, boys, new, canon]
          pointgroup  c1         # derived   use point (sub) group symmetry if not localized[c1, c2, ci, cs, c2v, c2h, d2, d2h]
             restart  false      # default   if true restart from orbitals on disk
           restartao  false      # default   if true restart from orbitals projected into AO basis (STO3G) on disk
          no_compute  false      # default   if true use orbitals on disk, set value to computed
           no_orient  false      # default   if true the molecule coordinates will not be reoriented
                save  true       # default   if true save orbitals to disk
              maxsub  10         # default   size of iterative subspace ... set to 0 or 1 to disable
        orbitalshift  0.0000e+00 # default   scf orbital shift: shift the occ orbitals to lower energies
            npt_plot  101        # default   no. of points to use in each dim for plots
           plot_cell  []         # default   lo hi in each dimension for plotting (default is all space)
             aobasis  6-31g      # derived   AO basis used for initial guess (6-31g or sto-3g)
           core_type  none       # default   core potential type                          [none, mpc]
         derivatives  false      # default   if true calculate nuclear derivatives
              dipole  false      # default   if true calculate dipole moment
      conv_only_dens  false      # default   if true remove bsh_residual from convergence criteria (deprecated)
            psp_calc  false      # default   pseudopotential calculation for all atoms
 print_dipole_matels  false      # default   if true output dipole matrix elements
            pcm_data  none       # default   do a PCM (solvent) calculation
             ac_data  none       # default   do a calculation with asymptotic correction (see ACParameters class in chem/AC.h for details)
             pure_ae  true       # default   pure all electron calculation with no pseudo-atoms
         print_level  3          # default   0: no output; 1: final energy; 2: iterations; 3: timings; 10: debug
              nalpha  3          # derived   number of alpha spin electrons
               nbeta  3          # derived   number of beta  spin electrons
           nmo_alpha  3          # derived   number of alpha spin molecular orbitals
            nmo_beta  3          # derived   number of beta spin molecular orbitals
                  lo  9.0905e-04 # derived   smallest length scale we need to resolve
            protocol  [1.0000e-04, 1.0000e-06] # derived   calculation protocol
                gopt  false      # default   geometry optimizer
                gtol  1.0000e-04 # default   geometry tolerance
               gtest  false      # default   geometry tolerance
                gval  1.0000e-05 # default   value precision
               gprec  1.0000e-04 # default   gradient precision
            gmaxiter  20         # default   optimization maxiter
    ginitial_hessian  false      # default   compute inital hessian for optimization
              algopt  bfgs       # default   algorithm used for optimization              [bfgs, cg]
            tdksprop  false      # default   time-dependent Kohn-Sham equation propagate
           nv_factor  1          # default   factor to multiply number of virtual orbitals with when automatically decreasing nvirt
           vnucextra  2          # default   load balance parameter for nuclear pot
        loadbalparts  2          # default   ??
            response  false      # default   response function calculation
       response_freq  0.0000e+00 # default   frequency for calculation response function
       response_axis  [1, 1, 1]  # default   response axis
           nonrotate  false      # default   if true do not molcule orient (redundant with no_orient
               rconv  1.0000e-06 # default   Response convergence
              efield  0.0000e+00 # default   eps for finite field
         efield_axis  0          # default   finite field axis                            [0, 1, 2]
              nwfile  none       # default   Base name of nwchem output files (.out and .movecs extensions) to read from
                 ncf  (none,1.0000e+00) # defined   nuclear correlation factor
             hessian  false      # default   compute the hessian matrix
           read_cphf  false      # default   read the converged orbital response for nuclear displacements from file
        restart_cphf  false      # default   read the guess orbital response for nuclear displacements from file
      purify_hessian  false      # default   symmetrize the hessian matrix based on atomic charges

end
              charge  0.0000e+00 # defined   total molecular charge
                  xc  hf         # defined   XC input line
               smear  0.0000e+00 # default   smearing parameter
               econv  1.0000e-04 # defined   energy convergence
               dconv  5.0000e-04 # defined   density convergence
convergence_criteria  [bsh_residual, total_energy] # default   possible values are: bsh_residual, total_energy, each_energy, density
                   k  7          # defined   polynomial order
                   l  5.4567e+01 # derived   user coordinates box size
               deriv  abgv       # default   derivative method                            [abgv, bspline, ble]
           dft_deriv  abgv       # default   derivative method for gga potentials         [abgv, bspline, ble]
             maxrotn  2.5000e-01 # default   step restriction used in autoshift algorithm
             nvalpha  0          # default   number of alpha virtuals to compute
              nvbeta  0          # default   number of beta virtuals to compute
               nopen  0          # default   number of unpaired electrons = nalpha-nbeta
             maxiter  25         # default   maximum number of iterations
                 nio  1          # default   no. of io servers to use
     spin_restricted  true       # default   true if spin restricted
              plotlo  0          # default   range of MOs to print (for both spins if polarized
              plothi  -1         # default   range of MOs to print (for both spins if polarized
            plotdens  false      # default   If true print the density at convergence
            plotcoul  false      # default   If true plot the total coulomb potential at convergence
            localize  boys       # defined   localization method                          [pm, boys, new, canon]
          pointgroup  c1         # derived   use point (sub) group symmetry if not localized[c1, c2, ci, cs, c2v, c2h, d2, d2h]
             restart  false      # default   if true restart from orbitals on disk
           restartao  false      # default   if true restart from orbitals projected into AO basis (STO3G) on disk
          no_compute  false      # default   if true use orbitals on disk, set value to computed
           no_orient  false      # default   if true the molecule coordinates will not be reoriented
                save  true       # default   if true save orbitals to disk
              maxsub  10         # default   size of iterative subspace ... set to 0 or 1 to disable
        orbitalshift  0.0000e+00 # default   scf orbital shift: shift the occ orbitals to lower energies
            npt_plot  101        # default   no. of points to use in each dim for plots
           plot_cell  []         # default   lo hi in each dimension for plotting (default is all space)
             aobasis  6-31g      # derived   AO basis used for initial guess (6-31g or sto-3g)
           core_type  none       # default   core potential type                          [none, mpc]
         derivatives  false      # default   if true calculate nuclear derivatives
              dipole  false      # default   if true calculate dipole moment
      conv_only_dens  false      # default   if true remove bsh_residual from convergence criteria (deprecated)
            psp_calc  false      # default   pseudopotential calculation for all atoms
 print_dipole_matels  false      # default   if true output dipole matrix elements
            pcm_data  none       # default   do a PCM (solvent) calculation
             ac_data  none       # default   do a calculation with asymptotic correction (see ACParameters class in chem/AC.h for details)
             pure_ae  true       # default   pure all electron calculation with no pseudo-atoms
         print_level  3          # default   0: no output; 1: final energy; 2: iterations; 3: timings; 10: debug
              nalpha  3          # derived   number of alpha spin electrons
               nbeta  3          # derived   number of beta  spin electrons
           nmo_alpha  3          # derived   number of alpha spin molecular orbitals
            nmo_beta  3          # derived   number of beta spin molecular orbitals
                  lo  9.0905e-04 # derived   smallest length scale we need to resolve
            protocol  [1.0000e-04, 1.0000e-06] # derived   calculation protocol
                gopt  false      # default   geometry optimizer
                gtol  1.0000e-04 # default   geometry tolerance
               gtest  false      # default   geometry tolerance
                gval  1.0000e-05 # default   value precision
               gprec  1.0000e-04 # default   gradient precision
            gmaxiter  20         # default   optimization maxiter
    ginitial_hessian  false      # default   compute inital hessian for optimization
              algopt  bfgs       # default   algorithm used for optimization              [bfgs, cg]
            tdksprop  false      # default   time-dependent Kohn-Sham equation propagate
           nv_factor  1          # default   factor to multiply number of virtual orbitals with when automatically decreasing nvirt
           vnucextra  2          # default   load balance parameter for nuclear pot
        loadbalparts  2          # default   ??
            response  false      # default   response function calculation
       response_freq  0.0000e+00 # default   frequency for calculation response function
       response_axis  [1, 1, 1]  # default   response axis
           nonrotate  false      # default   if true do not molcule orient (redundant with no_orient
               rconv  1.0000e-06 # default   Response convergence
              efield  0.0000e+00 # default   eps for finite field
         efield_axis  0          # default   finite field axis                            [0, 1, 2]
              nwfile  none       # default   Base name of nwchem output files (.out and .movecs extensions) to read from



 geometry
   eprec 1.0e-06
   units atomic
   Be            0.00000000           0.00000000           0.15747718
   H             0.00000000           0.00000000           3.93692944
   H             0.00000000           0.00000000          -4.56683815
 end

Solving NDIM= 3  with thresh 1.000000e-04     k 7    conv 5.000000e-04 

timer:     Project vnuclear     0.64s     0.64s
constructed nuclear correlation factor of the form
    R   =  1.000000e+00
with eprec  1.000000e-06
which means it's (nearly) a conventional calculation

timer:        reproject ncf     1.84s     1.84s
timer:        guess density     0.47s     0.47s
timer:   guess Coulomb potn     0.51s     0.51s
timer:       guess lda potn     0.27s     0.27s
timer:        guess overlap     0.03s     0.03s
timer:    KEmat reconstruct     0.06s     0.06s
timer:  KEmat differentiate     0.31s     0.31s
timer:       KEmat compress     0.12s     0.12s
timer: KEmat inner products     0.39s     0.39s
timer:     guess Kinet potn     0.87s     0.87s
timer:           guess fock     0.63s     0.63s
timer:      guess eigen sol     0.03s     0.03s
timer: guess orbital groupi     0.16s     0.16s

starting protocol at time      7.9s 
precision steps  1.000000e-04  -->  1.000000e-04
protocol: thresh 1.000000e-04 econv  1.000000e-04 dconv 5.000000e-04

ending protocol at time      7.9s 

Solving NDIM= 3  with thresh 1.000000e-04     k 7    conv 5.000000e-04 

timer:        Boys localize     1.07s     1.07s
orbital irreps []
timer:      reconstruct psi     0.18s     0.18s
timer:        compute Jnemo     0.71s     0.71s
timer:        compute Knemo     1.89s     1.89s
timer: compute Unemo 0.0155     0.26s     0.26s

  nuclear and kinetic     -23.84261295
         kinetic only      15.13196376
              coulomb       9.48987437
             exchange      -3.21741979
    nuclear-repulsion       2.02263289
   regularized energy     -15.54752548
  buggy if hybrid functionals are used..
timer:       compute energy     3.54s     3.54s
Norm of vector changes ab spin case : rms 6.883579e-02    max 1.029636e-01
convergence: bshresidual, energy change, max energy change, density change 7.6e-02 1.6e+01 1.6e+01 1.4e+00
finished iteration  0 at time     21.0s with energy  -15.54752548
timer:        Boys localize     1.00s     1.00s
orbital irreps []
timer:      reconstruct psi     0.15s     0.15s
timer:        compute Jnemo     0.72s     0.72s
timer:        compute Knemo     2.16s     2.16s
timer: compute Unemo 0.0154     0.23s     0.23s

  nuclear and kinetic     -23.93291573
         kinetic only      15.07942229
              coulomb       9.50724017
             exchange      -3.18057726
    nuclear-repulsion       2.02263289
   regularized energy     -15.58361993
  buggy if hybrid functionals are used..
timer:       compute energy     3.62s     3.62s
Norm of vector changes ab spin case : rms 3.166448e-02    max 4.563293e-02
convergence: bshresidual, energy change, max energy change, density change 2.3e-02 3.6e-02 9.0e-02 1.3e-02
finished iteration  1 at time     34.1s with energy  -15.58361993
timer:        Boys localize     0.88s     0.88s
orbital irreps []
timer:      reconstruct psi     0.16s     0.16s
timer:        compute Jnemo     0.64s     0.64s
timer:        compute Knemo     2.20s     2.20s
timer: compute Unemo 0.0154     0.21s     0.21s

  nuclear and kinetic     -23.98614244
         kinetic only      15.07265712
              coulomb       9.54136030
             exchange      -3.16660820
    nuclear-repulsion       2.02263289
   regularized energy     -15.58875745
  buggy if hybrid functionals are used..
timer:       compute energy     3.98s     3.98s
Norm of vector changes ab spin case : rms 9.082364e-03    max 1.355300e-02
convergence: bshresidual, energy change, max energy change, density change 5.0e-03 5.1e-03 5.3e-02 3.8e-03
finished iteration  2 at time     47.5s with energy  -15.58875745
timer:        Boys localize     0.86s     0.86s
orbital irreps []
timer:      reconstruct psi     0.21s     0.21s
timer:        compute Jnemo     0.78s     0.78s
timer:        compute Knemo     1.98s     1.98s
timer: compute Unemo 0.0154     0.20s     0.20s

  nuclear and kinetic     -24.00814251
         kinetic only      15.07038873
              coulomb       9.55944285
             exchange      -3.16321018
    nuclear-repulsion       2.02263289
   regularized energy     -15.58927695
  buggy if hybrid functionals are used..
timer:       compute energy     3.55s     3.55s
Norm of vector changes ab spin case : rms 4.300051e-03    max 6.055858e-03
convergence: bshresidual, energy change, max energy change, density change 1.9e-03 5.2e-04 2.2e-02 9.7e-04
finished iteration  3 at time     60.9s with energy  -15.58927695
timer:        Boys localize     1.00s     1.00s
orbital irreps []
timer:      reconstruct psi     0.15s     0.15s
timer:        compute Jnemo     0.50s     0.50s
timer:        compute Knemo     2.10s     2.10s
timer: compute Unemo 0.0154     0.23s     0.23s

  nuclear and kinetic     -24.01550875
         kinetic only      15.06921327
              coulomb       9.56626731
             exchange      -3.16275236
    nuclear-repulsion       2.02263289
   regularized energy     -15.58936091
  buggy if hybrid functionals are used..
timer:       compute energy     3.80s     3.80s
Norm of vector changes ab spin case : rms 1.753380e-03    max 2.514570e-03
convergence: bshresidual, energy change, max energy change, density change 7.6e-04 8.4e-05 7.4e-03 4.3e-04
finished iteration  4 at time     74.3s with energy  -15.58936091
timer:        Boys localize     1.05s     1.05s
orbital irreps []
timer:      reconstruct psi     0.12s     0.12s
timer:        compute Jnemo     0.62s     0.62s
timer:        compute Knemo     2.09s     2.09s
timer: compute Unemo 0.0154     0.18s     0.18s

  nuclear and kinetic     -24.01541403
         kinetic only      15.06873380
              coulomb       9.56650634
             exchange      -3.16309848
    nuclear-repulsion       2.02263289
   regularized energy     -15.58937329
  buggy if hybrid functionals are used..
timer:       compute energy     3.54s     3.54s
Norm of vector changes ab spin case : rms 8.138105e-04    max 1.127111e-03
convergence: bshresidual, energy change, max energy change, density change 3.4e-04 1.2e-05 4.8e-04 1.5e-04
finished iteration  5 at time     88.0s with energy  -15.58937329

Iterations converged


ending protocol at time     88.0s 

 Dipole Moment (a.u.)
 -----------

     x:  4.219260e-15
     y:  -6.810951e-14
     z:  4.665461e-01
 Total Dipole Moment:  4.665461e-01 

timer:               dipole     0.09s     0.09s
Nemo Orbital Energies: [*]  -4.83883684  -0.41464942  -0.35081290

nemo energy:  -1.558937e+01
 at time 88.5
PNO Integrals evaluated as:
pnoint
       rank_increase  15         # default   maximum rank to increase in every macroiteration
               chunk  100        # default   chunk of functions operated on in parallel when G or K is applied (prevent memory shortage)
               debug  false      # default   debug mode
              freeze  1          # derived   frozen core approximation
             maxrank  4          # defined   maximal pno rank for all pairs
           guesstype  exop       # derived   the guesstype: exop (recommended, multiply polynomial excitation operators onto the occupied orbitals), empty (don't compute a guess), scf (use the ao basis from the SCF solver), partial_wave (create s,p,d ..., type functions and place on atoms), predefined (same as partial_wave but for predefined sets)
                exop  multipole  # derived   this string defines which excitation operators can be used, use 'dipole', 'dipole+', 'quadrupole', 'ocopole', or 'multipole', need to set guesstype to 'exop' which is the default
          exop_trigo  true       # default   use trigonometric excitation operators ( x --> sin(x)
        partial_wave             # default   atom centered partial wave guess of format like 'h-2s1p-o-3s2p1d', need to set guesstype to 'partial_wave' and adaptive_solver to 'none'
          predefined             # default   predefined partial wave guesses of type pvxz with x=d,t,q,5,6, need to set guesstype to 'predefined' and adaptive_solver to 'none'
           maxiter_t  100        # default   maximal number of iterations in the amplitude solver
       maxiter_micro  10         # default   Maximum of iterations for every cycle in the adaptive solver
       maxiter_macro  10         # default   Maximum of iterations of cycles in the adaptive solver
                tpno  1.0000e-08 # default   PNO cutoff threshold
          tpno_tight  1.0000e-10 # derived   PNO cutoff for the first iteration
    canonicalize_pno  true       # default   canonicalize the pnos before the amplitude solver
              thresh  1.0000e-04 # defined   MRA threshold
         econv_micro  1.0000e-04 # derived   Energy convergence for microiterations (Greens function based optimization) in adaptive solver
         econv_pairs  1.0000e-05 # derived   ENergy convergence for individual pairs in adaptive solver. Converged pairs are frozen automatically
         econv_macro  1.0000e-04 # derived   Energy convergence for macroiterations in adaptive solver, no effect if adaptive_solver is deactivated
               dconv  1.0000e-01 # default   convergence of every PNO in the Green's function solver
           op_thresh  1.0000e-06 # default   MRA operator thresh
             restart  none       # derived   restart pairs of this type, use 'mp2', 'cispd', 'all' or 'none'
          no_compute  none       # default   do not compute the pairs of this type, use 'mp2', 'cispd', 'all' or 'none'
              no_opt  none       # default   do not optimize the pnos of this type, use 'mp2', 'cispd', 'all' or 'none'
            no_guess  none       # derived   guess for this type will be empty, use 'mp2', 'cispd', 'all' or 'none'
     adaptive_solver  all        # default   Use adaptive solver for those pairs, use 'mp2', 'cispd', 'all' or 'none', works only in combination with guesstype 'exop'
                kain  true       # default   use KAIN solver in amplitude solver
       kain_subspace  5          # default   subspace size of the KAIN solver (amplitudes)
                 f12  false      # defined   use explicit correlation
        cispd_number  -1         # default   CIS(D) excitation numbers, to read in correct functions
        cispd_energy  0.0000e+00 # default   CIS energy
        freeze_pairs  none       # default   frozen pairs will not be optimized: Expected format 'a b c d' will freeze pairs ab and cd
freeze_pairs_of_orbital  []         # default    All pairs which originate from this orbital will not be optimized
active_pairs_of_orbital  []         # default    All pairs which originate from this orbital will not be frozen all other pairs will, if this vector is not empty
no_opt_in_first_iteration  false      # default   Do not optimize in the first iteration (then the potentials do not have to be evaluated, use this for large guesses)
            exchange  full       # default   approximate exchange with 'neglect' or xc functional -> same syntax as moldft
           save_pnos  true       # default   Save the OBS-PNOs to a file, before and after orthonormalization.
            diagonal  true       # defined   Compute only diagonal PNOs
              orthog  symmetric  # defined   orthogonalization method for PNO basis, also current default for a potential CABS. options: symmetric, canonical, cholesky, rr_cholesky,
         orthog_cabs  default    # default   orthogonalization method for CABS basis. options: symmetric, canonical, cholesky, rr_cholesky, uses same as orbitals basis if default.
               n_pno  8          # defined   desired size of PNO-basis (orbital space)
         cabs_option  none       # default   type of complementary auxiliary basis to be used. can be none ~ no CABS, gbs ~ Gaussian basis set as CABS, requires input via auxbas_file, pno ~ use superfluous PNOs as CABS, mixed ~ gbs&pno-option
       pno_cabs_size  -1         # default   size of a potential pno-cabs. defaults to -1 ~ all remaining PNOs, if pno-cabs or mixed-cabs
           only_diag  false      # default   use only diagonal elements PNOs
         cherry_pick  []         # default   cherry pick option to choose particular set of PNOs, not just blindly by occupation number. can be useful, if only a restricted number of PNOs can be used, to avoid separating degenerate pairs. can be envoked by passing a vector via [ elem1, elem2, ... ]
               gamma  1.4000e+00 # default   The f12 length scale, here to be used to compute f12-integrals
         cabs_thresh  1.0000e-04 # derived    thresh for cabs part
              auxbas  none       # default   atom centered partial wave guess of format like 'h-2s1p-o-3s2p1d'
         auxbas_file  none       # default   Use external comp. aux. basis in addition to the pnos as auxbasis. Give the filename as parameter. Give the auxbas in turbomole format. Don't use contractions. If a file is specified the auxbas parameter has no effect
   print_pno_overlap  true       # default   Print overlap matrix at certain steps in computation, for debugging purposes.
              n_virt  0          # defined   Compute this number of virtuals and include them in the integral construction, experimental and not robust!.
      hardcore_boson  false      # default   compute only integrals for hardcore boson hamiltonian (restricted to double occupations)

end
F12 Operators initialized right
timer:                    Testing F12 Operators     0.70s     0.70s 
timer:  Initializing (active) Exchange Orbitals     2.01s     2.01s 
Size of active mos and their exchange potentials:
K(acmos)=3.148437e-03 Gbyte
acmos   =2.688438e-03 Gbyte
PNO Parameters
pno
       rank_increase  15         # default   maximum rank to increase in every macroiteration
               chunk  100        # default   chunk of functions operated on in parallel when G or K is applied (prevent memory shortage)
               debug  false      # default   debug mode
              freeze  1          # derived   frozen core approximation
             maxrank  4          # defined   maximal pno rank for all pairs
           guesstype  exop       # derived   the guesstype: exop (recommended, multiply polynomial excitation operators onto the occupied orbitals), empty (don't compute a guess), scf (use the ao basis from the SCF solver), partial_wave (create s,p,d ..., type functions and place on atoms), predefined (same as partial_wave but for predefined sets)
                exop  multipole  # derived   this string defines which excitation operators can be used, use 'dipole', 'dipole+', 'quadrupole', 'ocopole', or 'multipole', need to set guesstype to 'exop' which is the default
          exop_trigo  true       # default   use trigonometric excitation operators ( x --> sin(x)
        partial_wave             # default   atom centered partial wave guess of format like 'h-2s1p-o-3s2p1d', need to set guesstype to 'partial_wave' and adaptive_solver to 'none'
          predefined             # default   predefined partial wave guesses of type pvxz with x=d,t,q,5,6, need to set guesstype to 'predefined' and adaptive_solver to 'none'
           maxiter_t  100        # default   maximal number of iterations in the amplitude solver
       maxiter_micro  10         # default   Maximum of iterations for every cycle in the adaptive solver
       maxiter_macro  10         # default   Maximum of iterations of cycles in the adaptive solver
                tpno  1.0000e-08 # default   PNO cutoff threshold
          tpno_tight  1.0000e-10 # derived   PNO cutoff for the first iteration
    canonicalize_pno  true       # default   canonicalize the pnos before the amplitude solver
              thresh  1.0000e-04 # defined   MRA threshold
         econv_micro  1.0000e-04 # derived   Energy convergence for microiterations (Greens function based optimization) in adaptive solver
         econv_pairs  1.0000e-05 # derived   ENergy convergence for individual pairs in adaptive solver. Converged pairs are frozen automatically
         econv_macro  1.0000e-04 # derived   Energy convergence for macroiterations in adaptive solver, no effect if adaptive_solver is deactivated
               dconv  1.0000e-01 # default   convergence of every PNO in the Green's function solver
           op_thresh  1.0000e-06 # default   MRA operator thresh
             restart  none       # derived   restart pairs of this type, use 'mp2', 'cispd', 'all' or 'none'
          no_compute  none       # default   do not compute the pairs of this type, use 'mp2', 'cispd', 'all' or 'none'
              no_opt  none       # default   do not optimize the pnos of this type, use 'mp2', 'cispd', 'all' or 'none'
            no_guess  none       # derived   guess for this type will be empty, use 'mp2', 'cispd', 'all' or 'none'
     adaptive_solver  all        # default   Use adaptive solver for those pairs, use 'mp2', 'cispd', 'all' or 'none', works only in combination with guesstype 'exop'
                kain  true       # default   use KAIN solver in amplitude solver
       kain_subspace  5          # default   subspace size of the KAIN solver (amplitudes)
                 f12  false      # defined   use explicit correlation
        cispd_number  -1         # default   CIS(D) excitation numbers, to read in correct functions
        cispd_energy  0.0000e+00 # default   CIS energy
        freeze_pairs  none       # default   frozen pairs will not be optimized: Expected format 'a b c d' will freeze pairs ab and cd
freeze_pairs_of_orbital  []         # default    All pairs which originate from this orbital will not be optimized
active_pairs_of_orbital  []         # default    All pairs which originate from this orbital will not be frozen all other pairs will, if this vector is not empty
no_opt_in_first_iteration  false      # default   Do not optimize in the first iteration (then the potentials do not have to be evaluated, use this for large guesses)
            exchange  full       # default   approximate exchange with 'neglect' or xc functional -> same syntax as moldft
           save_pnos  true       # default   Save the OBS-PNOs to a file, before and after orthonormalization.
            diagonal  true       # defined   Compute only diagonal PNOs

end

**********************
Solve PNO-MP2
*********************


**********************
Iterate Pairs
*********************


************************
Adaptive Solver
***********************

Initializing empty Pairs:
no guess was explicitly demanded for mp2

timer:                                     RRCD     0.00s     0.00s 
timer:                             MRA compress     0.00s     0.00s 
timer:                          Transform Pairs     0.00s     0.00s 
timer:          apply Q and orthonormalize PNOs     0.00s     0.00s 
Created Guess:
pair11 with 0 guess functions
pair21 with 0 guess functions
pair22 with 0 guess functions
guess pair11 size: 0.0000000000e+00 | 0.0000000000e+00 Gbyte (after truncation)
guess pair22 size: 0.0000000000e+00 | 0.0000000000e+00 Gbyte (after truncation)
timer:                           truncate guess     0.00s     0.00s 
timer:                         Initialize Pairs     0.00s     0.00s 
Keyword multipole is not known
Guess protocol for adaptively growing ranks is: [dipole+, quadrupole, big_fock_3, big_fock_3, big_fock_3, big_fock_3, big_fock_3, big_fock_3, big_fock_3, big_fock_3]


--------Adaptive Solver Macroiteration 0 from max 10 ----------

Growing ranks with exop=dipole+
Create guess functions by multiplying plane-waves to 1 functions 
Created 4 virtuals for pair11
pair21 is frozen: no growing
Create guess functions by multiplying plane-waves to 1 functions 
Created 4 virtuals for pair22
frozen pair: no orthonormalization
timer:                                     RRCD     0.01s     0.01s 
timer:                             MRA compress     0.00s     0.00s 
timer:                          Transform Pairs     0.10s     0.10s 
timer:                        grow PNO subspace     1.61s     1.61s 
SolveInternal: Parameters are assigned as
no_compute        = false
no_opt            = false
restart           = false
do_cispd          = false
econv             =1.0000000000e-04
maxrank (min,max) = (4,4)
Solving MP2 doubles
timer:          fock matrix     2.79s     2.79s
Information About All Pairs:
mp2_pair11           number=0 rank=  4 frozen=false
mp2_pair21           number=1 rank=  0 frozen=true
mp2_pair22           number=2 rank=  4 frozen=false
number of pairs=3
average rank   =2 (2.6666666667e+00)
largest rank   =4
PNOPairs Memory Information
Total: 0.0103039742 GB 
PNO  : 0.0103039742 GB 
KPNO : 0.0000000000 GB 
W    : 0.0000000000 GB 

timer:                                 truncate     0.04s     0.04s 
wall time=101.6967508793 chunk=8 allK.size()=8 memory=0.0100586414 GB
timer:                             compute KPNO     4.15s     4.15s 
wall time=101.8684699535 chunk=8 allJ.size()=8 memory=0.0112853050 GB
timer:                             compute JPNO     0.17s     0.17s 
timer:                    compute Fock matrices     1.31s     1.31s 
timer:                             MRA compress     0.00s     0.00s 
timer:                          Transform Pairs     0.30s     0.30s 
timer:                             Canonicalize     0.30s     0.30s 
PNOPairs Memory Information
Total: 0.0201172829 GB 
PNO  : 0.0101404190 GB 
KPNO : 0.0099768639 GB 
W    : 0.0000000000 GB 

timer:                                 truncate     0.05s     0.05s 
mp2_pair21 is frozen: potential not computed
timer:                   Fluctuation Potentials     2.15s     2.15s 
timer:                       Fluctuation Matrix     0.19s     0.19s 
PNOPairs Memory Information
Total: 0.0345101357 GB 
PNO  : 0.0101404190 GB 
KPNO : 0.0099768639 GB 
W    : 0.0143928528 GB 

PNOPairs Memory Information
Total: 0.0345101357 GB 
PNO  : 0.0101404190 GB 
KPNO : 0.0099768639 GB 
W    : 0.0143928528 GB 

timer:                                 truncate     0.05s     0.05s 
timer:                             PNO Overlaps     0.10s     0.10s 
t_iter =  0  Hylleraas energy =  0.0000000000  ||R||_F =  0.1648884616  conv =  no
subspace solution [*]   1.00000000

t_iter =  1  Hylleraas energy =  -0.0285029413  ||R||_F =  0.0000000185  conv =  yes
=======================================================

Hylleraas MP2 Energies

=======================================================
    i    j      singlet      triplet        Total
=======================================================
    1    1  -1.32386e-02  0.00000e+00 -1.32386e-02
    2    1   0.00000e+00  0.00000e+00  0.00000e+00
    2    2  -1.52644e-02  0.00000e+00 -1.52644e-02
=======================================================
Hylleraas MP2 Energies (singlet): -2.85029e-02
Hylleraas MP2 Energies (triplet):  0.00000e+00
Hylleraas MP2 Energies (total)  : -2.85029e-02
=======================================================
-------------------------------------------
Total Reg Energy  =-2.85029e-02
Total F12 Energy  = 0.00000e+00
Sum Energies Total=-2.85029e-02
-------------------------------------------
timer:                         Solve Amplitudes     0.00s     0.00s 
No optimization untill now: Compressing pno ranks with tighter threshold
1.00000e-10 instead of 1.00000e-08
pair11: density evals:
 [*]   0.00285328   0.00392069   0.00392069   0.01460008

pair22: density evals:
 [*]   0.00274717   0.00360504   0.00360504   0.02700984

timer:                            compress PNOs     0.00s     0.00s 
timer:                             MRA compress     0.00s     0.00s 
timer:                          Transform Pairs     0.45s     0.45s 
timer:                          PNO Compression     0.45s     0.45s 
Information About All Pairs:
mp2_pair11           number=0 rank=  4 frozen=false
mp2_pair21           number=1 rank=  0 frozen=true
mp2_pair22           number=2 rank=  4 frozen=false
number of pairs=3
average rank   =2 (2.66667e+00)
largest rank   =4
saving vector of functions mp2_pair11
saving vector of functions mp2_pair22
timer:                        save pnos on disc     0.17s     0.17s 
PNOPairs Memory Information
Total: 0.03345 GB 
PNO  : 0.00990 GB 
KPNO : 0.00981 GB 
W    : 0.01374 GB 

timer:                                 truncate     0.07s     0.07s 
timer:      compute densities for G application     0.00s     0.00s 
pair21 is frozen: no optimization
timer:                Prepare for G application     0.44s     0.44s 
timer:                                    add K     0.03s     0.03s 
size of all Vpsi potentials (without Vnuc and J) 0.01284 GB 
time=107.98459 chunk=8 Vpsi+Vnuc+J=0.02977 GB
time=108.05439 chunk=8 Vpsi+Vnuc+J=0.02944 GB (after truncation)
timer:                           Apply G to all     2.79s     2.79s 
timer:                       apply Q and update     0.00s     0.00s 
mp2_pair11 residual norms:
[0.46829, 0.35757, 0.35757, 0.40559]
mp2_pair11 scaled residual norms:
[0.02501, 0.02239, 0.02239, 0.04901]
mp2_pair22 residual norms:
[0.45791, 0.36052, 0.36052, 0.38191]
mp2_pair22 scaled residual norms:
[0.02400, 0.02165, 0.02165, 0.06277]
timer:                          update all PNOs     3.26s     3.26s 
frozen pair: no orthonormalization
timer:                                     RRCD     0.09s     0.09s 
timer:                             MRA compress     0.00s     0.00s 
timer:                          Transform Pairs     0.11s     0.11s 
saving vector of functions mp2_pair11
saving vector of functions mp2_pair22
timer:                        save pnos on disc     0.19s     0.19s 


No convergence yet. Energy change = 0.02850

timer:                        Whole Iteration 1    12.93s    12.93s 
Information About All Pairs:
mp2_pair11           number=0 rank=  4 frozen=false
mp2_pair21           number=1 rank=  0 frozen=true
mp2_pair22           number=2 rank=  4 frozen=false
number of pairs=3
average rank   =2 (2.66667)
largest rank   =4
PNOPairs Memory Information
Total: 0.01039 GB 
PNO  : 0.01039 GB 
KPNO : 0.00000 GB 
W    : 0.00000 GB 

timer:                                 truncate     0.05s     0.05s 
wall time=114.67139 chunk=8 allK.size()=8 memory=0.00981 GB
timer:                             compute KPNO     4.18s     4.18s 
wall time=114.84455 chunk=8 allJ.size()=8 memory=0.01129 GB
timer:                             compute JPNO     0.17s     0.17s 
timer:                    compute Fock matrices     1.46s     1.46s 
timer:                             MRA compress     0.00s     0.00s 
timer:                          Transform Pairs     0.26s     0.26s 
timer:                             Canonicalize     0.27s     0.27s 
PNOPairs Memory Information
Total: 0.02020 GB 
PNO  : 0.01030 GB 
KPNO : 0.00990 GB 
W    : 0.00000 GB 

timer:                                 truncate     0.04s     0.04s 
mp2_pair21 is frozen: potential not computed
timer:                   Fluctuation Potentials     2.09s     2.09s 
timer:                       Fluctuation Matrix     0.17s     0.17s 
PNOPairs Memory Information
Total: 0.03476 GB 
PNO  : 0.01030 GB 
KPNO : 0.00990 GB 
W    : 0.01456 GB 

PNOPairs Memory Information
Total: 0.03476 GB 
PNO  : 0.01030 GB 
KPNO : 0.00990 GB 
W    : 0.01456 GB 

timer:                                 truncate     0.04s     0.04s 
timer:                             PNO Overlaps     0.06s     0.06s 
t_iter =  0  Hylleraas energy =  0.00000  ||R||_F =  0.24148  conv =  no
subspace solution [*]   1.00000000

t_iter =  1  Hylleraas energy =  -0.05070  ||R||_F =  0.00000  conv =  yes
=======================================================

Hylleraas MP2 Energies

=======================================================
    i    j      singlet      triplet        Total
=======================================================
    1    1  -2.37261e-02  0.00000e+00 -2.37261e-02
    2    1   0.00000e+00  0.00000e+00  0.00000e+00
    2    2  -2.69725e-02  0.00000e+00 -2.69725e-02
=======================================================
Hylleraas MP2 Energies (singlet): -5.06986e-02
Hylleraas MP2 Energies (triplet):  0.00000e+00
Hylleraas MP2 Energies (total)  : -5.06986e-02
=======================================================
-------------------------------------------
Total Reg Energy  =-5.06986e-02
Total F12 Energy  = 0.00000e+00
Sum Energies Total=-5.06986e-02
-------------------------------------------
timer:                         Solve Amplitudes     0.00s     0.00s 
pair11: density evals:
 [*]   0.00404505   0.00467152   0.00467152   0.02403276

pair22: density evals:
 [*]   0.00376312   0.00422685   0.00422685   0.04462598

timer:                            compress PNOs     0.00s     0.00s 
timer:                             MRA compress     0.00s     0.00s 
timer:                          Transform Pairs     0.54s     0.54s 
timer:                          PNO Compression     0.54s     0.54s 
Information About All Pairs:
mp2_pair11           number=0 rank=  4 frozen=false
mp2_pair21           number=1 rank=  0 frozen=true
mp2_pair22           number=2 rank=  4 frozen=false
number of pairs=3
average rank   =2 (2.66667e+00)
largest rank   =4
saving vector of functions mp2_pair11
saving vector of functions mp2_pair22
timer:                        save pnos on disc     0.18s     0.18s 
PNOPairs Memory Information
Total: 0.03476 GB 
PNO  : 0.01030 GB 
KPNO : 0.00990 GB 
W    : 0.01456 GB 

timer:                                 truncate     0.04s     0.04s 
timer:      compute densities for G application     0.00s     0.00s 
pair21 is frozen: no optimization
timer:                Prepare for G application     0.49s     0.49s 
timer:                                    add K     0.03s     0.03s 
size of all Vpsi potentials (without Vnuc and J) 0.01407 GB 
time=121.00598 chunk=8 Vpsi+Vnuc+J=0.03026 GB
time=121.05417 chunk=8 Vpsi+Vnuc+J=0.02887 GB (after truncation)
timer:                           Apply G to all     2.82s     2.82s 
timer:                       apply Q and update     0.00s     0.00s 
mp2_pair11 residual norms:
[0.11209, 0.08939, 0.08939, 0.11424]
mp2_pair11 scaled residual norms:
[0.00713, 0.00611, 0.00611, 0.01771]
mp2_pair22 residual norms:
[0.11754, 0.09008, 0.09008, 0.09645]
mp2_pair22 scaled residual norms:
[0.00721, 0.00586, 0.00586, 0.02037]
timer:                          update all PNOs     3.35s     3.35s 
frozen pair: no orthonormalization
timer:                                     RRCD     0.12s     0.12s 
timer:                             MRA compress     0.00s     0.00s 
timer:                          Transform Pairs     0.11s     0.11s 
saving vector of functions mp2_pair11
saving vector of functions mp2_pair22
timer:                        save pnos on disc     0.18s     0.18s 


No convergence yet. Energy change = 0.02220

timer:                        Whole Iteration 2    13.15s    13.15s 
Information About All Pairs:
mp2_pair11           number=0 rank=  4 frozen=false
mp2_pair21           number=1 rank=  0 frozen=true
mp2_pair22           number=2 rank=  4 frozen=false
number of pairs=3
average rank   =2 (2.66667)
largest rank   =4
PNOPairs Memory Information
Total: 0.01006 GB 
PNO  : 0.01006 GB 
KPNO : 0.00000 GB 
W    : 0.00000 GB 

timer:                                 truncate     0.03s     0.03s 
wall time=127.55475 chunk=8 allK.size()=8 memory=0.01006 GB
timer:                             compute KPNO     3.93s     3.93s 
wall time=127.73648 chunk=8 allJ.size()=8 memory=0.01145 GB
timer:                             compute JPNO     0.18s     0.18s 
timer:                    compute Fock matrices     1.45s     1.45s 
timer:                             MRA compress     0.00s     0.00s 
timer:                          Transform Pairs     0.27s     0.27s 
timer:                             Canonicalize     0.28s     0.28s 
PNOPairs Memory Information
Total: 0.02012 GB 
PNO  : 0.00998 GB 
KPNO : 0.01014 GB 
W    : 0.00000 GB 

timer:                                 truncate     0.04s     0.04s 
mp2_pair21 is frozen: potential not computed
timer:                   Fluctuation Potentials     2.18s     2.18s 
timer:                       Fluctuation Matrix     0.21s     0.21s 
PNOPairs Memory Information
Total: 0.03484 GB 
PNO  : 0.00998 GB 
KPNO : 0.01014 GB 
W    : 0.01472 GB 

PNOPairs Memory Information
Total: 0.03484 GB 
PNO  : 0.00998 GB 
KPNO : 0.01014 GB 
W    : 0.01472 GB 

timer:                                 truncate     0.05s     0.05s 
timer:                             PNO Overlaps     0.11s     0.11s 
t_iter =  0  Hylleraas energy =  0.00000  ||R||_F =  0.25834  conv =  no
subspace solution [*]   1.00000000

t_iter =  1  Hylleraas energy =  -0.05338  ||R||_F =  0.00000  conv =  yes
=======================================================

Hylleraas MP2 Energies

=======================================================
    i    j      singlet      triplet        Total
=======================================================
    1    1  -2.50360e-02  0.00000e+00 -2.50360e-02
    2    1   0.00000e+00  0.00000e+00  0.00000e+00
    2    2  -2.83413e-02  0.00000e+00 -2.83413e-02
=======================================================
Hylleraas MP2 Energies (singlet): -5.33773e-02
Hylleraas MP2 Energies (triplet):  0.00000e+00
Hylleraas MP2 Energies (total)  : -5.33773e-02
=======================================================
-------------------------------------------
Total Reg Energy  =-5.33773e-02
Total F12 Energy  = 0.00000e+00
Sum Energies Total=-5.33773e-02
-------------------------------------------
timer:                         Solve Amplitudes     0.00s     0.00s 
pair11: density evals:
 [*]   0.00380558   0.00445691   0.00445691   0.02349477

pair22: density evals:
 [*]   0.00355416   0.00401118   0.00401118   0.04393422

timer:                            compress PNOs     0.00s     0.00s 
timer:                             MRA compress     0.00s     0.00s 
timer:                          Transform Pairs     0.48s     0.48s 
timer:                          PNO Compression     0.48s     0.48s 
Information About All Pairs:
mp2_pair11           number=0 rank=  4 frozen=false
mp2_pair21           number=1 rank=  0 frozen=true
mp2_pair22           number=2 rank=  4 frozen=false
number of pairs=3
average rank   =2 (2.66667e+00)
largest rank   =4
saving vector of functions mp2_pair11
saving vector of functions mp2_pair22
timer:                        save pnos on disc     0.18s     0.18s 
PNOPairs Memory Information
Total: 0.03476 GB 
PNO  : 0.00998 GB 
KPNO : 0.01006 GB 
W    : 0.01472 GB 

timer:                                 truncate     0.03s     0.03s 
timer:      compute densities for G application     0.00s     0.00s 
pair21 is frozen: no optimization
timer:                Prepare for G application     0.47s     0.47s 
timer:                                    add K     0.03s     0.03s 
size of all Vpsi potentials (without Vnuc and J) 0.01415 GB 
time=134.06582 chunk=8 Vpsi+Vnuc+J=0.02977 GB
time=134.13010 chunk=8 Vpsi+Vnuc+J=0.02813 GB (after truncation)
timer:                           Apply G to all     3.02s     3.02s 
timer:                       apply Q and update     0.00s     0.00s 
mp2_pair11 residual norms:
[0.04377, 0.02995, 0.02995, 0.04658]
mp2_pair11 scaled residual norms:
[0.00270, 0.00200, 0.00200, 0.00714]
mp2_pair22 residual norms:
[0.05117, 0.03468, 0.03468, 0.03791]
mp2_pair22 scaled residual norms:
[0.00305, 0.00220, 0.00220, 0.00795]
timer:                          update all PNOs     3.56s     3.56s 
frozen pair: no orthonormalization
timer:                                     RRCD     0.07s     0.07s 
timer:                             MRA compress     0.00s     0.00s 
timer:                          Transform Pairs     0.12s     0.12s 
saving vector of functions mp2_pair11
saving vector of functions mp2_pair22
timer:                        save pnos on disc     0.17s     0.17s 


No convergence yet. Energy change = 0.00268

timer:                        Whole Iteration 3    13.13s    13.13s 
Information About All Pairs:
mp2_pair11           number=0 rank=  4 frozen=false
mp2_pair21           number=1 rank=  0 frozen=true
mp2_pair22           number=2 rank=  4 frozen=false
number of pairs=3
average rank   =2 (2.66667)
largest rank   =4
PNOPairs Memory Information
Total: 0.01014 GB 
PNO  : 0.01014 GB 
KPNO : 0.00000 GB 
W    : 0.00000 GB 

timer:                                 truncate     0.06s     0.06s 
wall time=140.65490 chunk=8 allK.size()=8 memory=0.01006 GB
timer:                             compute KPNO     3.87s     3.87s 
wall time=140.76465 chunk=8 allJ.size()=8 memory=0.01145 GB
timer:                             compute JPNO     0.11s     0.11s 
timer:                    compute Fock matrices     1.24s     1.24s 
timer:                             MRA compress     0.00s     0.00s 
timer:                          Transform Pairs     0.36s     0.36s 
timer:                             Canonicalize     0.36s     0.36s 
PNOPairs Memory Information
Total: 0.02020 GB 
PNO  : 0.01014 GB 
KPNO : 0.01006 GB 
W    : 0.00000 GB 

timer:                                 truncate     0.05s     0.05s 
mp2_pair21 is frozen: potential not computed
timer:                   Fluctuation Potentials     2.32s     2.32s 
timer:                       Fluctuation Matrix     0.14s     0.14s 
PNOPairs Memory Information
Total: 0.03508 GB 
PNO  : 0.01014 GB 
KPNO : 0.01006 GB 
W    : 0.01488 GB 

PNOPairs Memory Information
Total: 0.03508 GB 
PNO  : 0.01014 GB 
KPNO : 0.01006 GB 
W    : 0.01488 GB 

timer:                                 truncate     0.05s     0.05s 
timer:                             PNO Overlaps     0.10s     0.10s 
t_iter =  0  Hylleraas energy =  0.00000  ||R||_F =  0.26413  conv =  no
subspace solution [*]   1.00000000

t_iter =  1  Hylleraas energy =  -0.05383  ||R||_F =  0.00000  conv =  yes
=======================================================

Hylleraas MP2 Energies

=======================================================
    i    j      singlet      triplet        Total
=======================================================
    1    1  -2.52554e-02  0.00000e+00 -2.52554e-02
    2    1   0.00000e+00  0.00000e+00  0.00000e+00
    2    2  -2.85783e-02  0.00000e+00 -2.85783e-02
=======================================================
Hylleraas MP2 Energies (singlet): -5.38337e-02
Hylleraas MP2 Energies (triplet):  0.00000e+00
Hylleraas MP2 Energies (total)  : -5.38337e-02
=======================================================
-------------------------------------------
Total Reg Energy  =-5.38337e-02
Total F12 Energy  = 0.00000e+00
Sum Energies Total=-5.38337e-02
-------------------------------------------
timer:                         Solve Amplitudes     0.00s     0.00s 
pair11: density evals:
 [*]   0.00367310   0.00434750   0.00434750   0.02284369

pair22: density evals:
 [*]   0.00343186   0.00389495   0.00389495   0.04298394

timer:                            compress PNOs     0.00s     0.00s 
timer:                             MRA compress     0.00s     0.00s 
timer:                          Transform Pairs     0.44s     0.44s 
timer:                          PNO Compression     0.44s     0.44s 
Information About All Pairs:
mp2_pair11           number=0 rank=  4 frozen=false
mp2_pair21           number=1 rank=  0 frozen=true
mp2_pair22           number=2 rank=  4 frozen=false
number of pairs=3
average rank   =2 (2.66667e+00)
largest rank   =4
saving vector of functions mp2_pair11
saving vector of functions mp2_pair22
timer:                        save pnos on disc     0.43s     0.43s 
PNOPairs Memory Information
Total: 0.03476 GB 
PNO  : 0.01006 GB 
KPNO : 0.00998 GB 
W    : 0.01472 GB 

timer:                                 truncate     0.04s     0.04s 
timer:      compute densities for G application     0.00s     0.00s 
pair21 is frozen: no optimization
timer:                Prepare for G application     0.35s     0.35s 
timer:                                    add K     0.04s     0.04s 
size of all Vpsi potentials (without Vnuc and J) 0.01415 GB 
time=147.00250 chunk=8 Vpsi+Vnuc+J=0.03058 GB
time=147.04946 chunk=8 Vpsi+Vnuc+J=0.02895 GB (after truncation)
timer:                           Apply G to all     2.96s     2.96s 
timer:                       apply Q and update     0.00s     0.00s 
mp2_pair11 residual norms:
[0.02041, 0.01137, 0.01137, 0.02025]
mp2_pair11 scaled residual norms:
[0.00124, 0.00075, 0.00075, 0.00306]
mp2_pair22 residual norms:
[0.02642, 0.01707, 0.01707, 0.01631]
mp2_pair22 scaled residual norms:
[0.00155, 0.00107, 0.00107, 0.00338]
timer:                          update all PNOs     3.35s     3.35s 
frozen pair: no orthonormalization
timer:                                     RRCD     0.06s     0.06s 
timer:                             MRA compress     0.00s     0.00s 
timer:                          Transform Pairs     0.05s     0.05s 
saving vector of functions mp2_pair11
saving vector of functions mp2_pair22
timer:                        save pnos on disc     0.52s     0.52s 


No convergence yet. Energy change = 0.00046

timer:                        Whole Iteration 4    13.25s    13.26s 
Information About All Pairs:
mp2_pair11           number=0 rank=  4 frozen=false
mp2_pair21           number=1 rank=  0 frozen=true
mp2_pair22           number=2 rank=  4 frozen=false
number of pairs=3
average rank   =2 (2.66667)
largest rank   =4
PNOPairs Memory Information
Total: 0.01022 GB 
PNO  : 0.01022 GB 
KPNO : 0.00000 GB 
W    : 0.00000 GB 

timer:                                 truncate     0.04s     0.04s 
wall time=153.89558 chunk=8 allK.size()=8 memory=0.01006 GB
timer:                             compute KPNO     3.88s     3.88s 
wall time=154.08035 chunk=8 allJ.size()=8 memory=0.01137 GB
timer:                             compute JPNO     0.18s     0.18s 
timer:                    compute Fock matrices     1.26s     1.26s 
timer:                             MRA compress     0.00s     0.00s 
timer:                          Transform Pairs     0.21s     0.21s 
timer:                             Canonicalize     0.21s     0.21s 
PNOPairs Memory Information
Total: 0.02020 GB 
PNO  : 0.01014 GB 
KPNO : 0.01006 GB 
W    : 0.00000 GB 

timer:                                 truncate     0.04s     0.04s 
mp2_pair21 is frozen: potential not computed
timer:                   Fluctuation Potentials     1.90s     1.90s 
timer:                       Fluctuation Matrix     0.18s     0.18s 
PNOPairs Memory Information
Total: 0.03508 GB 
PNO  : 0.01014 GB 
KPNO : 0.01006 GB 
W    : 0.01488 GB 

PNOPairs Memory Information
Total: 0.03508 GB 
PNO  : 0.01014 GB 
KPNO : 0.01006 GB 
W    : 0.01488 GB 

timer:                                 truncate     0.05s     0.05s 
timer:                             PNO Overlaps     0.05s     0.05s 
t_iter =  0  Hylleraas energy =  0.00000  ||R||_F =  0.26645  conv =  no
subspace solution [*]   1.00000000

t_iter =  1  Hylleraas energy =  -0.05393  ||R||_F =  0.00000  conv =  yes
=======================================================

Hylleraas MP2 Energies

=======================================================
    i    j      singlet      triplet        Total
=======================================================
    1    1  -2.52973e-02  0.00000e+00 -2.52973e-02
    2    1   0.00000e+00  0.00000e+00  0.00000e+00
    2    2  -2.86278e-02  0.00000e+00 -2.86278e-02
=======================================================
Hylleraas MP2 Energies (singlet): -5.39252e-02
Hylleraas MP2 Energies (triplet):  0.00000e+00
Hylleraas MP2 Energies (total)  : -5.39252e-02
=======================================================
-------------------------------------------
Total Reg Energy  =-5.39252e-02
Total F12 Energy  = 0.00000e+00
Sum Energies Total=-5.39252e-02
-------------------------------------------
timer:                         Solve Amplitudes     0.00s     0.00s 
pair11: density evals:
 [*]   0.00361208   0.00430119   0.00430119   0.02250225

pair22: density evals:
 [*]   0.00337017   0.00383726   0.00383726   0.04248778

timer:                            compress PNOs     0.00s     0.00s 
timer:                             MRA compress     0.00s     0.00s 
timer:                          Transform Pairs     0.41s     0.41s 
timer:                          PNO Compression     0.41s     0.41s 
Information About All Pairs:
mp2_pair11           number=0 rank=  4 frozen=false
mp2_pair21           number=1 rank=  0 frozen=true
mp2_pair22           number=2 rank=  4 frozen=false
number of pairs=3
average rank   =2 (2.66667e+00)
largest rank   =4
saving vector of functions mp2_pair11
saving vector of functions mp2_pair22
timer:                        save pnos on disc     0.41s     0.41s 
PNOPairs Memory Information
Total: 0.03476 GB 
PNO  : 0.01006 GB 
KPNO : 0.00998 GB 
W    : 0.01472 GB 

timer:                                 truncate     0.06s     0.06s 
timer:      compute densities for G application     0.00s     0.00s 
pair21 is frozen: no optimization
timer:                Prepare for G application     0.40s     0.40s 
timer:                                    add K     0.05s     0.05s 
size of all Vpsi potentials (without Vnuc and J) 0.01415 GB 
time=159.94485 chunk=8 Vpsi+Vnuc+J=0.03058 GB
time=159.99304 chunk=8 Vpsi+Vnuc+J=0.02903 GB (after truncation)
timer:                           Apply G to all     2.74s     2.74s 
timer:                       apply Q and update     0.00s     0.00s 
mp2_pair11 residual norms:
[0.01033, 0.00491, 0.00491, 0.00898]
mp2_pair11 scaled residual norms:
[0.00062, 0.00032, 0.00032, 0.00135]
mp2_pair22 residual norms:
[0.01445, 0.00973, 0.00973, 0.00725]
mp2_pair22 scaled residual norms:
[0.00084, 0.00060, 0.00060, 0.00149]
timer:                          update all PNOs     3.19s     3.19s 
frozen pair: no orthonormalization
timer:                                     RRCD     0.06s     0.06s 
timer:                             MRA compress     0.00s     0.00s 
timer:                          Transform Pairs     0.10s     0.10s 
saving vector of functions mp2_pair11
saving vector of functions mp2_pair22
timer:                        save pnos on disc     0.43s     0.43s 


CONVERGED!
energy change = 0.00009

re-entering loop to compute the correct amplitudes and energies
timer:                        Whole Iteration 5    12.55s    12.55s 
Information About All Pairs:
mp2_pair11           number=0 rank=  4 frozen=false
mp2_pair21           number=1 rank=  0 frozen=true
mp2_pair22           number=2 rank=  4 frozen=false
number of pairs=3
average rank   =2 (2.66667)
largest rank   =4
PNOPairs Memory Information
Total: 0.01022 GB 
PNO  : 0.01022 GB 
KPNO : 0.00000 GB 
W    : 0.00000 GB 

timer:                                 truncate     0.05s     0.05s 
wall time=166.59869 chunk=8 allK.size()=8 memory=0.01006 GB
timer:                             compute KPNO     4.01s     4.01s 
wall time=166.75634 chunk=8 allJ.size()=8 memory=0.01137 GB
timer:                             compute JPNO     0.16s     0.16s 
timer:                    compute Fock matrices     1.22s     1.22s 
timer:                             MRA compress     0.00s     0.00s 
timer:                          Transform Pairs     0.26s     0.26s 
timer:                             Canonicalize     0.26s     0.26s 
PNOPairs Memory Information
Total: 0.02004 GB 
PNO  : 0.01006 GB 
KPNO : 0.00998 GB 
W    : 0.00000 GB 

timer:                                 truncate     0.07s     0.07s 
mp2_pair21 is frozen: potential not computed
timer:                   Fluctuation Potentials     2.18s     2.18s 
timer:                       Fluctuation Matrix     0.23s     0.23s 
PNOPairs Memory Information
Total: 0.03492 GB 
PNO  : 0.01006 GB 
KPNO : 0.00998 GB 
W    : 0.01488 GB 

PNOPairs Memory Information
Total: 0.03492 GB 
PNO  : 0.01006 GB 
KPNO : 0.00998 GB 
W    : 0.01488 GB 

timer:                                 truncate     0.06s     0.06s 
timer:                             PNO Overlaps     0.07s     0.07s 
t_iter =  0  Hylleraas energy =  0.00000  ||R||_F =  0.26746  conv =  no
subspace solution [*]   1.00000000

t_iter =  1  Hylleraas energy =  -0.05394  ||R||_F =  0.00000  conv =  yes
=======================================================

Hylleraas MP2 Energies

=======================================================
    i    j      singlet      triplet        Total
=======================================================
    1    1  -2.53057e-02  0.00000e+00 -2.53057e-02
    2    1   0.00000e+00  0.00000e+00  0.00000e+00
    2    2  -2.86388e-02  0.00000e+00 -2.86388e-02
=======================================================
Hylleraas MP2 Energies (singlet): -5.39445e-02
Hylleraas MP2 Energies (triplet):  0.00000e+00
Hylleraas MP2 Energies (total)  : -5.39445e-02
=======================================================
-------------------------------------------
Total Reg Energy  =-5.39445e-02
Total F12 Energy  = 0.00000e+00
Sum Energies Total=-5.39445e-02
-------------------------------------------
timer:                         Solve Amplitudes     0.00s     0.00s 
pair11: density evals:
 [*]   0.00358349   0.00428108   0.00428108   0.02234248

pair22: density evals:
 [*]   0.00333833   0.00380654   0.00380654   0.04225241

timer:                            compress PNOs     0.00s     0.00s 
timer:                             MRA compress     0.00s     0.00s 
timer:                          Transform Pairs     0.44s     0.44s 
timer:                          PNO Compression     0.44s     0.44s 
Information About All Pairs:
mp2_pair11           number=0 rank=  4 frozen=false
mp2_pair21           number=1 rank=  0 frozen=true
mp2_pair22           number=2 rank=  4 frozen=false
number of pairs=3
average rank   =2 (2.66667e+00)
largest rank   =4
saving vector of functions mp2_pair11
saving vector of functions mp2_pair22
timer:                        save pnos on disc     0.18s     0.18s 
exiting: Iterations converged
PNO ranks:
PNO Rank for pair pair11 = 4
PNO Rank for pair pair21 = 0
PNO Rank for pair pair22 = 4
average rank 2.66667e+00
timer:                               PNO::solve    76.78s    76.78s 

--------------------------------
ITERATE-PAIRS-INTERNAL-ENDED
--------------------------------
mp2_pair21 converged!


Adaptive Sovler:
 Current Energy=-5.3944469819e-02
 DeltaE        =-5.3944469819e-02
 max dE (pair) =-2.8638803186e-02 (2)
 all_pairs_conv=false




not converged yet

freeze pair mp2_pair21 (not further optimized: Energy below 1.0000000000e-05)
Maximum Rank of4 reached for all non-frozen pairs, no need to iterate further=======================================================

Final MP2 Energies

=======================================================
    i    j      singlet      triplet        Total
=======================================================
    1    1  -2.53057e-02  0.00000e+00 -2.53057e-02
    2    1   0.00000e+00  0.00000e+00  0.00000e+00
    2    2  -2.86388e-02  0.00000e+00 -2.86388e-02
=======================================================
Final MP2 Energies (singlet): -5.39445e-02
Final MP2 Energies (triplet):  0.00000e+00
Final MP2 Energies (total)  : -5.39445e-02
=======================================================
-------------------------------------------
Total Reg Energy  =-5.39445e-02
Total F12 Energy  = 0.00000e+00
Sum Energies Total=-5.39445e-02
-------------------------------------------
Average | Max Rank: 2 | 4



--------------------------------------------------
MRA-PNO-MP2-F12 ended 
--------------------------------------------------
                 time scf = 8.77857e+01
               energy scf = -1.55894e+01
--------------------------------------------------
restarting PNO to reload pairs that converged before and were frozen
PNO Parameters
pno
       rank_increase  15         # default   maximum rank to increase in every macroiteration
               chunk  100        # default   chunk of functions operated on in parallel when G or K is applied (prevent memory shortage)
               debug  false      # default   debug mode
              freeze  1          # derived   frozen core approximation
             maxrank  4          # defined   maximal pno rank for all pairs
           guesstype  exop       # derived   the guesstype: exop (recommended, multiply polynomial excitation operators onto the occupied orbitals), empty (don't compute a guess), scf (use the ao basis from the SCF solver), partial_wave (create s,p,d ..., type functions and place on atoms), predefined (same as partial_wave but for predefined sets)
                exop  multipole  # derived   this string defines which excitation operators can be used, use 'dipole', 'dipole+', 'quadrupole', 'ocopole', or 'multipole', need to set guesstype to 'exop' which is the default
          exop_trigo  true       # default   use trigonometric excitation operators ( x --> sin(x)
        partial_wave             # default   atom centered partial wave guess of format like 'h-2s1p-o-3s2p1d', need to set guesstype to 'partial_wave' and adaptive_solver to 'none'
          predefined             # default   predefined partial wave guesses of type pvxz with x=d,t,q,5,6, need to set guesstype to 'predefined' and adaptive_solver to 'none'
           maxiter_t  100        # default   maximal number of iterations in the amplitude solver
       maxiter_micro  10         # default   Maximum of iterations for every cycle in the adaptive solver
       maxiter_macro  10         # default   Maximum of iterations of cycles in the adaptive solver
                tpno  1.0000e-08 # default   PNO cutoff threshold
          tpno_tight  1.0000e-10 # derived   PNO cutoff for the first iteration
    canonicalize_pno  true       # default   canonicalize the pnos before the amplitude solver
              thresh  1.0000e-04 # defined   MRA threshold
         econv_micro  1.0000e-04 # derived   Energy convergence for microiterations (Greens function based optimization) in adaptive solver
         econv_pairs  1.0000e-05 # derived   ENergy convergence for individual pairs in adaptive solver. Converged pairs are frozen automatically
         econv_macro  1.0000e-04 # derived   Energy convergence for macroiterations in adaptive solver, no effect if adaptive_solver is deactivated
               dconv  1.0000e-01 # default   convergence of every PNO in the Green's function solver
           op_thresh  1.0000e-06 # default   MRA operator thresh
             restart  all        # defined   restart pairs of this type, use 'mp2', 'cispd', 'all' or 'none'
          no_compute  none       # default   do not compute the pairs of this type, use 'mp2', 'cispd', 'all' or 'none'
              no_opt  all        # defined   do not optimize the pnos of this type, use 'mp2', 'cispd', 'all' or 'none'
            no_guess  all        # defined   guess for this type will be empty, use 'mp2', 'cispd', 'all' or 'none'
     adaptive_solver  none       # defined   Use adaptive solver for those pairs, use 'mp2', 'cispd', 'all' or 'none', works only in combination with guesstype 'exop'
                kain  true       # default   use KAIN solver in amplitude solver
       kain_subspace  5          # default   subspace size of the KAIN solver (amplitudes)
                 f12  false      # defined   use explicit correlation
        cispd_number  -1         # default   CIS(D) excitation numbers, to read in correct functions
        cispd_energy  0.0000e+00 # default   CIS energy
        freeze_pairs  none       # default   frozen pairs will not be optimized: Expected format 'a b c d' will freeze pairs ab and cd
freeze_pairs_of_orbital  []         # default    All pairs which originate from this orbital will not be optimized
active_pairs_of_orbital  []         # default    All pairs which originate from this orbital will not be frozen all other pairs will, if this vector is not empty
no_opt_in_first_iteration  false      # default   Do not optimize in the first iteration (then the potentials do not have to be evaluated, use this for large guesses)
            exchange  full       # default   approximate exchange with 'neglect' or xc functional -> same syntax as moldft
           save_pnos  true       # default   Save the OBS-PNOs to a file, before and after orthonormalization.
            diagonal  true       # defined   Compute only diagonal PNOs

end

**********************
Solve PNO-MP2
*********************


**********************
Iterate Pairs
*********************


************************
Standard Solver
***********************

Initializing Pairs:
Restart demanded for mp2 pairs
loading vector of functions mp2_pair11
Found PNOs for mp2_pair11 with rank 4
loading vector of functions mp2_pair21
failed to find PNO mp2_pair21 initialize as zero function
nloading vector of functions mp2_pair22
Found PNOs for mp2_pair22 with rank 4
no guess was explicitly demanded for mp2

timer:                                     RRCD     0.03s     0.03s 
timer:                             MRA compress     0.00s     0.00s 
timer:                          Transform Pairs     0.07s     0.07s 
timer:          apply Q and orthonormalize PNOs     0.39s     0.39s 
Created Guess:
pair11 with 4 guess functions
pair21 with 0 guess functions
pair22 with 4 guess functions
guess pair11 size: 5.0702095032e-03 | 5.0702095032e-03 Gbyte (after truncation)
guess pair22 size: 4.9884319305e-03 | 4.9884319305e-03 Gbyte (after truncation)
timer:                           truncate guess     0.06s     0.06s 
timer:                         Initialize Pairs     0.48s     0.48s 
Information About All Pairs:
mp2_pair11           number=0 rank=  4 frozen=false
mp2_pair21           number=1 rank=  0 frozen=true
mp2_pair22           number=2 rank=  4 frozen=false
number of pairs=3
average rank   =2 (2.6666666667e+00)
largest rank   =4
SolveInternal: Parameters are assigned as
no_compute        = false
no_opt            = true
restart           = true
do_cispd          = false
econv             =1.0000000000e-04
maxrank (min,max) = (4,4)
Solving MP2 doubles
timer:          fock matrix     2.59s     2.59s
Information About All Pairs:
mp2_pair11           number=0 rank=  4 frozen=false
mp2_pair21           number=1 rank=  0 frozen=true
mp2_pair22           number=2 rank=  4 frozen=false
number of pairs=3
average rank   =2 (2.6666666667e+00)
largest rank   =4
PNOPairs Memory Information
Total: 0.0100586414 GB 
PNO  : 0.0100586414 GB 
KPNO : 0.0000000000 GB 
W    : 0.0000000000 GB 

timer:                                 truncate     0.03s     0.03s 
wall time=178.4708628654 chunk=8 allK.size()=8 memory=0.0100586414 GB
timer:                             compute KPNO     3.86s     3.86s 
wall time=178.6444759369 chunk=8 allJ.size()=8 memory=0.0112853050 GB
timer:                             compute JPNO     0.17s     0.17s 
timer:                    compute Fock matrices     1.34s     1.34s 
timer:                             MRA compress     0.00s     0.00s 
timer:                          Transform Pairs     0.30s     0.30s 
timer:                             Canonicalize     0.30s     0.30s 
PNOPairs Memory Information
Total: 0.0200355053 GB 
PNO  : 0.0100586414 GB 
KPNO : 0.0099768639 GB 
W    : 0.0000000000 GB 

timer:                                 truncate     0.03s     0.03s 
mp2_pair21 is frozen: potential not computed
timer:                   Fluctuation Potentials     2.13s     2.13s 
timer:                       Fluctuation Matrix     0.20s     0.20s 
PNOPairs Memory Information
Total: 0.0349190235 GB 
PNO  : 0.0100586414 GB 
KPNO : 0.0099768639 GB 
W    : 0.0148835182 GB 

PNOPairs Memory Information
Total: 0.0349190235 GB 
PNO  : 0.0100586414 GB 
KPNO : 0.0099768639 GB 
W    : 0.0148835182 GB 

timer:                                 truncate     0.04s     0.04s 
timer:                             PNO Overlaps     0.06s     0.06s 
t_iter =  0  Hylleraas energy =  0.0000000000  ||R||_F =  0.2674639969  conv =  no
subspace solution [*]   1.00000000

t_iter =  1  Hylleraas energy =  -0.0539441458  ||R||_F =  0.0000004858  conv =  yes
=======================================================

Hylleraas MP2 Energies

=======================================================
    i    j      singlet      triplet        Total
=======================================================
    1    1  -2.53055e-02  0.00000e+00 -2.53055e-02
    2    1   0.00000e+00  0.00000e+00  0.00000e+00
    2    2  -2.86387e-02  0.00000e+00 -2.86387e-02
=======================================================
Hylleraas MP2 Energies (singlet): -5.39441e-02
Hylleraas MP2 Energies (triplet):  0.00000e+00
Hylleraas MP2 Energies (total)  : -5.39441e-02
=======================================================
-------------------------------------------
Total Reg Energy  =-5.39441e-02
Total F12 Energy  = 0.00000e+00
Sum Energies Total=-5.39441e-02
-------------------------------------------
timer:                         Solve Amplitudes     0.00s     0.00s 
No optimization untill now: Compressing pno ranks with tighter threshold
1.00000e-10 instead of 1.00000e-08
pair11: density evals:
 [*]   0.00358342   0.00428107   0.00428107   0.02234224

pair22: density evals:
 [*]   0.00333817   0.00380657   0.00380657   0.04225237

timer:                            compress PNOs     0.00s     0.00s 
timer:                             MRA compress     0.00s     0.00s 
timer:                          Transform Pairs     0.49s     0.49s 
timer:                          PNO Compression     0.49s     0.49s 
Information About All Pairs:
mp2_pair11           number=0 rank=  4 frozen=false
mp2_pair21           number=1 rank=  0 frozen=true
mp2_pair22           number=2 rank=  4 frozen=false
number of pairs=3
average rank   =2 (2.66667e+00)
largest rank   =4
saving vector of functions mp2_pair11
saving vector of functions mp2_pair22
timer:                        save pnos on disc     0.18s     0.18s 
exiting: Found no_opt keyword
PNO ranks:
PNO Rank for pair pair11 = 4
PNO Rank for pair pair21 = 0
PNO Rank for pair pair22 = 4
average rank 2.66667e+00
timer:                               PNO::solve    11.50s    11.50s 

--------------------------------
ITERATE-PAIRS-INTERNAL-ENDED
--------------------------------
=======================================================

Final MP2 Energies

=======================================================
    i    j      singlet      triplet        Total
=======================================================
    1    1  -2.53055e-02  0.00000e+00 -2.53055e-02
    2    1   0.00000e+00  0.00000e+00  0.00000e+00
    2    2  -2.86387e-02  0.00000e+00 -2.86387e-02
=======================================================
Final MP2 Energies (singlet): -5.39441e-02
Final MP2 Energies (triplet):  0.00000e+00
Final MP2 Energies (total)  : -5.39441e-02
=======================================================
-------------------------------------------
Total Reg Energy  =-5.39441e-02
Total F12 Energy  = 0.00000e+00
Sum Energies Total=-5.39441e-02
-------------------------------------------
Average | Max Rank: 2 | 4
                 time pno = 8.30044e+01
               energy mp2 = -5.39441e-02
     average pno rank mp2 = 2
         max pno rank mp2 = 4
--------------------------------------------------
            energy(total) = -1.56433e+01
--------------------------------------------------



Orthonormalization technique used: symmetric
No CABS used.
Tightening thresholds to +0.00010000 for post-processing
Overlap Matrix of all PNOs:
+1.00000665 +0.34761196 +0.00000000 +0.00000000 -0.00000000 +0.00000000 -0.19333425 +0.00000447 
+0.34761196 +1.00000458 -0.00000000 +0.00000000 +0.00000000 -0.00000000 +0.00001308 -0.16100042 
+0.00000000 -0.00000000 +1.00000000 +0.00000000 +0.09024504 +0.00223939 -0.00000000 +0.00000000 
+0.00000000 +0.00000000 +0.00000000 +1.00000000 +0.00223939 -0.09024504 -0.00000000 +0.00000000 
-0.00000000 +0.00000000 +0.09024504 +0.00223939 +1.00000000 -0.00000000 +0.00000000 +0.00000000 
+0.00000000 -0.00000000 +0.00223939 -0.09024504 -0.00000000 +1.00000000 -0.00000000 -0.00000000 
-0.19333425 +0.00001308 -0.00000000 -0.00000000 +0.00000000 -0.00000000 +1.00000352 +0.00428176 
+0.00000447 -0.16100042 +0.00000000 +0.00000000 +0.00000000 -0.00000000 +0.00428176 +0.99999811 
Before cherry pick
rank is +0
all used occupation numbers:
[+0.04225237 +0.02234224 +0.00428107 +0.00428107 +0.00380657 +0.00380657 +0.00358342 +0.00333817 ]
corresponding to active pairs:
[(1,1) (0,0) (0,0) (0,0) (1,1) (1,1) (0,0) (1,1) ]
After cherry pick
all used occupation numbers:
[+0.04225237 +0.02234224 +0.00428107 +0.00428107 +0.00380657 +0.00380657 +0.00358342 +0.00333817 ]
corresponding to active pairs:
[(1,1) (0,0) (0,0) (0,0) (1,1) (1,1) (0,0) (1,1) ]
Overlap Matrix before symmetric
[+0,*]  +1.00000665  +0.34761196  +0.00000000  +0.00000000  -0.00000000  +0.00000000  -0.19333425  +0.00000447
[+1,*]  +0.34761196  +1.00000458  -0.00000000  +0.00000000  +0.00000000  -0.00000000  +0.00001308  -0.16100042
[+2,*]  +0.00000000  -0.00000000  +1.00000000  +0.00000000  +0.09024504  +0.00223939  -0.00000000  +0.00000000
[+3,*]  +0.00000000  +0.00000000  +0.00000000  +1.00000000  +0.00223939  -0.09024504  -0.00000000  +0.00000000
[+4,*]  -0.00000000  +0.00000000  +0.09024504  +0.00223939  +1.00000000  -0.00000000  +0.00000000  +0.00000000
[+5,*]  +0.00000000  -0.00000000  +0.00223939  -0.09024504  -0.00000000  +1.00000000  -0.00000000  -0.00000000
[+6,*]  -0.19333425  +0.00001308  -0.00000000  -0.00000000  +0.00000000  -0.00000000  +1.00000352  +0.00428176
[+7,*]  +0.00000447  -0.16100042  +0.00000000  +0.00000000  +0.00000000  -0.00000000  +0.00428176  +0.99999811
Overlap Matrix after symmetric
[+0,*]  +1.00000000  +0.00000001  -0.00000000  -0.00000000  +0.00000000  -0.00000000  -0.00000001  +0.00000000
[+1,*]  +0.00000001  +1.00000000  +0.00000000  -0.00000000  +0.00000000  -0.00000000  +0.00000000  -0.00000001
[+2,*]  -0.00000000  +0.00000000  +1.00000000  -0.00000000  -0.00000000  +0.00000000  +0.00000000  -0.00000000
[+3,*]  -0.00000000  -0.00000000  -0.00000000  +1.00000000  +0.00000000  +0.00000000  +0.00000000  -0.00000000
[+4,*]  +0.00000000  +0.00000000  -0.00000000  +0.00000000  +1.00000000  -0.00000000  -0.00000000  +0.00000000
[+5,*]  -0.00000000  -0.00000000  +0.00000000  +0.00000000  -0.00000000  +1.00000000  +0.00000000  +0.00000000
[+6,*]  -0.00000001  +0.00000000  +0.00000000  +0.00000000  -0.00000000  +0.00000000  +1.00000000  +0.00000000
[+7,*]  +0.00000000  -0.00000001  -0.00000000  -0.00000000  +0.00000000  +0.00000000  +0.00000000  +1.00000000
Adding 3 HF orbitals
Size before adding CABS: 11.
Size after adding CABS: 11.
Compute G and F Tensor:
Assemble g,f using symmetries...
non zero elements:
 g : +24702
 h : +61
Overlap over whole basis
[+0,*]  +1.00000000  -0.00000017  -0.00000116  +0.00001394  +0.00000433  +0.00000000  +0.00000000  -0.00000000  -0.00000000  +0.00003215  +0.00001793
[+1,*]  -0.00000017  +1.00000000  +0.00000002  -0.00000188  -0.00000059  -0.00000000  -0.00000000  +0.00000000  -0.00000000  -0.00000436  -0.00000241
[+2,*]  -0.00000116  +0.00000002  +1.00000000  +0.00000151  +0.00000046  +0.00000000  +0.00000000  -0.00000000  +0.00000000  +0.00000350  +0.00000201
[+3,*]  +0.00001394  -0.00000188  +0.00000151  +1.00000000  +0.00000001  -0.00000000  -0.00000000  +0.00000000  -0.00000000  -0.00000001  +0.00000000
[+4,*]  +0.00000433  -0.00000059  +0.00000046  +0.00000001  +1.00000000  +0.00000000  -0.00000000  -0.00000000  -0.00000000  +0.00000000  -0.00000001
[+5,*]  +0.00000000  -0.00000000  +0.00000000  -0.00000000  +0.00000000  +1.00000000  -0.00000000  -0.00000000  +0.00000000  -0.00000000  -0.00000000
[+6,*]  +0.00000000  -0.00000000  +0.00000000  -0.00000000  -0.00000000  -0.00000000  +1.00000000  +0.00000000  +0.00000000  +0.00000000  +0.00000000
[+7,*]  -0.00000000  +0.00000000  -0.00000000  +0.00000000  -0.00000000  -0.00000000  +0.00000000  +1.00000000  +0.00000000  -0.00000000  +0.00000000
[+8,*]  -0.00000000  -0.00000000  +0.00000000  -0.00000000  -0.00000000  +0.00000000  +0.00000000  +0.00000000  +1.00000000  +0.00000000  +0.00000000
[+9,*]  +0.00003215  -0.00000436  +0.00000350  -0.00000001  +0.00000000  -0.00000000  +0.00000000  -0.00000000  +0.00000000  +1.00000000  +0.00000000
[+10,*]  +0.00001793  -0.00000241  +0.00000201  +0.00000000  -0.00000001  -0.00000000  +0.00000000  +0.00000000  +0.00000000  +0.00000000  +1.00000000

||S-1||=+0.00005687
finished at time 326.8

    Parallel environment
    --------------------
                  #nodes    1
       #threads per node    11+main = 12
          #total threads    12

  RMI message statistics (min / avg / max)
  ----------------------
   #messages in server q    0.00e+00 / 0.00e+00 / 0.00e+00
 #messages sent per node    0.00e+00 / 0.00e+00 / 0.00e+00
    #bytes sent per node    0.00e+00 / 0.00e+00 / 0.00e+00
 #messages recv per node    0.00e+00 / 0.00e+00 / 0.00e+00
    #bytes recv per node    0.00e+00 / 0.00e+00 / 0.00e+00
        #msgs systemwide    0.00e+00
       #bytes systemwide    0.00e+00

  Thread pool statistics (min / avg / max)
  ----------------------
         #tasks per node    2.01e+07 / 2.01e+07 / 2.01e+07
     #max q len per node    1.43e+04 / 1.43e+04 / 1.43e+04
  #hi-pri tasks per node    5.64e+06 / 5.64e+06 / 5.64e+06

         Total wall time    326.7s
         Total  cpu time    326.7s

