MADNESS runtime initialized with 11 threads in the pool and affinity -1 -1 -1
starting at time 0.0

--------------------------------------------
   MADNESS 0.10.1 multiresolution suite
--------------------------------------------

   number of processors ... 1
    processor frequency ... 2.394352e+09
            host system ... Linux
          configured by ... kottmann
          configured on ... nia-login06.scinet.local
          configured at ... 2020-11-30T21:08:15
                    CXX ... /scinet/niagara/software/2019b/opt/base/gcc/8.3.0/bin/g++
               CXXFLAGS ... -O3 -DNDEBUG -march=native -I/home/a/aspuru/kottmann/devel/NumCpp/include -I/scinet/niagara/software/2019b/opt/gcc-8.3.0/boost/1.70.0/include/ -std=c++17
             tuning for ... default
                    MPI ... multiple
 multi-threaded runtime ... MADNESS ThreadPool
                   BLAS ... Intel MKL 45320 45320 MFLOP/s
               compiled ... 21:08:57  on  Nov 30 2020


-------------------------------------------------------------------------------------
SOLVING MRA-PNO-F12 as described in 
J.S. Kottmann, F.A. Bischoff, E.F. Valeev
Direct determination of optimal pair-natural orbitals in a real-space representation:
the second-order Møller-Plesset energy
Journal of Chemical Physics ... 2020
-------------------------------------------------------------------------------------


This script will run PNO-MP2 and print out tensors in binary
Call as: pno_integrals inputfileinput is input
ignoring unknown parameter in input file:  ncf

Angstrom being used to read input coordinates (1 Bohr = 1.88972613 Angstrom)


Asymptotic correction parameters
---------------------------------------
Atom vector is not empty: false
Using multipole approximation: false
Number of electrons = -1
Ionisation energy = 0.000000e+00
E(HOMO) = 0.000000e+00
R1 = 3.000000e+00
R2 = 4.000000e+00
DFT coefficient = 0.000000e+00
Interpolation scheme = linear
constructed symmetry operator for point group C1
dft
              charge  0.0000e+00 # defined   total molecular charge
                  xc  hf         # defined   XC input line
               smear  0.0000e+00 # default   smearing parameter
               econv  1.0000e-04 # defined   energy convergence
               dconv  5.0000e-04 # defined   density convergence
convergence_criteria  [bsh_residual, total_energy] # default   possible values are: bsh_residual, total_energy, each_energy, density
                   k  7          # defined   polynomial order
                   l  5.5228e+01 # derived   user coordinates box size
               deriv  abgv       # default   derivative method                            [abgv, bspline, ble]
           dft_deriv  abgv       # default   derivative method for gga potentials         [abgv, bspline, ble]
             maxrotn  2.5000e-01 # default   step restriction used in autoshift algorithm
             nvalpha  0          # default   number of alpha virtuals to compute
              nvbeta  0          # default   number of beta virtuals to compute
               nopen  0          # default   number of unpaired electrons = nalpha-nbeta
             maxiter  25         # default   maximum number of iterations
                 nio  1          # default   no. of io servers to use
     spin_restricted  true       # default   true if spin restricted
              plotlo  0          # default   range of MOs to print (for both spins if polarized
              plothi  -1         # default   range of MOs to print (for both spins if polarized
            plotdens  false      # default   If true print the density at convergence
            plotcoul  false      # default   If true plot the total coulomb potential at convergence
            localize  boys       # defined   localization method                          [pm, boys, new, canon]
          pointgroup  c1         # derived   use point (sub) group symmetry if not localized[c1, c2, ci, cs, c2v, c2h, d2, d2h]
             restart  false      # default   if true restart from orbitals on disk
           restartao  false      # default   if true restart from orbitals projected into AO basis (STO3G) on disk
          no_compute  false      # default   if true use orbitals on disk, set value to computed
           no_orient  false      # default   if true the molecule coordinates will not be reoriented
                save  true       # default   if true save orbitals to disk
              maxsub  10         # default   size of iterative subspace ... set to 0 or 1 to disable
        orbitalshift  0.0000e+00 # default   scf orbital shift: shift the occ orbitals to lower energies
            npt_plot  101        # default   no. of points to use in each dim for plots
           plot_cell  []         # default   lo hi in each dimension for plotting (default is all space)
             aobasis  6-31g      # derived   AO basis used for initial guess (6-31g or sto-3g)
           core_type  none       # default   core potential type                          [none, mpc]
         derivatives  false      # default   if true calculate nuclear derivatives
              dipole  false      # default   if true calculate dipole moment
      conv_only_dens  false      # default   if true remove bsh_residual from convergence criteria (deprecated)
            psp_calc  false      # default   pseudopotential calculation for all atoms
 print_dipole_matels  false      # default   if true output dipole matrix elements
            pcm_data  none       # default   do a PCM (solvent) calculation
             ac_data  none       # default   do a calculation with asymptotic correction (see ACParameters class in chem/AC.h for details)
             pure_ae  true       # default   pure all electron calculation with no pseudo-atoms
         print_level  3          # default   0: no output; 1: final energy; 2: iterations; 3: timings; 10: debug
              nalpha  3          # derived   number of alpha spin electrons
               nbeta  3          # derived   number of beta  spin electrons
           nmo_alpha  3          # derived   number of alpha spin molecular orbitals
            nmo_beta  3          # derived   number of beta spin molecular orbitals
                  lo  9.0905e-04 # derived   smallest length scale we need to resolve
            protocol  [1.0000e-04, 1.0000e-06] # derived   calculation protocol
                gopt  false      # default   geometry optimizer
                gtol  1.0000e-04 # default   geometry tolerance
               gtest  false      # default   geometry tolerance
                gval  1.0000e-05 # default   value precision
               gprec  1.0000e-04 # default   gradient precision
            gmaxiter  20         # default   optimization maxiter
    ginitial_hessian  false      # default   compute inital hessian for optimization
              algopt  bfgs       # default   algorithm used for optimization              [bfgs, cg]
            tdksprop  false      # default   time-dependent Kohn-Sham equation propagate
           nv_factor  1          # default   factor to multiply number of virtual orbitals with when automatically decreasing nvirt
           vnucextra  2          # default   load balance parameter for nuclear pot
        loadbalparts  2          # default   ??
            response  false      # default   response function calculation
       response_freq  0.0000e+00 # default   frequency for calculation response function
       response_axis  [1, 1, 1]  # default   response axis
           nonrotate  false      # default   if true do not molcule orient (redundant with no_orient
               rconv  1.0000e-06 # default   Response convergence
              efield  0.0000e+00 # default   eps for finite field
         efield_axis  0          # default   finite field axis                            [0, 1, 2]
              nwfile  none       # default   Base name of nwchem output files (.out and .movecs extensions) to read from
                 ncf  (none,1.0000e+00) # defined   nuclear correlation factor
             hessian  false      # default   compute the hessian matrix
           read_cphf  false      # default   read the converged orbital response for nuclear displacements from file
        restart_cphf  false      # default   read the guess orbital response for nuclear displacements from file
      purify_hessian  false      # default   symmetrize the hessian matrix based on atomic charges

end
              charge  0.0000e+00 # defined   total molecular charge
                  xc  hf         # defined   XC input line
               smear  0.0000e+00 # default   smearing parameter
               econv  1.0000e-04 # defined   energy convergence
               dconv  5.0000e-04 # defined   density convergence
convergence_criteria  [bsh_residual, total_energy] # default   possible values are: bsh_residual, total_energy, each_energy, density
                   k  7          # defined   polynomial order
                   l  5.5228e+01 # derived   user coordinates box size
               deriv  abgv       # default   derivative method                            [abgv, bspline, ble]
           dft_deriv  abgv       # default   derivative method for gga potentials         [abgv, bspline, ble]
             maxrotn  2.5000e-01 # default   step restriction used in autoshift algorithm
             nvalpha  0          # default   number of alpha virtuals to compute
              nvbeta  0          # default   number of beta virtuals to compute
               nopen  0          # default   number of unpaired electrons = nalpha-nbeta
             maxiter  25         # default   maximum number of iterations
                 nio  1          # default   no. of io servers to use
     spin_restricted  true       # default   true if spin restricted
              plotlo  0          # default   range of MOs to print (for both spins if polarized
              plothi  -1         # default   range of MOs to print (for both spins if polarized
            plotdens  false      # default   If true print the density at convergence
            plotcoul  false      # default   If true plot the total coulomb potential at convergence
            localize  boys       # defined   localization method                          [pm, boys, new, canon]
          pointgroup  c1         # derived   use point (sub) group symmetry if not localized[c1, c2, ci, cs, c2v, c2h, d2, d2h]
             restart  false      # default   if true restart from orbitals on disk
           restartao  false      # default   if true restart from orbitals projected into AO basis (STO3G) on disk
          no_compute  false      # default   if true use orbitals on disk, set value to computed
           no_orient  false      # default   if true the molecule coordinates will not be reoriented
                save  true       # default   if true save orbitals to disk
              maxsub  10         # default   size of iterative subspace ... set to 0 or 1 to disable
        orbitalshift  0.0000e+00 # default   scf orbital shift: shift the occ orbitals to lower energies
            npt_plot  101        # default   no. of points to use in each dim for plots
           plot_cell  []         # default   lo hi in each dimension for plotting (default is all space)
             aobasis  6-31g      # derived   AO basis used for initial guess (6-31g or sto-3g)
           core_type  none       # default   core potential type                          [none, mpc]
         derivatives  false      # default   if true calculate nuclear derivatives
              dipole  false      # default   if true calculate dipole moment
      conv_only_dens  false      # default   if true remove bsh_residual from convergence criteria (deprecated)
            psp_calc  false      # default   pseudopotential calculation for all atoms
 print_dipole_matels  false      # default   if true output dipole matrix elements
            pcm_data  none       # default   do a PCM (solvent) calculation
             ac_data  none       # default   do a calculation with asymptotic correction (see ACParameters class in chem/AC.h for details)
             pure_ae  true       # default   pure all electron calculation with no pseudo-atoms
         print_level  3          # default   0: no output; 1: final energy; 2: iterations; 3: timings; 10: debug
              nalpha  3          # derived   number of alpha spin electrons
               nbeta  3          # derived   number of beta  spin electrons
           nmo_alpha  3          # derived   number of alpha spin molecular orbitals
            nmo_beta  3          # derived   number of beta spin molecular orbitals
                  lo  9.0905e-04 # derived   smallest length scale we need to resolve
            protocol  [1.0000e-04, 1.0000e-06] # derived   calculation protocol
                gopt  false      # default   geometry optimizer
                gtol  1.0000e-04 # default   geometry tolerance
               gtest  false      # default   geometry tolerance
                gval  1.0000e-05 # default   value precision
               gprec  1.0000e-04 # default   gradient precision
            gmaxiter  20         # default   optimization maxiter
    ginitial_hessian  false      # default   compute inital hessian for optimization
              algopt  bfgs       # default   algorithm used for optimization              [bfgs, cg]
            tdksprop  false      # default   time-dependent Kohn-Sham equation propagate
           nv_factor  1          # default   factor to multiply number of virtual orbitals with when automatically decreasing nvirt
           vnucextra  2          # default   load balance parameter for nuclear pot
        loadbalparts  2          # default   ??
            response  false      # default   response function calculation
       response_freq  0.0000e+00 # default   frequency for calculation response function
       response_axis  [1, 1, 1]  # default   response axis
           nonrotate  false      # default   if true do not molcule orient (redundant with no_orient
               rconv  1.0000e-06 # default   Response convergence
              efield  0.0000e+00 # default   eps for finite field
         efield_axis  0          # default   finite field axis                            [0, 1, 2]
              nwfile  none       # default   Base name of nwchem output files (.out and .movecs extensions) to read from



 geometry
   eprec 1.0e-06
   units atomic
   Be            0.00000000           0.00000000           0.06299087
   H             0.00000000           0.00000000           4.97627882
   H             0.00000000           0.00000000          -5.22824230
 end

Solving NDIM= 3  with thresh 1.000000e-04     k 7    conv 5.000000e-04 

timer:     Project vnuclear     0.14s     0.14s
constructed nuclear correlation factor of the form
    R   =  1.000000e+00
with eprec  1.000000e-06
which means it's (nearly) a conventional calculation

timer:        reproject ncf     0.59s     0.59s
timer:        guess density     0.15s     0.15s
timer:   guess Coulomb potn     0.16s     0.16s
timer:       guess lda potn     0.05s     0.05s
timer:        guess overlap     0.01s     0.01s
timer:    KEmat reconstruct     0.01s     0.01s
timer:  KEmat differentiate     0.16s     0.16s
timer:       KEmat compress     0.04s     0.04s
timer: KEmat inner products     0.03s     0.03s
timer:     guess Kinet potn     0.24s     0.24s
timer:           guess fock     0.14s     0.14s
timer:      guess eigen sol     0.04s     0.04s
timer: guess orbital groupi     0.01s     0.01s

starting protocol at time      2.2s 
precision steps  1.000000e-04  -->  1.000000e-04
protocol: thresh 1.000000e-04 econv  1.000000e-04 dconv 5.000000e-04

ending protocol at time      2.2s 

Solving NDIM= 3  with thresh 1.000000e-04     k 7    conv 5.000000e-04 

timer:        Boys localize     0.15s     0.15s
orbital irreps []
timer:      reconstruct psi     0.02s     0.02s
timer:        compute Jnemo     0.13s     0.13s
timer:        compute Knemo     0.49s     0.49s
timer: compute Unemo 0.0166     0.06s     0.06s

  nuclear and kinetic     -22.86583345
         kinetic only      15.07869298
              coulomb       8.95201620
             exchange      -3.17303587
    nuclear-repulsion       1.66808200
   regularized energy     -15.41877112
  buggy if hybrid functionals are used..
timer:       compute energy     0.70s     0.70s
Norm of vector changes ab spin case : rms 9.943144e-02    max 1.353301e-01
convergence: bshresidual, energy change, max energy change, density change 1.1e-01 1.5e+01 1.5e+01 1.4e+00
finished iteration  0 at time      4.9s with energy  -15.41877112
timer:        Boys localize     0.17s     0.17s
orbital irreps []
timer:      reconstruct psi     0.03s     0.03s
timer:        compute Jnemo     0.12s     0.12s
timer:        compute Knemo     0.54s     0.54s
timer: compute Unemo 0.0164     0.04s     0.04s

  nuclear and kinetic     -23.01111842
         kinetic only      14.98170517
              coulomb       8.96314914
             exchange      -3.09998183
    nuclear-repulsion       1.66808200
   regularized energy     -15.47986910
  buggy if hybrid functionals are used..
timer:       compute energy     0.68s     0.68s
Norm of vector changes ab spin case : rms 4.602762e-02    max 6.061637e-02
convergence: bshresidual, energy change, max energy change, density change 3.3e-02 6.1e-02 1.5e-01 1.8e-02
finished iteration  1 at time      7.5s with energy  -15.47986910
timer:        Boys localize     0.18s     0.18s
orbital irreps []
timer:      reconstruct psi     0.03s     0.03s
timer:        compute Jnemo     0.12s     0.12s
timer:        compute Knemo     0.51s     0.51s
timer: compute Unemo 0.0165     0.04s     0.04s

  nuclear and kinetic     -23.10602066
         kinetic only      14.97905025
              coulomb       9.02460460
             exchange      -3.07601817
    nuclear-repulsion       1.66808200
   regularized energy     -15.48935223
  buggy if hybrid functionals are used..
timer:       compute energy     0.66s     0.66s
Norm of vector changes ab spin case : rms 1.344463e-02    max 1.872516e-02
convergence: bshresidual, energy change, max energy change, density change 7.7e-03 9.5e-03 9.5e-02 5.0e-03
finished iteration  2 at time     10.2s with energy  -15.48935223
timer:        Boys localize     0.17s     0.17s
orbital irreps []
timer:      reconstruct psi     0.02s     0.02s
timer:        compute Jnemo     0.11s     0.11s
timer:        compute Knemo     0.50s     0.50s
timer: compute Unemo 0.0165     0.04s     0.04s

  nuclear and kinetic     -23.14403058
         kinetic only      14.98296319
              coulomb       9.05670798
             exchange      -3.07117303
    nuclear-repulsion       1.66808200
   regularized energy     -15.49041363
  buggy if hybrid functionals are used..
timer:       compute energy     0.66s     0.66s
Norm of vector changes ab spin case : rms 5.600703e-03    max 8.031469e-03
convergence: bshresidual, energy change, max energy change, density change 2.6e-03 1.1e-03 3.8e-02 1.3e-03
finished iteration  3 at time     12.8s with energy  -15.49041363
timer:        Boys localize     0.17s     0.17s
orbital irreps []
timer:      reconstruct psi     0.03s     0.03s
timer:        compute Jnemo     0.12s     0.12s
timer:        compute Knemo     0.51s     0.51s
timer: compute Unemo 0.0165     0.04s     0.04s

  nuclear and kinetic     -23.15669344
         kinetic only      14.98375538
              coulomb       9.06831471
             exchange      -3.07027711
    nuclear-repulsion       1.66808200
   regularized energy     -15.49057384
  buggy if hybrid functionals are used..
timer:       compute energy     0.65s     0.65s
Norm of vector changes ab spin case : rms 1.790907e-03    max 2.395794e-03
convergence: bshresidual, energy change, max energy change, density change 8.5e-04 1.6e-04 1.3e-02 3.5e-04
finished iteration  4 at time     15.4s with energy  -15.49057384
timer:        Boys localize     0.17s     0.17s
orbital irreps []
timer:      reconstruct psi     0.03s     0.03s
timer:        compute Jnemo     0.12s     0.12s
timer:        compute Knemo     0.51s     0.51s
timer: compute Unemo 0.0165     0.04s     0.04s

  nuclear and kinetic     -23.15708626
         kinetic only      14.98289375
              coulomb       9.06874516
             exchange      -3.07033463
    nuclear-repulsion       1.66808200
   regularized energy     -15.49059372
  buggy if hybrid functionals are used..
timer:       compute energy     0.67s     0.67s
Norm of vector changes ab spin case : rms 2.298207e-03    max 3.132560e-03
convergence: bshresidual, energy change, max energy change, density change 5.6e-04 2.0e-05 8.6e-04 3.5e-04
finished iteration  5 at time     18.1s with energy  -15.49059372
timer:        Boys localize     0.17s     0.17s
orbital irreps []
timer:      reconstruct psi     0.03s     0.03s
timer:        compute Jnemo     0.12s     0.12s
timer:        compute Knemo     0.51s     0.51s
timer: compute Unemo 0.0165     0.04s     0.04s

  nuclear and kinetic     -23.15575263
         kinetic only      14.98147990
              coulomb       9.06776480
             exchange      -3.07069639
    nuclear-repulsion       1.66808200
   regularized energy     -15.49060223
  buggy if hybrid functionals are used..
timer:       compute energy     0.66s     0.66s
Norm of vector changes ab spin case : rms 2.843850e-04    max 3.508639e-04
convergence: bshresidual, energy change, max energy change, density change 2.8e-04 8.5e-06 1.4e-03 8.7e-05
finished iteration  6 at time     20.7s with energy  -15.49060223

Iterations converged


ending protocol at time     20.7s 

 Dipole Moment (a.u.)
 -----------

     x:  3.779466e-14
     y:  -9.264023e-15
     z:  1.738836e-01
 Total Dipole Moment:  1.738836e-01 

timer:               dipole     0.01s     0.01s
Nemo Orbital Energies: [*]  -4.87788030  -0.36087113  -0.34205649

nemo energy:  -1.549060e+01
 at time 20.9
PNO Integrals evaluated as:
pnoint
       rank_increase  15         # default   maximum rank to increase in every macroiteration
               chunk  100        # default   chunk of functions operated on in parallel when G or K is applied (prevent memory shortage)
               debug  false      # default   debug mode
              freeze  1          # derived   frozen core approximation
             maxrank  2          # defined   maximal pno rank for all pairs
           guesstype  exop       # derived   the guesstype: exop (recommended, multiply polynomial excitation operators onto the occupied orbitals), empty (don't compute a guess), scf (use the ao basis from the SCF solver), partial_wave (create s,p,d ..., type functions and place on atoms), predefined (same as partial_wave but for predefined sets)
                exop  multipole  # derived   this string defines which excitation operators can be used, use 'dipole', 'dipole+', 'quadrupole', 'ocopole', or 'multipole', need to set guesstype to 'exop' which is the default
          exop_trigo  true       # default   use trigonometric excitation operators ( x --> sin(x)
        partial_wave             # default   atom centered partial wave guess of format like 'h-2s1p-o-3s2p1d', need to set guesstype to 'partial_wave' and adaptive_solver to 'none'
          predefined             # default   predefined partial wave guesses of type pvxz with x=d,t,q,5,6, need to set guesstype to 'predefined' and adaptive_solver to 'none'
           maxiter_t  100        # default   maximal number of iterations in the amplitude solver
       maxiter_micro  10         # default   Maximum of iterations for every cycle in the adaptive solver
       maxiter_macro  10         # default   Maximum of iterations of cycles in the adaptive solver
                tpno  1.0000e-08 # default   PNO cutoff threshold
          tpno_tight  1.0000e-10 # derived   PNO cutoff for the first iteration
    canonicalize_pno  true       # default   canonicalize the pnos before the amplitude solver
              thresh  1.0000e-04 # defined   MRA threshold
         econv_micro  1.0000e-04 # derived   Energy convergence for microiterations (Greens function based optimization) in adaptive solver
         econv_pairs  1.0000e-05 # derived   ENergy convergence for individual pairs in adaptive solver. Converged pairs are frozen automatically
         econv_macro  1.0000e-04 # derived   Energy convergence for macroiterations in adaptive solver, no effect if adaptive_solver is deactivated
               dconv  1.0000e-01 # default   convergence of every PNO in the Green's function solver
           op_thresh  1.0000e-06 # default   MRA operator thresh
             restart  none       # derived   restart pairs of this type, use 'mp2', 'cispd', 'all' or 'none'
          no_compute  none       # default   do not compute the pairs of this type, use 'mp2', 'cispd', 'all' or 'none'
              no_opt  none       # default   do not optimize the pnos of this type, use 'mp2', 'cispd', 'all' or 'none'
            no_guess  none       # derived   guess for this type will be empty, use 'mp2', 'cispd', 'all' or 'none'
     adaptive_solver  all        # default   Use adaptive solver for those pairs, use 'mp2', 'cispd', 'all' or 'none', works only in combination with guesstype 'exop'
                kain  true       # default   use KAIN solver in amplitude solver
       kain_subspace  5          # default   subspace size of the KAIN solver (amplitudes)
                 f12  false      # defined   use explicit correlation
        cispd_number  -1         # default   CIS(D) excitation numbers, to read in correct functions
        cispd_energy  0.0000e+00 # default   CIS energy
        freeze_pairs  none       # default   frozen pairs will not be optimized: Expected format 'a b c d' will freeze pairs ab and cd
freeze_pairs_of_orbital  []         # default    All pairs which originate from this orbital will not be optimized
active_pairs_of_orbital  []         # default    All pairs which originate from this orbital will not be frozen all other pairs will, if this vector is not empty
no_opt_in_first_iteration  false      # default   Do not optimize in the first iteration (then the potentials do not have to be evaluated, use this for large guesses)
            exchange  full       # default   approximate exchange with 'neglect' or xc functional -> same syntax as moldft
           save_pnos  true       # default   Save the OBS-PNOs to a file, before and after orthonormalization.
            diagonal  true       # defined   Compute only diagonal PNOs
              orthog  symmetric  # defined   orthogonalization method for PNO basis, also current default for a potential CABS. options: symmetric, canonical, cholesky, rr_cholesky,
         orthog_cabs  default    # default   orthogonalization method for CABS basis. options: symmetric, canonical, cholesky, rr_cholesky, uses same as orbitals basis if default.
               n_pno  2          # defined   desired size of PNO-basis (orbital space)
         cabs_option  none       # default   type of complementary auxiliary basis to be used. can be none ~ no CABS, gbs ~ Gaussian basis set as CABS, requires input via auxbas_file, pno ~ use superfluous PNOs as CABS, mixed ~ gbs&pno-option
       pno_cabs_size  -1         # default   size of a potential pno-cabs. defaults to -1 ~ all remaining PNOs, if pno-cabs or mixed-cabs
           only_diag  true       # derived   use only diagonal elements PNOs
         cherry_pick  []         # default   cherry pick option to choose particular set of PNOs, not just blindly by occupation number. can be useful, if only a restricted number of PNOs can be used, to avoid separating degenerate pairs. can be envoked by passing a vector via [ elem1, elem2, ... ]
         ignore_pair  []         # default   ignore certain pairs in the selection of pnos numbering is 00-0, 01-1, 02-2 ...
               gamma  1.4000e+00 # default   The f12 length scale, here to be used to compute f12-integrals
         cabs_thresh  1.0000e-04 # derived    thresh for cabs part
              auxbas  none       # default   atom centered partial wave guess of format like 'h-2s1p-o-3s2p1d'
         auxbas_file  none       # default   Use external comp. aux. basis in addition to the pnos as auxbasis. Give the filename as parameter. Give the auxbas in turbomole format. Don't use contractions. If a file is specified the auxbas parameter has no effect
   print_pno_overlap  true       # default   Print overlap matrix at certain steps in computation, for debugging purposes.
              n_virt  0          # defined   Compute this number of virtuals and include them in the integral construction, experimental and not robust!.
      hardcore_boson  false      # default   compute only integrals for hardcore boson hamiltonian (restricted to double occupations)

end
F12 Operators initialized right
timer:                    Testing F12 Operators     0.14s     0.14s 
timer:  Initializing (active) Exchange Orbitals     0.31s     0.31s 
Size of active mos and their exchange potentials:
K(acmos)=3.148437e-03 Gbyte
acmos   =2.759993e-03 Gbyte
PNO Parameters
pno
       rank_increase  15         # default   maximum rank to increase in every macroiteration
               chunk  100        # default   chunk of functions operated on in parallel when G or K is applied (prevent memory shortage)
               debug  false      # default   debug mode
              freeze  1          # derived   frozen core approximation
             maxrank  2          # defined   maximal pno rank for all pairs
           guesstype  exop       # derived   the guesstype: exop (recommended, multiply polynomial excitation operators onto the occupied orbitals), empty (don't compute a guess), scf (use the ao basis from the SCF solver), partial_wave (create s,p,d ..., type functions and place on atoms), predefined (same as partial_wave but for predefined sets)
                exop  multipole  # derived   this string defines which excitation operators can be used, use 'dipole', 'dipole+', 'quadrupole', 'ocopole', or 'multipole', need to set guesstype to 'exop' which is the default
          exop_trigo  true       # default   use trigonometric excitation operators ( x --> sin(x)
        partial_wave             # default   atom centered partial wave guess of format like 'h-2s1p-o-3s2p1d', need to set guesstype to 'partial_wave' and adaptive_solver to 'none'
          predefined             # default   predefined partial wave guesses of type pvxz with x=d,t,q,5,6, need to set guesstype to 'predefined' and adaptive_solver to 'none'
           maxiter_t  100        # default   maximal number of iterations in the amplitude solver
       maxiter_micro  10         # default   Maximum of iterations for every cycle in the adaptive solver
       maxiter_macro  10         # default   Maximum of iterations of cycles in the adaptive solver
                tpno  1.0000e-08 # default   PNO cutoff threshold
          tpno_tight  1.0000e-10 # derived   PNO cutoff for the first iteration
    canonicalize_pno  true       # default   canonicalize the pnos before the amplitude solver
              thresh  1.0000e-04 # defined   MRA threshold
         econv_micro  1.0000e-04 # derived   Energy convergence for microiterations (Greens function based optimization) in adaptive solver
         econv_pairs  1.0000e-05 # derived   ENergy convergence for individual pairs in adaptive solver. Converged pairs are frozen automatically
         econv_macro  1.0000e-04 # derived   Energy convergence for macroiterations in adaptive solver, no effect if adaptive_solver is deactivated
               dconv  1.0000e-01 # default   convergence of every PNO in the Green's function solver
           op_thresh  1.0000e-06 # default   MRA operator thresh
             restart  none       # derived   restart pairs of this type, use 'mp2', 'cispd', 'all' or 'none'
          no_compute  none       # default   do not compute the pairs of this type, use 'mp2', 'cispd', 'all' or 'none'
              no_opt  none       # default   do not optimize the pnos of this type, use 'mp2', 'cispd', 'all' or 'none'
            no_guess  none       # derived   guess for this type will be empty, use 'mp2', 'cispd', 'all' or 'none'
     adaptive_solver  all        # default   Use adaptive solver for those pairs, use 'mp2', 'cispd', 'all' or 'none', works only in combination with guesstype 'exop'
                kain  true       # default   use KAIN solver in amplitude solver
       kain_subspace  5          # default   subspace size of the KAIN solver (amplitudes)
                 f12  false      # defined   use explicit correlation
        cispd_number  -1         # default   CIS(D) excitation numbers, to read in correct functions
        cispd_energy  0.0000e+00 # default   CIS energy
        freeze_pairs  none       # default   frozen pairs will not be optimized: Expected format 'a b c d' will freeze pairs ab and cd
freeze_pairs_of_orbital  []         # default    All pairs which originate from this orbital will not be optimized
active_pairs_of_orbital  []         # default    All pairs which originate from this orbital will not be frozen all other pairs will, if this vector is not empty
no_opt_in_first_iteration  false      # default   Do not optimize in the first iteration (then the potentials do not have to be evaluated, use this for large guesses)
            exchange  full       # default   approximate exchange with 'neglect' or xc functional -> same syntax as moldft
           save_pnos  true       # default   Save the OBS-PNOs to a file, before and after orthonormalization.
            diagonal  true       # defined   Compute only diagonal PNOs

end

**********************
Solve PNO-MP2
*********************


**********************
Iterate Pairs
*********************


************************
Adaptive Solver
***********************

Initializing empty Pairs:
no guess was explicitly demanded for mp2

timer:                                     RRCD     0.00s     0.00s 
timer:                             MRA compress     0.00s     0.00s 
timer:                          Transform Pairs     0.00s     0.00s 
timer:          apply Q and orthonormalize PNOs     0.00s     0.00s 
Created Guess:
pair11 with 0 guess functions
pair21 with 0 guess functions
pair22 with 0 guess functions
guess pair11 size: 0.0000000000e+00 | 0.0000000000e+00 Gbyte (after truncation)
guess pair22 size: 0.0000000000e+00 | 0.0000000000e+00 Gbyte (after truncation)
timer:                           truncate guess     0.00s     0.00s 
timer:                         Initialize Pairs     0.00s     0.00s 
Keyword multipole is not known
Guess protocol for adaptively growing ranks is: [dipole+, quadrupole, big_fock_3, big_fock_3, big_fock_3, big_fock_3, big_fock_3, big_fock_3, big_fock_3, big_fock_3]


--------Adaptive Solver Macroiteration 0 from max 10 ----------

Growing ranks with exop=dipole+
Create guess functions by multiplying plane-waves to 1 functions 
Created 4 virtuals for pair11
pair21 is frozen: no growing
Create guess functions by multiplying plane-waves to 1 functions 
Created 4 virtuals for pair22
frozen pair: no orthonormalization
timer:                                     RRCD     0.02s     0.02s 
timer:                             MRA compress     0.00s     0.00s 
timer:                          Transform Pairs     0.02s     0.02s 
timer:                        grow PNO subspace     0.21s     0.21s 
SolveInternal: Parameters are assigned as
no_compute        = false
no_opt            = false
restart           = false
do_cispd          = false
econv             =1.0000000000e-04
maxrank (min,max) = (2,2)
Solving MP2 doubles
timer:          fock matrix     0.45s     0.45s
Information About All Pairs:
mp2_pair11           number=0 rank=  4 frozen=false
mp2_pair21           number=1 rank=  0 frozen=true
mp2_pair22           number=2 rank=  4 frozen=false
number of pairs=3
average rank   =2 (2.6666666667e+00)
largest rank   =4
PNOPairs Memory Information
Total: 0.0103857517 GB 
PNO  : 0.0103857517 GB 
KPNO : 0.0000000000 GB 
W    : 0.0000000000 GB 

timer:                                 truncate     0.00s     0.00s 
wall time=23.4395160675 chunk=8 allK.size()=8 memory=0.0102221966 GB
timer:                             compute KPNO     0.96s     0.96s 
wall time=23.4635069370 chunk=8 allJ.size()=8 memory=0.0115306377 GB
timer:                             compute JPNO     0.02s     0.02s 
timer:                    compute Fock matrices     0.37s     0.37s 
timer:                             MRA compress     0.00s     0.00s 
timer:                          Transform Pairs     0.05s     0.05s 
timer:                             Canonicalize     0.05s     0.05s 
PNOPairs Memory Information
Total: 0.0196266174 GB 
PNO  : 0.0098950863 GB 
KPNO : 0.0097315311 GB 
W    : 0.0000000000 GB 

timer:                                 truncate     0.01s     0.01s 
mp2_pair21 is frozen: potential not computed
timer:                   Fluctuation Potentials     0.55s     0.55s 
timer:                       Fluctuation Matrix     0.03s     0.03s 
PNOPairs Memory Information
Total: 0.0335288048 GB 
PNO  : 0.0098950863 GB 
KPNO : 0.0097315311 GB 
W    : 0.0139021873 GB 

PNOPairs Memory Information
Total: 0.0335288048 GB 
PNO  : 0.0098950863 GB 
KPNO : 0.0097315311 GB 
W    : 0.0139021873 GB 

timer:                                 truncate     0.01s     0.01s 
timer:                             PNO Overlaps     0.02s     0.02s 
t_iter =  0  Hylleraas energy =  0.0000000000  ||R||_F =  0.1545756940  conv =  no
subspace solution [*]   1.00000000

t_iter =  1  Hylleraas energy =  -0.0323053712  ||R||_F =  0.0000000274  conv =  yes
=======================================================

Hylleraas MP2 Energies

=======================================================
    i    j      singlet      triplet        Total
=======================================================
    1    1  -1.54770e-02  0.00000e+00 -1.54770e-02
    2    1   0.00000e+00  0.00000e+00  0.00000e+00
    2    2  -1.68284e-02  0.00000e+00 -1.68284e-02
=======================================================
Hylleraas MP2 Energies (singlet): -3.23054e-02
Hylleraas MP2 Energies (triplet):  0.00000e+00
Hylleraas MP2 Energies (total)  : -3.23054e-02
=======================================================
-------------------------------------------
Total Reg Energy  =-3.23054e-02
Total F12 Energy  = 0.00000e+00
Sum Energies Total=-3.23054e-02
-------------------------------------------
timer:                         Solve Amplitudes     0.00s     0.00s 
No optimization untill now: Compressing pno ranks with tighter threshold
1.00000e-10 instead of 1.00000e-08
pair11: density evals:
 [*]   0.00254338   0.00338013   0.00338013   0.03308072

pair11: # of PNOs reduced from  4  to  2  maxrank= 2
pair22: density evals:
 [*]   0.00248733   0.00323608   0.00323608   0.04139314

pair22: # of PNOs reduced from  4  to  2  maxrank= 2
timer:                            compress PNOs     0.00s     0.00s 
timer:                             MRA compress     0.00s     0.00s 
timer:                          Transform Pairs     0.04s     0.04s 
timer:                          PNO Compression     0.05s     0.05s 
Information About All Pairs:
mp2_pair11           number=0 rank=  2 frozen=false
mp2_pair21           number=1 rank=  0 frozen=true
mp2_pair22           number=2 rank=  2 frozen=false
number of pairs=3
average rank   =1 (1.33333e+00)
largest rank   =2
saving vector of functions mp2_pair11
saving vector of functions mp2_pair22
timer:                        save pnos on disc     0.01s     0.01s 
PNOPairs Memory Information
Total: 0.01762 GB 
PNO  : 0.00511 GB 
KPNO : 0.00499 GB 
W    : 0.00752 GB 

timer:                                 truncate     0.00s     0.00s 
timer:      compute densities for G application     0.00s     0.00s 
pair21 is frozen: no optimization
timer:                Prepare for G application     0.04s     0.04s 
timer:                                    add K     0.01s     0.01s 
size of all Vpsi potentials (without Vnuc and J) 0.00622 GB 
time=24.75868 chunk=4 Vpsi+Vnuc+J=0.01779 GB
time=24.76586 chunk=4 Vpsi+Vnuc+J=0.01746 GB (after truncation)
timer:                           Apply G to all     0.51s     0.51s 
timer:                       apply Q and update     0.00s     0.00s 
mp2_pair11 residual norms:
[0.35502, 0.37805]
mp2_pair11 scaled residual norms:
[0.02064, 0.06876]
mp2_pair22 residual norms:
[0.35572, 0.36944]
mp2_pair22 scaled residual norms:
[0.02024, 0.07516]
timer:                          update all PNOs     0.55s     0.55s 
frozen pair: no orthonormalization
timer:                                     RRCD     0.02s     0.02s 
timer:                             MRA compress     0.00s     0.00s 
timer:                          Transform Pairs     0.01s     0.01s 
saving vector of functions mp2_pair11
saving vector of functions mp2_pair22
timer:                        save pnos on disc     0.01s     0.01s 


No convergence yet. Energy change = 0.03231

timer:                        Whole Iteration 1     2.72s     2.72s 
Information About All Pairs:
mp2_pair11           number=0 rank=  2 frozen=false
mp2_pair21           number=1 rank=  0 frozen=true
mp2_pair22           number=2 rank=  2 frozen=false
number of pairs=3
average rank   =1 (1.33333)
largest rank   =2
PNOPairs Memory Information
Total: 0.00540 GB 
PNO  : 0.00540 GB 
KPNO : 0.00000 GB 
W    : 0.00000 GB 

timer:                                 truncate     0.00s     0.00s 
wall time=25.70079 chunk=4 allK.size()=4 memory=0.00507 GB
timer:                             compute KPNO     0.50s     0.50s 
wall time=25.71476 chunk=4 allJ.size()=4 memory=0.00589 GB
timer:                             compute JPNO     0.01s     0.01s 
timer:                    compute Fock matrices     0.24s     0.24s 
timer:                             MRA compress     0.00s     0.00s 
timer:                          Transform Pairs     0.02s     0.02s 
timer:                             Canonicalize     0.02s     0.02s 
PNOPairs Memory Information
Total: 0.01047 GB 
PNO  : 0.00540 GB 
KPNO : 0.00507 GB 
W    : 0.00000 GB 

timer:                                 truncate     0.00s     0.00s 
mp2_pair21 is frozen: potential not computed
timer:                   Fluctuation Potentials     0.30s     0.30s 
timer:                       Fluctuation Matrix     0.03s     0.03s 
PNOPairs Memory Information
Total: 0.01799 GB 
PNO  : 0.00540 GB 
KPNO : 0.00507 GB 
W    : 0.00752 GB 

PNOPairs Memory Information
Total: 0.01799 GB 
PNO  : 0.00540 GB 
KPNO : 0.00507 GB 
W    : 0.00752 GB 

timer:                                 truncate     0.00s     0.00s 
timer:                             PNO Overlaps     0.03s     0.03s 
t_iter =  0  Hylleraas energy =  0.00000  ||R||_F =  0.18894  conv =  no
subspace solution [*]   1.00000000

t_iter =  1  Hylleraas energy =  -0.04828  ||R||_F =  0.00000  conv =  yes
=======================================================

Hylleraas MP2 Energies

=======================================================
    i    j      singlet      triplet        Total
=======================================================
    1    1  -2.28453e-02  0.00000e+00 -2.28453e-02
    2    1   0.00000e+00  0.00000e+00  0.00000e+00
    2    2  -2.54346e-02  0.00000e+00 -2.54346e-02
=======================================================
Hylleraas MP2 Energies (singlet): -4.82799e-02
Hylleraas MP2 Energies (triplet):  0.00000e+00
Hylleraas MP2 Energies (total)  : -4.82799e-02
=======================================================
-------------------------------------------
Total Reg Energy  =-4.82799e-02
Total F12 Energy  = 0.00000e+00
Sum Energies Total=-4.82799e-02
-------------------------------------------
timer:                         Solve Amplitudes     0.00s     0.00s 
pair11: density evals:
 [*]   0.00403855   0.05676085

pair22: density evals:
 [*]   0.00384397   0.07125866

timer:                            compress PNOs     0.00s     0.00s 
timer:                             MRA compress     0.00s     0.00s 
timer:                          Transform Pairs     0.03s     0.03s 
timer:                          PNO Compression     0.03s     0.03s 
Information About All Pairs:
mp2_pair11           number=0 rank=  2 frozen=false
mp2_pair21           number=1 rank=  0 frozen=true
mp2_pair22           number=2 rank=  2 frozen=false
number of pairs=3
average rank   =1 (1.33333e+00)
largest rank   =2
saving vector of functions mp2_pair11
saving vector of functions mp2_pair22
timer:                        save pnos on disc     0.01s     0.01s 
PNOPairs Memory Information
Total: 0.01799 GB 
PNO  : 0.00540 GB 
KPNO : 0.00507 GB 
W    : 0.00752 GB 

timer:                                 truncate     0.00s     0.00s 
timer:      compute densities for G application     0.00s     0.00s 
pair21 is frozen: no optimization
timer:                Prepare for G application     0.04s     0.04s 
timer:                                    add K     0.01s     0.01s 
size of all Vpsi potentials (without Vnuc and J) 0.00679 GB 
time=26.55241 chunk=4 Vpsi+Vnuc+J=0.01742 GB
time=26.55955 chunk=4 Vpsi+Vnuc+J=0.01685 GB (after truncation)
timer:                           Apply G to all     0.47s     0.47s 
timer:                       apply Q and update     0.00s     0.00s 
mp2_pair11 residual norms:
[0.08645, 0.10153]
mp2_pair11 scaled residual norms:
[0.00549, 0.02419]
mp2_pair22 residual norms:
[0.08821, 0.09525]
mp2_pair22 scaled residual norms:
[0.00547, 0.02543]
timer:                          update all PNOs     0.52s     0.52s 
frozen pair: no orthonormalization
timer:                                     RRCD     0.01s     0.01s 
timer:                             MRA compress     0.00s     0.00s 
timer:                          Transform Pairs     0.01s     0.01s 
saving vector of functions mp2_pair11
saving vector of functions mp2_pair22
timer:                        save pnos on disc     0.01s     0.01s 


No convergence yet. Energy change = 0.01597

timer:                        Whole Iteration 2     1.76s     1.76s 
Information About All Pairs:
mp2_pair11           number=0 rank=  2 frozen=false
mp2_pair21           number=1 rank=  0 frozen=true
mp2_pair22           number=2 rank=  2 frozen=false
number of pairs=3
average rank   =1 (1.33333)
largest rank   =2
PNOPairs Memory Information
Total: 0.00556 GB 
PNO  : 0.00556 GB 
KPNO : 0.00000 GB 
W    : 0.00000 GB 

timer:                                 truncate     0.00s     0.00s 
wall time=27.47371 chunk=4 allK.size()=4 memory=0.00527 GB
timer:                             compute KPNO     0.51s     0.51s 
wall time=27.48768 chunk=4 allJ.size()=4 memory=0.00613 GB
timer:                             compute JPNO     0.01s     0.01s 
timer:                    compute Fock matrices     0.24s     0.24s 
timer:                             MRA compress     0.00s     0.00s 
timer:                          Transform Pairs     0.02s     0.02s 
timer:                             Canonicalize     0.02s     0.02s 
PNOPairs Memory Information
Total: 0.01084 GB 
PNO  : 0.00556 GB 
KPNO : 0.00527 GB 
W    : 0.00000 GB 

timer:                                 truncate     0.00s     0.00s 
mp2_pair21 is frozen: potential not computed
timer:                   Fluctuation Potentials     0.31s     0.31s 
timer:                       Fluctuation Matrix     0.03s     0.03s 
PNOPairs Memory Information
Total: 0.01836 GB 
PNO  : 0.00556 GB 
KPNO : 0.00527 GB 
W    : 0.00752 GB 

PNOPairs Memory Information
Total: 0.01836 GB 
PNO  : 0.00556 GB 
KPNO : 0.00527 GB 
W    : 0.00752 GB 

timer:                                 truncate     0.00s     0.00s 
timer:                             PNO Overlaps     0.03s     0.03s 
t_iter =  0  Hylleraas energy =  0.00000  ||R||_F =  0.20131  conv =  no
subspace solution [*]   1.00000000

t_iter =  1  Hylleraas energy =  -0.05123  ||R||_F =  0.00000  conv =  yes
=======================================================

Hylleraas MP2 Energies

=======================================================
    i    j      singlet      triplet        Total
=======================================================
    1    1  -2.42932e-02  0.00000e+00 -2.42932e-02
    2    1   0.00000e+00  0.00000e+00  0.00000e+00
    2    2  -2.69391e-02  0.00000e+00 -2.69391e-02
=======================================================
Hylleraas MP2 Energies (singlet): -5.12323e-02
Hylleraas MP2 Energies (triplet):  0.00000e+00
Hylleraas MP2 Energies (total)  : -5.12323e-02
=======================================================
-------------------------------------------
Total Reg Energy  =-5.12323e-02
Total F12 Energy  = 0.00000e+00
Sum Energies Total=-5.12323e-02
-------------------------------------------
timer:                         Solve Amplitudes     0.00s     0.00s 
pair11: density evals:
 [*]   0.00386107   0.05643951

pair22: density evals:
 [*]   0.00366449   0.07089472

timer:                            compress PNOs     0.00s     0.00s 
timer:                             MRA compress     0.00s     0.00s 
timer:                          Transform Pairs     0.03s     0.03s 
timer:                          PNO Compression     0.03s     0.03s 
Information About All Pairs:
mp2_pair11           number=0 rank=  2 frozen=false
mp2_pair21           number=1 rank=  0 frozen=true
mp2_pair22           number=2 rank=  2 frozen=false
number of pairs=3
average rank   =1 (1.33333e+00)
largest rank   =2
saving vector of functions mp2_pair11
saving vector of functions mp2_pair22
timer:                        save pnos on disc     0.01s     0.01s 
PNOPairs Memory Information
Total: 0.01836 GB 
PNO  : 0.00556 GB 
KPNO : 0.00527 GB 
W    : 0.00752 GB 

timer:                                 truncate     0.00s     0.00s 
timer:      compute densities for G application     0.00s     0.00s 
pair21 is frozen: no optimization
timer:                Prepare for G application     0.04s     0.04s 
timer:                                    add K     0.01s     0.01s 
size of all Vpsi potentials (without Vnuc and J) 0.00711 GB 
time=28.34172 chunk=4 Vpsi+Vnuc+J=0.01770 GB
time=28.34937 chunk=4 Vpsi+Vnuc+J=0.01693 GB (after truncation)
timer:                           Apply G to all     0.48s     0.48s 
timer:                       apply Q and update     0.00s     0.00s 
mp2_pair11 residual norms:
[0.03164, 0.04189]
mp2_pair11 scaled residual norms:
[0.00197, 0.00995]
mp2_pair22 residual norms:
[0.03557, 0.03888]
mp2_pair22 scaled residual norms:
[0.00215, 0.01035]
timer:                          update all PNOs     0.53s     0.53s 
frozen pair: no orthonormalization
timer:                                     RRCD     0.02s     0.02s 
timer:                             MRA compress     0.00s     0.00s 
timer:                          Transform Pairs     0.01s     0.01s 
saving vector of functions mp2_pair11
saving vector of functions mp2_pair22
timer:                        save pnos on disc     0.01s     0.01s 


No convergence yet. Energy change = 0.00295

timer:                        Whole Iteration 3     1.80s     1.80s 
Information About All Pairs:
mp2_pair11           number=0 rank=  2 frozen=false
mp2_pair21           number=1 rank=  0 frozen=true
mp2_pair22           number=2 rank=  2 frozen=false
number of pairs=3
average rank   =1 (1.33333)
largest rank   =2
PNOPairs Memory Information
Total: 0.00564 GB 
PNO  : 0.00564 GB 
KPNO : 0.00000 GB 
W    : 0.00000 GB 

timer:                                 truncate     0.00s     0.00s 
wall time=29.27555 chunk=4 allK.size()=4 memory=0.00540 GB
timer:                             compute KPNO     0.51s     0.51s 
wall time=29.28946 chunk=4 allJ.size()=4 memory=0.00613 GB
timer:                             compute JPNO     0.01s     0.01s 
timer:                    compute Fock matrices     0.25s     0.25s 
timer:                             MRA compress     0.00s     0.00s 
timer:                          Transform Pairs     0.02s     0.02s 
timer:                             Canonicalize     0.02s     0.02s 
PNOPairs Memory Information
Total: 0.01104 GB 
PNO  : 0.00564 GB 
KPNO : 0.00540 GB 
W    : 0.00000 GB 

timer:                                 truncate     0.00s     0.00s 
mp2_pair21 is frozen: potential not computed
timer:                   Fluctuation Potentials     0.32s     0.32s 
timer:                       Fluctuation Matrix     0.03s     0.03s 
PNOPairs Memory Information
Total: 0.01856 GB 
PNO  : 0.00564 GB 
KPNO : 0.00540 GB 
W    : 0.00752 GB 

PNOPairs Memory Information
Total: 0.01856 GB 
PNO  : 0.00564 GB 
KPNO : 0.00540 GB 
W    : 0.00752 GB 

timer:                                 truncate     0.00s     0.00s 
timer:                             PNO Overlaps     0.02s     0.02s 
t_iter =  0  Hylleraas energy =  0.00000  ||R||_F =  0.20571  conv =  no
subspace solution [*]   1.00000000

t_iter =  1  Hylleraas energy =  -0.05177  ||R||_F =  0.00000  conv =  yes
=======================================================

Hylleraas MP2 Energies

=======================================================
    i    j      singlet      triplet        Total
=======================================================
    1    1  -2.45582e-02  0.00000e+00 -2.45582e-02
    2    1   0.00000e+00  0.00000e+00  0.00000e+00
    2    2  -2.72166e-02  0.00000e+00 -2.72166e-02
=======================================================
Hylleraas MP2 Energies (singlet): -5.17748e-02
Hylleraas MP2 Energies (triplet):  0.00000e+00
Hylleraas MP2 Energies (total)  : -5.17748e-02
=======================================================
-------------------------------------------
Total Reg Energy  =-5.17748e-02
Total F12 Energy  = 0.00000e+00
Sum Energies Total=-5.17748e-02
-------------------------------------------
timer:                         Solve Amplitudes     0.00s     0.00s 
pair11: density evals:
 [*]   0.00376344   0.05514416

pair22: density evals:
 [*]   0.00356038   0.06940894

timer:                            compress PNOs     0.00s     0.00s 
timer:                             MRA compress     0.00s     0.00s 
timer:                          Transform Pairs     0.03s     0.03s 
timer:                          PNO Compression     0.03s     0.03s 
Information About All Pairs:
mp2_pair11           number=0 rank=  2 frozen=false
mp2_pair21           number=1 rank=  0 frozen=true
mp2_pair22           number=2 rank=  2 frozen=false
number of pairs=3
average rank   =1 (1.33333e+00)
largest rank   =2
saving vector of functions mp2_pair11
saving vector of functions mp2_pair22
timer:                        save pnos on disc     0.01s     0.01s 
PNOPairs Memory Information
Total: 0.01856 GB 
PNO  : 0.00564 GB 
KPNO : 0.00540 GB 
W    : 0.00752 GB 

timer:                                 truncate     0.00s     0.00s 
timer:      compute densities for G application     0.00s     0.00s 
pair21 is frozen: no optimization
timer:                Prepare for G application     0.04s     0.04s 
timer:                                    add K     0.01s     0.01s 
size of all Vpsi potentials (without Vnuc and J) 0.00711 GB 
time=30.17756 chunk=4 Vpsi+Vnuc+J=0.01795 GB
time=30.18921 chunk=4 Vpsi+Vnuc+J=0.01705 GB (after truncation)
timer:                           Apply G to all     0.51s     0.51s 
timer:                       apply Q and update     0.00s     0.00s 
mp2_pair11 residual norms:
[0.01496, 0.01914]
mp2_pair11 scaled residual norms:
[0.00092, 0.00449]
mp2_pair22 residual norms:
[0.01920, 0.01783]
mp2_pair22 scaled residual norms:
[0.00115, 0.00470]
timer:                          update all PNOs     0.56s     0.56s 
frozen pair: no orthonormalization
timer:                                     RRCD     0.01s     0.01s 
timer:                             MRA compress     0.00s     0.00s 
timer:                          Transform Pairs     0.01s     0.01s 
saving vector of functions mp2_pair11
saving vector of functions mp2_pair22
timer:                        save pnos on disc     0.01s     0.01s 


No convergence yet. Energy change = 0.00054

timer:                        Whole Iteration 4     1.85s     1.85s 
Information About All Pairs:
mp2_pair11           number=0 rank=  2 frozen=false
mp2_pair21           number=1 rank=  0 frozen=true
mp2_pair22           number=2 rank=  2 frozen=false
number of pairs=3
average rank   =1 (1.33333)
largest rank   =2
PNOPairs Memory Information
Total: 0.00556 GB 
PNO  : 0.00556 GB 
KPNO : 0.00000 GB 
W    : 0.00000 GB 

timer:                                 truncate     0.00s     0.00s 
wall time=31.12722 chunk=4 allK.size()=4 memory=0.00540 GB
timer:                             compute KPNO     0.52s     0.52s 
wall time=31.14119 chunk=4 allJ.size()=4 memory=0.00605 GB
timer:                             compute JPNO     0.01s     0.01s 
timer:                    compute Fock matrices     0.24s     0.24s 
timer:                             MRA compress     0.00s     0.00s 
timer:                          Transform Pairs     0.02s     0.02s 
timer:                             Canonicalize     0.02s     0.02s 
PNOPairs Memory Information
Total: 0.01096 GB 
PNO  : 0.00556 GB 
KPNO : 0.00540 GB 
W    : 0.00000 GB 

timer:                                 truncate     0.00s     0.00s 
mp2_pair21 is frozen: potential not computed
timer:                   Fluctuation Potentials     0.32s     0.32s 
timer:                       Fluctuation Matrix     0.03s     0.03s 
PNOPairs Memory Information
Total: 0.01848 GB 
PNO  : 0.00556 GB 
KPNO : 0.00540 GB 
W    : 0.00752 GB 

PNOPairs Memory Information
Total: 0.01848 GB 
PNO  : 0.00556 GB 
KPNO : 0.00540 GB 
W    : 0.00752 GB 

timer:                                 truncate     0.00s     0.00s 
timer:                             PNO Overlaps     0.02s     0.02s 
t_iter =  0  Hylleraas energy =  0.00000  ||R||_F =  0.20756  conv =  no
subspace solution [*]   1.00000000

t_iter =  1  Hylleraas energy =  -0.05188  ||R||_F =  0.00000  conv =  yes
=======================================================

Hylleraas MP2 Energies

=======================================================
    i    j      singlet      triplet        Total
=======================================================
    1    1  -2.46047e-02  0.00000e+00 -2.46047e-02
    2    1   0.00000e+00  0.00000e+00  0.00000e+00
    2    2  -2.72761e-02  0.00000e+00 -2.72761e-02
=======================================================
Hylleraas MP2 Energies (singlet): -5.18807e-02
Hylleraas MP2 Energies (triplet):  0.00000e+00
Hylleraas MP2 Energies (total)  : -5.18807e-02
=======================================================
-------------------------------------------
Total Reg Energy  =-5.18807e-02
Total F12 Energy  = 0.00000e+00
Sum Energies Total=-5.18807e-02
-------------------------------------------
timer:                         Solve Amplitudes     0.00s     0.00s 
pair11: density evals:
 [*]   0.00371494   0.05433213

pair22: density evals:
 [*]   0.00350369   0.06852685

timer:                            compress PNOs     0.00s     0.00s 
timer:                             MRA compress     0.00s     0.00s 
timer:                          Transform Pairs     0.03s     0.03s 
timer:                          PNO Compression     0.03s     0.03s 
Information About All Pairs:
mp2_pair11           number=0 rank=  2 frozen=false
mp2_pair21           number=1 rank=  0 frozen=true
mp2_pair22           number=2 rank=  2 frozen=false
number of pairs=3
average rank   =1 (1.33333e+00)
largest rank   =2
saving vector of functions mp2_pair11
saving vector of functions mp2_pair22
timer:                        save pnos on disc     0.02s     0.02s 
PNOPairs Memory Information
Total: 0.01848 GB 
PNO  : 0.00556 GB 
KPNO : 0.00540 GB 
W    : 0.00752 GB 

timer:                                 truncate     0.00s     0.00s 
timer:      compute densities for G application     0.00s     0.00s 
pair21 is frozen: no optimization
timer:                Prepare for G application     0.04s     0.04s 
timer:                                    add K     0.01s     0.01s 
size of all Vpsi potentials (without Vnuc and J) 0.00695 GB 
time=32.02047 chunk=4 Vpsi+Vnuc+J=0.01791 GB
time=32.02779 chunk=4 Vpsi+Vnuc+J=0.01709 GB (after truncation)
timer:                           Apply G to all     0.50s     0.50s 
timer:                       apply Q and update     0.00s     0.00s 
mp2_pair11 residual norms:
[0.00859, 0.00920]
mp2_pair11 scaled residual norms:
[0.00052, 0.00214]
mp2_pair22 residual norms:
[0.01219, 0.00865]
mp2_pair22 scaled residual norms:
[0.00072, 0.00227]
timer:                          update all PNOs     0.55s     0.55s 
frozen pair: no orthonormalization
timer:                                     RRCD     0.02s     0.02s 
timer:                             MRA compress     0.00s     0.00s 
timer:                          Transform Pairs     0.01s     0.01s 
saving vector of functions mp2_pair11
saving vector of functions mp2_pair22
timer:                        save pnos on disc     0.01s     0.01s 


No convergence yet. Energy change = 0.00011

timer:                        Whole Iteration 5     1.84s     1.84s 
Information About All Pairs:
mp2_pair11           number=0 rank=  2 frozen=false
mp2_pair21           number=1 rank=  0 frozen=true
mp2_pair22           number=2 rank=  2 frozen=false
number of pairs=3
average rank   =1 (1.33333)
largest rank   =2
PNOPairs Memory Information
Total: 0.00556 GB 
PNO  : 0.00556 GB 
KPNO : 0.00000 GB 
W    : 0.00000 GB 

timer:                                 truncate     0.00s     0.00s 
wall time=32.95996 chunk=4 allK.size()=4 memory=0.00540 GB
timer:                             compute KPNO     0.51s     0.51s 
wall time=32.97320 chunk=4 allJ.size()=4 memory=0.00605 GB
timer:                             compute JPNO     0.01s     0.01s 
timer:                    compute Fock matrices     0.24s     0.24s 
timer:                             MRA compress     0.00s     0.00s 
timer:                          Transform Pairs     0.02s     0.02s 
timer:                             Canonicalize     0.02s     0.02s 
PNOPairs Memory Information
Total: 0.01096 GB 
PNO  : 0.00556 GB 
KPNO : 0.00540 GB 
W    : 0.00000 GB 

timer:                                 truncate     0.00s     0.00s 
mp2_pair21 is frozen: potential not computed
timer:                   Fluctuation Potentials     0.30s     0.30s 
timer:                       Fluctuation Matrix     0.03s     0.03s 
PNOPairs Memory Information
Total: 0.01848 GB 
PNO  : 0.00556 GB 
KPNO : 0.00540 GB 
W    : 0.00752 GB 

PNOPairs Memory Information
Total: 0.01848 GB 
PNO  : 0.00556 GB 
KPNO : 0.00540 GB 
W    : 0.00752 GB 

timer:                                 truncate     0.00s     0.00s 
timer:                             PNO Overlaps     0.02s     0.02s 
t_iter =  0  Hylleraas energy =  0.00000  ||R||_F =  0.20840  conv =  no
subspace solution [*]   1.00000000

t_iter =  1  Hylleraas energy =  -0.05192  ||R||_F =  0.00000  conv =  yes
=======================================================

Hylleraas MP2 Energies

=======================================================
    i    j      singlet      triplet        Total
=======================================================
    1    1  -2.46228e-02  0.00000e+00 -2.46228e-02
    2    1   0.00000e+00  0.00000e+00  0.00000e+00
    2    2  -2.72924e-02  0.00000e+00 -2.72924e-02
=======================================================
Hylleraas MP2 Energies (singlet): -5.19152e-02
Hylleraas MP2 Energies (triplet):  0.00000e+00
Hylleraas MP2 Energies (total)  : -5.19152e-02
=======================================================
-------------------------------------------
Total Reg Energy  =-5.19152e-02
Total F12 Energy  = 0.00000e+00
Sum Energies Total=-5.19152e-02
-------------------------------------------
timer:                         Solve Amplitudes     0.00s     0.00s 
pair11: density evals:
 [*]   0.00368854   0.05396947

pair22: density evals:
 [*]   0.00346984   0.06809199

timer:                            compress PNOs     0.00s     0.00s 
timer:                             MRA compress     0.00s     0.00s 
timer:                          Transform Pairs     0.03s     0.03s 
timer:                          PNO Compression     0.03s     0.03s 
Information About All Pairs:
mp2_pair11           number=0 rank=  2 frozen=false
mp2_pair21           number=1 rank=  0 frozen=true
mp2_pair22           number=2 rank=  2 frozen=false
number of pairs=3
average rank   =1 (1.33333e+00)
largest rank   =2
saving vector of functions mp2_pair11
saving vector of functions mp2_pair22
timer:                        save pnos on disc     0.01s     0.01s 
PNOPairs Memory Information
Total: 0.01848 GB 
PNO  : 0.00556 GB 
KPNO : 0.00540 GB 
W    : 0.00752 GB 

timer:                                 truncate     0.00s     0.00s 
timer:      compute densities for G application     0.00s     0.00s 
pair21 is frozen: no optimization
timer:                Prepare for G application     0.04s     0.04s 
timer:                                    add K     0.01s     0.01s 
size of all Vpsi potentials (without Vnuc and J) 0.00695 GB 
time=33.81028 chunk=4 Vpsi+Vnuc+J=0.01795 GB
time=33.81750 chunk=4 Vpsi+Vnuc+J=0.01713 GB (after truncation)
timer:                           Apply G to all     0.50s     0.50s 
timer:                       apply Q and update     0.00s     0.00s 
mp2_pair11 residual norms:
[0.00546, 0.00455]
mp2_pair11 scaled residual norms:
[0.00033, 0.00106]
mp2_pair22 residual norms:
[0.00828, 0.00437]
mp2_pair22 scaled residual norms:
[0.00049, 0.00114]
timer:                          update all PNOs     0.54s     0.54s 
frozen pair: no orthonormalization
timer:                                     RRCD     0.01s     0.01s 
timer:                             MRA compress     0.00s     0.00s 
timer:                          Transform Pairs     0.01s     0.01s 
saving vector of functions mp2_pair11
saving vector of functions mp2_pair22
timer:                        save pnos on disc     0.01s     0.01s 


CONVERGED!
energy change = 0.00003

re-entering loop to compute the correct amplitudes and energies
timer:                        Whole Iteration 6     1.79s     1.79s 
Information About All Pairs:
mp2_pair11           number=0 rank=  2 frozen=false
mp2_pair21           number=1 rank=  0 frozen=true
mp2_pair22           number=2 rank=  2 frozen=false
number of pairs=3
average rank   =1 (1.33333)
largest rank   =2
PNOPairs Memory Information
Total: 0.00556 GB 
PNO  : 0.00556 GB 
KPNO : 0.00000 GB 
W    : 0.00000 GB 

timer:                                 truncate     0.00s     0.00s 
wall time=34.76742 chunk=4 allK.size()=4 memory=0.00540 GB
timer:                             compute KPNO     0.52s     0.52s 
wall time=34.78107 chunk=4 allJ.size()=4 memory=0.00605 GB
timer:                             compute JPNO     0.01s     0.01s 
timer:                    compute Fock matrices     0.23s     0.23s 
timer:                             MRA compress     0.00s     0.00s 
timer:                          Transform Pairs     0.02s     0.02s 
timer:                             Canonicalize     0.02s     0.02s 
PNOPairs Memory Information
Total: 0.01096 GB 
PNO  : 0.00556 GB 
KPNO : 0.00540 GB 
W    : 0.00000 GB 

timer:                                 truncate     0.00s     0.00s 
mp2_pair21 is frozen: potential not computed
timer:                   Fluctuation Potentials     0.31s     0.31s 
timer:                       Fluctuation Matrix     0.03s     0.03s 
PNOPairs Memory Information
Total: 0.01848 GB 
PNO  : 0.00556 GB 
KPNO : 0.00540 GB 
W    : 0.00752 GB 

PNOPairs Memory Information
Total: 0.01848 GB 
PNO  : 0.00556 GB 
KPNO : 0.00540 GB 
W    : 0.00752 GB 

timer:                                 truncate     0.00s     0.00s 
timer:                             PNO Overlaps     0.02s     0.02s 
t_iter =  0  Hylleraas energy =  0.00000  ||R||_F =  0.20882  conv =  no
subspace solution [*]   1.00000000

t_iter =  1  Hylleraas energy =  -0.05192  ||R||_F =  0.00000  conv =  yes
=======================================================

Hylleraas MP2 Energies

=======================================================
    i    j      singlet      triplet        Total
=======================================================
    1    1  -2.46251e-02  0.00000e+00 -2.46251e-02
    2    1   0.00000e+00  0.00000e+00  0.00000e+00
    2    2  -2.72982e-02  0.00000e+00 -2.72982e-02
=======================================================
Hylleraas MP2 Energies (singlet): -5.19233e-02
Hylleraas MP2 Energies (triplet):  0.00000e+00
Hylleraas MP2 Energies (total)  : -5.19233e-02
=======================================================
-------------------------------------------
Total Reg Energy  =-5.19233e-02
Total F12 Energy  = 0.00000e+00
Sum Energies Total=-5.19233e-02
-------------------------------------------
timer:                         Solve Amplitudes     0.00s     0.00s 
pair11: density evals:
 [*]   0.00367277   0.05377574

pair22: density evals:
 [*]   0.00344802   0.06788356

timer:                            compress PNOs     0.00s     0.00s 
timer:                             MRA compress     0.00s     0.00s 
timer:                          Transform Pairs     0.03s     0.03s 
timer:                          PNO Compression     0.03s     0.03s 
Information About All Pairs:
mp2_pair11           number=0 rank=  2 frozen=false
mp2_pair21           number=1 rank=  0 frozen=true
mp2_pair22           number=2 rank=  2 frozen=false
number of pairs=3
average rank   =1 (1.33333e+00)
largest rank   =2
saving vector of functions mp2_pair11
saving vector of functions mp2_pair22
timer:                        save pnos on disc     0.01s     0.01s 
exiting: Iterations converged
PNO ranks:
PNO Rank for pair pair11 = 2
PNO Rank for pair pair21 = 0
PNO Rank for pair pair22 = 2
average rank 1.33333e+00
timer:                               PNO::solve    13.43s    13.43s 

--------------------------------
ITERATE-PAIRS-INTERNAL-ENDED
--------------------------------
mp2_pair21 converged!


Adaptive Sovler:
 Current Energy=-5.1923349397e-02
 DeltaE        =-5.1923349397e-02
 max dE (pair) =-2.7298234424e-02 (2)
 all_pairs_conv=false




not converged yet

freeze pair mp2_pair21 (not further optimized: Energy below 1.0000000000e-05)
Maximum Rank of2 reached for all non-frozen pairs, no need to iterate further=======================================================

Final MP2 Energies

=======================================================
    i    j      singlet      triplet        Total
=======================================================
    1    1  -2.46251e-02  0.00000e+00 -2.46251e-02
    2    1   0.00000e+00  0.00000e+00  0.00000e+00
    2    2  -2.72982e-02  0.00000e+00 -2.72982e-02
=======================================================
Final MP2 Energies (singlet): -5.19233e-02
Final MP2 Energies (triplet):  0.00000e+00
Final MP2 Energies (total)  : -5.19233e-02
=======================================================
-------------------------------------------
Total Reg Energy  =-5.19233e-02
Total F12 Energy  = 0.00000e+00
Sum Energies Total=-5.19233e-02
-------------------------------------------
Average | Max Rank: 1 | 2



--------------------------------------------------
MRA-PNO-MP2-F12 ended 
--------------------------------------------------
                 time scf = 2.07196e+01
               energy scf = -1.54906e+01
--------------------------------------------------
restarting PNO to reload pairs that converged before and were frozen
PNO Parameters
pno
       rank_increase  15         # default   maximum rank to increase in every macroiteration
               chunk  100        # default   chunk of functions operated on in parallel when G or K is applied (prevent memory shortage)
               debug  false      # default   debug mode
              freeze  1          # derived   frozen core approximation
             maxrank  2          # defined   maximal pno rank for all pairs
           guesstype  exop       # derived   the guesstype: exop (recommended, multiply polynomial excitation operators onto the occupied orbitals), empty (don't compute a guess), scf (use the ao basis from the SCF solver), partial_wave (create s,p,d ..., type functions and place on atoms), predefined (same as partial_wave but for predefined sets)
                exop  multipole  # derived   this string defines which excitation operators can be used, use 'dipole', 'dipole+', 'quadrupole', 'ocopole', or 'multipole', need to set guesstype to 'exop' which is the default
          exop_trigo  true       # default   use trigonometric excitation operators ( x --> sin(x)
        partial_wave             # default   atom centered partial wave guess of format like 'h-2s1p-o-3s2p1d', need to set guesstype to 'partial_wave' and adaptive_solver to 'none'
          predefined             # default   predefined partial wave guesses of type pvxz with x=d,t,q,5,6, need to set guesstype to 'predefined' and adaptive_solver to 'none'
           maxiter_t  100        # default   maximal number of iterations in the amplitude solver
       maxiter_micro  10         # default   Maximum of iterations for every cycle in the adaptive solver
       maxiter_macro  10         # default   Maximum of iterations of cycles in the adaptive solver
                tpno  1.0000e-08 # default   PNO cutoff threshold
          tpno_tight  1.0000e-10 # derived   PNO cutoff for the first iteration
    canonicalize_pno  true       # default   canonicalize the pnos before the amplitude solver
              thresh  1.0000e-04 # defined   MRA threshold
         econv_micro  1.0000e-04 # derived   Energy convergence for microiterations (Greens function based optimization) in adaptive solver
         econv_pairs  1.0000e-05 # derived   ENergy convergence for individual pairs in adaptive solver. Converged pairs are frozen automatically
         econv_macro  1.0000e-04 # derived   Energy convergence for macroiterations in adaptive solver, no effect if adaptive_solver is deactivated
               dconv  1.0000e-01 # default   convergence of every PNO in the Green's function solver
           op_thresh  1.0000e-06 # default   MRA operator thresh
             restart  all        # defined   restart pairs of this type, use 'mp2', 'cispd', 'all' or 'none'
          no_compute  none       # default   do not compute the pairs of this type, use 'mp2', 'cispd', 'all' or 'none'
              no_opt  all        # defined   do not optimize the pnos of this type, use 'mp2', 'cispd', 'all' or 'none'
            no_guess  all        # defined   guess for this type will be empty, use 'mp2', 'cispd', 'all' or 'none'
     adaptive_solver  none       # defined   Use adaptive solver for those pairs, use 'mp2', 'cispd', 'all' or 'none', works only in combination with guesstype 'exop'
                kain  true       # default   use KAIN solver in amplitude solver
       kain_subspace  5          # default   subspace size of the KAIN solver (amplitudes)
                 f12  false      # defined   use explicit correlation
        cispd_number  -1         # default   CIS(D) excitation numbers, to read in correct functions
        cispd_energy  0.0000e+00 # default   CIS energy
        freeze_pairs  none       # default   frozen pairs will not be optimized: Expected format 'a b c d' will freeze pairs ab and cd
freeze_pairs_of_orbital  []         # default    All pairs which originate from this orbital will not be optimized
active_pairs_of_orbital  []         # default    All pairs which originate from this orbital will not be frozen all other pairs will, if this vector is not empty
no_opt_in_first_iteration  false      # default   Do not optimize in the first iteration (then the potentials do not have to be evaluated, use this for large guesses)
            exchange  full       # default   approximate exchange with 'neglect' or xc functional -> same syntax as moldft
           save_pnos  true       # default   Save the OBS-PNOs to a file, before and after orthonormalization.
            diagonal  true       # defined   Compute only diagonal PNOs

end

**********************
Solve PNO-MP2
*********************


**********************
Iterate Pairs
*********************


************************
Standard Solver
***********************

Initializing Pairs:
Restart demanded for mp2 pairs
loading vector of functions mp2_pair11
Found PNOs for mp2_pair11 with rank 2
loading vector of functions mp2_pair21
failed to find PNO mp2_pair21 initialize as zero function
nloading vector of functions mp2_pair22
Found PNOs for mp2_pair22 with rank 2
no guess was explicitly demanded for mp2

timer:                                     RRCD     0.01s     0.01s 
timer:                             MRA compress     0.00s     0.00s 
timer:                          Transform Pairs     0.01s     0.01s 
timer:          apply Q and orthonormalize PNOs     0.06s     0.06s 
Created Guess:
pair11 with 2 guess functions
pair21 with 0 guess functions
pair22 with 2 guess functions
guess pair11 size: 2.7395486832e-03 | 2.7395486832e-03 Gbyte (after truncation)
guess pair22 size: 2.8213262558e-03 | 2.8213262558e-03 Gbyte (after truncation)
timer:                           truncate guess     0.00s     0.00s 
timer:                         Initialize Pairs     0.07s     0.07s 
Information About All Pairs:
mp2_pair11           number=0 rank=  2 frozen=false
mp2_pair21           number=1 rank=  0 frozen=true
mp2_pair22           number=2 rank=  2 frozen=false
number of pairs=3
average rank   =1 (1.3333333333e+00)
largest rank   =2
SolveInternal: Parameters are assigned as
no_compute        = false
no_opt            = true
restart           = true
do_cispd          = false
econv             =1.0000000000e-04
maxrank (min,max) = (2,2)
Solving MP2 doubles
timer:          fock matrix     0.44s     0.44s
Information About All Pairs:
mp2_pair11           number=0 rank=  2 frozen=false
mp2_pair21           number=1 rank=  0 frozen=true
mp2_pair22           number=2 rank=  2 frozen=false
number of pairs=3
average rank   =1 (1.3333333333e+00)
largest rank   =2
PNOPairs Memory Information
Total: 0.0055608749 GB 
PNO  : 0.0055608749 GB 
KPNO : 0.0000000000 GB 
W    : 0.0000000000 GB 

timer:                                 truncate     0.00s     0.00s 
wall time=36.5009448528 chunk=4 allK.size()=4 memory=0.0053973198 GB
timer:                             compute KPNO     0.52s     0.52s 
wall time=36.5151529312 chunk=4 allJ.size()=4 memory=0.0060515404 GB
timer:                             compute JPNO     0.01s     0.01s 
timer:                    compute Fock matrices     0.25s     0.25s 
timer:                             MRA compress     0.00s     0.00s 
timer:                          Transform Pairs     0.02s     0.02s 
timer:                             Canonicalize     0.02s     0.02s 
PNOPairs Memory Information
Total: 0.0109581947 GB 
PNO  : 0.0055608749 GB 
KPNO : 0.0053973198 GB 
W    : 0.0000000000 GB 

timer:                                 truncate     0.00s     0.00s 
mp2_pair21 is frozen: potential not computed
timer:                   Fluctuation Potentials     0.31s     0.31s 
timer:                       Fluctuation Matrix     0.03s     0.03s 
PNOPairs Memory Information
Total: 0.0184817314 GB 
PNO  : 0.0055608749 GB 
KPNO : 0.0053973198 GB 
W    : 0.0075235367 GB 

PNOPairs Memory Information
Total: 0.0184817314 GB 
PNO  : 0.0055608749 GB 
KPNO : 0.0053973198 GB 
W    : 0.0075235367 GB 

timer:                                 truncate     0.00s     0.00s 
timer:                             PNO Overlaps     0.03s     0.03s 
t_iter =  0  Hylleraas energy =  0.0000000000  ||R||_F =  0.2088203308  conv =  no
subspace solution [*]   1.00000000

t_iter =  1  Hylleraas energy =  -0.0519235247  ||R||_F =  0.0000000000  conv =  yes
=======================================================

Hylleraas MP2 Energies

=======================================================
    i    j      singlet      triplet        Total
=======================================================
    1    1  -2.46252e-02  0.00000e+00 -2.46252e-02
    2    1   0.00000e+00  0.00000e+00  0.00000e+00
    2    2  -2.72983e-02  0.00000e+00 -2.72983e-02
=======================================================
Hylleraas MP2 Energies (singlet): -5.19235e-02
Hylleraas MP2 Energies (triplet):  0.00000e+00
Hylleraas MP2 Energies (total)  : -5.19235e-02
=======================================================
-------------------------------------------
Total Reg Energy  =-5.19235e-02
Total F12 Energy  = 0.00000e+00
Sum Energies Total=-5.19235e-02
-------------------------------------------
timer:                         Solve Amplitudes     0.00s     0.00s 
No optimization untill now: Compressing pno ranks with tighter threshold
1.00000e-10 instead of 1.00000e-08
pair11: density evals:
 [*]   0.00367277   0.05377610

pair22: density evals:
 [*]   0.00344802   0.06788371

timer:                            compress PNOs     0.00s     0.00s 
timer:                             MRA compress     0.00s     0.00s 
timer:                          Transform Pairs     0.03s     0.03s 
timer:                          PNO Compression     0.03s     0.03s 
Information About All Pairs:
mp2_pair11           number=0 rank=  2 frozen=false
mp2_pair21           number=1 rank=  0 frozen=true
mp2_pair22           number=2 rank=  2 frozen=false
number of pairs=3
average rank   =1 (1.33333e+00)
largest rank   =2
saving vector of functions mp2_pair11
saving vector of functions mp2_pair22
timer:                        save pnos on disc     0.01s     0.01s 
exiting: Found no_opt keyword
PNO ranks:
PNO Rank for pair pair11 = 2
PNO Rank for pair pair21 = 0
PNO Rank for pair pair22 = 2
average rank 1.33333e+00
timer:                               PNO::solve     1.68s     1.68s 

--------------------------------
ITERATE-PAIRS-INTERNAL-ENDED
--------------------------------
=======================================================

Final MP2 Energies

=======================================================
    i    j      singlet      triplet        Total
=======================================================
    1    1  -2.46252e-02  0.00000e+00 -2.46252e-02
    2    1   0.00000e+00  0.00000e+00  0.00000e+00
    2    2  -2.72983e-02  0.00000e+00 -2.72983e-02
=======================================================
Final MP2 Energies (singlet): -5.19235e-02
Final MP2 Energies (triplet):  0.00000e+00
Final MP2 Energies (total)  : -5.19235e-02
=======================================================
-------------------------------------------
Total Reg Energy  =-5.19235e-02
Total F12 Energy  = 0.00000e+00
Sum Energies Total=-5.19235e-02
-------------------------------------------
Average | Max Rank: 1 | 2
                 time pno = 1.45056e+01
               energy mp2 = -5.19235e-02
     average pno rank mp2 = 1
         max pno rank mp2 = 2
--------------------------------------------------
            energy(total) = -1.55425e+01
--------------------------------------------------



Orthonormalization technique used: symmetric
No CABS used.
Tightening thresholds to +0.00010000 for post-processing
adding pair11
skipping pair (not diagonal) pair21
adding pair22
Overlap Matrix of all PNOs:
+1.00000268 -0.49957544 
-0.49957544 +1.00001054 
Before cherry pick
rank is +0
all used occupation numbers:
[+0.06788371 +0.05377610 ]
corresponding to active pairs:
[(1,1) (0,0) ]
After cherry pick
all used occupation numbers:
[+0.06788371 +0.05377610 ]
corresponding to active pairs:
[(1,1) (0,0) ]
Overlap Matrix before symmetric
[+0,*]  +1.00000268  -0.49957544
[+1,*]  -0.49957544  +1.00001054
Overlap Matrix after symmetric
[+0,*]  +0.99999999  -0.00000001
[+1,*]  -0.00000001  +0.99999999
Adding 3 HF orbitals
Size before adding CABS: 5.
Size after adding CABS: 5.
Compute G and F Tensor:
Assemble g,f using symmetries...
non zero elements:
 g : +1185
 h : +25
Overlap over whole basis
[+0,*]  +1.00000000  -0.00000045  -0.00000064  +0.00000041  -0.00001561
[+1,*]  -0.00000045  +1.00000000  -0.00000002  -0.00000004  +0.00000212
[+2,*]  -0.00000064  -0.00000002  +1.00000000  +0.00000008  -0.00000210
[+3,*]  +0.00000041  -0.00000004  +0.00000008  +0.99999999  -0.00000001
[+4,*]  -0.00001561  +0.00000212  -0.00000210  -0.00000001  +0.99999999

||S-1||=+0.00002251
finished at time 40.3

    Parallel environment
    --------------------
                  #nodes    1
       #threads per node    11+main = 12
          #total threads    12

  RMI message statistics (min / avg / max)
  ----------------------
   #messages in server q    0.00e+00 / 0.00e+00 / 0.00e+00
 #messages sent per node    0.00e+00 / 0.00e+00 / 0.00e+00
    #bytes sent per node    0.00e+00 / 0.00e+00 / 0.00e+00
 #messages recv per node    0.00e+00 / 0.00e+00 / 0.00e+00
    #bytes recv per node    0.00e+00 / 0.00e+00 / 0.00e+00
        #msgs systemwide    0.00e+00
       #bytes systemwide    0.00e+00

  Thread pool statistics (min / avg / max)
  ----------------------
         #tasks per node    1.33e+07 / 1.33e+07 / 1.33e+07
     #max q len per node    7.11e+03 / 7.11e+03 / 7.11e+03
  #hi-pri tasks per node    4.40e+06 / 4.40e+06 / 4.40e+06

         Total wall time    40.3s
         Total  cpu time    40.3s

