MADNESS runtime initialized with 11 threads in the pool and affinity -1 -1 -1
starting at time 0.0

--------------------------------------------
   MADNESS 0.10.1 multiresolution suite
--------------------------------------------

   number of processors ... 1
    processor frequency ... 3.695901e+09
            host system ... Linux
          configured by ... kottmann
          configured on ... wittgenstein
          configured at ... 2021-02-10T21:25:26
                    CXX ... /usr/bin/c++
               CXXFLAGS ... -O3 -DNDEBUG -I/h/28/kottmann/install/numcpp/include/ -I/h/28/kottmann/install/boost/boost_1_72_0/include/ -std=c++1z
             tuning for ... default
                    MPI ... multiple
 multi-threaded runtime ... MADNESS ThreadPool
                   BLAS ... Intel MKL 45157 45157 MFLOP/s
               compiled ... 13:08:26  on  Feb 23 2021


-------------------------------------------------------------------------------------
SOLVING MRA-PNO-F12 as described in 
J.S. Kottmann, F.A. Bischoff, E.F. Valeev
Direct determination of optimal pair-natural orbitals in a real-space representation:
the second-order Møller-Plesset energy
Journal of Chemical Physics ... 2020
-------------------------------------------------------------------------------------


This script will run PNO-MP2 and print out tensors in binary
Call as: pno_integrals inputfileinput is input
ignoring unknown parameter in input file:  ncf

Angstrom being used to read input coordinates (1 Bohr = 1.88972613 Angstrom)


Asymptotic correction parameters
---------------------------------------
Atom vector is not empty: false
Using multipole approximation: false
Number of electrons = -1
Ionisation energy = 0.000000e+00
E(HOMO) = 0.000000e+00
R1 = 3.000000e+00
R2 = 4.000000e+00
DFT coefficient = 0.000000e+00
Interpolation scheme = linear
constructed symmetry operator for point group C1
dft
              charge  0.0000e+00 # defined   total molecular charge
                  xc  hf         # defined   XC input line
               smear  0.0000e+00 # default   smearing parameter
               econv  1.0000e-04 # defined   energy convergence
               dconv  5.0000e-04 # defined   density convergence
convergence_criteria  [bsh_residual, total_energy] # default   possible values are: bsh_residual, total_energy, each_energy, density
                   k  7          # defined   polynomial order
                   l  5.4535e+01 # derived   user coordinates box size
               deriv  abgv       # default   derivative method                            [abgv, bspline, ble]
           dft_deriv  abgv       # default   derivative method for gga potentials         [abgv, bspline, ble]
             maxrotn  2.5000e-01 # default   step restriction used in autoshift algorithm
             nvalpha  0          # default   number of alpha virtuals to compute
              nvbeta  0          # default   number of beta virtuals to compute
               nopen  0          # default   number of unpaired electrons = nalpha-nbeta
             maxiter  25         # default   maximum number of iterations
                 nio  1          # default   no. of io servers to use
     spin_restricted  true       # default   true if spin restricted
              plotlo  0          # default   range of MOs to print (for both spins if polarized
              plothi  -1         # default   range of MOs to print (for both spins if polarized
            plotdens  false      # default   If true print the density at convergence
            plotcoul  false      # default   If true plot the total coulomb potential at convergence
            localize  boys       # defined   localization method                          [pm, boys, new, canon]
          pointgroup  c1         # derived   use point (sub) group symmetry if not localized[c1, c2, ci, cs, c2v, c2h, d2, d2h]
             restart  false      # default   if true restart from orbitals on disk
           restartao  false      # default   if true restart from orbitals projected into AO basis (STO3G) on disk
          no_compute  false      # default   if true use orbitals on disk, set value to computed
           no_orient  false      # default   if true the molecule coordinates will not be reoriented
                save  true       # default   if true save orbitals to disk
              maxsub  10         # default   size of iterative subspace ... set to 0 or 1 to disable
        orbitalshift  0.0000e+00 # default   scf orbital shift: shift the occ orbitals to lower energies
            npt_plot  101        # default   no. of points to use in each dim for plots
           plot_cell  []         # default   lo hi in each dimension for plotting (default is all space)
             aobasis  6-31g      # derived   AO basis used for initial guess (6-31g or sto-3g)
           core_type  none       # default   core potential type                          [none, mpc]
         derivatives  false      # default   if true calculate nuclear derivatives
              dipole  false      # default   if true calculate dipole moment
      conv_only_dens  false      # default   if true remove bsh_residual from convergence criteria (deprecated)
            psp_calc  false      # default   pseudopotential calculation for all atoms
 print_dipole_matels  false      # default   if true output dipole matrix elements
            pcm_data  none       # default   do a PCM (solvent) calculation
             ac_data  none       # default   do a calculation with asymptotic correction (see ACParameters class in chem/AC.h for details)
             pure_ae  true       # default   pure all electron calculation with no pseudo-atoms
         print_level  3          # default   0: no output; 1: final energy; 2: iterations; 3: timings; 10: debug
              nalpha  3          # derived   number of alpha spin electrons
               nbeta  3          # derived   number of beta  spin electrons
           nmo_alpha  3          # derived   number of alpha spin molecular orbitals
            nmo_beta  3          # derived   number of beta spin molecular orbitals
                  lo  9.0905e-04 # derived   smallest length scale we need to resolve
            protocol  [1.0000e-04, 1.0000e-06] # derived   calculation protocol
                gopt  false      # default   geometry optimizer
                gtol  1.0000e-04 # default   geometry tolerance
               gtest  false      # default   geometry tolerance
                gval  1.0000e-05 # default   value precision
               gprec  1.0000e-04 # default   gradient precision
            gmaxiter  20         # default   optimization maxiter
    ginitial_hessian  false      # default   compute inital hessian for optimization
              algopt  bfgs       # default   algorithm used for optimization              [bfgs, cg]
            tdksprop  false      # default   time-dependent Kohn-Sham equation propagate
           nv_factor  1          # default   factor to multiply number of virtual orbitals with when automatically decreasing nvirt
           vnucextra  2          # default   load balance parameter for nuclear pot
        loadbalparts  2          # default   ??
            response  false      # default   response function calculation
       response_freq  0.0000e+00 # default   frequency for calculation response function
       response_axis  [1, 1, 1]  # default   response axis
           nonrotate  false      # default   if true do not molcule orient (redundant with no_orient
               rconv  1.0000e-06 # default   Response convergence
              efield  0.0000e+00 # default   eps for finite field
         efield_axis  0          # default   finite field axis                            [0, 1, 2]
              nwfile  none       # default   Base name of nwchem output files (.out and .movecs extensions) to read from
                 ncf  (none,1.0000e+00) # defined   nuclear correlation factor
             hessian  false      # default   compute the hessian matrix
           read_cphf  false      # default   read the converged orbital response for nuclear displacements from file
        restart_cphf  false      # default   read the guess orbital response for nuclear displacements from file
      purify_hessian  false      # default   symmetrize the hessian matrix based on atomic charges

end
              charge  0.0000e+00 # defined   total molecular charge
                  xc  hf         # defined   XC input line
               smear  0.0000e+00 # default   smearing parameter
               econv  1.0000e-04 # defined   energy convergence
               dconv  5.0000e-04 # defined   density convergence
convergence_criteria  [bsh_residual, total_energy] # default   possible values are: bsh_residual, total_energy, each_energy, density
                   k  7          # defined   polynomial order
                   l  5.4535e+01 # derived   user coordinates box size
               deriv  abgv       # default   derivative method                            [abgv, bspline, ble]
           dft_deriv  abgv       # default   derivative method for gga potentials         [abgv, bspline, ble]
             maxrotn  2.5000e-01 # default   step restriction used in autoshift algorithm
             nvalpha  0          # default   number of alpha virtuals to compute
              nvbeta  0          # default   number of beta virtuals to compute
               nopen  0          # default   number of unpaired electrons = nalpha-nbeta
             maxiter  25         # default   maximum number of iterations
                 nio  1          # default   no. of io servers to use
     spin_restricted  true       # default   true if spin restricted
              plotlo  0          # default   range of MOs to print (for both spins if polarized
              plothi  -1         # default   range of MOs to print (for both spins if polarized
            plotdens  false      # default   If true print the density at convergence
            plotcoul  false      # default   If true plot the total coulomb potential at convergence
            localize  boys       # defined   localization method                          [pm, boys, new, canon]
          pointgroup  c1         # derived   use point (sub) group symmetry if not localized[c1, c2, ci, cs, c2v, c2h, d2, d2h]
             restart  false      # default   if true restart from orbitals on disk
           restartao  false      # default   if true restart from orbitals projected into AO basis (STO3G) on disk
          no_compute  false      # default   if true use orbitals on disk, set value to computed
           no_orient  false      # default   if true the molecule coordinates will not be reoriented
                save  true       # default   if true save orbitals to disk
              maxsub  10         # default   size of iterative subspace ... set to 0 or 1 to disable
        orbitalshift  0.0000e+00 # default   scf orbital shift: shift the occ orbitals to lower energies
            npt_plot  101        # default   no. of points to use in each dim for plots
           plot_cell  []         # default   lo hi in each dimension for plotting (default is all space)
             aobasis  6-31g      # derived   AO basis used for initial guess (6-31g or sto-3g)
           core_type  none       # default   core potential type                          [none, mpc]
         derivatives  false      # default   if true calculate nuclear derivatives
              dipole  false      # default   if true calculate dipole moment
      conv_only_dens  false      # default   if true remove bsh_residual from convergence criteria (deprecated)
            psp_calc  false      # default   pseudopotential calculation for all atoms
 print_dipole_matels  false      # default   if true output dipole matrix elements
            pcm_data  none       # default   do a PCM (solvent) calculation
             ac_data  none       # default   do a calculation with asymptotic correction (see ACParameters class in chem/AC.h for details)
             pure_ae  true       # default   pure all electron calculation with no pseudo-atoms
         print_level  3          # default   0: no output; 1: final energy; 2: iterations; 3: timings; 10: debug
              nalpha  3          # derived   number of alpha spin electrons
               nbeta  3          # derived   number of beta  spin electrons
           nmo_alpha  3          # derived   number of alpha spin molecular orbitals
            nmo_beta  3          # derived   number of beta spin molecular orbitals
                  lo  9.0905e-04 # derived   smallest length scale we need to resolve
            protocol  [1.0000e-04, 1.0000e-06] # derived   calculation protocol
                gopt  false      # default   geometry optimizer
                gtol  1.0000e-04 # default   geometry tolerance
               gtest  false      # default   geometry tolerance
                gval  1.0000e-05 # default   value precision
               gprec  1.0000e-04 # default   gradient precision
            gmaxiter  20         # default   optimization maxiter
    ginitial_hessian  false      # default   compute inital hessian for optimization
              algopt  bfgs       # default   algorithm used for optimization              [bfgs, cg]
            tdksprop  false      # default   time-dependent Kohn-Sham equation propagate
           nv_factor  1          # default   factor to multiply number of virtual orbitals with when automatically decreasing nvirt
           vnucextra  2          # default   load balance parameter for nuclear pot
        loadbalparts  2          # default   ??
            response  false      # default   response function calculation
       response_freq  0.0000e+00 # default   frequency for calculation response function
       response_axis  [1, 1, 1]  # default   response axis
           nonrotate  false      # default   if true do not molcule orient (redundant with no_orient
               rconv  1.0000e-06 # default   Response convergence
              efield  0.0000e+00 # default   eps for finite field
         efield_axis  0          # default   finite field axis                            [0, 1, 2]
              nwfile  none       # default   Base name of nwchem output files (.out and .movecs extensions) to read from



 geometry
   eprec 1.0e-06
   units atomic
   Be            0.00000000           0.00000000           0.18897261
   H             0.00000000           0.00000000           3.77945227
   H             0.00000000           0.00000000          -4.53534272
 end

Solving NDIM= 3  with thresh 1.000000e-04     k 7    conv 5.000000e-04 

timer:     Project vnuclear     0.63s     0.63s
constructed nuclear correlation factor of the form
    R   =  1.000000e+00
with eprec  1.000000e-06
which means it's (nearly) a conventional calculation

timer:        reproject ncf     1.86s     1.86s
timer:        guess density     0.55s     0.55s
timer:   guess Coulomb potn     0.51s     0.51s
timer:       guess lda potn     0.23s     0.23s
timer:        guess overlap     0.06s     0.06s
timer:    KEmat reconstruct     0.03s     0.03s
timer:  KEmat differentiate     0.26s     0.26s
timer:       KEmat compress     0.09s     0.09s
timer: KEmat inner products     0.25s     0.25s
timer:     guess Kinet potn     0.64s     0.64s
timer:           guess fock     0.55s     0.55s
timer:      guess eigen sol     0.05s     0.05s
timer: guess orbital groupi     0.12s     0.12s

starting protocol at time      7.7s 
precision steps  1.000000e-04  -->  1.000000e-04
protocol: thresh 1.000000e-04 econv  1.000000e-04 dconv 5.000000e-04

ending protocol at time      7.7s 

Solving NDIM= 3  with thresh 1.000000e-04     k 7    conv 5.000000e-04 

timer:        Boys localize     1.05s     1.05s
orbital irreps []
timer:      reconstruct psi     0.14s     0.14s
timer:        compute Jnemo     0.76s     0.76s
timer:        compute Knemo     2.03s     2.03s
timer: compute Unemo 0.0153     0.20s     0.20s

  nuclear and kinetic     -23.98667341
         kinetic only      15.15722160
              coulomb       9.57393814
             exchange      -3.22967795
    nuclear-repulsion       2.08100836
   regularized energy     -15.56140486
  buggy if hybrid functionals are used..
timer:       compute energy     3.72s     3.72s
Norm of vector changes ab spin case : rms 6.791464e-02    max 1.036701e-01
convergence: bshresidual, energy change, max energy change, density change 7.6e-02 1.6e+01 1.6e+01 1.4e+00
finished iteration  0 at time     21.1s with energy  -15.56140486
timer:        Boys localize     0.98s     0.98s
orbital irreps []
timer:      reconstruct psi     0.11s     0.11s
timer:        compute Jnemo     0.74s     0.74s
timer:        compute Knemo     2.15s     2.15s
timer: compute Unemo 0.0152     0.21s     0.21s

  nuclear and kinetic     -24.07234716
         kinetic only      15.10447154
              coulomb       9.58896475
             exchange      -3.19418620
    nuclear-repulsion       2.08100836
   regularized energy     -15.59656025
  buggy if hybrid functionals are used..
timer:       compute energy     3.55s     3.55s
Norm of vector changes ab spin case : rms 3.052790e-02    max 4.491765e-02
convergence: bshresidual, energy change, max energy change, density change 2.2e-02 3.5e-02 8.6e-02 1.3e-02
finished iteration  1 at time     33.9s with energy  -15.59656025
timer:        Boys localize     1.05s     1.05s
orbital irreps []
timer:      reconstruct psi     0.18s     0.18s
timer:        compute Jnemo     0.79s     0.79s
timer:        compute Knemo     2.13s     2.13s
timer: compute Unemo 0.0151     0.26s     0.26s

  nuclear and kinetic     -24.12251755
         kinetic only      15.09793849
              coulomb       9.62114126
             exchange      -3.18105022
    nuclear-repulsion       2.08100836
   regularized energy     -15.60141815
  buggy if hybrid functionals are used..
timer:       compute energy     3.87s     3.87s
Norm of vector changes ab spin case : rms 8.990446e-03    max 1.368447e-02
convergence: bshresidual, energy change, max energy change, density change 4.9e-03 4.9e-03 5.0e-02 3.7e-03
finished iteration  2 at time     47.9s with energy  -15.60141815
timer:        Boys localize     0.96s     0.96s
orbital irreps []
timer:      reconstruct psi     0.16s     0.16s
timer:        compute Jnemo     0.68s     0.68s
timer:        compute Knemo     2.13s     2.13s
timer: compute Unemo 0.0151     0.18s     0.18s

  nuclear and kinetic     -24.14396244
         kinetic only      15.09577281
              coulomb       9.63875220
             exchange      -3.17771270
    nuclear-repulsion       2.08100836
   regularized energy     -15.60191459
  buggy if hybrid functionals are used..
timer:       compute energy     3.73s     3.73s
Norm of vector changes ab spin case : rms 4.276028e-03    max 6.116169e-03
convergence: bshresidual, energy change, max energy change, density change 1.9e-03 5.0e-04 2.1e-02 9.7e-04
finished iteration  3 at time     61.8s with energy  -15.60191459
timer:        Boys localize     1.09s     1.09s
orbital irreps []
timer:      reconstruct psi     0.14s     0.14s
timer:        compute Jnemo     0.65s     0.65s
timer:        compute Knemo     1.99s     1.99s
timer: compute Unemo 0.0151     0.18s     0.18s

  nuclear and kinetic     -24.15121420
         kinetic only      15.09464949
              coulomb       9.64544607
             exchange      -3.17723433
    nuclear-repulsion       2.08100836
   regularized energy     -15.60199410
  buggy if hybrid functionals are used..
timer:       compute energy     3.56s     3.56s
Norm of vector changes ab spin case : rms 1.575263e-03    max 2.279863e-03
convergence: bshresidual, energy change, max energy change, density change 7.1e-04 8.0e-05 7.3e-03 4.2e-04
finished iteration  4 at time     75.0s with energy  -15.60199410
timer:        Boys localize     1.00s     1.00s
orbital irreps []
timer:      reconstruct psi     0.14s     0.14s
timer:        compute Jnemo     0.64s     0.64s
timer:        compute Knemo     2.07s     2.07s
timer: compute Unemo 0.0151     0.21s     0.21s

  nuclear and kinetic     -24.15115174
         kinetic only      15.09422054
              coulomb       9.64568697
             exchange      -3.17754750
    nuclear-repulsion       2.08100836
   regularized energy     -15.60200391
  buggy if hybrid functionals are used..
timer:       compute energy     3.60s     3.60s
Norm of vector changes ab spin case : rms 6.923311e-04    max 9.797167e-04
convergence: bshresidual, energy change, max energy change, density change 3.1e-04 9.8e-06 4.3e-04 1.4e-04
finished iteration  5 at time     88.3s with energy  -15.60200391

Iterations converged


ending protocol at time     88.3s 

 Dipole Moment (a.u.)
 -----------

     x:  -3.539085e-14
     y:  3.410619e-14
     z:  5.587429e-01
 Total Dipole Moment:  5.587429e-01 

timer:               dipole     0.10s     0.10s
Nemo Orbital Energies: [*]  -4.83186536  -0.42734326  -0.34822778

nemo energy:  -1.560200e+01
 at time 88.9
PNO Integrals evaluated as:
pnoint
       rank_increase  15         # default   maximum rank to increase in every macroiteration
               chunk  100        # default   chunk of functions operated on in parallel when G or K is applied (prevent memory shortage)
               debug  false      # default   debug mode
              freeze  1          # derived   frozen core approximation
             maxrank  3          # defined   maximal pno rank for all pairs
           guesstype  exop       # derived   the guesstype: exop (recommended, multiply polynomial excitation operators onto the occupied orbitals), empty (don't compute a guess), scf (use the ao basis from the SCF solver), partial_wave (create s,p,d ..., type functions and place on atoms), predefined (same as partial_wave but for predefined sets)
                exop  multipole  # derived   this string defines which excitation operators can be used, use 'dipole', 'dipole+', 'quadrupole', 'ocopole', or 'multipole', need to set guesstype to 'exop' which is the default
          exop_trigo  true       # default   use trigonometric excitation operators ( x --> sin(x)
        partial_wave             # default   atom centered partial wave guess of format like 'h-2s1p-o-3s2p1d', need to set guesstype to 'partial_wave' and adaptive_solver to 'none'
          predefined             # default   predefined partial wave guesses of type pvxz with x=d,t,q,5,6, need to set guesstype to 'predefined' and adaptive_solver to 'none'
           maxiter_t  100        # default   maximal number of iterations in the amplitude solver
       maxiter_micro  10         # default   Maximum of iterations for every cycle in the adaptive solver
       maxiter_macro  10         # default   Maximum of iterations of cycles in the adaptive solver
                tpno  1.0000e-08 # default   PNO cutoff threshold
          tpno_tight  1.0000e-10 # derived   PNO cutoff for the first iteration
    canonicalize_pno  true       # default   canonicalize the pnos before the amplitude solver
              thresh  1.0000e-04 # defined   MRA threshold
         econv_micro  1.0000e-04 # derived   Energy convergence for microiterations (Greens function based optimization) in adaptive solver
         econv_pairs  1.0000e-05 # derived   ENergy convergence for individual pairs in adaptive solver. Converged pairs are frozen automatically
         econv_macro  1.0000e-04 # derived   Energy convergence for macroiterations in adaptive solver, no effect if adaptive_solver is deactivated
               dconv  1.0000e-01 # default   convergence of every PNO in the Green's function solver
           op_thresh  1.0000e-06 # default   MRA operator thresh
             restart  none       # derived   restart pairs of this type, use 'mp2', 'cispd', 'all' or 'none'
          no_compute  none       # default   do not compute the pairs of this type, use 'mp2', 'cispd', 'all' or 'none'
              no_opt  none       # default   do not optimize the pnos of this type, use 'mp2', 'cispd', 'all' or 'none'
            no_guess  none       # derived   guess for this type will be empty, use 'mp2', 'cispd', 'all' or 'none'
     adaptive_solver  all        # default   Use adaptive solver for those pairs, use 'mp2', 'cispd', 'all' or 'none', works only in combination with guesstype 'exop'
                kain  true       # default   use KAIN solver in amplitude solver
       kain_subspace  5          # default   subspace size of the KAIN solver (amplitudes)
                 f12  false      # defined   use explicit correlation
        cispd_number  -1         # default   CIS(D) excitation numbers, to read in correct functions
        cispd_energy  0.0000e+00 # default   CIS energy
        freeze_pairs  none       # default   frozen pairs will not be optimized: Expected format 'a b c d' will freeze pairs ab and cd
freeze_pairs_of_orbital  []         # default    All pairs which originate from this orbital will not be optimized
active_pairs_of_orbital  []         # default    All pairs which originate from this orbital will not be frozen all other pairs will, if this vector is not empty
no_opt_in_first_iteration  false      # default   Do not optimize in the first iteration (then the potentials do not have to be evaluated, use this for large guesses)
            exchange  full       # default   approximate exchange with 'neglect' or xc functional -> same syntax as moldft
           save_pnos  true       # default   Save the OBS-PNOs to a file, before and after orthonormalization.
            diagonal  true       # defined   Compute only diagonal PNOs
              orthog  symmetric  # defined   orthogonalization method for PNO basis, also current default for a potential CABS. options: symmetric, canonical, cholesky, rr_cholesky,
         orthog_cabs  default    # default   orthogonalization method for CABS basis. options: symmetric, canonical, cholesky, rr_cholesky, uses same as orbitals basis if default.
               n_pno  6          # defined   desired size of PNO-basis (orbital space)
         cabs_option  none       # default   type of complementary auxiliary basis to be used. can be none ~ no CABS, gbs ~ Gaussian basis set as CABS, requires input via auxbas_file, pno ~ use superfluous PNOs as CABS, mixed ~ gbs&pno-option
       pno_cabs_size  -1         # default   size of a potential pno-cabs. defaults to -1 ~ all remaining PNOs, if pno-cabs or mixed-cabs
           only_diag  false      # default   use only diagonal elements PNOs
         cherry_pick  []         # default   cherry pick option to choose particular set of PNOs, not just blindly by occupation number. can be useful, if only a restricted number of PNOs can be used, to avoid separating degenerate pairs. can be envoked by passing a vector via [ elem1, elem2, ... ]
               gamma  1.4000e+00 # default   The f12 length scale, here to be used to compute f12-integrals
         cabs_thresh  1.0000e-04 # derived    thresh for cabs part
              auxbas  none       # default   atom centered partial wave guess of format like 'h-2s1p-o-3s2p1d'
         auxbas_file  none       # default   Use external comp. aux. basis in addition to the pnos as auxbasis. Give the filename as parameter. Give the auxbas in turbomole format. Don't use contractions. If a file is specified the auxbas parameter has no effect
   print_pno_overlap  true       # default   Print overlap matrix at certain steps in computation, for debugging purposes.
              n_virt  0          # defined   Compute this number of virtuals and include them in the integral construction, experimental and not robust!.
      hardcore_boson  false      # default   compute only integrals for hardcore boson hamiltonian (restricted to double occupations)

end
F12 Operators initialized right
timer:                    Testing F12 Operators     0.79s     0.79s 
timer:  Initializing (active) Exchange Orbitals     2.02s     2.02s 
Size of active mos and their exchange potentials:
K(acmos)=2.984881e-03 Gbyte
acmos   =2.688438e-03 Gbyte
PNO Parameters
pno
       rank_increase  15         # default   maximum rank to increase in every macroiteration
               chunk  100        # default   chunk of functions operated on in parallel when G or K is applied (prevent memory shortage)
               debug  false      # default   debug mode
              freeze  1          # derived   frozen core approximation
             maxrank  3          # defined   maximal pno rank for all pairs
           guesstype  exop       # derived   the guesstype: exop (recommended, multiply polynomial excitation operators onto the occupied orbitals), empty (don't compute a guess), scf (use the ao basis from the SCF solver), partial_wave (create s,p,d ..., type functions and place on atoms), predefined (same as partial_wave but for predefined sets)
                exop  multipole  # derived   this string defines which excitation operators can be used, use 'dipole', 'dipole+', 'quadrupole', 'ocopole', or 'multipole', need to set guesstype to 'exop' which is the default
          exop_trigo  true       # default   use trigonometric excitation operators ( x --> sin(x)
        partial_wave             # default   atom centered partial wave guess of format like 'h-2s1p-o-3s2p1d', need to set guesstype to 'partial_wave' and adaptive_solver to 'none'
          predefined             # default   predefined partial wave guesses of type pvxz with x=d,t,q,5,6, need to set guesstype to 'predefined' and adaptive_solver to 'none'
           maxiter_t  100        # default   maximal number of iterations in the amplitude solver
       maxiter_micro  10         # default   Maximum of iterations for every cycle in the adaptive solver
       maxiter_macro  10         # default   Maximum of iterations of cycles in the adaptive solver
                tpno  1.0000e-08 # default   PNO cutoff threshold
          tpno_tight  1.0000e-10 # derived   PNO cutoff for the first iteration
    canonicalize_pno  true       # default   canonicalize the pnos before the amplitude solver
              thresh  1.0000e-04 # defined   MRA threshold
         econv_micro  1.0000e-04 # derived   Energy convergence for microiterations (Greens function based optimization) in adaptive solver
         econv_pairs  1.0000e-05 # derived   ENergy convergence for individual pairs in adaptive solver. Converged pairs are frozen automatically
         econv_macro  1.0000e-04 # derived   Energy convergence for macroiterations in adaptive solver, no effect if adaptive_solver is deactivated
               dconv  1.0000e-01 # default   convergence of every PNO in the Green's function solver
           op_thresh  1.0000e-06 # default   MRA operator thresh
             restart  none       # derived   restart pairs of this type, use 'mp2', 'cispd', 'all' or 'none'
          no_compute  none       # default   do not compute the pairs of this type, use 'mp2', 'cispd', 'all' or 'none'
              no_opt  none       # default   do not optimize the pnos of this type, use 'mp2', 'cispd', 'all' or 'none'
            no_guess  none       # derived   guess for this type will be empty, use 'mp2', 'cispd', 'all' or 'none'
     adaptive_solver  all        # default   Use adaptive solver for those pairs, use 'mp2', 'cispd', 'all' or 'none', works only in combination with guesstype 'exop'
                kain  true       # default   use KAIN solver in amplitude solver
       kain_subspace  5          # default   subspace size of the KAIN solver (amplitudes)
                 f12  false      # defined   use explicit correlation
        cispd_number  -1         # default   CIS(D) excitation numbers, to read in correct functions
        cispd_energy  0.0000e+00 # default   CIS energy
        freeze_pairs  none       # default   frozen pairs will not be optimized: Expected format 'a b c d' will freeze pairs ab and cd
freeze_pairs_of_orbital  []         # default    All pairs which originate from this orbital will not be optimized
active_pairs_of_orbital  []         # default    All pairs which originate from this orbital will not be frozen all other pairs will, if this vector is not empty
no_opt_in_first_iteration  false      # default   Do not optimize in the first iteration (then the potentials do not have to be evaluated, use this for large guesses)
            exchange  full       # default   approximate exchange with 'neglect' or xc functional -> same syntax as moldft
           save_pnos  true       # default   Save the OBS-PNOs to a file, before and after orthonormalization.
            diagonal  true       # defined   Compute only diagonal PNOs

end

**********************
Solve PNO-MP2
*********************


**********************
Iterate Pairs
*********************


************************
Adaptive Solver
***********************

Initializing empty Pairs:
no guess was explicitly demanded for mp2

timer:                                     RRCD     0.00s     0.00s 
timer:                             MRA compress     0.00s     0.00s 
timer:                          Transform Pairs     0.00s     0.00s 
timer:          apply Q and orthonormalize PNOs     0.00s     0.00s 
Created Guess:
pair11 with 0 guess functions
pair21 with 0 guess functions
pair22 with 0 guess functions
guess pair11 size: 0.0000000000e+00 | 0.0000000000e+00 Gbyte (after truncation)
guess pair22 size: 0.0000000000e+00 | 0.0000000000e+00 Gbyte (after truncation)
timer:                           truncate guess     0.00s     0.00s 
timer:                         Initialize Pairs     0.00s     0.00s 
Keyword multipole is not known
Guess protocol for adaptively growing ranks is: [dipole+, quadrupole, big_fock_3, big_fock_3, big_fock_3, big_fock_3, big_fock_3, big_fock_3, big_fock_3, big_fock_3]


--------Adaptive Solver Macroiteration 0 from max 10 ----------

Growing ranks with exop=dipole+
Create guess functions by multiplying plane-waves to 1 functions 
Created 4 virtuals for pair11
pair21 is frozen: no growing
Create guess functions by multiplying plane-waves to 1 functions 
Created 4 virtuals for pair22
frozen pair: no orthonormalization
timer:                                     RRCD     0.04s     0.04s 
timer:                             MRA compress     0.00s     0.00s 
timer:                          Transform Pairs     0.12s     0.12s 
timer:                        grow PNO subspace     1.92s     1.92s 
SolveInternal: Parameters are assigned as
no_compute        = false
no_opt            = false
restart           = false
do_cispd          = false
econv             =1.0000000000e-04
maxrank (min,max) = (3,3)
Solving MP2 doubles
timer:          fock matrix     2.74s     2.74s
Information About All Pairs:
mp2_pair11           number=0 rank=  4 frozen=false
mp2_pair21           number=1 rank=  0 frozen=true
mp2_pair22           number=2 rank=  4 frozen=false
number of pairs=3
average rank   =2 (2.6666666667e+00)
largest rank   =4
PNOPairs Memory Information
Total: 0.0103857517 GB 
PNO  : 0.0103857517 GB 
KPNO : 0.0000000000 GB 
W    : 0.0000000000 GB 

timer:                                 truncate     0.04s     0.04s 
wall time=102.4993879795 chunk=8 allK.size()=8 memory=0.0097315311 GB
timer:                             compute KPNO     4.23s     4.23s 
wall time=102.6689808369 chunk=8 allJ.size()=8 memory=0.0112035275 GB
timer:                             compute JPNO     0.17s     0.17s 
timer:                    compute Fock matrices     1.43s     1.43s 
timer:                             MRA compress     0.00s     0.00s 
timer:                          Transform Pairs     0.33s     0.33s 
timer:                             Canonicalize     0.34s     0.34s 
PNOPairs Memory Information
Total: 0.0199537277 GB 
PNO  : 0.0102221966 GB 
KPNO : 0.0097315311 GB 
W    : 0.0000000000 GB 

timer:                                 truncate     0.04s     0.04s 
mp2_pair21 is frozen: potential not computed
timer:                   Fluctuation Potentials     2.16s     2.16s 
timer:                       Fluctuation Matrix     0.19s     0.19s 
PNOPairs Memory Information
Total: 0.0345101357 GB 
PNO  : 0.0102221966 GB 
KPNO : 0.0097315311 GB 
W    : 0.0145564079 GB 

PNOPairs Memory Information
Total: 0.0345101357 GB 
PNO  : 0.0102221966 GB 
KPNO : 0.0097315311 GB 
W    : 0.0145564079 GB 

timer:                                 truncate     0.06s     0.06s 
timer:                             PNO Overlaps     0.10s     0.10s 
t_iter =  0  Hylleraas energy =  0.0000000000  ||R||_F =  0.1668237707  conv =  no
subspace solution [*]   1.00000000

t_iter =  1  Hylleraas energy =  -0.0283533308  ||R||_F =  0.0000001452  conv =  yes
=======================================================

Hylleraas MP2 Energies

=======================================================
    i    j      singlet      triplet        Total
=======================================================
    1    1  -1.30377e-02  0.00000e+00 -1.30377e-02
    2    1   0.00000e+00  0.00000e+00  0.00000e+00
    2    2  -1.53157e-02  0.00000e+00 -1.53157e-02
=======================================================
Hylleraas MP2 Energies (singlet): -2.83533e-02
Hylleraas MP2 Energies (triplet):  0.00000e+00
Hylleraas MP2 Energies (total)  : -2.83533e-02
=======================================================
-------------------------------------------
Total Reg Energy  =-2.83533e-02
Total F12 Energy  = 0.00000e+00
Sum Energies Total=-2.83533e-02
-------------------------------------------
timer:                         Solve Amplitudes     0.00s     0.00s 
No optimization untill now: Compressing pno ranks with tighter threshold
1.00000e-10 instead of 1.00000e-08
pair11: density evals:
 [*]   0.00291216   0.00398597   0.00398597   0.01267332

pair11: # of PNOs reduced from  4  to  3  maxrank= 3
pair22: density evals:
 [*]   0.00278818   0.00362140   0.00362140   0.02677870

pair22: # of PNOs reduced from  4  to  3  maxrank= 3
timer:                            compress PNOs     0.00s     0.00s 
timer:                             MRA compress     0.00s     0.00s 
timer:                          Transform Pairs     0.43s     0.43s 
timer:                          PNO Compression     0.43s     0.43s 
Information About All Pairs:
mp2_pair11           number=0 rank=  3 frozen=false
mp2_pair21           number=1 rank=  0 frozen=true
mp2_pair22           number=2 rank=  3 frozen=false
number of pairs=3
average rank   =2 (2.00000e+00)
largest rank   =3
saving vector of functions mp2_pair11
saving vector of functions mp2_pair22
timer:                        save pnos on disc     0.13s     0.13s 
PNOPairs Memory Information
Total: 0.02486 GB 
PNO  : 0.00732 GB 
KPNO : 0.00683 GB 
W    : 0.01071 GB 

timer:                                 truncate     0.05s     0.05s 
timer:      compute densities for G application     0.00s     0.00s 
pair21 is frozen: no optimization
timer:                Prepare for G application     0.25s     0.25s 
timer:                                    add K     0.03s     0.03s 
size of all Vpsi potentials (without Vnuc and J) 0.00936 GB 
time=108.51383 chunk=6 Vpsi+Vnuc+J=0.02138 GB
time=108.54553 chunk=6 Vpsi+Vnuc+J=0.02114 GB (after truncation)
timer:                           Apply G to all     2.36s     2.36s 
timer:                       apply Q and update     0.00s     0.00s 
mp2_pair11 residual norms:
[0.35788, 0.35788, 0.40958]
mp2_pair11 scaled residual norms:
[0.02259, 0.02259, 0.04611]
mp2_pair22 residual norms:
[0.36158, 0.36158, 0.38048]
mp2_pair22 scaled residual norms:
[0.02176, 0.02176, 0.06226]
timer:                          update all PNOs     2.64s     2.64s 
frozen pair: no orthonormalization
timer:                                     RRCD     0.04s     0.04s 
timer:                             MRA compress     0.00s     0.00s 
timer:                          Transform Pairs     0.14s     0.14s 
saving vector of functions mp2_pair11
saving vector of functions mp2_pair22
timer:                        save pnos on disc     0.13s     0.13s 


No convergence yet. Energy change = 0.02835

timer:                        Whole Iteration 1    12.38s    12.38s 
Information About All Pairs:
mp2_pair11           number=0 rank=  3 frozen=false
mp2_pair21           number=1 rank=  0 frozen=true
mp2_pair22           number=2 rank=  3 frozen=false
number of pairs=3
average rank   =2 (2.00000)
largest rank   =3
PNOPairs Memory Information
Total: 0.00732 GB 
PNO  : 0.00732 GB 
KPNO : 0.00000 GB 
W    : 0.00000 GB 

timer:                                 truncate     0.03s     0.03s 
wall time=114.12298 chunk=6 allK.size()=6 memory=0.00707 GB
timer:                             compute KPNO     3.48s     3.48s 
wall time=114.26485 chunk=6 allJ.size()=6 memory=0.00789 GB
timer:                             compute JPNO     0.14s     0.14s 
timer:                    compute Fock matrices     1.16s     1.16s 
timer:                             MRA compress     0.00s     0.00s 
timer:                          Transform Pairs     0.19s     0.19s 
timer:                             Canonicalize     0.19s     0.19s 
PNOPairs Memory Information
Total: 0.01447 GB 
PNO  : 0.00740 GB 
KPNO : 0.00707 GB 
W    : 0.00000 GB 

timer:                                 truncate     0.03s     0.03s 
mp2_pair21 is frozen: potential not computed
timer:                   Fluctuation Potentials     1.82s     1.82s 
timer:                       Fluctuation Matrix     0.24s     0.24s 
PNOPairs Memory Information
Total: 0.02519 GB 
PNO  : 0.00740 GB 
KPNO : 0.00707 GB 
W    : 0.01071 GB 

PNOPairs Memory Information
Total: 0.02519 GB 
PNO  : 0.00740 GB 
KPNO : 0.00707 GB 
W    : 0.01071 GB 

timer:                                 truncate     0.06s     0.06s 
timer:                             PNO Overlaps     0.08s     0.08s 
t_iter =  0  Hylleraas energy =  0.00000  ||R||_F =  0.22223  conv =  no
subspace solution [*]   1.00000000

t_iter =  1  Hylleraas energy =  -0.04366  ||R||_F =  0.00000  conv =  yes
=======================================================

Hylleraas MP2 Energies

=======================================================
    i    j      singlet      triplet        Total
=======================================================
    1    1  -1.96553e-02  0.00000e+00 -1.96553e-02
    2    1   0.00000e+00  0.00000e+00  0.00000e+00
    2    2  -2.40092e-02  0.00000e+00 -2.40092e-02
=======================================================
Hylleraas MP2 Energies (singlet): -4.36645e-02
Hylleraas MP2 Energies (triplet):  0.00000e+00
Hylleraas MP2 Energies (total)  : -4.36645e-02
=======================================================
-------------------------------------------
Total Reg Energy  =-4.36645e-02
Total F12 Energy  = 0.00000e+00
Sum Energies Total=-4.36645e-02
-------------------------------------------
timer:                         Solve Amplitudes     0.00s     0.00s 
pair11: density evals:
 [*]   0.00475621   0.00475621   0.02040017

pair22: density evals:
 [*]   0.00423838   0.00423838   0.04373109

timer:                            compress PNOs     0.00s     0.00s 
timer:                             MRA compress     0.00s     0.00s 
timer:                          Transform Pairs     0.37s     0.37s 
timer:                          PNO Compression     0.38s     0.38s 
Information About All Pairs:
mp2_pair11           number=0 rank=  3 frozen=false
mp2_pair21           number=1 rank=  0 frozen=true
mp2_pair22           number=2 rank=  3 frozen=false
number of pairs=3
average rank   =2 (2.00000e+00)
largest rank   =3
saving vector of functions mp2_pair11
saving vector of functions mp2_pair22
timer:                        save pnos on disc     0.14s     0.14s 
PNOPairs Memory Information
Total: 0.02519 GB 
PNO  : 0.00740 GB 
KPNO : 0.00707 GB 
W    : 0.01071 GB 

timer:                                 truncate     0.07s     0.07s 
timer:      compute densities for G application     0.00s     0.00s 
pair21 is frozen: no optimization
timer:                Prepare for G application     0.22s     0.22s 
timer:                                    add K     0.03s     0.03s 
size of all Vpsi potentials (without Vnuc and J) 0.01018 GB 
time=119.24195 chunk=6 Vpsi+Vnuc+J=0.02147 GB
time=119.30473 chunk=6 Vpsi+Vnuc+J=0.02049 GB (after truncation)
timer:                           Apply G to all     2.19s     2.19s 
timer:                       apply Q and update     0.00s     0.00s 
mp2_pair11 residual norms:
[0.09023, 0.09023, 0.11919]
mp2_pair11 scaled residual norms:
[0.00622, 0.00622, 0.01702]
mp2_pair22 residual norms:
[0.09070, 0.09070, 0.09759]
mp2_pair22 scaled residual norms:
[0.00591, 0.00591, 0.02041]
timer:                          update all PNOs     2.44s     2.44s 
frozen pair: no orthonormalization
timer:                                     RRCD     0.12s     0.12s 
timer:                             MRA compress     0.00s     0.00s 
timer:                          Transform Pairs     0.08s     0.08s 
saving vector of functions mp2_pair11
saving vector of functions mp2_pair22
timer:                        save pnos on disc     0.13s     0.13s 


No convergence yet. Energy change = 0.01531

timer:                        Whole Iteration 2    10.64s    10.64s 
Information About All Pairs:
mp2_pair11           number=0 rank=  3 frozen=false
mp2_pair21           number=1 rank=  0 frozen=true
mp2_pair22           number=2 rank=  3 frozen=false
number of pairs=3
average rank   =2 (2.00000)
largest rank   =3
PNOPairs Memory Information
Total: 0.00691 GB 
PNO  : 0.00691 GB 
KPNO : 0.00000 GB 
W    : 0.00000 GB 

timer:                                 truncate     0.04s     0.04s 
wall time=124.87462 chunk=6 allK.size()=6 memory=0.00716 GB
timer:                             compute KPNO     3.58s     3.58s 
wall time=124.98079 chunk=6 allJ.size()=6 memory=0.00797 GB
timer:                             compute JPNO     0.11s     0.11s 
timer:                    compute Fock matrices     1.22s     1.22s 
timer:                             MRA compress     0.00s     0.00s 
timer:                          Transform Pairs     0.15s     0.15s 
timer:                             Canonicalize     0.15s     0.15s 
PNOPairs Memory Information
Total: 0.01407 GB 
PNO  : 0.00691 GB 
KPNO : 0.00716 GB 
W    : 0.00000 GB 

timer:                                 truncate     0.03s     0.03s 
mp2_pair21 is frozen: potential not computed
timer:                   Fluctuation Potentials     1.89s     1.89s 
timer:                       Fluctuation Matrix     0.20s     0.20s 
PNOPairs Memory Information
Total: 0.02494 GB 
PNO  : 0.00691 GB 
KPNO : 0.00716 GB 
W    : 0.01088 GB 

PNOPairs Memory Information
Total: 0.02494 GB 
PNO  : 0.00691 GB 
KPNO : 0.00716 GB 
W    : 0.01088 GB 

timer:                                 truncate     0.04s     0.04s 
timer:                             PNO Overlaps     0.10s     0.10s 
t_iter =  0  Hylleraas energy =  0.00000  ||R||_F =  0.23720  conv =  no
subspace solution [*]   1.00000000

t_iter =  1  Hylleraas energy =  -0.04606  ||R||_F =  0.00000  conv =  yes
=======================================================

Hylleraas MP2 Energies

=======================================================
    i    j      singlet      triplet        Total
=======================================================
    1    1  -2.08110e-02  0.00000e+00 -2.08110e-02
    2    1   0.00000e+00  0.00000e+00  0.00000e+00
    2    2  -2.52468e-02  0.00000e+00 -2.52468e-02
=======================================================
Hylleraas MP2 Energies (singlet): -4.60578e-02
Hylleraas MP2 Energies (triplet):  0.00000e+00
Hylleraas MP2 Energies (total)  : -4.60578e-02
=======================================================
-------------------------------------------
Total Reg Energy  =-4.60578e-02
Total F12 Energy  = 0.00000e+00
Sum Energies Total=-4.60578e-02
-------------------------------------------
timer:                         Solve Amplitudes     0.00s     0.00s 
pair11: density evals:
 [*]   0.00453774   0.00453774   0.02009273

pair22: density evals:
 [*]   0.00401872   0.00401872   0.04320881

timer:                            compress PNOs     0.00s     0.00s 
timer:                             MRA compress     0.00s     0.00s 
timer:                          Transform Pairs     0.23s     0.23s 
timer:                          PNO Compression     0.24s     0.24s 
Information About All Pairs:
mp2_pair11           number=0 rank=  3 frozen=false
mp2_pair21           number=1 rank=  0 frozen=true
mp2_pair22           number=2 rank=  3 frozen=false
number of pairs=3
average rank   =2 (2.00000e+00)
largest rank   =3
saving vector of functions mp2_pair11
saving vector of functions mp2_pair22
timer:                        save pnos on disc     0.19s     0.19s 
PNOPairs Memory Information
Total: 0.02494 GB 
PNO  : 0.00691 GB 
KPNO : 0.00716 GB 
W    : 0.01088 GB 

timer:                                 truncate     0.05s     0.05s 
timer:      compute densities for G application     0.00s     0.00s 
pair21 is frozen: no optimization
timer:                Prepare for G application     0.34s     0.34s 
timer:                                    add K     0.02s     0.02s 
size of all Vpsi potentials (without Vnuc and J) 0.00994 GB 
time=130.08738 chunk=6 Vpsi+Vnuc+J=0.02147 GB
time=130.15730 chunk=6 Vpsi+Vnuc+J=0.02032 GB (after truncation)
timer:                           Apply G to all     2.39s     2.39s 
timer:                       apply Q and update     0.00s     0.00s 
mp2_pair11 residual norms:
[0.03009, 0.03009, 0.05067]
mp2_pair11 scaled residual norms:
[0.00203, 0.00203, 0.00718]
mp2_pair22 residual norms:
[0.03523, 0.03523, 0.03846]
mp2_pair22 scaled residual norms:
[0.00223, 0.00223, 0.00799]
timer:                          update all PNOs     2.75s     2.75s 
frozen pair: no orthonormalization
timer:                                     RRCD     0.09s     0.09s 
timer:                             MRA compress     0.00s     0.00s 
timer:                          Transform Pairs     0.07s     0.07s 
saving vector of functions mp2_pair11
saving vector of functions mp2_pair22
timer:                        save pnos on disc     0.16s     0.16s 


No convergence yet. Energy change = 0.00239

timer:                        Whole Iteration 3    10.93s    10.93s 
Information About All Pairs:
mp2_pair11           number=0 rank=  3 frozen=false
mp2_pair21           number=1 rank=  0 frozen=true
mp2_pair22           number=2 rank=  3 frozen=false
number of pairs=3
average rank   =2 (2.00000)
largest rank   =3
PNOPairs Memory Information
Total: 0.00716 GB 
PNO  : 0.00716 GB 
KPNO : 0.00000 GB 
W    : 0.00000 GB 

timer:                                 truncate     0.03s     0.03s 
wall time=135.63906 chunk=6 allK.size()=6 memory=0.00707 GB
timer:                             compute KPNO     3.42s     3.42s 
wall time=135.75144 chunk=6 allJ.size()=6 memory=0.00814 GB
timer:                             compute JPNO     0.11s     0.11s 
timer:                    compute Fock matrices     1.09s     1.09s 
timer:                             MRA compress     0.00s     0.00s 
timer:                          Transform Pairs     0.15s     0.15s 
timer:                             Canonicalize     0.16s     0.16s 
PNOPairs Memory Information
Total: 0.01415 GB 
PNO  : 0.00707 GB 
KPNO : 0.00707 GB 
W    : 0.00000 GB 

timer:                                 truncate     0.04s     0.04s 
mp2_pair21 is frozen: potential not computed
timer:                   Fluctuation Potentials     1.68s     1.68s 
timer:                       Fluctuation Matrix     0.08s     0.08s 
PNOPairs Memory Information
Total: 0.02519 GB 
PNO  : 0.00707 GB 
KPNO : 0.00707 GB 
W    : 0.01104 GB 

PNOPairs Memory Information
Total: 0.02519 GB 
PNO  : 0.00707 GB 
KPNO : 0.00707 GB 
W    : 0.01104 GB 

timer:                                 truncate     0.02s     0.02s 
timer:                             PNO Overlaps     0.13s     0.13s 
t_iter =  0  Hylleraas energy =  0.00000  ||R||_F =  0.24226  conv =  no
subspace solution [*]   1.00000000

t_iter =  1  Hylleraas energy =  -0.04647  ||R||_F =  0.00000  conv =  yes
=======================================================

Hylleraas MP2 Energies

=======================================================
    i    j      singlet      triplet        Total
=======================================================
    1    1  -2.10163e-02  0.00000e+00 -2.10163e-02
    2    1   0.00000e+00  0.00000e+00  0.00000e+00
    2    2  -2.54554e-02  0.00000e+00 -2.54554e-02
=======================================================
Hylleraas MP2 Energies (singlet): -4.64717e-02
Hylleraas MP2 Energies (triplet):  0.00000e+00
Hylleraas MP2 Energies (total)  : -4.64717e-02
=======================================================
-------------------------------------------
Total Reg Energy  =-4.64717e-02
Total F12 Energy  = 0.00000e+00
Sum Energies Total=-4.64717e-02
-------------------------------------------
timer:                         Solve Amplitudes     0.00s     0.00s 
pair11: density evals:
 [*]   0.00442629   0.00442629   0.01957506

pair22: density evals:
 [*]   0.00390026   0.00390026   0.04227579

timer:                            compress PNOs     0.00s     0.00s 
timer:                             MRA compress     0.00s     0.00s 
timer:                          Transform Pairs     0.38s     0.38s 
timer:                          PNO Compression     0.38s     0.38s 
Information About All Pairs:
mp2_pair11           number=0 rank=  3 frozen=false
mp2_pair21           number=1 rank=  0 frozen=true
mp2_pair22           number=2 rank=  3 frozen=false
number of pairs=3
average rank   =2 (2.00000e+00)
largest rank   =3
saving vector of functions mp2_pair11
saving vector of functions mp2_pair22
timer:                        save pnos on disc     0.12s     0.12s 
PNOPairs Memory Information
Total: 0.02519 GB 
PNO  : 0.00707 GB 
KPNO : 0.00707 GB 
W    : 0.01104 GB 

timer:                                 truncate     0.06s     0.06s 
timer:      compute densities for G application     0.00s     0.00s 
pair21 is frozen: no optimization
timer:                Prepare for G application     0.33s     0.33s 
timer:                                    add K     0.01s     0.01s 
size of all Vpsi potentials (without Vnuc and J) 0.00994 GB 
time=140.47009 chunk=6 Vpsi+Vnuc+J=0.02155 GB
time=140.51683 chunk=6 Vpsi+Vnuc+J=0.02040 GB (after truncation)
timer:                           Apply G to all     2.06s     2.06s 
timer:                       apply Q and update     0.00s     0.00s 
mp2_pair11 residual norms:
[0.01116, 0.01116, 0.02338]
mp2_pair11 scaled residual norms:
[0.00074, 0.00074, 0.00327]
mp2_pair22 residual norms:
[0.01746, 0.01746, 0.01643]
mp2_pair22 scaled residual norms:
[0.00109, 0.00109, 0.00338]
timer:                          update all PNOs     2.41s     2.41s 
frozen pair: no orthonormalization
timer:                                     RRCD     0.06s     0.06s 
timer:                             MRA compress     0.00s     0.00s 
timer:                          Transform Pairs     0.07s     0.07s 
saving vector of functions mp2_pair11
saving vector of functions mp2_pair22
timer:                        save pnos on disc     0.14s     0.14s 


No convergence yet. Energy change = 0.00041

timer:                        Whole Iteration 4    10.09s    10.09s 
Information About All Pairs:
mp2_pair11           number=0 rank=  3 frozen=false
mp2_pair21           number=1 rank=  0 frozen=true
mp2_pair22           number=2 rank=  3 frozen=false
number of pairs=3
average rank   =2 (2.00000)
largest rank   =3
PNOPairs Memory Information
Total: 0.00716 GB 
PNO  : 0.00716 GB 
KPNO : 0.00000 GB 
W    : 0.00000 GB 

timer:                                 truncate     0.03s     0.03s 
wall time=145.67490 chunk=6 allK.size()=6 memory=0.00716 GB
timer:                             compute KPNO     3.37s     3.37s 
wall time=145.85116 chunk=6 allJ.size()=6 memory=0.00814 GB
timer:                             compute JPNO     0.18s     0.18s 
timer:                    compute Fock matrices     1.22s     1.22s 
timer:                             MRA compress     0.00s     0.00s 
timer:                          Transform Pairs     0.23s     0.23s 
timer:                             Canonicalize     0.23s     0.23s 
PNOPairs Memory Information
Total: 0.01439 GB 
PNO  : 0.00724 GB 
KPNO : 0.00716 GB 
W    : 0.00000 GB 

timer:                                 truncate     0.04s     0.04s 
mp2_pair21 is frozen: potential not computed
timer:                   Fluctuation Potentials     1.83s     1.83s 
timer:                       Fluctuation Matrix     0.11s     0.11s 
PNOPairs Memory Information
Total: 0.02543 GB 
PNO  : 0.00724 GB 
KPNO : 0.00716 GB 
W    : 0.01104 GB 

PNOPairs Memory Information
Total: 0.02543 GB 
PNO  : 0.00724 GB 
KPNO : 0.00716 GB 
W    : 0.01104 GB 

timer:                                 truncate     0.04s     0.04s 
timer:                             PNO Overlaps     0.07s     0.07s 
t_iter =  0  Hylleraas energy =  0.00000  ||R||_F =  0.24426  conv =  no
subspace solution [*]   1.00000000

t_iter =  1  Hylleraas energy =  -0.04656  ||R||_F =  0.00000  conv =  yes
=======================================================

Hylleraas MP2 Energies

=======================================================
    i    j      singlet      triplet        Total
=======================================================
    1    1  -2.10584e-02  0.00000e+00 -2.10584e-02
    2    1   0.00000e+00  0.00000e+00  0.00000e+00
    2    2  -2.54978e-02  0.00000e+00 -2.54978e-02
=======================================================
Hylleraas MP2 Energies (singlet): -4.65563e-02
Hylleraas MP2 Energies (triplet):  0.00000e+00
Hylleraas MP2 Energies (total)  : -4.65563e-02
=======================================================
-------------------------------------------
Total Reg Energy  =-4.65563e-02
Total F12 Energy  = 0.00000e+00
Sum Energies Total=-4.65563e-02
-------------------------------------------
timer:                         Solve Amplitudes     0.00s     0.00s 
pair11: density evals:
 [*]   0.00437982   0.00437982   0.01929037

pair22: density evals:
 [*]   0.00384135   0.00384135   0.04177685

timer:                            compress PNOs     0.00s     0.00s 
timer:                             MRA compress     0.00s     0.00s 
timer:                          Transform Pairs     0.35s     0.35s 
timer:                          PNO Compression     0.35s     0.35s 
Information About All Pairs:
mp2_pair11           number=0 rank=  3 frozen=false
mp2_pair21           number=1 rank=  0 frozen=true
mp2_pair22           number=2 rank=  3 frozen=false
number of pairs=3
average rank   =2 (2.00000e+00)
largest rank   =3
saving vector of functions mp2_pair11
saving vector of functions mp2_pair22
timer:                        save pnos on disc     0.14s     0.14s 
PNOPairs Memory Information
Total: 0.02543 GB 
PNO  : 0.00724 GB 
KPNO : 0.00716 GB 
W    : 0.01104 GB 

timer:                                 truncate     0.05s     0.05s 
timer:      compute densities for G application     0.00s     0.00s 
pair21 is frozen: no optimization
timer:                Prepare for G application     0.22s     0.22s 
timer:                                    add K     0.03s     0.03s 
size of all Vpsi potentials (without Vnuc and J) 0.01010 GB 
time=150.79644 chunk=6 Vpsi+Vnuc+J=0.02179 GB
time=150.85662 chunk=6 Vpsi+Vnuc+J=0.02065 GB (after truncation)
timer:                           Apply G to all     2.16s     2.16s 
timer:                       apply Q and update     0.00s     0.00s 
mp2_pair11 residual norms:
[0.00462, 0.00462, 0.01136]
mp2_pair11 scaled residual norms:
[0.00031, 0.00031, 0.00158]
mp2_pair22 residual norms:
[0.00995, 0.00995, 0.00719]
mp2_pair22 scaled residual norms:
[0.00062, 0.00062, 0.00147]
timer:                          update all PNOs     2.41s     2.41s 
frozen pair: no orthonormalization
timer:                                     RRCD     0.07s     0.07s 
timer:                             MRA compress     0.00s     0.00s 
timer:                          Transform Pairs     0.11s     0.11s 
saving vector of functions mp2_pair11
saving vector of functions mp2_pair22
timer:                        save pnos on disc     0.13s     0.13s 


CONVERGED!
energy change = 0.00008

re-entering loop to compute the correct amplitudes and energies
timer:                        Whole Iteration 5    10.44s    10.44s 
Information About All Pairs:
mp2_pair11           number=0 rank=  3 frozen=false
mp2_pair21           number=1 rank=  0 frozen=true
mp2_pair22           number=2 rank=  3 frozen=false
number of pairs=3
average rank   =2 (2.00000)
largest rank   =3
PNOPairs Memory Information
Total: 0.00740 GB 
PNO  : 0.00740 GB 
KPNO : 0.00000 GB 
W    : 0.00000 GB 

timer:                                 truncate     0.03s     0.03s 
wall time=156.14257 chunk=6 allK.size()=6 memory=0.00716 GB
timer:                             compute KPNO     3.40s     3.40s 
wall time=156.27680 chunk=6 allJ.size()=6 memory=0.00830 GB
timer:                             compute JPNO     0.13s     0.13s 
timer:                    compute Fock matrices     1.00s     1.00s 
timer:                             MRA compress     0.00s     0.00s 
timer:                          Transform Pairs     0.25s     0.25s 
timer:                             Canonicalize     0.25s     0.25s 
PNOPairs Memory Information
Total: 0.01439 GB 
PNO  : 0.00724 GB 
KPNO : 0.00716 GB 
W    : 0.00000 GB 

timer:                                 truncate     0.07s     0.07s 
mp2_pair21 is frozen: potential not computed
timer:                   Fluctuation Potentials     1.82s     1.82s 
timer:                       Fluctuation Matrix     0.12s     0.12s 
PNOPairs Memory Information
Total: 0.02543 GB 
PNO  : 0.00724 GB 
KPNO : 0.00716 GB 
W    : 0.01104 GB 

PNOPairs Memory Information
Total: 0.02543 GB 
PNO  : 0.00724 GB 
KPNO : 0.00716 GB 
W    : 0.01104 GB 

timer:                                 truncate     0.07s     0.07s 
timer:                             PNO Overlaps     0.06s     0.06s 
t_iter =  0  Hylleraas energy =  0.00000  ||R||_F =  0.24512  conv =  no
subspace solution [*]   1.00000000

t_iter =  1  Hylleraas energy =  -0.04657  ||R||_F =  0.00000  conv =  yes
=======================================================

Hylleraas MP2 Energies

=======================================================
    i    j      singlet      triplet        Total
=======================================================
    1    1  -2.10679e-02  0.00000e+00 -2.10679e-02
    2    1   0.00000e+00  0.00000e+00  0.00000e+00
    2    2  -2.55058e-02  0.00000e+00 -2.55058e-02
=======================================================
Hylleraas MP2 Energies (singlet): -4.65737e-02
Hylleraas MP2 Energies (triplet):  0.00000e+00
Hylleraas MP2 Energies (total)  : -4.65737e-02
=======================================================
-------------------------------------------
Total Reg Energy  =-4.65737e-02
Total F12 Energy  = 0.00000e+00
Sum Energies Total=-4.65737e-02
-------------------------------------------
timer:                         Solve Amplitudes     0.00s     0.00s 
pair11: density evals:
 [*]   0.00436016   0.00436016   0.01915332

pair22: density evals:
 [*]   0.00380994   0.00380994   0.04153612

timer:                            compress PNOs     0.00s     0.00s 
timer:                             MRA compress     0.00s     0.00s 
timer:                          Transform Pairs     0.39s     0.39s 
timer:                          PNO Compression     0.39s     0.39s 
Information About All Pairs:
mp2_pair11           number=0 rank=  3 frozen=false
mp2_pair21           number=1 rank=  0 frozen=true
mp2_pair22           number=2 rank=  3 frozen=false
number of pairs=3
average rank   =2 (2.00000e+00)
largest rank   =3
saving vector of functions mp2_pair11
saving vector of functions mp2_pair22
timer:                        save pnos on disc     0.14s     0.14s 
exiting: Iterations converged
PNO ranks:
PNO Rank for pair pair11 = 3
PNO Rank for pair pair21 = 0
PNO Rank for pair pair22 = 3
average rank 2.00000e+00
timer:                               PNO::solve    64.72s    64.72s 

--------------------------------
ITERATE-PAIRS-INTERNAL-ENDED
--------------------------------
mp2_pair21 converged!


Adaptive Sovler:
 Current Energy=-4.6573665902e-02
 DeltaE        =-4.6573665902e-02
 max dE (pair) =-2.5505807591e-02 (2)
 all_pairs_conv=false




not converged yet

freeze pair mp2_pair21 (not further optimized: Energy below 1.0000000000e-05)
Maximum Rank of3 reached for all non-frozen pairs, no need to iterate further=======================================================

Final MP2 Energies

=======================================================
    i    j      singlet      triplet        Total
=======================================================
    1    1  -2.10679e-02  0.00000e+00 -2.10679e-02
    2    1   0.00000e+00  0.00000e+00  0.00000e+00
    2    2  -2.55058e-02  0.00000e+00 -2.55058e-02
=======================================================
Final MP2 Energies (singlet): -4.65737e-02
Final MP2 Energies (triplet):  0.00000e+00
Final MP2 Energies (total)  : -4.65737e-02
=======================================================
-------------------------------------------
Total Reg Energy  =-4.65737e-02
Total F12 Energy  = 0.00000e+00
Sum Energies Total=-4.65737e-02
-------------------------------------------
Average | Max Rank: 2 | 3



--------------------------------------------------
MRA-PNO-MP2-F12 ended 
--------------------------------------------------
                 time scf = 8.81247e+01
               energy scf = -1.56020e+01
--------------------------------------------------
restarting PNO to reload pairs that converged before and were frozen
PNO Parameters
pno
       rank_increase  15         # default   maximum rank to increase in every macroiteration
               chunk  100        # default   chunk of functions operated on in parallel when G or K is applied (prevent memory shortage)
               debug  false      # default   debug mode
              freeze  1          # derived   frozen core approximation
             maxrank  3          # defined   maximal pno rank for all pairs
           guesstype  exop       # derived   the guesstype: exop (recommended, multiply polynomial excitation operators onto the occupied orbitals), empty (don't compute a guess), scf (use the ao basis from the SCF solver), partial_wave (create s,p,d ..., type functions and place on atoms), predefined (same as partial_wave but for predefined sets)
                exop  multipole  # derived   this string defines which excitation operators can be used, use 'dipole', 'dipole+', 'quadrupole', 'ocopole', or 'multipole', need to set guesstype to 'exop' which is the default
          exop_trigo  true       # default   use trigonometric excitation operators ( x --> sin(x)
        partial_wave             # default   atom centered partial wave guess of format like 'h-2s1p-o-3s2p1d', need to set guesstype to 'partial_wave' and adaptive_solver to 'none'
          predefined             # default   predefined partial wave guesses of type pvxz with x=d,t,q,5,6, need to set guesstype to 'predefined' and adaptive_solver to 'none'
           maxiter_t  100        # default   maximal number of iterations in the amplitude solver
       maxiter_micro  10         # default   Maximum of iterations for every cycle in the adaptive solver
       maxiter_macro  10         # default   Maximum of iterations of cycles in the adaptive solver
                tpno  1.0000e-08 # default   PNO cutoff threshold
          tpno_tight  1.0000e-10 # derived   PNO cutoff for the first iteration
    canonicalize_pno  true       # default   canonicalize the pnos before the amplitude solver
              thresh  1.0000e-04 # defined   MRA threshold
         econv_micro  1.0000e-04 # derived   Energy convergence for microiterations (Greens function based optimization) in adaptive solver
         econv_pairs  1.0000e-05 # derived   ENergy convergence for individual pairs in adaptive solver. Converged pairs are frozen automatically
         econv_macro  1.0000e-04 # derived   Energy convergence for macroiterations in adaptive solver, no effect if adaptive_solver is deactivated
               dconv  1.0000e-01 # default   convergence of every PNO in the Green's function solver
           op_thresh  1.0000e-06 # default   MRA operator thresh
             restart  all        # defined   restart pairs of this type, use 'mp2', 'cispd', 'all' or 'none'
          no_compute  none       # default   do not compute the pairs of this type, use 'mp2', 'cispd', 'all' or 'none'
              no_opt  all        # defined   do not optimize the pnos of this type, use 'mp2', 'cispd', 'all' or 'none'
            no_guess  all        # defined   guess for this type will be empty, use 'mp2', 'cispd', 'all' or 'none'
     adaptive_solver  none       # defined   Use adaptive solver for those pairs, use 'mp2', 'cispd', 'all' or 'none', works only in combination with guesstype 'exop'
                kain  true       # default   use KAIN solver in amplitude solver
       kain_subspace  5          # default   subspace size of the KAIN solver (amplitudes)
                 f12  false      # defined   use explicit correlation
        cispd_number  -1         # default   CIS(D) excitation numbers, to read in correct functions
        cispd_energy  0.0000e+00 # default   CIS energy
        freeze_pairs  none       # default   frozen pairs will not be optimized: Expected format 'a b c d' will freeze pairs ab and cd
freeze_pairs_of_orbital  []         # default    All pairs which originate from this orbital will not be optimized
active_pairs_of_orbital  []         # default    All pairs which originate from this orbital will not be frozen all other pairs will, if this vector is not empty
no_opt_in_first_iteration  false      # default   Do not optimize in the first iteration (then the potentials do not have to be evaluated, use this for large guesses)
            exchange  full       # default   approximate exchange with 'neglect' or xc functional -> same syntax as moldft
           save_pnos  true       # default   Save the OBS-PNOs to a file, before and after orthonormalization.
            diagonal  true       # defined   Compute only diagonal PNOs

end

**********************
Solve PNO-MP2
*********************


**********************
Iterate Pairs
*********************


************************
Standard Solver
***********************

Initializing Pairs:
Restart demanded for mp2 pairs
loading vector of functions mp2_pair11
Found PNOs for mp2_pair11 with rank 3
loading vector of functions mp2_pair21
failed to find PNO mp2_pair21 initialize as zero function
nloading vector of functions mp2_pair22
Found PNOs for mp2_pair22 with rank 3
no guess was explicitly demanded for mp2

timer:                                     RRCD     0.04s     0.04s 
timer:                             MRA compress     0.00s     0.00s 
timer:                          Transform Pairs     0.08s     0.08s 
timer:          apply Q and orthonormalize PNOs     0.29s     0.29s 
Created Guess:
pair11 with 3 guess functions
pair21 with 0 guess functions
pair22 with 3 guess functions
guess pair11 size: 3.5777688026e-03 | 3.5777688026e-03 Gbyte (after truncation)
guess pair22 size: 3.7413239479e-03 | 3.7413239479e-03 Gbyte (after truncation)
timer:                           truncate guess     0.05s     0.05s 
timer:                         Initialize Pairs     0.35s     0.35s 
Information About All Pairs:
mp2_pair11           number=0 rank=  3 frozen=false
mp2_pair21           number=1 rank=  0 frozen=true
mp2_pair22           number=2 rank=  3 frozen=false
number of pairs=3
average rank   =2 (2.0000000000e+00)
largest rank   =3
SolveInternal: Parameters are assigned as
no_compute        = false
no_opt            = true
restart           = true
do_cispd          = false
econv             =1.0000000000e-04
maxrank (min,max) = (3,3)
Solving MP2 doubles
timer:          fock matrix     2.76s     2.76s
Information About All Pairs:
mp2_pair11           number=0 rank=  3 frozen=false
mp2_pair21           number=1 rank=  0 frozen=true
mp2_pair22           number=2 rank=  3 frozen=false
number of pairs=3
average rank   =2 (2.0000000000e+00)
largest rank   =3
PNOPairs Memory Information
Total: 0.0073190928 GB 
PNO  : 0.0073190928 GB 
KPNO : 0.0000000000 GB 
W    : 0.0000000000 GB 

timer:                                 truncate     0.06s     0.06s 
wall time=166.7825548649 chunk=6 allK.size()=6 memory=0.0071555376 GB
timer:                             compute KPNO     3.39s     3.39s 
wall time=166.9248349667 chunk=6 allJ.size()=6 memory=0.0082186460 GB
timer:                             compute JPNO     0.14s     0.14s 
timer:                    compute Fock matrices     1.09s     1.09s 
timer:                             MRA compress     0.00s     0.00s 
timer:                          Transform Pairs     0.19s     0.19s 
timer:                             Canonicalize     0.19s     0.19s 
PNOPairs Memory Information
Total: 0.0143928528 GB 
PNO  : 0.0072373152 GB 
KPNO : 0.0071555376 GB 
W    : 0.0000000000 GB 

timer:                                 truncate     0.03s     0.03s 
mp2_pair21 is frozen: potential not computed
timer:                   Fluctuation Potentials     1.71s     1.71s 
timer:                       Fluctuation Matrix     0.16s     0.16s 
PNOPairs Memory Information
Total: 0.0254328251 GB 
PNO  : 0.0072373152 GB 
KPNO : 0.0071555376 GB 
W    : 0.0110399723 GB 

PNOPairs Memory Information
Total: 0.0254328251 GB 
PNO  : 0.0072373152 GB 
KPNO : 0.0071555376 GB 
W    : 0.0110399723 GB 

timer:                                 truncate     0.06s     0.06s 
timer:                             PNO Overlaps     0.05s     0.05s 
t_iter =  0  Hylleraas energy =  0.0000000000  ||R||_F =  0.2451200372  conv =  no
subspace solution [*]   1.00000000

t_iter =  1  Hylleraas energy =  -0.0465737669  ||R||_F =  0.0000000020  conv =  yes
=======================================================

Hylleraas MP2 Energies

=======================================================
    i    j      singlet      triplet        Total
=======================================================
    1    1  -2.10679e-02  0.00000e+00 -2.10679e-02
    2    1   0.00000e+00  0.00000e+00  0.00000e+00
    2    2  -2.55059e-02  0.00000e+00 -2.55059e-02
=======================================================
Hylleraas MP2 Energies (singlet): -4.65738e-02
Hylleraas MP2 Energies (triplet):  0.00000e+00
Hylleraas MP2 Energies (total)  : -4.65738e-02
=======================================================
-------------------------------------------
Total Reg Energy  =-4.65738e-02
Total F12 Energy  = 0.00000e+00
Sum Energies Total=-4.65738e-02
-------------------------------------------
timer:                         Solve Amplitudes     0.00s     0.00s 
No optimization untill now: Compressing pno ranks with tighter threshold
1.00000e-10 instead of 1.00000e-08
pair11: density evals:
 [*]   0.00436016   0.00436016   0.01915336

pair22: density evals:
 [*]   0.00380997   0.00380997   0.04153628

timer:                            compress PNOs     0.00s     0.00s 
timer:                             MRA compress     0.00s     0.00s 
timer:                          Transform Pairs     0.28s     0.28s 
timer:                          PNO Compression     0.29s     0.29s 
Information About All Pairs:
mp2_pair11           number=0 rank=  3 frozen=false
mp2_pair21           number=1 rank=  0 frozen=true
mp2_pair22           number=2 rank=  3 frozen=false
number of pairs=3
average rank   =2 (2.00000e+00)
largest rank   =3
saving vector of functions mp2_pair11
saving vector of functions mp2_pair22
timer:                        save pnos on disc     0.13s     0.13s 
exiting: Found no_opt keyword
PNO ranks:
PNO Rank for pair pair11 = 3
PNO Rank for pair pair21 = 0
PNO Rank for pair pair22 = 3
average rank 2.00000e+00
timer:                               PNO::solve    10.08s    10.08s 

--------------------------------
ITERATE-PAIRS-INTERNAL-ENDED
--------------------------------
=======================================================

Final MP2 Energies

=======================================================
    i    j      singlet      triplet        Total
=======================================================
    1    1  -2.10679e-02  0.00000e+00 -2.10679e-02
    2    1   0.00000e+00  0.00000e+00  0.00000e+00
    2    2  -2.55059e-02  0.00000e+00 -2.55059e-02
=======================================================
Final MP2 Energies (singlet): -4.65738e-02
Final MP2 Energies (triplet):  0.00000e+00
Final MP2 Energies (total)  : -4.65738e-02
=======================================================
-------------------------------------------
Total Reg Energy  =-4.65738e-02
Total F12 Energy  = 0.00000e+00
Sum Energies Total=-4.65738e-02
-------------------------------------------
Average | Max Rank: 2 | 3
                 time pno = 7.12762e+01
               energy mp2 = -4.65738e-02
     average pno rank mp2 = 2
         max pno rank mp2 = 3
--------------------------------------------------
            energy(total) = -1.56486e+01
--------------------------------------------------



Orthonormalization technique used: symmetric
No CABS used.
Tightening thresholds to +0.00010000 for post-processing
Overlap Matrix of all PNOs:
+1.00000745 +0.33437142 +0.00000000 -0.00000000 -0.00000000 +0.00000000 
+0.33437142 +1.00000534 -0.00000000 -0.00000000 +0.00000000 -0.00000000 
+0.00000000 -0.00000000 +0.99999999 +0.00000000 +0.03318330 -0.08135691 
-0.00000000 -0.00000000 +0.00000000 +0.99999999 -0.08135691 -0.03318330 
-0.00000000 +0.00000000 +0.03318330 -0.08135691 +1.00000000 +0.00000000 
+0.00000000 -0.00000000 -0.08135691 -0.03318330 +0.00000000 +1.00000000 
Before cherry pick
rank is +0
all used occupation numbers:
[+0.04153628 +0.01915336 +0.00436016 +0.00436016 +0.00380997 +0.00380997 ]
corresponding to active pairs:
[(1,1) (0,0) (0,0) (0,0) (1,1) (1,1) ]
After cherry pick
all used occupation numbers:
[+0.04153628 +0.01915336 +0.00436016 +0.00436016 +0.00380997 +0.00380997 ]
corresponding to active pairs:
[(1,1) (0,0) (0,0) (0,0) (1,1) (1,1) ]
Overlap Matrix before symmetric
[+0,*]  +1.00000745  +0.33437142  +0.00000000  -0.00000000  -0.00000000  +0.00000000
[+1,*]  +0.33437142  +1.00000534  -0.00000000  -0.00000000  +0.00000000  -0.00000000
[+2,*]  +0.00000000  -0.00000000  +0.99999999  +0.00000000  +0.03318330  -0.08135691
[+3,*]  -0.00000000  -0.00000000  +0.00000000  +0.99999999  -0.08135691  -0.03318330
[+4,*]  -0.00000000  +0.00000000  +0.03318330  -0.08135691  +1.00000000  +0.00000000
[+5,*]  +0.00000000  -0.00000000  -0.08135691  -0.03318330  +0.00000000  +1.00000000
Overlap Matrix after symmetric
[+0,*]  +1.00000000  -0.00000001  +0.00000000  -0.00000000  -0.00000000  +0.00000000
[+1,*]  -0.00000001  +1.00000000  +0.00000000  +0.00000000  +0.00000000  -0.00000000
[+2,*]  +0.00000000  +0.00000000  +1.00000000  +0.00000000  +0.00000000  -0.00000000
[+3,*]  -0.00000000  +0.00000000  +0.00000000  +1.00000000  -0.00000000  -0.00000000
[+4,*]  -0.00000000  +0.00000000  +0.00000000  -0.00000000  +1.00000000  +0.00000000
[+5,*]  +0.00000000  -0.00000000  -0.00000000  -0.00000000  +0.00000000  +1.00000000
Adding 3 HF orbitals
Size before adding CABS: 9.
Size after adding CABS: 9.
Compute G and F Tensor:
Assemble g,f using symmetries...
non zero elements:
 g : +11109
 h : +37
Overlap over whole basis
[+0,*]  +1.00000000  +0.00000024  -0.00000049  +0.00001270  +0.00000424  -0.00000000  -0.00000000  -0.00000000  +0.00000000
[+1,*]  +0.00000024  +1.00000000  +0.00000011  +0.00000185  +0.00000062  +0.00000000  +0.00000000  -0.00000000  +0.00000000
[+2,*]  -0.00000049  +0.00000011  +1.00000000  +0.00000133  +0.00000043  +0.00000000  +0.00000000  -0.00000000  -0.00000000
[+3,*]  +0.00001270  +0.00000185  +0.00000133  +1.00000000  -0.00000001  +0.00000000  -0.00000000  -0.00000000  -0.00000000
[+4,*]  +0.00000424  +0.00000062  +0.00000043  -0.00000001  +1.00000000  +0.00000000  +0.00000000  +0.00000000  +0.00000000
[+5,*]  -0.00000000  +0.00000000  +0.00000000  +0.00000000  +0.00000000  +1.00000000  +0.00000000  +0.00000000  -0.00000000
[+6,*]  -0.00000000  +0.00000000  +0.00000000  -0.00000000  +0.00000000  +0.00000000  +1.00000000  -0.00000000  -0.00000000
[+7,*]  -0.00000000  -0.00000000  -0.00000000  -0.00000000  +0.00000000  +0.00000000  -0.00000000  +1.00000000  +0.00000000
[+8,*]  +0.00000000  +0.00000000  -0.00000000  -0.00000000  +0.00000000  -0.00000000  -0.00000000  +0.00000000  +1.00000000

||S-1||=+0.00001925
finished at time 249.5

    Parallel environment
    --------------------
                  #nodes    1
       #threads per node    11+main = 12
          #total threads    12

  RMI message statistics (min / avg / max)
  ----------------------
   #messages in server q    0.00e+00 / 0.00e+00 / 0.00e+00
 #messages sent per node    0.00e+00 / 0.00e+00 / 0.00e+00
    #bytes sent per node    0.00e+00 / 0.00e+00 / 0.00e+00
 #messages recv per node    0.00e+00 / 0.00e+00 / 0.00e+00
    #bytes recv per node    0.00e+00 / 0.00e+00 / 0.00e+00
        #msgs systemwide    0.00e+00
       #bytes systemwide    0.00e+00

  Thread pool statistics (min / avg / max)
  ----------------------
         #tasks per node    1.55e+07 / 1.55e+07 / 1.55e+07
     #max q len per node    1.24e+04 / 1.24e+04 / 1.24e+04
  #hi-pri tasks per node    4.69e+06 / 4.69e+06 / 4.69e+06

         Total wall time    249.4s
         Total  cpu time    249.4s

