MADNESS runtime initialized with 11 threads in the pool and affinity -1 -1 -1
starting at time 0.0

--------------------------------------------
   MADNESS 0.10.1 multiresolution suite
--------------------------------------------

   number of processors ... 1
    processor frequency ... 3.695803e+09
            host system ... Linux
          configured by ... kottmann
          configured on ... wittgenstein
          configured at ... 2021-02-10T21:25:26
                    CXX ... /usr/bin/c++
               CXXFLAGS ... -O3 -DNDEBUG -I/h/28/kottmann/install/numcpp/include/ -I/h/28/kottmann/install/boost/boost_1_72_0/include/ -std=c++1z
             tuning for ... default
                    MPI ... multiple
 multi-threaded runtime ... MADNESS ThreadPool
                   BLAS ... Intel MKL 65985 65985 MFLOP/s
               compiled ... 13:08:26  on  Feb 23 2021


-------------------------------------------------------------------------------------
SOLVING MRA-PNO-F12 as described in 
J.S. Kottmann, F.A. Bischoff, E.F. Valeev
Direct determination of optimal pair-natural orbitals in a real-space representation:
the second-order Møller-Plesset energy
Journal of Chemical Physics ... 2020
-------------------------------------------------------------------------------------


This script will run PNO-MP2 and print out tensors in binary
Call as: pno_integrals inputfileinput is input
ignoring unknown parameter in input file:  ncf

Angstrom being used to read input coordinates (1 Bohr = 1.88972613 Angstrom)


Asymptotic correction parameters
---------------------------------------
Atom vector is not empty: false
Using multipole approximation: false
Number of electrons = -1
Ionisation energy = 0.000000e+00
E(HOMO) = 0.000000e+00
R1 = 3.000000e+00
R2 = 4.000000e+00
DFT coefficient = 0.000000e+00
Interpolation scheme = linear
constructed symmetry operator for point group C1
dft
              charge  0.0000e+00 # defined   total molecular charge
                  xc  hf         # defined   XC input line
               smear  0.0000e+00 # default   smearing parameter
               econv  1.0000e-04 # defined   energy convergence
               dconv  5.0000e-04 # defined   density convergence
convergence_criteria  [bsh_residual, total_energy] # default   possible values are: bsh_residual, total_energy, each_energy, density
                   k  7          # defined   polynomial order
                   l  5.4913e+01 # derived   user coordinates box size
               deriv  abgv       # default   derivative method                            [abgv, bspline, ble]
           dft_deriv  abgv       # default   derivative method for gga potentials         [abgv, bspline, ble]
             maxrotn  2.5000e-01 # default   step restriction used in autoshift algorithm
             nvalpha  0          # default   number of alpha virtuals to compute
              nvbeta  0          # default   number of beta virtuals to compute
               nopen  0          # default   number of unpaired electrons = nalpha-nbeta
             maxiter  25         # default   maximum number of iterations
                 nio  1          # default   no. of io servers to use
     spin_restricted  true       # default   true if spin restricted
              plotlo  0          # default   range of MOs to print (for both spins if polarized
              plothi  -1         # default   range of MOs to print (for both spins if polarized
            plotdens  false      # default   If true print the density at convergence
            plotcoul  false      # default   If true plot the total coulomb potential at convergence
            localize  boys       # defined   localization method                          [pm, boys, new, canon]
          pointgroup  c1         # derived   use point (sub) group symmetry if not localized[c1, c2, ci, cs, c2v, c2h, d2, d2h]
             restart  false      # default   if true restart from orbitals on disk
           restartao  false      # default   if true restart from orbitals projected into AO basis (STO3G) on disk
          no_compute  false      # default   if true use orbitals on disk, set value to computed
           no_orient  false      # default   if true the molecule coordinates will not be reoriented
                save  true       # default   if true save orbitals to disk
              maxsub  10         # default   size of iterative subspace ... set to 0 or 1 to disable
        orbitalshift  0.0000e+00 # default   scf orbital shift: shift the occ orbitals to lower energies
            npt_plot  101        # default   no. of points to use in each dim for plots
           plot_cell  []         # default   lo hi in each dimension for plotting (default is all space)
             aobasis  6-31g      # derived   AO basis used for initial guess (6-31g or sto-3g)
           core_type  none       # default   core potential type                          [none, mpc]
         derivatives  false      # default   if true calculate nuclear derivatives
              dipole  false      # default   if true calculate dipole moment
      conv_only_dens  false      # default   if true remove bsh_residual from convergence criteria (deprecated)
            psp_calc  false      # default   pseudopotential calculation for all atoms
 print_dipole_matels  false      # default   if true output dipole matrix elements
            pcm_data  none       # default   do a PCM (solvent) calculation
             ac_data  none       # default   do a calculation with asymptotic correction (see ACParameters class in chem/AC.h for details)
             pure_ae  true       # default   pure all electron calculation with no pseudo-atoms
         print_level  3          # default   0: no output; 1: final energy; 2: iterations; 3: timings; 10: debug
              nalpha  3          # derived   number of alpha spin electrons
               nbeta  3          # derived   number of beta  spin electrons
           nmo_alpha  3          # derived   number of alpha spin molecular orbitals
            nmo_beta  3          # derived   number of beta spin molecular orbitals
                  lo  9.0905e-04 # derived   smallest length scale we need to resolve
            protocol  [1.0000e-04, 1.0000e-06] # derived   calculation protocol
                gopt  false      # default   geometry optimizer
                gtol  1.0000e-04 # default   geometry tolerance
               gtest  false      # default   geometry tolerance
                gval  1.0000e-05 # default   value precision
               gprec  1.0000e-04 # default   gradient precision
            gmaxiter  20         # default   optimization maxiter
    ginitial_hessian  false      # default   compute inital hessian for optimization
              algopt  bfgs       # default   algorithm used for optimization              [bfgs, cg]
            tdksprop  false      # default   time-dependent Kohn-Sham equation propagate
           nv_factor  1          # default   factor to multiply number of virtual orbitals with when automatically decreasing nvirt
           vnucextra  2          # default   load balance parameter for nuclear pot
        loadbalparts  2          # default   ??
            response  false      # default   response function calculation
       response_freq  0.0000e+00 # default   frequency for calculation response function
       response_axis  [1, 1, 1]  # default   response axis
           nonrotate  false      # default   if true do not molcule orient (redundant with no_orient
               rconv  1.0000e-06 # default   Response convergence
              efield  0.0000e+00 # default   eps for finite field
         efield_axis  0          # default   finite field axis                            [0, 1, 2]
              nwfile  none       # default   Base name of nwchem output files (.out and .movecs extensions) to read from
                 ncf  (none,1.0000e+00) # defined   nuclear correlation factor
             hessian  false      # default   compute the hessian matrix
           read_cphf  false      # default   read the converged orbital response for nuclear displacements from file
        restart_cphf  false      # default   read the guess orbital response for nuclear displacements from file
      purify_hessian  false      # default   symmetrize the hessian matrix based on atomic charges

end
              charge  0.0000e+00 # defined   total molecular charge
                  xc  hf         # defined   XC input line
               smear  0.0000e+00 # default   smearing parameter
               econv  1.0000e-04 # defined   energy convergence
               dconv  5.0000e-04 # defined   density convergence
convergence_criteria  [bsh_residual, total_energy] # default   possible values are: bsh_residual, total_energy, each_energy, density
                   k  7          # defined   polynomial order
                   l  5.4913e+01 # derived   user coordinates box size
               deriv  abgv       # default   derivative method                            [abgv, bspline, ble]
           dft_deriv  abgv       # default   derivative method for gga potentials         [abgv, bspline, ble]
             maxrotn  2.5000e-01 # default   step restriction used in autoshift algorithm
             nvalpha  0          # default   number of alpha virtuals to compute
              nvbeta  0          # default   number of beta virtuals to compute
               nopen  0          # default   number of unpaired electrons = nalpha-nbeta
             maxiter  25         # default   maximum number of iterations
                 nio  1          # default   no. of io servers to use
     spin_restricted  true       # default   true if spin restricted
              plotlo  0          # default   range of MOs to print (for both spins if polarized
              plothi  -1         # default   range of MOs to print (for both spins if polarized
            plotdens  false      # default   If true print the density at convergence
            plotcoul  false      # default   If true plot the total coulomb potential at convergence
            localize  boys       # defined   localization method                          [pm, boys, new, canon]
          pointgroup  c1         # derived   use point (sub) group symmetry if not localized[c1, c2, ci, cs, c2v, c2h, d2, d2h]
             restart  false      # default   if true restart from orbitals on disk
           restartao  false      # default   if true restart from orbitals projected into AO basis (STO3G) on disk
          no_compute  false      # default   if true use orbitals on disk, set value to computed
           no_orient  false      # default   if true the molecule coordinates will not be reoriented
                save  true       # default   if true save orbitals to disk
              maxsub  10         # default   size of iterative subspace ... set to 0 or 1 to disable
        orbitalshift  0.0000e+00 # default   scf orbital shift: shift the occ orbitals to lower energies
            npt_plot  101        # default   no. of points to use in each dim for plots
           plot_cell  []         # default   lo hi in each dimension for plotting (default is all space)
             aobasis  6-31g      # derived   AO basis used for initial guess (6-31g or sto-3g)
           core_type  none       # default   core potential type                          [none, mpc]
         derivatives  false      # default   if true calculate nuclear derivatives
              dipole  false      # default   if true calculate dipole moment
      conv_only_dens  false      # default   if true remove bsh_residual from convergence criteria (deprecated)
            psp_calc  false      # default   pseudopotential calculation for all atoms
 print_dipole_matels  false      # default   if true output dipole matrix elements
            pcm_data  none       # default   do a PCM (solvent) calculation
             ac_data  none       # default   do a calculation with asymptotic correction (see ACParameters class in chem/AC.h for details)
             pure_ae  true       # default   pure all electron calculation with no pseudo-atoms
         print_level  3          # default   0: no output; 1: final energy; 2: iterations; 3: timings; 10: debug
              nalpha  3          # derived   number of alpha spin electrons
               nbeta  3          # derived   number of beta  spin electrons
           nmo_alpha  3          # derived   number of alpha spin molecular orbitals
            nmo_beta  3          # derived   number of beta spin molecular orbitals
                  lo  9.0905e-04 # derived   smallest length scale we need to resolve
            protocol  [1.0000e-04, 1.0000e-06] # derived   calculation protocol
                gopt  false      # default   geometry optimizer
                gtol  1.0000e-04 # default   geometry tolerance
               gtest  false      # default   geometry tolerance
                gval  1.0000e-05 # default   value precision
               gprec  1.0000e-04 # default   gradient precision
            gmaxiter  20         # default   optimization maxiter
    ginitial_hessian  false      # default   compute inital hessian for optimization
              algopt  bfgs       # default   algorithm used for optimization              [bfgs, cg]
            tdksprop  false      # default   time-dependent Kohn-Sham equation propagate
           nv_factor  1          # default   factor to multiply number of virtual orbitals with when automatically decreasing nvirt
           vnucextra  2          # default   load balance parameter for nuclear pot
        loadbalparts  2          # default   ??
            response  false      # default   response function calculation
       response_freq  0.0000e+00 # default   frequency for calculation response function
       response_axis  [1, 1, 1]  # default   response axis
           nonrotate  false      # default   if true do not molcule orient (redundant with no_orient
               rconv  1.0000e-06 # default   Response convergence
              efield  0.0000e+00 # default   eps for finite field
         efield_axis  0          # default   finite field axis                            [0, 1, 2]
              nwfile  none       # default   Base name of nwchem output files (.out and .movecs extensions) to read from



 geometry
   eprec 1.0e-06
   units atomic
   Be            0.00000000           0.00000000           0.56691784
   H             0.00000000           0.00000000           2.64561659
   H             0.00000000           0.00000000          -4.91328795
 end

Solving NDIM= 3  with thresh 1.000000e-04     k 7    conv 5.000000e-04 

timer:     Project vnuclear     0.56s     0.56s
constructed nuclear correlation factor of the form
    R   =  1.000000e+00
with eprec  1.000000e-06
which means it's (nearly) a conventional calculation

timer:        reproject ncf     1.88s     1.88s
timer:        guess density     0.47s     0.47s
timer:   guess Coulomb potn     0.46s     0.46s
timer:       guess lda potn     0.25s     0.25s
timer:        guess overlap     0.03s     0.03s
timer:    KEmat reconstruct     0.08s     0.08s
timer:  KEmat differentiate     0.33s     0.33s
timer:       KEmat compress     0.12s     0.12s
timer: KEmat inner products     0.18s     0.18s
timer:     guess Kinet potn     0.73s     0.73s
timer:           guess fock     0.60s     0.60s
timer:      guess eigen sol     0.05s     0.05s
timer: guess orbital groupi     0.15s     0.15s

starting protocol at time      7.5s 
precision steps  1.000000e-04  -->  1.000000e-04
protocol: thresh 1.000000e-04 econv  1.000000e-04 dconv 5.000000e-04

ending protocol at time      7.5s 

Solving NDIM= 3  with thresh 1.000000e-04     k 7    conv 5.000000e-04 

timer:        Boys localize     1.00s     1.00s
orbital irreps []
timer:      reconstruct psi     0.17s     0.17s
timer:        compute Jnemo     0.72s     0.72s
timer:        compute Knemo     1.95s     1.95s
timer: compute Unemo 0.0151     0.27s     0.27s

  nuclear and kinetic     -25.28909692
         kinetic only      15.76146703
              coulomb      10.38451247
             exchange      -3.41666582
    nuclear-repulsion       2.78647466
   regularized energy     -15.53477562
  buggy if hybrid functionals are used..
timer:       compute energy     3.65s     3.65s
Norm of vector changes ab spin case : rms 9.966230e-02    max 1.655473e-01
convergence: bshresidual, energy change, max energy change, density change 1.2e-01 1.6e+01 1.6e+01 1.5e+00
finished iteration  0 at time     20.6s with energy  -15.53477562
timer:        Boys localize     1.01s     1.01s
orbital irreps []
timer:      reconstruct psi     0.20s     0.20s
timer:        compute Jnemo     0.73s     0.73s
timer:        compute Knemo     1.91s     1.91s
timer: compute Unemo 0.0151     0.25s     0.25s

  nuclear and kinetic     -25.34914861
         kinetic only      15.59610374
              coulomb      10.31258000
             exchange      -3.33967857
    nuclear-repulsion       2.78647466
   regularized energy     -15.58977251
  buggy if hybrid functionals are used..
timer:       compute energy     3.64s     3.64s
Norm of vector changes ab spin case : rms 2.982786e-02    max 4.776870e-02
convergence: bshresidual, energy change, max energy change, density change 2.5e-02 5.5e-02 1.7e-01 1.2e-02
finished iteration  1 at time     33.9s with energy  -15.58977251
timer:        Boys localize     0.99s     0.99s
orbital irreps []
timer:      reconstruct psi     0.14s     0.14s
timer:        compute Jnemo     0.64s     0.64s
timer:        compute Knemo     2.03s     2.03s
timer: compute Unemo 0.0151     0.15s     0.15s

  nuclear and kinetic     -25.39519814
         kinetic only      15.58406648
              coulomb      10.33645008
             exchange      -3.32280788
    nuclear-repulsion       2.78647466
   regularized energy     -15.59508128
  buggy if hybrid functionals are used..
timer:       compute energy     3.66s     3.66s
Norm of vector changes ab spin case : rms 1.397954e-02    max 2.316130e-02
convergence: bshresidual, energy change, max energy change, density change 7.7e-03 5.3e-03 4.6e-02 5.0e-03
finished iteration  2 at time     46.8s with energy  -15.59508128
timer:        Boys localize     0.95s     0.95s
orbital irreps []
timer:      reconstruct psi     0.18s     0.18s
timer:        compute Jnemo     0.77s     0.77s
timer:        compute Knemo     1.99s     1.99s
timer: compute Unemo 0.0152     0.20s     0.20s

  nuclear and kinetic     -25.42843381
         kinetic only      15.58639563
              coulomb      10.36291896
             exchange      -3.31686277
    nuclear-repulsion       2.78647466
   regularized energy     -15.59590296
  buggy if hybrid functionals are used..
timer:       compute energy     3.58s     3.58s
Norm of vector changes ab spin case : rms 5.840472e-03    max 9.810194e-03
convergence: bshresidual, energy change, max energy change, density change 2.6e-03 8.2e-04 3.3e-02 1.3e-03
finished iteration  3 at time     60.0s with energy  -15.59590296
timer:        Boys localize     1.02s     1.02s
orbital irreps []
timer:      reconstruct psi     0.20s     0.20s
timer:        compute Jnemo     0.65s     0.65s
timer:        compute Knemo     1.99s     1.99s
timer: compute Unemo 0.0152     0.19s     0.19s

  nuclear and kinetic     -25.44090689
         kinetic only      15.58770641
              coulomb      10.37415866
             exchange      -3.31573886
    nuclear-repulsion       2.78647466
   regularized energy     -15.59601243
  buggy if hybrid functionals are used..
timer:       compute energy     3.77s     3.77s
Norm of vector changes ab spin case : rms 1.241415e-03    max 1.668573e-03
convergence: bshresidual, energy change, max energy change, density change 6.1e-04 1.1e-04 1.2e-02 4.4e-04
finished iteration  4 at time     73.7s with energy  -15.59601243
timer:        Boys localize     1.06s     1.06s
orbital irreps []
timer:      reconstruct psi     0.14s     0.14s
timer:        compute Jnemo     0.67s     0.67s
timer:        compute Knemo     1.89s     1.89s
timer: compute Unemo 0.0152     0.17s     0.17s

  nuclear and kinetic     -25.44184422
         kinetic only      15.58672497
              coulomb      10.37489984
             exchange      -3.31555015
    nuclear-repulsion       2.78647466
   regularized energy     -15.59601988
  buggy if hybrid functionals are used..
timer:       compute energy     3.43s     3.43s
Norm of vector changes ab spin case : rms 3.235444e-04    max 5.032440e-04
convergence: bshresidual, energy change, max energy change, density change 2.2e-04 7.5e-06 9.8e-04 1.2e-04
finished iteration  5 at time     86.9s with energy  -15.59601988

Iterations converged


ending protocol at time     86.9s 

 Dipole Moment (a.u.)
 -----------

     x:  -4.373211e-14
     y:  3.161412e-14
     z:  1.561652e+00
 Total Dipole Moment:  1.561652e+00 

timer:               dipole     0.04s     0.04s
Nemo Orbital Energies: [*]  -4.78101536  -0.57750027  -0.30305679

nemo energy:  -1.559602e+01
 at time 87.3
PNO Integrals evaluated as:
pnoint
       rank_increase  15         # default   maximum rank to increase in every macroiteration
               chunk  100        # default   chunk of functions operated on in parallel when G or K is applied (prevent memory shortage)
               debug  false      # default   debug mode
              freeze  1          # derived   frozen core approximation
             maxrank  3          # defined   maximal pno rank for all pairs
           guesstype  exop       # derived   the guesstype: exop (recommended, multiply polynomial excitation operators onto the occupied orbitals), empty (don't compute a guess), scf (use the ao basis from the SCF solver), partial_wave (create s,p,d ..., type functions and place on atoms), predefined (same as partial_wave but for predefined sets)
                exop  multipole  # derived   this string defines which excitation operators can be used, use 'dipole', 'dipole+', 'quadrupole', 'ocopole', or 'multipole', need to set guesstype to 'exop' which is the default
          exop_trigo  true       # default   use trigonometric excitation operators ( x --> sin(x)
        partial_wave             # default   atom centered partial wave guess of format like 'h-2s1p-o-3s2p1d', need to set guesstype to 'partial_wave' and adaptive_solver to 'none'
          predefined             # default   predefined partial wave guesses of type pvxz with x=d,t,q,5,6, need to set guesstype to 'predefined' and adaptive_solver to 'none'
           maxiter_t  100        # default   maximal number of iterations in the amplitude solver
       maxiter_micro  10         # default   Maximum of iterations for every cycle in the adaptive solver
       maxiter_macro  10         # default   Maximum of iterations of cycles in the adaptive solver
                tpno  1.0000e-08 # default   PNO cutoff threshold
          tpno_tight  1.0000e-10 # derived   PNO cutoff for the first iteration
    canonicalize_pno  true       # default   canonicalize the pnos before the amplitude solver
              thresh  1.0000e-04 # defined   MRA threshold
         econv_micro  1.0000e-04 # derived   Energy convergence for microiterations (Greens function based optimization) in adaptive solver
         econv_pairs  1.0000e-05 # derived   ENergy convergence for individual pairs in adaptive solver. Converged pairs are frozen automatically
         econv_macro  1.0000e-04 # derived   Energy convergence for macroiterations in adaptive solver, no effect if adaptive_solver is deactivated
               dconv  1.0000e-01 # default   convergence of every PNO in the Green's function solver
           op_thresh  1.0000e-06 # default   MRA operator thresh
             restart  none       # derived   restart pairs of this type, use 'mp2', 'cispd', 'all' or 'none'
          no_compute  none       # default   do not compute the pairs of this type, use 'mp2', 'cispd', 'all' or 'none'
              no_opt  none       # default   do not optimize the pnos of this type, use 'mp2', 'cispd', 'all' or 'none'
            no_guess  none       # derived   guess for this type will be empty, use 'mp2', 'cispd', 'all' or 'none'
     adaptive_solver  all        # default   Use adaptive solver for those pairs, use 'mp2', 'cispd', 'all' or 'none', works only in combination with guesstype 'exop'
                kain  true       # default   use KAIN solver in amplitude solver
       kain_subspace  5          # default   subspace size of the KAIN solver (amplitudes)
                 f12  false      # defined   use explicit correlation
        cispd_number  -1         # default   CIS(D) excitation numbers, to read in correct functions
        cispd_energy  0.0000e+00 # default   CIS energy
        freeze_pairs  none       # default   frozen pairs will not be optimized: Expected format 'a b c d' will freeze pairs ab and cd
freeze_pairs_of_orbital  []         # default    All pairs which originate from this orbital will not be optimized
active_pairs_of_orbital  []         # default    All pairs which originate from this orbital will not be frozen all other pairs will, if this vector is not empty
no_opt_in_first_iteration  false      # default   Do not optimize in the first iteration (then the potentials do not have to be evaluated, use this for large guesses)
            exchange  full       # default   approximate exchange with 'neglect' or xc functional -> same syntax as moldft
           save_pnos  true       # default   Save the OBS-PNOs to a file, before and after orthonormalization.
            diagonal  true       # defined   Compute only diagonal PNOs
              orthog  symmetric  # defined   orthogonalization method for PNO basis, also current default for a potential CABS. options: symmetric, canonical, cholesky, rr_cholesky,
         orthog_cabs  default    # default   orthogonalization method for CABS basis. options: symmetric, canonical, cholesky, rr_cholesky, uses same as orbitals basis if default.
               n_pno  6          # defined   desired size of PNO-basis (orbital space)
         cabs_option  none       # default   type of complementary auxiliary basis to be used. can be none ~ no CABS, gbs ~ Gaussian basis set as CABS, requires input via auxbas_file, pno ~ use superfluous PNOs as CABS, mixed ~ gbs&pno-option
       pno_cabs_size  -1         # default   size of a potential pno-cabs. defaults to -1 ~ all remaining PNOs, if pno-cabs or mixed-cabs
           only_diag  false      # default   use only diagonal elements PNOs
         cherry_pick  []         # default   cherry pick option to choose particular set of PNOs, not just blindly by occupation number. can be useful, if only a restricted number of PNOs can be used, to avoid separating degenerate pairs. can be envoked by passing a vector via [ elem1, elem2, ... ]
               gamma  1.4000e+00 # default   The f12 length scale, here to be used to compute f12-integrals
         cabs_thresh  1.0000e-04 # derived    thresh for cabs part
              auxbas  none       # default   atom centered partial wave guess of format like 'h-2s1p-o-3s2p1d'
         auxbas_file  none       # default   Use external comp. aux. basis in addition to the pnos as auxbasis. Give the filename as parameter. Give the auxbas in turbomole format. Don't use contractions. If a file is specified the auxbas parameter has no effect
   print_pno_overlap  true       # default   Print overlap matrix at certain steps in computation, for debugging purposes.
              n_virt  0          # defined   Compute this number of virtuals and include them in the integral construction, experimental and not robust!.
      hardcore_boson  false      # default   compute only integrals for hardcore boson hamiltonian (restricted to double occupations)

end
F12 Operators initialized right
timer:                    Testing F12 Operators     0.86s     0.86s 
timer:  Initializing (active) Exchange Orbitals     1.83s     1.83s 
Size of active mos and their exchange potentials:
K(acmos)=2.657771e-03 Gbyte
acmos   =2.545327e-03 Gbyte
PNO Parameters
pno
       rank_increase  15         # default   maximum rank to increase in every macroiteration
               chunk  100        # default   chunk of functions operated on in parallel when G or K is applied (prevent memory shortage)
               debug  false      # default   debug mode
              freeze  1          # derived   frozen core approximation
             maxrank  3          # defined   maximal pno rank for all pairs
           guesstype  exop       # derived   the guesstype: exop (recommended, multiply polynomial excitation operators onto the occupied orbitals), empty (don't compute a guess), scf (use the ao basis from the SCF solver), partial_wave (create s,p,d ..., type functions and place on atoms), predefined (same as partial_wave but for predefined sets)
                exop  multipole  # derived   this string defines which excitation operators can be used, use 'dipole', 'dipole+', 'quadrupole', 'ocopole', or 'multipole', need to set guesstype to 'exop' which is the default
          exop_trigo  true       # default   use trigonometric excitation operators ( x --> sin(x)
        partial_wave             # default   atom centered partial wave guess of format like 'h-2s1p-o-3s2p1d', need to set guesstype to 'partial_wave' and adaptive_solver to 'none'
          predefined             # default   predefined partial wave guesses of type pvxz with x=d,t,q,5,6, need to set guesstype to 'predefined' and adaptive_solver to 'none'
           maxiter_t  100        # default   maximal number of iterations in the amplitude solver
       maxiter_micro  10         # default   Maximum of iterations for every cycle in the adaptive solver
       maxiter_macro  10         # default   Maximum of iterations of cycles in the adaptive solver
                tpno  1.0000e-08 # default   PNO cutoff threshold
          tpno_tight  1.0000e-10 # derived   PNO cutoff for the first iteration
    canonicalize_pno  true       # default   canonicalize the pnos before the amplitude solver
              thresh  1.0000e-04 # defined   MRA threshold
         econv_micro  1.0000e-04 # derived   Energy convergence for microiterations (Greens function based optimization) in adaptive solver
         econv_pairs  1.0000e-05 # derived   ENergy convergence for individual pairs in adaptive solver. Converged pairs are frozen automatically
         econv_macro  1.0000e-04 # derived   Energy convergence for macroiterations in adaptive solver, no effect if adaptive_solver is deactivated
               dconv  1.0000e-01 # default   convergence of every PNO in the Green's function solver
           op_thresh  1.0000e-06 # default   MRA operator thresh
             restart  none       # derived   restart pairs of this type, use 'mp2', 'cispd', 'all' or 'none'
          no_compute  none       # default   do not compute the pairs of this type, use 'mp2', 'cispd', 'all' or 'none'
              no_opt  none       # default   do not optimize the pnos of this type, use 'mp2', 'cispd', 'all' or 'none'
            no_guess  none       # derived   guess for this type will be empty, use 'mp2', 'cispd', 'all' or 'none'
     adaptive_solver  all        # default   Use adaptive solver for those pairs, use 'mp2', 'cispd', 'all' or 'none', works only in combination with guesstype 'exop'
                kain  true       # default   use KAIN solver in amplitude solver
       kain_subspace  5          # default   subspace size of the KAIN solver (amplitudes)
                 f12  false      # defined   use explicit correlation
        cispd_number  -1         # default   CIS(D) excitation numbers, to read in correct functions
        cispd_energy  0.0000e+00 # default   CIS energy
        freeze_pairs  none       # default   frozen pairs will not be optimized: Expected format 'a b c d' will freeze pairs ab and cd
freeze_pairs_of_orbital  []         # default    All pairs which originate from this orbital will not be optimized
active_pairs_of_orbital  []         # default    All pairs which originate from this orbital will not be frozen all other pairs will, if this vector is not empty
no_opt_in_first_iteration  false      # default   Do not optimize in the first iteration (then the potentials do not have to be evaluated, use this for large guesses)
            exchange  full       # default   approximate exchange with 'neglect' or xc functional -> same syntax as moldft
           save_pnos  true       # default   Save the OBS-PNOs to a file, before and after orthonormalization.
            diagonal  true       # defined   Compute only diagonal PNOs

end

**********************
Solve PNO-MP2
*********************


**********************
Iterate Pairs
*********************


************************
Adaptive Solver
***********************

Initializing empty Pairs:
no guess was explicitly demanded for mp2

timer:                                     RRCD     0.00s     0.00s 
timer:                             MRA compress     0.00s     0.00s 
timer:                          Transform Pairs     0.00s     0.00s 
timer:          apply Q and orthonormalize PNOs     0.00s     0.00s 
Created Guess:
pair11 with 0 guess functions
pair21 with 0 guess functions
pair22 with 0 guess functions
guess pair11 size: 0.0000000000e+00 | 0.0000000000e+00 Gbyte (after truncation)
guess pair22 size: 0.0000000000e+00 | 0.0000000000e+00 Gbyte (after truncation)
timer:                           truncate guess     0.00s     0.00s 
timer:                         Initialize Pairs     0.00s     0.00s 
Keyword multipole is not known
Guess protocol for adaptively growing ranks is: [dipole+, quadrupole, big_fock_3, big_fock_3, big_fock_3, big_fock_3, big_fock_3, big_fock_3, big_fock_3, big_fock_3]


--------Adaptive Solver Macroiteration 0 from max 10 ----------

Growing ranks with exop=dipole+
Create guess functions by multiplying plane-waves to 1 functions 
Created 4 virtuals for pair11
pair21 is frozen: no growing
Create guess functions by multiplying plane-waves to 1 functions 
Created 4 virtuals for pair22
frozen pair: no orthonormalization
timer:                                     RRCD     0.08s     0.08s 
timer:                             MRA compress     0.00s     0.00s 
timer:                          Transform Pairs     0.09s     0.09s 
timer:                        grow PNO subspace     1.65s     1.65s 
SolveInternal: Parameters are assigned as
no_compute        = false
no_opt            = false
restart           = false
do_cispd          = false
econv             =1.0000000000e-04
maxrank (min,max) = (3,3)
Solving MP2 doubles
timer:          fock matrix     2.79s     2.79s
Information About All Pairs:
mp2_pair11           number=0 rank=  4 frozen=false
mp2_pair21           number=1 rank=  0 frozen=true
mp2_pair22           number=2 rank=  4 frozen=false
number of pairs=3
average rank   =2 (2.6666666667e+00)
largest rank   =4
PNOPairs Memory Information
Total: 0.0098133087 GB 
PNO  : 0.0098133087 GB 
KPNO : 0.0000000000 GB 
W    : 0.0000000000 GB 

timer:                                 truncate     0.04s     0.04s 
wall time=100.0761311054 chunk=8 allK.size()=8 memory=0.0088319778 GB
timer:                             compute KPNO     3.76s     3.76s 
wall time=100.2331809998 chunk=8 allJ.size()=8 memory=0.0105493069 GB
timer:                             compute JPNO     0.16s     0.16s 
timer:                    compute Fock matrices     1.44s     1.44s 
timer:                             MRA compress     0.00s     0.00s 
timer:                          Transform Pairs     0.16s     0.16s 
timer:                             Canonicalize     0.19s     0.19s 
PNOPairs Memory Information
Total: 0.0179092884 GB 
PNO  : 0.0094044209 GB 
KPNO : 0.0085048676 GB 
W    : 0.0000000000 GB 

timer:                                 truncate     0.06s     0.06s 
mp2_pair21 is frozen: potential not computed
timer:                   Fluctuation Potentials     1.97s     1.97s 
timer:                       Fluctuation Matrix     0.17s     0.17s 
PNOPairs Memory Information
Total: 0.0313208103 GB 
PNO  : 0.0094044209 GB 
KPNO : 0.0085048676 GB 
W    : 0.0134115219 GB 

PNOPairs Memory Information
Total: 0.0313208103 GB 
PNO  : 0.0094044209 GB 
KPNO : 0.0085048676 GB 
W    : 0.0134115219 GB 

timer:                                 truncate     0.04s     0.04s 
timer:                             PNO Overlaps     0.09s     0.09s 
t_iter =  0  Hylleraas energy =  0.0000000000  ||R||_F =  0.1874626753  conv =  no
subspace solution [*]   1.00000000

t_iter =  1  Hylleraas energy =  -0.0307156227  ||R||_F =  0.0000000381  conv =  yes
=======================================================

Hylleraas MP2 Energies

=======================================================
    i    j      singlet      triplet        Total
=======================================================
    1    1  -1.28840e-02  0.00000e+00 -1.28840e-02
    2    1   0.00000e+00  0.00000e+00  0.00000e+00
    2    2  -1.78316e-02  0.00000e+00 -1.78316e-02
=======================================================
Hylleraas MP2 Energies (singlet): -3.07156e-02
Hylleraas MP2 Energies (triplet):  0.00000e+00
Hylleraas MP2 Energies (total)  : -3.07156e-02
=======================================================
-------------------------------------------
Total Reg Energy  =-3.07156e-02
Total F12 Energy  = 0.00000e+00
Sum Energies Total=-3.07156e-02
-------------------------------------------
timer:                         Solve Amplitudes     0.00s     0.00s 
No optimization untill now: Compressing pno ranks with tighter threshold
1.00000e-10 instead of 1.00000e-08
pair11: density evals:
 [*]   0.00308738   0.00388298   0.00415752   0.00415752

pair11: # of PNOs reduced from  4  to  3  maxrank= 3
pair22: density evals:
 [*]   0.00294222   0.00346392   0.00346392   0.03956926

pair22: # of PNOs reduced from  4  to  3  maxrank= 3
timer:                            compress PNOs     0.00s     0.00s 
timer:                             MRA compress     0.00s     0.00s 
timer:                          Transform Pairs     0.30s     0.30s 
timer:                          PNO Compression     0.30s     0.30s 
Information About All Pairs:
mp2_pair11           number=0 rank=  3 frozen=false
mp2_pair21           number=1 rank=  0 frozen=true
mp2_pair22           number=2 rank=  3 frozen=false
number of pairs=3
average rank   =2 (2.00000e+00)
largest rank   =3
saving vector of functions mp2_pair11
saving vector of functions mp2_pair22
timer:                        save pnos on disc     0.13s     0.13s 
PNOPairs Memory Information
Total: 0.02290 GB 
PNO  : 0.00683 GB 
KPNO : 0.00617 GB 
W    : 0.00990 GB 

timer:                                 truncate     0.05s     0.05s 
timer:      compute densities for G application     0.00s     0.00s 
pair21 is frozen: no optimization
timer:                Prepare for G application     0.20s     0.20s 
timer:                                    add K     0.02s     0.02s 
size of all Vpsi potentials (without Vnuc and J) 0.00814 GB 
time=105.51394 chunk=6 Vpsi+Vnuc+J=0.02008 GB
time=105.56363 chunk=6 Vpsi+Vnuc+J=0.01983 GB (after truncation)
timer:                           Apply G to all     2.37s     2.37s 
timer:                       apply Q and update     0.00s     0.00s 
mp2_pair11 residual norms:
[0.49805, 0.36427, 0.36427]
mp2_pair11 scaled residual norms:
[0.03104, 0.02349, 0.02349]
mp2_pair22 residual norms:
[0.37355, 0.37355, 0.34855]
mp2_pair22 scaled residual norms:
[0.02199, 0.02199, 0.06933]
timer:                          update all PNOs     2.60s     2.60s 
frozen pair: no orthonormalization
timer:                                     RRCD     0.04s     0.04s 
timer:                             MRA compress     0.00s     0.00s 
timer:                          Transform Pairs     0.11s     0.11s 
saving vector of functions mp2_pair11
saving vector of functions mp2_pair22
timer:                        save pnos on disc     0.14s     0.14s 


No convergence yet. Energy change = 0.03072

timer:                        Whole Iteration 1    11.36s    11.36s 
Information About All Pairs:
mp2_pair11           number=0 rank=  3 frozen=false
mp2_pair21           number=1 rank=  0 frozen=true
mp2_pair22           number=2 rank=  3 frozen=false
number of pairs=3
average rank   =2 (2.00000)
largest rank   =3
PNOPairs Memory Information
Total: 0.00716 GB 
PNO  : 0.00716 GB 
KPNO : 0.00000 GB 
W    : 0.00000 GB 

timer:                                 truncate     0.04s     0.04s 
wall time=110.81882 chunk=6 allK.size()=6 memory=0.00617 GB
timer:                             compute KPNO     3.13s     3.13s 
wall time=110.97309 chunk=6 allJ.size()=6 memory=0.00765 GB
timer:                             compute JPNO     0.15s     0.15s 
timer:                    compute Fock matrices     1.08s     1.08s 
timer:                             MRA compress     0.00s     0.00s 
timer:                          Transform Pairs     0.31s     0.31s 
timer:                             Canonicalize     0.31s     0.31s 
PNOPairs Memory Information
Total: 0.01308 GB 
PNO  : 0.00699 GB 
KPNO : 0.00609 GB 
W    : 0.00000 GB 

timer:                                 truncate     0.05s     0.05s 
mp2_pair21 is frozen: potential not computed
timer:                   Fluctuation Potentials     1.64s     1.64s 
timer:                       Fluctuation Matrix     0.24s     0.24s 
PNOPairs Memory Information
Total: 0.02331 GB 
PNO  : 0.00699 GB 
KPNO : 0.00609 GB 
W    : 0.01022 GB 

PNOPairs Memory Information
Total: 0.02331 GB 
PNO  : 0.00699 GB 
KPNO : 0.00609 GB 
W    : 0.01022 GB 

timer:                                 truncate     0.04s     0.04s 
timer:                             PNO Overlaps     0.08s     0.08s 
t_iter =  0  Hylleraas energy =  0.00000  ||R||_F =  0.24731  conv =  no
subspace solution [*]   1.00000000

t_iter =  1  Hylleraas energy =  -0.04502  ||R||_F =  0.00000  conv =  yes
=======================================================

Hylleraas MP2 Energies

=======================================================
    i    j      singlet      triplet        Total
=======================================================
    1    1  -1.80205e-02  0.00000e+00 -1.80205e-02
    2    1   0.00000e+00  0.00000e+00  0.00000e+00
    2    2  -2.69952e-02  0.00000e+00 -2.69952e-02
=======================================================
Hylleraas MP2 Energies (singlet): -4.50157e-02
Hylleraas MP2 Energies (triplet):  0.00000e+00
Hylleraas MP2 Energies (total)  : -4.50157e-02
=======================================================
-------------------------------------------
Total Reg Energy  =-4.50157e-02
Total F12 Energy  = 0.00000e+00
Sum Energies Total=-4.50157e-02
-------------------------------------------
timer:                         Solve Amplitudes     0.00s     0.00s 
pair11: density evals:
 [*]   0.00512137   0.00512137   0.00643979

pair22: density evals:
 [*]   0.00400927   0.00400927   0.06115552

timer:                            compress PNOs     0.00s     0.00s 
timer:                             MRA compress     0.00s     0.00s 
timer:                          Transform Pairs     0.39s     0.39s 
timer:                          PNO Compression     0.39s     0.39s 
Information About All Pairs:
mp2_pair11           number=0 rank=  3 frozen=false
mp2_pair21           number=1 rank=  0 frozen=true
mp2_pair22           number=2 rank=  3 frozen=false
number of pairs=3
average rank   =2 (2.00000e+00)
largest rank   =3
saving vector of functions mp2_pair11
saving vector of functions mp2_pair22
timer:                        save pnos on disc     0.12s     0.12s 
PNOPairs Memory Information
Total: 0.02331 GB 
PNO  : 0.00699 GB 
KPNO : 0.00609 GB 
W    : 0.01022 GB 

timer:                                 truncate     0.05s     0.05s 
timer:      compute densities for G application     0.00s     0.00s 
pair21 is frozen: no optimization
timer:                Prepare for G application     0.21s     0.21s 
timer:                                    add K     0.01s     0.01s 
size of all Vpsi potentials (without Vnuc and J) 0.00920 GB 
time=115.82917 chunk=6 Vpsi+Vnuc+J=0.02016 GB
time=115.86507 chunk=6 Vpsi+Vnuc+J=0.01910 GB (after truncation)
timer:                           Apply G to all     2.12s     2.12s 
timer:                       apply Q and update     0.00s     0.00s 
mp2_pair11 residual norms:
[0.10166, 0.10166, 0.13375]
mp2_pair11 scaled residual norms:
[0.00728, 0.00728, 0.01073]
mp2_pair22 residual norms:
[0.10452, 0.10452, 0.07973]
mp2_pair22 scaled residual norms:
[0.00662, 0.00662, 0.01972]
timer:                          update all PNOs     2.34s     2.35s 
frozen pair: no orthonormalization
timer:                                     RRCD     0.09s     0.09s 
timer:                             MRA compress     0.00s     0.00s 
timer:                          Transform Pairs     0.08s     0.08s 
saving vector of functions mp2_pair11
saving vector of functions mp2_pair22
timer:                        save pnos on disc     0.13s     0.13s 


No convergence yet. Energy change = 0.01430

timer:                        Whole Iteration 2    10.02s    10.02s 
Information About All Pairs:
mp2_pair11           number=0 rank=  3 frozen=false
mp2_pair21           number=1 rank=  0 frozen=true
mp2_pair22           number=2 rank=  3 frozen=false
number of pairs=3
average rank   =2 (2.00000)
largest rank   =3
PNOPairs Memory Information
Total: 0.00691 GB 
PNO  : 0.00691 GB 
KPNO : 0.00000 GB 
W    : 0.00000 GB 

timer:                                 truncate     0.06s     0.06s 
wall time=121.07295 chunk=6 allK.size()=6 memory=0.00634 GB
timer:                             compute KPNO     3.36s     3.36s 
wall time=121.23750 chunk=6 allJ.size()=6 memory=0.00773 GB
timer:                             compute JPNO     0.16s     0.16s 
timer:                    compute Fock matrices     1.23s     1.23s 
timer:                             MRA compress     0.00s     0.00s 
timer:                          Transform Pairs     0.10s     0.10s 
timer:                             Canonicalize     0.10s     0.10s 
PNOPairs Memory Information
Total: 0.01300 GB 
PNO  : 0.00675 GB 
KPNO : 0.00626 GB 
W    : 0.00000 GB 

timer:                                 truncate     0.04s     0.04s 
mp2_pair21 is frozen: potential not computed
timer:                   Fluctuation Potentials     1.84s     1.84s 
timer:                       Fluctuation Matrix     0.10s     0.10s 
PNOPairs Memory Information
Total: 0.02322 GB 
PNO  : 0.00675 GB 
KPNO : 0.00626 GB 
W    : 0.01022 GB 

PNOPairs Memory Information
Total: 0.02322 GB 
PNO  : 0.00675 GB 
KPNO : 0.00626 GB 
W    : 0.01022 GB 

timer:                                 truncate     0.01s     0.01s 
timer:                             PNO Overlaps     0.07s     0.07s 
t_iter =  0  Hylleraas energy =  0.00000  ||R||_F =  0.26589  conv =  no
subspace solution [*]   1.00000000

t_iter =  1  Hylleraas energy =  -0.04717  ||R||_F =  0.00000  conv =  yes
=======================================================

Hylleraas MP2 Energies

=======================================================
    i    j      singlet      triplet        Total
=======================================================
    1    1  -1.90416e-02  0.00000e+00 -1.90416e-02
    2    1   0.00000e+00  0.00000e+00  0.00000e+00
    2    2  -2.81293e-02  0.00000e+00 -2.81293e-02
=======================================================
Hylleraas MP2 Energies (singlet): -4.71708e-02
Hylleraas MP2 Energies (triplet):  0.00000e+00
Hylleraas MP2 Energies (total)  : -4.71708e-02
=======================================================
-------------------------------------------
Total Reg Energy  =-4.71708e-02
Total F12 Energy  = 0.00000e+00
Sum Energies Total=-4.71708e-02
-------------------------------------------
timer:                         Solve Amplitudes     0.00s     0.00s 
pair11: density evals:
 [*]   0.00489903   0.00489903   0.00604769

pair22: density evals:
 [*]   0.00377277   0.00377277   0.06015383

timer:                            compress PNOs     0.00s     0.00s 
timer:                             MRA compress     0.00s     0.00s 
timer:                          Transform Pairs     0.36s     0.36s 
timer:                          PNO Compression     0.36s     0.36s 
Information About All Pairs:
mp2_pair11           number=0 rank=  3 frozen=false
mp2_pair21           number=1 rank=  0 frozen=true
mp2_pair22           number=2 rank=  3 frozen=false
number of pairs=3
average rank   =2 (2.00000e+00)
largest rank   =3
saving vector of functions mp2_pair11
saving vector of functions mp2_pair22
timer:                        save pnos on disc     0.13s     0.13s 
PNOPairs Memory Information
Total: 0.02322 GB 
PNO  : 0.00675 GB 
KPNO : 0.00626 GB 
W    : 0.01022 GB 

timer:                                 truncate     0.03s     0.03s 
timer:      compute densities for G application     0.00s     0.00s 
pair21 is frozen: no optimization
timer:                Prepare for G application     0.20s     0.20s 
timer:                                    add K     0.03s     0.03s 
size of all Vpsi potentials (without Vnuc and J) 0.00936 GB 
time=125.97219 chunk=6 Vpsi+Vnuc+J=0.02098 GB
time=126.04929 chunk=6 Vpsi+Vnuc+J=0.01975 GB (after truncation)
timer:                           Apply G to all     2.21s     2.21s 
timer:                       apply Q and update     0.00s     0.00s 
mp2_pair11 residual norms:
[0.03567, 0.03567, 0.05366]
mp2_pair11 scaled residual norms:
[0.00250, 0.00250, 0.00417]
mp2_pair22 residual norms:
[0.05003, 0.05003, 0.02948]
mp2_pair22 scaled residual norms:
[0.00307, 0.00307, 0.00723]
timer:                          update all PNOs     2.45s     2.45s 
frozen pair: no orthonormalization
timer:                                     RRCD     0.04s     0.04s 
timer:                             MRA compress     0.00s     0.00s 
timer:                          Transform Pairs     0.07s     0.07s 
saving vector of functions mp2_pair11
saving vector of functions mp2_pair22
timer:                        save pnos on disc     0.13s     0.13s 


No convergence yet. Energy change = 0.00216

timer:                        Whole Iteration 3    10.22s    10.22s 
Information About All Pairs:
mp2_pair11           number=0 rank=  3 frozen=false
mp2_pair21           number=1 rank=  0 frozen=true
mp2_pair22           number=2 rank=  3 frozen=false
number of pairs=3
average rank   =2 (2.00000)
largest rank   =3
PNOPairs Memory Information
Total: 0.00732 GB 
PNO  : 0.00732 GB 
KPNO : 0.00000 GB 
W    : 0.00000 GB 

timer:                                 truncate     0.07s     0.07s 
wall time=131.15894 chunk=6 allK.size()=6 memory=0.00650 GB
timer:                             compute KPNO     3.21s     3.21s 
wall time=131.25707 chunk=6 allJ.size()=6 memory=0.00797 GB
timer:                             compute JPNO     0.10s     0.10s 
timer:                    compute Fock matrices     1.04s     1.04s 
timer:                             MRA compress     0.00s     0.00s 
timer:                          Transform Pairs     0.14s     0.14s 
timer:                             Canonicalize     0.14s     0.14s 
PNOPairs Memory Information
Total: 0.01366 GB 
PNO  : 0.00724 GB 
KPNO : 0.00642 GB 
W    : 0.00000 GB 

timer:                                 truncate     0.04s     0.04s 
mp2_pair21 is frozen: potential not computed
timer:                   Fluctuation Potentials     1.56s     1.56s 
timer:                       Fluctuation Matrix     0.12s     0.12s 
PNOPairs Memory Information
Total: 0.02404 GB 
PNO  : 0.00724 GB 
KPNO : 0.00642 GB 
W    : 0.01039 GB 

PNOPairs Memory Information
Total: 0.02404 GB 
PNO  : 0.00724 GB 
KPNO : 0.00642 GB 
W    : 0.01039 GB 

timer:                                 truncate     0.04s     0.04s 
timer:                             PNO Overlaps     0.10s     0.10s 
t_iter =  0  Hylleraas energy =  0.00000  ||R||_F =  0.27235  conv =  no
subspace solution [*]   1.00000000

t_iter =  1  Hylleraas energy =  -0.04752  ||R||_F =  0.00000  conv =  yes
=======================================================

Hylleraas MP2 Energies

=======================================================
    i    j      singlet      triplet        Total
=======================================================
    1    1  -1.91977e-02  0.00000e+00 -1.91977e-02
    2    1   0.00000e+00  0.00000e+00  0.00000e+00
    2    2  -2.83216e-02  0.00000e+00 -2.83216e-02
=======================================================
Hylleraas MP2 Energies (singlet): -4.75193e-02
Hylleraas MP2 Energies (triplet):  0.00000e+00
Hylleraas MP2 Energies (total)  : -4.75193e-02
=======================================================
-------------------------------------------
Total Reg Energy  =-4.75193e-02
Total F12 Energy  = 0.00000e+00
Sum Energies Total=-4.75193e-02
-------------------------------------------
timer:                         Solve Amplitudes     0.00s     0.00s 
pair11: density evals:
 [*]   0.00476656   0.00476656   0.00576944

pair22: density evals:
 [*]   0.00362957   0.00362957   0.05897778

timer:                            compress PNOs     0.00s     0.00s 
timer:                             MRA compress     0.00s     0.00s 
timer:                          Transform Pairs     0.38s     0.38s 
timer:                          PNO Compression     0.38s     0.38s 
Information About All Pairs:
mp2_pair11           number=0 rank=  3 frozen=false
mp2_pair21           number=1 rank=  0 frozen=true
mp2_pair22           number=2 rank=  3 frozen=false
number of pairs=3
average rank   =2 (2.00000e+00)
largest rank   =3
saving vector of functions mp2_pair11
saving vector of functions mp2_pair22
timer:                        save pnos on disc     0.13s     0.13s 
PNOPairs Memory Information
Total: 0.02380 GB 
PNO  : 0.00724 GB 
KPNO : 0.00634 GB 
W    : 0.01022 GB 

timer:                                 truncate     0.04s     0.04s 
timer:      compute densities for G application     0.00s     0.00s 
pair21 is frozen: no optimization
timer:                Prepare for G application     0.32s     0.32s 
timer:                                    add K     0.04s     0.04s 
size of all Vpsi potentials (without Vnuc and J) 0.00969 GB 
time=135.79824 chunk=6 Vpsi+Vnuc+J=0.02114 GB
time=135.84961 chunk=6 Vpsi+Vnuc+J=0.01991 GB (after truncation)
timer:                           Apply G to all     2.08s     2.08s 
timer:                       apply Q and update     0.00s     0.00s 
mp2_pair11 residual norms:
[0.01317, 0.01317, 0.02336]
mp2_pair11 scaled residual norms:
[0.00091, 0.00091, 0.00177]
mp2_pair22 residual norms:
[0.02890, 0.02890, 0.01226]
mp2_pair22 scaled residual norms:
[0.00174, 0.00174, 0.00298]
timer:                          update all PNOs     2.44s     2.44s 
frozen pair: no orthonormalization
timer:                                     RRCD     0.05s     0.05s 
timer:                             MRA compress     0.00s     0.00s 
timer:                          Transform Pairs     0.09s     0.09s 
saving vector of functions mp2_pair11
saving vector of functions mp2_pair22
timer:                        save pnos on disc     0.12s     0.12s 


No convergence yet. Energy change = 0.00035

timer:                        Whole Iteration 4     9.72s     9.72s 
Information About All Pairs:
mp2_pair11           number=0 rank=  3 frozen=false
mp2_pair21           number=1 rank=  0 frozen=true
mp2_pair22           number=2 rank=  3 frozen=false
number of pairs=3
average rank   =2 (2.00000)
largest rank   =3
PNOPairs Memory Information
Total: 0.00740 GB 
PNO  : 0.00740 GB 
KPNO : 0.00000 GB 
W    : 0.00000 GB 

timer:                                 truncate     0.05s     0.05s 
wall time=140.77079 chunk=6 allK.size()=6 memory=0.00650 GB
timer:                             compute KPNO     3.13s     3.13s 
wall time=140.92899 chunk=6 allJ.size()=6 memory=0.00806 GB
timer:                             compute JPNO     0.16s     0.16s 
timer:                    compute Fock matrices     1.11s     1.11s 
timer:                             MRA compress     0.00s     0.00s 
timer:                          Transform Pairs     0.18s     0.18s 
timer:                             Canonicalize     0.18s     0.18s 
PNOPairs Memory Information
Total: 0.01382 GB 
PNO  : 0.00740 GB 
KPNO : 0.00642 GB 
W    : 0.00000 GB 

timer:                                 truncate     0.07s     0.07s 
mp2_pair21 is frozen: potential not computed
timer:                   Fluctuation Potentials     1.60s     1.60s 
timer:                       Fluctuation Matrix     0.20s     0.20s 
PNOPairs Memory Information
Total: 0.02404 GB 
PNO  : 0.00740 GB 
KPNO : 0.00642 GB 
W    : 0.01022 GB 

PNOPairs Memory Information
Total: 0.02404 GB 
PNO  : 0.00740 GB 
KPNO : 0.00642 GB 
W    : 0.01022 GB 

timer:                                 truncate     0.04s     0.04s 
timer:                             PNO Overlaps     0.13s     0.13s 
t_iter =  0  Hylleraas energy =  0.00000  ||R||_F =  0.27496  conv =  no
subspace solution [*]   1.00000000

t_iter =  1  Hylleraas energy =  -0.04759  ||R||_F =  0.00000  conv =  yes
=======================================================

Hylleraas MP2 Energies

=======================================================
    i    j      singlet      triplet        Total
=======================================================
    1    1  -1.92244e-02  0.00000e+00 -1.92244e-02
    2    1   0.00000e+00  0.00000e+00  0.00000e+00
    2    2  -2.83635e-02  0.00000e+00 -2.83635e-02
=======================================================
Hylleraas MP2 Energies (singlet): -4.75880e-02
Hylleraas MP2 Energies (triplet):  0.00000e+00
Hylleraas MP2 Energies (total)  : -4.75880e-02
=======================================================
-------------------------------------------
Total Reg Energy  =-4.75880e-02
Total F12 Energy  = 0.00000e+00
Sum Energies Total=-4.75880e-02
-------------------------------------------
timer:                         Solve Amplitudes     0.00s     0.00s 
pair11: density evals:
 [*]   0.00470941   0.00470941   0.00563536

pair22: density evals:
 [*]   0.00354818   0.00354818   0.05837824

timer:                            compress PNOs     0.00s     0.00s 
timer:                             MRA compress     0.00s     0.00s 
timer:                          Transform Pairs     0.46s     0.46s 
timer:                          PNO Compression     0.46s     0.46s 
Information About All Pairs:
mp2_pair11           number=0 rank=  3 frozen=false
mp2_pair21           number=1 rank=  0 frozen=true
mp2_pair22           number=2 rank=  3 frozen=false
number of pairs=3
average rank   =2 (2.00000e+00)
largest rank   =3
saving vector of functions mp2_pair11
saving vector of functions mp2_pair22
timer:                        save pnos on disc     0.13s     0.13s 
PNOPairs Memory Information
Total: 0.02404 GB 
PNO  : 0.00740 GB 
KPNO : 0.00642 GB 
W    : 0.01022 GB 

timer:                                 truncate     0.05s     0.05s 
timer:      compute densities for G application     0.00s     0.00s 
pair21 is frozen: no optimization
timer:                Prepare for G application     0.20s     0.20s 
timer:                                    add K     0.02s     0.02s 
size of all Vpsi potentials (without Vnuc and J) 0.00969 GB 
time=145.71285 chunk=6 Vpsi+Vnuc+J=0.02138 GB
time=145.76488 chunk=6 Vpsi+Vnuc+J=0.02016 GB (after truncation)
timer:                           Apply G to all     2.18s     2.18s 
timer:                       apply Q and update     0.00s     0.00s 
mp2_pair11 residual norms:
[0.00498, 0.00498, 0.01091]
mp2_pair11 scaled residual norms:
[0.00034, 0.00034, 0.00082]
mp2_pair22 residual norms:
[0.01770, 0.01770, 0.00535]
mp2_pair22 scaled residual norms:
[0.00105, 0.00105, 0.00129]
timer:                          update all PNOs     2.41s     2.41s 
frozen pair: no orthonormalization
timer:                                     RRCD     0.06s     0.06s 
timer:                             MRA compress     0.00s     0.00s 
timer:                          Transform Pairs     0.04s     0.04s 
saving vector of functions mp2_pair11
saving vector of functions mp2_pair22
timer:                        save pnos on disc     0.14s     0.14s 


CONVERGED!
energy change = 0.00007

re-entering loop to compute the correct amplitudes and energies
timer:                        Whole Iteration 5     9.95s     9.95s 
Information About All Pairs:
mp2_pair11           number=0 rank=  3 frozen=false
mp2_pair21           number=1 rank=  0 frozen=true
mp2_pair22           number=2 rank=  3 frozen=false
number of pairs=3
average rank   =2 (2.00000)
largest rank   =3
PNOPairs Memory Information
Total: 0.00740 GB 
PNO  : 0.00740 GB 
KPNO : 0.00000 GB 
W    : 0.00000 GB 

timer:                                 truncate     0.04s     0.04s 
wall time=151.01067 chunk=6 allK.size()=6 memory=0.00642 GB
timer:                             compute KPNO     3.42s     3.42s 
wall time=151.26105 chunk=6 allJ.size()=6 memory=0.00806 GB
timer:                             compute JPNO     0.25s     0.25s 
timer:                    compute Fock matrices     1.23s     1.23s 
timer:                             MRA compress     0.00s     0.00s 
timer:                          Transform Pairs     0.20s     0.20s 
timer:                             Canonicalize     0.20s     0.20s 
PNOPairs Memory Information
Total: 0.01382 GB 
PNO  : 0.00740 GB 
KPNO : 0.00642 GB 
W    : 0.00000 GB 

timer:                                 truncate     0.02s     0.02s 
mp2_pair21 is frozen: potential not computed
timer:                   Fluctuation Potentials     1.72s     1.72s 
timer:                       Fluctuation Matrix     0.16s     0.16s 
PNOPairs Memory Information
Total: 0.02421 GB 
PNO  : 0.00740 GB 
KPNO : 0.00642 GB 
W    : 0.01039 GB 

PNOPairs Memory Information
Total: 0.02421 GB 
PNO  : 0.00740 GB 
KPNO : 0.00642 GB 
W    : 0.01039 GB 

timer:                                 truncate     0.06s     0.06s 
timer:                             PNO Overlaps     0.07s     0.07s 
t_iter =  0  Hylleraas energy =  0.00000  ||R||_F =  0.27609  conv =  no
subspace solution [*]   1.00000000

t_iter =  1  Hylleraas energy =  -0.04760  ||R||_F =  0.00000  conv =  yes
=======================================================

Hylleraas MP2 Energies

=======================================================
    i    j      singlet      triplet        Total
=======================================================
    1    1  -1.92296e-02  0.00000e+00 -1.92296e-02
    2    1   0.00000e+00  0.00000e+00  0.00000e+00
    2    2  -2.83751e-02  0.00000e+00 -2.83751e-02
=======================================================
Hylleraas MP2 Energies (singlet): -4.76048e-02
Hylleraas MP2 Energies (triplet):  0.00000e+00
Hylleraas MP2 Energies (total)  : -4.76048e-02
=======================================================
-------------------------------------------
Total Reg Energy  =-4.76048e-02
Total F12 Energy  = 0.00000e+00
Sum Energies Total=-4.76048e-02
-------------------------------------------
timer:                         Solve Amplitudes     0.00s     0.00s 
pair11: density evals:
 [*]   0.00468604   0.00468604   0.00557494

pair22: density evals:
 [*]   0.00350022   0.00350022   0.05810253

timer:                            compress PNOs     0.00s     0.00s 
timer:                             MRA compress     0.00s     0.00s 
timer:                          Transform Pairs     0.35s     0.35s 
timer:                          PNO Compression     0.35s     0.35s 
Information About All Pairs:
mp2_pair11           number=0 rank=  3 frozen=false
mp2_pair21           number=1 rank=  0 frozen=true
mp2_pair22           number=2 rank=  3 frozen=false
number of pairs=3
average rank   =2 (2.00000e+00)
largest rank   =3
saving vector of functions mp2_pair11
saving vector of functions mp2_pair22
timer:                        save pnos on disc     0.13s     0.13s 
exiting: Iterations converged
PNO ranks:
PNO Rank for pair pair11 = 3
PNO Rank for pair pair21 = 0
PNO Rank for pair pair22 = 3
average rank 2.00000e+00
timer:                               PNO::solve    61.75s    61.75s 

--------------------------------
ITERATE-PAIRS-INTERNAL-ENDED
--------------------------------
mp2_pair21 converged!


Adaptive Sovler:
 Current Energy=-4.7604757732e-02
 DeltaE        =-4.7604757732e-02
 max dE (pair) =-2.8375124276e-02 (2)
 all_pairs_conv=false




not converged yet

freeze pair mp2_pair21 (not further optimized: Energy below 1.0000000000e-05)
Maximum Rank of3 reached for all non-frozen pairs, no need to iterate further=======================================================

Final MP2 Energies

=======================================================
    i    j      singlet      triplet        Total
=======================================================
    1    1  -1.92296e-02  0.00000e+00 -1.92296e-02
    2    1   0.00000e+00  0.00000e+00  0.00000e+00
    2    2  -2.83751e-02  0.00000e+00 -2.83751e-02
=======================================================
Final MP2 Energies (singlet): -4.76048e-02
Final MP2 Energies (triplet):  0.00000e+00
Final MP2 Energies (total)  : -4.76048e-02
=======================================================
-------------------------------------------
Total Reg Energy  =-4.76048e-02
Total F12 Energy  = 0.00000e+00
Sum Energies Total=-4.76048e-02
-------------------------------------------
Average | Max Rank: 2 | 3



--------------------------------------------------
MRA-PNO-MP2-F12 ended 
--------------------------------------------------
                 time scf = 8.66446e+01
               energy scf = -1.55960e+01
--------------------------------------------------
restarting PNO to reload pairs that converged before and were frozen
PNO Parameters
pno
       rank_increase  15         # default   maximum rank to increase in every macroiteration
               chunk  100        # default   chunk of functions operated on in parallel when G or K is applied (prevent memory shortage)
               debug  false      # default   debug mode
              freeze  1          # derived   frozen core approximation
             maxrank  3          # defined   maximal pno rank for all pairs
           guesstype  exop       # derived   the guesstype: exop (recommended, multiply polynomial excitation operators onto the occupied orbitals), empty (don't compute a guess), scf (use the ao basis from the SCF solver), partial_wave (create s,p,d ..., type functions and place on atoms), predefined (same as partial_wave but for predefined sets)
                exop  multipole  # derived   this string defines which excitation operators can be used, use 'dipole', 'dipole+', 'quadrupole', 'ocopole', or 'multipole', need to set guesstype to 'exop' which is the default
          exop_trigo  true       # default   use trigonometric excitation operators ( x --> sin(x)
        partial_wave             # default   atom centered partial wave guess of format like 'h-2s1p-o-3s2p1d', need to set guesstype to 'partial_wave' and adaptive_solver to 'none'
          predefined             # default   predefined partial wave guesses of type pvxz with x=d,t,q,5,6, need to set guesstype to 'predefined' and adaptive_solver to 'none'
           maxiter_t  100        # default   maximal number of iterations in the amplitude solver
       maxiter_micro  10         # default   Maximum of iterations for every cycle in the adaptive solver
       maxiter_macro  10         # default   Maximum of iterations of cycles in the adaptive solver
                tpno  1.0000e-08 # default   PNO cutoff threshold
          tpno_tight  1.0000e-10 # derived   PNO cutoff for the first iteration
    canonicalize_pno  true       # default   canonicalize the pnos before the amplitude solver
              thresh  1.0000e-04 # defined   MRA threshold
         econv_micro  1.0000e-04 # derived   Energy convergence for microiterations (Greens function based optimization) in adaptive solver
         econv_pairs  1.0000e-05 # derived   ENergy convergence for individual pairs in adaptive solver. Converged pairs are frozen automatically
         econv_macro  1.0000e-04 # derived   Energy convergence for macroiterations in adaptive solver, no effect if adaptive_solver is deactivated
               dconv  1.0000e-01 # default   convergence of every PNO in the Green's function solver
           op_thresh  1.0000e-06 # default   MRA operator thresh
             restart  all        # defined   restart pairs of this type, use 'mp2', 'cispd', 'all' or 'none'
          no_compute  none       # default   do not compute the pairs of this type, use 'mp2', 'cispd', 'all' or 'none'
              no_opt  all        # defined   do not optimize the pnos of this type, use 'mp2', 'cispd', 'all' or 'none'
            no_guess  all        # defined   guess for this type will be empty, use 'mp2', 'cispd', 'all' or 'none'
     adaptive_solver  none       # defined   Use adaptive solver for those pairs, use 'mp2', 'cispd', 'all' or 'none', works only in combination with guesstype 'exop'
                kain  true       # default   use KAIN solver in amplitude solver
       kain_subspace  5          # default   subspace size of the KAIN solver (amplitudes)
                 f12  false      # defined   use explicit correlation
        cispd_number  -1         # default   CIS(D) excitation numbers, to read in correct functions
        cispd_energy  0.0000e+00 # default   CIS energy
        freeze_pairs  none       # default   frozen pairs will not be optimized: Expected format 'a b c d' will freeze pairs ab and cd
freeze_pairs_of_orbital  []         # default    All pairs which originate from this orbital will not be optimized
active_pairs_of_orbital  []         # default    All pairs which originate from this orbital will not be frozen all other pairs will, if this vector is not empty
no_opt_in_first_iteration  false      # default   Do not optimize in the first iteration (then the potentials do not have to be evaluated, use this for large guesses)
            exchange  full       # default   approximate exchange with 'neglect' or xc functional -> same syntax as moldft
           save_pnos  true       # default   Save the OBS-PNOs to a file, before and after orthonormalization.
            diagonal  true       # defined   Compute only diagonal PNOs

end

**********************
Solve PNO-MP2
*********************


**********************
Iterate Pairs
*********************


************************
Standard Solver
***********************

Initializing Pairs:
Restart demanded for mp2 pairs
loading vector of functions mp2_pair11
Found PNOs for mp2_pair11 with rank 3
loading vector of functions mp2_pair21
failed to find PNO mp2_pair21 initialize as zero function
nloading vector of functions mp2_pair22
Found PNOs for mp2_pair22 with rank 3
no guess was explicitly demanded for mp2

timer:                                     RRCD     0.06s     0.06s 
timer:                             MRA compress     0.00s     0.00s 
timer:                          Transform Pairs     0.07s     0.07s 
timer:          apply Q and orthonormalize PNOs     0.36s     0.36s 
Created Guess:
pair11 with 3 guess functions
pair21 with 0 guess functions
pair22 with 3 guess functions
guess pair11 size: 3.8231015205e-03 | 3.8231015205e-03 Gbyte (after truncation)
guess pair22 size: 3.5777688026e-03 | 3.5777688026e-03 Gbyte (after truncation)
timer:                           truncate guess     0.03s     0.03s 
timer:                         Initialize Pairs     0.41s     0.41s 
Information About All Pairs:
mp2_pair11           number=0 rank=  3 frozen=false
mp2_pair21           number=1 rank=  0 frozen=true
mp2_pair22           number=2 rank=  3 frozen=false
number of pairs=3
average rank   =2 (2.0000000000e+00)
largest rank   =3
SolveInternal: Parameters are assigned as
no_compute        = false
no_opt            = true
restart           = true
do_cispd          = false
econv             =1.0000000000e-04
maxrank (min,max) = (3,3)
Solving MP2 doubles
timer:          fock matrix     2.42s     2.43s
Information About All Pairs:
mp2_pair11           number=0 rank=  3 frozen=false
mp2_pair21           number=1 rank=  0 frozen=true
mp2_pair22           number=2 rank=  3 frozen=false
number of pairs=3
average rank   =2 (2.0000000000e+00)
largest rank   =3
PNOPairs Memory Information
Total: 0.0074008703 GB 
PNO  : 0.0074008703 GB 
KPNO : 0.0000000000 GB 
W    : 0.0000000000 GB 

timer:                                 truncate     0.03s     0.03s 
wall time=161.4267699718 chunk=6 allK.size()=6 memory=0.0065013170 GB
timer:                             compute KPNO     3.31s     3.31s 
wall time=161.5930640697 chunk=6 allJ.size()=6 memory=0.0080550909 GB
timer:                             compute JPNO     0.17s     0.17s 
timer:                    compute Fock matrices     1.17s     1.17s 
timer:                             MRA compress     0.00s     0.00s 
timer:                          Transform Pairs     0.20s     0.20s 
timer:                             Canonicalize     0.20s     0.20s 
PNOPairs Memory Information
Total: 0.0138204098 GB 
PNO  : 0.0074008703 GB 
KPNO : 0.0064195395 GB 
W    : 0.0000000000 GB 

timer:                                 truncate     0.04s     0.04s 
mp2_pair21 is frozen: potential not computed
timer:                   Fluctuation Potentials     1.60s     1.60s 
timer:                       Fluctuation Matrix     0.05s     0.05s 
PNOPairs Memory Information
Total: 0.0240426064 GB 
PNO  : 0.0074008703 GB 
KPNO : 0.0064195395 GB 
W    : 0.0102221966 GB 

PNOPairs Memory Information
Total: 0.0240426064 GB 
PNO  : 0.0074008703 GB 
KPNO : 0.0064195395 GB 
W    : 0.0102221966 GB 

timer:                                 truncate     0.03s     0.03s 
timer:                             PNO Overlaps     0.08s     0.08s 
t_iter =  0  Hylleraas energy =  0.0000000000  ||R||_F =  0.2760934122  conv =  no
subspace solution [*]   1.00000000

t_iter =  1  Hylleraas energy =  -0.0476049245  ||R||_F =  0.0000000014  conv =  yes
=======================================================

Hylleraas MP2 Energies

=======================================================
    i    j      singlet      triplet        Total
=======================================================
    1    1  -1.92297e-02  0.00000e+00 -1.92297e-02
    2    1   0.00000e+00  0.00000e+00  0.00000e+00
    2    2  -2.83752e-02  0.00000e+00 -2.83752e-02
=======================================================
Hylleraas MP2 Energies (singlet): -4.76049e-02
Hylleraas MP2 Energies (triplet):  0.00000e+00
Hylleraas MP2 Energies (total)  : -4.76049e-02
=======================================================
-------------------------------------------
Total Reg Energy  =-4.76049e-02
Total F12 Energy  = 0.00000e+00
Sum Energies Total=-4.76049e-02
-------------------------------------------
timer:                         Solve Amplitudes     0.00s     0.00s 
No optimization untill now: Compressing pno ranks with tighter threshold
1.00000e-10 instead of 1.00000e-08
pair11: density evals:
 [*]   0.00468603   0.00468603   0.00557500

pair22: density evals:
 [*]   0.00350023   0.00350023   0.05810282

timer:                            compress PNOs     0.00s     0.00s 
timer:                             MRA compress     0.00s     0.00s 
timer:                          Transform Pairs     0.43s     0.43s 
timer:                          PNO Compression     0.43s     0.43s 
Information About All Pairs:
mp2_pair11           number=0 rank=  3 frozen=false
mp2_pair21           number=1 rank=  0 frozen=true
mp2_pair22           number=2 rank=  3 frozen=false
number of pairs=3
average rank   =2 (2.00000e+00)
largest rank   =3
saving vector of functions mp2_pair11
saving vector of functions mp2_pair22
timer:                        save pnos on disc     0.13s     0.13s 
exiting: Found no_opt keyword
PNO ranks:
PNO Rank for pair pair11 = 3
PNO Rank for pair pair21 = 0
PNO Rank for pair pair22 = 3
average rank 2.00000e+00
timer:                               PNO::solve     9.70s     9.70s 

--------------------------------
ITERATE-PAIRS-INTERNAL-ENDED
--------------------------------
=======================================================

Final MP2 Energies

=======================================================
    i    j      singlet      triplet        Total
=======================================================
    1    1  -1.92297e-02  0.00000e+00 -1.92297e-02
    2    1   0.00000e+00  0.00000e+00  0.00000e+00
    2    2  -2.83752e-02  0.00000e+00 -2.83752e-02
=======================================================
Final MP2 Energies (singlet): -4.76049e-02
Final MP2 Energies (triplet):  0.00000e+00
Final MP2 Energies (total)  : -4.76049e-02
=======================================================
-------------------------------------------
Total Reg Energy  =-4.76049e-02
Total F12 Energy  = 0.00000e+00
Sum Energies Total=-4.76049e-02
-------------------------------------------
Average | Max Rank: 2 | 3
                 time pno = 6.79442e+01
               energy mp2 = -4.76049e-02
     average pno rank mp2 = 2
         max pno rank mp2 = 3
--------------------------------------------------
            energy(total) = -1.56436e+01
--------------------------------------------------



Orthonormalization technique used: symmetric
No CABS used.
Tightening thresholds to +0.00010000 for post-processing
Overlap Matrix of all PNOs:
+1.00000260 -0.30893260 +0.00000000 -0.00000000 -0.00000000 -0.00000000 
-0.30893260 +0.99999757 +0.00000000 +0.00000000 +0.00000000 -0.00000000 
+0.00000000 +0.00000000 +1.00000000 +0.00000000 +0.02062736 -0.06243050 
-0.00000000 +0.00000000 +0.00000000 +1.00000000 +0.06243050 +0.02062736 
-0.00000000 +0.00000000 +0.02062736 +0.06243050 +1.00000000 -0.00000000 
-0.00000000 -0.00000000 -0.06243050 +0.02062736 -0.00000000 +1.00000000 
Before cherry pick
rank is +0
all used occupation numbers:
[+0.05810282 +0.00557500 +0.00468603 +0.00468603 +0.00350023 +0.00350023 ]
corresponding to active pairs:
[(1,1) (0,0) (0,0) (0,0) (1,1) (1,1) ]
After cherry pick
all used occupation numbers:
[+0.05810282 +0.00557500 +0.00468603 +0.00468603 +0.00350023 +0.00350023 ]
corresponding to active pairs:
[(1,1) (0,0) (0,0) (0,0) (1,1) (1,1) ]
Overlap Matrix before symmetric
[+0,*]  +1.00000260  -0.30893260  +0.00000000  -0.00000000  -0.00000000  -0.00000000
[+1,*]  -0.30893260  +0.99999757  +0.00000000  +0.00000000  +0.00000000  -0.00000000
[+2,*]  +0.00000000  +0.00000000  +1.00000000  +0.00000000  +0.02062736  -0.06243050
[+3,*]  -0.00000000  +0.00000000  +0.00000000  +1.00000000  +0.06243050  +0.02062736
[+4,*]  -0.00000000  +0.00000000  +0.02062736  +0.06243050  +1.00000000  -0.00000000
[+5,*]  -0.00000000  -0.00000000  -0.06243050  +0.02062736  -0.00000000  +1.00000000
Overlap Matrix after symmetric
[+0,*]  +1.00000000  +0.00000001  +0.00000000  +0.00000000  +0.00000000  +0.00000000
[+1,*]  +0.00000001  +1.00000000  -0.00000000  -0.00000000  +0.00000000  +0.00000000
[+2,*]  +0.00000000  -0.00000000  +1.00000000  +0.00000000  +0.00000000  -0.00000000
[+3,*]  +0.00000000  -0.00000000  +0.00000000  +1.00000000  +0.00000000  +0.00000000
[+4,*]  +0.00000000  +0.00000000  +0.00000000  +0.00000000  +1.00000000  -0.00000000
[+5,*]  +0.00000000  +0.00000000  -0.00000000  +0.00000000  -0.00000000  +1.00000000
Adding 3 HF orbitals
Size before adding CABS: 9.
Size after adding CABS: 9.
Compute G and F Tensor:
Assemble g,f using symmetries...
non zero elements:
 g : +11109
 h : +37
Overlap over whole basis
[+0,*]  +1.00000000  +0.00000031  -0.00000069  -0.00001331  -0.00002573  -0.00000000  +0.00000000  +0.00000000  -0.00000000
[+1,*]  +0.00000031  +1.00000000  +0.00000070  +0.00000408  +0.00000786  +0.00000000  -0.00000000  -0.00000000  +0.00000000
[+2,*]  -0.00000069  +0.00000070  +1.00000000  -0.00000098  -0.00000195  +0.00000000  +0.00000000  -0.00000000  -0.00000000
[+3,*]  -0.00001331  +0.00000408  -0.00000098  +1.00000000  +0.00000001  +0.00000000  +0.00000000  -0.00000000  +0.00000000
[+4,*]  -0.00002573  +0.00000786  -0.00000195  +0.00000001  +1.00000000  -0.00000000  -0.00000000  +0.00000000  +0.00000000
[+5,*]  -0.00000000  +0.00000000  +0.00000000  +0.00000000  -0.00000000  +1.00000000  +0.00000000  +0.00000000  -0.00000000
[+6,*]  +0.00000000  -0.00000000  +0.00000000  +0.00000000  -0.00000000  +0.00000000  +1.00000000  +0.00000000  +0.00000000
[+7,*]  +0.00000000  -0.00000000  -0.00000000  -0.00000000  +0.00000000  +0.00000000  +0.00000000  +1.00000000  -0.00000000
[+8,*]  -0.00000000  +0.00000000  -0.00000000  +0.00000000  +0.00000000  -0.00000000  +0.00000000  -0.00000000  +1.00000000

||S-1||=+0.00004298
finished at time 240.0

    Parallel environment
    --------------------
                  #nodes    1
       #threads per node    11+main = 12
          #total threads    12

  RMI message statistics (min / avg / max)
  ----------------------
   #messages in server q    0.00e+00 / 0.00e+00 / 0.00e+00
 #messages sent per node    0.00e+00 / 0.00e+00 / 0.00e+00
    #bytes sent per node    0.00e+00 / 0.00e+00 / 0.00e+00
 #messages recv per node    0.00e+00 / 0.00e+00 / 0.00e+00
    #bytes recv per node    0.00e+00 / 0.00e+00 / 0.00e+00
        #msgs systemwide    0.00e+00
       #bytes systemwide    0.00e+00

  Thread pool statistics (min / avg / max)
  ----------------------
         #tasks per node    1.50e+07 / 1.50e+07 / 1.50e+07
     #max q len per node    1.31e+04 / 1.31e+04 / 1.31e+04
  #hi-pri tasks per node    4.53e+06 / 4.53e+06 / 4.53e+06

         Total wall time    239.9s
         Total  cpu time    239.9s

