MADNESS runtime initialized with 11 threads in the pool and affinity -1 -1 -1
starting at time 0.0

--------------------------------------------
   MADNESS 0.10.1 multiresolution suite
--------------------------------------------

   number of processors ... 1
    processor frequency ... 3.695845e+09
            host system ... Linux
          configured by ... kottmann
          configured on ... wittgenstein
          configured at ... 2021-02-10T21:25:26
                    CXX ... /usr/bin/c++
               CXXFLAGS ... -O3 -DNDEBUG -I/h/28/kottmann/install/numcpp/include/ -I/h/28/kottmann/install/boost/boost_1_72_0/include/ -std=c++1z
             tuning for ... default
                    MPI ... multiple
 multi-threaded runtime ... MADNESS ThreadPool
                   BLAS ... Intel MKL 4413 4413 MFLOP/s
               compiled ... 13:08:26  on  Feb 23 2021


-------------------------------------------------------------------------------------
SOLVING MRA-PNO-F12 as described in 
J.S. Kottmann, F.A. Bischoff, E.F. Valeev
Direct determination of optimal pair-natural orbitals in a real-space representation:
the second-order Møller-Plesset energy
Journal of Chemical Physics ... 2020
-------------------------------------------------------------------------------------


This script will run PNO-MP2 and print out tensors in binary
Call as: pno_integrals inputfileinput is input
ignoring unknown parameter in input file:  ncf

Angstrom being used to read input coordinates (1 Bohr = 1.88972613 Angstrom)


Asymptotic correction parameters
---------------------------------------
Atom vector is not empty: false
Using multipole approximation: false
Number of electrons = -1
Ionisation energy = 0.000000e+00
E(HOMO) = 0.000000e+00
R1 = 3.000000e+00
R2 = 4.000000e+00
DFT coefficient = 0.000000e+00
Interpolation scheme = linear
constructed symmetry operator for point group C1
dft
              charge  0.0000e+00 # defined   total molecular charge
                  xc  hf         # defined   XC input line
               smear  0.0000e+00 # default   smearing parameter
               econv  1.0000e-04 # defined   energy convergence
               dconv  5.0000e-04 # defined   density convergence
convergence_criteria  [bsh_residual, total_energy] # default   possible values are: bsh_residual, total_energy, each_energy, density
                   k  7          # defined   polynomial order
                   l  5.5071e+01 # derived   user coordinates box size
               deriv  abgv       # default   derivative method                            [abgv, bspline, ble]
           dft_deriv  abgv       # default   derivative method for gga potentials         [abgv, bspline, ble]
             maxrotn  2.5000e-01 # default   step restriction used in autoshift algorithm
             nvalpha  0          # default   number of alpha virtuals to compute
              nvbeta  0          # default   number of beta virtuals to compute
               nopen  0          # default   number of unpaired electrons = nalpha-nbeta
             maxiter  25         # default   maximum number of iterations
                 nio  1          # default   no. of io servers to use
     spin_restricted  true       # default   true if spin restricted
              plotlo  0          # default   range of MOs to print (for both spins if polarized
              plothi  -1         # default   range of MOs to print (for both spins if polarized
            plotdens  false      # default   If true print the density at convergence
            plotcoul  false      # default   If true plot the total coulomb potential at convergence
            localize  boys       # defined   localization method                          [pm, boys, new, canon]
          pointgroup  c1         # derived   use point (sub) group symmetry if not localized[c1, c2, ci, cs, c2v, c2h, d2, d2h]
             restart  false      # default   if true restart from orbitals on disk
           restartao  false      # default   if true restart from orbitals projected into AO basis (STO3G) on disk
          no_compute  false      # default   if true use orbitals on disk, set value to computed
           no_orient  false      # default   if true the molecule coordinates will not be reoriented
                save  true       # default   if true save orbitals to disk
              maxsub  10         # default   size of iterative subspace ... set to 0 or 1 to disable
        orbitalshift  0.0000e+00 # default   scf orbital shift: shift the occ orbitals to lower energies
            npt_plot  101        # default   no. of points to use in each dim for plots
           plot_cell  []         # default   lo hi in each dimension for plotting (default is all space)
             aobasis  6-31g      # derived   AO basis used for initial guess (6-31g or sto-3g)
           core_type  none       # default   core potential type                          [none, mpc]
         derivatives  false      # default   if true calculate nuclear derivatives
              dipole  false      # default   if true calculate dipole moment
      conv_only_dens  false      # default   if true remove bsh_residual from convergence criteria (deprecated)
            psp_calc  false      # default   pseudopotential calculation for all atoms
 print_dipole_matels  false      # default   if true output dipole matrix elements
            pcm_data  none       # default   do a PCM (solvent) calculation
             ac_data  none       # default   do a calculation with asymptotic correction (see ACParameters class in chem/AC.h for details)
             pure_ae  true       # default   pure all electron calculation with no pseudo-atoms
         print_level  3          # default   0: no output; 1: final energy; 2: iterations; 3: timings; 10: debug
              nalpha  3          # derived   number of alpha spin electrons
               nbeta  3          # derived   number of beta  spin electrons
           nmo_alpha  3          # derived   number of alpha spin molecular orbitals
            nmo_beta  3          # derived   number of beta spin molecular orbitals
                  lo  9.0905e-04 # derived   smallest length scale we need to resolve
            protocol  [1.0000e-04, 1.0000e-06] # derived   calculation protocol
                gopt  false      # default   geometry optimizer
                gtol  1.0000e-04 # default   geometry tolerance
               gtest  false      # default   geometry tolerance
                gval  1.0000e-05 # default   value precision
               gprec  1.0000e-04 # default   gradient precision
            gmaxiter  20         # default   optimization maxiter
    ginitial_hessian  false      # default   compute inital hessian for optimization
              algopt  bfgs       # default   algorithm used for optimization              [bfgs, cg]
            tdksprop  false      # default   time-dependent Kohn-Sham equation propagate
           nv_factor  1          # default   factor to multiply number of virtual orbitals with when automatically decreasing nvirt
           vnucextra  2          # default   load balance parameter for nuclear pot
        loadbalparts  2          # default   ??
            response  false      # default   response function calculation
       response_freq  0.0000e+00 # default   frequency for calculation response function
       response_axis  [1, 1, 1]  # default   response axis
           nonrotate  false      # default   if true do not molcule orient (redundant with no_orient
               rconv  1.0000e-06 # default   Response convergence
              efield  0.0000e+00 # default   eps for finite field
         efield_axis  0          # default   finite field axis                            [0, 1, 2]
              nwfile  none       # default   Base name of nwchem output files (.out and .movecs extensions) to read from
                 ncf  (none,1.0000e+00) # defined   nuclear correlation factor
             hessian  false      # default   compute the hessian matrix
           read_cphf  false      # default   read the converged orbital response for nuclear displacements from file
        restart_cphf  false      # default   read the guess orbital response for nuclear displacements from file
      purify_hessian  false      # default   symmetrize the hessian matrix based on atomic charges

end
              charge  0.0000e+00 # defined   total molecular charge
                  xc  hf         # defined   XC input line
               smear  0.0000e+00 # default   smearing parameter
               econv  1.0000e-04 # defined   energy convergence
               dconv  5.0000e-04 # defined   density convergence
convergence_criteria  [bsh_residual, total_energy] # default   possible values are: bsh_residual, total_energy, each_energy, density
                   k  7          # defined   polynomial order
                   l  5.5071e+01 # derived   user coordinates box size
               deriv  abgv       # default   derivative method                            [abgv, bspline, ble]
           dft_deriv  abgv       # default   derivative method for gga potentials         [abgv, bspline, ble]
             maxrotn  2.5000e-01 # default   step restriction used in autoshift algorithm
             nvalpha  0          # default   number of alpha virtuals to compute
              nvbeta  0          # default   number of beta virtuals to compute
               nopen  0          # default   number of unpaired electrons = nalpha-nbeta
             maxiter  25         # default   maximum number of iterations
                 nio  1          # default   no. of io servers to use
     spin_restricted  true       # default   true if spin restricted
              plotlo  0          # default   range of MOs to print (for both spins if polarized
              plothi  -1         # default   range of MOs to print (for both spins if polarized
            plotdens  false      # default   If true print the density at convergence
            plotcoul  false      # default   If true plot the total coulomb potential at convergence
            localize  boys       # defined   localization method                          [pm, boys, new, canon]
          pointgroup  c1         # derived   use point (sub) group symmetry if not localized[c1, c2, ci, cs, c2v, c2h, d2, d2h]
             restart  false      # default   if true restart from orbitals on disk
           restartao  false      # default   if true restart from orbitals projected into AO basis (STO3G) on disk
          no_compute  false      # default   if true use orbitals on disk, set value to computed
           no_orient  false      # default   if true the molecule coordinates will not be reoriented
                save  true       # default   if true save orbitals to disk
              maxsub  10         # default   size of iterative subspace ... set to 0 or 1 to disable
        orbitalshift  0.0000e+00 # default   scf orbital shift: shift the occ orbitals to lower energies
            npt_plot  101        # default   no. of points to use in each dim for plots
           plot_cell  []         # default   lo hi in each dimension for plotting (default is all space)
             aobasis  6-31g      # derived   AO basis used for initial guess (6-31g or sto-3g)
           core_type  none       # default   core potential type                          [none, mpc]
         derivatives  false      # default   if true calculate nuclear derivatives
              dipole  false      # default   if true calculate dipole moment
      conv_only_dens  false      # default   if true remove bsh_residual from convergence criteria (deprecated)
            psp_calc  false      # default   pseudopotential calculation for all atoms
 print_dipole_matels  false      # default   if true output dipole matrix elements
            pcm_data  none       # default   do a PCM (solvent) calculation
             ac_data  none       # default   do a calculation with asymptotic correction (see ACParameters class in chem/AC.h for details)
             pure_ae  true       # default   pure all electron calculation with no pseudo-atoms
         print_level  3          # default   0: no output; 1: final energy; 2: iterations; 3: timings; 10: debug
              nalpha  3          # derived   number of alpha spin electrons
               nbeta  3          # derived   number of beta  spin electrons
           nmo_alpha  3          # derived   number of alpha spin molecular orbitals
            nmo_beta  3          # derived   number of beta spin molecular orbitals
                  lo  9.0905e-04 # derived   smallest length scale we need to resolve
            protocol  [1.0000e-04, 1.0000e-06] # derived   calculation protocol
                gopt  false      # default   geometry optimizer
                gtol  1.0000e-04 # default   geometry tolerance
               gtest  false      # default   geometry tolerance
                gval  1.0000e-05 # default   value precision
               gprec  1.0000e-04 # default   gradient precision
            gmaxiter  20         # default   optimization maxiter
    ginitial_hessian  false      # default   compute inital hessian for optimization
              algopt  bfgs       # default   algorithm used for optimization              [bfgs, cg]
            tdksprop  false      # default   time-dependent Kohn-Sham equation propagate
           nv_factor  1          # default   factor to multiply number of virtual orbitals with when automatically decreasing nvirt
           vnucextra  2          # default   load balance parameter for nuclear pot
        loadbalparts  2          # default   ??
            response  false      # default   response function calculation
       response_freq  0.0000e+00 # default   frequency for calculation response function
       response_axis  [1, 1, 1]  # default   response axis
           nonrotate  false      # default   if true do not molcule orient (redundant with no_orient
               rconv  1.0000e-06 # default   Response convergence
              efield  0.0000e+00 # default   eps for finite field
         efield_axis  0          # default   finite field axis                            [0, 1, 2]
              nwfile  none       # default   Base name of nwchem output files (.out and .movecs extensions) to read from



 geometry
   eprec 1.0e-06
   units atomic
   Be            0.00000000           0.00000000           0.03149544
   H             0.00000000           0.00000000           4.94478338
   H             0.00000000           0.00000000          -5.07076512
 end

Solving NDIM= 3  with thresh 1.000000e-04     k 7    conv 5.000000e-04 

timer:     Project vnuclear     0.48s     0.48s
constructed nuclear correlation factor of the form
    R   =  1.000000e+00
with eprec  1.000000e-06
which means it's (nearly) a conventional calculation

timer:        reproject ncf     1.51s     1.51s
timer:        guess density     0.43s     0.43s
timer:   guess Coulomb potn     0.42s     0.42s
timer:       guess lda potn     0.23s     0.23s
timer:        guess overlap     0.01s     0.01s
timer:    KEmat reconstruct     0.06s     0.06s
timer:  KEmat differentiate     0.29s     0.29s
timer:       KEmat compress     0.10s     0.10s
timer: KEmat inner products     0.22s     0.22s
timer:     guess Kinet potn     0.67s     0.67s
timer:           guess fock     0.56s     0.56s
timer:      guess eigen sol     0.02s     0.02s
timer: guess orbital groupi     0.18s     0.18s

starting protocol at time      6.4s 
precision steps  1.000000e-04  -->  1.000000e-04
protocol: thresh 1.000000e-04 econv  1.000000e-04 dconv 5.000000e-04

ending protocol at time      6.4s 

Solving NDIM= 3  with thresh 1.000000e-04     k 7    conv 5.000000e-04 

timer:        Boys localize     0.78s     0.78s
orbital irreps []
timer:      reconstruct psi     0.15s     0.15s
timer:        compute Jnemo     0.71s     0.71s
timer:        compute Knemo     1.93s     1.93s
timer: compute Unemo 0.0165     0.17s     0.17s

  nuclear and kinetic     -22.95708052
         kinetic only      15.07640835
              coulomb       8.99904189
             exchange      -3.17322892
    nuclear-repulsion       1.69792977
   regularized energy     -15.43333777
  buggy if hybrid functionals are used..
timer:       compute energy     3.37s     3.37s
Norm of vector changes ab spin case : rms 9.367976e-02    max 1.211857e-01
convergence: bshresidual, energy change, max energy change, density change 1.0e-01 1.5e+01 1.5e+01 1.4e+00
finished iteration  0 at time     18.3s with energy  -15.43333777
timer:        Boys localize     0.79s     0.79s
orbital irreps []
timer:      reconstruct psi     0.13s     0.13s
timer:        compute Jnemo     0.66s     0.66s
timer:        compute Knemo     1.91s     1.91s
timer: compute Unemo 0.0166     0.20s     0.20s

  nuclear and kinetic     -23.09488252
         kinetic only      14.98848678
              coulomb       9.01369463
             exchange      -3.10652466
    nuclear-repulsion       1.69792977
   regularized energy     -15.48978277
  buggy if hybrid functionals are used..
timer:       compute energy     3.67s     3.67s
Norm of vector changes ab spin case : rms 4.436609e-02    max 5.639911e-02
convergence: bshresidual, energy change, max energy change, density change 3.2e-02 5.6e-02 1.4e-01 1.7e-02
finished iteration  1 at time     30.5s with energy  -15.48978277
timer:        Boys localize     0.92s     0.92s
orbital irreps []
timer:      reconstruct psi     0.16s     0.16s
timer:        compute Jnemo     0.57s     0.57s
timer:        compute Knemo     1.81s     1.81s
timer: compute Unemo 0.0166     0.12s     0.12s

  nuclear and kinetic     -23.18366590
         kinetic only      14.98330732
              coulomb       9.07046292
             exchange      -3.08335452
    nuclear-repulsion       1.69792977
   regularized energy     -15.49862772
  buggy if hybrid functionals are used..
timer:       compute energy     3.13s     3.13s
Norm of vector changes ab spin case : rms 1.201920e-02    max 1.577765e-02
convergence: bshresidual, energy change, max energy change, density change 6.9e-03 8.8e-03 8.9e-02 4.6e-03
finished iteration  2 at time     42.3s with energy  -15.49862772
timer:        Boys localize     0.92s     0.92s
orbital irreps []
timer:      reconstruct psi     0.16s     0.16s
timer:        compute Jnemo     0.64s     0.64s
timer:        compute Knemo     1.88s     1.88s
timer: compute Unemo 0.0166     0.20s     0.20s

  nuclear and kinetic     -23.21771511
         kinetic only      14.98563316
              coulomb       9.09916429
             exchange      -3.07888997
    nuclear-repulsion       1.69792977
   regularized energy     -15.49951102
  buggy if hybrid functionals are used..
timer:       compute energy     3.51s     3.51s
Norm of vector changes ab spin case : rms 4.845959e-03    max 6.470864e-03
convergence: bshresidual, energy change, max energy change, density change 2.3e-03 8.8e-04 3.4e-02 1.2e-03
finished iteration  3 at time     54.8s with energy  -15.49951102
timer:        Boys localize     0.90s     0.90s
orbital irreps []
timer:      reconstruct psi     0.12s     0.12s
timer:        compute Jnemo     0.60s     0.60s
timer:        compute Knemo     1.87s     1.87s
timer: compute Unemo 0.0165     0.21s     0.21s

  nuclear and kinetic     -23.22898065
         kinetic only      14.98586215
              coulomb       9.10951895
             exchange      -3.07811988
    nuclear-repulsion       1.69792977
   regularized energy     -15.49965180
  buggy if hybrid functionals are used..
timer:       compute energy     3.36s     3.36s
Norm of vector changes ab spin case : rms 1.857843e-03    max 2.390958e-03
convergence: bshresidual, energy change, max energy change, density change 8.5e-04 1.4e-04 1.1e-02 3.2e-04
finished iteration  4 at time     67.7s with energy  -15.49965180
timer:        Boys localize     0.92s     0.92s
orbital irreps []
timer:      reconstruct psi     0.12s     0.12s
timer:        compute Jnemo     0.55s     0.55s
timer:        compute Knemo     1.87s     1.87s
timer: compute Unemo 0.0165     0.17s     0.17s

  nuclear and kinetic     -23.22951843
         kinetic only      14.98491836
              coulomb       9.11013465
             exchange      -3.07821839
    nuclear-repulsion       1.69792977
   regularized energy     -15.49967240
  buggy if hybrid functionals are used..
timer:       compute energy     3.54s     3.54s
Norm of vector changes ab spin case : rms 2.351741e-03    max 3.036467e-03
convergence: bshresidual, energy change, max energy change, density change 5.9e-04 2.1e-05 9.4e-04 3.1e-04
finished iteration  5 at time     80.7s with energy  -15.49967240
timer:        Boys localize     0.91s     0.91s
orbital irreps []
timer:      reconstruct psi     0.21s     0.21s
timer:        compute Jnemo     0.57s     0.57s
timer:        compute Knemo     1.93s     1.93s
timer: compute Unemo 0.0165     0.19s     0.19s

  nuclear and kinetic     -23.22822557
         kinetic only      14.98340931
              coulomb       9.10921985
             exchange      -3.07860569
    nuclear-repulsion       1.69792977
   regularized energy     -15.49968164
  buggy if hybrid functionals are used..
timer:       compute energy     3.24s     3.24s
Norm of vector changes ab spin case : rms 2.474104e-04    max 3.250886e-04
convergence: bshresidual, energy change, max energy change, density change 3.6e-04 9.2e-06 1.5e-03 8.4e-05
finished iteration  6 at time     93.8s with energy  -15.49968164

Iterations converged


ending protocol at time     93.8s 

 Dipole Moment (a.u.)
 -----------

     x:  7.376928e-14
     y:  2.452600e-15
     z:  8.807249e-02
 Total Dipole Moment:  8.807249e-02 

timer:               dipole     0.07s     0.07s
Nemo Orbital Energies: [*]  -4.87536822  -0.35892951  -0.34920090

nemo energy:  -1.549968e+01
 at time 94.4
PNO Integrals evaluated as:
pnoint
       rank_increase  15         # default   maximum rank to increase in every macroiteration
               chunk  100        # default   chunk of functions operated on in parallel when G or K is applied (prevent memory shortage)
               debug  false      # default   debug mode
              freeze  1          # derived   frozen core approximation
             maxrank  4          # defined   maximal pno rank for all pairs
           guesstype  exop       # derived   the guesstype: exop (recommended, multiply polynomial excitation operators onto the occupied orbitals), empty (don't compute a guess), scf (use the ao basis from the SCF solver), partial_wave (create s,p,d ..., type functions and place on atoms), predefined (same as partial_wave but for predefined sets)
                exop  multipole  # derived   this string defines which excitation operators can be used, use 'dipole', 'dipole+', 'quadrupole', 'ocopole', or 'multipole', need to set guesstype to 'exop' which is the default
          exop_trigo  true       # default   use trigonometric excitation operators ( x --> sin(x)
        partial_wave             # default   atom centered partial wave guess of format like 'h-2s1p-o-3s2p1d', need to set guesstype to 'partial_wave' and adaptive_solver to 'none'
          predefined             # default   predefined partial wave guesses of type pvxz with x=d,t,q,5,6, need to set guesstype to 'predefined' and adaptive_solver to 'none'
           maxiter_t  100        # default   maximal number of iterations in the amplitude solver
       maxiter_micro  10         # default   Maximum of iterations for every cycle in the adaptive solver
       maxiter_macro  10         # default   Maximum of iterations of cycles in the adaptive solver
                tpno  1.0000e-08 # default   PNO cutoff threshold
          tpno_tight  1.0000e-10 # derived   PNO cutoff for the first iteration
    canonicalize_pno  true       # default   canonicalize the pnos before the amplitude solver
              thresh  1.0000e-04 # defined   MRA threshold
         econv_micro  1.0000e-04 # derived   Energy convergence for microiterations (Greens function based optimization) in adaptive solver
         econv_pairs  1.0000e-05 # derived   ENergy convergence for individual pairs in adaptive solver. Converged pairs are frozen automatically
         econv_macro  1.0000e-04 # derived   Energy convergence for macroiterations in adaptive solver, no effect if adaptive_solver is deactivated
               dconv  1.0000e-01 # default   convergence of every PNO in the Green's function solver
           op_thresh  1.0000e-06 # default   MRA operator thresh
             restart  none       # derived   restart pairs of this type, use 'mp2', 'cispd', 'all' or 'none'
          no_compute  none       # default   do not compute the pairs of this type, use 'mp2', 'cispd', 'all' or 'none'
              no_opt  none       # default   do not optimize the pnos of this type, use 'mp2', 'cispd', 'all' or 'none'
            no_guess  none       # derived   guess for this type will be empty, use 'mp2', 'cispd', 'all' or 'none'
     adaptive_solver  all        # default   Use adaptive solver for those pairs, use 'mp2', 'cispd', 'all' or 'none', works only in combination with guesstype 'exop'
                kain  true       # default   use KAIN solver in amplitude solver
       kain_subspace  5          # default   subspace size of the KAIN solver (amplitudes)
                 f12  false      # defined   use explicit correlation
        cispd_number  -1         # default   CIS(D) excitation numbers, to read in correct functions
        cispd_energy  0.0000e+00 # default   CIS energy
        freeze_pairs  none       # default   frozen pairs will not be optimized: Expected format 'a b c d' will freeze pairs ab and cd
freeze_pairs_of_orbital  []         # default    All pairs which originate from this orbital will not be optimized
active_pairs_of_orbital  []         # default    All pairs which originate from this orbital will not be frozen all other pairs will, if this vector is not empty
no_opt_in_first_iteration  false      # default   Do not optimize in the first iteration (then the potentials do not have to be evaluated, use this for large guesses)
            exchange  full       # default   approximate exchange with 'neglect' or xc functional -> same syntax as moldft
           save_pnos  true       # default   Save the OBS-PNOs to a file, before and after orthonormalization.
            diagonal  true       # defined   Compute only diagonal PNOs
              orthog  symmetric  # defined   orthogonalization method for PNO basis, also current default for a potential CABS. options: symmetric, canonical, cholesky, rr_cholesky,
         orthog_cabs  default    # default   orthogonalization method for CABS basis. options: symmetric, canonical, cholesky, rr_cholesky, uses same as orbitals basis if default.
               n_pno  8          # defined   desired size of PNO-basis (orbital space)
         cabs_option  none       # default   type of complementary auxiliary basis to be used. can be none ~ no CABS, gbs ~ Gaussian basis set as CABS, requires input via auxbas_file, pno ~ use superfluous PNOs as CABS, mixed ~ gbs&pno-option
       pno_cabs_size  -1         # default   size of a potential pno-cabs. defaults to -1 ~ all remaining PNOs, if pno-cabs or mixed-cabs
           only_diag  false      # default   use only diagonal elements PNOs
         cherry_pick  []         # default   cherry pick option to choose particular set of PNOs, not just blindly by occupation number. can be useful, if only a restricted number of PNOs can be used, to avoid separating degenerate pairs. can be envoked by passing a vector via [ elem1, elem2, ... ]
               gamma  1.4000e+00 # default   The f12 length scale, here to be used to compute f12-integrals
         cabs_thresh  1.0000e-04 # derived    thresh for cabs part
              auxbas  none       # default   atom centered partial wave guess of format like 'h-2s1p-o-3s2p1d'
         auxbas_file  none       # default   Use external comp. aux. basis in addition to the pnos as auxbasis. Give the filename as parameter. Give the auxbas in turbomole format. Don't use contractions. If a file is specified the auxbas parameter has no effect
   print_pno_overlap  true       # default   Print overlap matrix at certain steps in computation, for debugging purposes.
              n_virt  0          # defined   Compute this number of virtuals and include them in the integral construction, experimental and not robust!.
      hardcore_boson  false      # default   compute only integrals for hardcore boson hamiltonian (restricted to double occupations)

end
F12 Operators initialized right
timer:                    Testing F12 Operators     0.75s     0.75s 
timer:  Initializing (active) Exchange Orbitals     2.09s     2.09s 
Size of active mos and their exchange potentials:
K(acmos)=3.148437e-03 Gbyte
acmos   =2.545327e-03 Gbyte
PNO Parameters
pno
       rank_increase  15         # default   maximum rank to increase in every macroiteration
               chunk  100        # default   chunk of functions operated on in parallel when G or K is applied (prevent memory shortage)
               debug  false      # default   debug mode
              freeze  1          # derived   frozen core approximation
             maxrank  4          # defined   maximal pno rank for all pairs
           guesstype  exop       # derived   the guesstype: exop (recommended, multiply polynomial excitation operators onto the occupied orbitals), empty (don't compute a guess), scf (use the ao basis from the SCF solver), partial_wave (create s,p,d ..., type functions and place on atoms), predefined (same as partial_wave but for predefined sets)
                exop  multipole  # derived   this string defines which excitation operators can be used, use 'dipole', 'dipole+', 'quadrupole', 'ocopole', or 'multipole', need to set guesstype to 'exop' which is the default
          exop_trigo  true       # default   use trigonometric excitation operators ( x --> sin(x)
        partial_wave             # default   atom centered partial wave guess of format like 'h-2s1p-o-3s2p1d', need to set guesstype to 'partial_wave' and adaptive_solver to 'none'
          predefined             # default   predefined partial wave guesses of type pvxz with x=d,t,q,5,6, need to set guesstype to 'predefined' and adaptive_solver to 'none'
           maxiter_t  100        # default   maximal number of iterations in the amplitude solver
       maxiter_micro  10         # default   Maximum of iterations for every cycle in the adaptive solver
       maxiter_macro  10         # default   Maximum of iterations of cycles in the adaptive solver
                tpno  1.0000e-08 # default   PNO cutoff threshold
          tpno_tight  1.0000e-10 # derived   PNO cutoff for the first iteration
    canonicalize_pno  true       # default   canonicalize the pnos before the amplitude solver
              thresh  1.0000e-04 # defined   MRA threshold
         econv_micro  1.0000e-04 # derived   Energy convergence for microiterations (Greens function based optimization) in adaptive solver
         econv_pairs  1.0000e-05 # derived   ENergy convergence for individual pairs in adaptive solver. Converged pairs are frozen automatically
         econv_macro  1.0000e-04 # derived   Energy convergence for macroiterations in adaptive solver, no effect if adaptive_solver is deactivated
               dconv  1.0000e-01 # default   convergence of every PNO in the Green's function solver
           op_thresh  1.0000e-06 # default   MRA operator thresh
             restart  none       # derived   restart pairs of this type, use 'mp2', 'cispd', 'all' or 'none'
          no_compute  none       # default   do not compute the pairs of this type, use 'mp2', 'cispd', 'all' or 'none'
              no_opt  none       # default   do not optimize the pnos of this type, use 'mp2', 'cispd', 'all' or 'none'
            no_guess  none       # derived   guess for this type will be empty, use 'mp2', 'cispd', 'all' or 'none'
     adaptive_solver  all        # default   Use adaptive solver for those pairs, use 'mp2', 'cispd', 'all' or 'none', works only in combination with guesstype 'exop'
                kain  true       # default   use KAIN solver in amplitude solver
       kain_subspace  5          # default   subspace size of the KAIN solver (amplitudes)
                 f12  false      # defined   use explicit correlation
        cispd_number  -1         # default   CIS(D) excitation numbers, to read in correct functions
        cispd_energy  0.0000e+00 # default   CIS energy
        freeze_pairs  none       # default   frozen pairs will not be optimized: Expected format 'a b c d' will freeze pairs ab and cd
freeze_pairs_of_orbital  []         # default    All pairs which originate from this orbital will not be optimized
active_pairs_of_orbital  []         # default    All pairs which originate from this orbital will not be frozen all other pairs will, if this vector is not empty
no_opt_in_first_iteration  false      # default   Do not optimize in the first iteration (then the potentials do not have to be evaluated, use this for large guesses)
            exchange  full       # default   approximate exchange with 'neglect' or xc functional -> same syntax as moldft
           save_pnos  true       # default   Save the OBS-PNOs to a file, before and after orthonormalization.
            diagonal  true       # defined   Compute only diagonal PNOs

end

**********************
Solve PNO-MP2
*********************


**********************
Iterate Pairs
*********************


************************
Adaptive Solver
***********************

Initializing empty Pairs:
no guess was explicitly demanded for mp2

timer:                                     RRCD     0.00s     0.00s 
timer:                             MRA compress     0.00s     0.00s 
timer:                          Transform Pairs     0.00s     0.00s 
timer:          apply Q and orthonormalize PNOs     0.00s     0.00s 
Created Guess:
pair11 with 0 guess functions
pair21 with 0 guess functions
pair22 with 0 guess functions
guess pair11 size: 0.0000000000e+00 | 0.0000000000e+00 Gbyte (after truncation)
guess pair22 size: 0.0000000000e+00 | 0.0000000000e+00 Gbyte (after truncation)
timer:                           truncate guess     0.00s     0.00s 
timer:                         Initialize Pairs     0.00s     0.00s 
Keyword multipole is not known
Guess protocol for adaptively growing ranks is: [dipole+, quadrupole, big_fock_3, big_fock_3, big_fock_3, big_fock_3, big_fock_3, big_fock_3, big_fock_3, big_fock_3]


--------Adaptive Solver Macroiteration 0 from max 10 ----------

Growing ranks with exop=dipole+
Create guess functions by multiplying plane-waves to 1 functions 
Created 4 virtuals for pair11
pair21 is frozen: no growing
Create guess functions by multiplying plane-waves to 1 functions 
Created 4 virtuals for pair22
frozen pair: no orthonormalization
timer:                                     RRCD     0.04s     0.04s 
timer:                             MRA compress     0.00s     0.00s 
timer:                          Transform Pairs     0.10s     0.10s 
timer:                        grow PNO subspace     2.20s     2.20s 
SolveInternal: Parameters are assigned as
no_compute        = false
no_opt            = false
restart           = false
do_cispd          = false
econv             =1.0000000000e-04
maxrank (min,max) = (4,4)
Solving MP2 doubles
timer:          fock matrix     2.83s     2.83s
Information About All Pairs:
mp2_pair11           number=0 rank=  4 frozen=false
mp2_pair21           number=1 rank=  0 frozen=true
mp2_pair22           number=2 rank=  4 frozen=false
number of pairs=3
average rank   =2 (2.6666666667e+00)
largest rank   =4
PNOPairs Memory Information
Total: 0.0101404190 GB 
PNO  : 0.0101404190 GB 
KPNO : 0.0000000000 GB 
W    : 0.0000000000 GB 

timer:                                 truncate     0.09s     0.09s 
wall time=107.9332358837 chunk=8 allK.size()=8 memory=0.0101404190 GB
timer:                             compute KPNO     3.94s     3.94s 
wall time=108.1106688976 chunk=8 allJ.size()=8 memory=0.0115306377 GB
timer:                             compute JPNO     0.18s     0.18s 
timer:                    compute Fock matrices     1.23s     1.23s 
timer:                             MRA compress     0.00s     0.00s 
timer:                          Transform Pairs     0.19s     0.19s 
timer:                             Canonicalize     0.19s     0.19s 
PNOPairs Memory Information
Total: 0.0193812847 GB 
PNO  : 0.0096497536 GB 
KPNO : 0.0097315311 GB 
W    : 0.0000000000 GB 

timer:                                 truncate     0.03s     0.03s 
mp2_pair21 is frozen: potential not computed
timer:                   Fluctuation Potentials     1.74s     1.74s 
timer:                       Fluctuation Matrix     0.11s     0.11s 
PNOPairs Memory Information
Total: 0.0329563618 GB 
PNO  : 0.0096497536 GB 
KPNO : 0.0097315311 GB 
W    : 0.0135750771 GB 

PNOPairs Memory Information
Total: 0.0329563618 GB 
PNO  : 0.0096497536 GB 
KPNO : 0.0097315311 GB 
W    : 0.0135750771 GB 

timer:                                 truncate     0.06s     0.06s 
timer:                             PNO Overlaps     0.09s     0.09s 
t_iter =  0  Hylleraas energy =  0.0000000000  ||R||_F =  0.1552146022  conv =  no
subspace solution [*]   1.00000000

t_iter =  1  Hylleraas energy =  -0.0316488621  ||R||_F =  0.0000000182  conv =  yes
=======================================================

Hylleraas MP2 Energies

=======================================================
    i    j      singlet      triplet        Total
=======================================================
    1    1  -1.55046e-02  0.00000e+00 -1.55046e-02
    2    1   0.00000e+00  0.00000e+00  0.00000e+00
    2    2  -1.61443e-02  0.00000e+00 -1.61443e-02
=======================================================
Hylleraas MP2 Energies (singlet): -3.16489e-02
Hylleraas MP2 Energies (triplet):  0.00000e+00
Hylleraas MP2 Energies (total)  : -3.16489e-02
=======================================================
-------------------------------------------
Total Reg Energy  =-3.16489e-02
Total F12 Energy  = 0.00000e+00
Sum Energies Total=-3.16489e-02
-------------------------------------------
timer:                         Solve Amplitudes     0.00s     0.00s 
No optimization untill now: Compressing pno ranks with tighter threshold
1.00000e-10 instead of 1.00000e-08
pair11: density evals:
 [*]   0.00254807   0.00339890   0.00339890   0.03271934

pair22: density evals:
 [*]   0.00251985   0.00332729   0.00332729   0.03662898

timer:                            compress PNOs     0.00s     0.00s 
timer:                             MRA compress     0.00s     0.00s 
timer:                          Transform Pairs     0.43s     0.43s 
timer:                          PNO Compression     0.44s     0.44s 
Information About All Pairs:
mp2_pair11           number=0 rank=  4 frozen=false
mp2_pair21           number=1 rank=  0 frozen=true
mp2_pair22           number=2 rank=  4 frozen=false
number of pairs=3
average rank   =2 (2.66667e+00)
largest rank   =4
saving vector of functions mp2_pair11
saving vector of functions mp2_pair22
timer:                        save pnos on disc     0.16s     0.16s 
PNOPairs Memory Information
Total: 0.03230 GB 
PNO  : 0.00949 GB 
KPNO : 0.00940 GB 
W    : 0.01341 GB 

timer:                                 truncate     0.05s     0.05s 
timer:      compute densities for G application     0.00s     0.00s 
pair21 is frozen: no optimization
timer:                Prepare for G application     0.34s     0.34s 
timer:                                    add K     0.02s     0.02s 
size of all Vpsi potentials (without Vnuc and J) 0.01194 GB 
time=113.22261 chunk=8 Vpsi+Vnuc+J=0.03369 GB
time=113.30384 chunk=8 Vpsi+Vnuc+J=0.03312 GB (after truncation)
timer:                           Apply G to all     2.52s     2.52s 
timer:                       apply Q and update     0.00s     0.00s 
mp2_pair11 residual norms:
[0.46997, 0.35537, 0.35537, 0.37908]
mp2_pair11 scaled residual norms:
[0.02372, 0.02072, 0.02072, 0.06857]
mp2_pair22 residual norms:
[0.46696, 0.35572, 0.35572, 0.37477]
mp2_pair22 scaled residual norms:
[0.02344, 0.02052, 0.02052, 0.07173]
timer:                          update all PNOs     2.89s     2.89s 
frozen pair: no orthonormalization
timer:                                     RRCD     0.07s     0.07s 
timer:                             MRA compress     0.00s     0.00s 
timer:                          Transform Pairs     0.10s     0.10s 
saving vector of functions mp2_pair11
saving vector of functions mp2_pair22
timer:                        save pnos on disc     0.15s     0.15s 


No convergence yet. Energy change = 0.03165

timer:                        Whole Iteration 1    11.57s    11.57s 
Information About All Pairs:
mp2_pair11           number=0 rank=  4 frozen=false
mp2_pair21           number=1 rank=  0 frozen=true
mp2_pair22           number=2 rank=  4 frozen=false
number of pairs=3
average rank   =2 (2.66667)
largest rank   =4
PNOPairs Memory Information
Total: 0.00965 GB 
PNO  : 0.00965 GB 
KPNO : 0.00000 GB 
W    : 0.00000 GB 

timer:                                 truncate     0.04s     0.04s 
wall time=118.95311 chunk=8 allK.size()=8 memory=0.00900 GB
timer:                             compute KPNO     3.44s     3.44s 
wall time=119.11070 chunk=8 allJ.size()=8 memory=0.01071 GB
timer:                             compute JPNO     0.16s     0.16s 
timer:                    compute Fock matrices     1.16s     1.16s 
timer:                             MRA compress     0.00s     0.00s 
timer:                          Transform Pairs     0.30s     0.30s 
timer:                             Canonicalize     0.30s     0.30s 
PNOPairs Memory Information
Total: 0.01905 GB 
PNO  : 0.00981 GB 
KPNO : 0.00924 GB 
W    : 0.00000 GB 

timer:                                 truncate     0.05s     0.05s 
mp2_pair21 is frozen: potential not computed
timer:                   Fluctuation Potentials     1.66s     1.66s 
timer:                       Fluctuation Matrix     0.15s     0.15s 
PNOPairs Memory Information
Total: 0.03279 GB 
PNO  : 0.00981 GB 
KPNO : 0.00924 GB 
W    : 0.01374 GB 

PNOPairs Memory Information
Total: 0.03279 GB 
PNO  : 0.00981 GB 
KPNO : 0.00924 GB 
W    : 0.01374 GB 

timer:                                 truncate     0.05s     0.05s 
timer:                             PNO Overlaps     0.09s     0.09s 
t_iter =  0  Hylleraas energy =  0.00000  ||R||_F =  0.22260  conv =  no
subspace solution [*]   1.00000000

t_iter =  1  Hylleraas energy =  -0.05718  ||R||_F =  0.00000  conv =  yes
=======================================================

Hylleraas MP2 Energies

=======================================================
    i    j      singlet      triplet        Total
=======================================================
    1    1  -2.80628e-02  0.00000e+00 -2.80628e-02
    2    1   0.00000e+00  0.00000e+00  0.00000e+00
    2    2  -2.91138e-02  0.00000e+00 -2.91138e-02
=======================================================
Hylleraas MP2 Energies (singlet): -5.71766e-02
Hylleraas MP2 Energies (triplet):  0.00000e+00
Hylleraas MP2 Energies (total)  : -5.71766e-02
=======================================================
-------------------------------------------
Total Reg Energy  =-5.71766e-02
Total F12 Energy  = 0.00000e+00
Sum Energies Total=-5.71766e-02
-------------------------------------------
timer:                         Solve Amplitudes     0.00s     0.00s 
pair11: density evals:
 [*]   0.00375921   0.00404926   0.00404926   0.05635773

pair22: density evals:
 [*]   0.00368979   0.00395215   0.00395215   0.06316653

timer:                            compress PNOs     0.00s     0.00s 
timer:                             MRA compress     0.00s     0.00s 
timer:                          Transform Pairs     0.55s     0.55s 
timer:                          PNO Compression     0.56s     0.56s 
Information About All Pairs:
mp2_pair11           number=0 rank=  4 frozen=false
mp2_pair21           number=1 rank=  0 frozen=true
mp2_pair22           number=2 rank=  4 frozen=false
number of pairs=3
average rank   =2 (2.66667e+00)
largest rank   =4
saving vector of functions mp2_pair11
saving vector of functions mp2_pair22
timer:                        save pnos on disc     0.16s     0.16s 
PNOPairs Memory Information
Total: 0.03247 GB 
PNO  : 0.00965 GB 
KPNO : 0.00908 GB 
W    : 0.01374 GB 

timer:                                 truncate     0.05s     0.05s 
timer:      compute densities for G application     0.00s     0.00s 
pair21 is frozen: no optimization
timer:                Prepare for G application     0.25s     0.25s 
timer:                                    add K     0.01s     0.01s 
size of all Vpsi potentials (without Vnuc and J) 0.01341 GB 
time=124.11718 chunk=8 Vpsi+Vnuc+J=0.03206 GB
time=124.15940 chunk=8 Vpsi+Vnuc+J=0.03091 GB (after truncation)
timer:                           Apply G to all     2.27s     2.27s 
timer:                       apply Q and update     0.00s     0.00s 
mp2_pair11 residual norms:
[0.11793, 0.08683, 0.08683, 0.10003]
mp2_pair11 scaled residual norms:
[0.00723, 0.00553, 0.00553, 0.02375]
mp2_pair22 residual norms:
[0.11981, 0.08760, 0.08760, 0.09691]
mp2_pair22 scaled residual norms:
[0.00728, 0.00551, 0.00551, 0.02436]
timer:                          update all PNOs     2.54s     2.54s 
frozen pair: no orthonormalization
timer:                                     RRCD     0.07s     0.07s 
timer:                             MRA compress     0.00s     0.00s 
timer:                          Transform Pairs     0.12s     0.12s 
saving vector of functions mp2_pair11
saving vector of functions mp2_pair22
timer:                        save pnos on disc     0.16s     0.16s 


No convergence yet. Energy change = 0.02553

timer:                        Whole Iteration 2    10.83s    10.83s 
Information About All Pairs:
mp2_pair11           number=0 rank=  4 frozen=false
mp2_pair21           number=1 rank=  0 frozen=true
mp2_pair22           number=2 rank=  4 frozen=false
number of pairs=3
average rank   =2 (2.66667)
largest rank   =4
PNOPairs Memory Information
Total: 0.00973 GB 
PNO  : 0.00973 GB 
KPNO : 0.00000 GB 
W    : 0.00000 GB 

timer:                                 truncate     0.03s     0.03s 
wall time=129.75691 chunk=8 allK.size()=8 memory=0.00973 GB
timer:                             compute KPNO     3.43s     3.43s 
wall time=129.90654 chunk=8 allJ.size()=8 memory=0.01104 GB
timer:                             compute JPNO     0.15s     0.15s 
timer:                    compute Fock matrices     1.23s     1.23s 
timer:                             MRA compress     0.00s     0.00s 
timer:                          Transform Pairs     0.23s     0.23s 
timer:                             Canonicalize     0.23s     0.23s 
PNOPairs Memory Information
Total: 0.01938 GB 
PNO  : 0.00973 GB 
KPNO : 0.00965 GB 
W    : 0.00000 GB 

timer:                                 truncate     0.04s     0.04s 
mp2_pair21 is frozen: potential not computed
timer:                   Fluctuation Potentials     1.77s     1.77s 
timer:                       Fluctuation Matrix     0.11s     0.11s 
PNOPairs Memory Information
Total: 0.03328 GB 
PNO  : 0.00973 GB 
KPNO : 0.00965 GB 
W    : 0.01390 GB 

PNOPairs Memory Information
Total: 0.03328 GB 
PNO  : 0.00973 GB 
KPNO : 0.00965 GB 
W    : 0.01390 GB 

timer:                                 truncate     0.06s     0.06s 
timer:                             PNO Overlaps     0.07s     0.07s 
t_iter =  0  Hylleraas energy =  0.00000  ||R||_F =  0.23739  conv =  no
subspace solution [*]   1.00000000

t_iter =  1  Hylleraas energy =  -0.06044  ||R||_F =  0.00000  conv =  yes
=======================================================

Hylleraas MP2 Energies

=======================================================
    i    j      singlet      triplet        Total
=======================================================
    1    1  -2.96818e-02  0.00000e+00 -2.96818e-02
    2    1   0.00000e+00  0.00000e+00  0.00000e+00
    2    2  -3.07625e-02  0.00000e+00 -3.07625e-02
=======================================================
Hylleraas MP2 Energies (singlet): -6.04444e-02
Hylleraas MP2 Energies (triplet):  0.00000e+00
Hylleraas MP2 Energies (total)  : -6.04444e-02
=======================================================
-------------------------------------------
Total Reg Energy  =-6.04444e-02
Total F12 Energy  = 0.00000e+00
Sum Energies Total=-6.04444e-02
-------------------------------------------
timer:                         Solve Amplitudes     0.00s     0.00s 
pair11: density evals:
 [*]   0.00357727   0.00386718   0.00386718   0.05576138

pair22: density evals:
 [*]   0.00351771   0.00376919   0.00376919   0.06256348

timer:                            compress PNOs     0.00s     0.00s 
timer:                             MRA compress     0.00s     0.00s 
timer:                          Transform Pairs     0.45s     0.45s 
timer:                          PNO Compression     0.46s     0.46s 
Information About All Pairs:
mp2_pair11           number=0 rank=  4 frozen=false
mp2_pair21           number=1 rank=  0 frozen=true
mp2_pair22           number=2 rank=  4 frozen=false
number of pairs=3
average rank   =2 (2.66667e+00)
largest rank   =4
saving vector of functions mp2_pair11
saving vector of functions mp2_pair22
timer:                        save pnos on disc     0.16s     0.16s 
PNOPairs Memory Information
Total: 0.03328 GB 
PNO  : 0.00973 GB 
KPNO : 0.00965 GB 
W    : 0.01390 GB 

timer:                                 truncate     0.06s     0.06s 
timer:      compute densities for G application     0.00s     0.00s 
pair21 is frozen: no optimization
timer:                Prepare for G application     0.33s     0.33s 
timer:                                    add K     0.03s     0.03s 
size of all Vpsi potentials (without Vnuc and J) 0.01439 GB 
time=135.09519 chunk=8 Vpsi+Vnuc+J=0.03337 GB
time=135.16748 chunk=8 Vpsi+Vnuc+J=0.03173 GB (after truncation)
timer:                           Apply G to all     2.45s     2.45s 
timer:                       apply Q and update     0.00s     0.00s 
mp2_pair11 residual norms:
[0.05668, 0.03214, 0.03214, 0.04237]
mp2_pair11 scaled residual norms:
[0.00339, 0.00200, 0.00200, 0.01001]
mp2_pair22 residual norms:
[0.05924, 0.03398, 0.03398, 0.04083]
mp2_pair22 scaled residual norms:
[0.00351, 0.00209, 0.00209, 0.01021]
timer:                          update all PNOs     2.82s     2.82s 
frozen pair: no orthonormalization
timer:                                     RRCD     0.01s     0.01s 
timer:                             MRA compress     0.00s     0.00s 
timer:                          Transform Pairs     0.10s     0.10s 
saving vector of functions mp2_pair11
saving vector of functions mp2_pair22
timer:                        save pnos on disc     0.17s     0.17s 


No convergence yet. Energy change = 0.00327

timer:                        Whole Iteration 3    10.98s    10.98s 
Information About All Pairs:
mp2_pair11           number=0 rank=  4 frozen=false
mp2_pair21           number=1 rank=  0 frozen=true
mp2_pair22           number=2 rank=  4 frozen=false
number of pairs=3
average rank   =2 (2.66667)
largest rank   =4
PNOPairs Memory Information
Total: 0.01014 GB 
PNO  : 0.01014 GB 
KPNO : 0.00000 GB 
W    : 0.00000 GB 

timer:                                 truncate     0.04s     0.04s 
wall time=140.52881 chunk=8 allK.size()=8 memory=0.00990 GB
timer:                             compute KPNO     3.22s     3.22s 
wall time=140.66674 chunk=8 allJ.size()=8 memory=0.01120 GB
timer:                             compute JPNO     0.14s     0.14s 
timer:                    compute Fock matrices     1.08s     1.08s 
timer:                             MRA compress     0.00s     0.00s 
timer:                          Transform Pairs     0.20s     0.20s 
timer:                             Canonicalize     0.21s     0.21s 
PNOPairs Memory Information
Total: 0.01987 GB 
PNO  : 0.00998 GB 
KPNO : 0.00990 GB 
W    : 0.00000 GB 

timer:                                 truncate     0.04s     0.04s 
mp2_pair21 is frozen: potential not computed
timer:                   Fluctuation Potentials     1.86s     1.86s 
timer:                       Fluctuation Matrix     0.13s     0.13s 
PNOPairs Memory Information
Total: 0.03377 GB 
PNO  : 0.00998 GB 
KPNO : 0.00990 GB 
W    : 0.01390 GB 

PNOPairs Memory Information
Total: 0.03377 GB 
PNO  : 0.00998 GB 
KPNO : 0.00990 GB 
W    : 0.01390 GB 

timer:                                 truncate     0.04s     0.04s 
timer:                             PNO Overlaps     0.14s     0.14s 
t_iter =  0  Hylleraas energy =  0.00000  ||R||_F =  0.24291  conv =  no
subspace solution [*]   1.00000000

t_iter =  1  Hylleraas energy =  -0.06109  ||R||_F =  0.00000  conv =  yes
=======================================================

Hylleraas MP2 Energies

=======================================================
    i    j      singlet      triplet        Total
=======================================================
    1    1  -2.99987e-02  0.00000e+00 -2.99987e-02
    2    1   0.00000e+00  0.00000e+00  0.00000e+00
    2    2  -3.10884e-02  0.00000e+00 -3.10884e-02
=======================================================
Hylleraas MP2 Energies (singlet): -6.10871e-02
Hylleraas MP2 Energies (triplet):  0.00000e+00
Hylleraas MP2 Energies (total)  : -6.10871e-02
=======================================================
-------------------------------------------
Total Reg Energy  =-6.10871e-02
Total F12 Energy  = 0.00000e+00
Sum Energies Total=-6.10871e-02
-------------------------------------------
timer:                         Solve Amplitudes     0.00s     0.00s 
pair11: density evals:
 [*]   0.00345303   0.00376702   0.00376702   0.05446746

pair22: density evals:
 [*]   0.00339675   0.00366602   0.00366602   0.06118213

timer:                            compress PNOs     0.00s     0.00s 
timer:                             MRA compress     0.00s     0.00s 
timer:                          Transform Pairs     0.50s     0.50s 
timer:                          PNO Compression     0.50s     0.50s 
Information About All Pairs:
mp2_pair11           number=0 rank=  4 frozen=false
mp2_pair21           number=1 rank=  0 frozen=true
mp2_pair22           number=2 rank=  4 frozen=false
number of pairs=3
average rank   =2 (2.66667e+00)
largest rank   =4
saving vector of functions mp2_pair11
saving vector of functions mp2_pair22
timer:                        save pnos on disc     0.18s     0.18s 
PNOPairs Memory Information
Total: 0.03369 GB 
PNO  : 0.00990 GB 
KPNO : 0.00990 GB 
W    : 0.01390 GB 

timer:                                 truncate     0.03s     0.03s 
timer:      compute densities for G application     0.00s     0.00s 
pair21 is frozen: no optimization
timer:                Prepare for G application     0.42s     0.42s 
timer:                                    add K     0.02s     0.02s 
size of all Vpsi potentials (without Vnuc and J) 0.01447 GB 
time=145.93861 chunk=8 Vpsi+Vnuc+J=0.03377 GB
time=145.99964 chunk=8 Vpsi+Vnuc+J=0.03198 GB (after truncation)
timer:                           Apply G to all     2.47s     2.47s 
timer:                       apply Q and update     0.00s     0.00s 
mp2_pair11 residual norms:
[0.03395, 0.01543, 0.01543, 0.01979]
mp2_pair11 scaled residual norms:
[0.00200, 0.00095, 0.00095, 0.00462]
mp2_pair22 residual norms:
[0.03611, 0.01744, 0.01744, 0.01906]
mp2_pair22 scaled residual norms:
[0.00210, 0.00106, 0.00106, 0.00471]
timer:                          update all PNOs     2.91s     2.91s 
frozen pair: no orthonormalization
timer:                                     RRCD     0.05s     0.05s 
timer:                             MRA compress     0.00s     0.00s 
timer:                          Transform Pairs     0.14s     0.14s 
saving vector of functions mp2_pair11
saving vector of functions mp2_pair22
timer:                        save pnos on disc     0.24s     0.24s 


No convergence yet. Energy change = 0.00064

timer:                        Whole Iteration 4    10.99s    10.99s 
Information About All Pairs:
mp2_pair11           number=0 rank=  4 frozen=false
mp2_pair21           number=1 rank=  0 frozen=true
mp2_pair22           number=2 rank=  4 frozen=false
number of pairs=3
average rank   =2 (2.66667)
largest rank   =4
PNOPairs Memory Information
Total: 0.01047 GB 
PNO  : 0.01047 GB 
KPNO : 0.00000 GB 
W    : 0.00000 GB 

timer:                                 truncate     0.04s     0.04s 
wall time=151.80479 chunk=8 allK.size()=8 memory=0.00990 GB
timer:                             compute KPNO     3.50s     3.50s 
wall time=152.00261 chunk=8 allJ.size()=8 memory=0.01137 GB
timer:                             compute JPNO     0.20s     0.20s 
timer:                    compute Fock matrices     1.24s     1.24s 
timer:                             MRA compress     0.00s     0.00s 
timer:                          Transform Pairs     0.26s     0.26s 
timer:                             Canonicalize     0.26s     0.26s 
PNOPairs Memory Information
Total: 0.02036 GB 
PNO  : 0.01047 GB 
KPNO : 0.00990 GB 
W    : 0.00000 GB 

timer:                                 truncate     0.03s     0.03s 
mp2_pair21 is frozen: potential not computed
timer:                   Fluctuation Potentials     1.86s     1.86s 
timer:                       Fluctuation Matrix     0.15s     0.15s 
PNOPairs Memory Information
Total: 0.03426 GB 
PNO  : 0.01047 GB 
KPNO : 0.00990 GB 
W    : 0.01390 GB 

PNOPairs Memory Information
Total: 0.03426 GB 
PNO  : 0.01047 GB 
KPNO : 0.00990 GB 
W    : 0.01390 GB 

timer:                                 truncate     0.07s     0.07s 
timer:                             PNO Overlaps     0.08s     0.08s 
t_iter =  0  Hylleraas energy =  0.00000  ||R||_F =  0.24537  conv =  no
subspace solution [*]   1.00000000

t_iter =  1  Hylleraas energy =  -0.06125  ||R||_F =  0.00000  conv =  yes
=======================================================

Hylleraas MP2 Energies

=======================================================
    i    j      singlet      triplet        Total
=======================================================
    1    1  -3.00763e-02  0.00000e+00 -3.00763e-02
    2    1   0.00000e+00  0.00000e+00  0.00000e+00
    2    2  -3.11699e-02  0.00000e+00 -3.11699e-02
=======================================================
Hylleraas MP2 Energies (singlet): -6.12462e-02
Hylleraas MP2 Energies (triplet):  0.00000e+00
Hylleraas MP2 Energies (total)  : -6.12462e-02
=======================================================
-------------------------------------------
Total Reg Energy  =-6.12462e-02
Total F12 Energy  = 0.00000e+00
Sum Energies Total=-6.12462e-02
-------------------------------------------
timer:                         Solve Amplitudes     0.00s     0.00s 
pair11: density evals:
 [*]   0.00338127   0.00371696   0.00371696   0.05372111

pair22: density evals:
 [*]   0.00332567   0.00361204   0.00361204   0.06038392

timer:                            compress PNOs     0.00s     0.00s 
timer:                             MRA compress     0.00s     0.00s 
timer:                          Transform Pairs     0.61s     0.61s 
timer:                          PNO Compression     0.61s     0.61s 
Information About All Pairs:
mp2_pair11           number=0 rank=  4 frozen=false
mp2_pair21           number=1 rank=  0 frozen=true
mp2_pair22           number=2 rank=  4 frozen=false
number of pairs=3
average rank   =2 (2.66667e+00)
largest rank   =4
saving vector of functions mp2_pair11
saving vector of functions mp2_pair22
timer:                        save pnos on disc     0.46s     0.46s 
PNOPairs Memory Information
Total: 0.03426 GB 
PNO  : 0.01047 GB 
KPNO : 0.00990 GB 
W    : 0.01390 GB 

timer:                                 truncate     0.07s     0.07s 
timer:      compute densities for G application     0.00s     0.00s 
pair21 is frozen: no optimization
timer:                Prepare for G application     0.27s     0.27s 
timer:                                    add K     0.03s     0.03s 
size of all Vpsi potentials (without Vnuc and J) 0.01447 GB 
time=157.64306 chunk=8 Vpsi+Vnuc+J=0.03426 GB
time=157.69638 chunk=8 Vpsi+Vnuc+J=0.03255 GB (after truncation)
timer:                           Apply G to all     2.27s     2.27s 
timer:                       apply Q and update     0.00s     0.00s 
mp2_pair11 residual norms:
[0.02159, 0.00895, 0.00895, 0.00957]
mp2_pair11 scaled residual norms:
[0.00126, 0.00055, 0.00055, 0.00222]
mp2_pair22 residual norms:
[0.02296, 0.01064, 0.01064, 0.00924]
mp2_pair22 scaled residual norms:
[0.00132, 0.00064, 0.00064, 0.00227]
timer:                          update all PNOs     2.58s     2.58s 
frozen pair: no orthonormalization
timer:                                     RRCD     0.04s     0.04s 
timer:                             MRA compress     0.00s     0.00s 
timer:                          Transform Pairs     0.08s     0.08s 
saving vector of functions mp2_pair11
saving vector of functions mp2_pair22
timer:                        save pnos on disc     0.30s     0.30s 


No convergence yet. Energy change = 0.00016

timer:                        Whole Iteration 5    11.59s    11.59s 
Information About All Pairs:
mp2_pair11           number=0 rank=  4 frozen=false
mp2_pair21           number=1 rank=  0 frozen=true
mp2_pair22           number=2 rank=  4 frozen=false
number of pairs=3
average rank   =2 (2.66667)
largest rank   =4
PNOPairs Memory Information
Total: 0.01047 GB 
PNO  : 0.01047 GB 
KPNO : 0.00000 GB 
W    : 0.00000 GB 

timer:                                 truncate     0.05s     0.05s 
wall time=163.42051 chunk=8 allK.size()=8 memory=0.00990 GB
timer:                             compute KPNO     3.51s     3.51s 
wall time=163.55525 chunk=8 allJ.size()=8 memory=0.01145 GB
timer:                             compute JPNO     0.13s     0.13s 
timer:                    compute Fock matrices     1.13s     1.13s 
timer:                             MRA compress     0.00s     0.00s 
timer:                          Transform Pairs     0.30s     0.30s 
timer:                             Canonicalize     0.30s     0.30s 
PNOPairs Memory Information
Total: 0.02036 GB 
PNO  : 0.01047 GB 
KPNO : 0.00990 GB 
W    : 0.00000 GB 

timer:                                 truncate     0.06s     0.06s 
mp2_pair21 is frozen: potential not computed
timer:                   Fluctuation Potentials     1.82s     1.82s 
timer:                       Fluctuation Matrix     0.10s     0.10s 
PNOPairs Memory Information
Total: 0.03426 GB 
PNO  : 0.01047 GB 
KPNO : 0.00990 GB 
W    : 0.01390 GB 

PNOPairs Memory Information
Total: 0.03426 GB 
PNO  : 0.01047 GB 
KPNO : 0.00990 GB 
W    : 0.01390 GB 

timer:                                 truncate     0.03s     0.03s 
timer:                             PNO Overlaps     0.12s     0.12s 
t_iter =  0  Hylleraas energy =  0.00000  ||R||_F =  0.24658  conv =  no
subspace solution [*]   1.00000000

t_iter =  1  Hylleraas energy =  -0.06129  ||R||_F =  0.00000  conv =  yes
=======================================================

Hylleraas MP2 Energies

=======================================================
    i    j      singlet      triplet        Total
=======================================================
    1    1  -3.00996e-02  0.00000e+00 -3.00996e-02
    2    1   0.00000e+00  0.00000e+00  0.00000e+00
    2    2  -3.11930e-02  0.00000e+00 -3.11930e-02
=======================================================
Hylleraas MP2 Energies (singlet): -6.12926e-02
Hylleraas MP2 Energies (triplet):  0.00000e+00
Hylleraas MP2 Energies (total)  : -6.12926e-02
=======================================================
-------------------------------------------
Total Reg Energy  =-6.12926e-02
Total F12 Energy  = 0.00000e+00
Sum Energies Total=-6.12926e-02
-------------------------------------------
timer:                         Solve Amplitudes     0.00s     0.00s 
pair11: density evals:
 [*]   0.00334046   0.00368957   0.00368957   0.05334347

pair22: density evals:
 [*]   0.00328117   0.00358111   0.00358111   0.05997858

timer:                            compress PNOs     0.00s     0.00s 
timer:                             MRA compress     0.00s     0.00s 
timer:                          Transform Pairs     0.40s     0.40s 
timer:                          PNO Compression     0.40s     0.40s 
Information About All Pairs:
mp2_pair11           number=0 rank=  4 frozen=false
mp2_pair21           number=1 rank=  0 frozen=true
mp2_pair22           number=2 rank=  4 frozen=false
number of pairs=3
average rank   =2 (2.66667e+00)
largest rank   =4
saving vector of functions mp2_pair11
saving vector of functions mp2_pair22
timer:                        save pnos on disc     0.34s     0.34s 
PNOPairs Memory Information
Total: 0.03426 GB 
PNO  : 0.01047 GB 
KPNO : 0.00990 GB 
W    : 0.01390 GB 

timer:                                 truncate     0.05s     0.05s 
timer:      compute densities for G application     0.00s     0.00s 
pair21 is frozen: no optimization
timer:                Prepare for G application     0.35s     0.35s 
timer:                                    add K     0.03s     0.03s 
size of all Vpsi potentials (without Vnuc and J) 0.01447 GB 
time=168.89320 chunk=8 Vpsi+Vnuc+J=0.03426 GB
time=168.97990 chunk=8 Vpsi+Vnuc+J=0.03255 GB (after truncation)
timer:                           Apply G to all     2.40s     2.40s 
timer:                       apply Q and update     0.00s     0.00s 
mp2_pair11 residual norms:
[0.01357, 0.00570, 0.00570, 0.00473]
mp2_pair11 scaled residual norms:
[0.00078, 0.00035, 0.00035, 0.00109]
mp2_pair22 residual norms:
[0.01473, 0.00701, 0.00701, 0.00458]
mp2_pair22 scaled residual norms:
[0.00084, 0.00042, 0.00042, 0.00112]
timer:                          update all PNOs     2.79s     2.79s 
frozen pair: no orthonormalization
timer:                                     RRCD     0.04s     0.04s 
timer:                             MRA compress     0.00s     0.00s 
timer:                          Transform Pairs     0.06s     0.06s 
saving vector of functions mp2_pair11
saving vector of functions mp2_pair22
timer:                        save pnos on disc     0.37s     0.37s 


CONVERGED!
energy change = 0.00005

re-entering loop to compute the correct amplitudes and energies
timer:                        Whole Iteration 6    11.34s    11.34s 
Information About All Pairs:
mp2_pair11           number=0 rank=  4 frozen=false
mp2_pair21           number=1 rank=  0 frozen=true
mp2_pair22           number=2 rank=  4 frozen=false
number of pairs=3
average rank   =2 (2.66667)
largest rank   =4
PNOPairs Memory Information
Total: 0.01039 GB 
PNO  : 0.01039 GB 
KPNO : 0.00000 GB 
W    : 0.00000 GB 

timer:                                 truncate     0.04s     0.04s 
wall time=174.66476 chunk=8 allK.size()=8 memory=0.00998 GB
timer:                             compute KPNO     3.43s     3.43s 
wall time=174.78666 chunk=8 allJ.size()=8 memory=0.01137 GB
timer:                             compute JPNO     0.12s     0.12s 
timer:                    compute Fock matrices     1.19s     1.19s 
timer:                             MRA compress     0.00s     0.00s 
timer:                          Transform Pairs     0.23s     0.23s 
timer:                             Canonicalize     0.23s     0.23s 
PNOPairs Memory Information
Total: 0.02036 GB 
PNO  : 0.01039 GB 
KPNO : 0.00998 GB 
W    : 0.00000 GB 

timer:                                 truncate     0.04s     0.04s 
mp2_pair21 is frozen: potential not computed
timer:                   Fluctuation Potentials     1.80s     1.80s 
timer:                       Fluctuation Matrix     0.11s     0.11s 
PNOPairs Memory Information
Total: 0.03426 GB 
PNO  : 0.01039 GB 
KPNO : 0.00998 GB 
W    : 0.01390 GB 

PNOPairs Memory Information
Total: 0.03426 GB 
PNO  : 0.01039 GB 
KPNO : 0.00998 GB 
W    : 0.01390 GB 

timer:                                 truncate     0.03s     0.03s 
timer:                             PNO Overlaps     0.02s     0.02s 
t_iter =  0  Hylleraas energy =  0.00000  ||R||_F =  0.24722  conv =  no
subspace solution [*]   1.00000000

t_iter =  1  Hylleraas energy =  -0.06131  ||R||_F =  0.00000  conv =  yes
=======================================================

Hylleraas MP2 Energies

=======================================================
    i    j      singlet      triplet        Total
=======================================================
    1    1  -3.01050e-02  0.00000e+00 -3.01050e-02
    2    1   0.00000e+00  0.00000e+00  0.00000e+00
    2    2  -3.12006e-02  0.00000e+00 -3.12006e-02
=======================================================
Hylleraas MP2 Energies (singlet): -6.13056e-02
Hylleraas MP2 Energies (triplet):  0.00000e+00
Hylleraas MP2 Energies (total)  : -6.13056e-02
=======================================================
-------------------------------------------
Total Reg Energy  =-6.13056e-02
Total F12 Energy  = 0.00000e+00
Sum Energies Total=-6.13056e-02
-------------------------------------------
timer:                         Solve Amplitudes     0.00s     0.00s 
pair11: density evals:
 [*]   0.00331274   0.00367319   0.00367319   0.05315108

pair22: density evals:
 [*]   0.00325275   0.00356187   0.00356187   0.05977958

timer:                            compress PNOs     0.00s     0.00s 
timer:                             MRA compress     0.00s     0.00s 
timer:                          Transform Pairs     0.49s     0.49s 
timer:                          PNO Compression     0.49s     0.49s 
Information About All Pairs:
mp2_pair11           number=0 rank=  4 frozen=false
mp2_pair21           number=1 rank=  0 frozen=true
mp2_pair22           number=2 rank=  4 frozen=false
number of pairs=3
average rank   =2 (2.66667e+00)
largest rank   =4
saving vector of functions mp2_pair11
saving vector of functions mp2_pair22
timer:                        save pnos on disc     0.41s     0.41s 
exiting: Iterations converged
PNO ranks:
PNO Rank for pair pair11 = 4
PNO Rank for pair pair21 = 0
PNO Rank for pair pair22 = 4
average rank 2.66667e+00
timer:                               PNO::solve    78.09s    78.09s 

--------------------------------
ITERATE-PAIRS-INTERNAL-ENDED
--------------------------------
mp2_pair21 converged!


Adaptive Sovler:
 Current Energy=-6.1305577201e-02
 DeltaE        =-6.1305577201e-02
 max dE (pair) =-3.1200604547e-02 (2)
 all_pairs_conv=false




not converged yet

freeze pair mp2_pair21 (not further optimized: Energy below 1.0000000000e-05)
Maximum Rank of4 reached for all non-frozen pairs, no need to iterate further=======================================================

Final MP2 Energies

=======================================================
    i    j      singlet      triplet        Total
=======================================================
    1    1  -3.01050e-02  0.00000e+00 -3.01050e-02
    2    1   0.00000e+00  0.00000e+00  0.00000e+00
    2    2  -3.12006e-02  0.00000e+00 -3.12006e-02
=======================================================
Final MP2 Energies (singlet): -6.13056e-02
Final MP2 Energies (triplet):  0.00000e+00
Final MP2 Energies (total)  : -6.13056e-02
=======================================================
-------------------------------------------
Total Reg Energy  =-6.13056e-02
Total F12 Energy  = 0.00000e+00
Sum Energies Total=-6.13056e-02
-------------------------------------------
Average | Max Rank: 2 | 4



--------------------------------------------------
MRA-PNO-MP2-F12 ended 
--------------------------------------------------
                 time scf = 9.38803e+01
               energy scf = -1.54997e+01
--------------------------------------------------
restarting PNO to reload pairs that converged before and were frozen
PNO Parameters
pno
       rank_increase  15         # default   maximum rank to increase in every macroiteration
               chunk  100        # default   chunk of functions operated on in parallel when G or K is applied (prevent memory shortage)
               debug  false      # default   debug mode
              freeze  1          # derived   frozen core approximation
             maxrank  4          # defined   maximal pno rank for all pairs
           guesstype  exop       # derived   the guesstype: exop (recommended, multiply polynomial excitation operators onto the occupied orbitals), empty (don't compute a guess), scf (use the ao basis from the SCF solver), partial_wave (create s,p,d ..., type functions and place on atoms), predefined (same as partial_wave but for predefined sets)
                exop  multipole  # derived   this string defines which excitation operators can be used, use 'dipole', 'dipole+', 'quadrupole', 'ocopole', or 'multipole', need to set guesstype to 'exop' which is the default
          exop_trigo  true       # default   use trigonometric excitation operators ( x --> sin(x)
        partial_wave             # default   atom centered partial wave guess of format like 'h-2s1p-o-3s2p1d', need to set guesstype to 'partial_wave' and adaptive_solver to 'none'
          predefined             # default   predefined partial wave guesses of type pvxz with x=d,t,q,5,6, need to set guesstype to 'predefined' and adaptive_solver to 'none'
           maxiter_t  100        # default   maximal number of iterations in the amplitude solver
       maxiter_micro  10         # default   Maximum of iterations for every cycle in the adaptive solver
       maxiter_macro  10         # default   Maximum of iterations of cycles in the adaptive solver
                tpno  1.0000e-08 # default   PNO cutoff threshold
          tpno_tight  1.0000e-10 # derived   PNO cutoff for the first iteration
    canonicalize_pno  true       # default   canonicalize the pnos before the amplitude solver
              thresh  1.0000e-04 # defined   MRA threshold
         econv_micro  1.0000e-04 # derived   Energy convergence for microiterations (Greens function based optimization) in adaptive solver
         econv_pairs  1.0000e-05 # derived   ENergy convergence for individual pairs in adaptive solver. Converged pairs are frozen automatically
         econv_macro  1.0000e-04 # derived   Energy convergence for macroiterations in adaptive solver, no effect if adaptive_solver is deactivated
               dconv  1.0000e-01 # default   convergence of every PNO in the Green's function solver
           op_thresh  1.0000e-06 # default   MRA operator thresh
             restart  all        # defined   restart pairs of this type, use 'mp2', 'cispd', 'all' or 'none'
          no_compute  none       # default   do not compute the pairs of this type, use 'mp2', 'cispd', 'all' or 'none'
              no_opt  all        # defined   do not optimize the pnos of this type, use 'mp2', 'cispd', 'all' or 'none'
            no_guess  all        # defined   guess for this type will be empty, use 'mp2', 'cispd', 'all' or 'none'
     adaptive_solver  none       # defined   Use adaptive solver for those pairs, use 'mp2', 'cispd', 'all' or 'none', works only in combination with guesstype 'exop'
                kain  true       # default   use KAIN solver in amplitude solver
       kain_subspace  5          # default   subspace size of the KAIN solver (amplitudes)
                 f12  false      # defined   use explicit correlation
        cispd_number  -1         # default   CIS(D) excitation numbers, to read in correct functions
        cispd_energy  0.0000e+00 # default   CIS energy
        freeze_pairs  none       # default   frozen pairs will not be optimized: Expected format 'a b c d' will freeze pairs ab and cd
freeze_pairs_of_orbital  []         # default    All pairs which originate from this orbital will not be optimized
active_pairs_of_orbital  []         # default    All pairs which originate from this orbital will not be frozen all other pairs will, if this vector is not empty
no_opt_in_first_iteration  false      # default   Do not optimize in the first iteration (then the potentials do not have to be evaluated, use this for large guesses)
            exchange  full       # default   approximate exchange with 'neglect' or xc functional -> same syntax as moldft
           save_pnos  true       # default   Save the OBS-PNOs to a file, before and after orthonormalization.
            diagonal  true       # defined   Compute only diagonal PNOs

end

**********************
Solve PNO-MP2
*********************


**********************
Iterate Pairs
*********************


************************
Standard Solver
***********************

Initializing Pairs:
Restart demanded for mp2 pairs
loading vector of functions mp2_pair11
Found PNOs for mp2_pair11 with rank 4
loading vector of functions mp2_pair21
failed to find PNO mp2_pair21 initialize as zero function
nloading vector of functions mp2_pair22
Found PNOs for mp2_pair22 with rank 4
no guess was explicitly demanded for mp2

timer:                                     RRCD     0.06s     0.06s 
timer:                             MRA compress     0.00s     0.00s 
timer:                          Transform Pairs     0.19s     0.19s 
timer:          apply Q and orthonormalize PNOs     0.49s     0.49s 
Created Guess:
pair11 with 4 guess functions
pair21 with 0 guess functions
pair22 with 4 guess functions
guess pair11 size: 5.0702095032e-03 | 5.0702095032e-03 Gbyte (after truncation)
guess pair22 size: 5.3155422211e-03 | 5.3155422211e-03 Gbyte (after truncation)
timer:                           truncate guess     0.08s     0.08s 
timer:                         Initialize Pairs     0.60s     0.60s 
Information About All Pairs:
mp2_pair11           number=0 rank=  4 frozen=false
mp2_pair21           number=1 rank=  0 frozen=true
mp2_pair22           number=2 rank=  4 frozen=false
number of pairs=3
average rank   =2 (2.6666666667e+00)
largest rank   =4
SolveInternal: Parameters are assigned as
no_compute        = false
no_opt            = true
restart           = true
do_cispd          = false
econv             =1.0000000000e-04
maxrank (min,max) = (4,4)
Solving MP2 doubles
timer:          fock matrix     2.64s     2.64s
Information About All Pairs:
mp2_pair11           number=0 rank=  4 frozen=false
mp2_pair21           number=1 rank=  0 frozen=true
mp2_pair22           number=2 rank=  4 frozen=false
number of pairs=3
average rank   =2 (2.6666666667e+00)
largest rank   =4
PNOPairs Memory Information
Total: 0.0103857517 GB 
PNO  : 0.0103857517 GB 
KPNO : 0.0000000000 GB 
W    : 0.0000000000 GB 

timer:                                 truncate     0.04s     0.04s 
wall time=185.8734028339 chunk=8 allK.size()=8 memory=0.0099768639 GB
timer:                             compute KPNO     3.43s     3.43s 
wall time=186.1026618481 chunk=8 allJ.size()=8 memory=0.0113670826 GB
timer:                             compute JPNO     0.23s     0.23s 
timer:                    compute Fock matrices     1.09s     1.09s 
timer:                             MRA compress     0.00s     0.00s 
timer:                          Transform Pairs     0.21s     0.21s 
timer:                             Canonicalize     0.21s     0.21s 
PNOPairs Memory Information
Total: 0.0203626156 GB 
PNO  : 0.0103857517 GB 
KPNO : 0.0099768639 GB 
W    : 0.0000000000 GB 

timer:                                 truncate     0.05s     0.05s 
mp2_pair21 is frozen: potential not computed
timer:                   Fluctuation Potentials     1.77s     1.77s 
timer:                       Fluctuation Matrix     0.14s     0.14s 
PNOPairs Memory Information
Total: 0.0342648029 GB 
PNO  : 0.0103857517 GB 
KPNO : 0.0099768639 GB 
W    : 0.0139021873 GB 

PNOPairs Memory Information
Total: 0.0342648029 GB 
PNO  : 0.0103857517 GB 
KPNO : 0.0099768639 GB 
W    : 0.0139021873 GB 

timer:                                 truncate     0.07s     0.07s 
timer:                             PNO Overlaps     0.07s     0.07s 
t_iter =  0  Hylleraas energy =  0.0000000000  ||R||_F =  0.2472239413  conv =  no
subspace solution [*]   1.00000000

t_iter =  1  Hylleraas energy =  -0.0613057414  ||R||_F =  0.0000007503  conv =  yes
=======================================================

Hylleraas MP2 Energies

=======================================================
    i    j      singlet      triplet        Total
=======================================================
    1    1  -3.01051e-02  0.00000e+00 -3.01051e-02
    2    1   0.00000e+00  0.00000e+00  0.00000e+00
    2    2  -3.12006e-02  0.00000e+00 -3.12006e-02
=======================================================
Hylleraas MP2 Energies (singlet): -6.13057e-02
Hylleraas MP2 Energies (triplet):  0.00000e+00
Hylleraas MP2 Energies (total)  : -6.13057e-02
=======================================================
-------------------------------------------
Total Reg Energy  =-6.13057e-02
Total F12 Energy  = 0.00000e+00
Sum Energies Total=-6.13057e-02
-------------------------------------------
timer:                         Solve Amplitudes     0.00s     0.00s 
No optimization untill now: Compressing pno ranks with tighter threshold
1.00000e-10 instead of 1.00000e-08
pair11: density evals:
 [*]   0.00331274   0.00367319   0.00367319   0.05315151

pair22: density evals:
 [*]   0.00325274   0.00356187   0.00356187   0.05977972

timer:                            compress PNOs     0.00s     0.00s 
timer:                             MRA compress     0.00s     0.00s 
timer:                          Transform Pairs     0.40s     0.40s 
timer:                          PNO Compression     0.41s     0.41s 
Information About All Pairs:
mp2_pair11           number=0 rank=  4 frozen=false
mp2_pair21           number=1 rank=  0 frozen=true
mp2_pair22           number=2 rank=  4 frozen=false
number of pairs=3
average rank   =2 (2.66667e+00)
largest rank   =4
saving vector of functions mp2_pair11
saving vector of functions mp2_pair22
timer:                        save pnos on disc     0.33s     0.33s 
exiting: Found no_opt keyword
PNO ranks:
PNO Rank for pair pair11 = 4
PNO Rank for pair pair21 = 0
PNO Rank for pair pair22 = 4
average rank 2.66667e+00
timer:                               PNO::solve    10.51s    10.51s 

--------------------------------
ITERATE-PAIRS-INTERNAL-ENDED
--------------------------------
=======================================================

Final MP2 Energies

=======================================================
    i    j      singlet      triplet        Total
=======================================================
    1    1  -3.01051e-02  0.00000e+00 -3.01051e-02
    2    1   0.00000e+00  0.00000e+00  0.00000e+00
    2    2  -3.12006e-02  0.00000e+00 -3.12006e-02
=======================================================
Final MP2 Energies (singlet): -6.13057e-02
Final MP2 Energies (triplet):  0.00000e+00
Final MP2 Energies (total)  : -6.13057e-02
=======================================================
-------------------------------------------
Total Reg Energy  =-6.13057e-02
Total F12 Energy  = 0.00000e+00
Sum Energies Total=-6.13057e-02
-------------------------------------------
Average | Max Rank: 2 | 4
                 time pno = 8.47652e+01
               energy mp2 = -6.13057e-02
     average pno rank mp2 = 2
         max pno rank mp2 = 4
--------------------------------------------------
            energy(total) = -1.55610e+01
--------------------------------------------------



Orthonormalization technique used: symmetric
No CABS used.
Tightening thresholds to +0.00010000 for post-processing
Overlap Matrix of all PNOs:
+1.00000266 +0.47912002 +0.00000000 +0.00000000 -0.00000000 +0.00000000 -0.24461578 -0.00000079 
+0.47912002 +1.00001158 -0.00000000 -0.00000000 +0.00000000 -0.00000000 +0.00000427 +0.23834567 
+0.00000000 -0.00000000 +1.00000000 -0.00000000 +0.11066890 +0.00590957 +0.00000000 -0.00000000 
+0.00000000 -0.00000000 -0.00000000 +1.00000000 +0.00590957 -0.11066890 +0.00000000 -0.00000000 
-0.00000000 +0.00000000 +0.11066890 +0.00590957 +1.00000000 +0.00000000 +0.00000000 -0.00000000 
+0.00000000 -0.00000000 +0.00590957 -0.11066890 +0.00000000 +1.00000000 -0.00000000 +0.00000000 
-0.24461578 +0.00000427 +0.00000000 +0.00000000 +0.00000000 -0.00000000 +0.99999689 +0.02400517 
-0.00000079 +0.23834567 -0.00000000 -0.00000000 -0.00000000 +0.00000000 +0.02400517 +0.99999914 
Before cherry pick
rank is +0
all used occupation numbers:
[+0.05977972 +0.05315151 +0.00367319 +0.00367319 +0.00356187 +0.00356187 +0.00331274 +0.00325274 ]
corresponding to active pairs:
[(1,1) (0,0) (0,0) (0,0) (1,1) (1,1) (0,0) (1,1) ]
After cherry pick
all used occupation numbers:
[+0.05977972 +0.05315151 +0.00367319 +0.00367319 +0.00356187 +0.00356187 +0.00331274 +0.00325274 ]
corresponding to active pairs:
[(1,1) (0,0) (0,0) (0,0) (1,1) (1,1) (0,0) (1,1) ]
Overlap Matrix before symmetric
[+0,*]  +1.00000266  +0.47912002  +0.00000000  +0.00000000  -0.00000000  +0.00000000  -0.24461578  -0.00000079
[+1,*]  +0.47912002  +1.00001158  -0.00000000  -0.00000000  +0.00000000  -0.00000000  +0.00000427  +0.23834567
[+2,*]  +0.00000000  -0.00000000  +1.00000000  -0.00000000  +0.11066890  +0.00590957  +0.00000000  -0.00000000
[+3,*]  +0.00000000  -0.00000000  -0.00000000  +1.00000000  +0.00590957  -0.11066890  +0.00000000  -0.00000000
[+4,*]  -0.00000000  +0.00000000  +0.11066890  +0.00590957  +1.00000000  +0.00000000  +0.00000000  -0.00000000
[+5,*]  +0.00000000  -0.00000000  +0.00590957  -0.11066890  +0.00000000  +1.00000000  -0.00000000  +0.00000000
[+6,*]  -0.24461578  +0.00000427  +0.00000000  +0.00000000  +0.00000000  -0.00000000  +0.99999689  +0.02400517
[+7,*]  -0.00000079  +0.23834567  -0.00000000  -0.00000000  -0.00000000  +0.00000000  +0.02400517  +0.99999914
Overlap Matrix after symmetric
[+0,*]  +1.00000001  -0.00000001  -0.00000000  +0.00000000  -0.00000000  +0.00000000  -0.00000000  +0.00000000
[+1,*]  -0.00000001  +1.00000001  +0.00000000  -0.00000000  +0.00000000  +0.00000000  -0.00000000  -0.00000000
[+2,*]  -0.00000000  +0.00000000  +1.00000000  +0.00000000  +0.00000000  -0.00000000  +0.00000000  +0.00000000
[+3,*]  +0.00000000  -0.00000000  +0.00000000  +1.00000000  -0.00000000  -0.00000000  -0.00000000  +0.00000000
[+4,*]  -0.00000000  +0.00000000  +0.00000000  -0.00000000  +1.00000000  -0.00000000  +0.00000000  +0.00000000
[+5,*]  +0.00000000  +0.00000000  -0.00000000  -0.00000000  -0.00000000  +1.00000000  +0.00000000  -0.00000000
[+6,*]  -0.00000000  -0.00000000  +0.00000000  -0.00000000  +0.00000000  +0.00000000  +1.00000000  +0.00000000
[+7,*]  +0.00000000  -0.00000000  +0.00000000  +0.00000000  +0.00000000  -0.00000000  +0.00000000  +1.00000000
Adding 3 HF orbitals
Size before adding CABS: 11.
Size after adding CABS: 11.
Compute G and F Tensor:
Assemble g,f using symmetries...
non zero elements:
 g : +24703
 h : +61
Overlap over whole basis
[+0,*]  +1.00000000  -0.00000015  +0.00000007  -0.00000188  -0.00001772  +0.00000000  +0.00000000  +0.00000000  -0.00000000  -0.00001718  +0.00000632
[+1,*]  -0.00000015  +1.00000000  -0.00000008  +0.00000023  +0.00000235  -0.00000000  -0.00000000  -0.00000000  +0.00000000  +0.00000221  -0.00000083
[+2,*]  +0.00000007  -0.00000008  +1.00000000  -0.00000028  -0.00000230  +0.00000000  +0.00000000  +0.00000000  -0.00000000  -0.00000237  +0.00000084
[+3,*]  -0.00000188  +0.00000023  -0.00000028  +1.00000001  -0.00000001  -0.00000000  +0.00000000  -0.00000000  +0.00000000  -0.00000000  +0.00000000
[+4,*]  -0.00001772  +0.00000235  -0.00000230  -0.00000001  +1.00000001  +0.00000000  +0.00000000  -0.00000000  +0.00000000  -0.00000000  -0.00000000
[+5,*]  +0.00000000  -0.00000000  +0.00000000  -0.00000000  +0.00000000  +1.00000000  +0.00000000  +0.00000000  -0.00000000  +0.00000000  +0.00000000
[+6,*]  +0.00000000  -0.00000000  +0.00000000  +0.00000000  +0.00000000  +0.00000000  +1.00000000  -0.00000000  -0.00000000  +0.00000000  +0.00000000
[+7,*]  +0.00000000  -0.00000000  +0.00000000  -0.00000000  -0.00000000  +0.00000000  -0.00000000  +1.00000000  -0.00000000  +0.00000000  +0.00000000
[+8,*]  -0.00000000  +0.00000000  -0.00000000  +0.00000000  +0.00000000  -0.00000000  -0.00000000  -0.00000000  +1.00000000  +0.00000000  -0.00000000
[+9,*]  -0.00001718  +0.00000221  -0.00000237  -0.00000000  -0.00000000  +0.00000000  +0.00000000  +0.00000000  +0.00000000  +1.00000000  +0.00000000
[+10,*]  +0.00000632  -0.00000083  +0.00000084  +0.00000000  -0.00000000  +0.00000000  +0.00000000  +0.00000000  -0.00000000  +0.00000000  +1.00000000

||S-1||=+0.00003675
finished at time 349.8

    Parallel environment
    --------------------
                  #nodes    1
       #threads per node    11+main = 12
          #total threads    12

  RMI message statistics (min / avg / max)
  ----------------------
   #messages in server q    0.00e+00 / 0.00e+00 / 0.00e+00
 #messages sent per node    0.00e+00 / 0.00e+00 / 0.00e+00
    #bytes sent per node    0.00e+00 / 0.00e+00 / 0.00e+00
 #messages recv per node    0.00e+00 / 0.00e+00 / 0.00e+00
    #bytes recv per node    0.00e+00 / 0.00e+00 / 0.00e+00
        #msgs systemwide    0.00e+00
       #bytes systemwide    0.00e+00

  Thread pool statistics (min / avg / max)
  ----------------------
         #tasks per node    2.21e+07 / 2.21e+07 / 2.21e+07
     #max q len per node    1.98e+04 / 1.98e+04 / 1.98e+04
  #hi-pri tasks per node    6.35e+06 / 6.35e+06 / 6.35e+06

         Total wall time    349.7s
         Total  cpu time    349.7s

