MADNESS runtime initialized with 11 threads in the pool and affinity -1 -1 -1
starting at time 0.0

--------------------------------------------
   MADNESS 0.10.1 multiresolution suite
--------------------------------------------

   number of processors ... 1
    processor frequency ... 3.695914e+09
            host system ... Linux
          configured by ... kottmann
          configured on ... wittgenstein
          configured at ... 2021-02-10T21:25:26
                    CXX ... /usr/bin/c++
               CXXFLAGS ... -O3 -DNDEBUG -I/h/28/kottmann/install/numcpp/include/ -I/h/28/kottmann/install/boost/boost_1_72_0/include/ -std=c++1z
             tuning for ... default
                    MPI ... multiple
 multi-threaded runtime ... MADNESS ThreadPool
                   BLAS ... Intel MKL 46532 46532 MFLOP/s
               compiled ... 13:08:26  on  Feb 23 2021


-------------------------------------------------------------------------------------
SOLVING MRA-PNO-F12 as described in 
J.S. Kottmann, F.A. Bischoff, E.F. Valeev
Direct determination of optimal pair-natural orbitals in a real-space representation:
the second-order Møller-Plesset energy
Journal of Chemical Physics ... 2020
-------------------------------------------------------------------------------------


This script will run PNO-MP2 and print out tensors in binary
Call as: pno_integrals inputfileinput is input
ignoring unknown parameter in input file:  ncf

Angstrom being used to read input coordinates (1 Bohr = 1.88972613 Angstrom)


Asymptotic correction parameters
---------------------------------------
Atom vector is not empty: false
Using multipole approximation: false
Number of electrons = -1
Ionisation energy = 0.000000e+00
E(HOMO) = 0.000000e+00
R1 = 3.000000e+00
R2 = 4.000000e+00
DFT coefficient = 0.000000e+00
Interpolation scheme = linear
constructed symmetry operator for point group C1
dft
              charge  0.0000e+00 # defined   total molecular charge
                  xc  hf         # defined   XC input line
               smear  0.0000e+00 # default   smearing parameter
               econv  1.0000e-04 # defined   energy convergence
               dconv  5.0000e-04 # defined   density convergence
convergence_criteria  [bsh_residual, total_energy] # default   possible values are: bsh_residual, total_energy, each_energy, density
                   k  7          # defined   polynomial order
                   l  5.3339e+01 # derived   user coordinates box size
               deriv  abgv       # default   derivative method                            [abgv, bspline, ble]
           dft_deriv  abgv       # default   derivative method for gga potentials         [abgv, bspline, ble]
             maxrotn  2.5000e-01 # default   step restriction used in autoshift algorithm
             nvalpha  0          # default   number of alpha virtuals to compute
              nvbeta  0          # default   number of beta virtuals to compute
               nopen  0          # default   number of unpaired electrons = nalpha-nbeta
             maxiter  25         # default   maximum number of iterations
                 nio  1          # default   no. of io servers to use
     spin_restricted  true       # default   true if spin restricted
              plotlo  0          # default   range of MOs to print (for both spins if polarized
              plothi  -1         # default   range of MOs to print (for both spins if polarized
            plotdens  false      # default   If true print the density at convergence
            plotcoul  false      # default   If true plot the total coulomb potential at convergence
            localize  boys       # defined   localization method                          [pm, boys, new, canon]
          pointgroup  c1         # derived   use point (sub) group symmetry if not localized[c1, c2, ci, cs, c2v, c2h, d2, d2h]
             restart  false      # default   if true restart from orbitals on disk
           restartao  false      # default   if true restart from orbitals projected into AO basis (STO3G) on disk
          no_compute  false      # default   if true use orbitals on disk, set value to computed
           no_orient  false      # default   if true the molecule coordinates will not be reoriented
                save  true       # default   if true save orbitals to disk
              maxsub  10         # default   size of iterative subspace ... set to 0 or 1 to disable
        orbitalshift  0.0000e+00 # default   scf orbital shift: shift the occ orbitals to lower energies
            npt_plot  101        # default   no. of points to use in each dim for plots
           plot_cell  []         # default   lo hi in each dimension for plotting (default is all space)
             aobasis  6-31g      # derived   AO basis used for initial guess (6-31g or sto-3g)
           core_type  none       # default   core potential type                          [none, mpc]
         derivatives  false      # default   if true calculate nuclear derivatives
              dipole  false      # default   if true calculate dipole moment
      conv_only_dens  false      # default   if true remove bsh_residual from convergence criteria (deprecated)
            psp_calc  false      # default   pseudopotential calculation for all atoms
 print_dipole_matels  false      # default   if true output dipole matrix elements
            pcm_data  none       # default   do a PCM (solvent) calculation
             ac_data  none       # default   do a calculation with asymptotic correction (see ACParameters class in chem/AC.h for details)
             pure_ae  true       # default   pure all electron calculation with no pseudo-atoms
         print_level  3          # default   0: no output; 1: final energy; 2: iterations; 3: timings; 10: debug
              nalpha  3          # derived   number of alpha spin electrons
               nbeta  3          # derived   number of beta  spin electrons
           nmo_alpha  3          # derived   number of alpha spin molecular orbitals
            nmo_beta  3          # derived   number of beta spin molecular orbitals
                  lo  9.0905e-04 # derived   smallest length scale we need to resolve
            protocol  [1.0000e-04, 1.0000e-06] # derived   calculation protocol
                gopt  false      # default   geometry optimizer
                gtol  1.0000e-04 # default   geometry tolerance
               gtest  false      # default   geometry tolerance
                gval  1.0000e-05 # default   value precision
               gprec  1.0000e-04 # default   gradient precision
            gmaxiter  20         # default   optimization maxiter
    ginitial_hessian  false      # default   compute inital hessian for optimization
              algopt  bfgs       # default   algorithm used for optimization              [bfgs, cg]
            tdksprop  false      # default   time-dependent Kohn-Sham equation propagate
           nv_factor  1          # default   factor to multiply number of virtual orbitals with when automatically decreasing nvirt
           vnucextra  2          # default   load balance parameter for nuclear pot
        loadbalparts  2          # default   ??
            response  false      # default   response function calculation
       response_freq  0.0000e+00 # default   frequency for calculation response function
       response_axis  [1, 1, 1]  # default   response axis
           nonrotate  false      # default   if true do not molcule orient (redundant with no_orient
               rconv  1.0000e-06 # default   Response convergence
              efield  0.0000e+00 # default   eps for finite field
         efield_axis  0          # default   finite field axis                            [0, 1, 2]
              nwfile  none       # default   Base name of nwchem output files (.out and .movecs extensions) to read from
                 ncf  (none,1.0000e+00) # defined   nuclear correlation factor
             hessian  false      # default   compute the hessian matrix
           read_cphf  false      # default   read the converged orbital response for nuclear displacements from file
        restart_cphf  false      # default   read the guess orbital response for nuclear displacements from file
      purify_hessian  false      # default   symmetrize the hessian matrix based on atomic charges

end
              charge  0.0000e+00 # defined   total molecular charge
                  xc  hf         # defined   XC input line
               smear  0.0000e+00 # default   smearing parameter
               econv  1.0000e-04 # defined   energy convergence
               dconv  5.0000e-04 # defined   density convergence
convergence_criteria  [bsh_residual, total_energy] # default   possible values are: bsh_residual, total_energy, each_energy, density
                   k  7          # defined   polynomial order
                   l  5.3339e+01 # derived   user coordinates box size
               deriv  abgv       # default   derivative method                            [abgv, bspline, ble]
           dft_deriv  abgv       # default   derivative method for gga potentials         [abgv, bspline, ble]
             maxrotn  2.5000e-01 # default   step restriction used in autoshift algorithm
             nvalpha  0          # default   number of alpha virtuals to compute
              nvbeta  0          # default   number of beta virtuals to compute
               nopen  0          # default   number of unpaired electrons = nalpha-nbeta
             maxiter  25         # default   maximum number of iterations
                 nio  1          # default   no. of io servers to use
     spin_restricted  true       # default   true if spin restricted
              plotlo  0          # default   range of MOs to print (for both spins if polarized
              plothi  -1         # default   range of MOs to print (for both spins if polarized
            plotdens  false      # default   If true print the density at convergence
            plotcoul  false      # default   If true plot the total coulomb potential at convergence
            localize  boys       # defined   localization method                          [pm, boys, new, canon]
          pointgroup  c1         # derived   use point (sub) group symmetry if not localized[c1, c2, ci, cs, c2v, c2h, d2, d2h]
             restart  false      # default   if true restart from orbitals on disk
           restartao  false      # default   if true restart from orbitals projected into AO basis (STO3G) on disk
          no_compute  false      # default   if true use orbitals on disk, set value to computed
           no_orient  false      # default   if true the molecule coordinates will not be reoriented
                save  true       # default   if true save orbitals to disk
              maxsub  10         # default   size of iterative subspace ... set to 0 or 1 to disable
        orbitalshift  0.0000e+00 # default   scf orbital shift: shift the occ orbitals to lower energies
            npt_plot  101        # default   no. of points to use in each dim for plots
           plot_cell  []         # default   lo hi in each dimension for plotting (default is all space)
             aobasis  6-31g      # derived   AO basis used for initial guess (6-31g or sto-3g)
           core_type  none       # default   core potential type                          [none, mpc]
         derivatives  false      # default   if true calculate nuclear derivatives
              dipole  false      # default   if true calculate dipole moment
      conv_only_dens  false      # default   if true remove bsh_residual from convergence criteria (deprecated)
            psp_calc  false      # default   pseudopotential calculation for all atoms
 print_dipole_matels  false      # default   if true output dipole matrix elements
            pcm_data  none       # default   do a PCM (solvent) calculation
             ac_data  none       # default   do a calculation with asymptotic correction (see ACParameters class in chem/AC.h for details)
             pure_ae  true       # default   pure all electron calculation with no pseudo-atoms
         print_level  3          # default   0: no output; 1: final energy; 2: iterations; 3: timings; 10: debug
              nalpha  3          # derived   number of alpha spin electrons
               nbeta  3          # derived   number of beta  spin electrons
           nmo_alpha  3          # derived   number of alpha spin molecular orbitals
            nmo_beta  3          # derived   number of beta spin molecular orbitals
                  lo  9.0905e-04 # derived   smallest length scale we need to resolve
            protocol  [1.0000e-04, 1.0000e-06] # derived   calculation protocol
                gopt  false      # default   geometry optimizer
                gtol  1.0000e-04 # default   geometry tolerance
               gtest  false      # default   geometry tolerance
                gval  1.0000e-05 # default   value precision
               gprec  1.0000e-04 # default   gradient precision
            gmaxiter  20         # default   optimization maxiter
    ginitial_hessian  false      # default   compute inital hessian for optimization
              algopt  bfgs       # default   algorithm used for optimization              [bfgs, cg]
            tdksprop  false      # default   time-dependent Kohn-Sham equation propagate
           nv_factor  1          # default   factor to multiply number of virtual orbitals with when automatically decreasing nvirt
           vnucextra  2          # default   load balance parameter for nuclear pot
        loadbalparts  2          # default   ??
            response  false      # default   response function calculation
       response_freq  0.0000e+00 # default   frequency for calculation response function
       response_axis  [1, 1, 1]  # default   response axis
           nonrotate  false      # default   if true do not molcule orient (redundant with no_orient
               rconv  1.0000e-06 # default   Response convergence
              efield  0.0000e+00 # default   eps for finite field
         efield_axis  0          # default   finite field axis                            [0, 1, 2]
              nwfile  none       # default   Base name of nwchem output files (.out and .movecs extensions) to read from



 geometry
   eprec 1.0e-06
   units atomic
   Be            0.00000000           0.00000000           0.06299087
   H             0.00000000           0.00000000           3.08655268
   H             0.00000000           0.00000000          -3.33851617
 end

Solving NDIM= 3  with thresh 1.000000e-04     k 7    conv 5.000000e-04 

timer:     Project vnuclear     0.64s     0.64s
constructed nuclear correlation factor of the form
    R   =  1.000000e+00
with eprec  1.000000e-06
which means it's (nearly) a conventional calculation

timer:        reproject ncf     1.78s     1.78s
timer:        guess density     0.50s     0.50s
timer:   guess Coulomb potn     0.41s     0.41s
timer:       guess lda potn     0.33s     0.33s
timer:        guess overlap     0.03s     0.03s
timer:    KEmat reconstruct     0.07s     0.07s
timer:  KEmat differentiate     0.27s     0.27s
timer:       KEmat compress     0.11s     0.11s
timer: KEmat inner products     0.19s     0.19s
timer:     guess Kinet potn     0.64s     0.64s
timer:           guess fock     0.59s     0.59s
timer:      guess eigen sol     0.03s     0.03s
timer: guess orbital groupi     0.08s     0.08s

starting protocol at time      7.5s 
precision steps  1.000000e-04  -->  1.000000e-04
protocol: thresh 1.000000e-04 econv  1.000000e-04 dconv 5.000000e-04

ending protocol at time      7.5s 

Solving NDIM= 3  with thresh 1.000000e-04     k 7    conv 5.000000e-04 

timer:        Boys localize     0.99s     0.99s
orbital irreps []
timer:      reconstruct psi     0.16s     0.16s
timer:        compute Jnemo     0.66s     0.66s
timer:        compute Knemo     2.02s     2.02s
timer: compute Unemo 0.0163     0.23s     0.23s

  nuclear and kinetic     -25.49041880
         kinetic only      15.40415932
              coulomb      10.46767621
             exchange      -3.32890076
    nuclear-repulsion       2.65453273
   regularized energy     -15.69711063
  buggy if hybrid functionals are used..
timer:       compute energy     3.37s     3.37s
Norm of vector changes ab spin case : rms 3.996586e-02    max 5.029425e-02
convergence: bshresidual, energy change, max energy change, density change 4.3e-02 1.6e+01 1.6e+01 1.4e+00
finished iteration  0 at time     19.7s with energy  -15.69711063
timer:        Boys localize     0.98s     0.98s
orbital irreps []
timer:      reconstruct psi     0.19s     0.19s
timer:        compute Jnemo     0.71s     0.71s
timer:        compute Knemo     2.03s     2.03s
timer: compute Unemo 0.0163     0.18s     0.18s

  nuclear and kinetic     -25.50795946
         kinetic only      15.36223309
              coulomb      10.45254323
             exchange      -3.31670783
    nuclear-repulsion       2.65453273
   regularized energy     -15.71759133
  buggy if hybrid functionals are used..
timer:       compute energy     3.48s     3.48s
Norm of vector changes ab spin case : rms 1.794562e-02    max 2.276420e-02
convergence: bshresidual, energy change, max energy change, density change 1.3e-02 2.0e-02 4.2e-02 8.5e-03
finished iteration  1 at time     32.6s with energy  -15.71759133
timer:        Boys localize     0.90s     0.90s
orbital irreps []
timer:      reconstruct psi     0.15s     0.15s
timer:        compute Jnemo     0.71s     0.71s
timer:        compute Knemo     2.11s     2.11s
timer: compute Unemo 0.0161     0.21s     0.21s

  nuclear and kinetic     -25.51835107
         kinetic only      15.35156937
              coulomb      10.45535151
             exchange      -3.31141818
    nuclear-repulsion       2.65453273
   regularized energy     -15.71988500
  buggy if hybrid functionals are used..
timer:       compute energy     3.46s     3.46s
Norm of vector changes ab spin case : rms 3.014354e-03    max 3.858345e-03
convergence: bshresidual, energy change, max energy change, density change 1.9e-03 2.3e-03 1.1e-02 1.6e-03
finished iteration  2 at time     45.5s with energy  -15.71988500
timer:        Boys localize     1.06s     1.06s
orbital irreps []
timer:      reconstruct psi     0.14s     0.14s
timer:        compute Jnemo     0.68s     0.68s
timer:        compute Knemo     1.98s     1.98s
timer: compute Unemo 0.0161     0.19s     0.19s

  nuclear and kinetic     -25.52416629
         kinetic only      15.34882852
              coulomb      10.45984664
             exchange      -3.31020303
    nuclear-repulsion       2.65453273
   regularized energy     -15.71998996
  buggy if hybrid functionals are used..
timer:       compute energy     3.51s     3.51s
Norm of vector changes ab spin case : rms 1.471189e-03    max 1.821771e-03
convergence: bshresidual, energy change, max energy change, density change 7.3e-04 1.0e-04 5.8e-03 4.7e-04
finished iteration  3 at time     58.5s with energy  -15.71998996
timer:        Boys localize     1.04s     1.04s
orbital irreps []
timer:      reconstruct psi     0.14s     0.14s
timer:        compute Jnemo     0.61s     0.61s
timer:        compute Knemo     1.99s     1.99s
timer: compute Unemo 0.0161     0.21s     0.21s

  nuclear and kinetic     -25.52724194
         kinetic only      15.34807134
              coulomb      10.46269373
             exchange      -3.30999017
    nuclear-repulsion       2.65453273
   regularized energy     -15.72000565
  buggy if hybrid functionals are used..
timer:       compute energy     3.53s     3.53s
Norm of vector changes ab spin case : rms 4.620892e-04    max 5.954287e-04
convergence: bshresidual, energy change, max energy change, density change 2.7e-04 1.6e-05 3.1e-03 1.1e-04
finished iteration  4 at time     71.9s with energy  -15.72000565

Iterations converged


ending protocol at time     71.9s 

 Dipole Moment (a.u.)
 -----------

     x:  -6.894633e-14
     y:  -6.089959e-14
     z:  1.679981e-01
 Total Dipole Moment:  1.679981e-01 

timer:               dipole     0.03s     0.03s
Nemo Orbital Energies: [*]  -4.75100199  -0.44751132  -0.41240410

nemo energy:  -1.572001e+01
 at time 72.4
PNO Integrals evaluated as:
pnoint
       rank_increase  15         # default   maximum rank to increase in every macroiteration
               chunk  100        # default   chunk of functions operated on in parallel when G or K is applied (prevent memory shortage)
               debug  false      # default   debug mode
              freeze  1          # derived   frozen core approximation
             maxrank  4          # defined   maximal pno rank for all pairs
           guesstype  exop       # derived   the guesstype: exop (recommended, multiply polynomial excitation operators onto the occupied orbitals), empty (don't compute a guess), scf (use the ao basis from the SCF solver), partial_wave (create s,p,d ..., type functions and place on atoms), predefined (same as partial_wave but for predefined sets)
                exop  multipole  # derived   this string defines which excitation operators can be used, use 'dipole', 'dipole+', 'quadrupole', 'ocopole', or 'multipole', need to set guesstype to 'exop' which is the default
          exop_trigo  true       # default   use trigonometric excitation operators ( x --> sin(x)
        partial_wave             # default   atom centered partial wave guess of format like 'h-2s1p-o-3s2p1d', need to set guesstype to 'partial_wave' and adaptive_solver to 'none'
          predefined             # default   predefined partial wave guesses of type pvxz with x=d,t,q,5,6, need to set guesstype to 'predefined' and adaptive_solver to 'none'
           maxiter_t  100        # default   maximal number of iterations in the amplitude solver
       maxiter_micro  10         # default   Maximum of iterations for every cycle in the adaptive solver
       maxiter_macro  10         # default   Maximum of iterations of cycles in the adaptive solver
                tpno  1.0000e-08 # default   PNO cutoff threshold
          tpno_tight  1.0000e-10 # derived   PNO cutoff for the first iteration
    canonicalize_pno  true       # default   canonicalize the pnos before the amplitude solver
              thresh  1.0000e-04 # defined   MRA threshold
         econv_micro  1.0000e-04 # derived   Energy convergence for microiterations (Greens function based optimization) in adaptive solver
         econv_pairs  1.0000e-05 # derived   ENergy convergence for individual pairs in adaptive solver. Converged pairs are frozen automatically
         econv_macro  1.0000e-04 # derived   Energy convergence for macroiterations in adaptive solver, no effect if adaptive_solver is deactivated
               dconv  1.0000e-01 # default   convergence of every PNO in the Green's function solver
           op_thresh  1.0000e-06 # default   MRA operator thresh
             restart  none       # derived   restart pairs of this type, use 'mp2', 'cispd', 'all' or 'none'
          no_compute  none       # default   do not compute the pairs of this type, use 'mp2', 'cispd', 'all' or 'none'
              no_opt  none       # default   do not optimize the pnos of this type, use 'mp2', 'cispd', 'all' or 'none'
            no_guess  none       # derived   guess for this type will be empty, use 'mp2', 'cispd', 'all' or 'none'
     adaptive_solver  all        # default   Use adaptive solver for those pairs, use 'mp2', 'cispd', 'all' or 'none', works only in combination with guesstype 'exop'
                kain  true       # default   use KAIN solver in amplitude solver
       kain_subspace  5          # default   subspace size of the KAIN solver (amplitudes)
                 f12  false      # defined   use explicit correlation
        cispd_number  -1         # default   CIS(D) excitation numbers, to read in correct functions
        cispd_energy  0.0000e+00 # default   CIS energy
        freeze_pairs  none       # default   frozen pairs will not be optimized: Expected format 'a b c d' will freeze pairs ab and cd
freeze_pairs_of_orbital  []         # default    All pairs which originate from this orbital will not be optimized
active_pairs_of_orbital  []         # default    All pairs which originate from this orbital will not be frozen all other pairs will, if this vector is not empty
no_opt_in_first_iteration  false      # default   Do not optimize in the first iteration (then the potentials do not have to be evaluated, use this for large guesses)
            exchange  full       # default   approximate exchange with 'neglect' or xc functional -> same syntax as moldft
           save_pnos  true       # default   Save the OBS-PNOs to a file, before and after orthonormalization.
            diagonal  true       # defined   Compute only diagonal PNOs
              orthog  symmetric  # defined   orthogonalization method for PNO basis, also current default for a potential CABS. options: symmetric, canonical, cholesky, rr_cholesky,
         orthog_cabs  default    # default   orthogonalization method for CABS basis. options: symmetric, canonical, cholesky, rr_cholesky, uses same as orbitals basis if default.
               n_pno  4          # defined   desired size of PNO-basis (orbital space)
         cabs_option  none       # default   type of complementary auxiliary basis to be used. can be none ~ no CABS, gbs ~ Gaussian basis set as CABS, requires input via auxbas_file, pno ~ use superfluous PNOs as CABS, mixed ~ gbs&pno-option
       pno_cabs_size  -1         # default   size of a potential pno-cabs. defaults to -1 ~ all remaining PNOs, if pno-cabs or mixed-cabs
           only_diag  false      # default   use only diagonal elements PNOs
         cherry_pick  []         # default   cherry pick option to choose particular set of PNOs, not just blindly by occupation number. can be useful, if only a restricted number of PNOs can be used, to avoid separating degenerate pairs. can be envoked by passing a vector via [ elem1, elem2, ... ]
               gamma  1.4000e+00 # default   The f12 length scale, here to be used to compute f12-integrals
         cabs_thresh  1.0000e-04 # derived    thresh for cabs part
              auxbas  none       # default   atom centered partial wave guess of format like 'h-2s1p-o-3s2p1d'
         auxbas_file  none       # default   Use external comp. aux. basis in addition to the pnos as auxbasis. Give the filename as parameter. Give the auxbas in turbomole format. Don't use contractions. If a file is specified the auxbas parameter has no effect
   print_pno_overlap  true       # default   Print overlap matrix at certain steps in computation, for debugging purposes.
              n_virt  0          # defined   Compute this number of virtuals and include them in the integral construction, experimental and not robust!.
      hardcore_boson  false      # default   compute only integrals for hardcore boson hamiltonian (restricted to double occupations)

end
F12 Operators initialized right
timer:                    Testing F12 Operators     0.79s     0.79s 
timer:  Initializing (active) Exchange Orbitals     1.97s     1.97s 
Size of active mos and their exchange potentials:
K(acmos)=3.148437e-03 Gbyte
acmos   =2.473772e-03 Gbyte
PNO Parameters
pno
       rank_increase  15         # default   maximum rank to increase in every macroiteration
               chunk  100        # default   chunk of functions operated on in parallel when G or K is applied (prevent memory shortage)
               debug  false      # default   debug mode
              freeze  1          # derived   frozen core approximation
             maxrank  4          # defined   maximal pno rank for all pairs
           guesstype  exop       # derived   the guesstype: exop (recommended, multiply polynomial excitation operators onto the occupied orbitals), empty (don't compute a guess), scf (use the ao basis from the SCF solver), partial_wave (create s,p,d ..., type functions and place on atoms), predefined (same as partial_wave but for predefined sets)
                exop  multipole  # derived   this string defines which excitation operators can be used, use 'dipole', 'dipole+', 'quadrupole', 'ocopole', or 'multipole', need to set guesstype to 'exop' which is the default
          exop_trigo  true       # default   use trigonometric excitation operators ( x --> sin(x)
        partial_wave             # default   atom centered partial wave guess of format like 'h-2s1p-o-3s2p1d', need to set guesstype to 'partial_wave' and adaptive_solver to 'none'
          predefined             # default   predefined partial wave guesses of type pvxz with x=d,t,q,5,6, need to set guesstype to 'predefined' and adaptive_solver to 'none'
           maxiter_t  100        # default   maximal number of iterations in the amplitude solver
       maxiter_micro  10         # default   Maximum of iterations for every cycle in the adaptive solver
       maxiter_macro  10         # default   Maximum of iterations of cycles in the adaptive solver
                tpno  1.0000e-08 # default   PNO cutoff threshold
          tpno_tight  1.0000e-10 # derived   PNO cutoff for the first iteration
    canonicalize_pno  true       # default   canonicalize the pnos before the amplitude solver
              thresh  1.0000e-04 # defined   MRA threshold
         econv_micro  1.0000e-04 # derived   Energy convergence for microiterations (Greens function based optimization) in adaptive solver
         econv_pairs  1.0000e-05 # derived   ENergy convergence for individual pairs in adaptive solver. Converged pairs are frozen automatically
         econv_macro  1.0000e-04 # derived   Energy convergence for macroiterations in adaptive solver, no effect if adaptive_solver is deactivated
               dconv  1.0000e-01 # default   convergence of every PNO in the Green's function solver
           op_thresh  1.0000e-06 # default   MRA operator thresh
             restart  none       # derived   restart pairs of this type, use 'mp2', 'cispd', 'all' or 'none'
          no_compute  none       # default   do not compute the pairs of this type, use 'mp2', 'cispd', 'all' or 'none'
              no_opt  none       # default   do not optimize the pnos of this type, use 'mp2', 'cispd', 'all' or 'none'
            no_guess  none       # derived   guess for this type will be empty, use 'mp2', 'cispd', 'all' or 'none'
     adaptive_solver  all        # default   Use adaptive solver for those pairs, use 'mp2', 'cispd', 'all' or 'none', works only in combination with guesstype 'exop'
                kain  true       # default   use KAIN solver in amplitude solver
       kain_subspace  5          # default   subspace size of the KAIN solver (amplitudes)
                 f12  false      # defined   use explicit correlation
        cispd_number  -1         # default   CIS(D) excitation numbers, to read in correct functions
        cispd_energy  0.0000e+00 # default   CIS energy
        freeze_pairs  none       # default   frozen pairs will not be optimized: Expected format 'a b c d' will freeze pairs ab and cd
freeze_pairs_of_orbital  []         # default    All pairs which originate from this orbital will not be optimized
active_pairs_of_orbital  []         # default    All pairs which originate from this orbital will not be frozen all other pairs will, if this vector is not empty
no_opt_in_first_iteration  false      # default   Do not optimize in the first iteration (then the potentials do not have to be evaluated, use this for large guesses)
            exchange  full       # default   approximate exchange with 'neglect' or xc functional -> same syntax as moldft
           save_pnos  true       # default   Save the OBS-PNOs to a file, before and after orthonormalization.
            diagonal  true       # defined   Compute only diagonal PNOs

end

**********************
Solve PNO-MP2
*********************


**********************
Iterate Pairs
*********************


************************
Adaptive Solver
***********************

Initializing empty Pairs:
no guess was explicitly demanded for mp2

timer:                                     RRCD     0.00s     0.00s 
timer:                             MRA compress     0.00s     0.00s 
timer:                          Transform Pairs     0.00s     0.00s 
timer:          apply Q and orthonormalize PNOs     0.00s     0.00s 
Created Guess:
pair11 with 0 guess functions
pair21 with 0 guess functions
pair22 with 0 guess functions
guess pair11 size: 0.0000000000e+00 | 0.0000000000e+00 Gbyte (after truncation)
guess pair22 size: 0.0000000000e+00 | 0.0000000000e+00 Gbyte (after truncation)
timer:                           truncate guess     0.00s     0.00s 
timer:                         Initialize Pairs     0.00s     0.00s 
Keyword multipole is not known
Guess protocol for adaptively growing ranks is: [dipole+, quadrupole, big_fock_3, big_fock_3, big_fock_3, big_fock_3, big_fock_3, big_fock_3, big_fock_3, big_fock_3]


--------Adaptive Solver Macroiteration 0 from max 10 ----------

Growing ranks with exop=dipole+
Create guess functions by multiplying plane-waves to 1 functions 
Created 4 virtuals for pair11
pair21 is frozen: no growing
Create guess functions by multiplying plane-waves to 1 functions 
Created 4 virtuals for pair22
frozen pair: no orthonormalization
timer:                                     RRCD     0.03s     0.03s 
timer:                             MRA compress     0.00s     0.00s 
timer:                          Transform Pairs     0.11s     0.11s 
timer:                        grow PNO subspace     1.87s     1.87s 
SolveInternal: Parameters are assigned as
no_compute        = false
no_opt            = false
restart           = false
do_cispd          = false
econv             =1.0000000000e-04
maxrank (min,max) = (4,4)
Solving MP2 doubles
timer:          fock matrix     2.97s     2.97s
Information About All Pairs:
mp2_pair11           number=0 rank=  4 frozen=false
mp2_pair21           number=1 rank=  0 frozen=true
mp2_pair22           number=2 rank=  4 frozen=false
number of pairs=3
average rank   =2 (2.6666666667e+00)
largest rank   =4
PNOPairs Memory Information
Total: 0.0090773106 GB 
PNO  : 0.0090773106 GB 
KPNO : 0.0000000000 GB 
W    : 0.0000000000 GB 

timer:                                 truncate     0.05s     0.05s 
wall time=86.2377979755 chunk=8 allK.size()=8 memory=0.0102221966 GB
timer:                             compute KPNO     4.27s     4.27s 
wall time=86.3594889641 chunk=8 allJ.size()=8 memory=0.0102221966 GB
timer:                             compute JPNO     0.12s     0.12s 
timer:                    compute Fock matrices     1.26s     1.26s 
timer:                             MRA compress     0.00s     0.00s 
timer:                          Transform Pairs     0.36s     0.36s 
timer:                             Canonicalize     0.37s     0.37s 
PNOPairs Memory Information
Total: 0.0191359520 GB 
PNO  : 0.0090773106 GB 
KPNO : 0.0100586414 GB 
W    : 0.0000000000 GB 

timer:                                 truncate     0.04s     0.04s 
mp2_pair21 is frozen: potential not computed
timer:                   Fluctuation Potentials     2.01s     2.01s 
timer:                       Fluctuation Matrix     0.16s     0.16s 
PNOPairs Memory Information
Total: 0.0333652496 GB 
PNO  : 0.0090773106 GB 
KPNO : 0.0100586414 GB 
W    : 0.0142292976 GB 

PNOPairs Memory Information
Total: 0.0333652496 GB 
PNO  : 0.0090773106 GB 
KPNO : 0.0100586414 GB 
W    : 0.0142292976 GB 

timer:                                 truncate     0.03s     0.03s 
timer:                             PNO Overlaps     0.11s     0.11s 
t_iter =  0  Hylleraas energy =  0.0000000000  ||R||_F =  0.1828186431  conv =  no
subspace solution [*]   1.00000000

t_iter =  1  Hylleraas energy =  -0.0262701566  ||R||_F =  0.0000000175  conv =  yes
=======================================================

Hylleraas MP2 Energies

=======================================================
    i    j      singlet      triplet        Total
=======================================================
    1    1  -1.29817e-02  0.00000e+00 -1.29817e-02
    2    1   0.00000e+00  0.00000e+00  0.00000e+00
    2    2  -1.32885e-02  0.00000e+00 -1.32885e-02
=======================================================
Hylleraas MP2 Energies (singlet): -2.62702e-02
Hylleraas MP2 Energies (triplet):  0.00000e+00
Hylleraas MP2 Energies (total)  : -2.62702e-02
=======================================================
-------------------------------------------
Total Reg Energy  =-2.62702e-02
Total F12 Energy  = 0.00000e+00
Sum Energies Total=-2.62702e-02
-------------------------------------------
timer:                         Solve Amplitudes     0.02s     0.02s 
No optimization untill now: Compressing pno ranks with tighter threshold
1.00000e-10 instead of 1.00000e-08
pair11: density evals:
 [*]   0.00336209   0.00415310   0.00415310   0.00786222

pair22: density evals:
 [*]   0.00332214   0.00408961   0.00408961   0.01050231

timer:                            compress PNOs     0.00s     0.00s 
timer:                             MRA compress     0.00s     0.00s 
timer:                          Transform Pairs     0.52s     0.52s 
timer:                          PNO Compression     0.52s     0.52s 
Information About All Pairs:
mp2_pair11           number=0 rank=  4 frozen=false
mp2_pair21           number=1 rank=  0 frozen=true
mp2_pair22           number=2 rank=  4 frozen=false
number of pairs=3
average rank   =2 (2.66667e+00)
largest rank   =4
saving vector of functions mp2_pair11
saving vector of functions mp2_pair22
timer:                        save pnos on disc     0.14s     0.14s 
PNOPairs Memory Information
Total: 0.03271 GB 
PNO  : 0.00891 GB 
KPNO : 0.00973 GB 
W    : 0.01407 GB 

timer:                                 truncate     0.05s     0.05s 
timer:      compute densities for G application     0.00s     0.00s 
pair21 is frozen: no optimization
timer:                Prepare for G application     0.47s     0.47s 
timer:                                    add K     0.03s     0.03s 
size of all Vpsi potentials (without Vnuc and J) 0.01178 GB 
time=92.44621 chunk=8 Vpsi+Vnuc+J=0.03345 GB
time=92.50970 chunk=8 Vpsi+Vnuc+J=0.03345 GB (after truncation)
timer:                           Apply G to all     3.23s     3.23s 
timer:                       apply Q and update     0.00s     0.00s 
mp2_pair11 residual norms:
[0.44741, 0.36476, 0.36476, 0.41627]
mp2_pair11 scaled residual norms:
[0.02594, 0.02351, 0.02351, 0.03691]
mp2_pair22 residual norms:
[0.44697, 0.36586, 0.36586, 0.40439]
mp2_pair22 scaled residual norms:
[0.02576, 0.02340, 0.02340, 0.04144]
timer:                          update all PNOs     3.73s     3.73s 
frozen pair: no orthonormalization
timer:                                     RRCD     0.08s     0.08s 
timer:                             MRA compress     0.00s     0.00s 
timer:                          Transform Pairs     0.13s     0.13s 
saving vector of functions mp2_pair11
saving vector of functions mp2_pair22
timer:                        save pnos on disc     0.16s     0.16s 


No convergence yet. Energy change = 0.02627

timer:                        Whole Iteration 1    13.36s    13.36s 
Information About All Pairs:
mp2_pair11           number=0 rank=  4 frozen=false
mp2_pair21           number=1 rank=  0 frozen=true
mp2_pair22           number=2 rank=  4 frozen=false
number of pairs=3
average rank   =2 (2.66667)
largest rank   =4
PNOPairs Memory Information
Total: 0.00957 GB 
PNO  : 0.00957 GB 
KPNO : 0.00000 GB 
W    : 0.00000 GB 

timer:                                 truncate     0.03s     0.03s 
wall time=99.36219 chunk=8 allK.size()=8 memory=0.00957 GB
timer:                             compute KPNO     4.05s     4.05s 
wall time=99.56744 chunk=8 allJ.size()=8 memory=0.01063 GB
timer:                             compute JPNO     0.21s     0.21s 
timer:                    compute Fock matrices     1.46s     1.46s 
timer:                             MRA compress     0.00s     0.00s 
timer:                          Transform Pairs     0.23s     0.23s 
timer:                             Canonicalize     0.23s     0.23s 
PNOPairs Memory Information
Total: 0.01897 GB 
PNO  : 0.00949 GB 
KPNO : 0.00949 GB 
W    : 0.00000 GB 

timer:                                 truncate     0.04s     0.04s 
mp2_pair21 is frozen: potential not computed
timer:                   Fluctuation Potentials     2.10s     2.10s 
timer:                       Fluctuation Matrix     0.13s     0.13s 
PNOPairs Memory Information
Total: 0.03337 GB 
PNO  : 0.00949 GB 
KPNO : 0.00949 GB 
W    : 0.01439 GB 

PNOPairs Memory Information
Total: 0.03337 GB 
PNO  : 0.00949 GB 
KPNO : 0.00949 GB 
W    : 0.01439 GB 

timer:                                 truncate     0.05s     0.05s 
timer:                             PNO Overlaps     0.06s     0.06s 
t_iter =  0  Hylleraas energy =  0.00000  ||R||_F =  0.27242  conv =  no
subspace solution [*]   1.00000000

t_iter =  1  Hylleraas energy =  -0.04555  ||R||_F =  0.00000  conv =  yes
=======================================================

Hylleraas MP2 Energies

=======================================================
    i    j      singlet      triplet        Total
=======================================================
    1    1  -2.25647e-02  0.00000e+00 -2.25647e-02
    2    1   0.00000e+00  0.00000e+00  0.00000e+00
    2    2  -2.29889e-02  0.00000e+00 -2.29889e-02
=======================================================
Hylleraas MP2 Energies (singlet): -4.55536e-02
Hylleraas MP2 Energies (triplet):  0.00000e+00
Hylleraas MP2 Energies (total)  : -4.55536e-02
=======================================================
-------------------------------------------
Total Reg Energy  =-4.55536e-02
Total F12 Energy  = 0.00000e+00
Sum Energies Total=-4.55536e-02
-------------------------------------------
timer:                         Solve Amplitudes     0.00s     0.00s 
pair11: density evals:
 [*]   0.00441213   0.00494226   0.00494226   0.01213999

pair22: density evals:
 [*]   0.00433046   0.00482837   0.00482837   0.01623105

timer:                            compress PNOs     0.00s     0.00s 
timer:                             MRA compress     0.00s     0.00s 
timer:                          Transform Pairs     0.45s     0.45s 
timer:                          PNO Compression     0.45s     0.45s 
Information About All Pairs:
mp2_pair11           number=0 rank=  4 frozen=false
mp2_pair21           number=1 rank=  0 frozen=true
mp2_pair22           number=2 rank=  4 frozen=false
number of pairs=3
average rank   =2 (2.66667e+00)
largest rank   =4
saving vector of functions mp2_pair11
saving vector of functions mp2_pair22
timer:                        save pnos on disc     0.17s     0.17s 
PNOPairs Memory Information
Total: 0.03337 GB 
PNO  : 0.00949 GB 
KPNO : 0.00949 GB 
W    : 0.01439 GB 

timer:                                 truncate     0.04s     0.04s 
timer:      compute densities for G application     0.00s     0.00s 
pair21 is frozen: no optimization
timer:                Prepare for G application     0.49s     0.49s 
timer:                                    add K     0.04s     0.04s 
size of all Vpsi potentials (without Vnuc and J) 0.01341 GB 
time=105.60915 chunk=8 Vpsi+Vnuc+J=0.03353 GB
time=105.66555 chunk=8 Vpsi+Vnuc+J=0.03238 GB (after truncation)
timer:                           Apply G to all     3.08s     3.08s 
timer:                       apply Q and update     0.00s     0.00s 
mp2_pair11 residual norms:
[0.10968, 0.09367, 0.09367, 0.11667]
mp2_pair11 scaled residual norms:
[0.00729, 0.00658, 0.00658, 0.01286]
mp2_pair22 residual norms:
[0.11016, 0.09216, 0.09216, 0.10848]
mp2_pair22 scaled residual norms:
[0.00725, 0.00640, 0.00640, 0.01382]
timer:                          update all PNOs     3.61s     3.61s 
frozen pair: no orthonormalization
timer:                                     RRCD     0.08s     0.08s 
timer:                             MRA compress     0.00s     0.00s 
timer:                          Transform Pairs     0.07s     0.07s 
saving vector of functions mp2_pair11
saving vector of functions mp2_pair22
timer:                        save pnos on disc     0.19s     0.19s 


No convergence yet. Energy change = 0.01928

timer:                        Whole Iteration 2    13.10s    13.10s 
Information About All Pairs:
mp2_pair11           number=0 rank=  4 frozen=false
mp2_pair21           number=1 rank=  0 frozen=true
mp2_pair22           number=2 rank=  4 frozen=false
number of pairs=3
average rank   =2 (2.66667)
largest rank   =4
PNOPairs Memory Information
Total: 0.00965 GB 
PNO  : 0.00965 GB 
KPNO : 0.00000 GB 
W    : 0.00000 GB 

timer:                                 truncate     0.02s     0.02s 
wall time=112.78173 chunk=8 allK.size()=8 memory=0.01006 GB
timer:                             compute KPNO     4.38s     4.38s 
wall time=112.93954 chunk=8 allJ.size()=8 memory=0.01096 GB
timer:                             compute JPNO     0.16s     0.16s 
timer:                    compute Fock matrices     1.45s     1.45s 
timer:                             MRA compress     0.00s     0.00s 
timer:                          Transform Pairs     0.22s     0.22s 
timer:                             Canonicalize     0.22s     0.22s 
PNOPairs Memory Information
Total: 0.01930 GB 
PNO  : 0.00957 GB 
KPNO : 0.00973 GB 
W    : 0.00000 GB 

timer:                                 truncate     0.06s     0.06s 
mp2_pair21 is frozen: potential not computed
timer:                   Fluctuation Potentials     2.20s     2.20s 
timer:                       Fluctuation Matrix     0.16s     0.16s 
PNOPairs Memory Information
Total: 0.03369 GB 
PNO  : 0.00957 GB 
KPNO : 0.00973 GB 
W    : 0.01439 GB 

PNOPairs Memory Information
Total: 0.03369 GB 
PNO  : 0.00957 GB 
KPNO : 0.00973 GB 
W    : 0.01439 GB 

timer:                                 truncate     0.04s     0.04s 
timer:                             PNO Overlaps     0.07s     0.07s 
t_iter =  0  Hylleraas energy =  0.00000  ||R||_F =  0.29218  conv =  no
subspace solution [*]   1.00000000

t_iter =  1  Hylleraas energy =  -0.04776  ||R||_F =  0.00000  conv =  yes
=======================================================

Hylleraas MP2 Energies

=======================================================
    i    j      singlet      triplet        Total
=======================================================
    1    1  -2.36812e-02  0.00000e+00 -2.36812e-02
    2    1   0.00000e+00  0.00000e+00  0.00000e+00
    2    2  -2.40827e-02  0.00000e+00 -2.40827e-02
=======================================================
Hylleraas MP2 Energies (singlet): -4.77639e-02
Hylleraas MP2 Energies (triplet):  0.00000e+00
Hylleraas MP2 Energies (total)  : -4.77639e-02
=======================================================
-------------------------------------------
Total Reg Energy  =-4.77639e-02
Total F12 Energy  = 0.00000e+00
Sum Energies Total=-4.77639e-02
-------------------------------------------
timer:                         Solve Amplitudes     0.00s     0.00s 
pair11: density evals:
 [*]   0.00412832   0.00469871   0.00469871   0.01173877

pair22: density evals:
 [*]   0.00405031   0.00458266   0.00458266   0.01576661

timer:                            compress PNOs     0.00s     0.00s 
timer:                             MRA compress     0.00s     0.00s 
timer:                          Transform Pairs     0.37s     0.37s 
timer:                          PNO Compression     0.38s     0.38s 
Information About All Pairs:
mp2_pair11           number=0 rank=  4 frozen=false
mp2_pair21           number=1 rank=  0 frozen=true
mp2_pair22           number=2 rank=  4 frozen=false
number of pairs=3
average rank   =2 (2.66667e+00)
largest rank   =4
saving vector of functions mp2_pair11
saving vector of functions mp2_pair22
timer:                        save pnos on disc     0.18s     0.18s 
PNOPairs Memory Information
Total: 0.03369 GB 
PNO  : 0.00957 GB 
KPNO : 0.00973 GB 
W    : 0.01439 GB 

timer:                                 truncate     0.04s     0.04s 
timer:      compute densities for G application     0.00s     0.00s 
pair21 is frozen: no optimization
timer:                Prepare for G application     0.41s     0.41s 
timer:                                    add K     0.03s     0.03s 
size of all Vpsi potentials (without Vnuc and J) 0.01407 GB 
time=118.87112 chunk=8 Vpsi+Vnuc+J=0.03361 GB
time=118.92568 chunk=8 Vpsi+Vnuc+J=0.03247 GB (after truncation)
timer:                           Apply G to all     2.86s     2.86s 
timer:                       apply Q and update     0.00s     0.00s 
mp2_pair11 residual norms:
[0.03799, 0.03143, 0.03143, 0.04467]
mp2_pair11 scaled residual norms:
[0.00244, 0.00215, 0.00215, 0.00484]
mp2_pair22 residual norms:
[0.03886, 0.03110, 0.03110, 0.04051]
mp2_pair22 scaled residual norms:
[0.00247, 0.00211, 0.00211, 0.00509]
timer:                          update all PNOs     3.33s     3.33s 
frozen pair: no orthonormalization
timer:                                     RRCD     0.06s     0.06s 
timer:                             MRA compress     0.00s     0.00s 
timer:                          Transform Pairs     0.10s     0.10s 
saving vector of functions mp2_pair11
saving vector of functions mp2_pair22
timer:                        save pnos on disc     0.18s     0.18s 


No convergence yet. Energy change = 0.00221

timer:                        Whole Iteration 3    13.14s    13.14s 
Information About All Pairs:
mp2_pair11           number=0 rank=  4 frozen=false
mp2_pair21           number=1 rank=  0 frozen=true
mp2_pair22           number=2 rank=  4 frozen=false
number of pairs=3
average rank   =2 (2.66667)
largest rank   =4
PNOPairs Memory Information
Total: 0.00998 GB 
PNO  : 0.00998 GB 
KPNO : 0.00000 GB 
W    : 0.00000 GB 

timer:                                 truncate     0.01s     0.01s 
wall time=125.71386 chunk=8 allK.size()=8 memory=0.01014 GB
timer:                             compute KPNO     4.18s     4.18s 
wall time=125.85145 chunk=8 allJ.size()=8 memory=0.01104 GB
timer:                             compute JPNO     0.14s     0.14s 
timer:                    compute Fock matrices     1.25s     1.25s 
timer:                             MRA compress     0.00s     0.00s 
timer:                          Transform Pairs     0.28s     0.28s 
timer:                             Canonicalize     0.28s     0.28s 
PNOPairs Memory Information
Total: 0.01938 GB 
PNO  : 0.00957 GB 
KPNO : 0.00981 GB 
W    : 0.00000 GB 

timer:                                 truncate     0.09s     0.09s 
mp2_pair21 is frozen: potential not computed
timer:                   Fluctuation Potentials     2.41s     2.41s 
timer:                       Fluctuation Matrix     0.27s     0.27s 
PNOPairs Memory Information
Total: 0.03377 GB 
PNO  : 0.00957 GB 
KPNO : 0.00981 GB 
W    : 0.01439 GB 

PNOPairs Memory Information
Total: 0.03377 GB 
PNO  : 0.00957 GB 
KPNO : 0.00981 GB 
W    : 0.01439 GB 

timer:                                 truncate     0.04s     0.04s 
timer:                             PNO Overlaps     0.07s     0.07s 
t_iter =  0  Hylleraas energy =  0.00000  ||R||_F =  0.29848  conv =  no
subspace solution [*]   1.00000000

t_iter =  1  Hylleraas energy =  -0.04808  ||R||_F =  0.00000  conv =  yes
=======================================================

Hylleraas MP2 Energies

=======================================================
    i    j      singlet      triplet        Total
=======================================================
    1    1  -2.38396e-02  0.00000e+00 -2.38396e-02
    2    1   0.00000e+00  0.00000e+00  0.00000e+00
    2    2  -2.42372e-02  0.00000e+00 -2.42372e-02
=======================================================
Hylleraas MP2 Energies (singlet): -4.80768e-02
Hylleraas MP2 Energies (triplet):  0.00000e+00
Hylleraas MP2 Energies (total)  : -4.80768e-02
=======================================================
-------------------------------------------
Total Reg Energy  =-4.80768e-02
Total F12 Energy  = 0.00000e+00
Sum Energies Total=-4.80768e-02
-------------------------------------------
timer:                         Solve Amplitudes     0.00s     0.00s 
pair11: density evals:
 [*]   0.00398539   0.00457448   0.00457448   0.01138441

pair22: density evals:
 [*]   0.00391048   0.00445952   0.00445952   0.01534571

timer:                            compress PNOs     0.00s     0.00s 
timer:                             MRA compress     0.00s     0.00s 
timer:                          Transform Pairs     0.54s     0.54s 
timer:                          PNO Compression     0.54s     0.54s 
Information About All Pairs:
mp2_pair11           number=0 rank=  4 frozen=false
mp2_pair21           number=1 rank=  0 frozen=true
mp2_pair22           number=2 rank=  4 frozen=false
number of pairs=3
average rank   =2 (2.66667e+00)
largest rank   =4
saving vector of functions mp2_pair11
saving vector of functions mp2_pair22
timer:                        save pnos on disc     0.18s     0.18s 
PNOPairs Memory Information
Total: 0.03377 GB 
PNO  : 0.00957 GB 
KPNO : 0.00981 GB 
W    : 0.01439 GB 

timer:                                 truncate     0.05s     0.05s 
timer:      compute densities for G application     0.00s     0.00s 
pair21 is frozen: no optimization
timer:                Prepare for G application     0.43s     0.43s 
timer:                                    add K     0.05s     0.05s 
size of all Vpsi potentials (without Vnuc and J) 0.01407 GB 
time=132.37279 chunk=8 Vpsi+Vnuc+J=0.03394 GB
time=132.43332 chunk=8 Vpsi+Vnuc+J=0.03279 GB (after truncation)
timer:                           Apply G to all     3.33s     3.33s 
timer:                       apply Q and update     0.00s     0.00s 
mp2_pair11 residual norms:
[0.01449, 0.01140, 0.01140, 0.01796]
mp2_pair11 scaled residual norms:
[0.00091, 0.00077, 0.00077, 0.00192]
mp2_pair22 residual norms:
[0.01541, 0.01169, 0.01169, 0.01594]
mp2_pair22 scaled residual norms:
[0.00096, 0.00078, 0.00078, 0.00197]
timer:                          update all PNOs     3.84s     3.84s 
frozen pair: no orthonormalization
timer:                                     RRCD     0.03s     0.03s 
timer:                             MRA compress     0.00s     0.00s 
timer:                          Transform Pairs     0.07s     0.07s 
saving vector of functions mp2_pair11
saving vector of functions mp2_pair22
timer:                        save pnos on disc     0.17s     0.17s 


No convergence yet. Energy change = 0.00031

timer:                        Whole Iteration 4    13.72s    13.72s 
Information About All Pairs:
mp2_pair11           number=0 rank=  4 frozen=false
mp2_pair21           number=1 rank=  0 frozen=true
mp2_pair22           number=2 rank=  4 frozen=false
number of pairs=3
average rank   =2 (2.66667)
largest rank   =4
PNOPairs Memory Information
Total: 0.00990 GB 
PNO  : 0.00990 GB 
KPNO : 0.00000 GB 
W    : 0.00000 GB 

timer:                                 truncate     0.03s     0.03s 
wall time=139.14183 chunk=8 allK.size()=8 memory=0.01022 GB
timer:                             compute KPNO     3.87s     3.87s 
wall time=139.27953 chunk=8 allJ.size()=8 memory=0.01096 GB
timer:                             compute JPNO     0.14s     0.14s 
timer:                    compute Fock matrices     1.28s     1.28s 
timer:                             MRA compress     0.00s     0.00s 
timer:                          Transform Pairs     0.31s     0.31s 
timer:                             Canonicalize     0.31s     0.31s 
PNOPairs Memory Information
Total: 0.01963 GB 
PNO  : 0.00965 GB 
KPNO : 0.00998 GB 
W    : 0.00000 GB 

timer:                                 truncate     0.04s     0.04s 
mp2_pair21 is frozen: potential not computed
timer:                   Fluctuation Potentials     2.16s     2.16s 
timer:                       Fluctuation Matrix     0.16s     0.16s 
PNOPairs Memory Information
Total: 0.03402 GB 
PNO  : 0.00965 GB 
KPNO : 0.00998 GB 
W    : 0.01439 GB 

PNOPairs Memory Information
Total: 0.03402 GB 
PNO  : 0.00965 GB 
KPNO : 0.00998 GB 
W    : 0.01439 GB 

timer:                                 truncate     0.05s     0.05s 
timer:                             PNO Overlaps     0.07s     0.07s 
t_iter =  0  Hylleraas energy =  0.00000  ||R||_F =  0.30078  conv =  no
subspace solution [*]   1.00000000

t_iter =  1  Hylleraas energy =  -0.04812  ||R||_F =  0.00000  conv =  yes
=======================================================

Hylleraas MP2 Energies

=======================================================
    i    j      singlet      triplet        Total
=======================================================
    1    1  -2.38639e-02  0.00000e+00 -2.38639e-02
    2    1   0.00000e+00  0.00000e+00  0.00000e+00
    2    2  -2.42604e-02  0.00000e+00 -2.42604e-02
=======================================================
Hylleraas MP2 Energies (singlet): -4.81243e-02
Hylleraas MP2 Energies (triplet):  0.00000e+00
Hylleraas MP2 Energies (total)  : -4.81243e-02
=======================================================
-------------------------------------------
Total Reg Energy  =-4.81243e-02
Total F12 Energy  = 0.00000e+00
Sum Energies Total=-4.81243e-02
-------------------------------------------
timer:                         Solve Amplitudes     0.03s     0.03s 
pair11: density evals:
 [*]   0.00392723   0.00452354   0.00452354   0.01121518

pair22: density evals:
 [*]   0.00385252   0.00440815   0.00440815   0.01514615

timer:                            compress PNOs     0.00s     0.00s 
timer:                             MRA compress     0.00s     0.00s 
timer:                          Transform Pairs     0.51s     0.51s 
timer:                          PNO Compression     0.51s     0.51s 
Information About All Pairs:
mp2_pair11           number=0 rank=  4 frozen=false
mp2_pair21           number=1 rank=  0 frozen=true
mp2_pair22           number=2 rank=  4 frozen=false
number of pairs=3
average rank   =2 (2.66667e+00)
largest rank   =4
saving vector of functions mp2_pair11
saving vector of functions mp2_pair22
timer:                        save pnos on disc     0.18s     0.18s 
PNOPairs Memory Information
Total: 0.03402 GB 
PNO  : 0.00957 GB 
KPNO : 0.01006 GB 
W    : 0.01439 GB 

timer:                                 truncate     0.07s     0.07s 
timer:      compute densities for G application     0.00s     0.00s 
pair21 is frozen: no optimization
timer:                Prepare for G application     0.42s     0.42s 
timer:                                    add K     0.05s     0.05s 
size of all Vpsi potentials (without Vnuc and J) 0.01358 GB 
time=145.38182 chunk=8 Vpsi+Vnuc+J=0.03377 GB
time=145.42071 chunk=8 Vpsi+Vnuc+J=0.03279 GB (after truncation)
timer:                           Apply G to all     2.88s     2.88s 
timer:                       apply Q and update     0.00s     0.00s 
mp2_pair11 residual norms:
[0.00588, 0.00441, 0.00441, 0.00729]
mp2_pair11 scaled residual norms:
[0.00037, 0.00030, 0.00030, 0.00077]
mp2_pair22 residual norms:
[0.00659, 0.00485, 0.00485, 0.00639]
mp2_pair22 scaled residual norms:
[0.00041, 0.00032, 0.00032, 0.00079]
timer:                          update all PNOs     3.37s     3.37s 
frozen pair: no orthonormalization
timer:                                     RRCD     0.06s     0.06s 
timer:                             MRA compress     0.00s     0.00s 
timer:                          Transform Pairs     0.15s     0.15s 
saving vector of functions mp2_pair11
saving vector of functions mp2_pair22
timer:                        save pnos on disc     0.16s     0.16s 


CONVERGED!
energy change = 0.00005

re-entering loop to compute the correct amplitudes and energies
timer:                        Whole Iteration 5    12.70s    12.70s 
Information About All Pairs:
mp2_pair11           number=0 rank=  4 frozen=false
mp2_pair21           number=1 rank=  0 frozen=true
mp2_pair22           number=2 rank=  4 frozen=false
number of pairs=3
average rank   =2 (2.66667)
largest rank   =4
PNOPairs Memory Information
Total: 0.00981 GB 
PNO  : 0.00981 GB 
KPNO : 0.00000 GB 
W    : 0.00000 GB 

timer:                                 truncate     0.04s     0.04s 
wall time=152.29748 chunk=8 allK.size()=8 memory=0.01022 GB
timer:                             compute KPNO     4.31s     4.31s 
wall time=152.45954 chunk=8 allJ.size()=8 memory=0.01096 GB
timer:                             compute JPNO     0.16s     0.16s 
timer:                    compute Fock matrices     1.21s     1.21s 
timer:                             MRA compress     0.00s     0.00s 
timer:                          Transform Pairs     0.24s     0.24s 
timer:                             Canonicalize     0.25s     0.25s 
PNOPairs Memory Information
Total: 0.01946 GB 
PNO  : 0.00957 GB 
KPNO : 0.00990 GB 
W    : 0.00000 GB 

timer:                                 truncate     0.03s     0.03s 
mp2_pair21 is frozen: potential not computed
timer:                   Fluctuation Potentials     2.03s     2.03s 
timer:                       Fluctuation Matrix     0.18s     0.18s 
PNOPairs Memory Information
Total: 0.03386 GB 
PNO  : 0.00957 GB 
KPNO : 0.00990 GB 
W    : 0.01439 GB 

PNOPairs Memory Information
Total: 0.03386 GB 
PNO  : 0.00957 GB 
KPNO : 0.00990 GB 
W    : 0.01439 GB 

timer:                                 truncate     0.03s     0.03s 
timer:                             PNO Overlaps     0.10s     0.10s 
t_iter =  0  Hylleraas energy =  0.00000  ||R||_F =  0.30167  conv =  no
subspace solution [*]   1.00000000

t_iter =  1  Hylleraas energy =  -0.04813  ||R||_F =  0.00000  conv =  yes
=======================================================

Hylleraas MP2 Energies

=======================================================
    i    j      singlet      triplet        Total
=======================================================
    1    1  -2.38670e-02  0.00000e+00 -2.38670e-02
    2    1   0.00000e+00  0.00000e+00  0.00000e+00
    2    2  -2.42651e-02  0.00000e+00 -2.42651e-02
=======================================================
Hylleraas MP2 Energies (singlet): -4.81321e-02
Hylleraas MP2 Energies (triplet):  0.00000e+00
Hylleraas MP2 Energies (total)  : -4.81321e-02
=======================================================
-------------------------------------------
Total Reg Energy  =-4.81321e-02
Total F12 Energy  = 0.00000e+00
Sum Energies Total=-4.81321e-02
-------------------------------------------
timer:                         Solve Amplitudes     0.00s     0.00s 
pair11: density evals:
 [*]   0.00390390   0.00450291   0.00450291   0.01114132

pair22: density evals:
 [*]   0.00382872   0.00438657   0.00438657   0.01506415

timer:                            compress PNOs     0.00s     0.00s 
timer:                             MRA compress     0.00s     0.00s 
timer:                          Transform Pairs     0.44s     0.44s 
timer:                          PNO Compression     0.44s     0.44s 
Information About All Pairs:
mp2_pair11           number=0 rank=  4 frozen=false
mp2_pair21           number=1 rank=  0 frozen=true
mp2_pair22           number=2 rank=  4 frozen=false
number of pairs=3
average rank   =2 (2.66667e+00)
largest rank   =4
saving vector of functions mp2_pair11
saving vector of functions mp2_pair22
timer:                        save pnos on disc     0.18s     0.18s 
exiting: Iterations converged
PNO ranks:
PNO Rank for pair pair11 = 4
PNO Rank for pair pair21 = 0
PNO Rank for pair pair22 = 4
average rank 2.66667e+00
timer:                               PNO::solve    77.98s    77.98s 

--------------------------------
ITERATE-PAIRS-INTERNAL-ENDED
--------------------------------
mp2_pair21 converged!


Adaptive Sovler:
 Current Energy=-4.8132058699e-02
 DeltaE        =-4.8132058699e-02
 max dE (pair) =-2.4265092373e-02 (2)
 all_pairs_conv=false




not converged yet

freeze pair mp2_pair21 (not further optimized: Energy below 1.0000000000e-05)
Maximum Rank of4 reached for all non-frozen pairs, no need to iterate further=======================================================

Final MP2 Energies

=======================================================
    i    j      singlet      triplet        Total
=======================================================
    1    1  -2.38670e-02  0.00000e+00 -2.38670e-02
    2    1   0.00000e+00  0.00000e+00  0.00000e+00
    2    2  -2.42651e-02  0.00000e+00 -2.42651e-02
=======================================================
Final MP2 Energies (singlet): -4.81321e-02
Final MP2 Energies (triplet):  0.00000e+00
Final MP2 Energies (total)  : -4.81321e-02
=======================================================
-------------------------------------------
Total Reg Energy  =-4.81321e-02
Total F12 Energy  = 0.00000e+00
Sum Energies Total=-4.81321e-02
-------------------------------------------
Average | Max Rank: 2 | 4



--------------------------------------------------
MRA-PNO-MP2-F12 ended 
--------------------------------------------------
                 time scf = 7.16385e+01
               energy scf = -1.57200e+01
--------------------------------------------------
restarting PNO to reload pairs that converged before and were frozen
PNO Parameters
pno
       rank_increase  15         # default   maximum rank to increase in every macroiteration
               chunk  100        # default   chunk of functions operated on in parallel when G or K is applied (prevent memory shortage)
               debug  false      # default   debug mode
              freeze  1          # derived   frozen core approximation
             maxrank  4          # defined   maximal pno rank for all pairs
           guesstype  exop       # derived   the guesstype: exop (recommended, multiply polynomial excitation operators onto the occupied orbitals), empty (don't compute a guess), scf (use the ao basis from the SCF solver), partial_wave (create s,p,d ..., type functions and place on atoms), predefined (same as partial_wave but for predefined sets)
                exop  multipole  # derived   this string defines which excitation operators can be used, use 'dipole', 'dipole+', 'quadrupole', 'ocopole', or 'multipole', need to set guesstype to 'exop' which is the default
          exop_trigo  true       # default   use trigonometric excitation operators ( x --> sin(x)
        partial_wave             # default   atom centered partial wave guess of format like 'h-2s1p-o-3s2p1d', need to set guesstype to 'partial_wave' and adaptive_solver to 'none'
          predefined             # default   predefined partial wave guesses of type pvxz with x=d,t,q,5,6, need to set guesstype to 'predefined' and adaptive_solver to 'none'
           maxiter_t  100        # default   maximal number of iterations in the amplitude solver
       maxiter_micro  10         # default   Maximum of iterations for every cycle in the adaptive solver
       maxiter_macro  10         # default   Maximum of iterations of cycles in the adaptive solver
                tpno  1.0000e-08 # default   PNO cutoff threshold
          tpno_tight  1.0000e-10 # derived   PNO cutoff for the first iteration
    canonicalize_pno  true       # default   canonicalize the pnos before the amplitude solver
              thresh  1.0000e-04 # defined   MRA threshold
         econv_micro  1.0000e-04 # derived   Energy convergence for microiterations (Greens function based optimization) in adaptive solver
         econv_pairs  1.0000e-05 # derived   ENergy convergence for individual pairs in adaptive solver. Converged pairs are frozen automatically
         econv_macro  1.0000e-04 # derived   Energy convergence for macroiterations in adaptive solver, no effect if adaptive_solver is deactivated
               dconv  1.0000e-01 # default   convergence of every PNO in the Green's function solver
           op_thresh  1.0000e-06 # default   MRA operator thresh
             restart  all        # defined   restart pairs of this type, use 'mp2', 'cispd', 'all' or 'none'
          no_compute  none       # default   do not compute the pairs of this type, use 'mp2', 'cispd', 'all' or 'none'
              no_opt  all        # defined   do not optimize the pnos of this type, use 'mp2', 'cispd', 'all' or 'none'
            no_guess  all        # defined   guess for this type will be empty, use 'mp2', 'cispd', 'all' or 'none'
     adaptive_solver  none       # defined   Use adaptive solver for those pairs, use 'mp2', 'cispd', 'all' or 'none', works only in combination with guesstype 'exop'
                kain  true       # default   use KAIN solver in amplitude solver
       kain_subspace  5          # default   subspace size of the KAIN solver (amplitudes)
                 f12  false      # defined   use explicit correlation
        cispd_number  -1         # default   CIS(D) excitation numbers, to read in correct functions
        cispd_energy  0.0000e+00 # default   CIS energy
        freeze_pairs  none       # default   frozen pairs will not be optimized: Expected format 'a b c d' will freeze pairs ab and cd
freeze_pairs_of_orbital  []         # default    All pairs which originate from this orbital will not be optimized
active_pairs_of_orbital  []         # default    All pairs which originate from this orbital will not be frozen all other pairs will, if this vector is not empty
no_opt_in_first_iteration  false      # default   Do not optimize in the first iteration (then the potentials do not have to be evaluated, use this for large guesses)
            exchange  full       # default   approximate exchange with 'neglect' or xc functional -> same syntax as moldft
           save_pnos  true       # default   Save the OBS-PNOs to a file, before and after orthonormalization.
            diagonal  true       # defined   Compute only diagonal PNOs

end

**********************
Solve PNO-MP2
*********************


**********************
Iterate Pairs
*********************


************************
Standard Solver
***********************

Initializing Pairs:
Restart demanded for mp2 pairs
loading vector of functions mp2_pair11
Found PNOs for mp2_pair11 with rank 4
loading vector of functions mp2_pair21
failed to find PNO mp2_pair21 initialize as zero function
nloading vector of functions mp2_pair22
Found PNOs for mp2_pair22 with rank 4
no guess was explicitly demanded for mp2

timer:                                     RRCD     0.06s     0.06s 
timer:                             MRA compress     0.00s     0.00s 
timer:                          Transform Pairs     0.14s     0.14s 
timer:          apply Q and orthonormalize PNOs     0.38s     0.38s 
Created Guess:
pair11 with 4 guess functions
pair21 with 0 guess functions
pair22 with 4 guess functions
guess pair11 size: 4.9066543579e-03 | 4.9066543579e-03 Gbyte (after truncation)
guess pair22 size: 4.6613216400e-03 | 4.6613216400e-03 Gbyte (after truncation)
timer:                           truncate guess     0.06s     0.06s 
timer:                         Initialize Pairs     0.47s     0.47s 
Information About All Pairs:
mp2_pair11           number=0 rank=  4 frozen=false
mp2_pair21           number=1 rank=  0 frozen=true
mp2_pair22           number=2 rank=  4 frozen=false
number of pairs=3
average rank   =2 (2.6666666667e+00)
largest rank   =4
SolveInternal: Parameters are assigned as
no_compute        = false
no_opt            = true
restart           = true
do_cispd          = false
econv             =1.0000000000e-04
maxrank (min,max) = (4,4)
Solving MP2 doubles
timer:          fock matrix     2.83s     2.83s
Information About All Pairs:
mp2_pair11           number=0 rank=  4 frozen=false
mp2_pair21           number=1 rank=  0 frozen=true
mp2_pair22           number=2 rank=  4 frozen=false
number of pairs=3
average rank   =2 (2.6666666667e+00)
largest rank   =4
PNOPairs Memory Information
Total: 0.0095679760 GB 
PNO  : 0.0095679760 GB 
KPNO : 0.0000000000 GB 
W    : 0.0000000000 GB 

timer:                                 truncate     0.07s     0.07s 
wall time=164.2814629078 chunk=8 allK.size()=8 memory=0.0102221966 GB
timer:                             compute KPNO     3.98s     3.98s 
wall time=164.4554119110 chunk=8 allJ.size()=8 memory=0.0107128620 GB
timer:                             compute JPNO     0.17s     0.17s 
timer:                    compute Fock matrices     1.21s     1.21s 
timer:                             MRA compress     0.00s     0.00s 
timer:                          Transform Pairs     0.29s     0.29s 
timer:                             Canonicalize     0.30s     0.30s 
PNOPairs Memory Information
Total: 0.0194630623 GB 
PNO  : 0.0095679760 GB 
KPNO : 0.0098950863 GB 
W    : 0.0000000000 GB 

timer:                                 truncate     0.03s     0.03s 
mp2_pair21 is frozen: potential not computed
timer:                   Fluctuation Potentials     2.14s     2.14s 
timer:                       Fluctuation Matrix     0.20s     0.20s 
PNOPairs Memory Information
Total: 0.0338559151 GB 
PNO  : 0.0095679760 GB 
KPNO : 0.0098950863 GB 
W    : 0.0143928528 GB 

PNOPairs Memory Information
Total: 0.0338559151 GB 
PNO  : 0.0095679760 GB 
KPNO : 0.0098950863 GB 
W    : 0.0143928528 GB 

timer:                                 truncate     0.05s     0.05s 
timer:                             PNO Overlaps     0.08s     0.08s 
t_iter =  0  Hylleraas energy =  0.0000000000  ||R||_F =  0.3016719017  conv =  no
subspace solution [*]   1.00000000

t_iter =  1  Hylleraas energy =  -0.0481316953  ||R||_F =  0.0000001390  conv =  yes
=======================================================

Hylleraas MP2 Energies

=======================================================
    i    j      singlet      triplet        Total
=======================================================
    1    1  -2.38667e-02  0.00000e+00 -2.38667e-02
    2    1   0.00000e+00  0.00000e+00  0.00000e+00
    2    2  -2.42650e-02  0.00000e+00 -2.42650e-02
=======================================================
Hylleraas MP2 Energies (singlet): -4.81317e-02
Hylleraas MP2 Energies (triplet):  0.00000e+00
Hylleraas MP2 Energies (total)  : -4.81317e-02
=======================================================
-------------------------------------------
Total Reg Energy  =-4.81317e-02
Total F12 Energy  = 0.00000e+00
Sum Energies Total=-4.81317e-02
-------------------------------------------
timer:                         Solve Amplitudes     0.00s     0.00s 
No optimization untill now: Compressing pno ranks with tighter threshold
1.00000e-10 instead of 1.00000e-08
pair11: density evals:
 [*]   0.00390361   0.00450291   0.00450291   0.01114124

pair22: density evals:
 [*]   0.00382845   0.00438657   0.00438657   0.01506423

timer:                            compress PNOs     0.00s     0.00s 
timer:                             MRA compress     0.00s     0.00s 
timer:                          Transform Pairs     0.45s     0.45s 
timer:                          PNO Compression     0.45s     0.45s 
Information About All Pairs:
mp2_pair11           number=0 rank=  4 frozen=false
mp2_pair21           number=1 rank=  0 frozen=true
mp2_pair22           number=2 rank=  4 frozen=false
number of pairs=3
average rank   =2 (2.66667e+00)
largest rank   =4
saving vector of functions mp2_pair11
saving vector of functions mp2_pair22
timer:                        save pnos on disc     0.16s     0.16s 
exiting: Found no_opt keyword
PNO ranks:
PNO Rank for pair pair11 = 4
PNO Rank for pair pair21 = 0
PNO Rank for pair pair22 = 4
average rank 2.66667e+00
timer:                               PNO::solve    11.75s    11.75s 

--------------------------------
ITERATE-PAIRS-INTERNAL-ENDED
--------------------------------
=======================================================

Final MP2 Energies

=======================================================
    i    j      singlet      triplet        Total
=======================================================
    1    1  -2.38667e-02  0.00000e+00 -2.38667e-02
    2    1   0.00000e+00  0.00000e+00  0.00000e+00
    2    2  -2.42650e-02  0.00000e+00 -2.42650e-02
=======================================================
Final MP2 Energies (singlet): -4.81317e-02
Final MP2 Energies (triplet):  0.00000e+00
Final MP2 Energies (total)  : -4.81317e-02
=======================================================
-------------------------------------------
Total Reg Energy  =-4.81317e-02
Total F12 Energy  = 0.00000e+00
Sum Energies Total=-4.81317e-02
-------------------------------------------
Average | Max Rank: 2 | 4
                 time pno = 8.45344e+01
               energy mp2 = -4.81317e-02
     average pno rank mp2 = 2
         max pno rank mp2 = 4
--------------------------------------------------
            energy(total) = -1.57681e+01
--------------------------------------------------



Orthonormalization technique used: symmetric
No CABS used.
Tightening thresholds to +0.00010000 for post-processing
Overlap Matrix of all PNOs:
+1.00000330 +0.24977197 +0.00000000 +0.00000000 
+0.24977197 +1.00000385 -0.00000000 -0.00000000 
+0.00000000 -0.00000000 +1.00000000 -0.00000000 
+0.00000000 -0.00000000 -0.00000000 +1.00000000 
Before cherry pick
rank is +0
all used occupation numbers:
[+0.01506423 +0.01114124 +0.00450291 +0.00450291 ]
corresponding to active pairs:
[(1,1) (0,0) (0,0) (0,0) ]
After cherry pick
all used occupation numbers:
[+0.01506423 +0.01114124 +0.00450291 +0.00450291 ]
corresponding to active pairs:
[(1,1) (0,0) (0,0) (0,0) ]
Overlap Matrix before symmetric
[+0,*]  +1.00000330  +0.24977197  +0.00000000  +0.00000000
[+1,*]  +0.24977197  +1.00000385  -0.00000000  -0.00000000
[+2,*]  +0.00000000  -0.00000000  +1.00000000  -0.00000000
[+3,*]  +0.00000000  -0.00000000  -0.00000000  +1.00000000
Overlap Matrix after symmetric
[+0,*]  +1.00000000  +0.00000000  +0.00000000  -0.00000000
[+1,*]  +0.00000000  +1.00000000  -0.00000000  +0.00000000
[+2,*]  +0.00000000  -0.00000000  +1.00000000  -0.00000000
[+3,*]  -0.00000000  +0.00000000  -0.00000000  +1.00000000
Adding 3 HF orbitals
Size before adding CABS: 7.
Size after adding CABS: 7.
Compute G and F Tensor:
Assemble g,f using symmetries...
non zero elements:
 g : +4102
 h : +27
Overlap over whole basis
[+0,*]  +1.00000000  +0.00000116  +0.00000020  -0.00000451  -0.00000463  +0.00000000  +0.00000000
[+1,*]  +0.00000116  +1.00000000  +0.00000037  +0.00000073  +0.00000076  -0.00000000  +0.00000000
[+2,*]  +0.00000020  +0.00000037  +1.00000000  +0.00000055  +0.00000056  -0.00000000  -0.00000000
[+3,*]  -0.00000451  +0.00000073  +0.00000055  +1.00000000  +0.00000000  +0.00000000  -0.00000000
[+4,*]  -0.00000463  +0.00000076  +0.00000056  +0.00000000  +1.00000000  +0.00000000  +0.00000000
[+5,*]  +0.00000000  -0.00000000  -0.00000000  +0.00000000  +0.00000000  +1.00000000  +0.00000000
[+6,*]  +0.00000000  +0.00000000  -0.00000000  -0.00000000  +0.00000000  +0.00000000  +1.00000000

||S-1||=+0.00000948
finished at time 209.6

    Parallel environment
    --------------------
                  #nodes    1
       #threads per node    11+main = 12
          #total threads    12

  RMI message statistics (min / avg / max)
  ----------------------
   #messages in server q    0.00e+00 / 0.00e+00 / 0.00e+00
 #messages sent per node    0.00e+00 / 0.00e+00 / 0.00e+00
    #bytes sent per node    0.00e+00 / 0.00e+00 / 0.00e+00
 #messages recv per node    0.00e+00 / 0.00e+00 / 0.00e+00
    #bytes recv per node    0.00e+00 / 0.00e+00 / 0.00e+00
        #msgs systemwide    0.00e+00
       #bytes systemwide    0.00e+00

  Thread pool statistics (min / avg / max)
  ----------------------
         #tasks per node    1.40e+07 / 1.40e+07 / 1.40e+07
     #max q len per node    1.11e+04 / 1.11e+04 / 1.11e+04
  #hi-pri tasks per node    4.84e+06 / 4.84e+06 / 4.84e+06

         Total wall time    209.6s
         Total  cpu time    209.6s

