MADNESS runtime initialized with 11 threads in the pool and affinity -1 -1 -1
starting at time 0.0

--------------------------------------------
   MADNESS 0.10.1 multiresolution suite
--------------------------------------------

   number of processors ... 1
    processor frequency ... 3.695833e+09
            host system ... Linux
          configured by ... kottmann
          configured on ... wittgenstein
          configured at ... 2021-02-10T21:25:26
                    CXX ... /usr/bin/c++
               CXXFLAGS ... -O3 -DNDEBUG -I/h/28/kottmann/install/numcpp/include/ -I/h/28/kottmann/install/boost/boost_1_72_0/include/ -std=c++1z
             tuning for ... default
                    MPI ... multiple
 multi-threaded runtime ... MADNESS ThreadPool
                   BLAS ... Intel MKL 66519 66519 MFLOP/s
               compiled ... 13:08:26  on  Feb 23 2021


-------------------------------------------------------------------------------------
SOLVING MRA-PNO-F12 as described in 
J.S. Kottmann, F.A. Bischoff, E.F. Valeev
Direct determination of optimal pair-natural orbitals in a real-space representation:
the second-order Møller-Plesset energy
Journal of Chemical Physics ... 2020
-------------------------------------------------------------------------------------


This script will run PNO-MP2 and print out tensors in binary
Call as: pno_integrals inputfileinput is input
ignoring unknown parameter in input file:  ncf

Angstrom being used to read input coordinates (1 Bohr = 1.88972613 Angstrom)


Asymptotic correction parameters
---------------------------------------
Atom vector is not empty: false
Using multipole approximation: false
Number of electrons = -1
Ionisation energy = 0.000000e+00
E(HOMO) = 0.000000e+00
R1 = 3.000000e+00
R2 = 4.000000e+00
DFT coefficient = 0.000000e+00
Interpolation scheme = linear
constructed symmetry operator for point group C1
dft
              charge  0.0000e+00 # defined   total molecular charge
                  xc  hf         # defined   XC input line
               smear  0.0000e+00 # default   smearing parameter
               econv  1.0000e-04 # defined   energy convergence
               dconv  5.0000e-04 # defined   density convergence
convergence_criteria  [bsh_residual, total_energy] # default   possible values are: bsh_residual, total_energy, each_energy, density
                   k  7          # defined   polynomial order
                   l  5.4756e+01 # derived   user coordinates box size
               deriv  abgv       # default   derivative method                            [abgv, bspline, ble]
           dft_deriv  abgv       # default   derivative method for gga potentials         [abgv, bspline, ble]
             maxrotn  2.5000e-01 # default   step restriction used in autoshift algorithm
             nvalpha  0          # default   number of alpha virtuals to compute
              nvbeta  0          # default   number of beta virtuals to compute
               nopen  0          # default   number of unpaired electrons = nalpha-nbeta
             maxiter  25         # default   maximum number of iterations
                 nio  1          # default   no. of io servers to use
     spin_restricted  true       # default   true if spin restricted
              plotlo  0          # default   range of MOs to print (for both spins if polarized
              plothi  -1         # default   range of MOs to print (for both spins if polarized
            plotdens  false      # default   If true print the density at convergence
            plotcoul  false      # default   If true plot the total coulomb potential at convergence
            localize  boys       # defined   localization method                          [pm, boys, new, canon]
          pointgroup  c1         # derived   use point (sub) group symmetry if not localized[c1, c2, ci, cs, c2v, c2h, d2, d2h]
             restart  false      # default   if true restart from orbitals on disk
           restartao  false      # default   if true restart from orbitals projected into AO basis (STO3G) on disk
          no_compute  false      # default   if true use orbitals on disk, set value to computed
           no_orient  false      # default   if true the molecule coordinates will not be reoriented
                save  true       # default   if true save orbitals to disk
              maxsub  10         # default   size of iterative subspace ... set to 0 or 1 to disable
        orbitalshift  0.0000e+00 # default   scf orbital shift: shift the occ orbitals to lower energies
            npt_plot  101        # default   no. of points to use in each dim for plots
           plot_cell  []         # default   lo hi in each dimension for plotting (default is all space)
             aobasis  6-31g      # derived   AO basis used for initial guess (6-31g or sto-3g)
           core_type  none       # default   core potential type                          [none, mpc]
         derivatives  false      # default   if true calculate nuclear derivatives
              dipole  false      # default   if true calculate dipole moment
      conv_only_dens  false      # default   if true remove bsh_residual from convergence criteria (deprecated)
            psp_calc  false      # default   pseudopotential calculation for all atoms
 print_dipole_matels  false      # default   if true output dipole matrix elements
            pcm_data  none       # default   do a PCM (solvent) calculation
             ac_data  none       # default   do a calculation with asymptotic correction (see ACParameters class in chem/AC.h for details)
             pure_ae  true       # default   pure all electron calculation with no pseudo-atoms
         print_level  3          # default   0: no output; 1: final energy; 2: iterations; 3: timings; 10: debug
              nalpha  3          # derived   number of alpha spin electrons
               nbeta  3          # derived   number of beta  spin electrons
           nmo_alpha  3          # derived   number of alpha spin molecular orbitals
            nmo_beta  3          # derived   number of beta spin molecular orbitals
                  lo  9.0905e-04 # derived   smallest length scale we need to resolve
            protocol  [1.0000e-04, 1.0000e-06] # derived   calculation protocol
                gopt  false      # default   geometry optimizer
                gtol  1.0000e-04 # default   geometry tolerance
               gtest  false      # default   geometry tolerance
                gval  1.0000e-05 # default   value precision
               gprec  1.0000e-04 # default   gradient precision
            gmaxiter  20         # default   optimization maxiter
    ginitial_hessian  false      # default   compute inital hessian for optimization
              algopt  bfgs       # default   algorithm used for optimization              [bfgs, cg]
            tdksprop  false      # default   time-dependent Kohn-Sham equation propagate
           nv_factor  1          # default   factor to multiply number of virtual orbitals with when automatically decreasing nvirt
           vnucextra  2          # default   load balance parameter for nuclear pot
        loadbalparts  2          # default   ??
            response  false      # default   response function calculation
       response_freq  0.0000e+00 # default   frequency for calculation response function
       response_axis  [1, 1, 1]  # default   response axis
           nonrotate  false      # default   if true do not molcule orient (redundant with no_orient
               rconv  1.0000e-06 # default   Response convergence
              efield  0.0000e+00 # default   eps for finite field
         efield_axis  0          # default   finite field axis                            [0, 1, 2]
              nwfile  none       # default   Base name of nwchem output files (.out and .movecs extensions) to read from
                 ncf  (none,1.0000e+00) # defined   nuclear correlation factor
             hessian  false      # default   compute the hessian matrix
           read_cphf  false      # default   read the converged orbital response for nuclear displacements from file
        restart_cphf  false      # default   read the guess orbital response for nuclear displacements from file
      purify_hessian  false      # default   symmetrize the hessian matrix based on atomic charges

end
              charge  0.0000e+00 # defined   total molecular charge
                  xc  hf         # defined   XC input line
               smear  0.0000e+00 # default   smearing parameter
               econv  1.0000e-04 # defined   energy convergence
               dconv  5.0000e-04 # defined   density convergence
convergence_criteria  [bsh_residual, total_energy] # default   possible values are: bsh_residual, total_energy, each_energy, density
                   k  7          # defined   polynomial order
                   l  5.4756e+01 # derived   user coordinates box size
               deriv  abgv       # default   derivative method                            [abgv, bspline, ble]
           dft_deriv  abgv       # default   derivative method for gga potentials         [abgv, bspline, ble]
             maxrotn  2.5000e-01 # default   step restriction used in autoshift algorithm
             nvalpha  0          # default   number of alpha virtuals to compute
              nvbeta  0          # default   number of beta virtuals to compute
               nopen  0          # default   number of unpaired electrons = nalpha-nbeta
             maxiter  25         # default   maximum number of iterations
                 nio  1          # default   no. of io servers to use
     spin_restricted  true       # default   true if spin restricted
              plotlo  0          # default   range of MOs to print (for both spins if polarized
              plothi  -1         # default   range of MOs to print (for both spins if polarized
            plotdens  false      # default   If true print the density at convergence
            plotcoul  false      # default   If true plot the total coulomb potential at convergence
            localize  boys       # defined   localization method                          [pm, boys, new, canon]
          pointgroup  c1         # derived   use point (sub) group symmetry if not localized[c1, c2, ci, cs, c2v, c2h, d2, d2h]
             restart  false      # default   if true restart from orbitals on disk
           restartao  false      # default   if true restart from orbitals projected into AO basis (STO3G) on disk
          no_compute  false      # default   if true use orbitals on disk, set value to computed
           no_orient  false      # default   if true the molecule coordinates will not be reoriented
                save  true       # default   if true save orbitals to disk
              maxsub  10         # default   size of iterative subspace ... set to 0 or 1 to disable
        orbitalshift  0.0000e+00 # default   scf orbital shift: shift the occ orbitals to lower energies
            npt_plot  101        # default   no. of points to use in each dim for plots
           plot_cell  []         # default   lo hi in each dimension for plotting (default is all space)
             aobasis  6-31g      # derived   AO basis used for initial guess (6-31g or sto-3g)
           core_type  none       # default   core potential type                          [none, mpc]
         derivatives  false      # default   if true calculate nuclear derivatives
              dipole  false      # default   if true calculate dipole moment
      conv_only_dens  false      # default   if true remove bsh_residual from convergence criteria (deprecated)
            psp_calc  false      # default   pseudopotential calculation for all atoms
 print_dipole_matels  false      # default   if true output dipole matrix elements
            pcm_data  none       # default   do a PCM (solvent) calculation
             ac_data  none       # default   do a calculation with asymptotic correction (see ACParameters class in chem/AC.h for details)
             pure_ae  true       # default   pure all electron calculation with no pseudo-atoms
         print_level  3          # default   0: no output; 1: final energy; 2: iterations; 3: timings; 10: debug
              nalpha  3          # derived   number of alpha spin electrons
               nbeta  3          # derived   number of beta  spin electrons
           nmo_alpha  3          # derived   number of alpha spin molecular orbitals
            nmo_beta  3          # derived   number of beta spin molecular orbitals
                  lo  9.0905e-04 # derived   smallest length scale we need to resolve
            protocol  [1.0000e-04, 1.0000e-06] # derived   calculation protocol
                gopt  false      # default   geometry optimizer
                gtol  1.0000e-04 # default   geometry tolerance
               gtest  false      # default   geometry tolerance
                gval  1.0000e-05 # default   value precision
               gprec  1.0000e-04 # default   gradient precision
            gmaxiter  20         # default   optimization maxiter
    ginitial_hessian  false      # default   compute inital hessian for optimization
              algopt  bfgs       # default   algorithm used for optimization              [bfgs, cg]
            tdksprop  false      # default   time-dependent Kohn-Sham equation propagate
           nv_factor  1          # default   factor to multiply number of virtual orbitals with when automatically decreasing nvirt
           vnucextra  2          # default   load balance parameter for nuclear pot
        loadbalparts  2          # default   ??
            response  false      # default   response function calculation
       response_freq  0.0000e+00 # default   frequency for calculation response function
       response_axis  [1, 1, 1]  # default   response axis
           nonrotate  false      # default   if true do not molcule orient (redundant with no_orient
               rconv  1.0000e-06 # default   Response convergence
              efield  0.0000e+00 # default   eps for finite field
         efield_axis  0          # default   finite field axis                            [0, 1, 2]
              nwfile  none       # default   Base name of nwchem output files (.out and .movecs extensions) to read from



 geometry
   eprec 1.0e-06
   units atomic
   Be            0.00000000           0.00000000           0.15747718
   H             0.00000000           0.00000000           4.12590206
   H             0.00000000           0.00000000          -4.75581077
 end

Solving NDIM= 3  with thresh 1.000000e-04     k 7    conv 5.000000e-04 

timer:     Project vnuclear     0.65s     0.65s
constructed nuclear correlation factor of the form
    R   =  1.000000e+00
with eprec  1.000000e-06
which means it's (nearly) a conventional calculation

timer:        reproject ncf     1.90s     1.90s
timer:        guess density     0.50s     0.50s
timer:   guess Coulomb potn     0.44s     0.44s
timer:       guess lda potn     0.24s     0.24s
timer:        guess overlap     0.03s     0.03s
timer:    KEmat reconstruct     0.06s     0.06s
timer:  KEmat differentiate     0.30s     0.30s
timer:       KEmat compress     0.14s     0.14s
timer: KEmat inner products     0.27s     0.27s
timer:     guess Kinet potn     0.78s     0.78s
timer:           guess fock     0.64s     0.64s
timer:      guess eigen sol     0.08s     0.08s
timer: guess orbital groupi     0.16s     0.16s

starting protocol at time      7.8s 
precision steps  1.000000e-04  -->  1.000000e-04
protocol: thresh 1.000000e-04 econv  1.000000e-04 dconv 5.000000e-04

ending protocol at time      7.8s 

Solving NDIM= 3  with thresh 1.000000e-04     k 7    conv 5.000000e-04 

timer:        Boys localize     0.96s     0.96s
orbital irreps []
timer:      reconstruct psi     0.16s     0.16s
timer:        compute Jnemo     0.73s     0.73s
timer:        compute Knemo     1.98s     1.98s
timer: compute Unemo 0.0155     0.22s     0.22s

  nuclear and kinetic     -23.60147069
         kinetic only      15.11080662
              coulomb       9.35408801
             exchange      -3.20561769
    nuclear-repulsion       1.93466627
   regularized energy     -15.51833411
  buggy if hybrid functionals are used..
timer:       compute energy     3.85s     3.85s
Norm of vector changes ab spin case : rms 7.636288e-02    max 1.149237e-01
convergence: bshresidual, energy change, max energy change, density change 8.5e-02 1.6e+01 1.6e+01 1.4e+00
finished iteration  0 at time     21.1s with energy  -15.51833411
timer:        Boys localize     1.09s     1.09s
orbital irreps []
timer:      reconstruct psi     0.18s     0.18s
timer:        compute Jnemo     0.65s     0.65s
timer:        compute Knemo     2.06s     2.06s
timer: compute Unemo 0.0155     0.17s     0.17s

  nuclear and kinetic     -23.70393614
         kinetic only      15.04883483
              coulomb       9.37051461
             exchange      -3.16087715
    nuclear-repulsion       1.93466627
   regularized energy     -15.55963242
  buggy if hybrid functionals are used..
timer:       compute energy     3.38s     3.37s
Norm of vector changes ab spin case : rms 3.463822e-02    max 4.999318e-02
convergence: bshresidual, energy change, max energy change, density change 2.5e-02 4.1e-02 1.0e-01 1.4e-02
finished iteration  1 at time     34.0s with energy  -15.55963242
timer:        Boys localize     0.94s     0.94s
orbital irreps []
timer:      reconstruct psi     0.15s     0.15s
timer:        compute Jnemo     0.67s     0.67s
timer:        compute Knemo     1.96s     1.96s
timer: compute Unemo 0.0154     0.15s     0.15s

  nuclear and kinetic     -23.76609273
         kinetic only      15.04326372
              coulomb       9.41071799
             exchange      -3.14488868
    nuclear-repulsion       1.93466627
   regularized energy     -15.56559716
  buggy if hybrid functionals are used..
timer:       compute energy     3.40s     3.40s
Norm of vector changes ab spin case : rms 1.061953e-02    max 1.598222e-02
convergence: bshresidual, energy change, max energy change, density change 5.8e-03 6.0e-03 6.2e-02 4.2e-03
finished iteration  2 at time     46.4s with energy  -15.56559716
timer:        Boys localize     0.95s     0.95s
orbital irreps []
timer:      reconstruct psi     0.18s     0.18s
timer:        compute Jnemo     0.66s     0.66s
timer:        compute Knemo     2.01s     2.01s
timer: compute Unemo 0.0152     0.19s     0.19s

  nuclear and kinetic     -23.79246542
         kinetic only      15.04216645
              coulomb       9.43252568
             exchange      -3.14099183
    nuclear-repulsion       1.93466627
   regularized energy     -15.56626530
  buggy if hybrid functionals are used..
timer:       compute energy     3.54s     3.54s
Norm of vector changes ab spin case : rms 5.025141e-03    max 7.181635e-03
convergence: bshresidual, energy change, max energy change, density change 2.2e-03 6.7e-04 2.6e-02 1.1e-03
finished iteration  3 at time     59.4s with energy  -15.56626530
timer:        Boys localize     1.09s     1.09s
orbital irreps []
timer:      reconstruct psi     0.24s     0.24s
timer:        compute Jnemo     0.73s     0.73s
timer:        compute Knemo     2.07s     2.07s
timer: compute Unemo 0.0153     0.19s     0.19s

  nuclear and kinetic     -23.80117244
         kinetic only      15.04114259
              coulomb       9.44054902
             exchange      -3.14041253
    nuclear-repulsion       1.93466627
   regularized energy     -15.56636968
  buggy if hybrid functionals are used..
timer:       compute energy     3.64s     3.64s
Norm of vector changes ab spin case : rms 1.969039e-03    max 2.862696e-03
convergence: bshresidual, energy change, max energy change, density change 8.7e-04 1.0e-04 8.7e-03 4.7e-04
finished iteration  4 at time     73.6s with energy  -15.56636968
timer:        Boys localize     1.03s     1.03s
orbital irreps []
timer:      reconstruct psi     0.14s     0.14s
timer:        compute Jnemo     0.77s     0.77s
timer:        compute Knemo     2.07s     2.07s
timer: compute Unemo 0.0152     0.17s     0.17s

  nuclear and kinetic     -23.80100054
         kinetic only      15.04052642
              coulomb       9.44068675
             exchange      -3.14073974
    nuclear-repulsion       1.93466627
   regularized energy     -15.56638727
  buggy if hybrid functionals are used..
timer:       compute energy     3.84s     3.84s
Norm of vector changes ab spin case : rms 8.888825e-04    max 1.292491e-03
convergence: bshresidual, energy change, max energy change, density change 4.4e-04 1.8e-05 6.2e-04 1.7e-04
finished iteration  5 at time     87.4s with energy  -15.56638727

Iterations converged


ending protocol at time     87.5s 

 Dipole Moment (a.u.)
 -----------

     x:  -2.947427e-14
     y:  -2.045422e-14
     z:  4.664760e-01
 Total Dipole Moment:  4.664760e-01 

timer:               dipole     0.07s     0.07s
Nemo Orbital Energies: [*]  -4.84991887  -0.40533572  -0.34529867

nemo energy:  -1.556639e+01
 at time 88.2
PNO Integrals evaluated as:
pnoint
       rank_increase  15         # default   maximum rank to increase in every macroiteration
               chunk  100        # default   chunk of functions operated on in parallel when G or K is applied (prevent memory shortage)
               debug  false      # default   debug mode
              freeze  1          # derived   frozen core approximation
             maxrank  3          # defined   maximal pno rank for all pairs
           guesstype  exop       # derived   the guesstype: exop (recommended, multiply polynomial excitation operators onto the occupied orbitals), empty (don't compute a guess), scf (use the ao basis from the SCF solver), partial_wave (create s,p,d ..., type functions and place on atoms), predefined (same as partial_wave but for predefined sets)
                exop  multipole  # derived   this string defines which excitation operators can be used, use 'dipole', 'dipole+', 'quadrupole', 'ocopole', or 'multipole', need to set guesstype to 'exop' which is the default
          exop_trigo  true       # default   use trigonometric excitation operators ( x --> sin(x)
        partial_wave             # default   atom centered partial wave guess of format like 'h-2s1p-o-3s2p1d', need to set guesstype to 'partial_wave' and adaptive_solver to 'none'
          predefined             # default   predefined partial wave guesses of type pvxz with x=d,t,q,5,6, need to set guesstype to 'predefined' and adaptive_solver to 'none'
           maxiter_t  100        # default   maximal number of iterations in the amplitude solver
       maxiter_micro  10         # default   Maximum of iterations for every cycle in the adaptive solver
       maxiter_macro  10         # default   Maximum of iterations of cycles in the adaptive solver
                tpno  1.0000e-08 # default   PNO cutoff threshold
          tpno_tight  1.0000e-10 # derived   PNO cutoff for the first iteration
    canonicalize_pno  true       # default   canonicalize the pnos before the amplitude solver
              thresh  1.0000e-04 # defined   MRA threshold
         econv_micro  1.0000e-04 # derived   Energy convergence for microiterations (Greens function based optimization) in adaptive solver
         econv_pairs  1.0000e-05 # derived   ENergy convergence for individual pairs in adaptive solver. Converged pairs are frozen automatically
         econv_macro  1.0000e-04 # derived   Energy convergence for macroiterations in adaptive solver, no effect if adaptive_solver is deactivated
               dconv  1.0000e-01 # default   convergence of every PNO in the Green's function solver
           op_thresh  1.0000e-06 # default   MRA operator thresh
             restart  none       # derived   restart pairs of this type, use 'mp2', 'cispd', 'all' or 'none'
          no_compute  none       # default   do not compute the pairs of this type, use 'mp2', 'cispd', 'all' or 'none'
              no_opt  none       # default   do not optimize the pnos of this type, use 'mp2', 'cispd', 'all' or 'none'
            no_guess  none       # derived   guess for this type will be empty, use 'mp2', 'cispd', 'all' or 'none'
     adaptive_solver  all        # default   Use adaptive solver for those pairs, use 'mp2', 'cispd', 'all' or 'none', works only in combination with guesstype 'exop'
                kain  true       # default   use KAIN solver in amplitude solver
       kain_subspace  5          # default   subspace size of the KAIN solver (amplitudes)
                 f12  false      # defined   use explicit correlation
        cispd_number  -1         # default   CIS(D) excitation numbers, to read in correct functions
        cispd_energy  0.0000e+00 # default   CIS energy
        freeze_pairs  none       # default   frozen pairs will not be optimized: Expected format 'a b c d' will freeze pairs ab and cd
freeze_pairs_of_orbital  []         # default    All pairs which originate from this orbital will not be optimized
active_pairs_of_orbital  []         # default    All pairs which originate from this orbital will not be frozen all other pairs will, if this vector is not empty
no_opt_in_first_iteration  false      # default   Do not optimize in the first iteration (then the potentials do not have to be evaluated, use this for large guesses)
            exchange  full       # default   approximate exchange with 'neglect' or xc functional -> same syntax as moldft
           save_pnos  true       # default   Save the OBS-PNOs to a file, before and after orthonormalization.
            diagonal  true       # defined   Compute only diagonal PNOs
              orthog  symmetric  # defined   orthogonalization method for PNO basis, also current default for a potential CABS. options: symmetric, canonical, cholesky, rr_cholesky,
         orthog_cabs  default    # default   orthogonalization method for CABS basis. options: symmetric, canonical, cholesky, rr_cholesky, uses same as orbitals basis if default.
               n_pno  6          # defined   desired size of PNO-basis (orbital space)
         cabs_option  none       # default   type of complementary auxiliary basis to be used. can be none ~ no CABS, gbs ~ Gaussian basis set as CABS, requires input via auxbas_file, pno ~ use superfluous PNOs as CABS, mixed ~ gbs&pno-option
       pno_cabs_size  -1         # default   size of a potential pno-cabs. defaults to -1 ~ all remaining PNOs, if pno-cabs or mixed-cabs
           only_diag  false      # default   use only diagonal elements PNOs
         cherry_pick  []         # default   cherry pick option to choose particular set of PNOs, not just blindly by occupation number. can be useful, if only a restricted number of PNOs can be used, to avoid separating degenerate pairs. can be envoked by passing a vector via [ elem1, elem2, ... ]
               gamma  1.4000e+00 # default   The f12 length scale, here to be used to compute f12-integrals
         cabs_thresh  1.0000e-04 # derived    thresh for cabs part
              auxbas  none       # default   atom centered partial wave guess of format like 'h-2s1p-o-3s2p1d'
         auxbas_file  none       # default   Use external comp. aux. basis in addition to the pnos as auxbasis. Give the filename as parameter. Give the auxbas in turbomole format. Don't use contractions. If a file is specified the auxbas parameter has no effect
   print_pno_overlap  true       # default   Print overlap matrix at certain steps in computation, for debugging purposes.
              n_virt  0          # defined   Compute this number of virtuals and include them in the integral construction, experimental and not robust!.
      hardcore_boson  false      # default   compute only integrals for hardcore boson hamiltonian (restricted to double occupations)

end
F12 Operators initialized right
timer:                    Testing F12 Operators     0.82s     0.82s 
timer:  Initializing (active) Exchange Orbitals     2.14s     2.14s 
Size of active mos and their exchange potentials:
K(acmos)=3.066659e-03 Gbyte
acmos   =2.831548e-03 Gbyte
PNO Parameters
pno
       rank_increase  15         # default   maximum rank to increase in every macroiteration
               chunk  100        # default   chunk of functions operated on in parallel when G or K is applied (prevent memory shortage)
               debug  false      # default   debug mode
              freeze  1          # derived   frozen core approximation
             maxrank  3          # defined   maximal pno rank for all pairs
           guesstype  exop       # derived   the guesstype: exop (recommended, multiply polynomial excitation operators onto the occupied orbitals), empty (don't compute a guess), scf (use the ao basis from the SCF solver), partial_wave (create s,p,d ..., type functions and place on atoms), predefined (same as partial_wave but for predefined sets)
                exop  multipole  # derived   this string defines which excitation operators can be used, use 'dipole', 'dipole+', 'quadrupole', 'ocopole', or 'multipole', need to set guesstype to 'exop' which is the default
          exop_trigo  true       # default   use trigonometric excitation operators ( x --> sin(x)
        partial_wave             # default   atom centered partial wave guess of format like 'h-2s1p-o-3s2p1d', need to set guesstype to 'partial_wave' and adaptive_solver to 'none'
          predefined             # default   predefined partial wave guesses of type pvxz with x=d,t,q,5,6, need to set guesstype to 'predefined' and adaptive_solver to 'none'
           maxiter_t  100        # default   maximal number of iterations in the amplitude solver
       maxiter_micro  10         # default   Maximum of iterations for every cycle in the adaptive solver
       maxiter_macro  10         # default   Maximum of iterations of cycles in the adaptive solver
                tpno  1.0000e-08 # default   PNO cutoff threshold
          tpno_tight  1.0000e-10 # derived   PNO cutoff for the first iteration
    canonicalize_pno  true       # default   canonicalize the pnos before the amplitude solver
              thresh  1.0000e-04 # defined   MRA threshold
         econv_micro  1.0000e-04 # derived   Energy convergence for microiterations (Greens function based optimization) in adaptive solver
         econv_pairs  1.0000e-05 # derived   ENergy convergence for individual pairs in adaptive solver. Converged pairs are frozen automatically
         econv_macro  1.0000e-04 # derived   Energy convergence for macroiterations in adaptive solver, no effect if adaptive_solver is deactivated
               dconv  1.0000e-01 # default   convergence of every PNO in the Green's function solver
           op_thresh  1.0000e-06 # default   MRA operator thresh
             restart  none       # derived   restart pairs of this type, use 'mp2', 'cispd', 'all' or 'none'
          no_compute  none       # default   do not compute the pairs of this type, use 'mp2', 'cispd', 'all' or 'none'
              no_opt  none       # default   do not optimize the pnos of this type, use 'mp2', 'cispd', 'all' or 'none'
            no_guess  none       # derived   guess for this type will be empty, use 'mp2', 'cispd', 'all' or 'none'
     adaptive_solver  all        # default   Use adaptive solver for those pairs, use 'mp2', 'cispd', 'all' or 'none', works only in combination with guesstype 'exop'
                kain  true       # default   use KAIN solver in amplitude solver
       kain_subspace  5          # default   subspace size of the KAIN solver (amplitudes)
                 f12  false      # defined   use explicit correlation
        cispd_number  -1         # default   CIS(D) excitation numbers, to read in correct functions
        cispd_energy  0.0000e+00 # default   CIS energy
        freeze_pairs  none       # default   frozen pairs will not be optimized: Expected format 'a b c d' will freeze pairs ab and cd
freeze_pairs_of_orbital  []         # default    All pairs which originate from this orbital will not be optimized
active_pairs_of_orbital  []         # default    All pairs which originate from this orbital will not be frozen all other pairs will, if this vector is not empty
no_opt_in_first_iteration  false      # default   Do not optimize in the first iteration (then the potentials do not have to be evaluated, use this for large guesses)
            exchange  full       # default   approximate exchange with 'neglect' or xc functional -> same syntax as moldft
           save_pnos  true       # default   Save the OBS-PNOs to a file, before and after orthonormalization.
            diagonal  true       # defined   Compute only diagonal PNOs

end

**********************
Solve PNO-MP2
*********************


**********************
Iterate Pairs
*********************


************************
Adaptive Solver
***********************

Initializing empty Pairs:
no guess was explicitly demanded for mp2

timer:                                     RRCD     0.00s     0.00s 
timer:                             MRA compress     0.00s     0.00s 
timer:                          Transform Pairs     0.00s     0.00s 
timer:          apply Q and orthonormalize PNOs     0.00s     0.00s 
Created Guess:
pair11 with 0 guess functions
pair21 with 0 guess functions
pair22 with 0 guess functions
guess pair11 size: 0.0000000000e+00 | 0.0000000000e+00 Gbyte (after truncation)
guess pair22 size: 0.0000000000e+00 | 0.0000000000e+00 Gbyte (after truncation)
timer:                           truncate guess     0.00s     0.00s 
timer:                         Initialize Pairs     0.00s     0.00s 
Keyword multipole is not known
Guess protocol for adaptively growing ranks is: [dipole+, quadrupole, big_fock_3, big_fock_3, big_fock_3, big_fock_3, big_fock_3, big_fock_3, big_fock_3, big_fock_3]


--------Adaptive Solver Macroiteration 0 from max 10 ----------

Growing ranks with exop=dipole+
Create guess functions by multiplying plane-waves to 1 functions 
Created 4 virtuals for pair11
pair21 is frozen: no growing
Create guess functions by multiplying plane-waves to 1 functions 
Created 4 virtuals for pair22
frozen pair: no orthonormalization
timer:                                     RRCD     0.05s     0.05s 
timer:                             MRA compress     0.00s     0.00s 
timer:                          Transform Pairs     0.09s     0.09s 
timer:                        grow PNO subspace     1.89s     1.89s 
SolveInternal: Parameters are assigned as
no_compute        = false
no_opt            = false
restart           = false
do_cispd          = false
econv             =1.0000000000e-04
maxrank (min,max) = (3,3)
Solving MP2 doubles
timer:          fock matrix     3.08s     3.08s
Information About All Pairs:
mp2_pair11           number=0 rank=  4 frozen=false
mp2_pair21           number=1 rank=  0 frozen=true
mp2_pair22           number=2 rank=  4 frozen=false
number of pairs=3
average rank   =2 (2.6666666667e+00)
largest rank   =4
PNOPairs Memory Information
Total: 0.0109581947 GB 
PNO  : 0.0109581947 GB 
KPNO : 0.0000000000 GB 
W    : 0.0000000000 GB 

timer:                                 truncate     0.08s     0.08s 
wall time=102.2345929146 chunk=8 allK.size()=8 memory=0.0101404190 GB
timer:                             compute KPNO     4.10s     4.10s 
wall time=102.3920118809 chunk=8 allJ.size()=8 memory=0.0119395256 GB
timer:                             compute JPNO     0.16s     0.16s 
timer:                    compute Fock matrices     1.42s     1.42s 
timer:                             MRA compress     0.00s     0.00s 
timer:                          Transform Pairs     0.26s     0.26s 
timer:                             Canonicalize     0.26s     0.26s 
PNOPairs Memory Information
Total: 0.0206897259 GB 
PNO  : 0.0106310844 GB 
KPNO : 0.0100586414 GB 
W    : 0.0000000000 GB 

timer:                                 truncate     0.03s     0.03s 
mp2_pair21 is frozen: potential not computed
timer:                   Fluctuation Potentials     2.43s     2.43s 
timer:                       Fluctuation Matrix     0.14s     0.14s 
PNOPairs Memory Information
Total: 0.0350825787 GB 
PNO  : 0.0106310844 GB 
KPNO : 0.0100586414 GB 
W    : 0.0143928528 GB 

PNOPairs Memory Information
Total: 0.0350825787 GB 
PNO  : 0.0106310844 GB 
KPNO : 0.0100586414 GB 
W    : 0.0143928528 GB 

timer:                                 truncate     0.04s     0.04s 
timer:                             PNO Overlaps     0.06s     0.06s 
t_iter =  0  Hylleraas energy =  0.0000000000  ||R||_F =  0.1621878924  conv =  no
subspace solution [*]   1.00000000

t_iter =  1  Hylleraas energy =  -0.0291576797  ||R||_F =  0.0000000267  conv =  yes
=======================================================

Hylleraas MP2 Energies

=======================================================
    i    j      singlet      triplet        Total
=======================================================
    1    1  -1.34359e-02  0.00000e+00 -1.34359e-02
    2    1   0.00000e+00  0.00000e+00  0.00000e+00
    2    2  -1.57218e-02  0.00000e+00 -1.57218e-02
=======================================================
Hylleraas MP2 Energies (singlet): -2.91577e-02
Hylleraas MP2 Energies (triplet):  0.00000e+00
Hylleraas MP2 Energies (total)  : -2.91577e-02
=======================================================
-------------------------------------------
Total Reg Energy  =-2.91577e-02
Total F12 Energy  = 0.00000e+00
Sum Energies Total=-2.91577e-02
-------------------------------------------
timer:                         Solve Amplitudes     0.00s     0.00s 
No optimization untill now: Compressing pno ranks with tighter threshold
1.00000e-10 instead of 1.00000e-08
pair11: density evals:
 [*]   0.00277323   0.00383970   0.00383970   0.01686299

pair11: # of PNOs reduced from  4  to  3  maxrank= 3
pair22: density evals:
 [*]   0.00266294   0.00350772   0.00350772   0.03075780

pair22: # of PNOs reduced from  4  to  3  maxrank= 3
timer:                            compress PNOs     0.00s     0.00s 
timer:                             MRA compress     0.00s     0.00s 
timer:                          Transform Pairs     0.39s     0.39s 
timer:                          PNO Compression     0.40s     0.40s 
Information About All Pairs:
mp2_pair11           number=0 rank=  3 frozen=false
mp2_pair21           number=1 rank=  0 frozen=true
mp2_pair22           number=2 rank=  3 frozen=false
number of pairs=3
average rank   =2 (2.00000e+00)
largest rank   =3
saving vector of functions mp2_pair11
saving vector of functions mp2_pair22
timer:                        save pnos on disc     0.14s     0.14s 
PNOPairs Memory Information
Total: 0.02511 GB 
PNO  : 0.00740 GB 
KPNO : 0.00716 GB 
W    : 0.01055 GB 

timer:                                 truncate     0.05s     0.05s 
timer:      compute densities for G application     0.00s     0.00s 
pair21 is frozen: no optimization
timer:                Prepare for G application     0.27s     0.27s 
timer:                                    add K     0.03s     0.03s 
size of all Vpsi potentials (without Vnuc and J) 0.00953 GB 
time=108.33934 chunk=6 Vpsi+Vnuc+J=0.02155 GB
time=108.40441 chunk=6 Vpsi+Vnuc+J=0.02106 GB (after truncation)
timer:                           Apply G to all     2.47s     2.47s 
timer:                       apply Q and update     0.00s     0.00s 
mp2_pair11 residual norms:
[0.35672, 0.35672, 0.40179]
mp2_pair11 scaled residual norms:
[0.02210, 0.02210, 0.05218]
mp2_pair22 residual norms:
[0.35946, 0.35946, 0.37865]
mp2_pair22 scaled residual norms:
[0.02129, 0.02129, 0.06641]
timer:                          update all PNOs     2.77s     2.77s 
frozen pair: no orthonormalization
timer:                                     RRCD     0.03s     0.03s 
timer:                             MRA compress     0.00s     0.00s 
timer:                          Transform Pairs     0.07s     0.07s 
saving vector of functions mp2_pair11
saving vector of functions mp2_pair22
timer:                        save pnos on disc     0.15s     0.15s 


No convergence yet. Energy change = 0.02916

timer:                        Whole Iteration 1    12.36s    12.36s 
Information About All Pairs:
mp2_pair11           number=0 rank=  3 frozen=false
mp2_pair21           number=1 rank=  0 frozen=true
mp2_pair22           number=2 rank=  3 frozen=false
number of pairs=3
average rank   =2 (2.00000)
largest rank   =3
PNOPairs Memory Information
Total: 0.00756 GB 
PNO  : 0.00756 GB 
KPNO : 0.00000 GB 
W    : 0.00000 GB 

timer:                                 truncate     0.05s     0.05s 
wall time=113.82193 chunk=6 allK.size()=6 memory=0.00724 GB
timer:                             compute KPNO     3.35s     3.35s 
wall time=114.00388 chunk=6 allJ.size()=6 memory=0.00822 GB
timer:                             compute JPNO     0.18s     0.18s 
timer:                    compute Fock matrices     1.06s     1.06s 
timer:                             MRA compress     0.00s     0.00s 
timer:                          Transform Pairs     0.33s     0.33s 
timer:                             Canonicalize     0.33s     0.33s 
PNOPairs Memory Information
Total: 0.01480 GB 
PNO  : 0.00756 GB 
KPNO : 0.00724 GB 
W    : 0.00000 GB 

timer:                                 truncate     0.04s     0.04s 
mp2_pair21 is frozen: potential not computed
timer:                   Fluctuation Potentials     1.83s     1.83s 
timer:                       Fluctuation Matrix     0.16s     0.16s 
PNOPairs Memory Information
Total: 0.02568 GB 
PNO  : 0.00756 GB 
KPNO : 0.00724 GB 
W    : 0.01088 GB 

PNOPairs Memory Information
Total: 0.02568 GB 
PNO  : 0.00756 GB 
KPNO : 0.00724 GB 
W    : 0.01088 GB 

timer:                                 truncate     0.03s     0.03s 
timer:                             PNO Overlaps     0.09s     0.09s 
t_iter =  0  Hylleraas energy =  0.00000  ||R||_F =  0.21642  conv =  no
subspace solution [*]   1.00000000

t_iter =  1  Hylleraas energy =  -0.04609  ||R||_F =  0.00000  conv =  yes
=======================================================

Hylleraas MP2 Energies

=======================================================
    i    j      singlet      triplet        Total
=======================================================
    1    1  -2.09249e-02  0.00000e+00 -2.09249e-02
    2    1   0.00000e+00  0.00000e+00  0.00000e+00
    2    2  -2.51625e-02  0.00000e+00 -2.51625e-02
=======================================================
Hylleraas MP2 Energies (singlet): -4.60874e-02
Hylleraas MP2 Energies (triplet):  0.00000e+00
Hylleraas MP2 Energies (total)  : -4.60874e-02
=======================================================
-------------------------------------------
Total Reg Energy  =-4.60874e-02
Total F12 Energy  = 0.00000e+00
Sum Energies Total=-4.60874e-02
-------------------------------------------
timer:                         Solve Amplitudes     0.00s     0.00s 
pair11: density evals:
 [*]   0.00457816   0.00457816   0.02778645

pair22: density evals:
 [*]   0.00411665   0.00411665   0.05119199

timer:                            compress PNOs     0.00s     0.00s 
timer:                             MRA compress     0.00s     0.00s 
timer:                          Transform Pairs     0.38s     0.38s 
timer:                          PNO Compression     0.38s     0.38s 
Information About All Pairs:
mp2_pair11           number=0 rank=  3 frozen=false
mp2_pair21           number=1 rank=  0 frozen=true
mp2_pair22           number=2 rank=  3 frozen=false
number of pairs=3
average rank   =2 (2.00000e+00)
largest rank   =3
saving vector of functions mp2_pair11
saving vector of functions mp2_pair22
timer:                        save pnos on disc     0.13s     0.13s 
PNOPairs Memory Information
Total: 0.02568 GB 
PNO  : 0.00756 GB 
KPNO : 0.00724 GB 
W    : 0.01088 GB 

timer:                                 truncate     0.02s     0.02s 
timer:      compute densities for G application     0.00s     0.00s 
pair21 is frozen: no optimization
timer:                Prepare for G application     0.27s     0.27s 
timer:                                    add K     0.06s     0.06s 
size of all Vpsi potentials (without Vnuc and J) 0.01067 GB 
time=119.05285 chunk=6 Vpsi+Vnuc+J=0.02138 GB
time=119.09151 chunk=6 Vpsi+Vnuc+J=0.02032 GB (after truncation)
timer:                           Apply G to all     2.37s     2.37s 
timer:                       apply Q and update     0.00s     0.00s 
mp2_pair11 residual norms:
[0.08858, 0.08858, 0.11488]
mp2_pair11 scaled residual norms:
[0.00599, 0.00599, 0.01915]
mp2_pair22 residual norms:
[0.09015, 0.09015, 0.09747]
mp2_pair22 scaled residual norms:
[0.00578, 0.00578, 0.02205]
timer:                          update all PNOs     2.70s     2.70s 
frozen pair: no orthonormalization
timer:                                     RRCD     0.04s     0.04s 
timer:                             MRA compress     0.00s     0.00s 
timer:                          Transform Pairs     0.08s     0.08s 
saving vector of functions mp2_pair11
saving vector of functions mp2_pair22
timer:                        save pnos on disc     0.14s     0.14s 


No convergence yet. Energy change = 0.01693

timer:                        Whole Iteration 2    10.65s    10.65s 
Information About All Pairs:
mp2_pair11           number=0 rank=  3 frozen=false
mp2_pair21           number=1 rank=  0 frozen=true
mp2_pair22           number=2 rank=  3 frozen=false
number of pairs=3
average rank   =2 (2.00000)
largest rank   =3
PNOPairs Memory Information
Total: 0.00716 GB 
PNO  : 0.00716 GB 
KPNO : 0.00000 GB 
W    : 0.00000 GB 

timer:                                 truncate     0.04s     0.04s 
wall time=124.56169 chunk=6 allK.size()=6 memory=0.00732 GB
timer:                             compute KPNO     3.46s     3.46s 
wall time=124.73587 chunk=6 allJ.size()=6 memory=0.00830 GB
timer:                             compute JPNO     0.17s     0.17s 
timer:                    compute Fock matrices     1.09s     1.09s 
timer:                             MRA compress     0.00s     0.00s 
timer:                          Transform Pairs     0.15s     0.15s 
timer:                             Canonicalize     0.15s     0.15s 
PNOPairs Memory Information
Total: 0.01447 GB 
PNO  : 0.00716 GB 
KPNO : 0.00732 GB 
W    : 0.00000 GB 

timer:                                 truncate     0.05s     0.05s 
mp2_pair21 is frozen: potential not computed
timer:                   Fluctuation Potentials     1.86s     1.86s 
timer:                       Fluctuation Matrix     0.16s     0.16s 
PNOPairs Memory Information
Total: 0.02535 GB 
PNO  : 0.00716 GB 
KPNO : 0.00732 GB 
W    : 0.01088 GB 

PNOPairs Memory Information
Total: 0.02535 GB 
PNO  : 0.00716 GB 
KPNO : 0.00732 GB 
W    : 0.01088 GB 

timer:                                 truncate     0.06s     0.06s 
timer:                             PNO Overlaps     0.07s     0.07s 
t_iter =  0  Hylleraas energy =  0.00000  ||R||_F =  0.23082  conv =  no
subspace solution [*]   1.00000000

t_iter =  1  Hylleraas energy =  -0.04869  ||R||_F =  0.00000  conv =  yes
=======================================================

Hylleraas MP2 Energies

=======================================================
    i    j      singlet      triplet        Total
=======================================================
    1    1  -2.21792e-02  0.00000e+00 -2.21792e-02
    2    1   0.00000e+00  0.00000e+00  0.00000e+00
    2    2  -2.65126e-02  0.00000e+00 -2.65126e-02
=======================================================
Hylleraas MP2 Energies (singlet): -4.86918e-02
Hylleraas MP2 Energies (triplet):  0.00000e+00
Hylleraas MP2 Energies (total)  : -4.86918e-02
=======================================================
-------------------------------------------
Total Reg Energy  =-4.86918e-02
Total F12 Energy  = 0.00000e+00
Sum Energies Total=-4.86918e-02
-------------------------------------------
timer:                         Solve Amplitudes     0.00s     0.00s 
pair11: density evals:
 [*]   0.00437084   0.00437084   0.02746233

pair22: density evals:
 [*]   0.00390788   0.00390788   0.05072452

timer:                            compress PNOs     0.00s     0.00s 
timer:                             MRA compress     0.00s     0.00s 
timer:                          Transform Pairs     0.24s     0.24s 
timer:                          PNO Compression     0.25s     0.25s 
Information About All Pairs:
mp2_pair11           number=0 rank=  3 frozen=false
mp2_pair21           number=1 rank=  0 frozen=true
mp2_pair22           number=2 rank=  3 frozen=false
number of pairs=3
average rank   =2 (2.00000e+00)
largest rank   =3
saving vector of functions mp2_pair11
saving vector of functions mp2_pair22
timer:                        save pnos on disc     0.12s     0.12s 
PNOPairs Memory Information
Total: 0.02535 GB 
PNO  : 0.00716 GB 
KPNO : 0.00732 GB 
W    : 0.01088 GB 

timer:                                 truncate     0.04s     0.04s 
timer:      compute densities for G application     0.00s     0.00s 
pair21 is frozen: no optimization
timer:                Prepare for G application     0.19s     0.19s 
timer:                                    add K     0.03s     0.03s 
size of all Vpsi potentials (without Vnuc and J) 0.01043 GB 
time=129.40128 chunk=6 Vpsi+Vnuc+J=0.02138 GB
time=129.45590 chunk=6 Vpsi+Vnuc+J=0.01999 GB (after truncation)
timer:                           Apply G to all     2.14s     2.14s 
timer:                       apply Q and update     0.00s     0.00s 
mp2_pair11 residual norms:
[0.02983, 0.02983, 0.04792]
mp2_pair11 scaled residual norms:
[0.00197, 0.00197, 0.00794]
mp2_pair22 residual norms:
[0.03574, 0.03574, 0.03870]
mp2_pair22 scaled residual norms:
[0.00223, 0.00223, 0.00872]
timer:                          update all PNOs     2.36s     2.36s 
frozen pair: no orthonormalization
timer:                                     RRCD     0.09s     0.09s 
timer:                             MRA compress     0.00s     0.00s 
timer:                          Transform Pairs     0.08s     0.08s 
saving vector of functions mp2_pair11
saving vector of functions mp2_pair22
timer:                        save pnos on disc     0.14s     0.14s 


No convergence yet. Energy change = 0.00260

timer:                        Whole Iteration 3    10.21s    10.21s 
Information About All Pairs:
mp2_pair11           number=0 rank=  3 frozen=false
mp2_pair21           number=1 rank=  0 frozen=true
mp2_pair22           number=2 rank=  3 frozen=false
number of pairs=3
average rank   =2 (2.00000)
largest rank   =3
PNOPairs Memory Information
Total: 0.00748 GB 
PNO  : 0.00748 GB 
KPNO : 0.00000 GB 
W    : 0.00000 GB 

timer:                                 truncate     0.05s     0.05s 
wall time=134.90562 chunk=6 allK.size()=6 memory=0.00732 GB
timer:                             compute KPNO     3.59s     3.59s 
wall time=135.09662 chunk=6 allJ.size()=6 memory=0.00846 GB
timer:                             compute JPNO     0.19s     0.19s 
timer:                    compute Fock matrices     1.29s     1.29s 
timer:                             MRA compress     0.00s     0.00s 
timer:                          Transform Pairs     0.14s     0.14s 
timer:                             Canonicalize     0.14s     0.14s 
PNOPairs Memory Information
Total: 0.01472 GB 
PNO  : 0.00740 GB 
KPNO : 0.00732 GB 
W    : 0.00000 GB 

timer:                                 truncate     0.03s     0.03s 
mp2_pair21 is frozen: potential not computed
timer:                   Fluctuation Potentials     1.99s     1.99s 
timer:                       Fluctuation Matrix     0.16s     0.16s 
PNOPairs Memory Information
Total: 0.02560 GB 
PNO  : 0.00740 GB 
KPNO : 0.00732 GB 
W    : 0.01088 GB 

PNOPairs Memory Information
Total: 0.02560 GB 
PNO  : 0.00740 GB 
KPNO : 0.00732 GB 
W    : 0.01088 GB 

timer:                                 truncate     0.07s     0.07s 
timer:                             PNO Overlaps     0.07s     0.07s 
t_iter =  0  Hylleraas energy =  0.00000  ||R||_F =  0.23574  conv =  no
subspace solution [*]   1.00000000

t_iter =  1  Hylleraas energy =  -0.04915  ||R||_F =  0.00000  conv =  yes
=======================================================

Hylleraas MP2 Energies

=======================================================
    i    j      singlet      triplet        Total
=======================================================
    1    1  -2.24014e-02  0.00000e+00 -2.24014e-02
    2    1   0.00000e+00  0.00000e+00  0.00000e+00
    2    2  -2.67461e-02  0.00000e+00 -2.67461e-02
=======================================================
Hylleraas MP2 Energies (singlet): -4.91475e-02
Hylleraas MP2 Energies (triplet):  0.00000e+00
Hylleraas MP2 Energies (total)  : -4.91475e-02
=======================================================
-------------------------------------------
Total Reg Energy  =-4.91475e-02
Total F12 Energy  = 0.00000e+00
Sum Energies Total=-4.91475e-02
-------------------------------------------
timer:                         Solve Amplitudes     0.00s     0.00s 
pair11: density evals:
 [*]   0.00426459   0.00426459   0.02677810

pair22: density evals:
 [*]   0.00379277   0.00379277   0.04964566

timer:                            compress PNOs     0.00s     0.00s 
timer:                             MRA compress     0.00s     0.00s 
timer:                          Transform Pairs     0.36s     0.36s 
timer:                          PNO Compression     0.36s     0.36s 
Information About All Pairs:
mp2_pair11           number=0 rank=  3 frozen=false
mp2_pair21           number=1 rank=  0 frozen=true
mp2_pair22           number=2 rank=  3 frozen=false
number of pairs=3
average rank   =2 (2.00000e+00)
largest rank   =3
saving vector of functions mp2_pair11
saving vector of functions mp2_pair22
timer:                        save pnos on disc     0.34s     0.34s 
PNOPairs Memory Information
Total: 0.02560 GB 
PNO  : 0.00740 GB 
KPNO : 0.00732 GB 
W    : 0.01088 GB 

timer:                                 truncate     0.03s     0.03s 
timer:      compute densities for G application     0.00s     0.00s 
pair21 is frozen: no optimization
timer:                Prepare for G application     0.28s     0.28s 
timer:                                    add K     0.03s     0.03s 
size of all Vpsi potentials (without Vnuc and J) 0.01059 GB 
time=140.53004 chunk=6 Vpsi+Vnuc+J=0.02196 GB
time=140.61193 chunk=6 Vpsi+Vnuc+J=0.02057 GB (after truncation)
timer:                           Apply G to all     2.29s     2.29s 
timer:                       apply Q and update     0.00s     0.00s 
mp2_pair11 residual norms:
[0.01159, 0.01159, 0.02127]
mp2_pair11 scaled residual norms:
[0.00076, 0.00076, 0.00348]
mp2_pair22 residual norms:
[0.01838, 0.01838, 0.01670]
mp2_pair22 scaled residual norms:
[0.00113, 0.00113, 0.00372]
timer:                          update all PNOs     2.60s     2.60s 
frozen pair: no orthonormalization
timer:                                     RRCD     0.06s     0.06s 
timer:                             MRA compress     0.00s     0.00s 
timer:                          Transform Pairs     0.06s     0.06s 
saving vector of functions mp2_pair11
saving vector of functions mp2_pair22
timer:                        save pnos on disc     0.57s     0.57s 


No convergence yet. Energy change = 0.00046

timer:                        Whole Iteration 4    11.65s    11.65s 
Information About All Pairs:
mp2_pair11           number=0 rank=  3 frozen=false
mp2_pair21           number=1 rank=  0 frozen=true
mp2_pair22           number=2 rank=  3 frozen=false
number of pairs=3
average rank   =2 (2.00000)
largest rank   =3
PNOPairs Memory Information
Total: 0.00748 GB 
PNO  : 0.00748 GB 
KPNO : 0.00000 GB 
W    : 0.00000 GB 

timer:                                 truncate     0.06s     0.06s 
wall time=146.38594 chunk=6 allK.size()=6 memory=0.00732 GB
timer:                             compute KPNO     3.41s     3.41s 
wall time=146.55986 chunk=6 allJ.size()=6 memory=0.00846 GB
timer:                             compute JPNO     0.17s     0.17s 
timer:                    compute Fock matrices     1.22s     1.22s 
timer:                             MRA compress     0.00s     0.00s 
timer:                          Transform Pairs     0.14s     0.14s 
timer:                             Canonicalize     0.14s     0.14s 
PNOPairs Memory Information
Total: 0.01472 GB 
PNO  : 0.00740 GB 
KPNO : 0.00732 GB 
W    : 0.00000 GB 

timer:                                 truncate     0.06s     0.06s 
mp2_pair21 is frozen: potential not computed
timer:                   Fluctuation Potentials     1.91s     1.91s 
timer:                       Fluctuation Matrix     0.14s     0.14s 
PNOPairs Memory Information
Total: 0.02560 GB 
PNO  : 0.00740 GB 
KPNO : 0.00732 GB 
W    : 0.01088 GB 

PNOPairs Memory Information
Total: 0.02560 GB 
PNO  : 0.00740 GB 
KPNO : 0.00732 GB 
W    : 0.01088 GB 

timer:                                 truncate     0.08s     0.08s 
timer:                             PNO Overlaps     0.07s     0.07s 
t_iter =  0  Hylleraas energy =  0.00000  ||R||_F =  0.23772  conv =  no
subspace solution [*]   1.00000000

t_iter =  1  Hylleraas energy =  -0.04924  ||R||_F =  0.00000  conv =  yes
=======================================================

Hylleraas MP2 Energies

=======================================================
    i    j      singlet      triplet        Total
=======================================================
    1    1  -2.24447e-02  0.00000e+00 -2.24447e-02
    2    1   0.00000e+00  0.00000e+00  0.00000e+00
    2    2  -2.67938e-02  0.00000e+00 -2.67938e-02
=======================================================
Hylleraas MP2 Energies (singlet): -4.92385e-02
Hylleraas MP2 Energies (triplet):  0.00000e+00
Hylleraas MP2 Energies (total)  : -4.92385e-02
=======================================================
-------------------------------------------
Total Reg Energy  =-4.92385e-02
Total F12 Energy  = 0.00000e+00
Sum Energies Total=-4.92385e-02
-------------------------------------------
timer:                         Solve Amplitudes     0.00s     0.00s 
pair11: density evals:
 [*]   0.00421888   0.00421888   0.02639028

pair22: density evals:
 [*]   0.00373367   0.00373367   0.04904840

timer:                            compress PNOs     0.00s     0.00s 
timer:                             MRA compress     0.00s     0.00s 
timer:                          Transform Pairs     0.50s     0.50s 
timer:                          PNO Compression     0.50s     0.50s 
Information About All Pairs:
mp2_pair11           number=0 rank=  3 frozen=false
mp2_pair21           number=1 rank=  0 frozen=true
mp2_pair22           number=2 rank=  3 frozen=false
number of pairs=3
average rank   =2 (2.00000e+00)
largest rank   =3
saving vector of functions mp2_pair11
saving vector of functions mp2_pair22
timer:                        save pnos on disc     0.30s     0.30s 
PNOPairs Memory Information
Total: 0.02560 GB 
PNO  : 0.00740 GB 
KPNO : 0.00732 GB 
W    : 0.01088 GB 

timer:                                 truncate     0.05s     0.05s 
timer:      compute densities for G application     0.00s     0.00s 
pair21 is frozen: no optimization
timer:                Prepare for G application     0.26s     0.26s 
timer:                                    add K     0.04s     0.04s 
size of all Vpsi potentials (without Vnuc and J) 0.01059 GB 
time=151.93933 chunk=6 Vpsi+Vnuc+J=0.02237 GB
time=152.02795 chunk=6 Vpsi+Vnuc+J=0.02098 GB (after truncation)
timer:                           Apply G to all     2.33s     2.33s 
timer:                       apply Q and update     0.00s     0.00s 
mp2_pair11 residual norms:
[0.00522, 0.00522, 0.00964]
mp2_pair11 scaled residual norms:
[0.00034, 0.00034, 0.00157]
mp2_pair22 residual norms:
[0.01091, 0.01091, 0.00741]
mp2_pair22 scaled residual norms:
[0.00067, 0.00067, 0.00164]
timer:                          update all PNOs     2.62s     2.62s 
frozen pair: no orthonormalization
timer:                                     RRCD     0.06s     0.06s 
timer:                             MRA compress     0.00s     0.00s 
timer:                          Transform Pairs     0.14s     0.14s 
saving vector of functions mp2_pair11
saving vector of functions mp2_pair22
timer:                        save pnos on disc     0.39s     0.39s 


CONVERGED!
energy change = 0.00009

re-entering loop to compute the correct amplitudes and energies
timer:                        Whole Iteration 5    11.34s    11.34s 
Information About All Pairs:
mp2_pair11           number=0 rank=  3 frozen=false
mp2_pair21           number=1 rank=  0 frozen=true
mp2_pair22           number=2 rank=  3 frozen=false
number of pairs=3
average rank   =2 (2.00000)
largest rank   =3
PNOPairs Memory Information
Total: 0.00756 GB 
PNO  : 0.00756 GB 
KPNO : 0.00000 GB 
W    : 0.00000 GB 

timer:                                 truncate     0.06s     0.06s 
wall time=157.71395 chunk=6 allK.size()=6 memory=0.00732 GB
timer:                             compute KPNO     3.39s     3.39s 
wall time=157.82387 chunk=6 allJ.size()=6 memory=0.00846 GB
timer:                             compute JPNO     0.11s     0.11s 
timer:                    compute Fock matrices     1.13s     1.13s 
timer:                             MRA compress     0.00s     0.00s 
timer:                          Transform Pairs     0.24s     0.24s 
timer:                             Canonicalize     0.24s     0.24s 
PNOPairs Memory Information
Total: 0.01472 GB 
PNO  : 0.00740 GB 
KPNO : 0.00732 GB 
W    : 0.00000 GB 

timer:                                 truncate     0.05s     0.05s 
mp2_pair21 is frozen: potential not computed
timer:                   Fluctuation Potentials     1.95s     1.95s 
timer:                       Fluctuation Matrix     0.20s     0.20s 
PNOPairs Memory Information
Total: 0.02560 GB 
PNO  : 0.00740 GB 
KPNO : 0.00732 GB 
W    : 0.01088 GB 

PNOPairs Memory Information
Total: 0.02560 GB 
PNO  : 0.00740 GB 
KPNO : 0.00732 GB 
W    : 0.01088 GB 

timer:                                 truncate     0.04s     0.04s 
timer:                             PNO Overlaps     0.10s     0.10s 
t_iter =  0  Hylleraas energy =  0.00000  ||R||_F =  0.23858  conv =  no
subspace solution [*]   1.00000000

t_iter =  1  Hylleraas energy =  -0.04926  ||R||_F =  0.00000  conv =  yes
=======================================================

Hylleraas MP2 Energies

=======================================================
    i    j      singlet      triplet        Total
=======================================================
    1    1  -2.24531e-02  0.00000e+00 -2.24531e-02
    2    1   0.00000e+00  0.00000e+00  0.00000e+00
    2    2  -2.68032e-02  0.00000e+00 -2.68032e-02
=======================================================
Hylleraas MP2 Energies (singlet): -4.92562e-02
Hylleraas MP2 Energies (triplet):  0.00000e+00
Hylleraas MP2 Energies (total)  : -4.92562e-02
=======================================================
-------------------------------------------
Total Reg Energy  =-4.92562e-02
Total F12 Energy  = 0.00000e+00
Sum Energies Total=-4.92562e-02
-------------------------------------------
timer:                         Solve Amplitudes     0.00s     0.00s 
pair11: density evals:
 [*]   0.00419845   0.00419845   0.02620094

pair22: density evals:
 [*]   0.00370091   0.00370091   0.04875625

timer:                            compress PNOs     0.00s     0.00s 
timer:                             MRA compress     0.00s     0.00s 
timer:                          Transform Pairs     0.49s     0.49s 
timer:                          PNO Compression     0.49s     0.49s 
Information About All Pairs:
mp2_pair11           number=0 rank=  3 frozen=false
mp2_pair21           number=1 rank=  0 frozen=true
mp2_pair22           number=2 rank=  3 frozen=false
number of pairs=3
average rank   =2 (2.00000e+00)
largest rank   =3
saving vector of functions mp2_pair11
saving vector of functions mp2_pair22
timer:                        save pnos on disc     0.15s     0.15s 
exiting: Iterations converged
PNO ranks:
PNO Rank for pair pair11 = 3
PNO Rank for pair pair21 = 0
PNO Rank for pair pair22 = 3
average rank 2.00000e+00
timer:                               PNO::solve    67.22s    67.22s 

--------------------------------
ITERATE-PAIRS-INTERNAL-ENDED
--------------------------------
mp2_pair21 converged!


Adaptive Sovler:
 Current Energy=-4.9256225859e-02
 DeltaE        =-4.9256225859e-02
 max dE (pair) =-2.6803154882e-02 (2)
 all_pairs_conv=false




not converged yet

freeze pair mp2_pair21 (not further optimized: Energy below 1.0000000000e-05)
Maximum Rank of3 reached for all non-frozen pairs, no need to iterate further=======================================================

Final MP2 Energies

=======================================================
    i    j      singlet      triplet        Total
=======================================================
    1    1  -2.24531e-02  0.00000e+00 -2.24531e-02
    2    1   0.00000e+00  0.00000e+00  0.00000e+00
    2    2  -2.68032e-02  0.00000e+00 -2.68032e-02
=======================================================
Final MP2 Energies (singlet): -4.92562e-02
Final MP2 Energies (triplet):  0.00000e+00
Final MP2 Energies (total)  : -4.92562e-02
=======================================================
-------------------------------------------
Total Reg Energy  =-4.92562e-02
Total F12 Energy  = 0.00000e+00
Sum Energies Total=-4.92562e-02
-------------------------------------------
Average | Max Rank: 2 | 3



--------------------------------------------------
MRA-PNO-MP2-F12 ended 
--------------------------------------------------
                 time scf = 8.75689e+01
               energy scf = -1.55664e+01
--------------------------------------------------
restarting PNO to reload pairs that converged before and were frozen
PNO Parameters
pno
       rank_increase  15         # default   maximum rank to increase in every macroiteration
               chunk  100        # default   chunk of functions operated on in parallel when G or K is applied (prevent memory shortage)
               debug  false      # default   debug mode
              freeze  1          # derived   frozen core approximation
             maxrank  3          # defined   maximal pno rank for all pairs
           guesstype  exop       # derived   the guesstype: exop (recommended, multiply polynomial excitation operators onto the occupied orbitals), empty (don't compute a guess), scf (use the ao basis from the SCF solver), partial_wave (create s,p,d ..., type functions and place on atoms), predefined (same as partial_wave but for predefined sets)
                exop  multipole  # derived   this string defines which excitation operators can be used, use 'dipole', 'dipole+', 'quadrupole', 'ocopole', or 'multipole', need to set guesstype to 'exop' which is the default
          exop_trigo  true       # default   use trigonometric excitation operators ( x --> sin(x)
        partial_wave             # default   atom centered partial wave guess of format like 'h-2s1p-o-3s2p1d', need to set guesstype to 'partial_wave' and adaptive_solver to 'none'
          predefined             # default   predefined partial wave guesses of type pvxz with x=d,t,q,5,6, need to set guesstype to 'predefined' and adaptive_solver to 'none'
           maxiter_t  100        # default   maximal number of iterations in the amplitude solver
       maxiter_micro  10         # default   Maximum of iterations for every cycle in the adaptive solver
       maxiter_macro  10         # default   Maximum of iterations of cycles in the adaptive solver
                tpno  1.0000e-08 # default   PNO cutoff threshold
          tpno_tight  1.0000e-10 # derived   PNO cutoff for the first iteration
    canonicalize_pno  true       # default   canonicalize the pnos before the amplitude solver
              thresh  1.0000e-04 # defined   MRA threshold
         econv_micro  1.0000e-04 # derived   Energy convergence for microiterations (Greens function based optimization) in adaptive solver
         econv_pairs  1.0000e-05 # derived   ENergy convergence for individual pairs in adaptive solver. Converged pairs are frozen automatically
         econv_macro  1.0000e-04 # derived   Energy convergence for macroiterations in adaptive solver, no effect if adaptive_solver is deactivated
               dconv  1.0000e-01 # default   convergence of every PNO in the Green's function solver
           op_thresh  1.0000e-06 # default   MRA operator thresh
             restart  all        # defined   restart pairs of this type, use 'mp2', 'cispd', 'all' or 'none'
          no_compute  none       # default   do not compute the pairs of this type, use 'mp2', 'cispd', 'all' or 'none'
              no_opt  all        # defined   do not optimize the pnos of this type, use 'mp2', 'cispd', 'all' or 'none'
            no_guess  all        # defined   guess for this type will be empty, use 'mp2', 'cispd', 'all' or 'none'
     adaptive_solver  none       # defined   Use adaptive solver for those pairs, use 'mp2', 'cispd', 'all' or 'none', works only in combination with guesstype 'exop'
                kain  true       # default   use KAIN solver in amplitude solver
       kain_subspace  5          # default   subspace size of the KAIN solver (amplitudes)
                 f12  false      # defined   use explicit correlation
        cispd_number  -1         # default   CIS(D) excitation numbers, to read in correct functions
        cispd_energy  0.0000e+00 # default   CIS energy
        freeze_pairs  none       # default   frozen pairs will not be optimized: Expected format 'a b c d' will freeze pairs ab and cd
freeze_pairs_of_orbital  []         # default    All pairs which originate from this orbital will not be optimized
active_pairs_of_orbital  []         # default    All pairs which originate from this orbital will not be frozen all other pairs will, if this vector is not empty
no_opt_in_first_iteration  false      # default   Do not optimize in the first iteration (then the potentials do not have to be evaluated, use this for large guesses)
            exchange  full       # default   approximate exchange with 'neglect' or xc functional -> same syntax as moldft
           save_pnos  true       # default   Save the OBS-PNOs to a file, before and after orthonormalization.
            diagonal  true       # defined   Compute only diagonal PNOs

end

**********************
Solve PNO-MP2
*********************


**********************
Iterate Pairs
*********************


************************
Standard Solver
***********************

Initializing Pairs:
Restart demanded for mp2 pairs
loading vector of functions mp2_pair11
Found PNOs for mp2_pair11 with rank 3
loading vector of functions mp2_pair21
failed to find PNO mp2_pair21 initialize as zero function
nloading vector of functions mp2_pair22
Found PNOs for mp2_pair22 with rank 3
no guess was explicitly demanded for mp2

timer:                                     RRCD     0.06s     0.06s 
timer:                             MRA compress     0.00s     0.00s 
timer:                          Transform Pairs     0.11s     0.11s 
timer:          apply Q and orthonormalize PNOs     0.38s     0.38s 
Created Guess:
pair11 with 3 guess functions
pair21 with 0 guess functions
pair22 with 3 guess functions
guess pair11 size: 3.7413239479e-03 | 3.7413239479e-03 Gbyte (after truncation)
guess pair22 size: 3.6595463753e-03 | 3.6595463753e-03 Gbyte (after truncation)
timer:                           truncate guess     0.04s     0.04s 
timer:                         Initialize Pairs     0.44s     0.44s 
Information About All Pairs:
mp2_pair11           number=0 rank=  3 frozen=false
mp2_pair21           number=1 rank=  0 frozen=true
mp2_pair22           number=2 rank=  3 frozen=false
number of pairs=3
average rank   =2 (2.0000000000e+00)
largest rank   =3
SolveInternal: Parameters are assigned as
no_compute        = false
no_opt            = true
restart           = true
do_cispd          = false
econv             =1.0000000000e-04
maxrank (min,max) = (3,3)
Solving MP2 doubles
timer:          fock matrix     2.91s     2.91s
Information About All Pairs:
mp2_pair11           number=0 rank=  3 frozen=false
mp2_pair21           number=1 rank=  0 frozen=true
mp2_pair22           number=2 rank=  3 frozen=false
number of pairs=3
average rank   =2 (2.0000000000e+00)
largest rank   =3
PNOPairs Memory Information
Total: 0.0074008703 GB 
PNO  : 0.0074008703 GB 
KPNO : 0.0000000000 GB 
W    : 0.0000000000 GB 

timer:                                 truncate     0.03s     0.03s 
wall time=168.8539159298 chunk=6 allK.size()=6 memory=0.0073190928 GB
timer:                             compute KPNO     3.28s     3.28s 
wall time=169.0158579350 chunk=6 allJ.size()=6 memory=0.0083822012 GB
timer:                             compute JPNO     0.16s     0.16s 
timer:                    compute Fock matrices     1.02s     1.02s 
timer:                             MRA compress     0.00s     0.00s 
timer:                          Transform Pairs     0.16s     0.16s 
timer:                             Canonicalize     0.16s     0.16s 
PNOPairs Memory Information
Total: 0.0147199631 GB 
PNO  : 0.0074008703 GB 
KPNO : 0.0073190928 GB 
W    : 0.0000000000 GB 

timer:                                 truncate     0.05s     0.05s 
mp2_pair21 is frozen: potential not computed
timer:                   Fluctuation Potentials     1.89s     1.89s 
timer:                       Fluctuation Matrix     0.13s     0.13s 
PNOPairs Memory Information
Total: 0.0255963802 GB 
PNO  : 0.0074008703 GB 
KPNO : 0.0073190928 GB 
W    : 0.0108764172 GB 

PNOPairs Memory Information
Total: 0.0255963802 GB 
PNO  : 0.0074008703 GB 
KPNO : 0.0073190928 GB 
W    : 0.0108764172 GB 

timer:                                 truncate     0.04s     0.04s 
timer:                             PNO Overlaps     0.11s     0.11s 
t_iter =  0  Hylleraas energy =  0.0000000000  ||R||_F =  0.2385842127  conv =  no
subspace solution [*]   1.00000000

t_iter =  1  Hylleraas energy =  -0.0492562919  ||R||_F =  0.0000000017  conv =  yes
=======================================================

Hylleraas MP2 Energies

=======================================================
    i    j      singlet      triplet        Total
=======================================================
    1    1  -2.24531e-02  0.00000e+00 -2.24531e-02
    2    1   0.00000e+00  0.00000e+00  0.00000e+00
    2    2  -2.68032e-02  0.00000e+00 -2.68032e-02
=======================================================
Hylleraas MP2 Energies (singlet): -4.92563e-02
Hylleraas MP2 Energies (triplet):  0.00000e+00
Hylleraas MP2 Energies (total)  : -4.92563e-02
=======================================================
-------------------------------------------
Total Reg Energy  =-4.92563e-02
Total F12 Energy  = 0.00000e+00
Sum Energies Total=-4.92563e-02
-------------------------------------------
timer:                         Solve Amplitudes     0.00s     0.00s 
No optimization untill now: Compressing pno ranks with tighter threshold
1.00000e-10 instead of 1.00000e-08
pair11: density evals:
 [*]   0.00419844   0.00419844   0.02620097

pair22: density evals:
 [*]   0.00370091   0.00370091   0.04875643

timer:                            compress PNOs     0.00s     0.00s 
timer:                             MRA compress     0.00s     0.00s 
timer:                          Transform Pairs     0.33s     0.33s 
timer:                          PNO Compression     0.33s     0.33s 
Information About All Pairs:
mp2_pair11           number=0 rank=  3 frozen=false
mp2_pair21           number=1 rank=  0 frozen=true
mp2_pair22           number=2 rank=  3 frozen=false
number of pairs=3
average rank   =2 (2.00000e+00)
largest rank   =3
saving vector of functions mp2_pair11
saving vector of functions mp2_pair22
timer:                        save pnos on disc     0.14s     0.14s 
exiting: Found no_opt keyword
PNO ranks:
PNO Rank for pair pair11 = 3
PNO Rank for pair pair21 = 0
PNO Rank for pair pair22 = 3
average rank 2.00000e+00
timer:                               PNO::solve    10.30s    10.30s 

--------------------------------
ITERATE-PAIRS-INTERNAL-ENDED
--------------------------------
=======================================================

Final MP2 Energies

=======================================================
    i    j      singlet      triplet        Total
=======================================================
    1    1  -2.24531e-02  0.00000e+00 -2.24531e-02
    2    1   0.00000e+00  0.00000e+00  0.00000e+00
    2    2  -2.68032e-02  0.00000e+00 -2.68032e-02
=======================================================
Final MP2 Energies (singlet): -4.92563e-02
Final MP2 Energies (triplet):  0.00000e+00
Final MP2 Energies (total)  : -4.92563e-02
=======================================================
-------------------------------------------
Total Reg Energy  =-4.92563e-02
Total F12 Energy  = 0.00000e+00
Sum Energies Total=-4.92563e-02
-------------------------------------------
Average | Max Rank: 2 | 3
                 time pno = 7.39874e+01
               energy mp2 = -4.92563e-02
     average pno rank mp2 = 2
         max pno rank mp2 = 3
--------------------------------------------------
            energy(total) = -1.56156e+01
--------------------------------------------------



Orthonormalization technique used: symmetric
No CABS used.
Tightening thresholds to +0.00010000 for post-processing
Overlap Matrix of all PNOs:
+1.00000669 -0.37810540 -0.00000000 -0.00000000 +0.00000000 -0.00000000 
-0.37810540 +1.00000484 -0.00000000 +0.00000000 +0.00000000 +0.00000000 
-0.00000000 -0.00000000 +1.00000000 -0.00000000 +0.03852135 -0.08524923 
-0.00000000 +0.00000000 -0.00000000 +1.00000000 +0.08524923 +0.03852135 
+0.00000000 +0.00000000 +0.03852135 +0.08524923 +1.00000000 +0.00000000 
-0.00000000 +0.00000000 -0.08524923 +0.03852135 +0.00000000 +1.00000000 
Before cherry pick
rank is +0
all used occupation numbers:
[+0.04875643 +0.02620097 +0.00419844 +0.00419844 +0.00370091 +0.00370091 ]
corresponding to active pairs:
[(1,1) (0,0) (0,0) (0,0) (1,1) (1,1) ]
After cherry pick
all used occupation numbers:
[+0.04875643 +0.02620097 +0.00419844 +0.00419844 +0.00370091 +0.00370091 ]
corresponding to active pairs:
[(1,1) (0,0) (0,0) (0,0) (1,1) (1,1) ]
Overlap Matrix before symmetric
[+0,*]  +1.00000669  -0.37810540  -0.00000000  -0.00000000  +0.00000000  -0.00000000
[+1,*]  -0.37810540  +1.00000484  -0.00000000  +0.00000000  +0.00000000  +0.00000000
[+2,*]  -0.00000000  -0.00000000  +1.00000000  -0.00000000  +0.03852135  -0.08524923
[+3,*]  -0.00000000  +0.00000000  -0.00000000  +1.00000000  +0.08524923  +0.03852135
[+4,*]  +0.00000000  +0.00000000  +0.03852135  +0.08524923  +1.00000000  +0.00000000
[+5,*]  -0.00000000  +0.00000000  -0.08524923  +0.03852135  +0.00000000  +1.00000000
Overlap Matrix after symmetric
[+0,*]  +1.00000000  +0.00000001  +0.00000000  +0.00000000  -0.00000000  +0.00000000
[+1,*]  +0.00000001  +1.00000000  +0.00000000  -0.00000000  +0.00000000  -0.00000000
[+2,*]  +0.00000000  +0.00000000  +1.00000000  +0.00000000  +0.00000000  +0.00000000
[+3,*]  +0.00000000  -0.00000000  +0.00000000  +1.00000000  -0.00000000  +0.00000000
[+4,*]  -0.00000000  +0.00000000  +0.00000000  -0.00000000  +1.00000000  +0.00000000
[+5,*]  +0.00000000  -0.00000000  +0.00000000  +0.00000000  +0.00000000  +1.00000000
Adding 3 HF orbitals
Size before adding CABS: 9.
Size after adding CABS: 9.
Compute G and F Tensor:
Assemble g,f using symmetries...
non zero elements:
 g : +11109
 h : +37
Overlap over whole basis
[+0,*]  +1.00000000  +0.00000129  -0.00000327  -0.00001098  +0.00000384  +0.00000000  +0.00000000  -0.00000000  +0.00000000
[+1,*]  +0.00000129  +1.00000000  +0.00000083  +0.00000144  -0.00000051  +0.00000000  +0.00000000  +0.00000000  -0.00000000
[+2,*]  -0.00000327  +0.00000083  +1.00000000  -0.00000126  +0.00000043  +0.00000000  +0.00000000  -0.00000000  +0.00000000
[+3,*]  -0.00001098  +0.00000144  -0.00000126  +1.00000000  +0.00000001  +0.00000000  +0.00000000  -0.00000000  -0.00000000
[+4,*]  +0.00000384  -0.00000051  +0.00000043  +0.00000001  +1.00000000  +0.00000000  -0.00000000  +0.00000000  -0.00000000
[+5,*]  +0.00000000  +0.00000000  +0.00000000  +0.00000000  +0.00000000  +1.00000000  -0.00000000  +0.00000000  +0.00000000
[+6,*]  +0.00000000  +0.00000000  +0.00000000  +0.00000000  -0.00000000  -0.00000000  +1.00000000  -0.00000000  +0.00000000
[+7,*]  -0.00000000  +0.00000000  -0.00000000  -0.00000000  +0.00000000  +0.00000000  -0.00000000  +1.00000000  +0.00000000
[+8,*]  +0.00000000  -0.00000000  +0.00000000  -0.00000000  -0.00000000  +0.00000000  +0.00000000  +0.00000000  +1.00000000

||S-1||=+0.00001747
finished at time 252.6

    Parallel environment
    --------------------
                  #nodes    1
       #threads per node    11+main = 12
          #total threads    12

  RMI message statistics (min / avg / max)
  ----------------------
   #messages in server q    0.00e+00 / 0.00e+00 / 0.00e+00
 #messages sent per node    0.00e+00 / 0.00e+00 / 0.00e+00
    #bytes sent per node    0.00e+00 / 0.00e+00 / 0.00e+00
 #messages recv per node    0.00e+00 / 0.00e+00 / 0.00e+00
    #bytes recv per node    0.00e+00 / 0.00e+00 / 0.00e+00
        #msgs systemwide    0.00e+00
       #bytes systemwide    0.00e+00

  Thread pool statistics (min / avg / max)
  ----------------------
         #tasks per node    1.56e+07 / 1.56e+07 / 1.56e+07
     #max q len per node    1.36e+04 / 1.36e+04 / 1.36e+04
  #hi-pri tasks per node    4.74e+06 / 4.74e+06 / 4.74e+06

         Total wall time    252.5s
         Total  cpu time    252.5s

