MADNESS runtime initialized with 11 threads in the pool and affinity -1 -1 -1
starting at time 0.1

--------------------------------------------
   MADNESS 0.10.1 multiresolution suite
--------------------------------------------

   number of processors ... 1
    processor frequency ... 3.695854e+09
            host system ... Linux
          configured by ... kottmann
          configured on ... wittgenstein
          configured at ... 2021-02-10T21:25:26
                    CXX ... /usr/bin/c++
               CXXFLAGS ... -O3 -DNDEBUG -I/h/28/kottmann/install/numcpp/include/ -I/h/28/kottmann/install/boost/boost_1_72_0/include/ -std=c++1z
             tuning for ... default
                    MPI ... multiple
 multi-threaded runtime ... MADNESS ThreadPool
                   BLAS ... Intel MKL 3761 3761 MFLOP/s
               compiled ... 13:08:26  on  Feb 23 2021


-------------------------------------------------------------------------------------
SOLVING MRA-PNO-F12 as described in 
J.S. Kottmann, F.A. Bischoff, E.F. Valeev
Direct determination of optimal pair-natural orbitals in a real-space representation:
the second-order Møller-Plesset energy
Journal of Chemical Physics ... 2020
-------------------------------------------------------------------------------------


This script will run PNO-MP2 and print out tensors in binary
Call as: pno_integrals inputfileinput is input
ignoring unknown parameter in input file:  ncf

Angstrom being used to read input coordinates (1 Bohr = 1.88972613 Angstrom)


Asymptotic correction parameters
---------------------------------------
Atom vector is not empty: false
Using multipole approximation: false
Number of electrons = -1
Ionisation energy = 0.000000e+00
E(HOMO) = 0.000000e+00
R1 = 3.000000e+00
R2 = 4.000000e+00
DFT coefficient = 0.000000e+00
Interpolation scheme = linear
constructed symmetry operator for point group C1
dft
              charge  0.0000e+00 # defined   total molecular charge
                  xc  hf         # defined   XC input line
               smear  0.0000e+00 # default   smearing parameter
               econv  1.0000e-04 # defined   energy convergence
               dconv  5.0000e-04 # defined   density convergence
convergence_criteria  [bsh_residual, total_energy] # default   possible values are: bsh_residual, total_energy, each_energy, density
                   k  7          # defined   polynomial order
                   l  5.5512e+01 # derived   user coordinates box size
               deriv  abgv       # default   derivative method                            [abgv, bspline, ble]
           dft_deriv  abgv       # default   derivative method for gga potentials         [abgv, bspline, ble]
             maxrotn  2.5000e-01 # default   step restriction used in autoshift algorithm
             nvalpha  0          # default   number of alpha virtuals to compute
              nvbeta  0          # default   number of beta virtuals to compute
               nopen  0          # default   number of unpaired electrons = nalpha-nbeta
             maxiter  25         # default   maximum number of iterations
                 nio  1          # default   no. of io servers to use
     spin_restricted  true       # default   true if spin restricted
              plotlo  0          # default   range of MOs to print (for both spins if polarized
              plothi  -1         # default   range of MOs to print (for both spins if polarized
            plotdens  false      # default   If true print the density at convergence
            plotcoul  false      # default   If true plot the total coulomb potential at convergence
            localize  boys       # defined   localization method                          [pm, boys, new, canon]
          pointgroup  c1         # derived   use point (sub) group symmetry if not localized[c1, c2, ci, cs, c2v, c2h, d2, d2h]
             restart  false      # default   if true restart from orbitals on disk
           restartao  false      # default   if true restart from orbitals projected into AO basis (STO3G) on disk
          no_compute  false      # default   if true use orbitals on disk, set value to computed
           no_orient  false      # default   if true the molecule coordinates will not be reoriented
                save  true       # default   if true save orbitals to disk
              maxsub  10         # default   size of iterative subspace ... set to 0 or 1 to disable
        orbitalshift  0.0000e+00 # default   scf orbital shift: shift the occ orbitals to lower energies
            npt_plot  101        # default   no. of points to use in each dim for plots
           plot_cell  []         # default   lo hi in each dimension for plotting (default is all space)
             aobasis  6-31g      # derived   AO basis used for initial guess (6-31g or sto-3g)
           core_type  none       # default   core potential type                          [none, mpc]
         derivatives  false      # default   if true calculate nuclear derivatives
              dipole  false      # default   if true calculate dipole moment
      conv_only_dens  false      # default   if true remove bsh_residual from convergence criteria (deprecated)
            psp_calc  false      # default   pseudopotential calculation for all atoms
 print_dipole_matels  false      # default   if true output dipole matrix elements
            pcm_data  none       # default   do a PCM (solvent) calculation
             ac_data  none       # default   do a calculation with asymptotic correction (see ACParameters class in chem/AC.h for details)
             pure_ae  true       # default   pure all electron calculation with no pseudo-atoms
         print_level  3          # default   0: no output; 1: final energy; 2: iterations; 3: timings; 10: debug
              nalpha  3          # derived   number of alpha spin electrons
               nbeta  3          # derived   number of beta  spin electrons
           nmo_alpha  3          # derived   number of alpha spin molecular orbitals
            nmo_beta  3          # derived   number of beta spin molecular orbitals
                  lo  9.0905e-04 # derived   smallest length scale we need to resolve
            protocol  [1.0000e-04, 1.0000e-06] # derived   calculation protocol
                gopt  false      # default   geometry optimizer
                gtol  1.0000e-04 # default   geometry tolerance
               gtest  false      # default   geometry tolerance
                gval  1.0000e-05 # default   value precision
               gprec  1.0000e-04 # default   gradient precision
            gmaxiter  20         # default   optimization maxiter
    ginitial_hessian  false      # default   compute inital hessian for optimization
              algopt  bfgs       # default   algorithm used for optimization              [bfgs, cg]
            tdksprop  false      # default   time-dependent Kohn-Sham equation propagate
           nv_factor  1          # default   factor to multiply number of virtual orbitals with when automatically decreasing nvirt
           vnucextra  2          # default   load balance parameter for nuclear pot
        loadbalparts  2          # default   ??
            response  false      # default   response function calculation
       response_freq  0.0000e+00 # default   frequency for calculation response function
       response_axis  [1, 1, 1]  # default   response axis
           nonrotate  false      # default   if true do not molcule orient (redundant with no_orient
               rconv  1.0000e-06 # default   Response convergence
              efield  0.0000e+00 # default   eps for finite field
         efield_axis  0          # default   finite field axis                            [0, 1, 2]
              nwfile  none       # default   Base name of nwchem output files (.out and .movecs extensions) to read from
                 ncf  (none,1.0000e+00) # defined   nuclear correlation factor
             hessian  false      # default   compute the hessian matrix
           read_cphf  false      # default   read the converged orbital response for nuclear displacements from file
        restart_cphf  false      # default   read the guess orbital response for nuclear displacements from file
      purify_hessian  false      # default   symmetrize the hessian matrix based on atomic charges

end
              charge  0.0000e+00 # defined   total molecular charge
                  xc  hf         # defined   XC input line
               smear  0.0000e+00 # default   smearing parameter
               econv  1.0000e-04 # defined   energy convergence
               dconv  5.0000e-04 # defined   density convergence
convergence_criteria  [bsh_residual, total_energy] # default   possible values are: bsh_residual, total_energy, each_energy, density
                   k  7          # defined   polynomial order
                   l  5.5512e+01 # derived   user coordinates box size
               deriv  abgv       # default   derivative method                            [abgv, bspline, ble]
           dft_deriv  abgv       # default   derivative method for gga potentials         [abgv, bspline, ble]
             maxrotn  2.5000e-01 # default   step restriction used in autoshift algorithm
             nvalpha  0          # default   number of alpha virtuals to compute
              nvbeta  0          # default   number of beta virtuals to compute
               nopen  0          # default   number of unpaired electrons = nalpha-nbeta
             maxiter  25         # default   maximum number of iterations
                 nio  1          # default   no. of io servers to use
     spin_restricted  true       # default   true if spin restricted
              plotlo  0          # default   range of MOs to print (for both spins if polarized
              plothi  -1         # default   range of MOs to print (for both spins if polarized
            plotdens  false      # default   If true print the density at convergence
            plotcoul  false      # default   If true plot the total coulomb potential at convergence
            localize  boys       # defined   localization method                          [pm, boys, new, canon]
          pointgroup  c1         # derived   use point (sub) group symmetry if not localized[c1, c2, ci, cs, c2v, c2h, d2, d2h]
             restart  false      # default   if true restart from orbitals on disk
           restartao  false      # default   if true restart from orbitals projected into AO basis (STO3G) on disk
          no_compute  false      # default   if true use orbitals on disk, set value to computed
           no_orient  false      # default   if true the molecule coordinates will not be reoriented
                save  true       # default   if true save orbitals to disk
              maxsub  10         # default   size of iterative subspace ... set to 0 or 1 to disable
        orbitalshift  0.0000e+00 # default   scf orbital shift: shift the occ orbitals to lower energies
            npt_plot  101        # default   no. of points to use in each dim for plots
           plot_cell  []         # default   lo hi in each dimension for plotting (default is all space)
             aobasis  6-31g      # derived   AO basis used for initial guess (6-31g or sto-3g)
           core_type  none       # default   core potential type                          [none, mpc]
         derivatives  false      # default   if true calculate nuclear derivatives
              dipole  false      # default   if true calculate dipole moment
      conv_only_dens  false      # default   if true remove bsh_residual from convergence criteria (deprecated)
            psp_calc  false      # default   pseudopotential calculation for all atoms
 print_dipole_matels  false      # default   if true output dipole matrix elements
            pcm_data  none       # default   do a PCM (solvent) calculation
             ac_data  none       # default   do a calculation with asymptotic correction (see ACParameters class in chem/AC.h for details)
             pure_ae  true       # default   pure all electron calculation with no pseudo-atoms
         print_level  3          # default   0: no output; 1: final energy; 2: iterations; 3: timings; 10: debug
              nalpha  3          # derived   number of alpha spin electrons
               nbeta  3          # derived   number of beta  spin electrons
           nmo_alpha  3          # derived   number of alpha spin molecular orbitals
            nmo_beta  3          # derived   number of beta spin molecular orbitals
                  lo  9.0905e-04 # derived   smallest length scale we need to resolve
            protocol  [1.0000e-04, 1.0000e-06] # derived   calculation protocol
                gopt  false      # default   geometry optimizer
                gtol  1.0000e-04 # default   geometry tolerance
               gtest  false      # default   geometry tolerance
                gval  1.0000e-05 # default   value precision
               gprec  1.0000e-04 # default   gradient precision
            gmaxiter  20         # default   optimization maxiter
    ginitial_hessian  false      # default   compute inital hessian for optimization
              algopt  bfgs       # default   algorithm used for optimization              [bfgs, cg]
            tdksprop  false      # default   time-dependent Kohn-Sham equation propagate
           nv_factor  1          # default   factor to multiply number of virtual orbitals with when automatically decreasing nvirt
           vnucextra  2          # default   load balance parameter for nuclear pot
        loadbalparts  2          # default   ??
            response  false      # default   response function calculation
       response_freq  0.0000e+00 # default   frequency for calculation response function
       response_axis  [1, 1, 1]  # default   response axis
           nonrotate  false      # default   if true do not molcule orient (redundant with no_orient
               rconv  1.0000e-06 # default   Response convergence
              efield  0.0000e+00 # default   eps for finite field
         efield_axis  0          # default   finite field axis                            [0, 1, 2]
              nwfile  none       # default   Base name of nwchem output files (.out and .movecs extensions) to read from



 geometry
   eprec 1.0e-06
   units atomic
   Be            0.00000000           0.00000000           0.15747718
   H             0.00000000           0.00000000           4.88179251
   H             0.00000000           0.00000000          -5.51170122
 end

Solving NDIM= 3  with thresh 1.000000e-04     k 7    conv 5.000000e-04 

timer:     Project vnuclear     0.63s     0.63s
constructed nuclear correlation factor of the form
    R   =  1.000000e+00
with eprec  1.000000e-06
which means it's (nearly) a conventional calculation

timer:        reproject ncf     1.93s     1.93s
timer:        guess density     0.51s     0.51s
timer:   guess Coulomb potn     0.50s     0.50s
timer:       guess lda potn     0.26s     0.26s
timer:        guess overlap     0.05s     0.05s
timer:    KEmat reconstruct     0.06s     0.06s
timer:  KEmat differentiate     0.28s     0.28s
timer:       KEmat compress     0.11s     0.11s
timer: KEmat inner products     0.30s     0.30s
timer:     guess Kinet potn     0.75s     0.75s
timer:           guess fock     0.47s     0.47s
timer:      guess eigen sol     0.10s     0.10s
timer: guess orbital groupi     0.17s     0.17s

starting protocol at time      7.6s 
precision steps  1.000000e-04  -->  1.000000e-04
protocol: thresh 1.000000e-04 econv  1.000000e-04 dconv 5.000000e-04

ending protocol at time      7.6s 

Solving NDIM= 3  with thresh 1.000000e-04     k 7    conv 5.000000e-04 

timer:        Boys localize     1.10s     1.10s
orbital irreps []
timer:      reconstruct psi     0.15s     0.15s
timer:        compute Jnemo     0.69s     0.69s
timer:        compute Knemo     2.08s     2.08s
timer: compute Unemo 0.0153     0.19s     0.19s

  nuclear and kinetic     -22.78457137
         kinetic only      15.08757958
              coulomb       8.91640757
             exchange      -3.18215117
    nuclear-repulsion       1.64846718
   regularized energy     -15.40184779
  buggy if hybrid functionals are used..
timer:       compute energy     3.32s     3.32s
Norm of vector changes ab spin case : rms 1.125191e-01    max 1.706371e-01
convergence: bshresidual, energy change, max energy change, density change 1.3e-01 1.5e+01 1.5e+01 1.4e+00
finished iteration  0 at time     20.4s with energy  -15.40184779
timer:        Boys localize     1.03s     1.03s
orbital irreps []
timer:      reconstruct psi     0.18s     0.18s
timer:        compute Jnemo     0.71s     0.71s
timer:        compute Knemo     2.06s     2.06s
timer: compute Unemo 0.0152     0.18s     0.18s

  nuclear and kinetic     -22.93692922
         kinetic only      14.96988047
              coulomb       8.91297930
             exchange      -3.09618267
    nuclear-repulsion       1.64846718
   regularized energy     -15.47166540
  buggy if hybrid functionals are used..
timer:       compute energy     3.52s     3.52s
Norm of vector changes ab spin case : rms 4.735452e-02    max 6.781905e-02
convergence: bshresidual, energy change, max energy change, density change 3.6e-02 7.0e-02 1.5e-01 1.7e-02
finished iteration  1 at time     33.3s with energy  -15.47166540
timer:        Boys localize     1.10s     1.10s
orbital irreps []
timer:      reconstruct psi     0.16s     0.16s
timer:        compute Jnemo     0.71s     0.71s
timer:        compute Knemo     2.10s     2.10s
timer: compute Unemo 0.0154     0.25s     0.25s

  nuclear and kinetic     -23.04032860
         kinetic only      14.97655468
              coulomb       8.98273925
             exchange      -3.07294138
    nuclear-repulsion       1.64846718
   regularized energy     -15.48206356
  buggy if hybrid functionals are used..
timer:       compute energy     3.28s     3.28s
Norm of vector changes ab spin case : rms 1.911390e-02    max 2.956451e-02
convergence: bshresidual, energy change, max energy change, density change 1.1e-02 1.0e-02 1.0e-01 6.2e-03
finished iteration  2 at time     46.1s with energy  -15.48206356
timer:        Boys localize     1.05s     1.05s
orbital irreps []
timer:      reconstruct psi     0.14s     0.14s
timer:        compute Jnemo     0.73s     0.73s
timer:        compute Knemo     1.97s     1.97s
timer: compute Unemo 0.0154     0.20s     0.20s

  nuclear and kinetic     -23.09156508
         kinetic only      14.98548678
              coulomb       9.02610340
             exchange      -3.06673986
    nuclear-repulsion       1.64846718
   regularized energy     -15.48373436
  buggy if hybrid functionals are used..
timer:       compute energy     3.61s     3.61s
Norm of vector changes ab spin case : rms 8.914031e-03    max 1.375192e-02
convergence: bshresidual, energy change, max energy change, density change 3.8e-03 1.7e-03 5.1e-02 1.8e-03
finished iteration  3 at time     59.5s with energy  -15.48373436
timer:        Boys localize     0.96s     0.96s
orbital irreps []
timer:      reconstruct psi     0.16s     0.16s
timer:        compute Jnemo     0.66s     0.66s
timer:        compute Knemo     1.99s     1.99s
timer: compute Unemo 0.0155     0.19s     0.19s

  nuclear and kinetic     -23.10765210
         kinetic only      14.98723471
              coulomb       9.04068439
             exchange      -3.06549067
    nuclear-repulsion       1.64846718
   regularized energy     -15.48399120
  buggy if hybrid functionals are used..
timer:       compute energy     3.61s     3.61s
Norm of vector changes ab spin case : rms 2.436127e-03    max 3.345191e-03
convergence: bshresidual, energy change, max energy change, density change 1.1e-03 2.6e-04 1.6e-02 6.2e-04
finished iteration  4 at time     72.5s with energy  -15.48399120
timer:        Boys localize     1.18s     1.18s
orbital irreps []
timer:      reconstruct psi     0.12s     0.12s
timer:        compute Jnemo     0.61s     0.61s
timer:        compute Knemo     2.20s     2.20s
timer: compute Unemo 0.0155     0.19s     0.19s

  nuclear and kinetic     -23.10776868
         kinetic only      14.98637357
              coulomb       9.04078841
             exchange      -3.06549953
    nuclear-repulsion       1.64846718
   regularized energy     -15.48401262
  buggy if hybrid functionals are used..
timer:       compute energy     3.60s     3.60s
Norm of vector changes ab spin case : rms 1.918777e-03    max 2.881413e-03
convergence: bshresidual, energy change, max energy change, density change 6.1e-04 2.1e-05 8.6e-04 4.5e-04
finished iteration  5 at time     86.6s with energy  -15.48401262
timer:        Boys localize     1.08s     1.08s
orbital irreps []
timer:      reconstruct psi     0.18s     0.18s
timer:        compute Jnemo     0.67s     0.67s
timer:        compute Knemo     1.89s     1.89s
timer: compute Unemo 0.0155     0.16s     0.16s

  nuclear and kinetic     -23.10569181
         kinetic only      14.98527842
              coulomb       9.03905771
             exchange      -3.06585265
    nuclear-repulsion       1.64846718
   regularized energy     -15.48401956
  buggy if hybrid functionals are used..
timer:       compute energy     3.68s     3.68s
Norm of vector changes ab spin case : rms 5.292277e-04    max 6.500208e-04
convergence: bshresidual, energy change, max energy change, density change 2.9e-04 6.9e-06 2.1e-03 9.8e-05
finished iteration  6 at time    100.7s with energy  -15.48401956

Iterations converged


ending protocol at time    100.7s 

 Dipole Moment (a.u.)
 -----------

     x:  -3.185495e-14
     y:  -9.698427e-14
     z:  4.327446e-01
 Total Dipole Moment:  4.327446e-01 

timer:               dipole     0.07s     0.07s
Nemo Orbital Energies: [*]  -4.87956134  -0.37303343  -0.32704607

nemo energy:  -1.548402e+01
 at time 101.2
PNO Integrals evaluated as:
pnoint
       rank_increase  15         # default   maximum rank to increase in every macroiteration
               chunk  100        # default   chunk of functions operated on in parallel when G or K is applied (prevent memory shortage)
               debug  false      # default   debug mode
              freeze  1          # derived   frozen core approximation
             maxrank  4          # defined   maximal pno rank for all pairs
           guesstype  exop       # derived   the guesstype: exop (recommended, multiply polynomial excitation operators onto the occupied orbitals), empty (don't compute a guess), scf (use the ao basis from the SCF solver), partial_wave (create s,p,d ..., type functions and place on atoms), predefined (same as partial_wave but for predefined sets)
                exop  multipole  # derived   this string defines which excitation operators can be used, use 'dipole', 'dipole+', 'quadrupole', 'ocopole', or 'multipole', need to set guesstype to 'exop' which is the default
          exop_trigo  true       # default   use trigonometric excitation operators ( x --> sin(x)
        partial_wave             # default   atom centered partial wave guess of format like 'h-2s1p-o-3s2p1d', need to set guesstype to 'partial_wave' and adaptive_solver to 'none'
          predefined             # default   predefined partial wave guesses of type pvxz with x=d,t,q,5,6, need to set guesstype to 'predefined' and adaptive_solver to 'none'
           maxiter_t  100        # default   maximal number of iterations in the amplitude solver
       maxiter_micro  10         # default   Maximum of iterations for every cycle in the adaptive solver
       maxiter_macro  10         # default   Maximum of iterations of cycles in the adaptive solver
                tpno  1.0000e-08 # default   PNO cutoff threshold
          tpno_tight  1.0000e-10 # derived   PNO cutoff for the first iteration
    canonicalize_pno  true       # default   canonicalize the pnos before the amplitude solver
              thresh  1.0000e-04 # defined   MRA threshold
         econv_micro  1.0000e-04 # derived   Energy convergence for microiterations (Greens function based optimization) in adaptive solver
         econv_pairs  1.0000e-05 # derived   ENergy convergence for individual pairs in adaptive solver. Converged pairs are frozen automatically
         econv_macro  1.0000e-04 # derived   Energy convergence for macroiterations in adaptive solver, no effect if adaptive_solver is deactivated
               dconv  1.0000e-01 # default   convergence of every PNO in the Green's function solver
           op_thresh  1.0000e-06 # default   MRA operator thresh
             restart  none       # derived   restart pairs of this type, use 'mp2', 'cispd', 'all' or 'none'
          no_compute  none       # default   do not compute the pairs of this type, use 'mp2', 'cispd', 'all' or 'none'
              no_opt  none       # default   do not optimize the pnos of this type, use 'mp2', 'cispd', 'all' or 'none'
            no_guess  none       # derived   guess for this type will be empty, use 'mp2', 'cispd', 'all' or 'none'
     adaptive_solver  all        # default   Use adaptive solver for those pairs, use 'mp2', 'cispd', 'all' or 'none', works only in combination with guesstype 'exop'
                kain  true       # default   use KAIN solver in amplitude solver
       kain_subspace  5          # default   subspace size of the KAIN solver (amplitudes)
                 f12  false      # defined   use explicit correlation
        cispd_number  -1         # default   CIS(D) excitation numbers, to read in correct functions
        cispd_energy  0.0000e+00 # default   CIS energy
        freeze_pairs  none       # default   frozen pairs will not be optimized: Expected format 'a b c d' will freeze pairs ab and cd
freeze_pairs_of_orbital  []         # default    All pairs which originate from this orbital will not be optimized
active_pairs_of_orbital  []         # default    All pairs which originate from this orbital will not be frozen all other pairs will, if this vector is not empty
no_opt_in_first_iteration  false      # default   Do not optimize in the first iteration (then the potentials do not have to be evaluated, use this for large guesses)
            exchange  full       # default   approximate exchange with 'neglect' or xc functional -> same syntax as moldft
           save_pnos  true       # default   Save the OBS-PNOs to a file, before and after orthonormalization.
            diagonal  true       # defined   Compute only diagonal PNOs
              orthog  symmetric  # defined   orthogonalization method for PNO basis, also current default for a potential CABS. options: symmetric, canonical, cholesky, rr_cholesky,
         orthog_cabs  default    # default   orthogonalization method for CABS basis. options: symmetric, canonical, cholesky, rr_cholesky, uses same as orbitals basis if default.
               n_pno  8          # defined   desired size of PNO-basis (orbital space)
         cabs_option  none       # default   type of complementary auxiliary basis to be used. can be none ~ no CABS, gbs ~ Gaussian basis set as CABS, requires input via auxbas_file, pno ~ use superfluous PNOs as CABS, mixed ~ gbs&pno-option
       pno_cabs_size  -1         # default   size of a potential pno-cabs. defaults to -1 ~ all remaining PNOs, if pno-cabs or mixed-cabs
           only_diag  false      # default   use only diagonal elements PNOs
         cherry_pick  []         # default   cherry pick option to choose particular set of PNOs, not just blindly by occupation number. can be useful, if only a restricted number of PNOs can be used, to avoid separating degenerate pairs. can be envoked by passing a vector via [ elem1, elem2, ... ]
               gamma  1.4000e+00 # default   The f12 length scale, here to be used to compute f12-integrals
         cabs_thresh  1.0000e-04 # derived    thresh for cabs part
              auxbas  none       # default   atom centered partial wave guess of format like 'h-2s1p-o-3s2p1d'
         auxbas_file  none       # default   Use external comp. aux. basis in addition to the pnos as auxbasis. Give the filename as parameter. Give the auxbas in turbomole format. Don't use contractions. If a file is specified the auxbas parameter has no effect
   print_pno_overlap  true       # default   Print overlap matrix at certain steps in computation, for debugging purposes.
              n_virt  0          # defined   Compute this number of virtuals and include them in the integral construction, experimental and not robust!.
      hardcore_boson  false      # default   compute only integrals for hardcore boson hamiltonian (restricted to double occupations)

end
F12 Operators initialized right
timer:                    Testing F12 Operators     0.76s     0.76s 
timer:  Initializing (active) Exchange Orbitals     1.92s     1.92s 
Size of active mos and their exchange potentials:
K(acmos)=3.230214e-03 Gbyte
acmos   =2.831548e-03 Gbyte
PNO Parameters
pno
       rank_increase  15         # default   maximum rank to increase in every macroiteration
               chunk  100        # default   chunk of functions operated on in parallel when G or K is applied (prevent memory shortage)
               debug  false      # default   debug mode
              freeze  1          # derived   frozen core approximation
             maxrank  4          # defined   maximal pno rank for all pairs
           guesstype  exop       # derived   the guesstype: exop (recommended, multiply polynomial excitation operators onto the occupied orbitals), empty (don't compute a guess), scf (use the ao basis from the SCF solver), partial_wave (create s,p,d ..., type functions and place on atoms), predefined (same as partial_wave but for predefined sets)
                exop  multipole  # derived   this string defines which excitation operators can be used, use 'dipole', 'dipole+', 'quadrupole', 'ocopole', or 'multipole', need to set guesstype to 'exop' which is the default
          exop_trigo  true       # default   use trigonometric excitation operators ( x --> sin(x)
        partial_wave             # default   atom centered partial wave guess of format like 'h-2s1p-o-3s2p1d', need to set guesstype to 'partial_wave' and adaptive_solver to 'none'
          predefined             # default   predefined partial wave guesses of type pvxz with x=d,t,q,5,6, need to set guesstype to 'predefined' and adaptive_solver to 'none'
           maxiter_t  100        # default   maximal number of iterations in the amplitude solver
       maxiter_micro  10         # default   Maximum of iterations for every cycle in the adaptive solver
       maxiter_macro  10         # default   Maximum of iterations of cycles in the adaptive solver
                tpno  1.0000e-08 # default   PNO cutoff threshold
          tpno_tight  1.0000e-10 # derived   PNO cutoff for the first iteration
    canonicalize_pno  true       # default   canonicalize the pnos before the amplitude solver
              thresh  1.0000e-04 # defined   MRA threshold
         econv_micro  1.0000e-04 # derived   Energy convergence for microiterations (Greens function based optimization) in adaptive solver
         econv_pairs  1.0000e-05 # derived   ENergy convergence for individual pairs in adaptive solver. Converged pairs are frozen automatically
         econv_macro  1.0000e-04 # derived   Energy convergence for macroiterations in adaptive solver, no effect if adaptive_solver is deactivated
               dconv  1.0000e-01 # default   convergence of every PNO in the Green's function solver
           op_thresh  1.0000e-06 # default   MRA operator thresh
             restart  none       # derived   restart pairs of this type, use 'mp2', 'cispd', 'all' or 'none'
          no_compute  none       # default   do not compute the pairs of this type, use 'mp2', 'cispd', 'all' or 'none'
              no_opt  none       # default   do not optimize the pnos of this type, use 'mp2', 'cispd', 'all' or 'none'
            no_guess  none       # derived   guess for this type will be empty, use 'mp2', 'cispd', 'all' or 'none'
     adaptive_solver  all        # default   Use adaptive solver for those pairs, use 'mp2', 'cispd', 'all' or 'none', works only in combination with guesstype 'exop'
                kain  true       # default   use KAIN solver in amplitude solver
       kain_subspace  5          # default   subspace size of the KAIN solver (amplitudes)
                 f12  false      # defined   use explicit correlation
        cispd_number  -1         # default   CIS(D) excitation numbers, to read in correct functions
        cispd_energy  0.0000e+00 # default   CIS energy
        freeze_pairs  none       # default   frozen pairs will not be optimized: Expected format 'a b c d' will freeze pairs ab and cd
freeze_pairs_of_orbital  []         # default    All pairs which originate from this orbital will not be optimized
active_pairs_of_orbital  []         # default    All pairs which originate from this orbital will not be frozen all other pairs will, if this vector is not empty
no_opt_in_first_iteration  false      # default   Do not optimize in the first iteration (then the potentials do not have to be evaluated, use this for large guesses)
            exchange  full       # default   approximate exchange with 'neglect' or xc functional -> same syntax as moldft
           save_pnos  true       # default   Save the OBS-PNOs to a file, before and after orthonormalization.
            diagonal  true       # defined   Compute only diagonal PNOs

end

**********************
Solve PNO-MP2
*********************


**********************
Iterate Pairs
*********************


************************
Adaptive Solver
***********************

Initializing empty Pairs:
no guess was explicitly demanded for mp2

timer:                                     RRCD     0.00s     0.00s 
timer:                             MRA compress     0.00s     0.00s 
timer:                          Transform Pairs     0.00s     0.00s 
timer:          apply Q and orthonormalize PNOs     0.00s     0.00s 
Created Guess:
pair11 with 0 guess functions
pair21 with 0 guess functions
pair22 with 0 guess functions
guess pair11 size: 0.0000000000e+00 | 0.0000000000e+00 Gbyte (after truncation)
guess pair22 size: 0.0000000000e+00 | 0.0000000000e+00 Gbyte (after truncation)
timer:                           truncate guess     0.00s     0.00s 
timer:                         Initialize Pairs     0.00s     0.00s 
Keyword multipole is not known
Guess protocol for adaptively growing ranks is: [dipole+, quadrupole, big_fock_3, big_fock_3, big_fock_3, big_fock_3, big_fock_3, big_fock_3, big_fock_3, big_fock_3]


--------Adaptive Solver Macroiteration 0 from max 10 ----------

Growing ranks with exop=dipole+
Create guess functions by multiplying plane-waves to 1 functions 
Created 4 virtuals for pair11
pair21 is frozen: no growing
Create guess functions by multiplying plane-waves to 1 functions 
Created 4 virtuals for pair22
frozen pair: no orthonormalization
timer:                                     RRCD     0.02s     0.02s 
timer:                             MRA compress     0.00s     0.00s 
timer:                          Transform Pairs     0.07s     0.07s 
timer:                        grow PNO subspace     1.67s     1.67s 
SolveInternal: Parameters are assigned as
no_compute        = false
no_opt            = false
restart           = false
do_cispd          = false
econv             =1.0000000000e-04
maxrank (min,max) = (4,4)
Solving MP2 doubles
timer:          fock matrix     2.66s     2.66s
Information About All Pairs:
mp2_pair11           number=0 rank=  4 frozen=false
mp2_pair21           number=1 rank=  0 frozen=true
mp2_pair22           number=2 rank=  4 frozen=false
number of pairs=3
average rank   =2 (2.6666666667e+00)
largest rank   =4
PNOPairs Memory Information
Total: 0.0111217499 GB 
PNO  : 0.0111217499 GB 
KPNO : 0.0000000000 GB 
W    : 0.0000000000 GB 

timer:                                 truncate     0.06s     0.06s 
wall time=114.7201390266 chunk=8 allK.size()=8 memory=0.0100586414 GB
timer:                             compute KPNO     4.31s     4.31s 
wall time=114.8414158821 chunk=8 allJ.size()=8 memory=0.0121030807 GB
timer:                             compute JPNO     0.12s     0.12s 
timer:                    compute Fock matrices     1.33s     1.33s 
timer:                             MRA compress     0.00s     0.00s 
timer:                          Transform Pairs     0.29s     0.29s 
timer:                             Canonicalize     0.29s     0.29s 
PNOPairs Memory Information
Total: 0.0208532810 GB 
PNO  : 0.0108764172 GB 
KPNO : 0.0099768639 GB 
W    : 0.0000000000 GB 

timer:                                 truncate     0.04s     0.04s 
mp2_pair21 is frozen: potential not computed
timer:                   Fluctuation Potentials     2.28s     2.28s 
timer:                       Fluctuation Matrix     0.19s     0.19s 
PNOPairs Memory Information
Total: 0.0355732441 GB 
PNO  : 0.0108764172 GB 
KPNO : 0.0099768639 GB 
W    : 0.0147199631 GB 

PNOPairs Memory Information
Total: 0.0355732441 GB 
PNO  : 0.0108764172 GB 
KPNO : 0.0099768639 GB 
W    : 0.0147199631 GB 

timer:                                 truncate     0.07s     0.07s 
timer:                             PNO Overlaps     0.07s     0.07s 
t_iter =  0  Hylleraas energy =  0.0000000000  ||R||_F =  0.1545855017  conv =  no
subspace solution [*]   1.00000000

t_iter =  1  Hylleraas energy =  -0.0332612107  ||R||_F =  0.0000001819  conv =  yes
=======================================================

Hylleraas MP2 Energies

=======================================================
    i    j      singlet      triplet        Total
=======================================================
    1    1  -1.48557e-02  0.00000e+00 -1.48557e-02
    2    1   0.00000e+00  0.00000e+00  0.00000e+00
    2    2  -1.84055e-02  0.00000e+00 -1.84055e-02
=======================================================
Hylleraas MP2 Energies (singlet): -3.32612e-02
Hylleraas MP2 Energies (triplet):  0.00000e+00
Hylleraas MP2 Energies (total)  : -3.32612e-02
=======================================================
-------------------------------------------
Total Reg Energy  =-3.32612e-02
Total F12 Energy  = 0.00000e+00
Sum Energies Total=-3.32612e-02
-------------------------------------------
timer:                         Solve Amplitudes     0.00s     0.00s 
No optimization untill now: Compressing pno ranks with tighter threshold
1.00000e-10 instead of 1.00000e-08
pair11: density evals:
 [*]   0.00256561   0.00344162   0.00344162   0.02964897

pair22: density evals:
 [*]   0.00243171   0.00308370   0.00308370   0.05176174

timer:                            compress PNOs     0.00s     0.00s 
timer:                             MRA compress     0.00s     0.00s 
timer:                          Transform Pairs     0.53s     0.53s 
timer:                          PNO Compression     0.53s     0.53s 
Information About All Pairs:
mp2_pair11           number=0 rank=  4 frozen=false
mp2_pair21           number=1 rank=  0 frozen=true
mp2_pair22           number=2 rank=  4 frozen=false
number of pairs=3
average rank   =2 (2.66667e+00)
largest rank   =4
saving vector of functions mp2_pair11
saving vector of functions mp2_pair22
timer:                        save pnos on disc     0.16s     0.16s 
PNOPairs Memory Information
Total: 0.03443 GB 
PNO  : 0.01063 GB 
KPNO : 0.00973 GB 
W    : 0.01407 GB 

timer:                                 truncate     0.05s     0.05s 
timer:      compute densities for G application     0.00s     0.00s 
pair21 is frozen: no optimization
timer:                Prepare for G application     0.40s     0.40s 
timer:                                    add K     0.04s     0.04s 
size of all Vpsi potentials (without Vnuc and J) 0.01317 GB 
time=121.08417 chunk=8 Vpsi+Vnuc+J=0.03198 GB
time=121.13060 chunk=8 Vpsi+Vnuc+J=0.03157 GB (after truncation)
timer:                           Apply G to all     3.09s     3.09s 
timer:                       apply Q and update     0.00s     0.00s 
mp2_pair11 residual norms:
[0.47697, 0.35449, 0.35449, 0.38190]
mp2_pair11 scaled residual norms:
[0.02416, 0.02080, 0.02080, 0.06576]
mp2_pair22 residual norms:
[0.46042, 0.35653, 0.35653, 0.36046]
mp2_pair22 scaled residual norms:
[0.02270, 0.01980, 0.01980, 0.08201]
timer:                          update all PNOs     3.54s     3.54s 
frozen pair: no orthonormalization
timer:                                     RRCD     0.07s     0.07s 
timer:                             MRA compress     0.00s     0.00s 
timer:                          Transform Pairs     0.05s     0.05s 
saving vector of functions mp2_pair11
saving vector of functions mp2_pair22
timer:                        save pnos on disc     0.17s     0.17s 


No convergence yet. Energy change = 0.03326

timer:                        Whole Iteration 1    13.47s    13.47s 
Information About All Pairs:
mp2_pair11           number=0 rank=  4 frozen=false
mp2_pair21           number=1 rank=  0 frozen=true
mp2_pair22           number=2 rank=  4 frozen=false
number of pairs=3
average rank   =2 (2.66667)
largest rank   =4
PNOPairs Memory Information
Total: 0.01039 GB 
PNO  : 0.01039 GB 
KPNO : 0.00000 GB 
W    : 0.00000 GB 

timer:                                 truncate     0.03s     0.03s 
wall time=127.97628 chunk=8 allK.size()=8 memory=0.00990 GB
timer:                             compute KPNO     4.15s     4.15s 
wall time=128.12939 chunk=8 allJ.size()=8 memory=0.01145 GB
timer:                             compute JPNO     0.15s     0.15s 
timer:                    compute Fock matrices     1.37s     1.37s 
timer:                             MRA compress     0.00s     0.00s 
timer:                          Transform Pairs     0.30s     0.30s 
timer:                             Canonicalize     0.30s     0.30s 
PNOPairs Memory Information
Total: 0.02028 GB 
PNO  : 0.01047 GB 
KPNO : 0.00981 GB 
W    : 0.00000 GB 

timer:                                 truncate     0.04s     0.04s 
mp2_pair21 is frozen: potential not computed
timer:                   Fluctuation Potentials     2.20s     2.20s 
timer:                       Fluctuation Matrix     0.15s     0.15s 
PNOPairs Memory Information
Total: 0.03467 GB 
PNO  : 0.01047 GB 
KPNO : 0.00981 GB 
W    : 0.01439 GB 

PNOPairs Memory Information
Total: 0.03467 GB 
PNO  : 0.01047 GB 
KPNO : 0.00981 GB 
W    : 0.01439 GB 

timer:                                 truncate     0.07s     0.07s 
timer:                             PNO Overlaps     0.07s     0.07s 
t_iter =  0  Hylleraas energy =  0.00000  ||R||_F =  0.22022  conv =  no
subspace solution [*]   1.00000000

t_iter =  1  Hylleraas energy =  -0.05987  ||R||_F =  0.00000  conv =  yes
=======================================================

Hylleraas MP2 Energies

=======================================================
    i    j      singlet      triplet        Total
=======================================================
    1    1  -2.70621e-02  0.00000e+00 -2.70621e-02
    2    1   0.00000e+00  0.00000e+00  0.00000e+00
    2    2  -3.28037e-02  0.00000e+00 -3.28037e-02
=======================================================
Hylleraas MP2 Energies (singlet): -5.98658e-02
Hylleraas MP2 Energies (triplet):  0.00000e+00
Hylleraas MP2 Energies (total)  : -5.98658e-02
=======================================================
-------------------------------------------
Total Reg Energy  =-5.98658e-02
Total F12 Energy  = 0.00000e+00
Sum Energies Total=-5.98658e-02
-------------------------------------------
timer:                         Solve Amplitudes     0.00s     0.00s 
pair11: density evals:
 [*]   0.00388836   0.00413405   0.00413405   0.05124067

pair22: density evals:
 [*]   0.00353387   0.00365381   0.00365381   0.08949508

timer:                            compress PNOs     0.00s     0.00s 
timer:                             MRA compress     0.00s     0.00s 
timer:                          Transform Pairs     0.59s     0.59s 
timer:                          PNO Compression     0.59s     0.59s 
Information About All Pairs:
mp2_pair11           number=0 rank=  4 frozen=false
mp2_pair21           number=1 rank=  0 frozen=true
mp2_pair22           number=2 rank=  4 frozen=false
number of pairs=3
average rank   =2 (2.66667e+00)
largest rank   =4
saving vector of functions mp2_pair11
saving vector of functions mp2_pair22
timer:                        save pnos on disc     0.22s     0.22s 
PNOPairs Memory Information
Total: 0.03418 GB 
PNO  : 0.01030 GB 
KPNO : 0.00981 GB 
W    : 0.01407 GB 

timer:                                 truncate     0.03s     0.03s 
timer:      compute densities for G application     0.00s     0.00s 
pair21 is frozen: no optimization
timer:                Prepare for G application     0.49s     0.49s 
timer:                                    add K     0.03s     0.03s 
size of all Vpsi potentials (without Vnuc and J) 0.01464 GB 
time=134.42484 chunk=8 Vpsi+Vnuc+J=0.03173 GB
time=134.48248 chunk=8 Vpsi+Vnuc+J=0.03042 GB (after truncation)
timer:                           Apply G to all     3.11s     3.11s 
timer:                       apply Q and update     0.00s     0.00s 
mp2_pair11 residual norms:
[0.11532, 0.08599, 0.08599, 0.10375]
mp2_pair11 scaled residual norms:
[0.00719, 0.00553, 0.00553, 0.02349]
mp2_pair22 residual norms:
[0.12531, 0.09131, 0.09131, 0.08895]
mp2_pair22 scaled residual norms:
[0.00745, 0.00552, 0.00552, 0.02661]
timer:                          update all PNOs     3.63s     3.63s 
frozen pair: no orthonormalization
timer:                                     RRCD     0.10s     0.10s 
timer:                             MRA compress     0.00s     0.00s 
timer:                          Transform Pairs     0.18s     0.18s 
saving vector of functions mp2_pair11
saving vector of functions mp2_pair22
timer:                        save pnos on disc     0.16s     0.16s 


No convergence yet. Energy change = 0.02660

timer:                        Whole Iteration 2    13.53s    13.53s 
Information About All Pairs:
mp2_pair11           number=0 rank=  4 frozen=false
mp2_pair21           number=1 rank=  0 frozen=true
mp2_pair22           number=2 rank=  4 frozen=false
number of pairs=3
average rank   =2 (2.66667)
largest rank   =4
PNOPairs Memory Information
Total: 0.01006 GB 
PNO  : 0.01006 GB 
KPNO : 0.00000 GB 
W    : 0.00000 GB 

timer:                                 truncate     0.02s     0.02s 
wall time=141.29245 chunk=8 allK.size()=8 memory=0.00998 GB
timer:                             compute KPNO     3.95s     3.95s 
wall time=141.46148 chunk=8 allJ.size()=8 memory=0.01153 GB
timer:                             compute JPNO     0.17s     0.17s 
timer:                    compute Fock matrices     1.48s     1.48s 
timer:                             MRA compress     0.00s     0.00s 
timer:                          Transform Pairs     0.30s     0.30s 
timer:                             Canonicalize     0.30s     0.30s 
PNOPairs Memory Information
Total: 0.02004 GB 
PNO  : 0.01006 GB 
KPNO : 0.00998 GB 
W    : 0.00000 GB 

timer:                                 truncate     0.07s     0.07s 
mp2_pair21 is frozen: potential not computed
timer:                   Fluctuation Potentials     2.25s     2.25s 
timer:                       Fluctuation Matrix     0.22s     0.22s 
PNOPairs Memory Information
Total: 0.03426 GB 
PNO  : 0.01006 GB 
KPNO : 0.00998 GB 
W    : 0.01423 GB 

PNOPairs Memory Information
Total: 0.03426 GB 
PNO  : 0.01006 GB 
KPNO : 0.00998 GB 
W    : 0.01423 GB 

timer:                                 truncate     0.10s     0.10s 
timer:                             PNO Overlaps     0.06s     0.06s 
t_iter =  0  Hylleraas energy =  0.00000  ||R||_F =  0.23464  conv =  no
subspace solution [*]   1.00000000

t_iter =  1  Hylleraas energy =  -0.06327  ||R||_F =  0.00000  conv =  yes
=======================================================

Hylleraas MP2 Energies

=======================================================
    i    j      singlet      triplet        Total
=======================================================
    1    1  -2.86750e-02  0.00000e+00 -2.86750e-02
    2    1   0.00000e+00  0.00000e+00  0.00000e+00
    2    2  -3.45956e-02  0.00000e+00 -3.45956e-02
=======================================================
Hylleraas MP2 Energies (singlet): -6.32706e-02
Hylleraas MP2 Energies (triplet):  0.00000e+00
Hylleraas MP2 Energies (total)  : -6.32706e-02
=======================================================
-------------------------------------------
Total Reg Energy  =-6.32706e-02
Total F12 Energy  = 0.00000e+00
Sum Energies Total=-6.32706e-02
-------------------------------------------
timer:                         Solve Amplitudes     0.00s     0.00s 
pair11: density evals:
 [*]   0.00370312   0.00396082   0.00396082   0.05062723

pair22: density evals:
 [*]   0.00338741   0.00347552   0.00347552   0.08897979

timer:                            compress PNOs     0.00s     0.00s 
timer:                             MRA compress     0.00s     0.00s 
timer:                          Transform Pairs     0.44s     0.44s 
timer:                          PNO Compression     0.44s     0.44s 
Information About All Pairs:
mp2_pair11           number=0 rank=  4 frozen=false
mp2_pair21           number=1 rank=  0 frozen=true
mp2_pair22           number=2 rank=  4 frozen=false
number of pairs=3
average rank   =2 (2.66667e+00)
largest rank   =4
saving vector of functions mp2_pair11
saving vector of functions mp2_pair22
timer:                        save pnos on disc     0.17s     0.17s 
PNOPairs Memory Information
Total: 0.03426 GB 
PNO  : 0.01006 GB 
KPNO : 0.00998 GB 
W    : 0.01423 GB 

timer:                                 truncate     0.03s     0.03s 
timer:      compute densities for G application     0.00s     0.00s 
pair21 is frozen: no optimization
timer:                Prepare for G application     0.49s     0.49s 
timer:                                    add K     0.03s     0.03s 
size of all Vpsi potentials (without Vnuc and J) 0.01480 GB 
time=147.82596 chunk=8 Vpsi+Vnuc+J=0.03173 GB
time=147.91518 chunk=8 Vpsi+Vnuc+J=0.03009 GB (after truncation)
timer:                           Apply G to all     2.96s     2.96s 
timer:                       apply Q and update     0.00s     0.00s 
mp2_pair11 residual norms:
[0.05382, 0.03010, 0.03010, 0.04461]
mp2_pair11 scaled residual norms:
[0.00328, 0.00189, 0.00189, 0.01004]
mp2_pair22 residual norms:
[0.06760, 0.04080, 0.04080, 0.03727]
mp2_pair22 scaled residual norms:
[0.00393, 0.00241, 0.00241, 0.01112]
timer:                          update all PNOs     3.48s     3.48s 
frozen pair: no orthonormalization
timer:                                     RRCD     0.04s     0.04s 
timer:                             MRA compress     0.00s     0.00s 
timer:                          Transform Pairs     0.10s     0.10s 
saving vector of functions mp2_pair11
saving vector of functions mp2_pair22
timer:                        save pnos on disc     0.18s     0.18s 


No convergence yet. Energy change = 0.00340

timer:                        Whole Iteration 3    13.11s    13.11s 
Information About All Pairs:
mp2_pair11           number=0 rank=  4 frozen=false
mp2_pair21           number=1 rank=  0 frozen=true
mp2_pair22           number=2 rank=  4 frozen=false
number of pairs=3
average rank   =2 (2.66667)
largest rank   =4
PNOPairs Memory Information
Total: 0.01039 GB 
PNO  : 0.01039 GB 
KPNO : 0.00000 GB 
W    : 0.00000 GB 

timer:                                 truncate     0.04s     0.04s 
wall time=154.58482 chunk=8 allK.size()=8 memory=0.00998 GB
timer:                             compute KPNO     4.11s     4.11s 
wall time=154.73747 chunk=8 allJ.size()=8 memory=0.01169 GB
timer:                             compute JPNO     0.15s     0.15s 
timer:                    compute Fock matrices     1.42s     1.42s 
timer:                             MRA compress     0.00s     0.00s 
timer:                          Transform Pairs     0.26s     0.26s 
timer:                             Canonicalize     0.26s     0.26s 
PNOPairs Memory Information
Total: 0.02036 GB 
PNO  : 0.01039 GB 
KPNO : 0.00998 GB 
W    : 0.00000 GB 

timer:                                 truncate     0.04s     0.04s 
mp2_pair21 is frozen: potential not computed
timer:                   Fluctuation Potentials     2.03s     2.03s 
timer:                       Fluctuation Matrix     0.11s     0.11s 
PNOPairs Memory Information
Total: 0.03459 GB 
PNO  : 0.01039 GB 
KPNO : 0.00998 GB 
W    : 0.01423 GB 

PNOPairs Memory Information
Total: 0.03459 GB 
PNO  : 0.01039 GB 
KPNO : 0.00998 GB 
W    : 0.01423 GB 

timer:                                 truncate     0.10s     0.10s 
timer:                             PNO Overlaps     0.07s     0.07s 
t_iter =  0  Hylleraas energy =  0.00000  ||R||_F =  0.24012  conv =  no
subspace solution [*]   1.00000000

t_iter =  1  Hylleraas energy =  -0.06396  ||R||_F =  0.00000  conv =  yes
=======================================================

Hylleraas MP2 Energies

=======================================================
    i    j      singlet      triplet        Total
=======================================================
    1    1  -2.89939e-02  0.00000e+00 -2.89939e-02
    2    1   0.00000e+00  0.00000e+00  0.00000e+00
    2    2  -3.49680e-02  0.00000e+00 -3.49680e-02
=======================================================
Hylleraas MP2 Energies (singlet): -6.39619e-02
Hylleraas MP2 Energies (triplet):  0.00000e+00
Hylleraas MP2 Energies (total)  : -6.39619e-02
=======================================================
-------------------------------------------
Total Reg Energy  =-6.39619e-02
Total F12 Energy  = 0.00000e+00
Sum Energies Total=-6.39619e-02
-------------------------------------------
timer:                         Solve Amplitudes     0.00s     0.00s 
pair11: density evals:
 [*]   0.00357407   0.00386743   0.00386743   0.04936729

pair22: density evals:
 [*]   0.00327481   0.00336505   0.00336505   0.08726616

timer:                            compress PNOs     0.00s     0.00s 
timer:                             MRA compress     0.00s     0.00s 
timer:                          Transform Pairs     0.45s     0.45s 
timer:                          PNO Compression     0.45s     0.45s 
Information About All Pairs:
mp2_pair11           number=0 rank=  4 frozen=false
mp2_pair21           number=1 rank=  0 frozen=true
mp2_pair22           number=2 rank=  4 frozen=false
number of pairs=3
average rank   =2 (2.66667e+00)
largest rank   =4
saving vector of functions mp2_pair11
saving vector of functions mp2_pair22
timer:                        save pnos on disc     0.19s     0.19s 
PNOPairs Memory Information
Total: 0.03459 GB 
PNO  : 0.01039 GB 
KPNO : 0.00998 GB 
W    : 0.01423 GB 

timer:                                 truncate     0.07s     0.07s 
timer:      compute densities for G application     0.00s     0.00s 
pair21 is frozen: no optimization
timer:                Prepare for G application     0.58s     0.58s 
timer:                                    add K     0.06s     0.06s 
size of all Vpsi potentials (without Vnuc and J) 0.01480 GB 
time=160.80451 chunk=8 Vpsi+Vnuc+J=0.03222 GB
time=160.87144 chunk=8 Vpsi+Vnuc+J=0.03042 GB (after truncation)
timer:                           Apply G to all     3.08s     3.08s 
timer:                       apply Q and update     0.00s     0.00s 
mp2_pair11 residual norms:
[0.03219, 0.01311, 0.01311, 0.02106]
mp2_pair11 scaled residual norms:
[0.00192, 0.00082, 0.00082, 0.00468]
mp2_pair22 residual norms:
[0.04407, 0.02441, 0.02441, 0.01756]
mp2_pair22 scaled residual norms:
[0.00252, 0.00142, 0.00142, 0.00519]
timer:                          update all PNOs     3.72s     3.72s 
frozen pair: no orthonormalization
timer:                                     RRCD     0.06s     0.06s 
timer:                             MRA compress     0.00s     0.00s 
timer:                          Transform Pairs     0.11s     0.11s 
saving vector of functions mp2_pair11
saving vector of functions mp2_pair22
timer:                        save pnos on disc     0.18s     0.18s 


No convergence yet. Energy change = 0.00069

timer:                        Whole Iteration 4    13.15s    13.15s 
Information About All Pairs:
mp2_pair11           number=0 rank=  4 frozen=false
mp2_pair21           number=1 rank=  0 frozen=true
mp2_pair22           number=2 rank=  4 frozen=false
number of pairs=3
average rank   =2 (2.66667)
largest rank   =4
PNOPairs Memory Information
Total: 0.01039 GB 
PNO  : 0.01039 GB 
KPNO : 0.00000 GB 
W    : 0.00000 GB 

timer:                                 truncate     0.03s     0.03s 
wall time=167.75876 chunk=8 allK.size()=8 memory=0.01006 GB
timer:                             compute KPNO     4.14s     4.14s 
wall time=167.90545 chunk=8 allJ.size()=8 memory=0.01161 GB
timer:                             compute JPNO     0.15s     0.15s 
timer:                    compute Fock matrices     1.32s     1.32s 
timer:                             MRA compress     0.00s     0.00s 
timer:                          Transform Pairs     0.17s     0.17s 
timer:                             Canonicalize     0.20s     0.20s 
PNOPairs Memory Information
Total: 0.02036 GB 
PNO  : 0.01030 GB 
KPNO : 0.01006 GB 
W    : 0.00000 GB 

timer:                                 truncate     0.04s     0.04s 
mp2_pair21 is frozen: potential not computed
timer:                   Fluctuation Potentials     2.41s     2.41s 
timer:                       Fluctuation Matrix     0.16s     0.16s 
PNOPairs Memory Information
Total: 0.03476 GB 
PNO  : 0.01030 GB 
KPNO : 0.01006 GB 
W    : 0.01439 GB 

PNOPairs Memory Information
Total: 0.03476 GB 
PNO  : 0.01030 GB 
KPNO : 0.01006 GB 
W    : 0.01439 GB 

timer:                                 truncate     0.06s     0.06s 
timer:                             PNO Overlaps     0.09s     0.09s 
t_iter =  0  Hylleraas energy =  0.00000  ||R||_F =  0.24263  conv =  no
subspace solution [*]   1.00000000

t_iter =  1  Hylleraas energy =  -0.06414  ||R||_F =  0.00000  conv =  yes
=======================================================

Hylleraas MP2 Energies

=======================================================
    i    j      singlet      triplet        Total
=======================================================
    1    1  -2.90707e-02  0.00000e+00 -2.90707e-02
    2    1   0.00000e+00  0.00000e+00  0.00000e+00
    2    2  -3.50689e-02  0.00000e+00 -3.50689e-02
=======================================================
Hylleraas MP2 Energies (singlet): -6.41396e-02
Hylleraas MP2 Energies (triplet):  0.00000e+00
Hylleraas MP2 Energies (total)  : -6.41396e-02
=======================================================
-------------------------------------------
Total Reg Energy  =-6.41396e-02
Total F12 Energy  = 0.00000e+00
Sum Energies Total=-6.41396e-02
-------------------------------------------
timer:                         Solve Amplitudes     0.00s     0.00s 
pair11: density evals:
 [*]   0.00349902   0.00382333   0.00382333   0.04862561

pair22: density evals:
 [*]   0.00320175   0.00329979   0.00329979   0.08625051

timer:                            compress PNOs     0.00s     0.00s 
timer:                             MRA compress     0.00s     0.00s 
timer:                          Transform Pairs     0.51s     0.51s 
timer:                          PNO Compression     0.51s     0.51s 
Information About All Pairs:
mp2_pair11           number=0 rank=  4 frozen=false
mp2_pair21           number=1 rank=  0 frozen=true
mp2_pair22           number=2 rank=  4 frozen=false
number of pairs=3
average rank   =2 (2.66667e+00)
largest rank   =4
saving vector of functions mp2_pair11
saving vector of functions mp2_pair22
timer:                        save pnos on disc     0.17s     0.17s 
PNOPairs Memory Information
Total: 0.03459 GB 
PNO  : 0.01030 GB 
KPNO : 0.01006 GB 
W    : 0.01423 GB 

timer:                                 truncate     0.05s     0.05s 
timer:      compute densities for G application     0.00s     0.00s 
pair21 is frozen: no optimization
timer:                Prepare for G application     0.46s     0.46s 
timer:                                    add K     0.05s     0.05s 
size of all Vpsi potentials (without Vnuc and J) 0.01447 GB 
time=174.25627 chunk=8 Vpsi+Vnuc+J=0.03214 GB
time=174.33049 chunk=8 Vpsi+Vnuc+J=0.03050 GB (after truncation)
timer:                           Apply G to all     3.28s     3.28s 
timer:                       apply Q and update     0.00s     0.00s 
mp2_pair11 residual norms:
[0.02045, 0.00698, 0.00698, 0.01030]
mp2_pair11 scaled residual norms:
[0.00121, 0.00043, 0.00043, 0.00227]
mp2_pair22 residual norms:
[0.02967, 0.01661, 0.01661, 0.00865]
mp2_pair22 scaled residual norms:
[0.00168, 0.00095, 0.00095, 0.00254]
timer:                          update all PNOs     3.80s     3.80s 
frozen pair: no orthonormalization
timer:                                     RRCD     0.10s     0.10s 
timer:                             MRA compress     0.00s     0.00s 
timer:                          Transform Pairs     0.11s     0.11s 
saving vector of functions mp2_pair11
saving vector of functions mp2_pair22
timer:                        save pnos on disc     0.18s     0.18s 


No convergence yet. Energy change = 0.00018

timer:                        Whole Iteration 5    13.64s    13.64s 
Information About All Pairs:
mp2_pair11           number=0 rank=  4 frozen=false
mp2_pair21           number=1 rank=  0 frozen=true
mp2_pair22           number=2 rank=  4 frozen=false
number of pairs=3
average rank   =2 (2.66667)
largest rank   =4
PNOPairs Memory Information
Total: 0.01047 GB 
PNO  : 0.01047 GB 
KPNO : 0.00000 GB 
W    : 0.00000 GB 

timer:                                 truncate     0.02s     0.02s 
wall time=181.43686 chunk=8 allK.size()=8 memory=0.01006 GB
timer:                             compute KPNO     4.21s     4.21s 
wall time=181.64957 chunk=8 allJ.size()=8 memory=0.01161 GB
timer:                             compute JPNO     0.19s     0.19s 
timer:                    compute Fock matrices     1.51s     1.51s 
timer:                             MRA compress     0.00s     0.00s 
timer:                          Transform Pairs     0.30s     0.30s 
timer:                             Canonicalize     0.30s     0.30s 
PNOPairs Memory Information
Total: 0.02053 GB 
PNO  : 0.01047 GB 
KPNO : 0.01006 GB 
W    : 0.00000 GB 

timer:                                 truncate     0.06s     0.06s 
mp2_pair21 is frozen: potential not computed
timer:                   Fluctuation Potentials     2.31s     2.31s 
timer:                       Fluctuation Matrix     0.18s     0.18s 
PNOPairs Memory Information
Total: 0.03508 GB 
PNO  : 0.01047 GB 
KPNO : 0.01006 GB 
W    : 0.01456 GB 

PNOPairs Memory Information
Total: 0.03508 GB 
PNO  : 0.01047 GB 
KPNO : 0.01006 GB 
W    : 0.01456 GB 

timer:                                 truncate     0.05s     0.05s 
timer:                             PNO Overlaps     0.13s     0.13s 
t_iter =  0  Hylleraas energy =  0.00000  ||R||_F =  0.24391  conv =  no
subspace solution [*]   1.00000000

t_iter =  1  Hylleraas energy =  -0.06419  ||R||_F =  0.00000  conv =  yes
=======================================================

Hylleraas MP2 Energies

=======================================================
    i    j      singlet      triplet        Total
=======================================================
    1    1  -2.90910e-02  0.00000e+00 -2.90910e-02
    2    1   0.00000e+00  0.00000e+00  0.00000e+00
    2    2  -3.50986e-02  0.00000e+00 -3.50986e-02
=======================================================
Hylleraas MP2 Energies (singlet): -6.41896e-02
Hylleraas MP2 Energies (triplet):  0.00000e+00
Hylleraas MP2 Energies (total)  : -6.41896e-02
=======================================================
-------------------------------------------
Total Reg Energy  =-6.41896e-02
Total F12 Energy  = 0.00000e+00
Sum Energies Total=-6.41896e-02
-------------------------------------------
timer:                         Solve Amplitudes     0.00s     0.00s 
pair11: density evals:
 [*]   0.00345298   0.00380070   0.00380070   0.04824054

pair22: density evals:
 [*]   0.00315276   0.00325792   0.00325792   0.08571040

timer:                            compress PNOs     0.00s     0.00s 
timer:                             MRA compress     0.00s     0.00s 
timer:                          Transform Pairs     0.53s     0.53s 
timer:                          PNO Compression     0.54s     0.54s 
Information About All Pairs:
mp2_pair11           number=0 rank=  4 frozen=false
mp2_pair21           number=1 rank=  0 frozen=true
mp2_pair22           number=2 rank=  4 frozen=false
number of pairs=3
average rank   =2 (2.66667e+00)
largest rank   =4
saving vector of functions mp2_pair11
saving vector of functions mp2_pair22
timer:                        save pnos on disc     0.16s     0.16s 
PNOPairs Memory Information
Total: 0.03508 GB 
PNO  : 0.01047 GB 
KPNO : 0.01006 GB 
W    : 0.01456 GB 

timer:                                 truncate     0.09s     0.09s 
timer:      compute densities for G application     0.00s     0.00s 
pair21 is frozen: no optimization
timer:                Prepare for G application     0.52s     0.52s 
timer:                                    add K     0.06s     0.06s 
size of all Vpsi potentials (without Vnuc and J) 0.01456 GB 
time=188.32716 chunk=8 Vpsi+Vnuc+J=0.03214 GB
time=188.39517 chunk=8 Vpsi+Vnuc+J=0.03050 GB (after truncation)
timer:                           Apply G to all     3.01s     3.01s 
timer:                       apply Q and update     0.00s     0.00s 
mp2_pair11 residual norms:
[0.01311, 0.00422, 0.00422, 0.00512]
mp2_pair11 scaled residual norms:
[0.00077, 0.00026, 0.00026, 0.00112]
mp2_pair22 residual norms:
[0.02020, 0.01184, 0.01184, 0.00440]
mp2_pair22 scaled residual norms:
[0.00113, 0.00068, 0.00068, 0.00129]
timer:                          update all PNOs     3.62s     3.62s 
frozen pair: no orthonormalization
timer:                                     RRCD     0.08s     0.08s 
timer:                             MRA compress     0.00s     0.00s 
timer:                          Transform Pairs     0.16s     0.16s 
saving vector of functions mp2_pair11
saving vector of functions mp2_pair22
timer:                        save pnos on disc     0.16s     0.16s 


CONVERGED!
energy change = 0.00005

re-entering loop to compute the correct amplitudes and energies
timer:                        Whole Iteration 6    13.90s    13.90s 
Information About All Pairs:
mp2_pair11           number=0 rank=  4 frozen=false
mp2_pair21           number=1 rank=  0 frozen=true
mp2_pair22           number=2 rank=  4 frozen=false
number of pairs=3
average rank   =2 (2.66667)
largest rank   =4
PNOPairs Memory Information
Total: 0.01039 GB 
PNO  : 0.01039 GB 
KPNO : 0.00000 GB 
W    : 0.00000 GB 

timer:                                 truncate     0.05s     0.05s 
wall time=195.44444 chunk=8 allK.size()=8 memory=0.01006 GB
timer:                             compute KPNO     4.28s     4.28s 
wall time=195.60540 chunk=8 allJ.size()=8 memory=0.01153 GB
timer:                             compute JPNO     0.16s     0.16s 
timer:                    compute Fock matrices     1.35s     1.35s 
timer:                             MRA compress     0.00s     0.00s 
timer:                          Transform Pairs     0.33s     0.33s 
timer:                             Canonicalize     0.33s     0.33s 
PNOPairs Memory Information
Total: 0.02044 GB 
PNO  : 0.01039 GB 
KPNO : 0.01006 GB 
W    : 0.00000 GB 

timer:                                 truncate     0.06s     0.06s 
mp2_pair21 is frozen: potential not computed
timer:                   Fluctuation Potentials     2.16s     2.16s 
timer:                       Fluctuation Matrix     0.16s     0.16s 
PNOPairs Memory Information
Total: 0.03500 GB 
PNO  : 0.01039 GB 
KPNO : 0.01006 GB 
W    : 0.01456 GB 

PNOPairs Memory Information
Total: 0.03500 GB 
PNO  : 0.01039 GB 
KPNO : 0.01006 GB 
W    : 0.01456 GB 

timer:                                 truncate     0.06s     0.06s 
timer:                             PNO Overlaps     0.08s     0.08s 
t_iter =  0  Hylleraas energy =  0.00000  ||R||_F =  0.24460  conv =  no
subspace solution [*]   1.00000000

t_iter =  1  Hylleraas energy =  -0.06421  ||R||_F =  0.00000  conv =  yes
=======================================================

Hylleraas MP2 Energies

=======================================================
    i    j      singlet      triplet        Total
=======================================================
    1    1  -2.90962e-02  0.00000e+00 -2.90962e-02
    2    1   0.00000e+00  0.00000e+00  0.00000e+00
    2    2  -3.51110e-02  0.00000e+00 -3.51110e-02
=======================================================
Hylleraas MP2 Energies (singlet): -6.42072e-02
Hylleraas MP2 Energies (triplet):  0.00000e+00
Hylleraas MP2 Energies (total)  : -6.42072e-02
=======================================================
-------------------------------------------
Total Reg Energy  =-6.42072e-02
Total F12 Energy  = 0.00000e+00
Sum Energies Total=-6.42072e-02
-------------------------------------------
timer:                         Solve Amplitudes     0.00s     0.00s 
pair11: density evals:
 [*]   0.00342369   0.00378786   0.00378786   0.04804553

pair22: density evals:
 [*]   0.00311957   0.00322932   0.00322932   0.08544852

timer:                            compress PNOs     0.00s     0.00s 
timer:                             MRA compress     0.00s     0.00s 
timer:                          Transform Pairs     0.46s     0.46s 
timer:                          PNO Compression     0.46s     0.46s 
Information About All Pairs:
mp2_pair11           number=0 rank=  4 frozen=false
mp2_pair21           number=1 rank=  0 frozen=true
mp2_pair22           number=2 rank=  4 frozen=false
number of pairs=3
average rank   =2 (2.66667e+00)
largest rank   =4
saving vector of functions mp2_pair11
saving vector of functions mp2_pair22
timer:                        save pnos on disc     0.19s     0.19s 
exiting: Iterations converged
PNO ranks:
PNO Rank for pair pair11 = 4
PNO Rank for pair pair21 = 0
PNO Rank for pair pair22 = 4
average rank 2.66667e+00
timer:                               PNO::solve    92.84s    92.84s 

--------------------------------
ITERATE-PAIRS-INTERNAL-ENDED
--------------------------------
mp2_pair21 converged!


Adaptive Sovler:
 Current Energy=-6.4207188380e-02
 DeltaE        =-6.4207188380e-02
 max dE (pair) =-3.5111008283e-02 (2)
 all_pairs_conv=false




not converged yet

freeze pair mp2_pair21 (not further optimized: Energy below 1.0000000000e-05)
Maximum Rank of4 reached for all non-frozen pairs, no need to iterate further=======================================================

Final MP2 Energies

=======================================================
    i    j      singlet      triplet        Total
=======================================================
    1    1  -2.90962e-02  0.00000e+00 -2.90962e-02
    2    1   0.00000e+00  0.00000e+00  0.00000e+00
    2    2  -3.51110e-02  0.00000e+00 -3.51110e-02
=======================================================
Final MP2 Energies (singlet): -6.42072e-02
Final MP2 Energies (triplet):  0.00000e+00
Final MP2 Energies (total)  : -6.42072e-02
=======================================================
-------------------------------------------
Total Reg Energy  =-6.42072e-02
Total F12 Energy  = 0.00000e+00
Sum Energies Total=-6.42072e-02
-------------------------------------------
Average | Max Rank: 2 | 4



--------------------------------------------------
MRA-PNO-MP2-F12 ended 
--------------------------------------------------
                 time scf = 1.00512e+02
               energy scf = -1.54840e+01
--------------------------------------------------
restarting PNO to reload pairs that converged before and were frozen
PNO Parameters
pno
       rank_increase  15         # default   maximum rank to increase in every macroiteration
               chunk  100        # default   chunk of functions operated on in parallel when G or K is applied (prevent memory shortage)
               debug  false      # default   debug mode
              freeze  1          # derived   frozen core approximation
             maxrank  4          # defined   maximal pno rank for all pairs
           guesstype  exop       # derived   the guesstype: exop (recommended, multiply polynomial excitation operators onto the occupied orbitals), empty (don't compute a guess), scf (use the ao basis from the SCF solver), partial_wave (create s,p,d ..., type functions and place on atoms), predefined (same as partial_wave but for predefined sets)
                exop  multipole  # derived   this string defines which excitation operators can be used, use 'dipole', 'dipole+', 'quadrupole', 'ocopole', or 'multipole', need to set guesstype to 'exop' which is the default
          exop_trigo  true       # default   use trigonometric excitation operators ( x --> sin(x)
        partial_wave             # default   atom centered partial wave guess of format like 'h-2s1p-o-3s2p1d', need to set guesstype to 'partial_wave' and adaptive_solver to 'none'
          predefined             # default   predefined partial wave guesses of type pvxz with x=d,t,q,5,6, need to set guesstype to 'predefined' and adaptive_solver to 'none'
           maxiter_t  100        # default   maximal number of iterations in the amplitude solver
       maxiter_micro  10         # default   Maximum of iterations for every cycle in the adaptive solver
       maxiter_macro  10         # default   Maximum of iterations of cycles in the adaptive solver
                tpno  1.0000e-08 # default   PNO cutoff threshold
          tpno_tight  1.0000e-10 # derived   PNO cutoff for the first iteration
    canonicalize_pno  true       # default   canonicalize the pnos before the amplitude solver
              thresh  1.0000e-04 # defined   MRA threshold
         econv_micro  1.0000e-04 # derived   Energy convergence for microiterations (Greens function based optimization) in adaptive solver
         econv_pairs  1.0000e-05 # derived   ENergy convergence for individual pairs in adaptive solver. Converged pairs are frozen automatically
         econv_macro  1.0000e-04 # derived   Energy convergence for macroiterations in adaptive solver, no effect if adaptive_solver is deactivated
               dconv  1.0000e-01 # default   convergence of every PNO in the Green's function solver
           op_thresh  1.0000e-06 # default   MRA operator thresh
             restart  all        # defined   restart pairs of this type, use 'mp2', 'cispd', 'all' or 'none'
          no_compute  none       # default   do not compute the pairs of this type, use 'mp2', 'cispd', 'all' or 'none'
              no_opt  all        # defined   do not optimize the pnos of this type, use 'mp2', 'cispd', 'all' or 'none'
            no_guess  all        # defined   guess for this type will be empty, use 'mp2', 'cispd', 'all' or 'none'
     adaptive_solver  none       # defined   Use adaptive solver for those pairs, use 'mp2', 'cispd', 'all' or 'none', works only in combination with guesstype 'exop'
                kain  true       # default   use KAIN solver in amplitude solver
       kain_subspace  5          # default   subspace size of the KAIN solver (amplitudes)
                 f12  false      # defined   use explicit correlation
        cispd_number  -1         # default   CIS(D) excitation numbers, to read in correct functions
        cispd_energy  0.0000e+00 # default   CIS energy
        freeze_pairs  none       # default   frozen pairs will not be optimized: Expected format 'a b c d' will freeze pairs ab and cd
freeze_pairs_of_orbital  []         # default    All pairs which originate from this orbital will not be optimized
active_pairs_of_orbital  []         # default    All pairs which originate from this orbital will not be frozen all other pairs will, if this vector is not empty
no_opt_in_first_iteration  false      # default   Do not optimize in the first iteration (then the potentials do not have to be evaluated, use this for large guesses)
            exchange  full       # default   approximate exchange with 'neglect' or xc functional -> same syntax as moldft
           save_pnos  true       # default   Save the OBS-PNOs to a file, before and after orthonormalization.
            diagonal  true       # defined   Compute only diagonal PNOs

end

**********************
Solve PNO-MP2
*********************


**********************
Iterate Pairs
*********************


************************
Standard Solver
***********************

Initializing Pairs:
Restart demanded for mp2 pairs
loading vector of functions mp2_pair11
Found PNOs for mp2_pair11 with rank 4
loading vector of functions mp2_pair21
failed to find PNO mp2_pair21 initialize as zero function
nloading vector of functions mp2_pair22
Found PNOs for mp2_pair22 with rank 4
no guess was explicitly demanded for mp2

timer:                                     RRCD     0.03s     0.03s 
timer:                             MRA compress     0.00s     0.00s 
timer:                          Transform Pairs     0.07s     0.07s 
timer:          apply Q and orthonormalize PNOs     0.43s     0.43s 
Created Guess:
pair11 with 4 guess functions
pair21 with 0 guess functions
pair22 with 4 guess functions
guess pair11 size: 5.1519870758e-03 | 5.1519870758e-03 Gbyte (after truncation)
guess pair22 size: 5.2337646484e-03 | 5.2337646484e-03 Gbyte (after truncation)
timer:                           truncate guess     0.06s     0.06s 
timer:                         Initialize Pairs     0.50s     0.50s 
Information About All Pairs:
mp2_pair11           number=0 rank=  4 frozen=false
mp2_pair21           number=1 rank=  0 frozen=true
mp2_pair22           number=2 rank=  4 frozen=false
number of pairs=3
average rank   =2 (2.6666666667e+00)
largest rank   =4
SolveInternal: Parameters are assigned as
no_compute        = false
no_opt            = true
restart           = true
do_cispd          = false
econv             =1.0000000000e-04
maxrank (min,max) = (4,4)
Solving MP2 doubles
timer:          fock matrix     2.66s     2.66s
Information About All Pairs:
mp2_pair11           number=0 rank=  4 frozen=false
mp2_pair21           number=1 rank=  0 frozen=true
mp2_pair22           number=2 rank=  4 frozen=false
number of pairs=3
average rank   =2 (2.6666666667e+00)
largest rank   =4
PNOPairs Memory Information
Total: 0.0103857517 GB 
PNO  : 0.0103857517 GB 
KPNO : 0.0000000000 GB 
W    : 0.0000000000 GB 

timer:                                 truncate     0.05s     0.05s 
wall time=207.9077968597 chunk=8 allK.size()=8 memory=0.0101404190 GB
timer:                             compute KPNO     4.18s     4.18s 
wall time=208.0494418144 chunk=8 allJ.size()=8 memory=0.0115306377 GB
timer:                             compute JPNO     0.14s     0.14s 
timer:                    compute Fock matrices     1.40s     1.40s 
timer:                             MRA compress     0.00s     0.00s 
timer:                          Transform Pairs     0.20s     0.20s 
timer:                             Canonicalize     0.20s     0.20s 
PNOPairs Memory Information
Total: 0.0204443932 GB 
PNO  : 0.0103857517 GB 
KPNO : 0.0100586414 GB 
W    : 0.0000000000 GB 

timer:                                 truncate     0.08s     0.08s 
mp2_pair21 is frozen: potential not computed
timer:                   Fluctuation Potentials     2.23s     2.23s 
timer:                       Fluctuation Matrix     0.24s     0.24s 
PNOPairs Memory Information
Total: 0.0350008011 GB 
PNO  : 0.0103857517 GB 
KPNO : 0.0100586414 GB 
W    : 0.0145564079 GB 

PNOPairs Memory Information
Total: 0.0350008011 GB 
PNO  : 0.0103857517 GB 
KPNO : 0.0100586414 GB 
W    : 0.0145564079 GB 

timer:                                 truncate     0.07s     0.07s 
timer:                             PNO Overlaps     0.09s     0.09s 
t_iter =  0  Hylleraas energy =  0.0000000000  ||R||_F =  0.2446033410  conv =  no
subspace solution [*]   1.00000000

t_iter =  1  Hylleraas energy =  -0.0642073711  ||R||_F =  0.0000002612  conv =  yes
=======================================================

Hylleraas MP2 Energies

=======================================================
    i    j      singlet      triplet        Total
=======================================================
    1    1  -2.90963e-02  0.00000e+00 -2.90963e-02
    2    1   0.00000e+00  0.00000e+00  0.00000e+00
    2    2  -3.51110e-02  0.00000e+00 -3.51110e-02
=======================================================
Hylleraas MP2 Energies (singlet): -6.42074e-02
Hylleraas MP2 Energies (triplet):  0.00000e+00
Hylleraas MP2 Energies (total)  : -6.42074e-02
=======================================================
-------------------------------------------
Total Reg Energy  =-6.42074e-02
Total F12 Energy  = 0.00000e+00
Sum Energies Total=-6.42074e-02
-------------------------------------------
timer:                         Solve Amplitudes     0.00s     0.00s 
No optimization untill now: Compressing pno ranks with tighter threshold
1.00000e-10 instead of 1.00000e-08
pair11: density evals:
 [*]   0.00342370   0.00378786   0.00378786   0.04804587

pair22: density evals:
 [*]   0.00311954   0.00322932   0.00322932   0.08544874

timer:                            compress PNOs     0.00s     0.00s 
timer:                             MRA compress     0.00s     0.00s 
timer:                          Transform Pairs     0.49s     0.49s 
timer:                          PNO Compression     0.49s     0.49s 
Information About All Pairs:
mp2_pair11           number=0 rank=  4 frozen=false
mp2_pair21           number=1 rank=  0 frozen=true
mp2_pair22           number=2 rank=  4 frozen=false
number of pairs=3
average rank   =2 (2.66667e+00)
largest rank   =4
saving vector of functions mp2_pair11
saving vector of functions mp2_pair22
timer:                        save pnos on disc     0.17s     0.17s 
exiting: Found no_opt keyword
PNO ranks:
PNO Rank for pair pair11 = 4
PNO Rank for pair pair21 = 0
PNO Rank for pair pair22 = 4
average rank 2.66667e+00
timer:                               PNO::solve    12.04s    12.04s 

--------------------------------
ITERATE-PAIRS-INTERNAL-ENDED
--------------------------------
=======================================================

Final MP2 Energies

=======================================================
    i    j      singlet      triplet        Total
=======================================================
    1    1  -2.90963e-02  0.00000e+00 -2.90963e-02
    2    1   0.00000e+00  0.00000e+00  0.00000e+00
    2    2  -3.51110e-02  0.00000e+00 -3.51110e-02
=======================================================
Final MP2 Energies (singlet): -6.42074e-02
Final MP2 Energies (triplet):  0.00000e+00
Final MP2 Energies (total)  : -6.42074e-02
=======================================================
-------------------------------------------
Total Reg Energy  =-6.42074e-02
Total F12 Energy  = 0.00000e+00
Sum Energies Total=-6.42074e-02
-------------------------------------------
Average | Max Rank: 2 | 4
                 time pno = 9.93280e+01
               energy mp2 = -6.42074e-02
     average pno rank mp2 = 2
         max pno rank mp2 = 4
--------------------------------------------------
            energy(total) = -1.55482e+01
--------------------------------------------------



Orthonormalization technique used: symmetric
No CABS used.
Tightening thresholds to +0.00010000 for post-processing
Overlap Matrix of all PNOs:
+1.00000431 -0.51195151 -0.00000000 +0.00000000 -0.26978996 +0.00000000 +0.00000000 -0.00000222 
-0.51195151 +1.00001020 +0.00000000 +0.00000000 -0.00000476 +0.00000000 +0.00000000 -0.24015914 
-0.00000000 +0.00000000 +1.00000000 +0.00000000 -0.00000000 -0.07880583 -0.08286244 -0.00000000 
+0.00000000 +0.00000000 +0.00000000 +1.00000000 -0.00000000 -0.08286244 +0.07880583 -0.00000000 
-0.26978996 -0.00000476 -0.00000000 -0.00000000 +0.99999804 -0.00000000 -0.00000000 +0.03164352 
+0.00000000 +0.00000000 -0.07880583 -0.08286244 -0.00000000 +1.00000000 -0.00000000 +0.00000000 
+0.00000000 +0.00000000 -0.08286244 +0.07880583 -0.00000000 -0.00000000 +1.00000000 +0.00000000 
-0.00000222 -0.24015914 -0.00000000 -0.00000000 +0.03164352 +0.00000000 +0.00000000 +0.99999658 
Before cherry pick
rank is +0
all used occupation numbers:
[+0.08544874 +0.04804587 +0.00378786 +0.00378786 +0.00342370 +0.00322932 +0.00322932 +0.00311954 ]
corresponding to active pairs:
[(1,1) (0,0) (0,0) (0,0) (0,0) (1,1) (1,1) (1,1) ]
After cherry pick
all used occupation numbers:
[+0.08544874 +0.04804587 +0.00378786 +0.00378786 +0.00342370 +0.00322932 +0.00322932 +0.00311954 ]
corresponding to active pairs:
[(1,1) (0,0) (0,0) (0,0) (0,0) (1,1) (1,1) (1,1) ]
Overlap Matrix before symmetric
[+0,*]  +1.00000431  -0.51195151  -0.00000000  +0.00000000  -0.26978996  +0.00000000  +0.00000000  -0.00000222
[+1,*]  -0.51195151  +1.00001020  +0.00000000  +0.00000000  -0.00000476  +0.00000000  +0.00000000  -0.24015914
[+2,*]  -0.00000000  +0.00000000  +1.00000000  +0.00000000  -0.00000000  -0.07880583  -0.08286244  -0.00000000
[+3,*]  +0.00000000  +0.00000000  +0.00000000  +1.00000000  -0.00000000  -0.08286244  +0.07880583  -0.00000000
[+4,*]  -0.26978996  -0.00000476  -0.00000000  -0.00000000  +0.99999804  -0.00000000  -0.00000000  +0.03164352
[+5,*]  +0.00000000  +0.00000000  -0.07880583  -0.08286244  -0.00000000  +1.00000000  -0.00000000  +0.00000000
[+6,*]  +0.00000000  +0.00000000  -0.08286244  +0.07880583  -0.00000000  -0.00000000  +1.00000000  +0.00000000
[+7,*]  -0.00000222  -0.24015914  -0.00000000  -0.00000000  +0.03164352  +0.00000000  +0.00000000  +0.99999658
Overlap Matrix after symmetric
[+0,*]  +0.99999998  -0.00000004  +0.00000000  +0.00000000  +0.00000001  +0.00000000  -0.00000000  -0.00000001
[+1,*]  -0.00000004  +0.99999998  -0.00000000  +0.00000000  -0.00000000  +0.00000000  -0.00000000  -0.00000001
[+2,*]  +0.00000000  -0.00000000  +1.00000000  +0.00000000  -0.00000000  +0.00000000  +0.00000000  -0.00000000
[+3,*]  +0.00000000  +0.00000000  +0.00000000  +1.00000000  +0.00000000  +0.00000000  -0.00000000  +0.00000000
[+4,*]  +0.00000001  -0.00000000  -0.00000000  +0.00000000  +1.00000000  +0.00000000  +0.00000000  +0.00000000
[+5,*]  +0.00000000  +0.00000000  +0.00000000  +0.00000000  +0.00000000  +1.00000000  -0.00000000  -0.00000000
[+6,*]  -0.00000000  -0.00000000  +0.00000000  -0.00000000  +0.00000000  -0.00000000  +1.00000000  -0.00000000
[+7,*]  -0.00000001  -0.00000001  -0.00000000  +0.00000000  +0.00000000  -0.00000000  -0.00000000  +1.00000000
Adding 3 HF orbitals
Size before adding CABS: 11.
Size after adding CABS: 11.
Compute G and F Tensor:
Assemble g,f using symmetries...
non zero elements:
 g : +24698
 h : +61
Overlap over whole basis
[+0,*]  +1.00000000  +0.00000068  +0.00000035  +0.00000651  -0.00001420  -0.00000000  -0.00000000  +0.00001632  +0.00000000  +0.00000000  -0.00001432
[+1,*]  +0.00000068  +1.00000000  -0.00000022  +0.00000084  -0.00000197  -0.00000000  +0.00000000  +0.00000215  +0.00000000  +0.00000000  -0.00000192
[+2,*]  +0.00000035  -0.00000022  +1.00000000  -0.00000104  +0.00000198  +0.00000000  +0.00000000  -0.00000255  -0.00000000  -0.00000000  +0.00000214
[+3,*]  +0.00000651  +0.00000084  -0.00000104  +0.99999998  -0.00000004  +0.00000000  -0.00000000  +0.00000001  +0.00000000  -0.00000000  -0.00000001
[+4,*]  -0.00001420  -0.00000197  +0.00000198  -0.00000004  +0.99999998  +0.00000000  +0.00000000  -0.00000000  +0.00000000  +0.00000000  -0.00000001
[+5,*]  -0.00000000  -0.00000000  +0.00000000  +0.00000000  +0.00000000  +1.00000000  +0.00000000  -0.00000000  +0.00000000  +0.00000000  -0.00000000
[+6,*]  -0.00000000  +0.00000000  +0.00000000  -0.00000000  +0.00000000  +0.00000000  +1.00000000  +0.00000000  +0.00000000  -0.00000000  -0.00000000
[+7,*]  +0.00001632  +0.00000215  -0.00000255  +0.00000001  -0.00000000  -0.00000000  +0.00000000  +1.00000000  +0.00000000  +0.00000000  +0.00000000
[+8,*]  +0.00000000  +0.00000000  -0.00000000  +0.00000000  +0.00000000  +0.00000000  +0.00000000  +0.00000000  +1.00000000  -0.00000000  -0.00000000
[+9,*]  +0.00000000  +0.00000000  -0.00000000  -0.00000000  +0.00000000  +0.00000000  -0.00000000  +0.00000000  -0.00000000  +1.00000000  -0.00000000
[+10,*]  -0.00001432  -0.00000192  +0.00000214  -0.00000001  -0.00000001  -0.00000000  -0.00000000  +0.00000000  -0.00000000  -0.00000000  +1.00000000

||S-1||=+0.00003861
finished at time 356.5

    Parallel environment
    --------------------
                  #nodes    1
       #threads per node    11+main = 12
          #total threads    12

  RMI message statistics (min / avg / max)
  ----------------------
   #messages in server q    0.00e+00 / 0.00e+00 / 0.00e+00
 #messages sent per node    0.00e+00 / 0.00e+00 / 0.00e+00
    #bytes sent per node    0.00e+00 / 0.00e+00 / 0.00e+00
 #messages recv per node    0.00e+00 / 0.00e+00 / 0.00e+00
    #bytes recv per node    0.00e+00 / 0.00e+00 / 0.00e+00
        #msgs systemwide    0.00e+00
       #bytes systemwide    0.00e+00

  Thread pool statistics (min / avg / max)
  ----------------------
         #tasks per node    2.25e+07 / 2.25e+07 / 2.25e+07
     #max q len per node    1.50e+04 / 1.50e+04 / 1.50e+04
  #hi-pri tasks per node    6.48e+06 / 6.48e+06 / 6.48e+06

         Total wall time    356.5s
         Total  cpu time    356.5s

