MADNESS runtime initialized with 11 threads in the pool and affinity -1 -1 -1
starting at time 0.0

--------------------------------------------
   MADNESS 0.10.1 multiresolution suite
--------------------------------------------

   number of processors ... 1
    processor frequency ... 3.695795e+09
            host system ... Linux
          configured by ... kottmann
          configured on ... wittgenstein
          configured at ... 2021-02-10T21:25:26
                    CXX ... /usr/bin/c++
               CXXFLAGS ... -O3 -DNDEBUG -I/h/28/kottmann/install/numcpp/include/ -I/h/28/kottmann/install/boost/boost_1_72_0/include/ -std=c++1z
             tuning for ... default
                    MPI ... multiple
 multi-threaded runtime ... MADNESS ThreadPool
                   BLAS ... Intel MKL 52141 52141 MFLOP/s
               compiled ... 13:08:26  on  Feb 23 2021


-------------------------------------------------------------------------------------
SOLVING MRA-PNO-F12 as described in 
J.S. Kottmann, F.A. Bischoff, E.F. Valeev
Direct determination of optimal pair-natural orbitals in a real-space representation:
the second-order Møller-Plesset energy
Journal of Chemical Physics ... 2020
-------------------------------------------------------------------------------------


This script will run PNO-MP2 and print out tensors in binary
Call as: pno_integrals inputfileinput is input
ignoring unknown parameter in input file:  ncf

Angstrom being used to read input coordinates (1 Bohr = 1.88972613 Angstrom)


Asymptotic correction parameters
---------------------------------------
Atom vector is not empty: false
Using multipole approximation: false
Number of electrons = -1
Ionisation energy = 0.000000e+00
E(HOMO) = 0.000000e+00
R1 = 3.000000e+00
R2 = 4.000000e+00
DFT coefficient = 0.000000e+00
Interpolation scheme = linear
constructed symmetry operator for point group C1
dft
              charge  0.0000e+00 # defined   total molecular charge
                  xc  hf         # defined   XC input line
               smear  0.0000e+00 # default   smearing parameter
               econv  1.0000e-04 # defined   energy convergence
               dconv  5.0000e-04 # defined   density convergence
convergence_criteria  [bsh_residual, total_energy] # default   possible values are: bsh_residual, total_energy, each_energy, density
                   k  7          # defined   polynomial order
                   l  5.4724e+01 # derived   user coordinates box size
               deriv  abgv       # default   derivative method                            [abgv, bspline, ble]
           dft_deriv  abgv       # default   derivative method for gga potentials         [abgv, bspline, ble]
             maxrotn  2.5000e-01 # default   step restriction used in autoshift algorithm
             nvalpha  0          # default   number of alpha virtuals to compute
              nvbeta  0          # default   number of beta virtuals to compute
               nopen  0          # default   number of unpaired electrons = nalpha-nbeta
             maxiter  25         # default   maximum number of iterations
                 nio  1          # default   no. of io servers to use
     spin_restricted  true       # default   true if spin restricted
              plotlo  0          # default   range of MOs to print (for both spins if polarized
              plothi  -1         # default   range of MOs to print (for both spins if polarized
            plotdens  false      # default   If true print the density at convergence
            plotcoul  false      # default   If true plot the total coulomb potential at convergence
            localize  boys       # defined   localization method                          [pm, boys, new, canon]
          pointgroup  c1         # derived   use point (sub) group symmetry if not localized[c1, c2, ci, cs, c2v, c2h, d2, d2h]
             restart  false      # default   if true restart from orbitals on disk
           restartao  false      # default   if true restart from orbitals projected into AO basis (STO3G) on disk
          no_compute  false      # default   if true use orbitals on disk, set value to computed
           no_orient  false      # default   if true the molecule coordinates will not be reoriented
                save  true       # default   if true save orbitals to disk
              maxsub  10         # default   size of iterative subspace ... set to 0 or 1 to disable
        orbitalshift  0.0000e+00 # default   scf orbital shift: shift the occ orbitals to lower energies
            npt_plot  101        # default   no. of points to use in each dim for plots
           plot_cell  []         # default   lo hi in each dimension for plotting (default is all space)
             aobasis  6-31g      # derived   AO basis used for initial guess (6-31g or sto-3g)
           core_type  none       # default   core potential type                          [none, mpc]
         derivatives  false      # default   if true calculate nuclear derivatives
              dipole  false      # default   if true calculate dipole moment
      conv_only_dens  false      # default   if true remove bsh_residual from convergence criteria (deprecated)
            psp_calc  false      # default   pseudopotential calculation for all atoms
 print_dipole_matels  false      # default   if true output dipole matrix elements
            pcm_data  none       # default   do a PCM (solvent) calculation
             ac_data  none       # default   do a calculation with asymptotic correction (see ACParameters class in chem/AC.h for details)
             pure_ae  true       # default   pure all electron calculation with no pseudo-atoms
         print_level  3          # default   0: no output; 1: final energy; 2: iterations; 3: timings; 10: debug
              nalpha  3          # derived   number of alpha spin electrons
               nbeta  3          # derived   number of beta  spin electrons
           nmo_alpha  3          # derived   number of alpha spin molecular orbitals
            nmo_beta  3          # derived   number of beta spin molecular orbitals
                  lo  9.0905e-04 # derived   smallest length scale we need to resolve
            protocol  [1.0000e-04, 1.0000e-06] # derived   calculation protocol
                gopt  false      # default   geometry optimizer
                gtol  1.0000e-04 # default   geometry tolerance
               gtest  false      # default   geometry tolerance
                gval  1.0000e-05 # default   value precision
               gprec  1.0000e-04 # default   gradient precision
            gmaxiter  20         # default   optimization maxiter
    ginitial_hessian  false      # default   compute inital hessian for optimization
              algopt  bfgs       # default   algorithm used for optimization              [bfgs, cg]
            tdksprop  false      # default   time-dependent Kohn-Sham equation propagate
           nv_factor  1          # default   factor to multiply number of virtual orbitals with when automatically decreasing nvirt
           vnucextra  2          # default   load balance parameter for nuclear pot
        loadbalparts  2          # default   ??
            response  false      # default   response function calculation
       response_freq  0.0000e+00 # default   frequency for calculation response function
       response_axis  [1, 1, 1]  # default   response axis
           nonrotate  false      # default   if true do not molcule orient (redundant with no_orient
               rconv  1.0000e-06 # default   Response convergence
              efield  0.0000e+00 # default   eps for finite field
         efield_axis  0          # default   finite field axis                            [0, 1, 2]
              nwfile  none       # default   Base name of nwchem output files (.out and .movecs extensions) to read from
                 ncf  (none,1.0000e+00) # defined   nuclear correlation factor
             hessian  false      # default   compute the hessian matrix
           read_cphf  false      # default   read the converged orbital response for nuclear displacements from file
        restart_cphf  false      # default   read the guess orbital response for nuclear displacements from file
      purify_hessian  false      # default   symmetrize the hessian matrix based on atomic charges

end
              charge  0.0000e+00 # defined   total molecular charge
                  xc  hf         # defined   XC input line
               smear  0.0000e+00 # default   smearing parameter
               econv  1.0000e-04 # defined   energy convergence
               dconv  5.0000e-04 # defined   density convergence
convergence_criteria  [bsh_residual, total_energy] # default   possible values are: bsh_residual, total_energy, each_energy, density
                   k  7          # defined   polynomial order
                   l  5.4724e+01 # derived   user coordinates box size
               deriv  abgv       # default   derivative method                            [abgv, bspline, ble]
           dft_deriv  abgv       # default   derivative method for gga potentials         [abgv, bspline, ble]
             maxrotn  2.5000e-01 # default   step restriction used in autoshift algorithm
             nvalpha  0          # default   number of alpha virtuals to compute
              nvbeta  0          # default   number of beta virtuals to compute
               nopen  0          # default   number of unpaired electrons = nalpha-nbeta
             maxiter  25         # default   maximum number of iterations
                 nio  1          # default   no. of io servers to use
     spin_restricted  true       # default   true if spin restricted
              plotlo  0          # default   range of MOs to print (for both spins if polarized
              plothi  -1         # default   range of MOs to print (for both spins if polarized
            plotdens  false      # default   If true print the density at convergence
            plotcoul  false      # default   If true plot the total coulomb potential at convergence
            localize  boys       # defined   localization method                          [pm, boys, new, canon]
          pointgroup  c1         # derived   use point (sub) group symmetry if not localized[c1, c2, ci, cs, c2v, c2h, d2, d2h]
             restart  false      # default   if true restart from orbitals on disk
           restartao  false      # default   if true restart from orbitals projected into AO basis (STO3G) on disk
          no_compute  false      # default   if true use orbitals on disk, set value to computed
           no_orient  false      # default   if true the molecule coordinates will not be reoriented
                save  true       # default   if true save orbitals to disk
              maxsub  10         # default   size of iterative subspace ... set to 0 or 1 to disable
        orbitalshift  0.0000e+00 # default   scf orbital shift: shift the occ orbitals to lower energies
            npt_plot  101        # default   no. of points to use in each dim for plots
           plot_cell  []         # default   lo hi in each dimension for plotting (default is all space)
             aobasis  6-31g      # derived   AO basis used for initial guess (6-31g or sto-3g)
           core_type  none       # default   core potential type                          [none, mpc]
         derivatives  false      # default   if true calculate nuclear derivatives
              dipole  false      # default   if true calculate dipole moment
      conv_only_dens  false      # default   if true remove bsh_residual from convergence criteria (deprecated)
            psp_calc  false      # default   pseudopotential calculation for all atoms
 print_dipole_matels  false      # default   if true output dipole matrix elements
            pcm_data  none       # default   do a PCM (solvent) calculation
             ac_data  none       # default   do a calculation with asymptotic correction (see ACParameters class in chem/AC.h for details)
             pure_ae  true       # default   pure all electron calculation with no pseudo-atoms
         print_level  3          # default   0: no output; 1: final energy; 2: iterations; 3: timings; 10: debug
              nalpha  3          # derived   number of alpha spin electrons
               nbeta  3          # derived   number of beta  spin electrons
           nmo_alpha  3          # derived   number of alpha spin molecular orbitals
            nmo_beta  3          # derived   number of beta spin molecular orbitals
                  lo  9.0905e-04 # derived   smallest length scale we need to resolve
            protocol  [1.0000e-04, 1.0000e-06] # derived   calculation protocol
                gopt  false      # default   geometry optimizer
                gtol  1.0000e-04 # default   geometry tolerance
               gtest  false      # default   geometry tolerance
                gval  1.0000e-05 # default   value precision
               gprec  1.0000e-04 # default   gradient precision
            gmaxiter  20         # default   optimization maxiter
    ginitial_hessian  false      # default   compute inital hessian for optimization
              algopt  bfgs       # default   algorithm used for optimization              [bfgs, cg]
            tdksprop  false      # default   time-dependent Kohn-Sham equation propagate
           nv_factor  1          # default   factor to multiply number of virtual orbitals with when automatically decreasing nvirt
           vnucextra  2          # default   load balance parameter for nuclear pot
        loadbalparts  2          # default   ??
            response  false      # default   response function calculation
       response_freq  0.0000e+00 # default   frequency for calculation response function
       response_axis  [1, 1, 1]  # default   response axis
           nonrotate  false      # default   if true do not molcule orient (redundant with no_orient
               rconv  1.0000e-06 # default   Response convergence
              efield  0.0000e+00 # default   eps for finite field
         efield_axis  0          # default   finite field axis                            [0, 1, 2]
              nwfile  none       # default   Base name of nwchem output files (.out and .movecs extensions) to read from



 geometry
   eprec 1.0e-06
   units atomic
   Be            0.00000000           0.00000000           0.37794523
   H             0.00000000           0.00000000           3.21253443
   H             0.00000000           0.00000000          -4.72431533
 end

Solving NDIM= 3  with thresh 1.000000e-04     k 7    conv 5.000000e-04 

timer:     Project vnuclear     0.74s     0.74s
constructed nuclear correlation factor of the form
    R   =  1.000000e+00
with eprec  1.000000e-06
which means it's (nearly) a conventional calculation

timer:        reproject ncf     1.88s     1.88s
timer:        guess density     0.47s     0.47s
timer:   guess Coulomb potn     0.48s     0.48s
timer:       guess lda potn     0.22s     0.22s
timer:        guess overlap     0.03s     0.03s
timer:    KEmat reconstruct     0.07s     0.07s
timer:  KEmat differentiate     0.25s     0.25s
timer:       KEmat compress     0.10s     0.10s
timer: KEmat inner products     0.21s     0.21s
timer:     guess Kinet potn     0.63s     0.63s
timer:           guess fock     0.49s     0.49s
timer:      guess eigen sol     0.04s     0.04s
timer: guess orbital groupi     0.13s     0.13s

starting protocol at time      7.5s 
precision steps  1.000000e-04  -->  1.000000e-04
protocol: thresh 1.000000e-04 econv  1.000000e-04 dconv 5.000000e-04

ending protocol at time      7.5s 

Solving NDIM= 3  with thresh 1.000000e-04     k 7    conv 5.000000e-04 

timer:        Boys localize     1.07s     1.07s
orbital irreps []
timer:      reconstruct psi     0.15s     0.15s
timer:        compute Jnemo     0.69s     0.69s
timer:        compute Knemo     1.98s     1.98s
timer: compute Unemo 0.0158     0.25s     0.25s

  nuclear and kinetic     -24.47498324
         kinetic only      15.33781173
              coulomb       9.87647342
             exchange      -3.30058133
    nuclear-repulsion       2.32110003
   regularized energy     -15.57799112
  buggy if hybrid functionals are used..
timer:       compute energy     3.54s     3.54s
Norm of vector changes ab spin case : rms 8.157473e-02    max 1.337928e-01
convergence: bshresidual, energy change, max energy change, density change 9.4e-02 1.6e+01 1.6e+01 1.4e+00
finished iteration  0 at time     20.5s with energy  -15.57799112
timer:        Boys localize     0.93s     0.93s
orbital irreps []
timer:      reconstruct psi     0.18s     0.18s
timer:        compute Jnemo     0.70s     0.70s
timer:        compute Knemo     1.98s     1.98s
timer: compute Unemo 0.0157     0.21s     0.21s

  nuclear and kinetic     -24.55409336
         kinetic only      15.25012939
              coulomb       9.86313653
             exchange      -3.25072045
    nuclear-repulsion       2.32110003
   regularized energy     -15.62057726
  buggy if hybrid functionals are used..
timer:       compute energy     3.59s     3.59s
Norm of vector changes ab spin case : rms 3.017062e-02    max 4.793754e-02
convergence: bshresidual, energy change, max energy change, density change 2.4e-02 4.3e-02 8.8e-02 1.2e-02
finished iteration  1 at time     33.3s with energy  -15.62057726
timer:        Boys localize     0.98s     0.98s
orbital irreps []
timer:      reconstruct psi     0.16s     0.16s
timer:        compute Jnemo     0.63s     0.63s
timer:        compute Knemo     2.04s     2.04s
timer: compute Unemo 0.0157     0.19s     0.19s

  nuclear and kinetic     -24.60368543
         kinetic only      15.24557119
              coulomb       9.89398585
             exchange      -3.23688492
    nuclear-repulsion       2.32110003
   regularized energy     -15.62548446
  buggy if hybrid functionals are used..
timer:       compute energy     3.59s     3.59s
Norm of vector changes ab spin case : rms 1.178442e-02    max 1.940599e-02
convergence: bshresidual, energy change, max energy change, density change 6.4e-03 4.9e-03 5.0e-02 4.4e-03
finished iteration  2 at time     46.0s with energy  -15.62548446
timer:        Boys localize     1.01s     1.01s
orbital irreps []
timer:      reconstruct psi     0.13s     0.13s
timer:        compute Jnemo     0.66s     0.66s
timer:        compute Knemo     2.01s     2.01s
timer: compute Unemo 0.0157     0.19s     0.19s

  nuclear and kinetic     -24.63179594
         kinetic only      15.24674073
              coulomb       9.91712301
             exchange      -3.23256223
    nuclear-repulsion       2.32110003
   regularized energy     -15.62613514
  buggy if hybrid functionals are used..
timer:       compute energy     3.45s     3.45s
Norm of vector changes ab spin case : rms 5.408284e-03    max 8.557595e-03
convergence: bshresidual, energy change, max energy change, density change 2.3e-03 6.5e-04 2.8e-02 1.2e-03
finished iteration  3 at time     58.7s with energy  -15.62613514
timer:        Boys localize     0.87s     0.87s
orbital irreps []
timer:      reconstruct psi     0.13s     0.13s
timer:        compute Jnemo     0.66s     0.66s
timer:        compute Knemo     1.89s     1.89s
timer: compute Unemo 0.0157     0.22s     0.22s

  nuclear and kinetic     -24.64163236
         kinetic only      15.24660002
              coulomb       9.92599702
             exchange      -3.23169528
    nuclear-repulsion       2.32110003
   regularized energy     -15.62623060
  buggy if hybrid functionals are used..
timer:       compute energy     3.40s     3.40s
Norm of vector changes ab spin case : rms 1.280966e-03    max 1.799345e-03
convergence: bshresidual, energy change, max energy change, density change 6.4e-04 9.5e-05 9.8e-03 4.5e-04
finished iteration  4 at time     71.6s with energy  -15.62623060
timer:        Boys localize     0.92s     0.92s
orbital irreps []
timer:      reconstruct psi     0.18s     0.18s
timer:        compute Jnemo     0.68s     0.68s
timer:        compute Knemo     1.97s     1.97s
timer: compute Unemo 0.0156     0.19s     0.19s

  nuclear and kinetic     -24.64175151
         kinetic only      15.24601621
              coulomb       9.92621470
             exchange      -3.23180148
    nuclear-repulsion       2.32110003
   regularized energy     -15.62623826
  buggy if hybrid functionals are used..
timer:       compute energy     3.42s     3.42s
Norm of vector changes ab spin case : rms 4.764678e-04    max 7.189241e-04
convergence: bshresidual, energy change, max energy change, density change 2.7e-04 7.7e-06 5.8e-04 1.4e-04
finished iteration  5 at time     84.9s with energy  -15.62623826

Iterations converged


ending protocol at time     84.9s 

 Dipole Moment (a.u.)
 -----------

     x:  -3.158825e-14
     y:  -6.559150e-14
     z:  1.095453e+00
 Total Dipole Moment:  1.095453e+00 

timer:               dipole     0.06s     0.06s
Nemo Orbital Energies: [*]  -4.80944098  -0.49371178  -0.32330977

nemo energy:  -1.562624e+01
 at time 85.4
PNO Integrals evaluated as:
pnoint
       rank_increase  15         # default   maximum rank to increase in every macroiteration
               chunk  100        # default   chunk of functions operated on in parallel when G or K is applied (prevent memory shortage)
               debug  false      # default   debug mode
              freeze  1          # derived   frozen core approximation
             maxrank  4          # defined   maximal pno rank for all pairs
           guesstype  exop       # derived   the guesstype: exop (recommended, multiply polynomial excitation operators onto the occupied orbitals), empty (don't compute a guess), scf (use the ao basis from the SCF solver), partial_wave (create s,p,d ..., type functions and place on atoms), predefined (same as partial_wave but for predefined sets)
                exop  multipole  # derived   this string defines which excitation operators can be used, use 'dipole', 'dipole+', 'quadrupole', 'ocopole', or 'multipole', need to set guesstype to 'exop' which is the default
          exop_trigo  true       # default   use trigonometric excitation operators ( x --> sin(x)
        partial_wave             # default   atom centered partial wave guess of format like 'h-2s1p-o-3s2p1d', need to set guesstype to 'partial_wave' and adaptive_solver to 'none'
          predefined             # default   predefined partial wave guesses of type pvxz with x=d,t,q,5,6, need to set guesstype to 'predefined' and adaptive_solver to 'none'
           maxiter_t  100        # default   maximal number of iterations in the amplitude solver
       maxiter_micro  10         # default   Maximum of iterations for every cycle in the adaptive solver
       maxiter_macro  10         # default   Maximum of iterations of cycles in the adaptive solver
                tpno  1.0000e-08 # default   PNO cutoff threshold
          tpno_tight  1.0000e-10 # derived   PNO cutoff for the first iteration
    canonicalize_pno  true       # default   canonicalize the pnos before the amplitude solver
              thresh  1.0000e-04 # defined   MRA threshold
         econv_micro  1.0000e-04 # derived   Energy convergence for microiterations (Greens function based optimization) in adaptive solver
         econv_pairs  1.0000e-05 # derived   ENergy convergence for individual pairs in adaptive solver. Converged pairs are frozen automatically
         econv_macro  1.0000e-04 # derived   Energy convergence for macroiterations in adaptive solver, no effect if adaptive_solver is deactivated
               dconv  1.0000e-01 # default   convergence of every PNO in the Green's function solver
           op_thresh  1.0000e-06 # default   MRA operator thresh
             restart  none       # derived   restart pairs of this type, use 'mp2', 'cispd', 'all' or 'none'
          no_compute  none       # default   do not compute the pairs of this type, use 'mp2', 'cispd', 'all' or 'none'
              no_opt  none       # default   do not optimize the pnos of this type, use 'mp2', 'cispd', 'all' or 'none'
            no_guess  none       # derived   guess for this type will be empty, use 'mp2', 'cispd', 'all' or 'none'
     adaptive_solver  all        # default   Use adaptive solver for those pairs, use 'mp2', 'cispd', 'all' or 'none', works only in combination with guesstype 'exop'
                kain  true       # default   use KAIN solver in amplitude solver
       kain_subspace  5          # default   subspace size of the KAIN solver (amplitudes)
                 f12  false      # defined   use explicit correlation
        cispd_number  -1         # default   CIS(D) excitation numbers, to read in correct functions
        cispd_energy  0.0000e+00 # default   CIS energy
        freeze_pairs  none       # default   frozen pairs will not be optimized: Expected format 'a b c d' will freeze pairs ab and cd
freeze_pairs_of_orbital  []         # default    All pairs which originate from this orbital will not be optimized
active_pairs_of_orbital  []         # default    All pairs which originate from this orbital will not be frozen all other pairs will, if this vector is not empty
no_opt_in_first_iteration  false      # default   Do not optimize in the first iteration (then the potentials do not have to be evaluated, use this for large guesses)
            exchange  full       # default   approximate exchange with 'neglect' or xc functional -> same syntax as moldft
           save_pnos  true       # default   Save the OBS-PNOs to a file, before and after orthonormalization.
            diagonal  true       # defined   Compute only diagonal PNOs
              orthog  symmetric  # defined   orthogonalization method for PNO basis, also current default for a potential CABS. options: symmetric, canonical, cholesky, rr_cholesky,
         orthog_cabs  default    # default   orthogonalization method for CABS basis. options: symmetric, canonical, cholesky, rr_cholesky, uses same as orbitals basis if default.
               n_pno  8          # defined   desired size of PNO-basis (orbital space)
         cabs_option  none       # default   type of complementary auxiliary basis to be used. can be none ~ no CABS, gbs ~ Gaussian basis set as CABS, requires input via auxbas_file, pno ~ use superfluous PNOs as CABS, mixed ~ gbs&pno-option
       pno_cabs_size  -1         # default   size of a potential pno-cabs. defaults to -1 ~ all remaining PNOs, if pno-cabs or mixed-cabs
           only_diag  false      # default   use only diagonal elements PNOs
         cherry_pick  []         # default   cherry pick option to choose particular set of PNOs, not just blindly by occupation number. can be useful, if only a restricted number of PNOs can be used, to avoid separating degenerate pairs. can be envoked by passing a vector via [ elem1, elem2, ... ]
               gamma  1.4000e+00 # default   The f12 length scale, here to be used to compute f12-integrals
         cabs_thresh  1.0000e-04 # derived    thresh for cabs part
              auxbas  none       # default   atom centered partial wave guess of format like 'h-2s1p-o-3s2p1d'
         auxbas_file  none       # default   Use external comp. aux. basis in addition to the pnos as auxbasis. Give the filename as parameter. Give the auxbas in turbomole format. Don't use contractions. If a file is specified the auxbas parameter has no effect
   print_pno_overlap  true       # default   Print overlap matrix at certain steps in computation, for debugging purposes.
              n_virt  0          # defined   Compute this number of virtuals and include them in the integral construction, experimental and not robust!.
      hardcore_boson  false      # default   compute only integrals for hardcore boson hamiltonian (restricted to double occupations)

end
F12 Operators initialized right
timer:                    Testing F12 Operators     0.83s     0.83s 
timer:  Initializing (active) Exchange Orbitals     1.90s     1.90s 
Size of active mos and their exchange potentials:
K(acmos)=2.984881e-03 Gbyte
acmos   =2.402216e-03 Gbyte
PNO Parameters
pno
       rank_increase  15         # default   maximum rank to increase in every macroiteration
               chunk  100        # default   chunk of functions operated on in parallel when G or K is applied (prevent memory shortage)
               debug  false      # default   debug mode
              freeze  1          # derived   frozen core approximation
             maxrank  4          # defined   maximal pno rank for all pairs
           guesstype  exop       # derived   the guesstype: exop (recommended, multiply polynomial excitation operators onto the occupied orbitals), empty (don't compute a guess), scf (use the ao basis from the SCF solver), partial_wave (create s,p,d ..., type functions and place on atoms), predefined (same as partial_wave but for predefined sets)
                exop  multipole  # derived   this string defines which excitation operators can be used, use 'dipole', 'dipole+', 'quadrupole', 'ocopole', or 'multipole', need to set guesstype to 'exop' which is the default
          exop_trigo  true       # default   use trigonometric excitation operators ( x --> sin(x)
        partial_wave             # default   atom centered partial wave guess of format like 'h-2s1p-o-3s2p1d', need to set guesstype to 'partial_wave' and adaptive_solver to 'none'
          predefined             # default   predefined partial wave guesses of type pvxz with x=d,t,q,5,6, need to set guesstype to 'predefined' and adaptive_solver to 'none'
           maxiter_t  100        # default   maximal number of iterations in the amplitude solver
       maxiter_micro  10         # default   Maximum of iterations for every cycle in the adaptive solver
       maxiter_macro  10         # default   Maximum of iterations of cycles in the adaptive solver
                tpno  1.0000e-08 # default   PNO cutoff threshold
          tpno_tight  1.0000e-10 # derived   PNO cutoff for the first iteration
    canonicalize_pno  true       # default   canonicalize the pnos before the amplitude solver
              thresh  1.0000e-04 # defined   MRA threshold
         econv_micro  1.0000e-04 # derived   Energy convergence for microiterations (Greens function based optimization) in adaptive solver
         econv_pairs  1.0000e-05 # derived   ENergy convergence for individual pairs in adaptive solver. Converged pairs are frozen automatically
         econv_macro  1.0000e-04 # derived   Energy convergence for macroiterations in adaptive solver, no effect if adaptive_solver is deactivated
               dconv  1.0000e-01 # default   convergence of every PNO in the Green's function solver
           op_thresh  1.0000e-06 # default   MRA operator thresh
             restart  none       # derived   restart pairs of this type, use 'mp2', 'cispd', 'all' or 'none'
          no_compute  none       # default   do not compute the pairs of this type, use 'mp2', 'cispd', 'all' or 'none'
              no_opt  none       # default   do not optimize the pnos of this type, use 'mp2', 'cispd', 'all' or 'none'
            no_guess  none       # derived   guess for this type will be empty, use 'mp2', 'cispd', 'all' or 'none'
     adaptive_solver  all        # default   Use adaptive solver for those pairs, use 'mp2', 'cispd', 'all' or 'none', works only in combination with guesstype 'exop'
                kain  true       # default   use KAIN solver in amplitude solver
       kain_subspace  5          # default   subspace size of the KAIN solver (amplitudes)
                 f12  false      # defined   use explicit correlation
        cispd_number  -1         # default   CIS(D) excitation numbers, to read in correct functions
        cispd_energy  0.0000e+00 # default   CIS energy
        freeze_pairs  none       # default   frozen pairs will not be optimized: Expected format 'a b c d' will freeze pairs ab and cd
freeze_pairs_of_orbital  []         # default    All pairs which originate from this orbital will not be optimized
active_pairs_of_orbital  []         # default    All pairs which originate from this orbital will not be frozen all other pairs will, if this vector is not empty
no_opt_in_first_iteration  false      # default   Do not optimize in the first iteration (then the potentials do not have to be evaluated, use this for large guesses)
            exchange  full       # default   approximate exchange with 'neglect' or xc functional -> same syntax as moldft
           save_pnos  true       # default   Save the OBS-PNOs to a file, before and after orthonormalization.
            diagonal  true       # defined   Compute only diagonal PNOs

end

**********************
Solve PNO-MP2
*********************


**********************
Iterate Pairs
*********************


************************
Adaptive Solver
***********************

Initializing empty Pairs:
no guess was explicitly demanded for mp2

timer:                                     RRCD     0.00s     0.00s 
timer:                             MRA compress     0.00s     0.00s 
timer:                          Transform Pairs     0.00s     0.00s 
timer:          apply Q and orthonormalize PNOs     0.00s     0.00s 
Created Guess:
pair11 with 0 guess functions
pair21 with 0 guess functions
pair22 with 0 guess functions
guess pair11 size: 0.0000000000e+00 | 0.0000000000e+00 Gbyte (after truncation)
guess pair22 size: 0.0000000000e+00 | 0.0000000000e+00 Gbyte (after truncation)
timer:                           truncate guess     0.00s     0.00s 
timer:                         Initialize Pairs     0.00s     0.00s 
Keyword multipole is not known
Guess protocol for adaptively growing ranks is: [dipole+, quadrupole, big_fock_3, big_fock_3, big_fock_3, big_fock_3, big_fock_3, big_fock_3, big_fock_3, big_fock_3]


--------Adaptive Solver Macroiteration 0 from max 10 ----------

Growing ranks with exop=dipole+
Create guess functions by multiplying plane-waves to 1 functions 
Created 4 virtuals for pair11
pair21 is frozen: no growing
Create guess functions by multiplying plane-waves to 1 functions 
Created 4 virtuals for pair22
frozen pair: no orthonormalization
timer:                                     RRCD     0.03s     0.03s 
timer:                             MRA compress     0.00s     0.00s 
timer:                          Transform Pairs     0.11s     0.11s 
timer:                        grow PNO subspace     1.96s     1.96s 
SolveInternal: Parameters are assigned as
no_compute        = false
no_opt            = false
restart           = false
do_cispd          = false
econv             =1.0000000000e-04
maxrank (min,max) = (4,4)
Solving MP2 doubles
timer:          fock matrix     2.74s     2.74s
Information About All Pairs:
mp2_pair11           number=0 rank=  4 frozen=false
mp2_pair21           number=1 rank=  0 frozen=true
mp2_pair22           number=2 rank=  4 frozen=false
number of pairs=3
average rank   =2 (2.6666666667e+00)
largest rank   =4
PNOPairs Memory Information
Total: 0.0096497536 GB 
PNO  : 0.0096497536 GB 
KPNO : 0.0000000000 GB 
W    : 0.0000000000 GB 

timer:                                 truncate     0.03s     0.03s 
wall time=98.7181830406 chunk=8 allK.size()=8 memory=0.0093226433 GB
timer:                             compute KPNO     3.89s     3.89s 
wall time=98.8480370045 chunk=8 allJ.size()=8 memory=0.0107128620 GB
timer:                             compute JPNO     0.13s     0.13s 
timer:                    compute Fock matrices     1.40s     1.40s 
timer:                             MRA compress     0.00s     0.00s 
timer:                          Transform Pairs     0.26s     0.26s 
timer:                             Canonicalize     0.26s     0.26s 
PNOPairs Memory Information
Total: 0.0189723969 GB 
PNO  : 0.0097315311 GB 
KPNO : 0.0092408657 GB 
W    : 0.0000000000 GB 

timer:                                 truncate     0.05s     0.05s 
mp2_pair21 is frozen: potential not computed
timer:                   Fluctuation Potentials     2.05s     2.05s 
timer:                       Fluctuation Matrix     0.17s     0.17s 
PNOPairs Memory Information
Total: 0.0328745842 GB 
PNO  : 0.0097315311 GB 
KPNO : 0.0092408657 GB 
W    : 0.0139021873 GB 

PNOPairs Memory Information
Total: 0.0328745842 GB 
PNO  : 0.0097315311 GB 
KPNO : 0.0092408657 GB 
W    : 0.0139021873 GB 

timer:                                 truncate     0.06s     0.06s 
timer:                             PNO Overlaps     0.10s     0.10s 
t_iter =  0  Hylleraas energy =  0.0000000000  ||R||_F =  0.1751111325  conv =  no
subspace solution [*]   1.00000000

t_iter =  1  Hylleraas energy =  -0.0291546819  ||R||_F =  0.0000000225  conv =  yes
=======================================================

Hylleraas MP2 Energies

=======================================================
    i    j      singlet      triplet        Total
=======================================================
    1    1  -1.26196e-02  0.00000e+00 -1.26196e-02
    2    1   0.00000e+00  0.00000e+00  0.00000e+00
    2    2  -1.65351e-02  0.00000e+00 -1.65351e-02
=======================================================
Hylleraas MP2 Energies (singlet): -2.91547e-02
Hylleraas MP2 Energies (triplet):  0.00000e+00
Hylleraas MP2 Energies (total)  : -2.91547e-02
=======================================================
-------------------------------------------
Total Reg Energy  =-2.91547e-02
Total F12 Energy  = 0.00000e+00
Sum Energies Total=-2.91547e-02
-------------------------------------------
timer:                         Solve Amplitudes     0.00s     0.00s 
No optimization untill now: Compressing pno ranks with tighter threshold
1.00000e-10 instead of 1.00000e-08
pair11: density evals:
 [*]   0.00312736   0.00416054   0.00416054   0.00696039

pair22: density evals:
 [*]   0.00286884   0.00354259   0.00354259   0.03265163

timer:                            compress PNOs     0.00s     0.00s 
timer:                             MRA compress     0.00s     0.00s 
timer:                          Transform Pairs     0.39s     0.39s 
timer:                          PNO Compression     0.39s     0.39s 
Information About All Pairs:
mp2_pair11           number=0 rank=  4 frozen=false
mp2_pair21           number=1 rank=  0 frozen=true
mp2_pair22           number=2 rank=  4 frozen=false
number of pairs=3
average rank   =2 (2.66667e+00)
largest rank   =4
saving vector of functions mp2_pair11
saving vector of functions mp2_pair22
timer:                        save pnos on disc     0.15s     0.15s 
PNOPairs Memory Information
Total: 0.03271 GB 
PNO  : 0.00957 GB 
KPNO : 0.00924 GB 
W    : 0.01390 GB 

timer:                                 truncate     0.04s     0.04s 
timer:      compute densities for G application     0.00s     0.00s 
pair21 is frozen: no optimization
timer:                Prepare for G application     0.50s     0.50s 
timer:                                    add K     0.03s     0.03s 
size of all Vpsi potentials (without Vnuc and J) 0.01169 GB 
time=104.93582 chunk=8 Vpsi+Vnuc+J=0.03157 GB
time=105.00694 chunk=8 Vpsi+Vnuc+J=0.03124 GB (after truncation)
timer:                           Apply G to all     3.13s     3.13s 
timer:                       apply Q and update     0.00s     0.00s 
mp2_pair11 residual norms:
[0.45860, 0.35901, 0.35901, 0.42864]
mp2_pair11 scaled residual norms:
[0.02565, 0.02316, 0.02316, 0.03576]
mp2_pair22 residual norms:
[0.44817, 0.36692, 0.36692, 0.36505]
mp2_pair22 scaled residual norms:
[0.02400, 0.02184, 0.02184, 0.06596]
timer:                          update all PNOs     3.66s     3.66s 
frozen pair: no orthonormalization
timer:                                     RRCD     0.07s     0.07s 
timer:                             MRA compress     0.00s     0.00s 
timer:                          Transform Pairs     0.18s     0.18s 
saving vector of functions mp2_pair11
saving vector of functions mp2_pair22
timer:                        save pnos on disc     0.16s     0.16s 


No convergence yet. Energy change = 0.02915

timer:                        Whole Iteration 1    12.92s    12.92s 
Information About All Pairs:
mp2_pair11           number=0 rank=  4 frozen=false
mp2_pair21           number=1 rank=  0 frozen=true
mp2_pair22           number=2 rank=  4 frozen=false
number of pairs=3
average rank   =2 (2.66667)
largest rank   =4
PNOPairs Memory Information
Total: 0.00981 GB 
PNO  : 0.00981 GB 
KPNO : 0.00000 GB 
W    : 0.00000 GB 

timer:                                 truncate     0.04s     0.04s 
wall time=111.92707 chunk=8 allK.size()=8 memory=0.00932 GB
timer:                             compute KPNO     4.18s     4.18s 
wall time=112.09602 chunk=8 allJ.size()=8 memory=0.01047 GB
timer:                             compute JPNO     0.17s     0.17s 
timer:                    compute Fock matrices     1.46s     1.46s 
timer:                             MRA compress     0.00s     0.00s 
timer:                          Transform Pairs     0.33s     0.33s 
timer:                             Canonicalize     0.33s     0.33s 
PNOPairs Memory Information
Total: 0.01873 GB 
PNO  : 0.00957 GB 
KPNO : 0.00916 GB 
W    : 0.00000 GB 

timer:                                 truncate     0.06s     0.06s 
mp2_pair21 is frozen: potential not computed
timer:                   Fluctuation Potentials     2.03s     2.03s 
timer:                       Fluctuation Matrix     0.10s     0.10s 
PNOPairs Memory Information
Total: 0.03345 GB 
PNO  : 0.00957 GB 
KPNO : 0.00916 GB 
W    : 0.01472 GB 

PNOPairs Memory Information
Total: 0.03345 GB 
PNO  : 0.00957 GB 
KPNO : 0.00916 GB 
W    : 0.01472 GB 

timer:                                 truncate     0.05s     0.05s 
timer:                             PNO Overlaps     0.09s     0.09s 
t_iter =  0  Hylleraas energy =  0.00000  ||R||_F =  0.25794  conv =  no
subspace solution [*]   1.00000000

t_iter =  1  Hylleraas energy =  -0.05073  ||R||_F =  0.00000  conv =  yes
=======================================================

Hylleraas MP2 Energies

=======================================================
    i    j      singlet      triplet        Total
=======================================================
    1    1  -2.23923e-02  0.00000e+00 -2.23923e-02
    2    1   0.00000e+00  0.00000e+00  0.00000e+00
    2    2  -2.83373e-02  0.00000e+00 -2.83373e-02
=======================================================
Hylleraas MP2 Energies (singlet): -5.07296e-02
Hylleraas MP2 Energies (triplet):  0.00000e+00
Hylleraas MP2 Energies (total)  : -5.07296e-02
=======================================================
-------------------------------------------
Total Reg Energy  =-5.07296e-02
Total F12 Energy  = 0.00000e+00
Sum Energies Total=-5.07296e-02
-------------------------------------------
timer:                         Solve Amplitudes     0.00s     0.00s 
pair11: density evals:
 [*]   0.00428821   0.00501951   0.00501951   0.01112322

pair22: density evals:
 [*]   0.00375075   0.00411399   0.00411399   0.05209107

timer:                            compress PNOs     0.00s     0.00s 
timer:                             MRA compress     0.00s     0.00s 
timer:                          Transform Pairs     0.54s     0.54s 
timer:                          PNO Compression     0.55s     0.55s 
Information About All Pairs:
mp2_pair11           number=0 rank=  4 frozen=false
mp2_pair21           number=1 rank=  0 frozen=true
mp2_pair22           number=2 rank=  4 frozen=false
number of pairs=3
average rank   =2 (2.66667e+00)
largest rank   =4
saving vector of functions mp2_pair11
saving vector of functions mp2_pair22
timer:                        save pnos on disc     0.17s     0.17s 
PNOPairs Memory Information
Total: 0.03361 GB 
PNO  : 0.00965 GB 
KPNO : 0.00924 GB 
W    : 0.01472 GB 

timer:                                 truncate     0.07s     0.07s 
timer:      compute densities for G application     0.00s     0.00s 
pair21 is frozen: no optimization
timer:                Prepare for G application     0.34s     0.34s 
timer:                                    add K     0.03s     0.03s 
size of all Vpsi potentials (without Vnuc and J) 0.01341 GB 
time=118.07835 chunk=8 Vpsi+Vnuc+J=0.03075 GB
time=118.14937 chunk=8 Vpsi+Vnuc+J=0.02911 GB (after truncation)
timer:                           Apply G to all     2.92s     2.92s 
timer:                       apply Q and update     0.00s     0.00s 
mp2_pair11 residual norms:
[0.10935, 0.09488, 0.09488, 0.12999]
mp2_pair11 scaled residual norms:
[0.00716, 0.00672, 0.00672, 0.01371]
mp2_pair22 residual norms:
[0.12044, 0.09636, 0.09636, 0.08567]
mp2_pair22 scaled residual norms:
[0.00738, 0.00618, 0.00618, 0.01955]
timer:                          update all PNOs     3.29s     3.29s 
frozen pair: no orthonormalization
timer:                                     RRCD     0.08s     0.08s 
timer:                             MRA compress     0.00s     0.00s 
timer:                          Transform Pairs     0.09s     0.09s 
saving vector of functions mp2_pair11
saving vector of functions mp2_pair22
timer:                        save pnos on disc     0.16s     0.16s 


No convergence yet. Energy change = 0.02157

timer:                        Whole Iteration 2    12.98s    12.98s 
Information About All Pairs:
mp2_pair11           number=0 rank=  4 frozen=false
mp2_pair21           number=1 rank=  0 frozen=true
mp2_pair22           number=2 rank=  4 frozen=false
number of pairs=3
average rank   =2 (2.66667)
largest rank   =4
PNOPairs Memory Information
Total: 0.00940 GB 
PNO  : 0.00940 GB 
KPNO : 0.00000 GB 
W    : 0.00000 GB 

timer:                                 truncate     0.04s     0.04s 
wall time=124.71868 chunk=8 allK.size()=8 memory=0.00957 GB
timer:                             compute KPNO     3.99s     3.99s 
wall time=124.88409 chunk=8 allJ.size()=8 memory=0.01039 GB
timer:                             compute JPNO     0.17s     0.17s 
timer:                    compute Fock matrices     1.24s     1.24s 
timer:                             MRA compress     0.00s     0.00s 
timer:                          Transform Pairs     0.32s     0.32s 
timer:                             Canonicalize     0.32s     0.32s 
PNOPairs Memory Information
Total: 0.01889 GB 
PNO  : 0.00932 GB 
KPNO : 0.00957 GB 
W    : 0.00000 GB 

timer:                                 truncate     0.03s     0.03s 
mp2_pair21 is frozen: potential not computed
timer:                   Fluctuation Potentials     2.12s     2.12s 
timer:                       Fluctuation Matrix     0.15s     0.15s 
PNOPairs Memory Information
Total: 0.03361 GB 
PNO  : 0.00932 GB 
KPNO : 0.00957 GB 
W    : 0.01472 GB 

PNOPairs Memory Information
Total: 0.03361 GB 
PNO  : 0.00932 GB 
KPNO : 0.00957 GB 
W    : 0.01472 GB 

timer:                                 truncate     0.05s     0.05s 
timer:                             PNO Overlaps     0.08s     0.08s 
t_iter =  0  Hylleraas energy =  0.00000  ||R||_F =  0.27672  conv =  no
subspace solution [*]   1.00000000

t_iter =  1  Hylleraas energy =  -0.05324  ||R||_F =  0.00000  conv =  yes
=======================================================

Hylleraas MP2 Energies

=======================================================
    i    j      singlet      triplet        Total
=======================================================
    1    1  -2.36255e-02  0.00000e+00 -2.36255e-02
    2    1   0.00000e+00  0.00000e+00  0.00000e+00
    2    2  -2.96136e-02  0.00000e+00 -2.96136e-02
=======================================================
Hylleraas MP2 Energies (singlet): -5.32392e-02
Hylleraas MP2 Energies (triplet):  0.00000e+00
Hylleraas MP2 Energies (total)  : -5.32392e-02
=======================================================
-------------------------------------------
Total Reg Energy  =-5.32392e-02
Total F12 Energy  = 0.00000e+00
Sum Energies Total=-5.32392e-02
-------------------------------------------
timer:                         Solve Amplitudes     0.00s     0.00s 
pair11: density evals:
 [*]   0.00402812   0.00479281   0.00479281   0.01070798

pair22: density evals:
 [*]   0.00353881   0.00388406   0.00388406   0.05123163

timer:                            compress PNOs     0.00s     0.00s 
timer:                             MRA compress     0.00s     0.00s 
timer:                          Transform Pairs     0.48s     0.48s 
timer:                          PNO Compression     0.48s     0.48s 
Information About All Pairs:
mp2_pair11           number=0 rank=  4 frozen=false
mp2_pair21           number=1 rank=  0 frozen=true
mp2_pair22           number=2 rank=  4 frozen=false
number of pairs=3
average rank   =2 (2.66667e+00)
largest rank   =4
saving vector of functions mp2_pair11
saving vector of functions mp2_pair22
timer:                        save pnos on disc     0.17s     0.17s 
PNOPairs Memory Information
Total: 0.03345 GB 
PNO  : 0.00932 GB 
KPNO : 0.00940 GB 
W    : 0.01472 GB 

timer:                                 truncate     0.04s     0.04s 
timer:      compute densities for G application     0.00s     0.00s 
pair21 is frozen: no optimization
timer:                Prepare for G application     0.45s     0.45s 
timer:                                    add K     0.03s     0.03s 
size of all Vpsi potentials (without Vnuc and J) 0.01317 GB 
time=130.80242 chunk=8 Vpsi+Vnuc+J=0.03189 GB
time=130.87762 chunk=8 Vpsi+Vnuc+J=0.03026 GB (after truncation)
timer:                           Apply G to all     2.89s     2.89s 
timer:                       apply Q and update     0.00s     0.00s 
mp2_pair11 residual norms:
[0.03871, 0.03197, 0.03197, 0.05277]
mp2_pair11 scaled residual norms:
[0.00246, 0.00221, 0.00221, 0.00546]
mp2_pair22 residual norms:
[0.05222, 0.04193, 0.04193, 0.03144]
mp2_pair22 scaled residual norms:
[0.00311, 0.00261, 0.00261, 0.00712]
timer:                          update all PNOs     3.38s     3.38s 
frozen pair: no orthonormalization
timer:                                     RRCD     0.04s     0.04s 
timer:                             MRA compress     0.00s     0.00s 
timer:                          Transform Pairs     0.11s     0.11s 
saving vector of functions mp2_pair11
saving vector of functions mp2_pair22
timer:                        save pnos on disc     0.47s     0.47s 


No convergence yet. Energy change = 0.00251

timer:                        Whole Iteration 3    12.95s    12.95s 
Information About All Pairs:
mp2_pair11           number=0 rank=  4 frozen=false
mp2_pair21           number=1 rank=  0 frozen=true
mp2_pair22           number=2 rank=  4 frozen=false
number of pairs=3
average rank   =2 (2.66667)
largest rank   =4
PNOPairs Memory Information
Total: 0.00949 GB 
PNO  : 0.00949 GB 
KPNO : 0.00000 GB 
W    : 0.00000 GB 

timer:                                 truncate     0.05s     0.05s 
wall time=137.72192 chunk=8 allK.size()=8 memory=0.00957 GB
timer:                             compute KPNO     4.04s     4.04s 
wall time=137.89195 chunk=8 allJ.size()=8 memory=0.01039 GB
timer:                             compute JPNO     0.17s     0.17s 
timer:                    compute Fock matrices     1.38s     1.38s 
timer:                             MRA compress     0.00s     0.00s 
timer:                          Transform Pairs     0.18s     0.18s 
timer:                             Canonicalize     0.18s     0.18s 
PNOPairs Memory Information
Total: 0.01922 GB 
PNO  : 0.00957 GB 
KPNO : 0.00965 GB 
W    : 0.00000 GB 

timer:                                 truncate     0.03s     0.03s 
mp2_pair21 is frozen: potential not computed
timer:                   Fluctuation Potentials     1.94s     1.94s 
timer:                       Fluctuation Matrix     0.21s     0.21s 
PNOPairs Memory Information
Total: 0.03394 GB 
PNO  : 0.00957 GB 
KPNO : 0.00965 GB 
W    : 0.01472 GB 

PNOPairs Memory Information
Total: 0.03394 GB 
PNO  : 0.00957 GB 
KPNO : 0.00965 GB 
W    : 0.01472 GB 

timer:                                 truncate     0.05s     0.05s 
timer:                             PNO Overlaps     0.05s     0.05s 
t_iter =  0  Hylleraas energy =  0.00000  ||R||_F =  0.28308  conv =  no
subspace solution [*]   1.00000000

t_iter =  1  Hylleraas energy =  -0.05364  ||R||_F =  0.00000  conv =  yes
=======================================================

Hylleraas MP2 Energies

=======================================================
    i    j      singlet      triplet        Total
=======================================================
    1    1  -2.38161e-02  0.00000e+00 -2.38161e-02
    2    1   0.00000e+00  0.00000e+00  0.00000e+00
    2    2  -2.98251e-02  0.00000e+00 -2.98251e-02
=======================================================
Hylleraas MP2 Energies (singlet): -5.36413e-02
Hylleraas MP2 Energies (triplet):  0.00000e+00
Hylleraas MP2 Energies (total)  : -5.36413e-02
=======================================================
-------------------------------------------
Total Reg Energy  =-5.36413e-02
Total F12 Energy  = 0.00000e+00
Sum Energies Total=-5.36413e-02
-------------------------------------------
timer:                         Solve Amplitudes     0.00s     0.00s 
pair11: density evals:
 [*]   0.00388881   0.00467164   0.00467164   0.01032521

pair22: density evals:
 [*]   0.00341447   0.00375315   0.00375315   0.05024615

timer:                            compress PNOs     0.00s     0.00s 
timer:                             MRA compress     0.00s     0.00s 
timer:                          Transform Pairs     0.40s     0.40s 
timer:                          PNO Compression     0.40s     0.40s 
Information About All Pairs:
mp2_pair11           number=0 rank=  4 frozen=false
mp2_pair21           number=1 rank=  0 frozen=true
mp2_pair22           number=2 rank=  4 frozen=false
number of pairs=3
average rank   =2 (2.66667e+00)
largest rank   =4
saving vector of functions mp2_pair11
saving vector of functions mp2_pair22
timer:                        save pnos on disc     0.24s     0.24s 
PNOPairs Memory Information
Total: 0.03369 GB 
PNO  : 0.00949 GB 
KPNO : 0.00949 GB 
W    : 0.01472 GB 

timer:                                 truncate     0.07s     0.07s 
timer:      compute densities for G application     0.00s     0.00s 
pair21 is frozen: no optimization
timer:                Prepare for G application     0.51s     0.51s 
timer:                                    add K     0.03s     0.03s 
size of all Vpsi potentials (without Vnuc and J) 0.01341 GB 
time=143.69951 chunk=8 Vpsi+Vnuc+J=0.03181 GB
time=143.76936 chunk=8 Vpsi+Vnuc+J=0.03018 GB (after truncation)
timer:                           Apply G to all     3.06s     3.06s 
timer:                       apply Q and update     0.00s     0.00s 
mp2_pair11 residual norms:
[0.01514, 0.01147, 0.01147, 0.02258]
mp2_pair11 scaled residual norms:
[0.00094, 0.00078, 0.00078, 0.00229]
mp2_pair22 residual norms:
[0.02601, 0.02294, 0.02294, 0.01278]
mp2_pair22 scaled residual norms:
[0.00152, 0.00141, 0.00141, 0.00287]
timer:                          update all PNOs     3.61s     3.61s 
frozen pair: no orthonormalization
timer:                                     RRCD     0.06s     0.06s 
timer:                             MRA compress     0.00s     0.00s 
timer:                          Transform Pairs     0.09s     0.09s 
saving vector of functions mp2_pair11
saving vector of functions mp2_pair22
timer:                        save pnos on disc     0.40s     0.40s 


No convergence yet. Energy change = 0.00040

timer:                        Whole Iteration 4    13.02s    13.03s 
Information About All Pairs:
mp2_pair11           number=0 rank=  4 frozen=false
mp2_pair21           number=1 rank=  0 frozen=true
mp2_pair22           number=2 rank=  4 frozen=false
number of pairs=3
average rank   =2 (2.66667)
largest rank   =4
PNOPairs Memory Information
Total: 0.00965 GB 
PNO  : 0.00965 GB 
KPNO : 0.00000 GB 
W    : 0.00000 GB 

timer:                                 truncate     0.03s     0.03s 
wall time=150.82690 chunk=8 allK.size()=8 memory=0.00965 GB
timer:                             compute KPNO     4.14s     4.14s 
wall time=150.97994 chunk=8 allJ.size()=8 memory=0.01047 GB
timer:                             compute JPNO     0.15s     0.15s 
timer:                    compute Fock matrices     1.39s     1.39s 
timer:                             MRA compress     0.00s     0.00s 
timer:                          Transform Pairs     0.32s     0.32s 
timer:                             Canonicalize     0.32s     0.32s 
PNOPairs Memory Information
Total: 0.01922 GB 
PNO  : 0.00973 GB 
KPNO : 0.00949 GB 
W    : 0.00000 GB 

timer:                                 truncate     0.03s     0.03s 
mp2_pair21 is frozen: potential not computed
timer:                   Fluctuation Potentials     2.18s     2.18s 
timer:                       Fluctuation Matrix     0.19s     0.19s 
PNOPairs Memory Information
Total: 0.03394 GB 
PNO  : 0.00973 GB 
KPNO : 0.00949 GB 
W    : 0.01472 GB 

PNOPairs Memory Information
Total: 0.03394 GB 
PNO  : 0.00973 GB 
KPNO : 0.00949 GB 
W    : 0.01472 GB 

timer:                                 truncate     0.05s     0.05s 
timer:                             PNO Overlaps     0.11s     0.11s 
t_iter =  0  Hylleraas energy =  0.00000  ||R||_F =  0.28558  conv =  no
subspace solution [*]   1.00000000

t_iter =  1  Hylleraas energy =  -0.05372  ||R||_F =  0.00000  conv =  yes
=======================================================

Hylleraas MP2 Energies

=======================================================
    i    j      singlet      triplet        Total
=======================================================
    1    1  -2.38488e-02  0.00000e+00 -2.38488e-02
    2    1   0.00000e+00  0.00000e+00  0.00000e+00
    2    2  -2.98686e-02  0.00000e+00 -2.98686e-02
=======================================================
Hylleraas MP2 Energies (singlet): -5.37174e-02
Hylleraas MP2 Energies (triplet):  0.00000e+00
Hylleraas MP2 Energies (total)  : -5.37174e-02
=======================================================
-------------------------------------------
Total Reg Energy  =-5.37174e-02
Total F12 Energy  = 0.00000e+00
Sum Energies Total=-5.37174e-02
-------------------------------------------
timer:                         Solve Amplitudes     0.00s     0.00s 
pair11: density evals:
 [*]   0.00383037   0.00462177   0.00462177   0.01013289

pair22: density evals:
 [*]   0.00335210   0.00368299   0.00368299   0.04975749

timer:                            compress PNOs     0.00s     0.00s 
timer:                             MRA compress     0.00s     0.00s 
timer:                          Transform Pairs     0.53s     0.53s 
timer:                          PNO Compression     0.54s     0.54s 
Information About All Pairs:
mp2_pair11           number=0 rank=  4 frozen=false
mp2_pair21           number=1 rank=  0 frozen=true
mp2_pair22           number=2 rank=  4 frozen=false
number of pairs=3
average rank   =2 (2.66667e+00)
largest rank   =4
saving vector of functions mp2_pair11
saving vector of functions mp2_pair22
timer:                        save pnos on disc     0.17s     0.17s 
PNOPairs Memory Information
Total: 0.03369 GB 
PNO  : 0.00957 GB 
KPNO : 0.00940 GB 
W    : 0.01472 GB 

timer:                                 truncate     0.05s     0.05s 
timer:      compute densities for G application     0.00s     0.00s 
pair21 is frozen: no optimization
timer:                Prepare for G application     0.46s     0.46s 
timer:                                    add K     0.03s     0.03s 
size of all Vpsi potentials (without Vnuc and J) 0.01349 GB 
time=157.26528 chunk=8 Vpsi+Vnuc+J=0.03214 GB
time=157.30990 chunk=8 Vpsi+Vnuc+J=0.03050 GB (after truncation)
timer:                           Apply G to all     3.11s     3.11s 
timer:                       apply Q and update     0.00s     0.00s 
mp2_pair11 residual norms:
[0.00638, 0.00431, 0.00431, 0.00976]
mp2_pair11 scaled residual norms:
[0.00039, 0.00029, 0.00029, 0.00098]
mp2_pair22 residual norms:
[0.01376, 0.01377, 0.01377, 0.00544]
mp2_pair22 scaled residual norms:
[0.00080, 0.00084, 0.00084, 0.00121]
timer:                          update all PNOs     3.60s     3.60s 
frozen pair: no orthonormalization
timer:                                     RRCD     0.04s     0.04s 
timer:                             MRA compress     0.00s     0.00s 
timer:                          Transform Pairs     0.19s     0.19s 
saving vector of functions mp2_pair11
saving vector of functions mp2_pair22
timer:                        save pnos on disc     0.18s     0.18s 


CONVERGED!
energy change = 0.00008

re-entering loop to compute the correct amplitudes and energies
timer:                        Whole Iteration 5    13.43s    13.43s 
Information About All Pairs:
mp2_pair11           number=0 rank=  4 frozen=false
mp2_pair21           number=1 rank=  0 frozen=true
mp2_pair22           number=2 rank=  4 frozen=false
number of pairs=3
average rank   =2 (2.66667)
largest rank   =4
PNOPairs Memory Information
Total: 0.00965 GB 
PNO  : 0.00965 GB 
KPNO : 0.00000 GB 
W    : 0.00000 GB 

timer:                                 truncate     0.03s     0.03s 
wall time=164.39840 chunk=8 allK.size()=8 memory=0.00965 GB
timer:                             compute KPNO     4.28s     4.28s 
wall time=164.59805 chunk=8 allJ.size()=8 memory=0.01055 GB
timer:                             compute JPNO     0.20s     0.20s 
timer:                    compute Fock matrices     1.38s     1.38s 
timer:                             MRA compress     0.00s     0.00s 
timer:                          Transform Pairs     0.25s     0.25s 
timer:                             Canonicalize     0.25s     0.25s 
PNOPairs Memory Information
Total: 0.01930 GB 
PNO  : 0.00973 GB 
KPNO : 0.00957 GB 
W    : 0.00000 GB 

timer:                                 truncate     0.04s     0.04s 
mp2_pair21 is frozen: potential not computed
timer:                   Fluctuation Potentials     2.07s     2.07s 
timer:                       Fluctuation Matrix     0.15s     0.15s 
PNOPairs Memory Information
Total: 0.03402 GB 
PNO  : 0.00973 GB 
KPNO : 0.00957 GB 
W    : 0.01472 GB 

PNOPairs Memory Information
Total: 0.03402 GB 
PNO  : 0.00973 GB 
KPNO : 0.00957 GB 
W    : 0.01472 GB 

timer:                                 truncate     0.08s     0.08s 
timer:                             PNO Overlaps     0.12s     0.12s 
t_iter =  0  Hylleraas energy =  0.00000  ||R||_F =  0.28664  conv =  no
subspace solution [*]   1.00000000

t_iter =  1  Hylleraas energy =  -0.05373  ||R||_F =  0.00000  conv =  yes
=======================================================

Hylleraas MP2 Energies

=======================================================
    i    j      singlet      triplet        Total
=======================================================
    1    1  -2.38547e-02  0.00000e+00 -2.38547e-02
    2    1   0.00000e+00  0.00000e+00  0.00000e+00
    2    2  -2.98801e-02  0.00000e+00 -2.98801e-02
=======================================================
Hylleraas MP2 Energies (singlet): -5.37348e-02
Hylleraas MP2 Energies (triplet):  0.00000e+00
Hylleraas MP2 Energies (total)  : -5.37348e-02
=======================================================
-------------------------------------------
Total Reg Energy  =-5.37348e-02
Total F12 Energy  = 0.00000e+00
Sum Energies Total=-5.37348e-02
-------------------------------------------
timer:                         Solve Amplitudes     0.00s     0.00s 
pair11: density evals:
 [*]   0.00380613   0.00460179   0.00460179   0.01004567

pair22: density evals:
 [*]   0.00332039   0.00364320   0.00364320   0.04954225

timer:                            compress PNOs     0.00s     0.00s 
timer:                             MRA compress     0.00s     0.00s 
timer:                          Transform Pairs     0.40s     0.40s 
timer:                          PNO Compression     0.40s     0.40s 
Information About All Pairs:
mp2_pair11           number=0 rank=  4 frozen=false
mp2_pair21           number=1 rank=  0 frozen=true
mp2_pair22           number=2 rank=  4 frozen=false
number of pairs=3
average rank   =2 (2.66667e+00)
largest rank   =4
saving vector of functions mp2_pair11
saving vector of functions mp2_pair22
timer:                        save pnos on disc     0.16s     0.16s 
exiting: Iterations converged
PNO ranks:
PNO Rank for pair pair11 = 4
PNO Rank for pair pair21 = 0
PNO Rank for pair pair22 = 4
average rank 2.66667e+00
timer:                               PNO::solve    77.23s    77.24s 

--------------------------------
ITERATE-PAIRS-INTERNAL-ENDED
--------------------------------
mp2_pair21 converged!


Adaptive Sovler:
 Current Energy=-5.3734759321e-02
 DeltaE        =-5.3734759321e-02
 max dE (pair) =-2.9880098158e-02 (2)
 all_pairs_conv=false




not converged yet

freeze pair mp2_pair21 (not further optimized: Energy below 1.0000000000e-05)
Maximum Rank of4 reached for all non-frozen pairs, no need to iterate further=======================================================

Final MP2 Energies

=======================================================
    i    j      singlet      triplet        Total
=======================================================
    1    1  -2.38547e-02  0.00000e+00 -2.38547e-02
    2    1   0.00000e+00  0.00000e+00  0.00000e+00
    2    2  -2.98801e-02  0.00000e+00 -2.98801e-02
=======================================================
Final MP2 Energies (singlet): -5.37348e-02
Final MP2 Energies (triplet):  0.00000e+00
Final MP2 Energies (total)  : -5.37348e-02
=======================================================
-------------------------------------------
Total Reg Energy  =-5.37348e-02
Total F12 Energy  = 0.00000e+00
Sum Energies Total=-5.37348e-02
-------------------------------------------
Average | Max Rank: 2 | 4



--------------------------------------------------
MRA-PNO-MP2-F12 ended 
--------------------------------------------------
                 time scf = 8.48159e+01
               energy scf = -1.56262e+01
--------------------------------------------------
restarting PNO to reload pairs that converged before and were frozen
PNO Parameters
pno
       rank_increase  15         # default   maximum rank to increase in every macroiteration
               chunk  100        # default   chunk of functions operated on in parallel when G or K is applied (prevent memory shortage)
               debug  false      # default   debug mode
              freeze  1          # derived   frozen core approximation
             maxrank  4          # defined   maximal pno rank for all pairs
           guesstype  exop       # derived   the guesstype: exop (recommended, multiply polynomial excitation operators onto the occupied orbitals), empty (don't compute a guess), scf (use the ao basis from the SCF solver), partial_wave (create s,p,d ..., type functions and place on atoms), predefined (same as partial_wave but for predefined sets)
                exop  multipole  # derived   this string defines which excitation operators can be used, use 'dipole', 'dipole+', 'quadrupole', 'ocopole', or 'multipole', need to set guesstype to 'exop' which is the default
          exop_trigo  true       # default   use trigonometric excitation operators ( x --> sin(x)
        partial_wave             # default   atom centered partial wave guess of format like 'h-2s1p-o-3s2p1d', need to set guesstype to 'partial_wave' and adaptive_solver to 'none'
          predefined             # default   predefined partial wave guesses of type pvxz with x=d,t,q,5,6, need to set guesstype to 'predefined' and adaptive_solver to 'none'
           maxiter_t  100        # default   maximal number of iterations in the amplitude solver
       maxiter_micro  10         # default   Maximum of iterations for every cycle in the adaptive solver
       maxiter_macro  10         # default   Maximum of iterations of cycles in the adaptive solver
                tpno  1.0000e-08 # default   PNO cutoff threshold
          tpno_tight  1.0000e-10 # derived   PNO cutoff for the first iteration
    canonicalize_pno  true       # default   canonicalize the pnos before the amplitude solver
              thresh  1.0000e-04 # defined   MRA threshold
         econv_micro  1.0000e-04 # derived   Energy convergence for microiterations (Greens function based optimization) in adaptive solver
         econv_pairs  1.0000e-05 # derived   ENergy convergence for individual pairs in adaptive solver. Converged pairs are frozen automatically
         econv_macro  1.0000e-04 # derived   Energy convergence for macroiterations in adaptive solver, no effect if adaptive_solver is deactivated
               dconv  1.0000e-01 # default   convergence of every PNO in the Green's function solver
           op_thresh  1.0000e-06 # default   MRA operator thresh
             restart  all        # defined   restart pairs of this type, use 'mp2', 'cispd', 'all' or 'none'
          no_compute  none       # default   do not compute the pairs of this type, use 'mp2', 'cispd', 'all' or 'none'
              no_opt  all        # defined   do not optimize the pnos of this type, use 'mp2', 'cispd', 'all' or 'none'
            no_guess  all        # defined   guess for this type will be empty, use 'mp2', 'cispd', 'all' or 'none'
     adaptive_solver  none       # defined   Use adaptive solver for those pairs, use 'mp2', 'cispd', 'all' or 'none', works only in combination with guesstype 'exop'
                kain  true       # default   use KAIN solver in amplitude solver
       kain_subspace  5          # default   subspace size of the KAIN solver (amplitudes)
                 f12  false      # defined   use explicit correlation
        cispd_number  -1         # default   CIS(D) excitation numbers, to read in correct functions
        cispd_energy  0.0000e+00 # default   CIS energy
        freeze_pairs  none       # default   frozen pairs will not be optimized: Expected format 'a b c d' will freeze pairs ab and cd
freeze_pairs_of_orbital  []         # default    All pairs which originate from this orbital will not be optimized
active_pairs_of_orbital  []         # default    All pairs which originate from this orbital will not be frozen all other pairs will, if this vector is not empty
no_opt_in_first_iteration  false      # default   Do not optimize in the first iteration (then the potentials do not have to be evaluated, use this for large guesses)
            exchange  full       # default   approximate exchange with 'neglect' or xc functional -> same syntax as moldft
           save_pnos  true       # default   Save the OBS-PNOs to a file, before and after orthonormalization.
            diagonal  true       # defined   Compute only diagonal PNOs

end

**********************
Solve PNO-MP2
*********************


**********************
Iterate Pairs
*********************


************************
Standard Solver
***********************

Initializing Pairs:
Restart demanded for mp2 pairs
loading vector of functions mp2_pair11
Found PNOs for mp2_pair11 with rank 4
loading vector of functions mp2_pair21
failed to find PNO mp2_pair21 initialize as zero function
nloading vector of functions mp2_pair22
Found PNOs for mp2_pair22 with rank 4
no guess was explicitly demanded for mp2

timer:                                     RRCD     0.03s     0.03s 
timer:                             MRA compress     0.00s     0.00s 
timer:                          Transform Pairs     0.07s     0.07s 
timer:          apply Q and orthonormalize PNOs     0.47s     0.47s 
Created Guess:
pair11 with 4 guess functions
pair21 with 0 guess functions
pair22 with 4 guess functions
guess pair11 size: 4.9066543579e-03 | 4.9066543579e-03 Gbyte (after truncation)
guess pair22 size: 4.7430992126e-03 | 4.7430992126e-03 Gbyte (after truncation)
timer:                           truncate guess     0.03s     0.03s 
timer:                         Initialize Pairs     0.51s     0.51s 
Information About All Pairs:
mp2_pair11           number=0 rank=  4 frozen=false
mp2_pair21           number=1 rank=  0 frozen=true
mp2_pair22           number=2 rank=  4 frozen=false
number of pairs=3
average rank   =2 (2.6666666667e+00)
largest rank   =4
SolveInternal: Parameters are assigned as
no_compute        = false
no_opt            = true
restart           = true
do_cispd          = false
econv             =1.0000000000e-04
maxrank (min,max) = (4,4)
Solving MP2 doubles
timer:          fock matrix     2.79s     2.79s
Information About All Pairs:
mp2_pair11           number=0 rank=  4 frozen=false
mp2_pair21           number=1 rank=  0 frozen=true
mp2_pair22           number=2 rank=  4 frozen=false
number of pairs=3
average rank   =2 (2.6666666667e+00)
largest rank   =4
PNOPairs Memory Information
Total: 0.0096497536 GB 
PNO  : 0.0096497536 GB 
KPNO : 0.0000000000 GB 
W    : 0.0000000000 GB 

timer:                                 truncate     0.03s     0.03s 
wall time=176.5620090961 chunk=8 allK.size()=8 memory=0.0095679760 GB
timer:                             compute KPNO     3.94s     3.94s 
wall time=176.7039270401 chunk=8 allJ.size()=8 memory=0.0105493069 GB
timer:                             compute JPNO     0.14s     0.14s 
timer:                    compute Fock matrices     1.24s     1.24s 
timer:                             MRA compress     0.00s     0.00s 
timer:                          Transform Pairs     0.25s     0.25s 
timer:                             Canonicalize     0.25s     0.25s 
PNOPairs Memory Information
Total: 0.0192995071 GB 
PNO  : 0.0097315311 GB 
KPNO : 0.0095679760 GB 
W    : 0.0000000000 GB 

timer:                                 truncate     0.04s     0.04s 
mp2_pair21 is frozen: potential not computed
timer:                   Fluctuation Potentials     2.02s     2.02s 
timer:                       Fluctuation Matrix     0.17s     0.17s 
PNOPairs Memory Information
Total: 0.0340194702 GB 
PNO  : 0.0097315311 GB 
KPNO : 0.0095679760 GB 
W    : 0.0147199631 GB 

PNOPairs Memory Information
Total: 0.0340194702 GB 
PNO  : 0.0097315311 GB 
KPNO : 0.0095679760 GB 
W    : 0.0147199631 GB 

timer:                                 truncate     0.06s     0.06s 
timer:                             PNO Overlaps     0.06s     0.06s 
t_iter =  0  Hylleraas energy =  0.0000000000  ||R||_F =  0.2866379875  conv =  no
subspace solution [*]   1.00000000

t_iter =  1  Hylleraas energy =  -0.0537344959  ||R||_F =  0.0000003507  conv =  yes
=======================================================

Hylleraas MP2 Energies

=======================================================
    i    j      singlet      triplet        Total
=======================================================
    1    1  -2.38546e-02  0.00000e+00 -2.38546e-02
    2    1   0.00000e+00  0.00000e+00  0.00000e+00
    2    2  -2.98799e-02  0.00000e+00 -2.98799e-02
=======================================================
Hylleraas MP2 Energies (singlet): -5.37345e-02
Hylleraas MP2 Energies (triplet):  0.00000e+00
Hylleraas MP2 Energies (total)  : -5.37345e-02
=======================================================
-------------------------------------------
Total Reg Energy  =-5.37345e-02
Total F12 Energy  = 0.00000e+00
Sum Energies Total=-5.37345e-02
-------------------------------------------
timer:                         Solve Amplitudes     0.00s     0.00s 
No optimization untill now: Compressing pno ranks with tighter threshold
1.00000e-10 instead of 1.00000e-08
pair11: density evals:
 [*]   0.00380611   0.00460179   0.00460179   0.01004570

pair22: density evals:
 [*]   0.00332009   0.00364321   0.00364321   0.04954246

timer:                            compress PNOs     0.00s     0.00s 
timer:                             MRA compress     0.00s     0.00s 
timer:                          Transform Pairs     0.51s     0.51s 
timer:                          PNO Compression     0.51s     0.51s 
Information About All Pairs:
mp2_pair11           number=0 rank=  4 frozen=false
mp2_pair21           number=1 rank=  0 frozen=true
mp2_pair22           number=2 rank=  4 frozen=false
number of pairs=3
average rank   =2 (2.66667e+00)
largest rank   =4
saving vector of functions mp2_pair11
saving vector of functions mp2_pair22
timer:                        save pnos on disc     0.17s     0.17s 
exiting: Found no_opt keyword
PNO ranks:
PNO Rank for pair pair11 = 4
PNO Rank for pair pair21 = 0
PNO Rank for pair pair22 = 4
average rank 2.66667e+00
timer:                               PNO::solve    11.43s    11.44s 

--------------------------------
ITERATE-PAIRS-INTERNAL-ENDED
--------------------------------
=======================================================

Final MP2 Energies

=======================================================
    i    j      singlet      triplet        Total
=======================================================
    1    1  -2.38546e-02  0.00000e+00 -2.38546e-02
    2    1   0.00000e+00  0.00000e+00  0.00000e+00
    2    2  -2.98799e-02  0.00000e+00 -2.98799e-02
=======================================================
Final MP2 Energies (singlet): -5.37345e-02
Final MP2 Energies (triplet):  0.00000e+00
Final MP2 Energies (total)  : -5.37345e-02
=======================================================
-------------------------------------------
Total Reg Energy  =-5.37345e-02
Total F12 Energy  = 0.00000e+00
Sum Energies Total=-5.37345e-02
-------------------------------------------
Average | Max Rank: 2 | 4
                 time pno = 8.38874e+01
               energy mp2 = -5.37345e-02
     average pno rank mp2 = 2
         max pno rank mp2 = 4
--------------------------------------------------
            energy(total) = -1.56800e+01
--------------------------------------------------



Orthonormalization technique used: symmetric
No CABS used.
Tightening thresholds to +0.00010000 for post-processing
Overlap Matrix of all PNOs:
+1.00000155 +0.30233356 +0.00000000 +0.00000000 +0.16359380 +0.00000000 +0.00000000 -0.00000498 
+0.30233356 +1.00000504 -0.00000000 -0.00000000 -0.00001541 -0.00000000 +0.00000000 +0.11075111 
+0.00000000 -0.00000000 +1.00000000 -0.00000000 +0.00000000 -0.01883539 +0.07410440 -0.00000000 
+0.00000000 -0.00000000 -0.00000000 +1.00000000 -0.00000000 +0.07410440 +0.01883539 +0.00000000 
+0.16359380 -0.00001541 +0.00000000 -0.00000000 +1.00001823 +0.00000000 -0.00000000 +0.00815945 
+0.00000000 -0.00000000 -0.01883539 +0.07410440 +0.00000000 +1.00000000 +0.00000000 +0.00000000 
+0.00000000 +0.00000000 +0.07410440 +0.01883539 -0.00000000 +0.00000000 +1.00000000 +0.00000000 
-0.00000498 +0.11075111 -0.00000000 +0.00000000 +0.00815945 +0.00000000 +0.00000000 +0.99999826 
Before cherry pick
rank is +0
all used occupation numbers:
[+0.04954246 +0.01004570 +0.00460179 +0.00460179 +0.00380611 +0.00364321 +0.00364321 +0.00332009 ]
corresponding to active pairs:
[(1,1) (0,0) (0,0) (0,0) (0,0) (1,1) (1,1) (1,1) ]
After cherry pick
all used occupation numbers:
[+0.04954246 +0.01004570 +0.00460179 +0.00460179 +0.00380611 +0.00364321 +0.00364321 +0.00332009 ]
corresponding to active pairs:
[(1,1) (0,0) (0,0) (0,0) (0,0) (1,1) (1,1) (1,1) ]
Overlap Matrix before symmetric
[+0,*]  +1.00000155  +0.30233356  +0.00000000  +0.00000000  +0.16359380  +0.00000000  +0.00000000  -0.00000498
[+1,*]  +0.30233356  +1.00000504  -0.00000000  -0.00000000  -0.00001541  -0.00000000  +0.00000000  +0.11075111
[+2,*]  +0.00000000  -0.00000000  +1.00000000  -0.00000000  +0.00000000  -0.01883539  +0.07410440  -0.00000000
[+3,*]  +0.00000000  -0.00000000  -0.00000000  +1.00000000  -0.00000000  +0.07410440  +0.01883539  +0.00000000
[+4,*]  +0.16359380  -0.00001541  +0.00000000  -0.00000000  +1.00001823  +0.00000000  -0.00000000  +0.00815945
[+5,*]  +0.00000000  -0.00000000  -0.01883539  +0.07410440  +0.00000000  +1.00000000  +0.00000000  +0.00000000
[+6,*]  +0.00000000  +0.00000000  +0.07410440  +0.01883539  -0.00000000  +0.00000000  +1.00000000  +0.00000000
[+7,*]  -0.00000498  +0.11075111  -0.00000000  +0.00000000  +0.00815945  +0.00000000  +0.00000000  +0.99999826
Overlap Matrix after symmetric
[+0,*]  +1.00000000  +0.00000000  -0.00000000  -0.00000000  -0.00000000  -0.00000000  -0.00000000  -0.00000000
[+1,*]  +0.00000000  +1.00000000  +0.00000000  +0.00000000  +0.00000000  +0.00000000  -0.00000000  +0.00000000
[+2,*]  -0.00000000  +0.00000000  +1.00000000  -0.00000000  +0.00000000  +0.00000000  +0.00000000  -0.00000000
[+3,*]  -0.00000000  +0.00000000  -0.00000000  +1.00000000  +0.00000000  +0.00000000  -0.00000000  -0.00000000
[+4,*]  -0.00000000  +0.00000000  +0.00000000  +0.00000000  +1.00000000  +0.00000000  +0.00000000  +0.00000000
[+5,*]  -0.00000000  +0.00000000  +0.00000000  +0.00000000  +0.00000000  +1.00000000  +0.00000000  -0.00000000
[+6,*]  -0.00000000  -0.00000000  +0.00000000  -0.00000000  +0.00000000  +0.00000000  +1.00000000  +0.00000000
[+7,*]  -0.00000000  +0.00000000  -0.00000000  -0.00000000  +0.00000000  -0.00000000  +0.00000000  +1.00000000
Adding 3 HF orbitals
Size before adding CABS: 11.
Size after adding CABS: 11.
Compute G and F Tensor:
Assemble g,f using symmetries...
non zero elements:
 g : +24699
 h : +61
Overlap over whole basis
[+0,*]  +1.00000000  +0.00000027  -0.00000040  -0.00000597  -0.00000741  +0.00000000  +0.00000000  +0.00003846  -0.00000000  +0.00000000  +0.00002666
[+1,*]  +0.00000027  +1.00000000  -0.00000019  -0.00000132  -0.00000164  -0.00000000  +0.00000000  +0.00000848  -0.00000000  +0.00000000  +0.00000584
[+2,*]  -0.00000040  -0.00000019  +1.00000000  +0.00000055  +0.00000064  -0.00000000  -0.00000000  -0.00000345  +0.00000000  -0.00000000  -0.00000260
[+3,*]  -0.00000597  -0.00000132  +0.00000055  +1.00000000  +0.00000000  -0.00000000  -0.00000000  -0.00000000  -0.00000000  -0.00000000  -0.00000000
[+4,*]  -0.00000741  -0.00000164  +0.00000064  +0.00000000  +1.00000000  +0.00000000  +0.00000000  +0.00000000  +0.00000000  +0.00000000  +0.00000000
[+5,*]  +0.00000000  -0.00000000  -0.00000000  -0.00000000  +0.00000000  +1.00000000  -0.00000000  -0.00000000  +0.00000000  +0.00000000  -0.00000000
[+6,*]  +0.00000000  +0.00000000  -0.00000000  -0.00000000  +0.00000000  -0.00000000  +1.00000000  +0.00000000  +0.00000000  -0.00000000  -0.00000000
[+7,*]  +0.00003846  +0.00000848  -0.00000345  -0.00000000  +0.00000000  -0.00000000  +0.00000000  +1.00000000  +0.00000000  -0.00000000  +0.00000000
[+8,*]  -0.00000000  -0.00000000  +0.00000000  -0.00000000  +0.00000000  +0.00000000  +0.00000000  +0.00000000  +1.00000000  -0.00000000  -0.00000000
[+9,*]  +0.00000000  +0.00000000  -0.00000000  -0.00000000  +0.00000000  +0.00000000  -0.00000000  -0.00000000  -0.00000000  +1.00000000  -0.00000000
[+10,*]  +0.00002666  +0.00000584  -0.00000260  -0.00000000  +0.00000000  -0.00000000  -0.00000000  +0.00000000  -0.00000000  -0.00000000  +1.00000000

||S-1||=+0.00006944
finished at time 319.1

    Parallel environment
    --------------------
                  #nodes    1
       #threads per node    11+main = 12
          #total threads    12

  RMI message statistics (min / avg / max)
  ----------------------
   #messages in server q    0.00e+00 / 0.00e+00 / 0.00e+00
 #messages sent per node    0.00e+00 / 0.00e+00 / 0.00e+00
    #bytes sent per node    0.00e+00 / 0.00e+00 / 0.00e+00
 #messages recv per node    0.00e+00 / 0.00e+00 / 0.00e+00
    #bytes recv per node    0.00e+00 / 0.00e+00 / 0.00e+00
        #msgs systemwide    0.00e+00
       #bytes systemwide    0.00e+00

  Thread pool statistics (min / avg / max)
  ----------------------
         #tasks per node    1.93e+07 / 1.93e+07 / 1.93e+07
     #max q len per node    1.38e+04 / 1.38e+04 / 1.38e+04
  #hi-pri tasks per node    5.39e+06 / 5.39e+06 / 5.39e+06

         Total wall time    319.1s
         Total  cpu time    319.1s

