MADNESS runtime initialized with 11 threads in the pool and affinity -1 -1 -1
starting at time 0.0

--------------------------------------------
   MADNESS 0.10.1 multiresolution suite
--------------------------------------------

   number of processors ... 1
    processor frequency ... 3.695858e+09
            host system ... Linux
          configured by ... kottmann
          configured on ... wittgenstein
          configured at ... 2021-02-10T21:25:26
                    CXX ... /usr/bin/c++
               CXXFLAGS ... -O3 -DNDEBUG -I/h/28/kottmann/install/numcpp/include/ -I/h/28/kottmann/install/boost/boost_1_72_0/include/ -std=c++1z
             tuning for ... default
                    MPI ... multiple
 multi-threaded runtime ... MADNESS ThreadPool
                   BLAS ... Intel MKL 16435 16435 MFLOP/s
               compiled ... 13:08:26  on  Feb 23 2021


-------------------------------------------------------------------------------------
SOLVING MRA-PNO-F12 as described in 
J.S. Kottmann, F.A. Bischoff, E.F. Valeev
Direct determination of optimal pair-natural orbitals in a real-space representation:
the second-order Møller-Plesset energy
Journal of Chemical Physics ... 2020
-------------------------------------------------------------------------------------


This script will run PNO-MP2 and print out tensors in binary
Call as: pno_integrals inputfileinput is input
ignoring unknown parameter in input file:  ncf

Angstrom being used to read input coordinates (1 Bohr = 1.88972613 Angstrom)


Asymptotic correction parameters
---------------------------------------
Atom vector is not empty: false
Using multipole approximation: false
Number of electrons = -1
Ionisation energy = 0.000000e+00
E(HOMO) = 0.000000e+00
R1 = 3.000000e+00
R2 = 4.000000e+00
DFT coefficient = 0.000000e+00
Interpolation scheme = linear
constructed symmetry operator for point group C1
dft
              charge  0.0000e+00 # defined   total molecular charge
                  xc  hf         # defined   XC input line
               smear  0.0000e+00 # default   smearing parameter
               econv  1.0000e-04 # defined   energy convergence
               dconv  5.0000e-04 # defined   density convergence
convergence_criteria  [bsh_residual, total_energy] # default   possible values are: bsh_residual, total_energy, each_energy, density
                   k  7          # defined   polynomial order
                   l  5.2205e+01 # derived   user coordinates box size
               deriv  abgv       # default   derivative method                            [abgv, bspline, ble]
           dft_deriv  abgv       # default   derivative method for gga potentials         [abgv, bspline, ble]
             maxrotn  2.5000e-01 # default   step restriction used in autoshift algorithm
             nvalpha  0          # default   number of alpha virtuals to compute
              nvbeta  0          # default   number of beta virtuals to compute
               nopen  0          # default   number of unpaired electrons = nalpha-nbeta
             maxiter  25         # default   maximum number of iterations
                 nio  1          # default   no. of io servers to use
     spin_restricted  true       # default   true if spin restricted
              plotlo  0          # default   range of MOs to print (for both spins if polarized
              plothi  -1         # default   range of MOs to print (for both spins if polarized
            plotdens  false      # default   If true print the density at convergence
            plotcoul  false      # default   If true plot the total coulomb potential at convergence
            localize  boys       # defined   localization method                          [pm, boys, new, canon]
          pointgroup  c1         # derived   use point (sub) group symmetry if not localized[c1, c2, ci, cs, c2v, c2h, d2, d2h]
             restart  false      # default   if true restart from orbitals on disk
           restartao  false      # default   if true restart from orbitals projected into AO basis (STO3G) on disk
          no_compute  false      # default   if true use orbitals on disk, set value to computed
           no_orient  false      # default   if true the molecule coordinates will not be reoriented
                save  true       # default   if true save orbitals to disk
              maxsub  10         # default   size of iterative subspace ... set to 0 or 1 to disable
        orbitalshift  0.0000e+00 # default   scf orbital shift: shift the occ orbitals to lower energies
            npt_plot  101        # default   no. of points to use in each dim for plots
           plot_cell  []         # default   lo hi in each dimension for plotting (default is all space)
             aobasis  6-31g      # derived   AO basis used for initial guess (6-31g or sto-3g)
           core_type  none       # default   core potential type                          [none, mpc]
         derivatives  false      # default   if true calculate nuclear derivatives
              dipole  false      # default   if true calculate dipole moment
      conv_only_dens  false      # default   if true remove bsh_residual from convergence criteria (deprecated)
            psp_calc  false      # default   pseudopotential calculation for all atoms
 print_dipole_matels  false      # default   if true output dipole matrix elements
            pcm_data  none       # default   do a PCM (solvent) calculation
             ac_data  none       # default   do a calculation with asymptotic correction (see ACParameters class in chem/AC.h for details)
             pure_ae  true       # default   pure all electron calculation with no pseudo-atoms
         print_level  3          # default   0: no output; 1: final energy; 2: iterations; 3: timings; 10: debug
              nalpha  3          # derived   number of alpha spin electrons
               nbeta  3          # derived   number of beta  spin electrons
           nmo_alpha  3          # derived   number of alpha spin molecular orbitals
            nmo_beta  3          # derived   number of beta spin molecular orbitals
                  lo  9.0905e-04 # derived   smallest length scale we need to resolve
            protocol  [1.0000e-04, 1.0000e-06] # derived   calculation protocol
                gopt  false      # default   geometry optimizer
                gtol  1.0000e-04 # default   geometry tolerance
               gtest  false      # default   geometry tolerance
                gval  1.0000e-05 # default   value precision
               gprec  1.0000e-04 # default   gradient precision
            gmaxiter  20         # default   optimization maxiter
    ginitial_hessian  false      # default   compute inital hessian for optimization
              algopt  bfgs       # default   algorithm used for optimization              [bfgs, cg]
            tdksprop  false      # default   time-dependent Kohn-Sham equation propagate
           nv_factor  1          # default   factor to multiply number of virtual orbitals with when automatically decreasing nvirt
           vnucextra  2          # default   load balance parameter for nuclear pot
        loadbalparts  2          # default   ??
            response  false      # default   response function calculation
       response_freq  0.0000e+00 # default   frequency for calculation response function
       response_axis  [1, 1, 1]  # default   response axis
           nonrotate  false      # default   if true do not molcule orient (redundant with no_orient
               rconv  1.0000e-06 # default   Response convergence
              efield  0.0000e+00 # default   eps for finite field
         efield_axis  0          # default   finite field axis                            [0, 1, 2]
              nwfile  none       # default   Base name of nwchem output files (.out and .movecs extensions) to read from
                 ncf  (none,1.0000e+00) # defined   nuclear correlation factor
             hessian  false      # default   compute the hessian matrix
           read_cphf  false      # default   read the converged orbital response for nuclear displacements from file
        restart_cphf  false      # default   read the guess orbital response for nuclear displacements from file
      purify_hessian  false      # default   symmetrize the hessian matrix based on atomic charges

end
              charge  0.0000e+00 # defined   total molecular charge
                  xc  hf         # defined   XC input line
               smear  0.0000e+00 # default   smearing parameter
               econv  1.0000e-04 # defined   energy convergence
               dconv  5.0000e-04 # defined   density convergence
convergence_criteria  [bsh_residual, total_energy] # default   possible values are: bsh_residual, total_energy, each_energy, density
                   k  7          # defined   polynomial order
                   l  5.2205e+01 # derived   user coordinates box size
               deriv  abgv       # default   derivative method                            [abgv, bspline, ble]
           dft_deriv  abgv       # default   derivative method for gga potentials         [abgv, bspline, ble]
             maxrotn  2.5000e-01 # default   step restriction used in autoshift algorithm
             nvalpha  0          # default   number of alpha virtuals to compute
              nvbeta  0          # default   number of beta virtuals to compute
               nopen  0          # default   number of unpaired electrons = nalpha-nbeta
             maxiter  25         # default   maximum number of iterations
                 nio  1          # default   no. of io servers to use
     spin_restricted  true       # default   true if spin restricted
              plotlo  0          # default   range of MOs to print (for both spins if polarized
              plothi  -1         # default   range of MOs to print (for both spins if polarized
            plotdens  false      # default   If true print the density at convergence
            plotcoul  false      # default   If true plot the total coulomb potential at convergence
            localize  boys       # defined   localization method                          [pm, boys, new, canon]
          pointgroup  c1         # derived   use point (sub) group symmetry if not localized[c1, c2, ci, cs, c2v, c2h, d2, d2h]
             restart  false      # default   if true restart from orbitals on disk
           restartao  false      # default   if true restart from orbitals projected into AO basis (STO3G) on disk
          no_compute  false      # default   if true use orbitals on disk, set value to computed
           no_orient  false      # default   if true the molecule coordinates will not be reoriented
                save  true       # default   if true save orbitals to disk
              maxsub  10         # default   size of iterative subspace ... set to 0 or 1 to disable
        orbitalshift  0.0000e+00 # default   scf orbital shift: shift the occ orbitals to lower energies
            npt_plot  101        # default   no. of points to use in each dim for plots
           plot_cell  []         # default   lo hi in each dimension for plotting (default is all space)
             aobasis  6-31g      # derived   AO basis used for initial guess (6-31g or sto-3g)
           core_type  none       # default   core potential type                          [none, mpc]
         derivatives  false      # default   if true calculate nuclear derivatives
              dipole  false      # default   if true calculate dipole moment
      conv_only_dens  false      # default   if true remove bsh_residual from convergence criteria (deprecated)
            psp_calc  false      # default   pseudopotential calculation for all atoms
 print_dipole_matels  false      # default   if true output dipole matrix elements
            pcm_data  none       # default   do a PCM (solvent) calculation
             ac_data  none       # default   do a calculation with asymptotic correction (see ACParameters class in chem/AC.h for details)
             pure_ae  true       # default   pure all electron calculation with no pseudo-atoms
         print_level  3          # default   0: no output; 1: final energy; 2: iterations; 3: timings; 10: debug
              nalpha  3          # derived   number of alpha spin electrons
               nbeta  3          # derived   number of beta  spin electrons
           nmo_alpha  3          # derived   number of alpha spin molecular orbitals
            nmo_beta  3          # derived   number of beta spin molecular orbitals
                  lo  9.0905e-04 # derived   smallest length scale we need to resolve
            protocol  [1.0000e-04, 1.0000e-06] # derived   calculation protocol
                gopt  false      # default   geometry optimizer
                gtol  1.0000e-04 # default   geometry tolerance
               gtest  false      # default   geometry tolerance
                gval  1.0000e-05 # default   value precision
               gprec  1.0000e-04 # default   gradient precision
            gmaxiter  20         # default   optimization maxiter
    ginitial_hessian  false      # default   compute inital hessian for optimization
              algopt  bfgs       # default   algorithm used for optimization              [bfgs, cg]
            tdksprop  false      # default   time-dependent Kohn-Sham equation propagate
           nv_factor  1          # default   factor to multiply number of virtual orbitals with when automatically decreasing nvirt
           vnucextra  2          # default   load balance parameter for nuclear pot
        loadbalparts  2          # default   ??
            response  false      # default   response function calculation
       response_freq  0.0000e+00 # default   frequency for calculation response function
       response_axis  [1, 1, 1]  # default   response axis
           nonrotate  false      # default   if true do not molcule orient (redundant with no_orient
               rconv  1.0000e-06 # default   Response convergence
              efield  0.0000e+00 # default   eps for finite field
         efield_axis  0          # default   finite field axis                            [0, 1, 2]
              nwfile  none       # default   Base name of nwchem output files (.out and .movecs extensions) to read from



 geometry
   eprec 1.0e-06
   units atomic
   Be            0.00000000           0.00000000           0.06299087
   H             0.00000000           0.00000000           1.95271700
   H             0.00000000           0.00000000          -2.20468049
 end

Solving NDIM= 3  with thresh 1.000000e-04     k 7    conv 5.000000e-04 

timer:     Project vnuclear     0.62s     0.62s
constructed nuclear correlation factor of the form
    R   =  1.000000e+00
with eprec  1.000000e-06
which means it's (nearly) a conventional calculation

timer:        reproject ncf     1.68s     1.68s
timer:        guess density     0.51s     0.51s
timer:   guess Coulomb potn     0.45s     0.45s
timer:       guess lda potn     0.29s     0.29s
timer:        guess overlap     0.05s     0.05s
timer:    KEmat reconstruct     0.05s     0.05s
timer:  KEmat differentiate     0.30s     0.30s
timer:       KEmat compress     0.10s     0.10s
timer: KEmat inner products     0.28s     0.28s
timer:     guess Kinet potn     0.74s     0.74s
timer:           guess fock     0.48s     0.48s
timer:      guess eigen sol     0.03s     0.03s
timer: guess orbital groupi     0.12s     0.12s

starting protocol at time      7.0s 
precision steps  1.000000e-04  -->  1.000000e-04
protocol: thresh 1.000000e-04 econv  1.000000e-04 dconv 5.000000e-04

ending protocol at time      7.0s 

Solving NDIM= 3  with thresh 1.000000e-04     k 7    conv 5.000000e-04 

timer:        Boys localize     0.90s     0.90s
orbital irreps []
timer:      reconstruct psi     0.17s     0.17s
timer:        compute Jnemo     0.69s     0.69s
timer:        compute Knemo     1.99s     1.99s
timer: compute Unemo 0.0145     0.29s     0.29s

  nuclear and kinetic     -28.57223877
         kinetic only      16.51952088
              coulomb      12.39364499
             exchange      -3.62475751
    nuclear-repulsion       4.12116796
   regularized energy     -15.68218333
  buggy if hybrid functionals are used..
timer:       compute energy     3.44s     3.44s
Norm of vector changes ab spin case : rms 5.096555e-02    max 6.497005e-02
convergence: bshresidual, energy change, max energy change, density change 5.6e-02 1.6e+01 1.6e+01 1.5e+00
finished iteration  0 at time     19.4s with energy  -15.68218333
timer:        Boys localize     0.99s     0.99s
orbital irreps []
timer:      reconstruct psi     0.12s     0.12s
timer:        compute Jnemo     0.62s     0.62s
timer:        compute Knemo     2.10s     2.10s
timer: compute Unemo 0.0144     0.23s     0.23s

  nuclear and kinetic     -28.44491088
         kinetic only      16.30087760
              coulomb      12.18627452
             exchange      -3.57485660
    nuclear-repulsion       4.12116796
   regularized energy     -15.71232500
  buggy if hybrid functionals are used..
timer:       compute energy     3.36s     3.36s
Norm of vector changes ab spin case : rms 1.344638e-02    max 1.634955e-02
convergence: bshresidual, energy change, max energy change, density change 1.1e-02 3.0e-02 2.2e-01 6.6e-03
finished iteration  1 at time     31.8s with energy  -15.71232500
timer:        Boys localize     1.10s     1.10s
orbital irreps []
timer:      reconstruct psi     0.14s     0.14s
timer:        compute Jnemo     0.67s     0.67s
timer:        compute Knemo     2.07s     2.07s
timer: compute Unemo 0.0144     0.21s     0.21s

  nuclear and kinetic     -28.41393854
         kinetic only      16.24706076
              coulomb      12.14073503
             exchange      -3.56216927
    nuclear-repulsion       4.12116796
   regularized energy     -15.71420482
  buggy if hybrid functionals are used..
timer:       compute energy     3.45s     3.45s
Norm of vector changes ab spin case : rms 2.199987e-03    max 2.806645e-03
convergence: bshresidual, energy change, max energy change, density change 1.7e-03 1.9e-03 5.4e-02 1.3e-03
finished iteration  2 at time     45.0s with energy  -15.71420482
timer:        Boys localize     0.99s     0.99s
orbital irreps []
timer:      reconstruct psi     0.15s     0.15s
timer:        compute Jnemo     0.70s     0.70s
timer:        compute Knemo     2.08s     2.08s
timer: compute Unemo 0.0144     0.25s     0.25s

  nuclear and kinetic     -28.41248773
         kinetic only      16.24063631
              coulomb      12.13734829
             exchange      -3.56029898
    nuclear-repulsion       4.12116796
   regularized energy     -15.71427046
  buggy if hybrid functionals are used..
timer:       compute energy     3.48s     3.48s
Norm of vector changes ab spin case : rms 5.548695e-04    max 8.491186e-04
convergence: bshresidual, energy change, max energy change, density change 4.3e-04 6.6e-05 6.4e-03 3.2e-04
finished iteration  3 at time     58.6s with energy  -15.71427046

Iterations converged


ending protocol at time     58.6s 

 Dipole Moment (a.u.)
 -----------

     x:  -5.320248e-14
     y:  -2.507425e-14
     z:  1.008072e-01
 Total Dipole Moment:  1.008072e-01 

timer:               dipole     0.07s     0.07s
Nemo Orbital Energies: [*]  -4.61521598  -0.52826806  -0.48571052

nemo energy:  -1.571427e+01
 at time 59.1
PNO Integrals evaluated as:
pnoint
       rank_increase  15         # default   maximum rank to increase in every macroiteration
               chunk  100        # default   chunk of functions operated on in parallel when G or K is applied (prevent memory shortage)
               debug  false      # default   debug mode
              freeze  1          # derived   frozen core approximation
             maxrank  3          # defined   maximal pno rank for all pairs
           guesstype  exop       # derived   the guesstype: exop (recommended, multiply polynomial excitation operators onto the occupied orbitals), empty (don't compute a guess), scf (use the ao basis from the SCF solver), partial_wave (create s,p,d ..., type functions and place on atoms), predefined (same as partial_wave but for predefined sets)
                exop  multipole  # derived   this string defines which excitation operators can be used, use 'dipole', 'dipole+', 'quadrupole', 'ocopole', or 'multipole', need to set guesstype to 'exop' which is the default
          exop_trigo  true       # default   use trigonometric excitation operators ( x --> sin(x)
        partial_wave             # default   atom centered partial wave guess of format like 'h-2s1p-o-3s2p1d', need to set guesstype to 'partial_wave' and adaptive_solver to 'none'
          predefined             # default   predefined partial wave guesses of type pvxz with x=d,t,q,5,6, need to set guesstype to 'predefined' and adaptive_solver to 'none'
           maxiter_t  100        # default   maximal number of iterations in the amplitude solver
       maxiter_micro  10         # default   Maximum of iterations for every cycle in the adaptive solver
       maxiter_macro  10         # default   Maximum of iterations of cycles in the adaptive solver
                tpno  1.0000e-08 # default   PNO cutoff threshold
          tpno_tight  1.0000e-10 # derived   PNO cutoff for the first iteration
    canonicalize_pno  true       # default   canonicalize the pnos before the amplitude solver
              thresh  1.0000e-04 # defined   MRA threshold
         econv_micro  1.0000e-04 # derived   Energy convergence for microiterations (Greens function based optimization) in adaptive solver
         econv_pairs  1.0000e-05 # derived   ENergy convergence for individual pairs in adaptive solver. Converged pairs are frozen automatically
         econv_macro  1.0000e-04 # derived   Energy convergence for macroiterations in adaptive solver, no effect if adaptive_solver is deactivated
               dconv  1.0000e-01 # default   convergence of every PNO in the Green's function solver
           op_thresh  1.0000e-06 # default   MRA operator thresh
             restart  none       # derived   restart pairs of this type, use 'mp2', 'cispd', 'all' or 'none'
          no_compute  none       # default   do not compute the pairs of this type, use 'mp2', 'cispd', 'all' or 'none'
              no_opt  none       # default   do not optimize the pnos of this type, use 'mp2', 'cispd', 'all' or 'none'
            no_guess  none       # derived   guess for this type will be empty, use 'mp2', 'cispd', 'all' or 'none'
     adaptive_solver  all        # default   Use adaptive solver for those pairs, use 'mp2', 'cispd', 'all' or 'none', works only in combination with guesstype 'exop'
                kain  true       # default   use KAIN solver in amplitude solver
       kain_subspace  5          # default   subspace size of the KAIN solver (amplitudes)
                 f12  false      # defined   use explicit correlation
        cispd_number  -1         # default   CIS(D) excitation numbers, to read in correct functions
        cispd_energy  0.0000e+00 # default   CIS energy
        freeze_pairs  none       # default   frozen pairs will not be optimized: Expected format 'a b c d' will freeze pairs ab and cd
freeze_pairs_of_orbital  []         # default    All pairs which originate from this orbital will not be optimized
active_pairs_of_orbital  []         # default    All pairs which originate from this orbital will not be frozen all other pairs will, if this vector is not empty
no_opt_in_first_iteration  false      # default   Do not optimize in the first iteration (then the potentials do not have to be evaluated, use this for large guesses)
            exchange  full       # default   approximate exchange with 'neglect' or xc functional -> same syntax as moldft
           save_pnos  true       # default   Save the OBS-PNOs to a file, before and after orthonormalization.
            diagonal  true       # defined   Compute only diagonal PNOs
              orthog  symmetric  # defined   orthogonalization method for PNO basis, also current default for a potential CABS. options: symmetric, canonical, cholesky, rr_cholesky,
         orthog_cabs  default    # default   orthogonalization method for CABS basis. options: symmetric, canonical, cholesky, rr_cholesky, uses same as orbitals basis if default.
               n_pno  6          # defined   desired size of PNO-basis (orbital space)
         cabs_option  none       # default   type of complementary auxiliary basis to be used. can be none ~ no CABS, gbs ~ Gaussian basis set as CABS, requires input via auxbas_file, pno ~ use superfluous PNOs as CABS, mixed ~ gbs&pno-option
       pno_cabs_size  -1         # default   size of a potential pno-cabs. defaults to -1 ~ all remaining PNOs, if pno-cabs or mixed-cabs
           only_diag  false      # default   use only diagonal elements PNOs
         cherry_pick  []         # default   cherry pick option to choose particular set of PNOs, not just blindly by occupation number. can be useful, if only a restricted number of PNOs can be used, to avoid separating degenerate pairs. can be envoked by passing a vector via [ elem1, elem2, ... ]
               gamma  1.4000e+00 # default   The f12 length scale, here to be used to compute f12-integrals
         cabs_thresh  1.0000e-04 # derived    thresh for cabs part
              auxbas  none       # default   atom centered partial wave guess of format like 'h-2s1p-o-3s2p1d'
         auxbas_file  none       # default   Use external comp. aux. basis in addition to the pnos as auxbasis. Give the filename as parameter. Give the auxbas in turbomole format. Don't use contractions. If a file is specified the auxbas parameter has no effect
   print_pno_overlap  true       # default   Print overlap matrix at certain steps in computation, for debugging purposes.
              n_virt  0          # defined   Compute this number of virtuals and include them in the integral construction, experimental and not robust!.
      hardcore_boson  false      # default   compute only integrals for hardcore boson hamiltonian (restricted to double occupations)

end
F12 Operators initialized right
timer:                    Testing F12 Operators     0.85s     0.85s 
timer:  Initializing (active) Exchange Orbitals     2.07s     2.07s 
Size of active mos and their exchange potentials:
K(acmos)=2.984881e-03 Gbyte
acmos   =2.402216e-03 Gbyte
PNO Parameters
pno
       rank_increase  15         # default   maximum rank to increase in every macroiteration
               chunk  100        # default   chunk of functions operated on in parallel when G or K is applied (prevent memory shortage)
               debug  false      # default   debug mode
              freeze  1          # derived   frozen core approximation
             maxrank  3          # defined   maximal pno rank for all pairs
           guesstype  exop       # derived   the guesstype: exop (recommended, multiply polynomial excitation operators onto the occupied orbitals), empty (don't compute a guess), scf (use the ao basis from the SCF solver), partial_wave (create s,p,d ..., type functions and place on atoms), predefined (same as partial_wave but for predefined sets)
                exop  multipole  # derived   this string defines which excitation operators can be used, use 'dipole', 'dipole+', 'quadrupole', 'ocopole', or 'multipole', need to set guesstype to 'exop' which is the default
          exop_trigo  true       # default   use trigonometric excitation operators ( x --> sin(x)
        partial_wave             # default   atom centered partial wave guess of format like 'h-2s1p-o-3s2p1d', need to set guesstype to 'partial_wave' and adaptive_solver to 'none'
          predefined             # default   predefined partial wave guesses of type pvxz with x=d,t,q,5,6, need to set guesstype to 'predefined' and adaptive_solver to 'none'
           maxiter_t  100        # default   maximal number of iterations in the amplitude solver
       maxiter_micro  10         # default   Maximum of iterations for every cycle in the adaptive solver
       maxiter_macro  10         # default   Maximum of iterations of cycles in the adaptive solver
                tpno  1.0000e-08 # default   PNO cutoff threshold
          tpno_tight  1.0000e-10 # derived   PNO cutoff for the first iteration
    canonicalize_pno  true       # default   canonicalize the pnos before the amplitude solver
              thresh  1.0000e-04 # defined   MRA threshold
         econv_micro  1.0000e-04 # derived   Energy convergence for microiterations (Greens function based optimization) in adaptive solver
         econv_pairs  1.0000e-05 # derived   ENergy convergence for individual pairs in adaptive solver. Converged pairs are frozen automatically
         econv_macro  1.0000e-04 # derived   Energy convergence for macroiterations in adaptive solver, no effect if adaptive_solver is deactivated
               dconv  1.0000e-01 # default   convergence of every PNO in the Green's function solver
           op_thresh  1.0000e-06 # default   MRA operator thresh
             restart  none       # derived   restart pairs of this type, use 'mp2', 'cispd', 'all' or 'none'
          no_compute  none       # default   do not compute the pairs of this type, use 'mp2', 'cispd', 'all' or 'none'
              no_opt  none       # default   do not optimize the pnos of this type, use 'mp2', 'cispd', 'all' or 'none'
            no_guess  none       # derived   guess for this type will be empty, use 'mp2', 'cispd', 'all' or 'none'
     adaptive_solver  all        # default   Use adaptive solver for those pairs, use 'mp2', 'cispd', 'all' or 'none', works only in combination with guesstype 'exop'
                kain  true       # default   use KAIN solver in amplitude solver
       kain_subspace  5          # default   subspace size of the KAIN solver (amplitudes)
                 f12  false      # defined   use explicit correlation
        cispd_number  -1         # default   CIS(D) excitation numbers, to read in correct functions
        cispd_energy  0.0000e+00 # default   CIS energy
        freeze_pairs  none       # default   frozen pairs will not be optimized: Expected format 'a b c d' will freeze pairs ab and cd
freeze_pairs_of_orbital  []         # default    All pairs which originate from this orbital will not be optimized
active_pairs_of_orbital  []         # default    All pairs which originate from this orbital will not be frozen all other pairs will, if this vector is not empty
no_opt_in_first_iteration  false      # default   Do not optimize in the first iteration (then the potentials do not have to be evaluated, use this for large guesses)
            exchange  full       # default   approximate exchange with 'neglect' or xc functional -> same syntax as moldft
           save_pnos  true       # default   Save the OBS-PNOs to a file, before and after orthonormalization.
            diagonal  true       # defined   Compute only diagonal PNOs

end

**********************
Solve PNO-MP2
*********************


**********************
Iterate Pairs
*********************


************************
Adaptive Solver
***********************

Initializing empty Pairs:
no guess was explicitly demanded for mp2

timer:                                     RRCD     0.00s     0.00s 
timer:                             MRA compress     0.00s     0.00s 
timer:                          Transform Pairs     0.00s     0.00s 
timer:          apply Q and orthonormalize PNOs     0.00s     0.00s 
Created Guess:
pair11 with 0 guess functions
pair21 with 0 guess functions
pair22 with 0 guess functions
guess pair11 size: 0.0000000000e+00 | 0.0000000000e+00 Gbyte (after truncation)
guess pair22 size: 0.0000000000e+00 | 0.0000000000e+00 Gbyte (after truncation)
timer:                           truncate guess     0.00s     0.00s 
timer:                         Initialize Pairs     0.00s     0.00s 
Keyword multipole is not known
Guess protocol for adaptively growing ranks is: [dipole+, quadrupole, big_fock_3, big_fock_3, big_fock_3, big_fock_3, big_fock_3, big_fock_3, big_fock_3, big_fock_3]


--------Adaptive Solver Macroiteration 0 from max 10 ----------

Growing ranks with exop=dipole+
Create guess functions by multiplying plane-waves to 1 functions 
Created 4 virtuals for pair11
pair21 is frozen: no growing
Create guess functions by multiplying plane-waves to 1 functions 
Created 4 virtuals for pair22
frozen pair: no orthonormalization
timer:                                     RRCD     0.06s     0.06s 
timer:                             MRA compress     0.00s     0.00s 
timer:                          Transform Pairs     0.17s     0.17s 
timer:                        grow PNO subspace     1.97s     1.97s 
SolveInternal: Parameters are assigned as
no_compute        = false
no_opt            = false
restart           = false
do_cispd          = false
econv             =1.0000000000e-04
maxrank (min,max) = (3,3)
Solving MP2 doubles
timer:          fock matrix     2.76s     2.76s
Information About All Pairs:
mp2_pair11           number=0 rank=  4 frozen=false
mp2_pair21           number=1 rank=  0 frozen=true
mp2_pair22           number=2 rank=  4 frozen=false
number of pairs=3
average rank   =2 (2.6666666667e+00)
largest rank   =4
PNOPairs Memory Information
Total: 0.0093226433 GB 
PNO  : 0.0093226433 GB 
KPNO : 0.0000000000 GB 
W    : 0.0000000000 GB 

timer:                                 truncate     0.07s     0.07s 
wall time=72.6959230900 chunk=8 allK.size()=8 memory=0.0098950863 GB
timer:                             compute KPNO     4.04s     4.04s 
wall time=72.8412060738 chunk=8 allJ.size()=8 memory=0.0103857517 GB
timer:                             compute JPNO     0.15s     0.15s 
timer:                    compute Fock matrices     1.36s     1.36s 
timer:                             MRA compress     0.00s     0.00s 
timer:                          Transform Pairs     0.24s     0.24s 
timer:                             Canonicalize     0.25s     0.25s 
PNOPairs Memory Information
Total: 0.0189723969 GB 
PNO  : 0.0090773106 GB 
KPNO : 0.0098950863 GB 
W    : 0.0000000000 GB 

timer:                                 truncate     0.04s     0.04s 
mp2_pair21 is frozen: potential not computed
timer:                   Fluctuation Potentials     2.20s     2.20s 
timer:                       Fluctuation Matrix     0.11s     0.11s 
PNOPairs Memory Information
Total: 0.0330381393 GB 
PNO  : 0.0090773106 GB 
KPNO : 0.0098950863 GB 
W    : 0.0140657425 GB 

PNOPairs Memory Information
Total: 0.0330381393 GB 
PNO  : 0.0090773106 GB 
KPNO : 0.0098950863 GB 
W    : 0.0140657425 GB 

timer:                                 truncate     0.07s     0.07s 
timer:                             PNO Overlaps     0.19s     0.19s 
t_iter =  0  Hylleraas energy =  0.0000000000  ||R||_F =  0.2106743873  conv =  no
subspace solution [*]   1.00000000

t_iter =  1  Hylleraas energy =  -0.0263083963  ||R||_F =  0.0000000213  conv =  yes
=======================================================

Hylleraas MP2 Energies

=======================================================
    i    j      singlet      triplet        Total
=======================================================
    1    1  -1.32142e-02  0.00000e+00 -1.32142e-02
    2    1   0.00000e+00  0.00000e+00  0.00000e+00
    2    2  -1.30942e-02  0.00000e+00 -1.30942e-02
=======================================================
Hylleraas MP2 Energies (singlet): -2.63084e-02
Hylleraas MP2 Energies (triplet):  0.00000e+00
Hylleraas MP2 Energies (total)  : -2.63084e-02
=======================================================
-------------------------------------------
Total Reg Energy  =-2.63084e-02
Total F12 Energy  = 0.00000e+00
Sum Energies Total=-2.63084e-02
-------------------------------------------
timer:                         Solve Amplitudes     0.00s     0.00s 
No optimization untill now: Compressing pno ranks with tighter threshold
1.00000e-10 instead of 1.00000e-08
pair11: density evals:
 [*]   0.00268657   0.00409939   0.00409939   0.00422638

pair11: # of PNOs reduced from  4  to  3  maxrank= 3
pair22: density evals:
 [*]   0.00362745   0.00415831   0.00415831   0.00437740

pair22: # of PNOs reduced from  4  to  3  maxrank= 3
timer:                            compress PNOs     0.00s     0.00s 
timer:                             MRA compress     0.00s     0.00s 
timer:                          Transform Pairs     0.23s     0.23s 
timer:                          PNO Compression     0.23s     0.23s 
Information About All Pairs:
mp2_pair11           number=0 rank=  3 frozen=false
mp2_pair21           number=1 rank=  0 frozen=true
mp2_pair22           number=2 rank=  3 frozen=false
number of pairs=3
average rank   =2 (2.00000e+00)
largest rank   =3
saving vector of functions mp2_pair11
saving vector of functions mp2_pair22
timer:                        save pnos on disc     0.11s     0.11s 
PNOPairs Memory Information
Total: 0.02314 GB 
PNO  : 0.00642 GB 
KPNO : 0.00666 GB 
W    : 0.01006 GB 

timer:                                 truncate     0.04s     0.04s 
timer:      compute densities for G application     0.00s     0.00s 
pair21 is frozen: no optimization
timer:                Prepare for G application     0.23s     0.23s 
timer:                                    add K     0.01s     0.01s 
size of all Vpsi potentials (without Vnuc and J) 0.00781 GB 
time=78.37785 chunk=6 Vpsi+Vnuc+J=0.02016 GB
time=78.40567 chunk=6 Vpsi+Vnuc+J=0.02008 GB (after truncation)
timer:                           Apply G to all     2.32s     2.32s 
timer:                       apply Q and update     0.00s     0.00s 
mp2_pair11 residual norms:
[0.38148, 0.38148, 0.46453]
mp2_pair11 scaled residual norms:
[0.02442, 0.02442, 0.03020]
mp2_pair22 residual norms:
[0.37846, 0.37846, 0.45808]
mp2_pair22 scaled residual norms:
[0.02440, 0.02440, 0.03031]
timer:                          update all PNOs     2.56s     2.56s 
frozen pair: no orthonormalization
timer:                                     RRCD     0.06s     0.06s 
timer:                             MRA compress     0.00s     0.00s 
timer:                          Transform Pairs     0.06s     0.06s 
saving vector of functions mp2_pair11
saving vector of functions mp2_pair22
timer:                        save pnos on disc     0.11s     0.11s 


No convergence yet. Energy change = 0.02631

timer:                        Whole Iteration 1    11.66s    11.66s 
Information About All Pairs:
mp2_pair11           number=0 rank=  3 frozen=false
mp2_pair21           number=1 rank=  0 frozen=true
mp2_pair22           number=2 rank=  3 frozen=false
number of pairs=3
average rank   =2 (2.00000)
largest rank   =3
PNOPairs Memory Information
Total: 0.00650 GB 
PNO  : 0.00650 GB 
KPNO : 0.00000 GB 
W    : 0.00000 GB 

timer:                                 truncate     0.02s     0.02s 
wall time=83.31525 chunk=6 allK.size()=6 memory=0.00691 GB
timer:                             compute KPNO     3.05s     3.05s 
wall time=83.42903 chunk=6 allJ.size()=6 memory=0.00756 GB
timer:                             compute JPNO     0.11s     0.11s 
timer:                    compute Fock matrices     1.10s     1.10s 
timer:                             MRA compress     0.00s     0.00s 
timer:                          Transform Pairs     0.17s     0.17s 
timer:                             Canonicalize     0.17s     0.17s 
PNOPairs Memory Information
Total: 0.01333 GB 
PNO  : 0.00642 GB 
KPNO : 0.00691 GB 
W    : 0.00000 GB 

timer:                                 truncate     0.03s     0.03s 
mp2_pair21 is frozen: potential not computed
timer:                   Fluctuation Potentials     1.77s     1.77s 
timer:                       Fluctuation Matrix     0.15s     0.15s 
PNOPairs Memory Information
Total: 0.02355 GB 
PNO  : 0.00642 GB 
KPNO : 0.00691 GB 
W    : 0.01022 GB 

PNOPairs Memory Information
Total: 0.02355 GB 
PNO  : 0.00642 GB 
KPNO : 0.00691 GB 
W    : 0.01022 GB 

timer:                                 truncate     0.03s     0.03s 
timer:                             PNO Overlaps     0.07s     0.07s 
t_iter =  0  Hylleraas energy =  0.00000  ||R||_F =  0.28103  conv =  no
subspace solution [*]   1.00000000

t_iter =  1  Hylleraas energy =  -0.03586  ||R||_F =  0.00000  conv =  yes
=======================================================

Hylleraas MP2 Energies

=======================================================
    i    j      singlet      triplet        Total
=======================================================
    1    1  -1.83412e-02  0.00000e+00 -1.83412e-02
    2    1   0.00000e+00  0.00000e+00  0.00000e+00
    2    2  -1.75165e-02  0.00000e+00 -1.75165e-02
=======================================================
Hylleraas MP2 Energies (singlet): -3.58577e-02
Hylleraas MP2 Energies (triplet):  0.00000e+00
Hylleraas MP2 Energies (total)  : -3.58577e-02
=======================================================
-------------------------------------------
Total Reg Energy  =-3.58577e-02
Total F12 Energy  = 0.00000e+00
Sum Energies Total=-3.58577e-02
-------------------------------------------
timer:                         Solve Amplitudes     0.00s     0.00s 
pair11: density evals:
 [*]   0.00504084   0.00504084   0.00601418

pair22: density evals:
 [*]   0.00502099   0.00502099   0.00648446

timer:                            compress PNOs     0.00s     0.00s 
timer:                             MRA compress     0.00s     0.00s 
timer:                          Transform Pairs     0.37s     0.37s 
timer:                          PNO Compression     0.37s     0.37s 
Information About All Pairs:
mp2_pair11           number=0 rank=  3 frozen=false
mp2_pair21           number=1 rank=  0 frozen=true
mp2_pair22           number=2 rank=  3 frozen=false
number of pairs=3
average rank   =2 (2.00000e+00)
largest rank   =3
saving vector of functions mp2_pair11
saving vector of functions mp2_pair22
timer:                        save pnos on disc     0.11s     0.11s 
PNOPairs Memory Information
Total: 0.02355 GB 
PNO  : 0.00642 GB 
KPNO : 0.00691 GB 
W    : 0.01022 GB 

timer:                                 truncate     0.04s     0.04s 
timer:      compute densities for G application     0.00s     0.00s 
pair21 is frozen: no optimization
timer:                Prepare for G application     0.28s     0.28s 
timer:                                    add K     0.03s     0.03s 
size of all Vpsi potentials (without Vnuc and J) 0.00928 GB 
time=88.16634 chunk=6 Vpsi+Vnuc+J=0.02057 GB
time=88.22089 chunk=6 Vpsi+Vnuc+J=0.01942 GB (after truncation)
timer:                           Apply G to all     2.26s     2.26s 
timer:                       apply Q and update     0.00s     0.00s 
mp2_pair11 residual norms:
[0.10393, 0.10393, 0.12731]
mp2_pair11 scaled residual norms:
[0.00738, 0.00738, 0.00987]
mp2_pair22 residual norms:
[0.10035, 0.10035, 0.12373]
mp2_pair22 scaled residual norms:
[0.00711, 0.00711, 0.00996]
timer:                          update all PNOs     2.57s     2.57s 
frozen pair: no orthonormalization
timer:                                     RRCD     0.09s     0.09s 
timer:                             MRA compress     0.00s     0.00s 
timer:                          Transform Pairs     0.08s     0.08s 
saving vector of functions mp2_pair11
saving vector of functions mp2_pair22
timer:                        save pnos on disc     0.11s     0.11s 


No convergence yet. Energy change = 0.00955

timer:                        Whole Iteration 2     9.91s     9.91s 
Information About All Pairs:
mp2_pair11           number=0 rank=  3 frozen=false
mp2_pair21           number=1 rank=  0 frozen=true
mp2_pair22           number=2 rank=  3 frozen=false
number of pairs=3
average rank   =2 (2.00000)
largest rank   =3
PNOPairs Memory Information
Total: 0.00666 GB 
PNO  : 0.00666 GB 
KPNO : 0.00000 GB 
W    : 0.00000 GB 

timer:                                 truncate     0.03s     0.03s 
wall time=93.43119 chunk=6 allK.size()=6 memory=0.00699 GB
timer:                             compute KPNO     3.25s     3.25s 
wall time=93.62100 chunk=6 allJ.size()=6 memory=0.00773 GB
timer:                             compute JPNO     0.19s     0.19s 
timer:                    compute Fock matrices     1.25s     1.25s 
timer:                             MRA compress     0.00s     0.00s 
timer:                          Transform Pairs     0.18s     0.18s 
timer:                             Canonicalize     0.18s     0.18s 
PNOPairs Memory Information
Total: 0.01366 GB 
PNO  : 0.00666 GB 
KPNO : 0.00699 GB 
W    : 0.00000 GB 

timer:                                 truncate     0.06s     0.06s 
mp2_pair21 is frozen: potential not computed
timer:                   Fluctuation Potentials     1.82s     1.82s 
timer:                       Fluctuation Matrix     0.10s     0.10s 
PNOPairs Memory Information
Total: 0.02404 GB 
PNO  : 0.00666 GB 
KPNO : 0.00699 GB 
W    : 0.01039 GB 

PNOPairs Memory Information
Total: 0.02404 GB 
PNO  : 0.00666 GB 
KPNO : 0.00699 GB 
W    : 0.01039 GB 

timer:                                 truncate     0.04s     0.04s 
timer:                             PNO Overlaps     0.09s     0.09s 
t_iter =  0  Hylleraas energy =  0.00000  ||R||_F =  0.30392  conv =  no
subspace solution [*]   1.00000000

t_iter =  1  Hylleraas energy =  -0.03772  ||R||_F =  0.00000  conv =  yes
=======================================================

Hylleraas MP2 Energies

=======================================================
    i    j      singlet      triplet        Total
=======================================================
    1    1  -1.93121e-02  0.00000e+00 -1.93121e-02
    2    1   0.00000e+00  0.00000e+00  0.00000e+00
    2    2  -1.84054e-02  0.00000e+00 -1.84054e-02
=======================================================
Hylleraas MP2 Energies (singlet): -3.77175e-02
Hylleraas MP2 Energies (triplet):  0.00000e+00
Hylleraas MP2 Energies (total)  : -3.77175e-02
=======================================================
-------------------------------------------
Total Reg Energy  =-3.77175e-02
Total F12 Energy  = 0.00000e+00
Sum Energies Total=-3.77175e-02
-------------------------------------------
timer:                         Solve Amplitudes     0.00s     0.00s 
pair11: density evals:
 [*]   0.00479917   0.00479917   0.00563589

pair22: density evals:
 [*]   0.00476662   0.00476662   0.00613295

timer:                            compress PNOs     0.00s     0.00s 
timer:                             MRA compress     0.00s     0.00s 
timer:                          Transform Pairs     0.31s     0.31s 
timer:                          PNO Compression     0.31s     0.31s 
Information About All Pairs:
mp2_pair11           number=0 rank=  3 frozen=false
mp2_pair21           number=1 rank=  0 frozen=true
mp2_pair22           number=2 rank=  3 frozen=false
number of pairs=3
average rank   =2 (2.00000e+00)
largest rank   =3
saving vector of functions mp2_pair11
saving vector of functions mp2_pair22
timer:                        save pnos on disc     0.12s     0.12s 
PNOPairs Memory Information
Total: 0.02396 GB 
PNO  : 0.00658 GB 
KPNO : 0.00699 GB 
W    : 0.01039 GB 

timer:                                 truncate     0.04s     0.04s 
timer:      compute densities for G application     0.00s     0.00s 
pair21 is frozen: no optimization
timer:                Prepare for G application     0.24s     0.24s 
timer:                                    add K     0.03s     0.03s 
size of all Vpsi potentials (without Vnuc and J) 0.00936 GB 
time=98.44780 chunk=6 Vpsi+Vnuc+J=0.02065 GB
time=98.49669 chunk=6 Vpsi+Vnuc+J=0.01967 GB (after truncation)
timer:                           Apply G to all     2.18s     2.18s 
timer:                       apply Q and update     0.00s     0.00s 
mp2_pair11 residual norms:
[0.03670, 0.03670, 0.05207]
mp2_pair11 scaled residual norms:
[0.00254, 0.00254, 0.00391]
mp2_pair22 residual norms:
[0.03460, 0.03460, 0.04712]
mp2_pair22 scaled residual norms:
[0.00239, 0.00239, 0.00369]
timer:                          update all PNOs     2.45s     2.45s 
frozen pair: no orthonormalization
timer:                                     RRCD     0.13s     0.13s 
timer:                             MRA compress     0.00s     0.00s 
timer:                          Transform Pairs     0.04s     0.04s 
saving vector of functions mp2_pair11
saving vector of functions mp2_pair22
timer:                        save pnos on disc     0.13s     0.13s 


No convergence yet. Energy change = 0.00186

timer:                        Whole Iteration 3    10.25s    10.25s 
Information About All Pairs:
mp2_pair11           number=0 rank=  3 frozen=false
mp2_pair21           number=1 rank=  0 frozen=true
mp2_pair22           number=2 rank=  3 frozen=false
number of pairs=3
average rank   =2 (2.00000)
largest rank   =3
PNOPairs Memory Information
Total: 0.00691 GB 
PNO  : 0.00691 GB 
KPNO : 0.00000 GB 
W    : 0.00000 GB 

timer:                                 truncate     0.04s     0.04s 
wall time=103.87068 chunk=6 allK.size()=6 memory=0.00699 GB
timer:                             compute KPNO     3.42s     3.42s 
wall time=104.03709 chunk=6 allJ.size()=6 memory=0.00789 GB
timer:                             compute JPNO     0.17s     0.17s 
timer:                    compute Fock matrices     1.12s     1.12s 
timer:                             MRA compress     0.00s     0.00s 
timer:                          Transform Pairs     0.24s     0.24s 
timer:                             Canonicalize     0.24s     0.24s 
PNOPairs Memory Information
Total: 0.01382 GB 
PNO  : 0.00683 GB 
KPNO : 0.00699 GB 
W    : 0.00000 GB 

timer:                                 truncate     0.04s     0.04s 
mp2_pair21 is frozen: potential not computed
timer:                   Fluctuation Potentials     1.92s     1.92s 
timer:                       Fluctuation Matrix     0.10s     0.10s 
PNOPairs Memory Information
Total: 0.02421 GB 
PNO  : 0.00683 GB 
KPNO : 0.00699 GB 
W    : 0.01039 GB 

PNOPairs Memory Information
Total: 0.02421 GB 
PNO  : 0.00683 GB 
KPNO : 0.00699 GB 
W    : 0.01039 GB 

timer:                                 truncate     0.06s     0.06s 
timer:                             PNO Overlaps     0.09s     0.09s 
t_iter =  0  Hylleraas energy =  0.00000  ||R||_F =  0.31146  conv =  no
subspace solution [*]   1.00000000

t_iter =  1  Hylleraas energy =  -0.03800  ||R||_F =  0.00000  conv =  yes
=======================================================

Hylleraas MP2 Energies

=======================================================
    i    j      singlet      triplet        Total
=======================================================
    1    1  -1.94692e-02  0.00000e+00 -1.94692e-02
    2    1   0.00000e+00  0.00000e+00  0.00000e+00
    2    2  -1.85317e-02  0.00000e+00 -1.85317e-02
=======================================================
Hylleraas MP2 Energies (singlet): -3.80009e-02
Hylleraas MP2 Energies (triplet):  0.00000e+00
Hylleraas MP2 Energies (total)  : -3.80009e-02
=======================================================
-------------------------------------------
Total Reg Energy  =-3.80009e-02
Total F12 Energy  = 0.00000e+00
Sum Energies Total=-3.80009e-02
-------------------------------------------
timer:                         Solve Amplitudes     0.00s     0.00s 
pair11: density evals:
 [*]   0.00465866   0.00465866   0.00541589

pair22: density evals:
 [*]   0.00462910   0.00462910   0.00589851

timer:                            compress PNOs     0.00s     0.00s 
timer:                             MRA compress     0.00s     0.00s 
timer:                          Transform Pairs     0.33s     0.33s 
timer:                          PNO Compression     0.33s     0.33s 
Information About All Pairs:
mp2_pair11           number=0 rank=  3 frozen=false
mp2_pair21           number=1 rank=  0 frozen=true
mp2_pair22           number=2 rank=  3 frozen=false
number of pairs=3
average rank   =2 (2.00000e+00)
largest rank   =3
saving vector of functions mp2_pair11
saving vector of functions mp2_pair22
timer:                        save pnos on disc     0.14s     0.14s 
PNOPairs Memory Information
Total: 0.02421 GB 
PNO  : 0.00683 GB 
KPNO : 0.00699 GB 
W    : 0.01039 GB 

timer:                                 truncate     0.05s     0.05s 
timer:      compute densities for G application     0.00s     0.00s 
pair21 is frozen: no optimization
timer:                Prepare for G application     0.31s     0.31s 
timer:                                    add K     0.04s     0.04s 
size of all Vpsi potentials (without Vnuc and J) 0.00936 GB 
time=109.01910 chunk=6 Vpsi+Vnuc+J=0.02098 GB
time=109.05360 chunk=6 Vpsi+Vnuc+J=0.01999 GB (after truncation)
timer:                           Apply G to all     2.14s     2.14s 
timer:                       apply Q and update     0.00s     0.00s 
mp2_pair11 residual norms:
[0.01367, 0.01367, 0.02939]
mp2_pair11 scaled residual norms:
[0.00093, 0.00093, 0.00216]
mp2_pair22 residual norms:
[0.01265, 0.01265, 0.01991]
mp2_pair22 scaled residual norms:
[0.00086, 0.00086, 0.00153]
timer:                          update all PNOs     2.50s     2.50s 
frozen pair: no orthonormalization
timer:                                     RRCD     0.09s     0.09s 
timer:                             MRA compress     0.00s     0.00s 
timer:                          Transform Pairs     0.05s     0.05s 
saving vector of functions mp2_pair11
saving vector of functions mp2_pair22
timer:                        save pnos on disc     0.14s     0.14s 


No convergence yet. Energy change = 0.00028

timer:                        Whole Iteration 4    10.51s    10.51s 
Information About All Pairs:
mp2_pair11           number=0 rank=  3 frozen=false
mp2_pair21           number=1 rank=  0 frozen=true
mp2_pair22           number=2 rank=  3 frozen=false
number of pairs=3
average rank   =2 (2.00000)
largest rank   =3
PNOPairs Memory Information
Total: 0.00691 GB 
PNO  : 0.00691 GB 
KPNO : 0.00000 GB 
W    : 0.00000 GB 

timer:                                 truncate     0.04s     0.04s 
wall time=114.50698 chunk=6 allK.size()=6 memory=0.00699 GB
timer:                             compute KPNO     3.54s     3.54s 
wall time=114.65702 chunk=6 allJ.size()=6 memory=0.00781 GB
timer:                             compute JPNO     0.15s     0.15s 
timer:                    compute Fock matrices     1.14s     1.14s 
timer:                             MRA compress     0.00s     0.00s 
timer:                          Transform Pairs     0.23s     0.23s 
timer:                             Canonicalize     0.23s     0.23s 
PNOPairs Memory Information
Total: 0.01382 GB 
PNO  : 0.00683 GB 
KPNO : 0.00699 GB 
W    : 0.00000 GB 

timer:                                 truncate     0.06s     0.06s 
mp2_pair21 is frozen: potential not computed
timer:                   Fluctuation Potentials     1.80s     1.80s 
timer:                       Fluctuation Matrix     0.12s     0.12s 
PNOPairs Memory Information
Total: 0.02421 GB 
PNO  : 0.00683 GB 
KPNO : 0.00699 GB 
W    : 0.01039 GB 

PNOPairs Memory Information
Total: 0.02421 GB 
PNO  : 0.00683 GB 
KPNO : 0.00699 GB 
W    : 0.01039 GB 

timer:                                 truncate     0.05s     0.05s 
timer:                             PNO Overlaps     0.09s     0.09s 
t_iter =  0  Hylleraas energy =  0.00000  ||R||_F =  0.31433  conv =  no
subspace solution [*]   1.00000000

t_iter =  1  Hylleraas energy =  -0.03806  ||R||_F =  0.00000  conv =  yes
=======================================================

Hylleraas MP2 Energies

=======================================================
    i    j      singlet      triplet        Total
=======================================================
    1    1  -1.95104e-02  0.00000e+00 -1.95104e-02
    2    1   0.00000e+00  0.00000e+00  0.00000e+00
    2    2  -1.85524e-02  0.00000e+00 -1.85524e-02
=======================================================
Hylleraas MP2 Energies (singlet): -3.80627e-02
Hylleraas MP2 Energies (triplet):  0.00000e+00
Hylleraas MP2 Energies (total)  : -3.80627e-02
=======================================================
-------------------------------------------
Total Reg Energy  =-3.80627e-02
Total F12 Energy  = 0.00000e+00
Sum Energies Total=-3.80627e-02
-------------------------------------------
timer:                         Solve Amplitudes     0.00s     0.00s 
pair11: density evals:
 [*]   0.00459798   0.00459798   0.00532209

pair22: density evals:
 [*]   0.00457162   0.00457162   0.00579297

timer:                            compress PNOs     0.00s     0.00s 
timer:                             MRA compress     0.00s     0.00s 
timer:                          Transform Pairs     0.29s     0.29s 
timer:                          PNO Compression     0.30s     0.30s 
Information About All Pairs:
mp2_pair11           number=0 rank=  3 frozen=false
mp2_pair21           number=1 rank=  0 frozen=true
mp2_pair22           number=2 rank=  3 frozen=false
number of pairs=3
average rank   =2 (2.00000e+00)
largest rank   =3
saving vector of functions mp2_pair11
saving vector of functions mp2_pair22
timer:                        save pnos on disc     0.13s     0.13s 
PNOPairs Memory Information
Total: 0.02421 GB 
PNO  : 0.00683 GB 
KPNO : 0.00699 GB 
W    : 0.01039 GB 

timer:                                 truncate     0.04s     0.04s 
timer:      compute densities for G application     0.00s     0.00s 
pair21 is frozen: no optimization
timer:                Prepare for G application     0.31s     0.31s 
timer:                                    add K     0.03s     0.03s 
size of all Vpsi potentials (without Vnuc and J) 0.00936 GB 
time=119.53910 chunk=6 Vpsi+Vnuc+J=0.02114 GB
time=119.58961 chunk=6 Vpsi+Vnuc+J=0.02016 GB (after truncation)
timer:                           Apply G to all     2.17s     2.17s 
timer:                       apply Q and update     0.00s     0.00s 
mp2_pair11 residual norms:
[0.00521, 0.00521, 0.02177]
mp2_pair11 scaled residual norms:
[0.00035, 0.00035, 0.00159]
mp2_pair22 residual norms:
[0.00477, 0.00477, 0.00988]
mp2_pair22 scaled residual norms:
[0.00032, 0.00032, 0.00075]
timer:                          update all PNOs     2.51s     2.51s 
frozen pair: no orthonormalization
timer:                                     RRCD     0.04s     0.04s 
timer:                             MRA compress     0.00s     0.00s 
timer:                          Transform Pairs     0.12s     0.12s 
saving vector of functions mp2_pair11
saving vector of functions mp2_pair22
timer:                        save pnos on disc     0.11s     0.11s 


CONVERGED!
energy change = 0.00006

re-entering loop to compute the correct amplitudes and energies
timer:                        Whole Iteration 5    10.53s    10.54s 
Information About All Pairs:
mp2_pair11           number=0 rank=  3 frozen=false
mp2_pair21           number=1 rank=  0 frozen=true
mp2_pair22           number=2 rank=  3 frozen=false
number of pairs=3
average rank   =2 (2.00000)
largest rank   =3
PNOPairs Memory Information
Total: 0.00691 GB 
PNO  : 0.00691 GB 
KPNO : 0.00000 GB 
W    : 0.00000 GB 

timer:                                 truncate     0.04s     0.04s 
wall time=124.89730 chunk=6 allK.size()=6 memory=0.00699 GB
timer:                             compute KPNO     3.40s     3.40s 
wall time=125.07697 chunk=6 allJ.size()=6 memory=0.00781 GB
timer:                             compute JPNO     0.18s     0.18s 
timer:                    compute Fock matrices     1.13s     1.13s 
timer:                             MRA compress     0.00s     0.00s 
timer:                          Transform Pairs     0.14s     0.14s 
timer:                             Canonicalize     0.15s     0.15s 
PNOPairs Memory Information
Total: 0.01382 GB 
PNO  : 0.00683 GB 
KPNO : 0.00699 GB 
W    : 0.00000 GB 

timer:                                 truncate     0.04s     0.04s 
mp2_pair21 is frozen: potential not computed
timer:                   Fluctuation Potentials     1.89s     1.89s 
timer:                       Fluctuation Matrix     0.18s     0.18s 
PNOPairs Memory Information
Total: 0.02421 GB 
PNO  : 0.00683 GB 
KPNO : 0.00699 GB 
W    : 0.01039 GB 

PNOPairs Memory Information
Total: 0.02421 GB 
PNO  : 0.00683 GB 
KPNO : 0.00699 GB 
W    : 0.01039 GB 

timer:                                 truncate     0.03s     0.03s 
timer:                             PNO Overlaps     0.04s     0.04s 
t_iter =  0  Hylleraas energy =  0.00000  ||R||_F =  0.31552  conv =  no
subspace solution [*]   1.00000000

t_iter =  1  Hylleraas energy =  -0.03809  ||R||_F =  0.00000  conv =  yes
=======================================================

Hylleraas MP2 Energies

=======================================================
    i    j      singlet      triplet        Total
=======================================================
    1    1  -1.95297e-02  0.00000e+00 -1.95297e-02
    2    1   0.00000e+00  0.00000e+00  0.00000e+00
    2    2  -1.85567e-02  0.00000e+00 -1.85567e-02
=======================================================
Hylleraas MP2 Energies (singlet): -3.80864e-02
Hylleraas MP2 Energies (triplet):  0.00000e+00
Hylleraas MP2 Energies (total)  : -3.80864e-02
=======================================================
-------------------------------------------
Total Reg Energy  =-3.80864e-02
Total F12 Energy  = 0.00000e+00
Sum Energies Total=-3.80864e-02
-------------------------------------------
timer:                         Solve Amplitudes     0.00s     0.00s 
pair11: density evals:
 [*]   0.00457310   0.00457310   0.00528321

pair22: density evals:
 [*]   0.00454848   0.00454848   0.00574877

timer:                            compress PNOs     0.00s     0.00s 
timer:                             MRA compress     0.00s     0.00s 
timer:                          Transform Pairs     0.50s     0.50s 
timer:                          PNO Compression     0.50s     0.50s 
Information About All Pairs:
mp2_pair11           number=0 rank=  3 frozen=false
mp2_pair21           number=1 rank=  0 frozen=true
mp2_pair22           number=2 rank=  3 frozen=false
number of pairs=3
average rank   =2 (2.00000e+00)
largest rank   =3
saving vector of functions mp2_pair11
saving vector of functions mp2_pair22
timer:                        save pnos on disc     0.12s     0.12s 
exiting: Iterations converged
PNO ranks:
PNO Rank for pair pair11 = 3
PNO Rank for pair pair21 = 0
PNO Rank for pair pair22 = 3
average rank 2.00000e+00
timer:                               PNO::solve    63.40s    63.41s 

--------------------------------
ITERATE-PAIRS-INTERNAL-ENDED
--------------------------------
mp2_pair21 converged!


Adaptive Sovler:
 Current Energy=-3.8086423204e-02
 DeltaE        =-3.8086423204e-02
 max dE (pair) =-1.8556717984e-02 (2)
 all_pairs_conv=false




not converged yet

freeze pair mp2_pair21 (not further optimized: Energy below 1.0000000000e-05)
Maximum Rank of3 reached for all non-frozen pairs, no need to iterate further=======================================================

Final MP2 Energies

=======================================================
    i    j      singlet      triplet        Total
=======================================================
    1    1  -1.95297e-02  0.00000e+00 -1.95297e-02
    2    1   0.00000e+00  0.00000e+00  0.00000e+00
    2    2  -1.85567e-02  0.00000e+00 -1.85567e-02
=======================================================
Final MP2 Energies (singlet): -3.80864e-02
Final MP2 Energies (triplet):  0.00000e+00
Final MP2 Energies (total)  : -3.80864e-02
=======================================================
-------------------------------------------
Total Reg Energy  =-3.80864e-02
Total F12 Energy  = 0.00000e+00
Sum Energies Total=-3.80864e-02
-------------------------------------------
Average | Max Rank: 2 | 3



--------------------------------------------------
MRA-PNO-MP2-F12 ended 
--------------------------------------------------
                 time scf = 5.85077e+01
               energy scf = -1.57143e+01
--------------------------------------------------
restarting PNO to reload pairs that converged before and were frozen
PNO Parameters
pno
       rank_increase  15         # default   maximum rank to increase in every macroiteration
               chunk  100        # default   chunk of functions operated on in parallel when G or K is applied (prevent memory shortage)
               debug  false      # default   debug mode
              freeze  1          # derived   frozen core approximation
             maxrank  3          # defined   maximal pno rank for all pairs
           guesstype  exop       # derived   the guesstype: exop (recommended, multiply polynomial excitation operators onto the occupied orbitals), empty (don't compute a guess), scf (use the ao basis from the SCF solver), partial_wave (create s,p,d ..., type functions and place on atoms), predefined (same as partial_wave but for predefined sets)
                exop  multipole  # derived   this string defines which excitation operators can be used, use 'dipole', 'dipole+', 'quadrupole', 'ocopole', or 'multipole', need to set guesstype to 'exop' which is the default
          exop_trigo  true       # default   use trigonometric excitation operators ( x --> sin(x)
        partial_wave             # default   atom centered partial wave guess of format like 'h-2s1p-o-3s2p1d', need to set guesstype to 'partial_wave' and adaptive_solver to 'none'
          predefined             # default   predefined partial wave guesses of type pvxz with x=d,t,q,5,6, need to set guesstype to 'predefined' and adaptive_solver to 'none'
           maxiter_t  100        # default   maximal number of iterations in the amplitude solver
       maxiter_micro  10         # default   Maximum of iterations for every cycle in the adaptive solver
       maxiter_macro  10         # default   Maximum of iterations of cycles in the adaptive solver
                tpno  1.0000e-08 # default   PNO cutoff threshold
          tpno_tight  1.0000e-10 # derived   PNO cutoff for the first iteration
    canonicalize_pno  true       # default   canonicalize the pnos before the amplitude solver
              thresh  1.0000e-04 # defined   MRA threshold
         econv_micro  1.0000e-04 # derived   Energy convergence for microiterations (Greens function based optimization) in adaptive solver
         econv_pairs  1.0000e-05 # derived   ENergy convergence for individual pairs in adaptive solver. Converged pairs are frozen automatically
         econv_macro  1.0000e-04 # derived   Energy convergence for macroiterations in adaptive solver, no effect if adaptive_solver is deactivated
               dconv  1.0000e-01 # default   convergence of every PNO in the Green's function solver
           op_thresh  1.0000e-06 # default   MRA operator thresh
             restart  all        # defined   restart pairs of this type, use 'mp2', 'cispd', 'all' or 'none'
          no_compute  none       # default   do not compute the pairs of this type, use 'mp2', 'cispd', 'all' or 'none'
              no_opt  all        # defined   do not optimize the pnos of this type, use 'mp2', 'cispd', 'all' or 'none'
            no_guess  all        # defined   guess for this type will be empty, use 'mp2', 'cispd', 'all' or 'none'
     adaptive_solver  none       # defined   Use adaptive solver for those pairs, use 'mp2', 'cispd', 'all' or 'none', works only in combination with guesstype 'exop'
                kain  true       # default   use KAIN solver in amplitude solver
       kain_subspace  5          # default   subspace size of the KAIN solver (amplitudes)
                 f12  false      # defined   use explicit correlation
        cispd_number  -1         # default   CIS(D) excitation numbers, to read in correct functions
        cispd_energy  0.0000e+00 # default   CIS energy
        freeze_pairs  none       # default   frozen pairs will not be optimized: Expected format 'a b c d' will freeze pairs ab and cd
freeze_pairs_of_orbital  []         # default    All pairs which originate from this orbital will not be optimized
active_pairs_of_orbital  []         # default    All pairs which originate from this orbital will not be frozen all other pairs will, if this vector is not empty
no_opt_in_first_iteration  false      # default   Do not optimize in the first iteration (then the potentials do not have to be evaluated, use this for large guesses)
            exchange  full       # default   approximate exchange with 'neglect' or xc functional -> same syntax as moldft
           save_pnos  true       # default   Save the OBS-PNOs to a file, before and after orthonormalization.
            diagonal  true       # defined   Compute only diagonal PNOs

end

**********************
Solve PNO-MP2
*********************


**********************
Iterate Pairs
*********************


************************
Standard Solver
***********************

Initializing Pairs:
Restart demanded for mp2 pairs
loading vector of functions mp2_pair11
Found PNOs for mp2_pair11 with rank 3
loading vector of functions mp2_pair21
failed to find PNO mp2_pair21 initialize as zero function
nloading vector of functions mp2_pair22
Found PNOs for mp2_pair22 with rank 3
no guess was explicitly demanded for mp2

timer:                                     RRCD     0.07s     0.07s 
timer:                             MRA compress     0.00s     0.00s 
timer:                          Transform Pairs     0.08s     0.08s 
timer:          apply Q and orthonormalize PNOs     0.33s     0.33s 
Created Guess:
pair11 with 3 guess functions
pair21 with 0 guess functions
pair22 with 3 guess functions
guess pair11 size: 3.1688809395e-03 | 3.1688809395e-03 Gbyte (after truncation)
guess pair22 size: 3.6595463753e-03 | 3.6595463753e-03 Gbyte (after truncation)
timer:                           truncate guess     0.05s     0.05s 
timer:                         Initialize Pairs     0.39s     0.39s 
Information About All Pairs:
mp2_pair11           number=0 rank=  3 frozen=false
mp2_pair21           number=1 rank=  0 frozen=true
mp2_pair22           number=2 rank=  3 frozen=false
number of pairs=3
average rank   =2 (2.0000000000e+00)
largest rank   =3
SolveInternal: Parameters are assigned as
no_compute        = false
no_opt            = true
restart           = true
do_cispd          = false
econv             =1.0000000000e-04
maxrank (min,max) = (3,3)
Solving MP2 doubles
timer:          fock matrix     2.86s     2.86s
Information About All Pairs:
mp2_pair11           number=0 rank=  3 frozen=false
mp2_pair21           number=1 rank=  0 frozen=true
mp2_pair22           number=2 rank=  3 frozen=false
number of pairs=3
average rank   =2 (2.0000000000e+00)
largest rank   =3
PNOPairs Memory Information
Total: 0.0068284273 GB 
PNO  : 0.0068284273 GB 
KPNO : 0.0000000000 GB 
W    : 0.0000000000 GB 

timer:                                 truncate     0.04s     0.04s 
wall time=135.9547531605 chunk=6 allK.size()=6 memory=0.0069919825 GB
timer:                             compute KPNO     3.45s     3.45s 
wall time=136.0890760422 chunk=6 allJ.size()=6 memory=0.0078097582 GB
timer:                             compute JPNO     0.13s     0.13s 
timer:                    compute Fock matrices     1.24s     1.24s 
timer:                             MRA compress     0.00s     0.00s 
timer:                          Transform Pairs     0.20s     0.20s 
timer:                             Canonicalize     0.21s     0.21s 
PNOPairs Memory Information
Total: 0.0138204098 GB 
PNO  : 0.0068284273 GB 
KPNO : 0.0069919825 GB 
W    : 0.0000000000 GB 

timer:                                 truncate     0.04s     0.04s 
mp2_pair21 is frozen: potential not computed
timer:                   Fluctuation Potentials     1.86s     1.86s 
timer:                       Fluctuation Matrix     0.12s     0.12s 
PNOPairs Memory Information
Total: 0.0242061615 GB 
PNO  : 0.0068284273 GB 
KPNO : 0.0069919825 GB 
W    : 0.0103857517 GB 

PNOPairs Memory Information
Total: 0.0242061615 GB 
PNO  : 0.0068284273 GB 
KPNO : 0.0069919825 GB 
W    : 0.0103857517 GB 

timer:                                 truncate     0.03s     0.03s 
timer:                             PNO Overlaps     0.11s     0.11s 
t_iter =  0  Hylleraas energy =  0.0000000000  ||R||_F =  0.3155202057  conv =  no
subspace solution [*]   1.00000000

t_iter =  1  Hylleraas energy =  -0.0380864101  ||R||_F =  0.0000000022  conv =  yes
=======================================================

Hylleraas MP2 Energies

=======================================================
    i    j      singlet      triplet        Total
=======================================================
    1    1  -1.95297e-02  0.00000e+00 -1.95297e-02
    2    1   0.00000e+00  0.00000e+00  0.00000e+00
    2    2  -1.85567e-02  0.00000e+00 -1.85567e-02
=======================================================
Hylleraas MP2 Energies (singlet): -3.80864e-02
Hylleraas MP2 Energies (triplet):  0.00000e+00
Hylleraas MP2 Energies (total)  : -3.80864e-02
=======================================================
-------------------------------------------
Total Reg Energy  =-3.80864e-02
Total F12 Energy  = 0.00000e+00
Sum Energies Total=-3.80864e-02
-------------------------------------------
timer:                         Solve Amplitudes     0.00s     0.00s 
No optimization untill now: Compressing pno ranks with tighter threshold
1.00000e-10 instead of 1.00000e-08
pair11: density evals:
 [*]   0.00457311   0.00457311   0.00528321

pair22: density evals:
 [*]   0.00454848   0.00454848   0.00574875

timer:                            compress PNOs     0.00s     0.00s 
timer:                             MRA compress     0.00s     0.00s 
timer:                          Transform Pairs     0.41s     0.41s 
timer:                          PNO Compression     0.41s     0.41s 
Information About All Pairs:
mp2_pair11           number=0 rank=  3 frozen=false
mp2_pair21           number=1 rank=  0 frozen=true
mp2_pair22           number=2 rank=  3 frozen=false
number of pairs=3
average rank   =2 (2.00000e+00)
largest rank   =3
saving vector of functions mp2_pair11
saving vector of functions mp2_pair22
timer:                        save pnos on disc     0.11s     0.11s 
exiting: Found no_opt keyword
PNO ranks:
PNO Rank for pair pair11 = 3
PNO Rank for pair pair21 = 0
PNO Rank for pair pair22 = 3
average rank 2.00000e+00
timer:                               PNO::solve    10.73s    10.73s 

--------------------------------
ITERATE-PAIRS-INTERNAL-ENDED
--------------------------------
=======================================================

Final MP2 Energies

=======================================================
    i    j      singlet      triplet        Total
=======================================================
    1    1  -1.95297e-02  0.00000e+00 -1.95297e-02
    2    1   0.00000e+00  0.00000e+00  0.00000e+00
    2    2  -1.85567e-02  0.00000e+00 -1.85567e-02
=======================================================
Final MP2 Energies (singlet): -3.80864e-02
Final MP2 Energies (triplet):  0.00000e+00
Final MP2 Energies (total)  : -3.80864e-02
=======================================================
-------------------------------------------
Total Reg Energy  =-3.80864e-02
Total F12 Energy  = 0.00000e+00
Sum Energies Total=-3.80864e-02
-------------------------------------------
Average | Max Rank: 2 | 3
                 time pno = 7.01071e+01
               energy mp2 = -3.80864e-02
     average pno rank mp2 = 2
         max pno rank mp2 = 3
--------------------------------------------------
            energy(total) = -1.57524e+01
--------------------------------------------------



Orthonormalization technique used: symmetric
No CABS used.
Tightening thresholds to +0.00010000 for post-processing
Overlap Matrix of all PNOs:
+0.99999917 -0.28329346 -0.00000000 -0.00000000 -0.00000000 +0.00000000 
-0.28329346 +1.00000067 -0.00000000 -0.00000000 -0.00000000 +0.00000000 
-0.00000000 -0.00000000 +1.00000000 -0.00000000 -0.00209445 -0.12045021 
-0.00000000 -0.00000000 -0.00000000 +1.00000000 +0.12045021 -0.00209445 
-0.00000000 -0.00000000 -0.00209445 +0.12045021 +1.00000000 -0.00000000 
+0.00000000 +0.00000000 -0.12045021 -0.00209445 -0.00000000 +1.00000000 
Before cherry pick
rank is +0
all used occupation numbers:
[+0.00574875 +0.00528321 +0.00457311 +0.00457311 +0.00454848 +0.00454848 ]
corresponding to active pairs:
[(1,1) (0,0) (0,0) (0,0) (1,1) (1,1) ]
After cherry pick
all used occupation numbers:
[+0.00574875 +0.00528321 +0.00457311 +0.00457311 +0.00454848 +0.00454848 ]
corresponding to active pairs:
[(1,1) (0,0) (0,0) (0,0) (1,1) (1,1) ]
Overlap Matrix before symmetric
[+0,*]  +0.99999917  -0.28329346  -0.00000000  -0.00000000  -0.00000000  +0.00000000
[+1,*]  -0.28329346  +1.00000067  -0.00000000  -0.00000000  -0.00000000  +0.00000000
[+2,*]  -0.00000000  -0.00000000  +1.00000000  -0.00000000  -0.00209445  -0.12045021
[+3,*]  -0.00000000  -0.00000000  -0.00000000  +1.00000000  +0.12045021  -0.00209445
[+4,*]  -0.00000000  -0.00000000  -0.00209445  +0.12045021  +1.00000000  -0.00000000
[+5,*]  +0.00000000  +0.00000000  -0.12045021  -0.00209445  -0.00000000  +1.00000000
Overlap Matrix after symmetric
[+0,*]  +1.00000000  +0.00000002  +0.00000000  -0.00000000  -0.00000000  -0.00000000
[+1,*]  +0.00000002  +1.00000000  +0.00000000  -0.00000000  +0.00000000  -0.00000000
[+2,*]  +0.00000000  +0.00000000  +1.00000000  +0.00000000  +0.00000000  +0.00000000
[+3,*]  -0.00000000  -0.00000000  +0.00000000  +1.00000000  -0.00000000  +0.00000000
[+4,*]  -0.00000000  +0.00000000  +0.00000000  -0.00000000  +1.00000000  -0.00000000
[+5,*]  -0.00000000  -0.00000000  +0.00000000  +0.00000000  -0.00000000  +1.00000000
Adding 3 HF orbitals
Size before adding CABS: 9.
Size after adding CABS: 9.
Compute G and F Tensor:
Assemble g,f using symmetries...
non zero elements:
 g : +11109
 h : +37
Overlap over whole basis
[+0,*]  +1.00000000  +0.00000020  -0.00000065  -0.00000610  +0.00000129  -0.00000000  -0.00000000  -0.00000000  +0.00000000
[+1,*]  +0.00000020  +1.00000000  +0.00000005  -0.00000172  +0.00000037  -0.00000000  -0.00000000  -0.00000000  +0.00000000
[+2,*]  -0.00000065  +0.00000005  +1.00000000  -0.00000120  +0.00000025  -0.00000000  -0.00000000  +0.00000000  -0.00000000
[+3,*]  -0.00000610  -0.00000172  -0.00000120  +1.00000000  +0.00000002  +0.00000000  -0.00000000  +0.00000000  -0.00000000
[+4,*]  +0.00000129  +0.00000037  +0.00000025  +0.00000002  +1.00000000  -0.00000000  +0.00000000  +0.00000000  -0.00000000
[+5,*]  -0.00000000  -0.00000000  -0.00000000  +0.00000000  -0.00000000  +1.00000000  +0.00000000  +0.00000000  +0.00000000
[+6,*]  -0.00000000  -0.00000000  -0.00000000  -0.00000000  +0.00000000  +0.00000000  +1.00000000  -0.00000000  +0.00000000
[+7,*]  -0.00000000  -0.00000000  +0.00000000  +0.00000000  +0.00000000  +0.00000000  -0.00000000  +1.00000000  -0.00000000
[+8,*]  +0.00000000  +0.00000000  -0.00000000  -0.00000000  -0.00000000  +0.00000000  +0.00000000  -0.00000000  +1.00000000

||S-1||=+0.00000937
finished at time 217.1

    Parallel environment
    --------------------
                  #nodes    1
       #threads per node    11+main = 12
          #total threads    12

  RMI message statistics (min / avg / max)
  ----------------------
   #messages in server q    0.00e+00 / 0.00e+00 / 0.00e+00
 #messages sent per node    0.00e+00 / 0.00e+00 / 0.00e+00
    #bytes sent per node    0.00e+00 / 0.00e+00 / 0.00e+00
 #messages recv per node    0.00e+00 / 0.00e+00 / 0.00e+00
    #bytes recv per node    0.00e+00 / 0.00e+00 / 0.00e+00
        #msgs systemwide    0.00e+00
       #bytes systemwide    0.00e+00

  Thread pool statistics (min / avg / max)
  ----------------------
         #tasks per node    1.30e+07 / 1.30e+07 / 1.30e+07
     #max q len per node    1.02e+04 / 1.02e+04 / 1.02e+04
  #hi-pri tasks per node    3.87e+06 / 3.87e+06 / 3.87e+06

         Total wall time    217.1s
         Total  cpu time    217.1s

