MADNESS runtime initialized with 11 threads in the pool and affinity -1 -1 -1
starting at time 0.0

--------------------------------------------
   MADNESS 0.10.1 multiresolution suite
--------------------------------------------

   number of processors ... 1
    processor frequency ... 3.695915e+09
            host system ... Linux
          configured by ... kottmann
          configured on ... wittgenstein
          configured at ... 2021-02-10T21:25:26
                    CXX ... /usr/bin/c++
               CXXFLAGS ... -O3 -DNDEBUG -I/h/28/kottmann/install/numcpp/include/ -I/h/28/kottmann/install/boost/boost_1_72_0/include/ -std=c++1z
             tuning for ... default
                    MPI ... multiple
 multi-threaded runtime ... MADNESS ThreadPool
                   BLAS ... Intel MKL 66448 66448 MFLOP/s
               compiled ... 13:08:26  on  Feb 23 2021


-------------------------------------------------------------------------------------
SOLVING MRA-PNO-F12 as described in 
J.S. Kottmann, F.A. Bischoff, E.F. Valeev
Direct determination of optimal pair-natural orbitals in a real-space representation:
the second-order Møller-Plesset energy
Journal of Chemical Physics ... 2020
-------------------------------------------------------------------------------------


This script will run PNO-MP2 and print out tensors in binary
Call as: pno_integrals inputfileinput is input
ignoring unknown parameter in input file:  ncf

Angstrom being used to read input coordinates (1 Bohr = 1.88972613 Angstrom)


Asymptotic correction parameters
---------------------------------------
Atom vector is not empty: false
Using multipole approximation: false
Number of electrons = -1
Ionisation energy = 0.000000e+00
E(HOMO) = 0.000000e+00
R1 = 3.000000e+00
R2 = 4.000000e+00
DFT coefficient = 0.000000e+00
Interpolation scheme = linear
constructed symmetry operator for point group C1
dft
              charge  0.0000e+00 # defined   total molecular charge
                  xc  hf         # defined   XC input line
               smear  0.0000e+00 # default   smearing parameter
               econv  1.0000e-04 # defined   energy convergence
               dconv  5.0000e-04 # defined   density convergence
convergence_criteria  [bsh_residual, total_energy] # default   possible values are: bsh_residual, total_energy, each_energy, density
                   k  7          # defined   polynomial order
                   l  5.4031e+01 # derived   user coordinates box size
               deriv  abgv       # default   derivative method                            [abgv, bspline, ble]
           dft_deriv  abgv       # default   derivative method for gga potentials         [abgv, bspline, ble]
             maxrotn  2.5000e-01 # default   step restriction used in autoshift algorithm
             nvalpha  0          # default   number of alpha virtuals to compute
              nvbeta  0          # default   number of beta virtuals to compute
               nopen  0          # default   number of unpaired electrons = nalpha-nbeta
             maxiter  25         # default   maximum number of iterations
                 nio  1          # default   no. of io servers to use
     spin_restricted  true       # default   true if spin restricted
              plotlo  0          # default   range of MOs to print (for both spins if polarized
              plothi  -1         # default   range of MOs to print (for both spins if polarized
            plotdens  false      # default   If true print the density at convergence
            plotcoul  false      # default   If true plot the total coulomb potential at convergence
            localize  boys       # defined   localization method                          [pm, boys, new, canon]
          pointgroup  c1         # derived   use point (sub) group symmetry if not localized[c1, c2, ci, cs, c2v, c2h, d2, d2h]
             restart  false      # default   if true restart from orbitals on disk
           restartao  false      # default   if true restart from orbitals projected into AO basis (STO3G) on disk
          no_compute  false      # default   if true use orbitals on disk, set value to computed
           no_orient  false      # default   if true the molecule coordinates will not be reoriented
                save  true       # default   if true save orbitals to disk
              maxsub  10         # default   size of iterative subspace ... set to 0 or 1 to disable
        orbitalshift  0.0000e+00 # default   scf orbital shift: shift the occ orbitals to lower energies
            npt_plot  101        # default   no. of points to use in each dim for plots
           plot_cell  []         # default   lo hi in each dimension for plotting (default is all space)
             aobasis  6-31g      # derived   AO basis used for initial guess (6-31g or sto-3g)
           core_type  none       # default   core potential type                          [none, mpc]
         derivatives  false      # default   if true calculate nuclear derivatives
              dipole  false      # default   if true calculate dipole moment
      conv_only_dens  false      # default   if true remove bsh_residual from convergence criteria (deprecated)
            psp_calc  false      # default   pseudopotential calculation for all atoms
 print_dipole_matels  false      # default   if true output dipole matrix elements
            pcm_data  none       # default   do a PCM (solvent) calculation
             ac_data  none       # default   do a calculation with asymptotic correction (see ACParameters class in chem/AC.h for details)
             pure_ae  true       # default   pure all electron calculation with no pseudo-atoms
         print_level  3          # default   0: no output; 1: final energy; 2: iterations; 3: timings; 10: debug
              nalpha  3          # derived   number of alpha spin electrons
               nbeta  3          # derived   number of beta  spin electrons
           nmo_alpha  3          # derived   number of alpha spin molecular orbitals
            nmo_beta  3          # derived   number of beta spin molecular orbitals
                  lo  9.0905e-04 # derived   smallest length scale we need to resolve
            protocol  [1.0000e-04, 1.0000e-06] # derived   calculation protocol
                gopt  false      # default   geometry optimizer
                gtol  1.0000e-04 # default   geometry tolerance
               gtest  false      # default   geometry tolerance
                gval  1.0000e-05 # default   value precision
               gprec  1.0000e-04 # default   gradient precision
            gmaxiter  20         # default   optimization maxiter
    ginitial_hessian  false      # default   compute inital hessian for optimization
              algopt  bfgs       # default   algorithm used for optimization              [bfgs, cg]
            tdksprop  false      # default   time-dependent Kohn-Sham equation propagate
           nv_factor  1          # default   factor to multiply number of virtual orbitals with when automatically decreasing nvirt
           vnucextra  2          # default   load balance parameter for nuclear pot
        loadbalparts  2          # default   ??
            response  false      # default   response function calculation
       response_freq  0.0000e+00 # default   frequency for calculation response function
       response_axis  [1, 1, 1]  # default   response axis
           nonrotate  false      # default   if true do not molcule orient (redundant with no_orient
               rconv  1.0000e-06 # default   Response convergence
              efield  0.0000e+00 # default   eps for finite field
         efield_axis  0          # default   finite field axis                            [0, 1, 2]
              nwfile  none       # default   Base name of nwchem output files (.out and .movecs extensions) to read from
                 ncf  (none,1.0000e+00) # defined   nuclear correlation factor
             hessian  false      # default   compute the hessian matrix
           read_cphf  false      # default   read the converged orbital response for nuclear displacements from file
        restart_cphf  false      # default   read the guess orbital response for nuclear displacements from file
      purify_hessian  false      # default   symmetrize the hessian matrix based on atomic charges

end
              charge  0.0000e+00 # defined   total molecular charge
                  xc  hf         # defined   XC input line
               smear  0.0000e+00 # default   smearing parameter
               econv  1.0000e-04 # defined   energy convergence
               dconv  5.0000e-04 # defined   density convergence
convergence_criteria  [bsh_residual, total_energy] # default   possible values are: bsh_residual, total_energy, each_energy, density
                   k  7          # defined   polynomial order
                   l  5.4031e+01 # derived   user coordinates box size
               deriv  abgv       # default   derivative method                            [abgv, bspline, ble]
           dft_deriv  abgv       # default   derivative method for gga potentials         [abgv, bspline, ble]
             maxrotn  2.5000e-01 # default   step restriction used in autoshift algorithm
             nvalpha  0          # default   number of alpha virtuals to compute
              nvbeta  0          # default   number of beta virtuals to compute
               nopen  0          # default   number of unpaired electrons = nalpha-nbeta
             maxiter  25         # default   maximum number of iterations
                 nio  1          # default   no. of io servers to use
     spin_restricted  true       # default   true if spin restricted
              plotlo  0          # default   range of MOs to print (for both spins if polarized
              plothi  -1         # default   range of MOs to print (for both spins if polarized
            plotdens  false      # default   If true print the density at convergence
            plotcoul  false      # default   If true plot the total coulomb potential at convergence
            localize  boys       # defined   localization method                          [pm, boys, new, canon]
          pointgroup  c1         # derived   use point (sub) group symmetry if not localized[c1, c2, ci, cs, c2v, c2h, d2, d2h]
             restart  false      # default   if true restart from orbitals on disk
           restartao  false      # default   if true restart from orbitals projected into AO basis (STO3G) on disk
          no_compute  false      # default   if true use orbitals on disk, set value to computed
           no_orient  false      # default   if true the molecule coordinates will not be reoriented
                save  true       # default   if true save orbitals to disk
              maxsub  10         # default   size of iterative subspace ... set to 0 or 1 to disable
        orbitalshift  0.0000e+00 # default   scf orbital shift: shift the occ orbitals to lower energies
            npt_plot  101        # default   no. of points to use in each dim for plots
           plot_cell  []         # default   lo hi in each dimension for plotting (default is all space)
             aobasis  6-31g      # derived   AO basis used for initial guess (6-31g or sto-3g)
           core_type  none       # default   core potential type                          [none, mpc]
         derivatives  false      # default   if true calculate nuclear derivatives
              dipole  false      # default   if true calculate dipole moment
      conv_only_dens  false      # default   if true remove bsh_residual from convergence criteria (deprecated)
            psp_calc  false      # default   pseudopotential calculation for all atoms
 print_dipole_matels  false      # default   if true output dipole matrix elements
            pcm_data  none       # default   do a PCM (solvent) calculation
             ac_data  none       # default   do a calculation with asymptotic correction (see ACParameters class in chem/AC.h for details)
             pure_ae  true       # default   pure all electron calculation with no pseudo-atoms
         print_level  3          # default   0: no output; 1: final energy; 2: iterations; 3: timings; 10: debug
              nalpha  3          # derived   number of alpha spin electrons
               nbeta  3          # derived   number of beta  spin electrons
           nmo_alpha  3          # derived   number of alpha spin molecular orbitals
            nmo_beta  3          # derived   number of beta spin molecular orbitals
                  lo  9.0905e-04 # derived   smallest length scale we need to resolve
            protocol  [1.0000e-04, 1.0000e-06] # derived   calculation protocol
                gopt  false      # default   geometry optimizer
                gtol  1.0000e-04 # default   geometry tolerance
               gtest  false      # default   geometry tolerance
                gval  1.0000e-05 # default   value precision
               gprec  1.0000e-04 # default   gradient precision
            gmaxiter  20         # default   optimization maxiter
    ginitial_hessian  false      # default   compute inital hessian for optimization
              algopt  bfgs       # default   algorithm used for optimization              [bfgs, cg]
            tdksprop  false      # default   time-dependent Kohn-Sham equation propagate
           nv_factor  1          # default   factor to multiply number of virtual orbitals with when automatically decreasing nvirt
           vnucextra  2          # default   load balance parameter for nuclear pot
        loadbalparts  2          # default   ??
            response  false      # default   response function calculation
       response_freq  0.0000e+00 # default   frequency for calculation response function
       response_axis  [1, 1, 1]  # default   response axis
           nonrotate  false      # default   if true do not molcule orient (redundant with no_orient
               rconv  1.0000e-06 # default   Response convergence
              efield  0.0000e+00 # default   eps for finite field
         efield_axis  0          # default   finite field axis                            [0, 1, 2]
              nwfile  none       # default   Base name of nwchem output files (.out and .movecs extensions) to read from



 geometry
   eprec 1.0e-06
   units atomic
   Be            0.00000000           0.00000000           0.31495436
   H             0.00000000           0.00000000           2.77159833
   H             0.00000000           0.00000000          -4.03141575
 end

Solving NDIM= 3  with thresh 1.000000e-04     k 7    conv 5.000000e-04 

timer:     Project vnuclear     0.62s     0.62s
constructed nuclear correlation factor of the form
    R   =  1.000000e+00
with eprec  1.000000e-06
which means it's (nearly) a conventional calculation

timer:        reproject ncf     1.72s     1.72s
timer:        guess density     0.47s     0.47s
timer:   guess Coulomb potn     0.42s     0.42s
timer:       guess lda potn     0.26s     0.26s
timer:        guess overlap     0.03s     0.03s
timer:    KEmat reconstruct     0.06s     0.06s
timer:  KEmat differentiate     0.28s     0.28s
timer:       KEmat compress     0.10s     0.10s
timer: KEmat inner products     0.19s     0.19s
timer:     guess Kinet potn     0.64s     0.64s
timer:           guess fock     0.41s     0.41s
timer:      guess eigen sol     0.03s     0.03s
timer: guess orbital groupi     0.15s     0.15s

starting protocol at time      7.1s 
precision steps  1.000000e-04  -->  1.000000e-04
protocol: thresh 1.000000e-04 econv  1.000000e-04 dconv 5.000000e-04

ending protocol at time      7.1s 

Solving NDIM= 3  with thresh 1.000000e-04     k 7    conv 5.000000e-04 

timer:        Boys localize     0.90s     0.90s
orbital irreps []
timer:      reconstruct psi     0.13s     0.13s
timer:        compute Jnemo     0.69s     0.69s
timer:        compute Knemo     1.98s     1.98s
timer: compute Unemo 0.0147     0.23s     0.23s

  nuclear and kinetic     -25.42396948
         kinetic only      15.52142665
              coulomb      10.43713224
             exchange      -3.35368563
    nuclear-repulsion       2.69553942
   regularized energy     -15.64498345
  buggy if hybrid functionals are used..
timer:       compute energy     3.62s     3.62s
Norm of vector changes ab spin case : rms 5.502524e-02    max 8.283642e-02
convergence: bshresidual, energy change, max energy change, density change 6.1e-02 1.6e+01 1.6e+01 1.4e+00
finished iteration  0 at time     19.8s with energy  -15.64498345
timer:        Boys localize     0.96s     0.96s
orbital irreps []
timer:      reconstruct psi     0.13s     0.13s
timer:        compute Jnemo     0.78s     0.78s
timer:        compute Knemo     1.89s     1.89s
timer: compute Unemo 0.0144     0.22s     0.22s

  nuclear and kinetic     -25.44973885
         kinetic only      15.44825548
              coulomb      10.40549932
             exchange      -3.32421896
    nuclear-repulsion       2.69553942
   regularized energy     -15.67291906
  buggy if hybrid functionals are used..
timer:       compute energy     3.61s     3.61s
Norm of vector changes ab spin case : rms 2.269603e-02    max 3.372820e-02
convergence: bshresidual, energy change, max energy change, density change 1.7e-02 2.8e-02 7.3e-02 1.0e-02
finished iteration  1 at time     32.7s with energy  -15.67291906
timer:        Boys localize     1.11s     1.11s
orbital irreps []
timer:      reconstruct psi     0.16s     0.16s
timer:        compute Jnemo     0.65s     0.65s
timer:        compute Knemo     2.11s     2.11s
timer: compute Unemo 0.0140     0.29s     0.29s

  nuclear and kinetic     -25.46725590
         kinetic only      15.43207611
              coulomb      10.40898566
             exchange      -3.31332071
    nuclear-repulsion       2.69553942
   regularized energy     -15.67605153
  buggy if hybrid functionals are used..
timer:       compute energy     3.39s     3.39s
Norm of vector changes ab spin case : rms 4.587619e-03    max 7.058004e-03
convergence: bshresidual, energy change, max energy change, density change 2.8e-03 3.1e-03 1.8e-02 2.4e-03
finished iteration  2 at time     45.8s with energy  -15.67605153
timer:        Boys localize     0.90s     0.90s
orbital irreps []
timer:      reconstruct psi     0.13s     0.13s
timer:        compute Jnemo     0.69s     0.69s
timer:        compute Knemo     1.92s     1.92s
timer: compute Unemo 0.0140     0.21s     0.21s

  nuclear and kinetic     -25.47796870
         kinetic only      15.43023422
              coulomb      10.41747753
             exchange      -3.31128051
    nuclear-repulsion       2.69553942
   regularized energy     -15.67623226
  buggy if hybrid functionals are used..
timer:       compute energy     3.37s     3.37s
Norm of vector changes ab spin case : rms 2.038521e-03    max 3.117354e-03
convergence: bshresidual, energy change, max energy change, density change 1.0e-03 1.8e-04 1.1e-02 6.0e-04
finished iteration  3 at time     58.2s with energy  -15.67623226
timer:        Boys localize     0.98s     0.98s
orbital irreps []
timer:      reconstruct psi     0.18s     0.18s
timer:        compute Jnemo     0.69s     0.69s
timer:        compute Knemo     1.98s     1.98s
timer: compute Unemo 0.0140     0.20s     0.20s

  nuclear and kinetic     -25.48302399
         kinetic only      15.43009972
              coulomb      10.42217153
             exchange      -3.31094154
    nuclear-repulsion       2.69553942
   regularized energy     -15.67625458
  buggy if hybrid functionals are used..
timer:       compute energy     3.53s     3.53s
Norm of vector changes ab spin case : rms 6.371904e-04    max 8.130503e-04
convergence: bshresidual, energy change, max energy change, density change 3.6e-04 2.2e-05 5.1e-03 1.7e-04
finished iteration  4 at time     71.4s with energy  -15.67625458

Iterations converged


ending protocol at time     71.4s 

 Dipole Moment (a.u.)
 -----------

     x:  -7.789628e-14
     y:  -4.526423e-16
     z:  8.532194e-01
 Total Dipole Moment:  8.532194e-01 

timer:               dipole     0.03s     0.03s
Nemo Orbital Energies: [*]  -4.76290569  -0.51741233  -0.34996399

nemo energy:  -1.567625e+01
 at time 72.0
PNO Integrals evaluated as:
pnoint
       rank_increase  15         # default   maximum rank to increase in every macroiteration
               chunk  100        # default   chunk of functions operated on in parallel when G or K is applied (prevent memory shortage)
               debug  false      # default   debug mode
              freeze  1          # derived   frozen core approximation
             maxrank  4          # defined   maximal pno rank for all pairs
           guesstype  exop       # derived   the guesstype: exop (recommended, multiply polynomial excitation operators onto the occupied orbitals), empty (don't compute a guess), scf (use the ao basis from the SCF solver), partial_wave (create s,p,d ..., type functions and place on atoms), predefined (same as partial_wave but for predefined sets)
                exop  multipole  # derived   this string defines which excitation operators can be used, use 'dipole', 'dipole+', 'quadrupole', 'ocopole', or 'multipole', need to set guesstype to 'exop' which is the default
          exop_trigo  true       # default   use trigonometric excitation operators ( x --> sin(x)
        partial_wave             # default   atom centered partial wave guess of format like 'h-2s1p-o-3s2p1d', need to set guesstype to 'partial_wave' and adaptive_solver to 'none'
          predefined             # default   predefined partial wave guesses of type pvxz with x=d,t,q,5,6, need to set guesstype to 'predefined' and adaptive_solver to 'none'
           maxiter_t  100        # default   maximal number of iterations in the amplitude solver
       maxiter_micro  10         # default   Maximum of iterations for every cycle in the adaptive solver
       maxiter_macro  10         # default   Maximum of iterations of cycles in the adaptive solver
                tpno  1.0000e-08 # default   PNO cutoff threshold
          tpno_tight  1.0000e-10 # derived   PNO cutoff for the first iteration
    canonicalize_pno  true       # default   canonicalize the pnos before the amplitude solver
              thresh  1.0000e-04 # defined   MRA threshold
         econv_micro  1.0000e-04 # derived   Energy convergence for microiterations (Greens function based optimization) in adaptive solver
         econv_pairs  1.0000e-05 # derived   ENergy convergence for individual pairs in adaptive solver. Converged pairs are frozen automatically
         econv_macro  1.0000e-04 # derived   Energy convergence for macroiterations in adaptive solver, no effect if adaptive_solver is deactivated
               dconv  1.0000e-01 # default   convergence of every PNO in the Green's function solver
           op_thresh  1.0000e-06 # default   MRA operator thresh
             restart  none       # derived   restart pairs of this type, use 'mp2', 'cispd', 'all' or 'none'
          no_compute  none       # default   do not compute the pairs of this type, use 'mp2', 'cispd', 'all' or 'none'
              no_opt  none       # default   do not optimize the pnos of this type, use 'mp2', 'cispd', 'all' or 'none'
            no_guess  none       # derived   guess for this type will be empty, use 'mp2', 'cispd', 'all' or 'none'
     adaptive_solver  all        # default   Use adaptive solver for those pairs, use 'mp2', 'cispd', 'all' or 'none', works only in combination with guesstype 'exop'
                kain  true       # default   use KAIN solver in amplitude solver
       kain_subspace  5          # default   subspace size of the KAIN solver (amplitudes)
                 f12  false      # defined   use explicit correlation
        cispd_number  -1         # default   CIS(D) excitation numbers, to read in correct functions
        cispd_energy  0.0000e+00 # default   CIS energy
        freeze_pairs  none       # default   frozen pairs will not be optimized: Expected format 'a b c d' will freeze pairs ab and cd
freeze_pairs_of_orbital  []         # default    All pairs which originate from this orbital will not be optimized
active_pairs_of_orbital  []         # default    All pairs which originate from this orbital will not be frozen all other pairs will, if this vector is not empty
no_opt_in_first_iteration  false      # default   Do not optimize in the first iteration (then the potentials do not have to be evaluated, use this for large guesses)
            exchange  full       # default   approximate exchange with 'neglect' or xc functional -> same syntax as moldft
           save_pnos  true       # default   Save the OBS-PNOs to a file, before and after orthonormalization.
            diagonal  true       # defined   Compute only diagonal PNOs
              orthog  symmetric  # defined   orthogonalization method for PNO basis, also current default for a potential CABS. options: symmetric, canonical, cholesky, rr_cholesky,
         orthog_cabs  default    # default   orthogonalization method for CABS basis. options: symmetric, canonical, cholesky, rr_cholesky, uses same as orbitals basis if default.
               n_pno  8          # defined   desired size of PNO-basis (orbital space)
         cabs_option  none       # default   type of complementary auxiliary basis to be used. can be none ~ no CABS, gbs ~ Gaussian basis set as CABS, requires input via auxbas_file, pno ~ use superfluous PNOs as CABS, mixed ~ gbs&pno-option
       pno_cabs_size  -1         # default   size of a potential pno-cabs. defaults to -1 ~ all remaining PNOs, if pno-cabs or mixed-cabs
           only_diag  false      # default   use only diagonal elements PNOs
         cherry_pick  []         # default   cherry pick option to choose particular set of PNOs, not just blindly by occupation number. can be useful, if only a restricted number of PNOs can be used, to avoid separating degenerate pairs. can be envoked by passing a vector via [ elem1, elem2, ... ]
               gamma  1.4000e+00 # default   The f12 length scale, here to be used to compute f12-integrals
         cabs_thresh  1.0000e-04 # derived    thresh for cabs part
              auxbas  none       # default   atom centered partial wave guess of format like 'h-2s1p-o-3s2p1d'
         auxbas_file  none       # default   Use external comp. aux. basis in addition to the pnos as auxbasis. Give the filename as parameter. Give the auxbas in turbomole format. Don't use contractions. If a file is specified the auxbas parameter has no effect
   print_pno_overlap  true       # default   Print overlap matrix at certain steps in computation, for debugging purposes.
              n_virt  0          # defined   Compute this number of virtuals and include them in the integral construction, experimental and not robust!.
      hardcore_boson  false      # default   compute only integrals for hardcore boson hamiltonian (restricted to double occupations)

end
F12 Operators initialized right
timer:                    Testing F12 Operators     0.74s     0.74s 
timer:  Initializing (active) Exchange Orbitals     1.93s     1.93s 
Size of active mos and their exchange potentials:
K(acmos)=2.984881e-03 Gbyte
acmos   =2.473772e-03 Gbyte
PNO Parameters
pno
       rank_increase  15         # default   maximum rank to increase in every macroiteration
               chunk  100        # default   chunk of functions operated on in parallel when G or K is applied (prevent memory shortage)
               debug  false      # default   debug mode
              freeze  1          # derived   frozen core approximation
             maxrank  4          # defined   maximal pno rank for all pairs
           guesstype  exop       # derived   the guesstype: exop (recommended, multiply polynomial excitation operators onto the occupied orbitals), empty (don't compute a guess), scf (use the ao basis from the SCF solver), partial_wave (create s,p,d ..., type functions and place on atoms), predefined (same as partial_wave but for predefined sets)
                exop  multipole  # derived   this string defines which excitation operators can be used, use 'dipole', 'dipole+', 'quadrupole', 'ocopole', or 'multipole', need to set guesstype to 'exop' which is the default
          exop_trigo  true       # default   use trigonometric excitation operators ( x --> sin(x)
        partial_wave             # default   atom centered partial wave guess of format like 'h-2s1p-o-3s2p1d', need to set guesstype to 'partial_wave' and adaptive_solver to 'none'
          predefined             # default   predefined partial wave guesses of type pvxz with x=d,t,q,5,6, need to set guesstype to 'predefined' and adaptive_solver to 'none'
           maxiter_t  100        # default   maximal number of iterations in the amplitude solver
       maxiter_micro  10         # default   Maximum of iterations for every cycle in the adaptive solver
       maxiter_macro  10         # default   Maximum of iterations of cycles in the adaptive solver
                tpno  1.0000e-08 # default   PNO cutoff threshold
          tpno_tight  1.0000e-10 # derived   PNO cutoff for the first iteration
    canonicalize_pno  true       # default   canonicalize the pnos before the amplitude solver
              thresh  1.0000e-04 # defined   MRA threshold
         econv_micro  1.0000e-04 # derived   Energy convergence for microiterations (Greens function based optimization) in adaptive solver
         econv_pairs  1.0000e-05 # derived   ENergy convergence for individual pairs in adaptive solver. Converged pairs are frozen automatically
         econv_macro  1.0000e-04 # derived   Energy convergence for macroiterations in adaptive solver, no effect if adaptive_solver is deactivated
               dconv  1.0000e-01 # default   convergence of every PNO in the Green's function solver
           op_thresh  1.0000e-06 # default   MRA operator thresh
             restart  none       # derived   restart pairs of this type, use 'mp2', 'cispd', 'all' or 'none'
          no_compute  none       # default   do not compute the pairs of this type, use 'mp2', 'cispd', 'all' or 'none'
              no_opt  none       # default   do not optimize the pnos of this type, use 'mp2', 'cispd', 'all' or 'none'
            no_guess  none       # derived   guess for this type will be empty, use 'mp2', 'cispd', 'all' or 'none'
     adaptive_solver  all        # default   Use adaptive solver for those pairs, use 'mp2', 'cispd', 'all' or 'none', works only in combination with guesstype 'exop'
                kain  true       # default   use KAIN solver in amplitude solver
       kain_subspace  5          # default   subspace size of the KAIN solver (amplitudes)
                 f12  false      # defined   use explicit correlation
        cispd_number  -1         # default   CIS(D) excitation numbers, to read in correct functions
        cispd_energy  0.0000e+00 # default   CIS energy
        freeze_pairs  none       # default   frozen pairs will not be optimized: Expected format 'a b c d' will freeze pairs ab and cd
freeze_pairs_of_orbital  []         # default    All pairs which originate from this orbital will not be optimized
active_pairs_of_orbital  []         # default    All pairs which originate from this orbital will not be frozen all other pairs will, if this vector is not empty
no_opt_in_first_iteration  false      # default   Do not optimize in the first iteration (then the potentials do not have to be evaluated, use this for large guesses)
            exchange  full       # default   approximate exchange with 'neglect' or xc functional -> same syntax as moldft
           save_pnos  true       # default   Save the OBS-PNOs to a file, before and after orthonormalization.
            diagonal  true       # defined   Compute only diagonal PNOs

end

**********************
Solve PNO-MP2
*********************


**********************
Iterate Pairs
*********************


************************
Adaptive Solver
***********************

Initializing empty Pairs:
no guess was explicitly demanded for mp2

timer:                                     RRCD     0.00s     0.00s 
timer:                             MRA compress     0.00s     0.00s 
timer:                          Transform Pairs     0.00s     0.00s 
timer:          apply Q and orthonormalize PNOs     0.00s     0.00s 
Created Guess:
pair11 with 0 guess functions
pair21 with 0 guess functions
pair22 with 0 guess functions
guess pair11 size: 0.0000000000e+00 | 0.0000000000e+00 Gbyte (after truncation)
guess pair22 size: 0.0000000000e+00 | 0.0000000000e+00 Gbyte (after truncation)
timer:                           truncate guess     0.00s     0.00s 
timer:                         Initialize Pairs     0.00s     0.00s 
Keyword multipole is not known
Guess protocol for adaptively growing ranks is: [dipole+, quadrupole, big_fock_3, big_fock_3, big_fock_3, big_fock_3, big_fock_3, big_fock_3, big_fock_3, big_fock_3]


--------Adaptive Solver Macroiteration 0 from max 10 ----------

Growing ranks with exop=dipole+
Create guess functions by multiplying plane-waves to 1 functions 
Created 4 virtuals for pair11
pair21 is frozen: no growing
Create guess functions by multiplying plane-waves to 1 functions 
Created 4 virtuals for pair22
frozen pair: no orthonormalization
timer:                                     RRCD     0.03s     0.03s 
timer:                             MRA compress     0.00s     0.00s 
timer:                          Transform Pairs     0.10s     0.10s 
timer:                        grow PNO subspace     1.75s     1.75s 
SolveInternal: Parameters are assigned as
no_compute        = false
no_opt            = false
restart           = false
do_cispd          = false
econv             =1.0000000000e-04
maxrank (min,max) = (4,4)
Solving MP2 doubles
timer:          fock matrix     2.76s     2.76s
Information About All Pairs:
mp2_pair11           number=0 rank=  4 frozen=false
mp2_pair21           number=1 rank=  0 frozen=true
mp2_pair22           number=2 rank=  4 frozen=false
number of pairs=3
average rank   =2 (2.6666666667e+00)
largest rank   =4
PNOPairs Memory Information
Total: 0.0098133087 GB 
PNO  : 0.0098133087 GB 
KPNO : 0.0000000000 GB 
W    : 0.0000000000 GB 

timer:                                 truncate     0.04s     0.04s 
wall time=85.0557570457 chunk=8 allK.size()=8 memory=0.0093226433 GB
timer:                             compute KPNO     4.05s     4.05s 
wall time=85.2138140202 chunk=8 allJ.size()=8 memory=0.0107128620 GB
timer:                             compute JPNO     0.16s     0.16s 
timer:                    compute Fock matrices     1.20s     1.20s 
timer:                             MRA compress     0.00s     0.00s 
timer:                          Transform Pairs     0.26s     0.26s 
timer:                             Canonicalize     0.27s     0.27s 
PNOPairs Memory Information
Total: 0.0188906193 GB 
PNO  : 0.0095679760 GB 
KPNO : 0.0093226433 GB 
W    : 0.0000000000 GB 

timer:                                 truncate     0.06s     0.06s 
mp2_pair21 is frozen: potential not computed
timer:                   Fluctuation Potentials     2.11s     2.11s 
timer:                       Fluctuation Matrix     0.15s     0.15s 
PNOPairs Memory Information
Total: 0.0329563618 GB 
PNO  : 0.0095679760 GB 
KPNO : 0.0093226433 GB 
W    : 0.0140657425 GB 

PNOPairs Memory Information
Total: 0.0329563618 GB 
PNO  : 0.0095679760 GB 
KPNO : 0.0093226433 GB 
W    : 0.0140657425 GB 

timer:                                 truncate     0.03s     0.03s 
timer:                             PNO Overlaps     0.05s     0.05s 
t_iter =  0  Hylleraas energy =  0.0000000000  ||R||_F =  0.1842973498  conv =  no
subspace solution [*]   1.00000000

t_iter =  1  Hylleraas energy =  -0.0275576642  ||R||_F =  0.0000000422  conv =  yes
=======================================================

Hylleraas MP2 Energies

=======================================================
    i    j      singlet      triplet        Total
=======================================================
    1    1  -1.28144e-02  0.00000e+00 -1.28144e-02
    2    1   0.00000e+00  0.00000e+00  0.00000e+00
    2    2  -1.47432e-02  0.00000e+00 -1.47432e-02
=======================================================
Hylleraas MP2 Energies (singlet): -2.75577e-02
Hylleraas MP2 Energies (triplet):  0.00000e+00
Hylleraas MP2 Energies (total)  : -2.75577e-02
=======================================================
-------------------------------------------
Total Reg Energy  =-2.75577e-02
Total F12 Energy  = 0.00000e+00
Sum Energies Total=-2.75577e-02
-------------------------------------------
timer:                         Solve Amplitudes     0.00s     0.00s 
No optimization untill now: Compressing pno ranks with tighter threshold
1.00000e-10 instead of 1.00000e-08
pair11: density evals:
 [*]   0.00336567   0.00418752   0.00418752   0.00496275

pair22: density evals:
 [*]   0.00317016   0.00384028   0.00384028   0.02014449

timer:                            compress PNOs     0.00s     0.00s 
timer:                             MRA compress     0.00s     0.00s 
timer:                          Transform Pairs     0.44s     0.44s 
timer:                          PNO Compression     0.44s     0.44s 
Information About All Pairs:
mp2_pair11           number=0 rank=  4 frozen=false
mp2_pair21           number=1 rank=  0 frozen=true
mp2_pair22           number=2 rank=  4 frozen=false
number of pairs=3
average rank   =2 (2.66667e+00)
largest rank   =4
saving vector of functions mp2_pair11
saving vector of functions mp2_pair22
timer:                        save pnos on disc     0.16s     0.16s 
PNOPairs Memory Information
Total: 0.03304 GB 
PNO  : 0.00965 GB 
KPNO : 0.00949 GB 
W    : 0.01390 GB 

timer:                                 truncate     0.03s     0.03s 
timer:      compute densities for G application     0.00s     0.00s 
pair21 is frozen: no optimization
timer:                Prepare for G application     0.43s     0.43s 
timer:                                    add K     0.03s     0.03s 
size of all Vpsi potentials (without Vnuc and J) 0.01169 GB 
time=90.87801 chunk=8 Vpsi+Vnuc+J=0.03042 GB
time=90.94384 chunk=8 Vpsi+Vnuc+J=0.03042 GB (after truncation)
timer:                           Apply G to all     2.76s     2.76s 
timer:                       apply Q and update     0.00s     0.00s 
mp2_pair11 residual norms:
[0.43564, 0.36367, 0.36367, 0.44470]
mp2_pair11 scaled residual norms:
[0.02527, 0.02353, 0.02353, 0.03133]
mp2_pair22 residual norms:
[0.44416, 0.36878, 0.36878, 0.37807]
mp2_pair22 scaled residual norms:
[0.02501, 0.02285, 0.02285, 0.05366]
timer:                          update all PNOs     3.23s     3.23s 
frozen pair: no orthonormalization
timer:                                     RRCD     0.04s     0.04s 
timer:                             MRA compress     0.00s     0.00s 
timer:                          Transform Pairs     0.09s     0.09s 
saving vector of functions mp2_pair11
saving vector of functions mp2_pair22
timer:                        save pnos on disc     0.18s     0.18s 


No convergence yet. Energy change = 0.02756

timer:                        Whole Iteration 1    12.35s    12.35s 
Information About All Pairs:
mp2_pair11           number=0 rank=  4 frozen=false
mp2_pair21           number=1 rank=  0 frozen=true
mp2_pair22           number=2 rank=  4 frozen=false
number of pairs=3
average rank   =2 (2.66667)
largest rank   =4
PNOPairs Memory Information
Total: 0.01006 GB 
PNO  : 0.01006 GB 
KPNO : 0.00000 GB 
W    : 0.00000 GB 

timer:                                 truncate     0.07s     0.07s 
wall time=97.36777 chunk=8 allK.size()=8 memory=0.00949 GB
timer:                             compute KPNO     3.97s     3.97s 
wall time=97.50106 chunk=8 allJ.size()=8 memory=0.01055 GB
timer:                             compute JPNO     0.13s     0.13s 
timer:                    compute Fock matrices     1.30s     1.30s 
timer:                             MRA compress     0.00s     0.00s 
timer:                          Transform Pairs     0.22s     0.22s 
timer:                             Canonicalize     0.23s     0.23s 
PNOPairs Memory Information
Total: 0.01905 GB 
PNO  : 0.00981 GB 
KPNO : 0.00924 GB 
W    : 0.00000 GB 

timer:                                 truncate     0.04s     0.04s 
mp2_pair21 is frozen: potential not computed
timer:                   Fluctuation Potentials     2.11s     2.11s 
timer:                       Fluctuation Matrix     0.18s     0.18s 
PNOPairs Memory Information
Total: 0.03377 GB 
PNO  : 0.00981 GB 
KPNO : 0.00924 GB 
W    : 0.01472 GB 

PNOPairs Memory Information
Total: 0.03377 GB 
PNO  : 0.00981 GB 
KPNO : 0.00924 GB 
W    : 0.01472 GB 

timer:                                 truncate     0.06s     0.06s 
timer:                             PNO Overlaps     0.06s     0.06s 
t_iter =  0  Hylleraas energy =  0.00000  ||R||_F =  0.27411  conv =  no
subspace solution [*]   1.00000000

t_iter =  1  Hylleraas energy =  -0.04765  ||R||_F =  0.00000  conv =  yes
=======================================================

Hylleraas MP2 Energies

=======================================================
    i    j      singlet      triplet        Total
=======================================================
    1    1  -2.24776e-02  0.00000e+00 -2.24776e-02
    2    1   0.00000e+00  0.00000e+00  0.00000e+00
    2    2  -2.51711e-02  0.00000e+00 -2.51711e-02
=======================================================
Hylleraas MP2 Energies (singlet): -4.76486e-02
Hylleraas MP2 Energies (triplet):  0.00000e+00
Hylleraas MP2 Energies (total)  : -4.76486e-02
=======================================================
-------------------------------------------
Total Reg Energy  =-4.76486e-02
Total F12 Energy  = 0.00000e+00
Sum Energies Total=-4.76486e-02
-------------------------------------------
timer:                         Solve Amplitudes     0.00s     0.00s 
pair11: density evals:
 [*]   0.00434291   0.00506996   0.00506996   0.00786303

pair22: density evals:
 [*]   0.00406207   0.00447485   0.00447485   0.03126144

timer:                            compress PNOs     0.00s     0.00s 
timer:                             MRA compress     0.00s     0.00s 
timer:                          Transform Pairs     0.36s     0.36s 
timer:                          PNO Compression     0.37s     0.37s 
Information About All Pairs:
mp2_pair11           number=0 rank=  4 frozen=false
mp2_pair21           number=1 rank=  0 frozen=true
mp2_pair22           number=2 rank=  4 frozen=false
number of pairs=3
average rank   =2 (2.66667e+00)
largest rank   =4
saving vector of functions mp2_pair11
saving vector of functions mp2_pair22
timer:                        save pnos on disc     0.18s     0.18s 
PNOPairs Memory Information
Total: 0.03353 GB 
PNO  : 0.00973 GB 
KPNO : 0.00924 GB 
W    : 0.01456 GB 

timer:                                 truncate     0.11s     0.11s 
timer:      compute densities for G application     0.00s     0.00s 
pair21 is frozen: no optimization
timer:                Prepare for G application     0.41s     0.41s 
timer:                                    add K     0.03s     0.03s 
size of all Vpsi potentials (without Vnuc and J) 0.01308 GB 
time=103.26565 chunk=8 Vpsi+Vnuc+J=0.02969 GB
time=103.32677 chunk=8 Vpsi+Vnuc+J=0.02870 GB (after truncation)
timer:                           Apply G to all     2.89s     2.89s 
timer:                       apply Q and update     0.00s     0.00s 
mp2_pair11 residual norms:
[0.10861, 0.09768, 0.09768, 0.13175]
mp2_pair11 scaled residual norms:
[0.00716, 0.00696, 0.00696, 0.01168]
mp2_pair22 residual norms:
[0.11358, 0.09289, 0.09289, 0.09231]
mp2_pair22 scaled residual norms:
[0.00724, 0.00621, 0.00621, 0.01632]
timer:                          update all PNOs     3.33s     3.33s 
frozen pair: no orthonormalization
timer:                                     RRCD     0.06s     0.06s 
timer:                             MRA compress     0.00s     0.00s 
timer:                          Transform Pairs     0.12s     0.12s 
saving vector of functions mp2_pair11
saving vector of functions mp2_pair22
timer:                        save pnos on disc     0.44s     0.44s 


No convergence yet. Energy change = 0.02009

timer:                        Whole Iteration 2    12.85s    12.85s 
Information About All Pairs:
mp2_pair11           number=0 rank=  4 frozen=false
mp2_pair21           number=1 rank=  0 frozen=true
mp2_pair22           number=2 rank=  4 frozen=false
number of pairs=3
average rank   =2 (2.66667)
largest rank   =4
PNOPairs Memory Information
Total: 0.00973 GB 
PNO  : 0.00973 GB 
KPNO : 0.00000 GB 
W    : 0.00000 GB 

timer:                                 truncate     0.03s     0.03s 
wall time=110.06794 chunk=8 allK.size()=8 memory=0.00965 GB
timer:                             compute KPNO     3.87s     3.87s 
wall time=110.22572 chunk=8 allJ.size()=8 memory=0.01088 GB
timer:                             compute JPNO     0.16s     0.16s 
timer:                    compute Fock matrices     1.34s     1.34s 
timer:                             MRA compress     0.00s     0.00s 
timer:                          Transform Pairs     0.23s     0.23s 
timer:                             Canonicalize     0.23s     0.23s 
PNOPairs Memory Information
Total: 0.01905 GB 
PNO  : 0.00965 GB 
KPNO : 0.00940 GB 
W    : 0.00000 GB 

timer:                                 truncate     0.06s     0.06s 
mp2_pair21 is frozen: potential not computed
timer:                   Fluctuation Potentials     1.98s     1.98s 
timer:                       Fluctuation Matrix     0.11s     0.11s 
PNOPairs Memory Information
Total: 0.03410 GB 
PNO  : 0.00965 GB 
KPNO : 0.00940 GB 
W    : 0.01505 GB 

PNOPairs Memory Information
Total: 0.03410 GB 
PNO  : 0.00965 GB 
KPNO : 0.00940 GB 
W    : 0.01505 GB 

timer:                                 truncate     0.06s     0.06s 
timer:                             PNO Overlaps     0.07s     0.07s 
t_iter =  0  Hylleraas energy =  0.00000  ||R||_F =  0.29443  conv =  no
subspace solution [*]   1.00000000

t_iter =  1  Hylleraas energy =  -0.04995  ||R||_F =  0.00000  conv =  yes
=======================================================

Hylleraas MP2 Energies

=======================================================
    i    j      singlet      triplet        Total
=======================================================
    1    1  -2.36679e-02  0.00000e+00 -2.36679e-02
    2    1   0.00000e+00  0.00000e+00  0.00000e+00
    2    2  -2.62871e-02  0.00000e+00 -2.62871e-02
=======================================================
Hylleraas MP2 Energies (singlet): -4.99550e-02
Hylleraas MP2 Energies (triplet):  0.00000e+00
Hylleraas MP2 Energies (total)  : -4.99550e-02
=======================================================
-------------------------------------------
Total Reg Energy  =-4.99550e-02
Total F12 Energy  = 0.00000e+00
Sum Energies Total=-4.99550e-02
-------------------------------------------
timer:                         Solve Amplitudes     0.00s     0.00s 
pair11: density evals:
 [*]   0.00408560   0.00483559   0.00483559   0.00749302

pair22: density evals:
 [*]   0.00380948   0.00423030   0.00423030   0.03057915

timer:                            compress PNOs     0.00s     0.00s 
timer:                             MRA compress     0.00s     0.00s 
timer:                          Transform Pairs     0.42s     0.42s 
timer:                          PNO Compression     0.42s     0.42s 
Information About All Pairs:
mp2_pair11           number=0 rank=  4 frozen=false
mp2_pair21           number=1 rank=  0 frozen=true
mp2_pair22           number=2 rank=  4 frozen=false
number of pairs=3
average rank   =2 (2.66667e+00)
largest rank   =4
saving vector of functions mp2_pair11
saving vector of functions mp2_pair22
timer:                        save pnos on disc     0.38s     0.38s 
PNOPairs Memory Information
Total: 0.03394 GB 
PNO  : 0.00973 GB 
KPNO : 0.00949 GB 
W    : 0.01472 GB 

timer:                                 truncate     0.07s     0.07s 
timer:      compute densities for G application     0.00s     0.00s 
pair21 is frozen: no optimization
timer:                Prepare for G application     0.47s     0.47s 
timer:                                    add K     0.03s     0.03s 
size of all Vpsi potentials (without Vnuc and J) 0.01333 GB 
time=116.13415 chunk=8 Vpsi+Vnuc+J=0.03198 GB
time=116.18700 chunk=8 Vpsi+Vnuc+J=0.03083 GB (after truncation)
timer:                           Apply G to all     2.74s     2.74s 
timer:                       apply Q and update     0.00s     0.00s 
mp2_pair11 residual norms:
[0.03778, 0.03340, 0.03340, 0.05204]
mp2_pair11 scaled residual norms:
[0.00241, 0.00232, 0.00232, 0.00450]
mp2_pair22 residual norms:
[0.04388, 0.03491, 0.03491, 0.03302]
mp2_pair22 scaled residual norms:
[0.00271, 0.00227, 0.00227, 0.00578]
timer:                          update all PNOs     3.27s     3.27s 
frozen pair: no orthonormalization
timer:                                     RRCD     0.03s     0.03s 
timer:                             MRA compress     0.00s     0.00s 
timer:                          Transform Pairs     0.15s     0.15s 
saving vector of functions mp2_pair11
saving vector of functions mp2_pair22
timer:                        save pnos on disc     0.41s     0.41s 


No convergence yet. Energy change = 0.00231

timer:                        Whole Iteration 3    12.68s    12.68s 
Information About All Pairs:
mp2_pair11           number=0 rank=  4 frozen=false
mp2_pair21           number=1 rank=  0 frozen=true
mp2_pair22           number=2 rank=  4 frozen=false
number of pairs=3
average rank   =2 (2.66667)
largest rank   =4
PNOPairs Memory Information
Total: 0.01022 GB 
PNO  : 0.01022 GB 
KPNO : 0.00000 GB 
W    : 0.00000 GB 

timer:                                 truncate     0.07s     0.07s 
wall time=122.86000 chunk=8 allK.size()=8 memory=0.00973 GB
timer:                             compute KPNO     3.94s     3.94s 
wall time=123.00169 chunk=8 allJ.size()=8 memory=0.01112 GB
timer:                             compute JPNO     0.14s     0.14s 
timer:                    compute Fock matrices     1.37s     1.37s 
timer:                             MRA compress     0.00s     0.00s 
timer:                          Transform Pairs     0.29s     0.29s 
timer:                             Canonicalize     0.29s     0.29s 
PNOPairs Memory Information
Total: 0.01954 GB 
PNO  : 0.00998 GB 
KPNO : 0.00957 GB 
W    : 0.00000 GB 

timer:                                 truncate     0.03s     0.03s 
mp2_pair21 is frozen: potential not computed
timer:                   Fluctuation Potentials     2.07s     2.07s 
timer:                       Fluctuation Matrix     0.13s     0.13s 
PNOPairs Memory Information
Total: 0.03492 GB 
PNO  : 0.00998 GB 
KPNO : 0.00957 GB 
W    : 0.01537 GB 

PNOPairs Memory Information
Total: 0.03492 GB 
PNO  : 0.00998 GB 
KPNO : 0.00957 GB 
W    : 0.01537 GB 

timer:                                 truncate     0.05s     0.05s 
timer:                             PNO Overlaps     0.07s     0.07s 
t_iter =  0  Hylleraas energy =  0.00000  ||R||_F =  0.30110  conv =  no
subspace solution [*]   1.00000000

t_iter =  1  Hylleraas energy =  -0.05029  ||R||_F =  0.00000  conv =  yes
=======================================================

Hylleraas MP2 Energies

=======================================================
    i    j      singlet      triplet        Total
=======================================================
    1    1  -2.38423e-02  0.00000e+00 -2.38423e-02
    2    1   0.00000e+00  0.00000e+00  0.00000e+00
    2    2  -2.64512e-02  0.00000e+00 -2.64512e-02
=======================================================
Hylleraas MP2 Energies (singlet): -5.02935e-02
Hylleraas MP2 Energies (triplet):  0.00000e+00
Hylleraas MP2 Energies (total)  : -5.02935e-02
=======================================================
-------------------------------------------
Total Reg Energy  =-5.02935e-02
Total F12 Energy  = 0.00000e+00
Sum Energies Total=-5.02935e-02
-------------------------------------------
timer:                         Solve Amplitudes     0.00s     0.00s 
pair11: density evals:
 [*]   0.00394911   0.00470720   0.00470720   0.00720048

pair22: density evals:
 [*]   0.00367734   0.00410280   0.00410280   0.02992275

timer:                            compress PNOs     0.00s     0.00s 
timer:                             MRA compress     0.00s     0.00s 
timer:                          Transform Pairs     0.45s     0.45s 
timer:                          PNO Compression     0.45s     0.45s 
Information About All Pairs:
mp2_pair11           number=0 rank=  4 frozen=false
mp2_pair21           number=1 rank=  0 frozen=true
mp2_pair22           number=2 rank=  4 frozen=false
number of pairs=3
average rank   =2 (2.66667e+00)
largest rank   =4
saving vector of functions mp2_pair11
saving vector of functions mp2_pair22
timer:                        save pnos on disc     0.19s     0.19s 
PNOPairs Memory Information
Total: 0.03459 GB 
PNO  : 0.01006 GB 
KPNO : 0.00965 GB 
W    : 0.01488 GB 

timer:                                 truncate     0.04s     0.04s 
timer:      compute densities for G application     0.00s     0.00s 
pair21 is frozen: no optimization
timer:                Prepare for G application     0.55s     0.55s 
timer:                                    add K     0.04s     0.04s 
size of all Vpsi potentials (without Vnuc and J) 0.01341 GB 
time=128.98235 chunk=8 Vpsi+Vnuc+J=0.03222 GB
time=129.05107 chunk=8 Vpsi+Vnuc+J=0.03108 GB (after truncation)
timer:                           Apply G to all     2.72s     2.72s 
timer:                       apply Q and update     0.00s     0.00s 
mp2_pair11 residual norms:
[0.01382, 0.01208, 0.01208, 0.02187]
mp2_pair11 scaled residual norms:
[0.00087, 0.00083, 0.00083, 0.00186]
mp2_pair22 residual norms:
[0.01964, 0.01610, 0.01610, 0.01284]
mp2_pair22 scaled residual norms:
[0.00119, 0.00103, 0.00103, 0.00222]
timer:                          update all PNOs     3.30s     3.30s 
frozen pair: no orthonormalization
timer:                                     RRCD     0.08s     0.08s 
timer:                             MRA compress     0.00s     0.00s 
timer:                          Transform Pairs     0.13s     0.13s 
saving vector of functions mp2_pair11
saving vector of functions mp2_pair22
timer:                        save pnos on disc     0.18s     0.18s 


No convergence yet. Energy change = 0.00034

timer:                        Whole Iteration 4    12.61s    12.61s 
Information About All Pairs:
mp2_pair11           number=0 rank=  4 frozen=false
mp2_pair21           number=1 rank=  0 frozen=true
mp2_pair22           number=2 rank=  4 frozen=false
number of pairs=3
average rank   =2 (2.66667)
largest rank   =4
PNOPairs Memory Information
Total: 0.01030 GB 
PNO  : 0.01030 GB 
KPNO : 0.00000 GB 
W    : 0.00000 GB 

timer:                                 truncate     0.07s     0.07s 
wall time=135.36409 chunk=8 allK.size()=8 memory=0.00973 GB
timer:                             compute KPNO     3.83s     3.83s 
wall time=135.49776 chunk=8 allJ.size()=8 memory=0.01120 GB
timer:                             compute JPNO     0.13s     0.13s 
timer:                    compute Fock matrices     1.46s     1.46s 
timer:                             MRA compress     0.00s     0.00s 
timer:                          Transform Pairs     0.25s     0.25s 
timer:                             Canonicalize     0.25s     0.25s 
PNOPairs Memory Information
Total: 0.01971 GB 
PNO  : 0.00998 GB 
KPNO : 0.00973 GB 
W    : 0.00000 GB 

timer:                                 truncate     0.03s     0.03s 
mp2_pair21 is frozen: potential not computed
timer:                   Fluctuation Potentials     1.90s     1.90s 
timer:                       Fluctuation Matrix     0.19s     0.19s 
PNOPairs Memory Information
Total: 0.03492 GB 
PNO  : 0.00998 GB 
KPNO : 0.00973 GB 
W    : 0.01521 GB 

PNOPairs Memory Information
Total: 0.03492 GB 
PNO  : 0.00998 GB 
KPNO : 0.00973 GB 
W    : 0.01521 GB 

timer:                                 truncate     0.07s     0.07s 
timer:                             PNO Overlaps     0.07s     0.07s 
t_iter =  0  Hylleraas energy =  0.00000  ||R||_F =  0.30361  conv =  no
subspace solution [*]   1.00000000

t_iter =  1  Hylleraas energy =  -0.05035  ||R||_F =  0.00000  conv =  yes
=======================================================

Hylleraas MP2 Energies

=======================================================
    i    j      singlet      triplet        Total
=======================================================
    1    1  -2.38700e-02  0.00000e+00 -2.38700e-02
    2    1   0.00000e+00  0.00000e+00  0.00000e+00
    2    2  -2.64804e-02  0.00000e+00 -2.64804e-02
=======================================================
Hylleraas MP2 Energies (singlet): -5.03504e-02
Hylleraas MP2 Energies (triplet):  0.00000e+00
Hylleraas MP2 Energies (total)  : -5.03504e-02
=======================================================
-------------------------------------------
Total Reg Energy  =-5.03504e-02
Total F12 Energy  = 0.00000e+00
Sum Energies Total=-5.03504e-02
-------------------------------------------
timer:                         Solve Amplitudes     0.00s     0.00s 
pair11: density evals:
 [*]   0.00389332   0.00465369   0.00465369   0.00705848

pair22: density evals:
 [*]   0.00361801   0.00404291   0.00404291   0.02961709

timer:                            compress PNOs     0.00s     0.00s 
timer:                             MRA compress     0.00s     0.00s 
timer:                          Transform Pairs     0.32s     0.32s 
timer:                          PNO Compression     0.32s     0.32s 
Information About All Pairs:
mp2_pair11           number=0 rank=  4 frozen=false
mp2_pair21           number=1 rank=  0 frozen=true
mp2_pair22           number=2 rank=  4 frozen=false
number of pairs=3
average rank   =2 (2.66667e+00)
largest rank   =4
saving vector of functions mp2_pair11
saving vector of functions mp2_pair22
timer:                        save pnos on disc     0.18s     0.18s 
PNOPairs Memory Information
Total: 0.03492 GB 
PNO  : 0.01014 GB 
KPNO : 0.00973 GB 
W    : 0.01505 GB 

timer:                                 truncate     0.04s     0.04s 
timer:      compute densities for G application     0.00s     0.00s 
pair21 is frozen: no optimization
timer:                Prepare for G application     0.36s     0.36s 
timer:                                    add K     0.02s     0.02s 
size of all Vpsi potentials (without Vnuc and J) 0.01366 GB 
time=141.15378 chunk=8 Vpsi+Vnuc+J=0.03230 GB
time=141.20222 chunk=8 Vpsi+Vnuc+J=0.03116 GB (after truncation)
timer:                           Apply G to all     2.91s     2.91s 
timer:                       apply Q and update     0.00s     0.00s 
mp2_pair11 residual norms:
[0.00523, 0.00452, 0.00452, 0.00931]
mp2_pair11 scaled residual norms:
[0.00033, 0.00031, 0.00031, 0.00078]
mp2_pair22 residual norms:
[0.00963, 0.00841, 0.00841, 0.00515]
mp2_pair22 scaled residual norms:
[0.00058, 0.00053, 0.00053, 0.00089]
timer:                          update all PNOs     3.30s     3.30s 
frozen pair: no orthonormalization
timer:                                     RRCD     0.07s     0.07s 
timer:                             MRA compress     0.00s     0.00s 
timer:                          Transform Pairs     0.16s     0.16s 
saving vector of functions mp2_pair11
saving vector of functions mp2_pair22
timer:                        save pnos on disc     0.16s     0.16s 


CONVERGED!
energy change = 0.00006

re-entering loop to compute the correct amplitudes and energies
timer:                        Whole Iteration 5    12.28s    12.28s 
Information About All Pairs:
mp2_pair11           number=0 rank=  4 frozen=false
mp2_pair21           number=1 rank=  0 frozen=true
mp2_pair22           number=2 rank=  4 frozen=false
number of pairs=3
average rank   =2 (2.66667)
largest rank   =4
PNOPairs Memory Information
Total: 0.01022 GB 
PNO  : 0.01022 GB 
KPNO : 0.00000 GB 
W    : 0.00000 GB 

timer:                                 truncate     0.04s     0.04s 
wall time=147.70645 chunk=8 allK.size()=8 memory=0.00973 GB
timer:                             compute KPNO     3.93s     3.93s 
wall time=147.87836 chunk=8 allJ.size()=8 memory=0.01112 GB
timer:                             compute JPNO     0.17s     0.17s 
timer:                    compute Fock matrices     1.21s     1.21s 
timer:                             MRA compress     0.00s     0.00s 
timer:                          Transform Pairs     0.27s     0.27s 
timer:                             Canonicalize     0.28s     0.28s 
PNOPairs Memory Information
Total: 0.01963 GB 
PNO  : 0.00990 GB 
KPNO : 0.00973 GB 
W    : 0.00000 GB 

timer:                                 truncate     0.06s     0.06s 
mp2_pair21 is frozen: potential not computed
timer:                   Fluctuation Potentials     1.88s     1.88s 
timer:                       Fluctuation Matrix     0.17s     0.17s 
PNOPairs Memory Information
Total: 0.03484 GB 
PNO  : 0.00990 GB 
KPNO : 0.00973 GB 
W    : 0.01521 GB 

PNOPairs Memory Information
Total: 0.03484 GB 
PNO  : 0.00990 GB 
KPNO : 0.00973 GB 
W    : 0.01521 GB 

timer:                                 truncate     0.05s     0.05s 
timer:                             PNO Overlaps     0.09s     0.09s 
t_iter =  0  Hylleraas energy =  0.00000  ||R||_F =  0.30462  conv =  no
subspace solution [*]   1.00000000

t_iter =  1  Hylleraas energy =  -0.05036  ||R||_F =  0.00000  conv =  yes
=======================================================

Hylleraas MP2 Energies

=======================================================
    i    j      singlet      triplet        Total
=======================================================
    1    1  -2.38746e-02  0.00000e+00 -2.38746e-02
    2    1   0.00000e+00  0.00000e+00  0.00000e+00
    2    2  -2.64854e-02  0.00000e+00 -2.64854e-02
=======================================================
Hylleraas MP2 Energies (singlet): -5.03600e-02
Hylleraas MP2 Energies (triplet):  0.00000e+00
Hylleraas MP2 Energies (total)  : -5.03600e-02
=======================================================
-------------------------------------------
Total Reg Energy  =-5.03600e-02
Total F12 Energy  = 0.00000e+00
Sum Energies Total=-5.03600e-02
-------------------------------------------
timer:                         Solve Amplitudes     0.00s     0.00s 
pair11: density evals:
 [*]   0.00387131   0.00463226   0.00463226   0.00699558

pair22: density evals:
 [*]   0.00359087   0.00401335   0.00401335   0.02948613

timer:                            compress PNOs     0.00s     0.00s 
timer:                             MRA compress     0.00s     0.00s 
timer:                          Transform Pairs     0.50s     0.50s 
timer:                          PNO Compression     0.50s     0.50s 
Information About All Pairs:
mp2_pair11           number=0 rank=  4 frozen=false
mp2_pair21           number=1 rank=  0 frozen=true
mp2_pair22           number=2 rank=  4 frozen=false
number of pairs=3
average rank   =2 (2.66667e+00)
largest rank   =4
saving vector of functions mp2_pair11
saving vector of functions mp2_pair22
timer:                        save pnos on disc     0.19s     0.19s 
exiting: Iterations converged
PNO ranks:
PNO Rank for pair pair11 = 4
PNO Rank for pair pair21 = 0
PNO Rank for pair pair22 = 4
average rank 2.66667e+00
timer:                               PNO::solve    74.15s    74.15s 

--------------------------------
ITERATE-PAIRS-INTERNAL-ENDED
--------------------------------
mp2_pair21 converged!


Adaptive Sovler:
 Current Energy=-5.0360024038e-02
 DeltaE        =-5.0360024038e-02
 max dE (pair) =-2.6485430844e-02 (2)
 all_pairs_conv=false




not converged yet

freeze pair mp2_pair21 (not further optimized: Energy below 1.0000000000e-05)
Maximum Rank of4 reached for all non-frozen pairs, no need to iterate further=======================================================

Final MP2 Energies

=======================================================
    i    j      singlet      triplet        Total
=======================================================
    1    1  -2.38746e-02  0.00000e+00 -2.38746e-02
    2    1   0.00000e+00  0.00000e+00  0.00000e+00
    2    2  -2.64854e-02  0.00000e+00 -2.64854e-02
=======================================================
Final MP2 Energies (singlet): -5.03600e-02
Final MP2 Energies (triplet):  0.00000e+00
Final MP2 Energies (total)  : -5.03600e-02
=======================================================
-------------------------------------------
Total Reg Energy  =-5.03600e-02
Total F12 Energy  = 0.00000e+00
Sum Energies Total=-5.03600e-02
-------------------------------------------
Average | Max Rank: 2 | 4



--------------------------------------------------
MRA-PNO-MP2-F12 ended 
--------------------------------------------------
                 time scf = 7.13211e+01
               energy scf = -1.56763e+01
--------------------------------------------------
restarting PNO to reload pairs that converged before and were frozen
PNO Parameters
pno
       rank_increase  15         # default   maximum rank to increase in every macroiteration
               chunk  100        # default   chunk of functions operated on in parallel when G or K is applied (prevent memory shortage)
               debug  false      # default   debug mode
              freeze  1          # derived   frozen core approximation
             maxrank  4          # defined   maximal pno rank for all pairs
           guesstype  exop       # derived   the guesstype: exop (recommended, multiply polynomial excitation operators onto the occupied orbitals), empty (don't compute a guess), scf (use the ao basis from the SCF solver), partial_wave (create s,p,d ..., type functions and place on atoms), predefined (same as partial_wave but for predefined sets)
                exop  multipole  # derived   this string defines which excitation operators can be used, use 'dipole', 'dipole+', 'quadrupole', 'ocopole', or 'multipole', need to set guesstype to 'exop' which is the default
          exop_trigo  true       # default   use trigonometric excitation operators ( x --> sin(x)
        partial_wave             # default   atom centered partial wave guess of format like 'h-2s1p-o-3s2p1d', need to set guesstype to 'partial_wave' and adaptive_solver to 'none'
          predefined             # default   predefined partial wave guesses of type pvxz with x=d,t,q,5,6, need to set guesstype to 'predefined' and adaptive_solver to 'none'
           maxiter_t  100        # default   maximal number of iterations in the amplitude solver
       maxiter_micro  10         # default   Maximum of iterations for every cycle in the adaptive solver
       maxiter_macro  10         # default   Maximum of iterations of cycles in the adaptive solver
                tpno  1.0000e-08 # default   PNO cutoff threshold
          tpno_tight  1.0000e-10 # derived   PNO cutoff for the first iteration
    canonicalize_pno  true       # default   canonicalize the pnos before the amplitude solver
              thresh  1.0000e-04 # defined   MRA threshold
         econv_micro  1.0000e-04 # derived   Energy convergence for microiterations (Greens function based optimization) in adaptive solver
         econv_pairs  1.0000e-05 # derived   ENergy convergence for individual pairs in adaptive solver. Converged pairs are frozen automatically
         econv_macro  1.0000e-04 # derived   Energy convergence for macroiterations in adaptive solver, no effect if adaptive_solver is deactivated
               dconv  1.0000e-01 # default   convergence of every PNO in the Green's function solver
           op_thresh  1.0000e-06 # default   MRA operator thresh
             restart  all        # defined   restart pairs of this type, use 'mp2', 'cispd', 'all' or 'none'
          no_compute  none       # default   do not compute the pairs of this type, use 'mp2', 'cispd', 'all' or 'none'
              no_opt  all        # defined   do not optimize the pnos of this type, use 'mp2', 'cispd', 'all' or 'none'
            no_guess  all        # defined   guess for this type will be empty, use 'mp2', 'cispd', 'all' or 'none'
     adaptive_solver  none       # defined   Use adaptive solver for those pairs, use 'mp2', 'cispd', 'all' or 'none', works only in combination with guesstype 'exop'
                kain  true       # default   use KAIN solver in amplitude solver
       kain_subspace  5          # default   subspace size of the KAIN solver (amplitudes)
                 f12  false      # defined   use explicit correlation
        cispd_number  -1         # default   CIS(D) excitation numbers, to read in correct functions
        cispd_energy  0.0000e+00 # default   CIS energy
        freeze_pairs  none       # default   frozen pairs will not be optimized: Expected format 'a b c d' will freeze pairs ab and cd
freeze_pairs_of_orbital  []         # default    All pairs which originate from this orbital will not be optimized
active_pairs_of_orbital  []         # default    All pairs which originate from this orbital will not be frozen all other pairs will, if this vector is not empty
no_opt_in_first_iteration  false      # default   Do not optimize in the first iteration (then the potentials do not have to be evaluated, use this for large guesses)
            exchange  full       # default   approximate exchange with 'neglect' or xc functional -> same syntax as moldft
           save_pnos  true       # default   Save the OBS-PNOs to a file, before and after orthonormalization.
            diagonal  true       # defined   Compute only diagonal PNOs

end

**********************
Solve PNO-MP2
*********************


**********************
Iterate Pairs
*********************


************************
Standard Solver
***********************

Initializing Pairs:
Restart demanded for mp2 pairs
loading vector of functions mp2_pair11
Found PNOs for mp2_pair11 with rank 4
loading vector of functions mp2_pair21
failed to find PNO mp2_pair21 initialize as zero function
nloading vector of functions mp2_pair22
Found PNOs for mp2_pair22 with rank 4
no guess was explicitly demanded for mp2

timer:                                     RRCD     0.06s     0.06s 
timer:                             MRA compress     0.00s     0.00s 
timer:                          Transform Pairs     0.09s     0.09s 
timer:          apply Q and orthonormalize PNOs     0.46s     0.46s 
Created Guess:
pair11 with 4 guess functions
pair21 with 0 guess functions
pair22 with 4 guess functions
guess pair11 size: 4.9884319305e-03 | 4.9884319305e-03 Gbyte (after truncation)
guess pair22 size: 5.0702095032e-03 | 5.0702095032e-03 Gbyte (after truncation)
timer:                           truncate guess     0.03s     0.03s 
timer:                         Initialize Pairs     0.51s     0.51s 
Information About All Pairs:
mp2_pair11           number=0 rank=  4 frozen=false
mp2_pair21           number=1 rank=  0 frozen=true
mp2_pair22           number=2 rank=  4 frozen=false
number of pairs=3
average rank   =2 (2.6666666667e+00)
largest rank   =4
SolveInternal: Parameters are assigned as
no_compute        = false
no_opt            = true
restart           = true
do_cispd          = false
econv             =1.0000000000e-04
maxrank (min,max) = (4,4)
Solving MP2 doubles
timer:          fock matrix     2.61s     2.61s
Information About All Pairs:
mp2_pair11           number=0 rank=  4 frozen=false
mp2_pair21           number=1 rank=  0 frozen=true
mp2_pair22           number=2 rank=  4 frozen=false
number of pairs=3
average rank   =2 (2.6666666667e+00)
largest rank   =4
PNOPairs Memory Information
Total: 0.0100586414 GB 
PNO  : 0.0100586414 GB 
KPNO : 0.0000000000 GB 
W    : 0.0000000000 GB 

timer:                                 truncate     0.04s     0.04s 
wall time=159.3921408653 chunk=8 allK.size()=8 memory=0.0097315311 GB
timer:                             compute KPNO     3.86s     3.86s 
wall time=159.5259709358 chunk=8 allJ.size()=8 memory=0.0109581947 GB
timer:                             compute JPNO     0.13s     0.13s 
timer:                    compute Fock matrices     1.44s     1.44s 
timer:                             MRA compress     0.00s     0.00s 
timer:                          Transform Pairs     0.32s     0.32s 
timer:                             Canonicalize     0.32s     0.32s 
PNOPairs Memory Information
Total: 0.0196266174 GB 
PNO  : 0.0098950863 GB 
KPNO : 0.0097315311 GB 
W    : 0.0000000000 GB 

timer:                                 truncate     0.04s     0.04s 
mp2_pair21 is frozen: potential not computed
timer:                   Fluctuation Potentials     2.20s     2.20s 
timer:                       Fluctuation Matrix     0.12s     0.12s 
PNOPairs Memory Information
Total: 0.0348372459 GB 
PNO  : 0.0098950863 GB 
KPNO : 0.0097315311 GB 
W    : 0.0152106285 GB 

PNOPairs Memory Information
Total: 0.0348372459 GB 
PNO  : 0.0098950863 GB 
KPNO : 0.0097315311 GB 
W    : 0.0152106285 GB 

timer:                                 truncate     0.03s     0.03s 
timer:                             PNO Overlaps     0.06s     0.06s 
t_iter =  0  Hylleraas energy =  0.0000000000  ||R||_F =  0.3046212852  conv =  no
subspace solution [*]   1.00000000

t_iter =  1  Hylleraas energy =  -0.0503603865  ||R||_F =  0.0000000234  conv =  yes
=======================================================

Hylleraas MP2 Energies

=======================================================
    i    j      singlet      triplet        Total
=======================================================
    1    1  -2.38745e-02  0.00000e+00 -2.38745e-02
    2    1   0.00000e+00  0.00000e+00  0.00000e+00
    2    2  -2.64858e-02  0.00000e+00 -2.64858e-02
=======================================================
Hylleraas MP2 Energies (singlet): -5.03604e-02
Hylleraas MP2 Energies (triplet):  0.00000e+00
Hylleraas MP2 Energies (total)  : -5.03604e-02
=======================================================
-------------------------------------------
Total Reg Energy  =-5.03604e-02
Total F12 Energy  = 0.00000e+00
Sum Energies Total=-5.03604e-02
-------------------------------------------
timer:                         Solve Amplitudes     0.00s     0.00s 
No optimization untill now: Compressing pno ranks with tighter threshold
1.00000e-10 instead of 1.00000e-08
pair11: density evals:
 [*]   0.00387125   0.00463226   0.00463226   0.00699558

pair22: density evals:
 [*]   0.00359065   0.00401334   0.00401334   0.02948732

timer:                            compress PNOs     0.00s     0.00s 
timer:                             MRA compress     0.00s     0.00s 
timer:                          Transform Pairs     0.58s     0.58s 
timer:                          PNO Compression     0.59s     0.59s 
Information About All Pairs:
mp2_pair11           number=0 rank=  4 frozen=false
mp2_pair21           number=1 rank=  0 frozen=true
mp2_pair22           number=2 rank=  4 frozen=false
number of pairs=3
average rank   =2 (2.66667e+00)
largest rank   =4
saving vector of functions mp2_pair11
saving vector of functions mp2_pair22
timer:                        save pnos on disc     0.16s     0.16s 
exiting: Found no_opt keyword
PNO ranks:
PNO Rank for pair pair11 = 4
PNO Rank for pair pair21 = 0
PNO Rank for pair pair22 = 4
average rank 2.66667e+00
timer:                               PNO::solve    11.68s    11.68s 

--------------------------------
ITERATE-PAIRS-INTERNAL-ENDED
--------------------------------
=======================================================

Final MP2 Energies

=======================================================
    i    j      singlet      triplet        Total
=======================================================
    1    1  -2.38745e-02  0.00000e+00 -2.38745e-02
    2    1   0.00000e+00  0.00000e+00  0.00000e+00
    2    2  -2.64858e-02  0.00000e+00 -2.64858e-02
=======================================================
Final MP2 Energies (singlet): -5.03604e-02
Final MP2 Energies (triplet):  0.00000e+00
Final MP2 Energies (total)  : -5.03604e-02
=======================================================
-------------------------------------------
Total Reg Energy  =-5.03604e-02
Total F12 Energy  = 0.00000e+00
Sum Energies Total=-5.03604e-02
-------------------------------------------
Average | Max Rank: 2 | 4
                 time pno = 8.03822e+01
               energy mp2 = -5.03604e-02
     average pno rank mp2 = 2
         max pno rank mp2 = 4
--------------------------------------------------
            energy(total) = -1.57266e+01
--------------------------------------------------



Orthonormalization technique used: symmetric
No CABS used.
Tightening thresholds to +0.00010000 for post-processing
Overlap Matrix of all PNOs:
+1.00000665 +0.27654231 -0.00000000 -0.00000000 -0.00000000 -0.00000000 +0.11203429 -0.00000414 
+0.27654231 +1.00000309 -0.00000000 -0.00000000 +0.00000000 +0.00000000 -0.00000927 +0.11025634 
-0.00000000 -0.00000000 +1.00000000 -0.00000000 -0.00936140 -0.08039443 +0.00000000 +0.00000000 
-0.00000000 -0.00000000 -0.00000000 +1.00000000 -0.08039443 +0.00936140 +0.00000000 +0.00000000 
-0.00000000 +0.00000000 -0.00936140 -0.08039443 +1.00000000 +0.00000000 -0.00000000 -0.00000000 
-0.00000000 +0.00000000 -0.08039443 +0.00936140 +0.00000000 +1.00000000 -0.00000000 +0.00000000 
+0.11203429 -0.00000927 +0.00000000 +0.00000000 -0.00000000 -0.00000000 +1.00001760 +0.00062915 
-0.00000414 +0.11025634 +0.00000000 +0.00000000 -0.00000000 +0.00000000 +0.00062915 +1.00000052 
Before cherry pick
rank is +0
all used occupation numbers:
[+0.02948732 +0.00699558 +0.00463226 +0.00463226 +0.00401334 +0.00401334 +0.00387125 +0.00359065 ]
corresponding to active pairs:
[(1,1) (0,0) (0,0) (0,0) (1,1) (1,1) (0,0) (1,1) ]
After cherry pick
all used occupation numbers:
[+0.02948732 +0.00699558 +0.00463226 +0.00463226 +0.00401334 +0.00401334 +0.00387125 +0.00359065 ]
corresponding to active pairs:
[(1,1) (0,0) (0,0) (0,0) (1,1) (1,1) (0,0) (1,1) ]
Overlap Matrix before symmetric
[+0,*]  +1.00000665  +0.27654231  -0.00000000  -0.00000000  -0.00000000  -0.00000000  +0.11203429  -0.00000414
[+1,*]  +0.27654231  +1.00000309  -0.00000000  -0.00000000  +0.00000000  +0.00000000  -0.00000927  +0.11025634
[+2,*]  -0.00000000  -0.00000000  +1.00000000  -0.00000000  -0.00936140  -0.08039443  +0.00000000  +0.00000000
[+3,*]  -0.00000000  -0.00000000  -0.00000000  +1.00000000  -0.08039443  +0.00936140  +0.00000000  +0.00000000
[+4,*]  -0.00000000  +0.00000000  -0.00936140  -0.08039443  +1.00000000  +0.00000000  -0.00000000  -0.00000000
[+5,*]  -0.00000000  +0.00000000  -0.08039443  +0.00936140  +0.00000000  +1.00000000  -0.00000000  +0.00000000
[+6,*]  +0.11203429  -0.00000927  +0.00000000  +0.00000000  -0.00000000  -0.00000000  +1.00001760  +0.00062915
[+7,*]  -0.00000414  +0.11025634  +0.00000000  +0.00000000  -0.00000000  +0.00000000  +0.00062915  +1.00000052
Overlap Matrix after symmetric
[+0,*]  +1.00000000  -0.00000001  -0.00000000  +0.00000000  -0.00000000  -0.00000000  +0.00000000  +0.00000000
[+1,*]  -0.00000001  +1.00000000  -0.00000000  -0.00000000  -0.00000000  -0.00000000  +0.00000000  +0.00000000
[+2,*]  -0.00000000  -0.00000000  +1.00000000  +0.00000000  +0.00000000  +0.00000000  -0.00000000  -0.00000000
[+3,*]  +0.00000000  -0.00000000  +0.00000000  +1.00000000  +0.00000000  -0.00000000  +0.00000000  +0.00000000
[+4,*]  -0.00000000  -0.00000000  +0.00000000  +0.00000000  +1.00000000  -0.00000000  -0.00000000  -0.00000000
[+5,*]  -0.00000000  -0.00000000  +0.00000000  -0.00000000  -0.00000000  +1.00000000  -0.00000000  -0.00000000
[+6,*]  +0.00000000  +0.00000000  -0.00000000  +0.00000000  -0.00000000  -0.00000000  +1.00000000  -0.00000000
[+7,*]  +0.00000000  +0.00000000  -0.00000000  +0.00000000  -0.00000000  -0.00000000  -0.00000000  +1.00000000
Adding 3 HF orbitals
Size before adding CABS: 11.
Size after adding CABS: 11.
Compute G and F Tensor:
Assemble g,f using symmetries...
non zero elements:
 g : +24702
 h : +61
Overlap over whole basis
[+0,*]  +1.00000000  -0.00000431  +0.00000081  -0.00001674  -0.00000389  +0.00000000  +0.00000000  +0.00000000  +0.00000000  +0.00002610  +0.00001825
[+1,*]  -0.00000431  +1.00000000  -0.00000007  +0.00000434  +0.00000102  -0.00000000  +0.00000000  -0.00000000  -0.00000000  -0.00000684  -0.00000476
[+2,*]  +0.00000081  -0.00000007  +1.00000000  +0.00000139  +0.00000028  -0.00000000  +0.00000000  -0.00000000  -0.00000000  -0.00000200  -0.00000147
[+3,*]  -0.00001674  +0.00000434  +0.00000139  +1.00000000  -0.00000001  -0.00000000  +0.00000000  -0.00000000  -0.00000000  +0.00000000  +0.00000000
[+4,*]  -0.00000389  +0.00000102  +0.00000028  -0.00000001  +1.00000000  -0.00000000  -0.00000000  -0.00000000  -0.00000000  +0.00000000  +0.00000000
[+5,*]  +0.00000000  -0.00000000  -0.00000000  -0.00000000  -0.00000000  +1.00000000  +0.00000000  +0.00000000  +0.00000000  -0.00000000  +0.00000000
[+6,*]  +0.00000000  +0.00000000  +0.00000000  +0.00000000  -0.00000000  +0.00000000  +1.00000000  +0.00000000  -0.00000000  -0.00000000  +0.00000000
[+7,*]  +0.00000000  -0.00000000  -0.00000000  -0.00000000  -0.00000000  +0.00000000  +0.00000000  +1.00000000  -0.00000000  -0.00000000  -0.00000000
[+8,*]  +0.00000000  -0.00000000  -0.00000000  -0.00000000  -0.00000000  +0.00000000  -0.00000000  -0.00000000  +1.00000000  +0.00000000  +0.00000000
[+9,*]  +0.00002610  -0.00000684  -0.00000200  +0.00000000  +0.00000000  -0.00000000  -0.00000000  -0.00000000  +0.00000000  +1.00000000  -0.00000000
[+10,*]  +0.00001825  -0.00000476  -0.00000147  +0.00000000  +0.00000000  +0.00000000  +0.00000000  -0.00000000  +0.00000000  -0.00000000  +1.00000000

||S-1||=+0.00005341
finished at time 311.4

    Parallel environment
    --------------------
                  #nodes    1
       #threads per node    11+main = 12
          #total threads    12

  RMI message statistics (min / avg / max)
  ----------------------
   #messages in server q    0.00e+00 / 0.00e+00 / 0.00e+00
 #messages sent per node    0.00e+00 / 0.00e+00 / 0.00e+00
    #bytes sent per node    0.00e+00 / 0.00e+00 / 0.00e+00
 #messages recv per node    0.00e+00 / 0.00e+00 / 0.00e+00
    #bytes recv per node    0.00e+00 / 0.00e+00 / 0.00e+00
        #msgs systemwide    0.00e+00
       #bytes systemwide    0.00e+00

  Thread pool statistics (min / avg / max)
  ----------------------
         #tasks per node    1.87e+07 / 1.87e+07 / 1.87e+07
     #max q len per node    1.47e+04 / 1.47e+04 / 1.47e+04
  #hi-pri tasks per node    5.13e+06 / 5.13e+06 / 5.13e+06

         Total wall time    311.4s
         Total  cpu time    311.4s

