MADNESS runtime initialized with 11 threads in the pool and affinity -1 -1 -1
starting at time 0.0

--------------------------------------------
   MADNESS 0.10.1 multiresolution suite
--------------------------------------------

   number of processors ... 1
    processor frequency ... 3.695898e+09
            host system ... Linux
          configured by ... kottmann
          configured on ... wittgenstein
          configured at ... 2021-02-10T21:25:26
                    CXX ... /usr/bin/c++
               CXXFLAGS ... -O3 -DNDEBUG -I/h/28/kottmann/install/numcpp/include/ -I/h/28/kottmann/install/boost/boost_1_72_0/include/ -std=c++1z
             tuning for ... default
                    MPI ... multiple
 multi-threaded runtime ... MADNESS ThreadPool
                   BLAS ... Intel MKL 64197 64197 MFLOP/s
               compiled ... 13:08:26  on  Feb 23 2021


-------------------------------------------------------------------------------------
SOLVING MRA-PNO-F12 as described in 
J.S. Kottmann, F.A. Bischoff, E.F. Valeev
Direct determination of optimal pair-natural orbitals in a real-space representation:
the second-order Møller-Plesset energy
Journal of Chemical Physics ... 2020
-------------------------------------------------------------------------------------


This script will run PNO-MP2 and print out tensors in binary
Call as: pno_integrals inputfileinput is input
ignoring unknown parameter in input file:  ncf

Angstrom being used to read input coordinates (1 Bohr = 1.88972613 Angstrom)


Asymptotic correction parameters
---------------------------------------
Atom vector is not empty: false
Using multipole approximation: false
Number of electrons = -1
Ionisation energy = 0.000000e+00
E(HOMO) = 0.000000e+00
R1 = 3.000000e+00
R2 = 4.000000e+00
DFT coefficient = 0.000000e+00
Interpolation scheme = linear
constructed symmetry operator for point group C1
dft
              charge  0.0000e+00 # defined   total molecular charge
                  xc  hf         # defined   XC input line
               smear  0.0000e+00 # default   smearing parameter
               econv  1.0000e-04 # defined   energy convergence
               dconv  5.0000e-04 # defined   density convergence
convergence_criteria  [bsh_residual, total_energy] # default   possible values are: bsh_residual, total_energy, each_energy, density
                   k  7          # defined   polynomial order
                   l  5.4756e+01 # derived   user coordinates box size
               deriv  abgv       # default   derivative method                            [abgv, bspline, ble]
           dft_deriv  abgv       # default   derivative method for gga potentials         [abgv, bspline, ble]
             maxrotn  2.5000e-01 # default   step restriction used in autoshift algorithm
             nvalpha  0          # default   number of alpha virtuals to compute
              nvbeta  0          # default   number of beta virtuals to compute
               nopen  0          # default   number of unpaired electrons = nalpha-nbeta
             maxiter  25         # default   maximum number of iterations
                 nio  1          # default   no. of io servers to use
     spin_restricted  true       # default   true if spin restricted
              plotlo  0          # default   range of MOs to print (for both spins if polarized
              plothi  -1         # default   range of MOs to print (for both spins if polarized
            plotdens  false      # default   If true print the density at convergence
            plotcoul  false      # default   If true plot the total coulomb potential at convergence
            localize  boys       # defined   localization method                          [pm, boys, new, canon]
          pointgroup  c1         # derived   use point (sub) group symmetry if not localized[c1, c2, ci, cs, c2v, c2h, d2, d2h]
             restart  false      # default   if true restart from orbitals on disk
           restartao  false      # default   if true restart from orbitals projected into AO basis (STO3G) on disk
          no_compute  false      # default   if true use orbitals on disk, set value to computed
           no_orient  false      # default   if true the molecule coordinates will not be reoriented
                save  true       # default   if true save orbitals to disk
              maxsub  10         # default   size of iterative subspace ... set to 0 or 1 to disable
        orbitalshift  0.0000e+00 # default   scf orbital shift: shift the occ orbitals to lower energies
            npt_plot  101        # default   no. of points to use in each dim for plots
           plot_cell  []         # default   lo hi in each dimension for plotting (default is all space)
             aobasis  6-31g      # derived   AO basis used for initial guess (6-31g or sto-3g)
           core_type  none       # default   core potential type                          [none, mpc]
         derivatives  false      # default   if true calculate nuclear derivatives
              dipole  false      # default   if true calculate dipole moment
      conv_only_dens  false      # default   if true remove bsh_residual from convergence criteria (deprecated)
            psp_calc  false      # default   pseudopotential calculation for all atoms
 print_dipole_matels  false      # default   if true output dipole matrix elements
            pcm_data  none       # default   do a PCM (solvent) calculation
             ac_data  none       # default   do a calculation with asymptotic correction (see ACParameters class in chem/AC.h for details)
             pure_ae  true       # default   pure all electron calculation with no pseudo-atoms
         print_level  3          # default   0: no output; 1: final energy; 2: iterations; 3: timings; 10: debug
              nalpha  3          # derived   number of alpha spin electrons
               nbeta  3          # derived   number of beta  spin electrons
           nmo_alpha  3          # derived   number of alpha spin molecular orbitals
            nmo_beta  3          # derived   number of beta spin molecular orbitals
                  lo  9.0905e-04 # derived   smallest length scale we need to resolve
            protocol  [1.0000e-04, 1.0000e-06] # derived   calculation protocol
                gopt  false      # default   geometry optimizer
                gtol  1.0000e-04 # default   geometry tolerance
               gtest  false      # default   geometry tolerance
                gval  1.0000e-05 # default   value precision
               gprec  1.0000e-04 # default   gradient precision
            gmaxiter  20         # default   optimization maxiter
    ginitial_hessian  false      # default   compute inital hessian for optimization
              algopt  bfgs       # default   algorithm used for optimization              [bfgs, cg]
            tdksprop  false      # default   time-dependent Kohn-Sham equation propagate
           nv_factor  1          # default   factor to multiply number of virtual orbitals with when automatically decreasing nvirt
           vnucextra  2          # default   load balance parameter for nuclear pot
        loadbalparts  2          # default   ??
            response  false      # default   response function calculation
       response_freq  0.0000e+00 # default   frequency for calculation response function
       response_axis  [1, 1, 1]  # default   response axis
           nonrotate  false      # default   if true do not molcule orient (redundant with no_orient
               rconv  1.0000e-06 # default   Response convergence
              efield  0.0000e+00 # default   eps for finite field
         efield_axis  0          # default   finite field axis                            [0, 1, 2]
              nwfile  none       # default   Base name of nwchem output files (.out and .movecs extensions) to read from
                 ncf  (none,1.0000e+00) # defined   nuclear correlation factor
             hessian  false      # default   compute the hessian matrix
           read_cphf  false      # default   read the converged orbital response for nuclear displacements from file
        restart_cphf  false      # default   read the guess orbital response for nuclear displacements from file
      purify_hessian  false      # default   symmetrize the hessian matrix based on atomic charges

end
              charge  0.0000e+00 # defined   total molecular charge
                  xc  hf         # defined   XC input line
               smear  0.0000e+00 # default   smearing parameter
               econv  1.0000e-04 # defined   energy convergence
               dconv  5.0000e-04 # defined   density convergence
convergence_criteria  [bsh_residual, total_energy] # default   possible values are: bsh_residual, total_energy, each_energy, density
                   k  7          # defined   polynomial order
                   l  5.4756e+01 # derived   user coordinates box size
               deriv  abgv       # default   derivative method                            [abgv, bspline, ble]
           dft_deriv  abgv       # default   derivative method for gga potentials         [abgv, bspline, ble]
             maxrotn  2.5000e-01 # default   step restriction used in autoshift algorithm
             nvalpha  0          # default   number of alpha virtuals to compute
              nvbeta  0          # default   number of beta virtuals to compute
               nopen  0          # default   number of unpaired electrons = nalpha-nbeta
             maxiter  25         # default   maximum number of iterations
                 nio  1          # default   no. of io servers to use
     spin_restricted  true       # default   true if spin restricted
              plotlo  0          # default   range of MOs to print (for both spins if polarized
              plothi  -1         # default   range of MOs to print (for both spins if polarized
            plotdens  false      # default   If true print the density at convergence
            plotcoul  false      # default   If true plot the total coulomb potential at convergence
            localize  boys       # defined   localization method                          [pm, boys, new, canon]
          pointgroup  c1         # derived   use point (sub) group symmetry if not localized[c1, c2, ci, cs, c2v, c2h, d2, d2h]
             restart  false      # default   if true restart from orbitals on disk
           restartao  false      # default   if true restart from orbitals projected into AO basis (STO3G) on disk
          no_compute  false      # default   if true use orbitals on disk, set value to computed
           no_orient  false      # default   if true the molecule coordinates will not be reoriented
                save  true       # default   if true save orbitals to disk
              maxsub  10         # default   size of iterative subspace ... set to 0 or 1 to disable
        orbitalshift  0.0000e+00 # default   scf orbital shift: shift the occ orbitals to lower energies
            npt_plot  101        # default   no. of points to use in each dim for plots
           plot_cell  []         # default   lo hi in each dimension for plotting (default is all space)
             aobasis  6-31g      # derived   AO basis used for initial guess (6-31g or sto-3g)
           core_type  none       # default   core potential type                          [none, mpc]
         derivatives  false      # default   if true calculate nuclear derivatives
              dipole  false      # default   if true calculate dipole moment
      conv_only_dens  false      # default   if true remove bsh_residual from convergence criteria (deprecated)
            psp_calc  false      # default   pseudopotential calculation for all atoms
 print_dipole_matels  false      # default   if true output dipole matrix elements
            pcm_data  none       # default   do a PCM (solvent) calculation
             ac_data  none       # default   do a calculation with asymptotic correction (see ACParameters class in chem/AC.h for details)
             pure_ae  true       # default   pure all electron calculation with no pseudo-atoms
         print_level  3          # default   0: no output; 1: final energy; 2: iterations; 3: timings; 10: debug
              nalpha  3          # derived   number of alpha spin electrons
               nbeta  3          # derived   number of beta  spin electrons
           nmo_alpha  3          # derived   number of alpha spin molecular orbitals
            nmo_beta  3          # derived   number of beta spin molecular orbitals
                  lo  9.0905e-04 # derived   smallest length scale we need to resolve
            protocol  [1.0000e-04, 1.0000e-06] # derived   calculation protocol
                gopt  false      # default   geometry optimizer
                gtol  1.0000e-04 # default   geometry tolerance
               gtest  false      # default   geometry tolerance
                gval  1.0000e-05 # default   value precision
               gprec  1.0000e-04 # default   gradient precision
            gmaxiter  20         # default   optimization maxiter
    ginitial_hessian  false      # default   compute inital hessian for optimization
              algopt  bfgs       # default   algorithm used for optimization              [bfgs, cg]
            tdksprop  false      # default   time-dependent Kohn-Sham equation propagate
           nv_factor  1          # default   factor to multiply number of virtual orbitals with when automatically decreasing nvirt
           vnucextra  2          # default   load balance parameter for nuclear pot
        loadbalparts  2          # default   ??
            response  false      # default   response function calculation
       response_freq  0.0000e+00 # default   frequency for calculation response function
       response_axis  [1, 1, 1]  # default   response axis
           nonrotate  false      # default   if true do not molcule orient (redundant with no_orient
               rconv  1.0000e-06 # default   Response convergence
              efield  0.0000e+00 # default   eps for finite field
         efield_axis  0          # default   finite field axis                            [0, 1, 2]
              nwfile  none       # default   Base name of nwchem output files (.out and .movecs extensions) to read from



 geometry
   eprec 1.0e-06
   units atomic
   Be            0.00000000           0.00000000           0.53542240
   H             0.00000000           0.00000000           2.61412115
   H             0.00000000           0.00000000          -4.75581077
 end

Solving NDIM= 3  with thresh 1.000000e-04     k 7    conv 5.000000e-04 

timer:     Project vnuclear     0.67s     0.67s
constructed nuclear correlation factor of the form
    R   =  1.000000e+00
with eprec  1.000000e-06
which means it's (nearly) a conventional calculation

timer:        reproject ncf     1.78s     1.78s
timer:        guess density     0.51s     0.51s
timer:   guess Coulomb potn     0.48s     0.48s
timer:       guess lda potn     0.23s     0.23s
timer:        guess overlap     0.03s     0.03s
timer:    KEmat reconstruct     0.05s     0.05s
timer:  KEmat differentiate     0.25s     0.25s
timer:       KEmat compress     0.11s     0.11s
timer: KEmat inner products     0.23s     0.23s
timer:     guess Kinet potn     0.65s     0.65s
timer:           guess fock     0.49s     0.49s
timer:      guess eigen sol     0.08s     0.08s
timer: guess orbital groupi     0.15s     0.15s

starting protocol at time      7.2s 
precision steps  1.000000e-04  -->  1.000000e-04
protocol: thresh 1.000000e-04 econv  1.000000e-04 dconv 5.000000e-04

ending protocol at time      7.2s 

Solving NDIM= 3  with thresh 1.000000e-04     k 7    conv 5.000000e-04 

timer:        Boys localize     0.94s     0.94s
orbital irreps []
timer:      reconstruct psi     0.16s     0.16s
timer:        compute Jnemo     0.78s     0.78s
timer:        compute Knemo     1.99s     1.99s
timer: compute Unemo 0.0151     0.26s     0.26s

  nuclear and kinetic     -25.39565800
         kinetic only      15.75842569
              coulomb      10.44205462
             exchange      -3.41228915
    nuclear-repulsion       2.81593466
   regularized energy     -15.54995787
  buggy if hybrid functionals are used..
timer:       compute energy     3.55s     3.55s
Norm of vector changes ab spin case : rms 9.000892e-02    max 1.478393e-01
convergence: bshresidual, energy change, max energy change, density change 1.1e-01 1.6e+01 1.6e+01 1.5e+00
finished iteration  0 at time     19.9s with energy  -15.54995787
timer:        Boys localize     0.99s     0.99s
orbital irreps []
timer:      reconstruct psi     0.18s     0.18s
timer:        compute Jnemo     0.70s     0.70s
timer:        compute Knemo     1.95s     1.95s
timer: compute Unemo 0.0151     0.18s     0.18s

  nuclear and kinetic     -25.44651677
         kinetic only      15.60741806
              coulomb      10.37616684
             exchange      -3.34469566
    nuclear-repulsion       2.81593466
   regularized energy     -15.59911092
  buggy if hybrid functionals are used..
timer:       compute energy     3.34s     3.34s
Norm of vector changes ab spin case : rms 2.860812e-02    max 4.534318e-02
convergence: bshresidual, energy change, max energy change, density change 2.3e-02 4.9e-02 1.5e-01 1.2e-02
finished iteration  1 at time     32.6s with energy  -15.59911092
timer:        Boys localize     1.05s     1.05s
orbital irreps []
timer:      reconstruct psi     0.14s     0.14s
timer:        compute Jnemo     0.53s     0.53s
timer:        compute Knemo     1.85s     1.85s
timer: compute Unemo 0.0151     0.15s     0.15s

  nuclear and kinetic     -25.48499521
         kinetic only      15.59065742
              coulomb      10.39310283
             exchange      -3.32801224
    nuclear-repulsion       2.81593466
   regularized energy     -15.60396995
  buggy if hybrid functionals are used..
timer:       compute energy     3.40s     3.40s
Norm of vector changes ab spin case : rms 1.118475e-02    max 1.834811e-02
convergence: bshresidual, energy change, max energy change, density change 6.3e-03 4.9e-03 3.8e-02 4.3e-03
finished iteration  2 at time     45.2s with energy  -15.60396995
timer:        Boys localize     0.99s     0.99s
orbital irreps []
timer:      reconstruct psi     0.14s     0.14s
timer:        compute Jnemo     0.62s     0.62s
timer:        compute Knemo     1.71s     1.71s
timer: compute Unemo 0.0150     0.19s     0.19s

  nuclear and kinetic     -25.51132323
         kinetic only      15.59116685
              coulomb      10.41383847
             exchange      -3.32301909
    nuclear-repulsion       2.81593466
   regularized energy     -15.60456919
  buggy if hybrid functionals are used..
timer:       compute energy     3.62s     3.62s
Norm of vector changes ab spin case : rms 4.787481e-03    max 8.039395e-03
convergence: bshresidual, energy change, max energy change, density change 2.2e-03 6.0e-04 2.6e-02 1.1e-03
finished iteration  3 at time     58.1s with energy  -15.60456919
timer:        Boys localize     1.05s     1.05s
orbital irreps []
timer:      reconstruct psi     0.15s     0.15s
timer:        compute Jnemo     0.64s     0.64s
timer:        compute Knemo     2.04s     2.04s
timer: compute Unemo 0.0150     0.21s     0.21s

  nuclear and kinetic     -25.52204642
         kinetic only      15.59229214
              coulomb      10.42360006
             exchange      -3.32211514
    nuclear-repulsion       2.81593466
   regularized energy     -15.60462684
  buggy if hybrid functionals are used..
timer:       compute energy     3.55s     3.55s
Norm of vector changes ab spin case : rms 1.020009e-03    max 1.340008e-03
convergence: bshresidual, energy change, max energy change, density change 5.5e-04 5.8e-05 1.1e-02 3.6e-04
finished iteration  4 at time     71.5s with energy  -15.60462684
timer:        Boys localize     0.97s     0.97s
orbital irreps []
timer:      reconstruct psi     0.17s     0.17s
timer:        compute Jnemo     0.63s     0.63s
timer:        compute Knemo     2.00s     2.00s
timer: compute Unemo 0.0150     0.15s     0.15s

  nuclear and kinetic     -25.52273253
         kinetic only      15.59143288
              coulomb      10.42412480
             exchange      -3.32197781
    nuclear-repulsion       2.81593466
   regularized energy     -15.60465088
  buggy if hybrid functionals are used..
timer:       compute energy     3.39s     3.39s
Norm of vector changes ab spin case : rms 2.782810e-04    max 4.188421e-04
convergence: bshresidual, energy change, max energy change, density change 2.2e-04 2.4e-05 8.6e-04 9.7e-05
finished iteration  5 at time     85.0s with energy  -15.60465088

Iterations converged


ending protocol at time     85.0s 

 Dipole Moment (a.u.)
 -----------

     x:  1.604301e-14
     y:  -2.747635e-14
     z:  1.462868e+00
 Total Dipole Moment:  1.462868e+00 

timer:               dipole     0.03s     0.03s
Nemo Orbital Energies: [*]  -4.77560942  -0.57453009  -0.30907976

nemo energy:  -1.560465e+01
 at time 85.5
PNO Integrals evaluated as:
pnoint
       rank_increase  15         # default   maximum rank to increase in every macroiteration
               chunk  100        # default   chunk of functions operated on in parallel when G or K is applied (prevent memory shortage)
               debug  false      # default   debug mode
              freeze  1          # derived   frozen core approximation
             maxrank  4          # defined   maximal pno rank for all pairs
           guesstype  exop       # derived   the guesstype: exop (recommended, multiply polynomial excitation operators onto the occupied orbitals), empty (don't compute a guess), scf (use the ao basis from the SCF solver), partial_wave (create s,p,d ..., type functions and place on atoms), predefined (same as partial_wave but for predefined sets)
                exop  multipole  # derived   this string defines which excitation operators can be used, use 'dipole', 'dipole+', 'quadrupole', 'ocopole', or 'multipole', need to set guesstype to 'exop' which is the default
          exop_trigo  true       # default   use trigonometric excitation operators ( x --> sin(x)
        partial_wave             # default   atom centered partial wave guess of format like 'h-2s1p-o-3s2p1d', need to set guesstype to 'partial_wave' and adaptive_solver to 'none'
          predefined             # default   predefined partial wave guesses of type pvxz with x=d,t,q,5,6, need to set guesstype to 'predefined' and adaptive_solver to 'none'
           maxiter_t  100        # default   maximal number of iterations in the amplitude solver
       maxiter_micro  10         # default   Maximum of iterations for every cycle in the adaptive solver
       maxiter_macro  10         # default   Maximum of iterations of cycles in the adaptive solver
                tpno  1.0000e-08 # default   PNO cutoff threshold
          tpno_tight  1.0000e-10 # derived   PNO cutoff for the first iteration
    canonicalize_pno  true       # default   canonicalize the pnos before the amplitude solver
              thresh  1.0000e-04 # defined   MRA threshold
         econv_micro  1.0000e-04 # derived   Energy convergence for microiterations (Greens function based optimization) in adaptive solver
         econv_pairs  1.0000e-05 # derived   ENergy convergence for individual pairs in adaptive solver. Converged pairs are frozen automatically
         econv_macro  1.0000e-04 # derived   Energy convergence for macroiterations in adaptive solver, no effect if adaptive_solver is deactivated
               dconv  1.0000e-01 # default   convergence of every PNO in the Green's function solver
           op_thresh  1.0000e-06 # default   MRA operator thresh
             restart  none       # derived   restart pairs of this type, use 'mp2', 'cispd', 'all' or 'none'
          no_compute  none       # default   do not compute the pairs of this type, use 'mp2', 'cispd', 'all' or 'none'
              no_opt  none       # default   do not optimize the pnos of this type, use 'mp2', 'cispd', 'all' or 'none'
            no_guess  none       # derived   guess for this type will be empty, use 'mp2', 'cispd', 'all' or 'none'
     adaptive_solver  all        # default   Use adaptive solver for those pairs, use 'mp2', 'cispd', 'all' or 'none', works only in combination with guesstype 'exop'
                kain  true       # default   use KAIN solver in amplitude solver
       kain_subspace  5          # default   subspace size of the KAIN solver (amplitudes)
                 f12  false      # defined   use explicit correlation
        cispd_number  -1         # default   CIS(D) excitation numbers, to read in correct functions
        cispd_energy  0.0000e+00 # default   CIS energy
        freeze_pairs  none       # default   frozen pairs will not be optimized: Expected format 'a b c d' will freeze pairs ab and cd
freeze_pairs_of_orbital  []         # default    All pairs which originate from this orbital will not be optimized
active_pairs_of_orbital  []         # default    All pairs which originate from this orbital will not be frozen all other pairs will, if this vector is not empty
no_opt_in_first_iteration  false      # default   Do not optimize in the first iteration (then the potentials do not have to be evaluated, use this for large guesses)
            exchange  full       # default   approximate exchange with 'neglect' or xc functional -> same syntax as moldft
           save_pnos  true       # default   Save the OBS-PNOs to a file, before and after orthonormalization.
            diagonal  true       # defined   Compute only diagonal PNOs
              orthog  symmetric  # defined   orthogonalization method for PNO basis, also current default for a potential CABS. options: symmetric, canonical, cholesky, rr_cholesky,
         orthog_cabs  default    # default   orthogonalization method for CABS basis. options: symmetric, canonical, cholesky, rr_cholesky, uses same as orbitals basis if default.
               n_pno  4          # defined   desired size of PNO-basis (orbital space)
         cabs_option  none       # default   type of complementary auxiliary basis to be used. can be none ~ no CABS, gbs ~ Gaussian basis set as CABS, requires input via auxbas_file, pno ~ use superfluous PNOs as CABS, mixed ~ gbs&pno-option
       pno_cabs_size  -1         # default   size of a potential pno-cabs. defaults to -1 ~ all remaining PNOs, if pno-cabs or mixed-cabs
           only_diag  false      # default   use only diagonal elements PNOs
         cherry_pick  []         # default   cherry pick option to choose particular set of PNOs, not just blindly by occupation number. can be useful, if only a restricted number of PNOs can be used, to avoid separating degenerate pairs. can be envoked by passing a vector via [ elem1, elem2, ... ]
               gamma  1.4000e+00 # default   The f12 length scale, here to be used to compute f12-integrals
         cabs_thresh  1.0000e-04 # derived    thresh for cabs part
              auxbas  none       # default   atom centered partial wave guess of format like 'h-2s1p-o-3s2p1d'
         auxbas_file  none       # default   Use external comp. aux. basis in addition to the pnos as auxbasis. Give the filename as parameter. Give the auxbas in turbomole format. Don't use contractions. If a file is specified the auxbas parameter has no effect
   print_pno_overlap  true       # default   Print overlap matrix at certain steps in computation, for debugging purposes.
              n_virt  0          # defined   Compute this number of virtuals and include them in the integral construction, experimental and not robust!.
      hardcore_boson  false      # default   compute only integrals for hardcore boson hamiltonian (restricted to double occupations)

end
F12 Operators initialized right
timer:                    Testing F12 Operators     0.90s     0.90s 
timer:  Initializing (active) Exchange Orbitals     2.01s     2.01s 
Size of active mos and their exchange potentials:
K(acmos)=2.821326e-03 Gbyte
acmos   =2.545327e-03 Gbyte
PNO Parameters
pno
       rank_increase  15         # default   maximum rank to increase in every macroiteration
               chunk  100        # default   chunk of functions operated on in parallel when G or K is applied (prevent memory shortage)
               debug  false      # default   debug mode
              freeze  1          # derived   frozen core approximation
             maxrank  4          # defined   maximal pno rank for all pairs
           guesstype  exop       # derived   the guesstype: exop (recommended, multiply polynomial excitation operators onto the occupied orbitals), empty (don't compute a guess), scf (use the ao basis from the SCF solver), partial_wave (create s,p,d ..., type functions and place on atoms), predefined (same as partial_wave but for predefined sets)
                exop  multipole  # derived   this string defines which excitation operators can be used, use 'dipole', 'dipole+', 'quadrupole', 'ocopole', or 'multipole', need to set guesstype to 'exop' which is the default
          exop_trigo  true       # default   use trigonometric excitation operators ( x --> sin(x)
        partial_wave             # default   atom centered partial wave guess of format like 'h-2s1p-o-3s2p1d', need to set guesstype to 'partial_wave' and adaptive_solver to 'none'
          predefined             # default   predefined partial wave guesses of type pvxz with x=d,t,q,5,6, need to set guesstype to 'predefined' and adaptive_solver to 'none'
           maxiter_t  100        # default   maximal number of iterations in the amplitude solver
       maxiter_micro  10         # default   Maximum of iterations for every cycle in the adaptive solver
       maxiter_macro  10         # default   Maximum of iterations of cycles in the adaptive solver
                tpno  1.0000e-08 # default   PNO cutoff threshold
          tpno_tight  1.0000e-10 # derived   PNO cutoff for the first iteration
    canonicalize_pno  true       # default   canonicalize the pnos before the amplitude solver
              thresh  1.0000e-04 # defined   MRA threshold
         econv_micro  1.0000e-04 # derived   Energy convergence for microiterations (Greens function based optimization) in adaptive solver
         econv_pairs  1.0000e-05 # derived   ENergy convergence for individual pairs in adaptive solver. Converged pairs are frozen automatically
         econv_macro  1.0000e-04 # derived   Energy convergence for macroiterations in adaptive solver, no effect if adaptive_solver is deactivated
               dconv  1.0000e-01 # default   convergence of every PNO in the Green's function solver
           op_thresh  1.0000e-06 # default   MRA operator thresh
             restart  none       # derived   restart pairs of this type, use 'mp2', 'cispd', 'all' or 'none'
          no_compute  none       # default   do not compute the pairs of this type, use 'mp2', 'cispd', 'all' or 'none'
              no_opt  none       # default   do not optimize the pnos of this type, use 'mp2', 'cispd', 'all' or 'none'
            no_guess  none       # derived   guess for this type will be empty, use 'mp2', 'cispd', 'all' or 'none'
     adaptive_solver  all        # default   Use adaptive solver for those pairs, use 'mp2', 'cispd', 'all' or 'none', works only in combination with guesstype 'exop'
                kain  true       # default   use KAIN solver in amplitude solver
       kain_subspace  5          # default   subspace size of the KAIN solver (amplitudes)
                 f12  false      # defined   use explicit correlation
        cispd_number  -1         # default   CIS(D) excitation numbers, to read in correct functions
        cispd_energy  0.0000e+00 # default   CIS energy
        freeze_pairs  none       # default   frozen pairs will not be optimized: Expected format 'a b c d' will freeze pairs ab and cd
freeze_pairs_of_orbital  []         # default    All pairs which originate from this orbital will not be optimized
active_pairs_of_orbital  []         # default    All pairs which originate from this orbital will not be frozen all other pairs will, if this vector is not empty
no_opt_in_first_iteration  false      # default   Do not optimize in the first iteration (then the potentials do not have to be evaluated, use this for large guesses)
            exchange  full       # default   approximate exchange with 'neglect' or xc functional -> same syntax as moldft
           save_pnos  true       # default   Save the OBS-PNOs to a file, before and after orthonormalization.
            diagonal  true       # defined   Compute only diagonal PNOs

end

**********************
Solve PNO-MP2
*********************


**********************
Iterate Pairs
*********************


************************
Adaptive Solver
***********************

Initializing empty Pairs:
no guess was explicitly demanded for mp2

timer:                                     RRCD     0.00s     0.00s 
timer:                             MRA compress     0.00s     0.00s 
timer:                          Transform Pairs     0.00s     0.00s 
timer:          apply Q and orthonormalize PNOs     0.00s     0.00s 
Created Guess:
pair11 with 0 guess functions
pair21 with 0 guess functions
pair22 with 0 guess functions
guess pair11 size: 0.0000000000e+00 | 0.0000000000e+00 Gbyte (after truncation)
guess pair22 size: 0.0000000000e+00 | 0.0000000000e+00 Gbyte (after truncation)
timer:                           truncate guess     0.00s     0.00s 
timer:                         Initialize Pairs     0.00s     0.00s 
Keyword multipole is not known
Guess protocol for adaptively growing ranks is: [dipole+, quadrupole, big_fock_3, big_fock_3, big_fock_3, big_fock_3, big_fock_3, big_fock_3, big_fock_3, big_fock_3]


--------Adaptive Solver Macroiteration 0 from max 10 ----------

Growing ranks with exop=dipole+
Create guess functions by multiplying plane-waves to 1 functions 
Created 4 virtuals for pair11
pair21 is frozen: no growing
Create guess functions by multiplying plane-waves to 1 functions 
Created 4 virtuals for pair22
frozen pair: no orthonormalization
timer:                                     RRCD     0.04s     0.04s 
timer:                             MRA compress     0.00s     0.00s 
timer:                          Transform Pairs     0.12s     0.12s 
timer:                        grow PNO subspace     1.90s     1.90s 
SolveInternal: Parameters are assigned as
no_compute        = false
no_opt            = false
restart           = false
do_cispd          = false
econv             =1.0000000000e-04
maxrank (min,max) = (4,4)
Solving MP2 doubles
timer:          fock matrix     2.58s     2.58s
Information About All Pairs:
mp2_pair11           number=0 rank=  4 frozen=false
mp2_pair21           number=1 rank=  0 frozen=true
mp2_pair22           number=2 rank=  4 frozen=false
number of pairs=3
average rank   =2 (2.6666666667e+00)
largest rank   =4
PNOPairs Memory Information
Total: 0.0097315311 GB 
PNO  : 0.0097315311 GB 
KPNO : 0.0000000000 GB 
W    : 0.0000000000 GB 

timer:                                 truncate     0.06s     0.06s 
wall time=99.2195069790 chunk=8 allK.size()=8 memory=0.0088319778 GB
timer:                             compute KPNO     4.23s     4.23s 
wall time=99.3852379322 chunk=8 allJ.size()=8 memory=0.0107946396 GB
timer:                             compute JPNO     0.17s     0.17s 
timer:                    compute Fock matrices     1.31s     1.31s 
timer:                             MRA compress     0.00s     0.00s 
timer:                          Transform Pairs     0.29s     0.29s 
timer:                             Canonicalize     0.29s     0.29s 
PNOPairs Memory Information
Total: 0.0183181763 GB 
PNO  : 0.0096497536 GB 
KPNO : 0.0086684227 GB 
W    : 0.0000000000 GB 

timer:                                 truncate     0.03s     0.03s 
mp2_pair21 is frozen: potential not computed
timer:                   Fluctuation Potentials     2.15s     2.15s 
timer:                       Fluctuation Matrix     0.17s     0.17s 
PNOPairs Memory Information
Total: 0.0317296982 GB 
PNO  : 0.0096497536 GB 
KPNO : 0.0086684227 GB 
W    : 0.0134115219 GB 

PNOPairs Memory Information
Total: 0.0317296982 GB 
PNO  : 0.0096497536 GB 
KPNO : 0.0086684227 GB 
W    : 0.0134115219 GB 

timer:                                 truncate     0.04s     0.04s 
timer:                             PNO Overlaps     0.16s     0.16s 
t_iter =  0  Hylleraas energy =  0.0000000000  ||R||_F =  0.1878680631  conv =  no
subspace solution [*]   1.00000000

t_iter =  1  Hylleraas energy =  -0.0301218685  ||R||_F =  0.0000000189  conv =  yes
=======================================================

Hylleraas MP2 Energies

=======================================================
    i    j      singlet      triplet        Total
=======================================================
    1    1  -1.29059e-02  0.00000e+00 -1.29059e-02
    2    1   0.00000e+00  0.00000e+00  0.00000e+00
    2    2  -1.72160e-02  0.00000e+00 -1.72160e-02
=======================================================
Hylleraas MP2 Energies (singlet): -3.01219e-02
Hylleraas MP2 Energies (triplet):  0.00000e+00
Hylleraas MP2 Energies (total)  : -3.01219e-02
=======================================================
-------------------------------------------
Total Reg Energy  =-3.01219e-02
Total F12 Energy  = 0.00000e+00
Sum Energies Total=-3.01219e-02
-------------------------------------------
timer:                         Solve Amplitudes     0.00s     0.00s 
No optimization untill now: Compressing pno ranks with tighter threshold
1.00000e-10 instead of 1.00000e-08
pair11: density evals:
 [*]   0.00309630   0.00388713   0.00415706   0.00415706

pair22: density evals:
 [*]   0.00299066   0.00353100   0.00353100   0.03554470

timer:                            compress PNOs     0.00s     0.00s 
timer:                             MRA compress     0.00s     0.00s 
timer:                          Transform Pairs     0.51s     0.51s 
timer:                          PNO Compression     0.51s     0.51s 
Information About All Pairs:
mp2_pair11           number=0 rank=  4 frozen=false
mp2_pair21           number=1 rank=  0 frozen=true
mp2_pair22           number=2 rank=  4 frozen=false
number of pairs=3
average rank   =2 (2.66667e+00)
largest rank   =4
saving vector of functions mp2_pair11
saving vector of functions mp2_pair22
timer:                        save pnos on disc     0.16s     0.16s 
PNOPairs Memory Information
Total: 0.03181 GB 
PNO  : 0.00965 GB 
KPNO : 0.00875 GB 
W    : 0.01341 GB 

timer:                                 truncate     0.04s     0.04s 
timer:      compute densities for G application     0.00s     0.00s 
pair21 is frozen: no optimization
timer:                Prepare for G application     0.43s     0.43s 
timer:                                    add K     0.03s     0.03s 
size of all Vpsi potentials (without Vnuc and J) 0.01178 GB 
time=105.46621 chunk=8 Vpsi+Vnuc+J=0.03083 GB
time=105.53525 chunk=8 Vpsi+Vnuc+J=0.03050 GB (after truncation)
timer:                           Apply G to all     3.10s     3.10s 
timer:                       apply Q and update     0.00s     0.00s 
mp2_pair11 residual norms:
[0.39152, 0.49670, 0.36472, 0.36472]
mp2_pair11 scaled residual norms:
[0.02179, 0.03097, 0.02352, 0.02352]
mp2_pair22 residual norms:
[0.44374, 0.37291, 0.37291, 0.35293]
mp2_pair22 scaled residual norms:
[0.02427, 0.02216, 0.02216, 0.06654]
timer:                          update all PNOs     3.59s     3.59s 
frozen pair: no orthonormalization
timer:                                     RRCD     0.05s     0.05s 
timer:                             MRA compress     0.00s     0.00s 
timer:                          Transform Pairs     0.12s     0.12s 
saving vector of functions mp2_pair11
saving vector of functions mp2_pair22
timer:                        save pnos on disc     0.17s     0.17s 


No convergence yet. Energy change = 0.03012

timer:                        Whole Iteration 1    13.32s    13.32s 
Information About All Pairs:
mp2_pair11           number=0 rank=  4 frozen=false
mp2_pair21           number=1 rank=  0 frozen=true
mp2_pair22           number=2 rank=  4 frozen=false
number of pairs=3
average rank   =2 (2.66667)
largest rank   =4
PNOPairs Memory Information
Total: 0.00981 GB 
PNO  : 0.00981 GB 
KPNO : 0.00000 GB 
W    : 0.00000 GB 

timer:                                 truncate     0.04s     0.04s 
wall time=112.26727 chunk=8 allK.size()=8 memory=0.00859 GB
timer:                             compute KPNO     3.97s     3.97s 
wall time=112.46942 chunk=8 allJ.size()=8 memory=0.01055 GB
timer:                             compute JPNO     0.20s     0.20s 
timer:                    compute Fock matrices     1.45s     1.45s 
timer:                             MRA compress     0.00s     0.00s 
timer:                          Transform Pairs     0.20s     0.20s 
timer:                             Canonicalize     0.20s     0.20s 
PNOPairs Memory Information
Total: 0.01824 GB 
PNO  : 0.00973 GB 
KPNO : 0.00850 GB 
W    : 0.00000 GB 

timer:                                 truncate     0.06s     0.06s 
mp2_pair21 is frozen: potential not computed
timer:                   Fluctuation Potentials     1.98s     1.98s 
timer:                       Fluctuation Matrix     0.13s     0.13s 
PNOPairs Memory Information
Total: 0.03230 GB 
PNO  : 0.00973 GB 
KPNO : 0.00850 GB 
W    : 0.01407 GB 

PNOPairs Memory Information
Total: 0.03230 GB 
PNO  : 0.00973 GB 
KPNO : 0.00850 GB 
W    : 0.01407 GB 

timer:                                 truncate     0.09s     0.09s 
timer:                             PNO Overlaps     0.18s     0.18s 
t_iter =  0  Hylleraas energy =  0.00000  ||R||_F =  0.27902  conv =  no
subspace solution [*]   1.00000000

t_iter =  1  Hylleraas energy =  -0.05166  ||R||_F =  0.00000  conv =  yes
=======================================================

Hylleraas MP2 Energies

=======================================================
    i    j      singlet      triplet        Total
=======================================================
    1    1  -2.28395e-02  0.00000e+00 -2.28395e-02
    2    1   0.00000e+00  0.00000e+00  0.00000e+00
    2    2  -2.88161e-02  0.00000e+00 -2.88161e-02
=======================================================
Hylleraas MP2 Energies (singlet): -5.16556e-02
Hylleraas MP2 Energies (triplet):  0.00000e+00
Hylleraas MP2 Energies (total)  : -5.16556e-02
=======================================================
-------------------------------------------
Total Reg Energy  =-5.16556e-02
Total F12 Energy  = 0.00000e+00
Sum Energies Total=-5.16556e-02
-------------------------------------------
timer:                         Solve Amplitudes     0.00s     0.00s 
pair11: density evals:
 [*]   0.00382307   0.00511720   0.00511720   0.00641255

pair22: density evals:
 [*]   0.00380748   0.00408829   0.00408829   0.05487542

timer:                            compress PNOs     0.00s     0.00s 
timer:                             MRA compress     0.00s     0.00s 
timer:                          Transform Pairs     0.49s     0.49s 
timer:                          PNO Compression     0.49s     0.49s 
Information About All Pairs:
mp2_pair11           number=0 rank=  4 frozen=false
mp2_pair21           number=1 rank=  0 frozen=true
mp2_pair22           number=2 rank=  4 frozen=false
number of pairs=3
average rank   =2 (2.66667e+00)
largest rank   =4
saving vector of functions mp2_pair11
saving vector of functions mp2_pair22
timer:                        save pnos on disc     0.17s     0.17s 
PNOPairs Memory Information
Total: 0.03214 GB 
PNO  : 0.00973 GB 
KPNO : 0.00850 GB 
W    : 0.01390 GB 

timer:                                 truncate     0.05s     0.05s 
timer:      compute densities for G application     0.00s     0.00s 
pair21 is frozen: no optimization
timer:                Prepare for G application     0.45s     0.45s 
timer:                                    add K     0.03s     0.03s 
size of all Vpsi potentials (without Vnuc and J) 0.01268 GB 
time=118.46371 chunk=8 Vpsi+Vnuc+J=0.03009 GB
time=118.53050 chunk=8 Vpsi+Vnuc+J=0.02887 GB (after truncation)
timer:                           Apply G to all     2.89s     2.89s 
timer:                       apply Q and update     0.00s     0.00s 
mp2_pair11 residual norms:
[0.11555, 0.10158, 0.10158, 0.13325]
mp2_pair11 scaled residual norms:
[0.00714, 0.00727, 0.00727, 0.01067]
mp2_pair22 residual norms:
[0.12223, 0.10190, 0.10190, 0.07953]
mp2_pair22 scaled residual norms:
[0.00754, 0.00652, 0.00652, 0.01863]
timer:                          update all PNOs     3.38s     3.38s 
frozen pair: no orthonormalization
timer:                                     RRCD     0.06s     0.06s 
timer:                             MRA compress     0.00s     0.00s 
timer:                          Transform Pairs     0.11s     0.11s 
saving vector of functions mp2_pair11
saving vector of functions mp2_pair22
timer:                        save pnos on disc     0.16s     0.16s 


No convergence yet. Energy change = 0.02153

timer:                        Whole Iteration 2    12.81s    12.81s 
Information About All Pairs:
mp2_pair11           number=0 rank=  4 frozen=false
mp2_pair21           number=1 rank=  0 frozen=true
mp2_pair22           number=2 rank=  4 frozen=false
number of pairs=3
average rank   =2 (2.66667)
largest rank   =4
PNOPairs Memory Information
Total: 0.00973 GB 
PNO  : 0.00973 GB 
KPNO : 0.00000 GB 
W    : 0.00000 GB 

timer:                                 truncate     0.02s     0.02s 
wall time=124.84424 chunk=8 allK.size()=8 memory=0.00875 GB
timer:                             compute KPNO     3.76s     3.76s 
wall time=125.05710 chunk=8 allJ.size()=8 memory=0.01063 GB
timer:                             compute JPNO     0.21s     0.21s 
timer:                    compute Fock matrices     1.32s     1.32s 
timer:                             MRA compress     0.00s     0.00s 
timer:                          Transform Pairs     0.22s     0.22s 
timer:                             Canonicalize     0.22s     0.22s 
PNOPairs Memory Information
Total: 0.01824 GB 
PNO  : 0.00965 GB 
KPNO : 0.00859 GB 
W    : 0.00000 GB 

timer:                                 truncate     0.05s     0.05s 
mp2_pair21 is frozen: potential not computed
timer:                   Fluctuation Potentials     2.14s     2.14s 
timer:                       Fluctuation Matrix     0.14s     0.14s 
PNOPairs Memory Information
Total: 0.03247 GB 
PNO  : 0.00965 GB 
KPNO : 0.00859 GB 
W    : 0.01423 GB 

PNOPairs Memory Information
Total: 0.03247 GB 
PNO  : 0.00965 GB 
KPNO : 0.00859 GB 
W    : 0.01423 GB 

timer:                                 truncate     0.06s     0.06s 
timer:                             PNO Overlaps     0.07s     0.07s 
t_iter =  0  Hylleraas energy =  0.00000  ||R||_F =  0.30037  conv =  no
subspace solution [*]   1.00000000

t_iter =  1  Hylleraas energy =  -0.05412  ||R||_F =  0.00000  conv =  yes
=======================================================

Hylleraas MP2 Energies

=======================================================
    i    j      singlet      triplet        Total
=======================================================
    1    1  -2.40991e-02  0.00000e+00 -2.40991e-02
    2    1   0.00000e+00  0.00000e+00  0.00000e+00
    2    2  -3.00229e-02  0.00000e+00 -3.00229e-02
=======================================================
Hylleraas MP2 Energies (singlet): -5.41220e-02
Hylleraas MP2 Energies (triplet):  0.00000e+00
Hylleraas MP2 Energies (total)  : -5.41220e-02
=======================================================
-------------------------------------------
Total Reg Energy  =-5.41220e-02
Total F12 Energy  = 0.00000e+00
Sum Energies Total=-5.41220e-02
-------------------------------------------
timer:                         Solve Amplitudes     0.00s     0.00s 
pair11: density evals:
 [*]   0.00362134   0.00489393   0.00489393   0.00602108

pair22: density evals:
 [*]   0.00358699   0.00384939   0.00384939   0.05387321

timer:                            compress PNOs     0.00s     0.00s 
timer:                             MRA compress     0.00s     0.00s 
timer:                          Transform Pairs     0.56s     0.56s 
timer:                          PNO Compression     0.57s     0.57s 
Information About All Pairs:
mp2_pair11           number=0 rank=  4 frozen=false
mp2_pair21           number=1 rank=  0 frozen=true
mp2_pair22           number=2 rank=  4 frozen=false
number of pairs=3
average rank   =2 (2.66667e+00)
largest rank   =4
saving vector of functions mp2_pair11
saving vector of functions mp2_pair22
timer:                        save pnos on disc     0.17s     0.17s 
PNOPairs Memory Information
Total: 0.03214 GB 
PNO  : 0.00949 GB 
KPNO : 0.00875 GB 
W    : 0.01390 GB 

timer:                                 truncate     0.05s     0.05s 
timer:      compute densities for G application     0.00s     0.00s 
pair21 is frozen: no optimization
timer:                Prepare for G application     0.43s     0.43s 
timer:                                    add K     0.03s     0.03s 
size of all Vpsi potentials (without Vnuc and J) 0.01276 GB 
time=131.00200 chunk=8 Vpsi+Vnuc+J=0.03189 GB
time=131.06283 chunk=8 Vpsi+Vnuc+J=0.03042 GB (after truncation)
timer:                           Apply G to all     2.66s     2.66s 
timer:                       apply Q and update     0.00s     0.00s 
mp2_pair11 residual norms:
[0.04297, 0.03562, 0.03562, 0.05278]
mp2_pair11 scaled residual norms:
[0.00259, 0.00249, 0.00249, 0.00410]
mp2_pair22 residual norms:
[0.05237, 0.04688, 0.04688, 0.02778]
mp2_pair22 scaled residual norms:
[0.00314, 0.00291, 0.00291, 0.00645]
timer:                          update all PNOs     3.15s     3.15s 
frozen pair: no orthonormalization
timer:                                     RRCD     0.06s     0.06s 
timer:                             MRA compress     0.00s     0.00s 
timer:                          Transform Pairs     0.11s     0.11s 
saving vector of functions mp2_pair11
saving vector of functions mp2_pair22
timer:                        save pnos on disc     0.16s     0.16s 


No convergence yet. Energy change = 0.00247

timer:                        Whole Iteration 3    12.31s    12.31s 
Information About All Pairs:
mp2_pair11           number=0 rank=  4 frozen=false
mp2_pair21           number=1 rank=  0 frozen=true
mp2_pair22           number=2 rank=  4 frozen=false
number of pairs=3
average rank   =2 (2.66667)
largest rank   =4
PNOPairs Memory Information
Total: 0.00990 GB 
PNO  : 0.00990 GB 
KPNO : 0.00000 GB 
W    : 0.00000 GB 

timer:                                 truncate     0.04s     0.04s 
wall time=137.29208 chunk=8 allK.size()=8 memory=0.00875 GB
timer:                             compute KPNO     3.88s     3.88s 
wall time=137.43710 chunk=8 allJ.size()=8 memory=0.01079 GB
timer:                             compute JPNO     0.15s     0.15s 
timer:                    compute Fock matrices     1.46s     1.46s 
timer:                             MRA compress     0.00s     0.00s 
timer:                          Transform Pairs     0.29s     0.29s 
timer:                             Canonicalize     0.29s     0.29s 
PNOPairs Memory Information
Total: 0.01881 GB 
PNO  : 0.00998 GB 
KPNO : 0.00883 GB 
W    : 0.00000 GB 

timer:                                 truncate     0.06s     0.06s 
mp2_pair21 is frozen: potential not computed
timer:                   Fluctuation Potentials     2.12s     2.12s 
timer:                       Fluctuation Matrix     0.18s     0.18s 
PNOPairs Memory Information
Total: 0.03304 GB 
PNO  : 0.00998 GB 
KPNO : 0.00883 GB 
W    : 0.01423 GB 

PNOPairs Memory Information
Total: 0.03304 GB 
PNO  : 0.00998 GB 
KPNO : 0.00883 GB 
W    : 0.01423 GB 

timer:                                 truncate     0.02s     0.02s 
timer:                             PNO Overlaps     0.09s     0.09s 
t_iter =  0  Hylleraas energy =  0.00000  ||R||_F =  0.30765  conv =  no
subspace solution [*]   1.00000000

t_iter =  1  Hylleraas energy =  -0.05451  ||R||_F =  0.00000  conv =  yes
=======================================================

Hylleraas MP2 Energies

=======================================================
    i    j      singlet      triplet        Total
=======================================================
    1    1  -2.42880e-02  0.00000e+00 -2.42880e-02
    2    1   0.00000e+00  0.00000e+00  0.00000e+00
    2    2  -3.02182e-02  0.00000e+00 -3.02182e-02
=======================================================
Hylleraas MP2 Energies (singlet): -5.45062e-02
Hylleraas MP2 Energies (triplet):  0.00000e+00
Hylleraas MP2 Energies (total)  : -5.45062e-02
=======================================================
-------------------------------------------
Total Reg Energy  =-5.45062e-02
Total F12 Energy  = 0.00000e+00
Sum Energies Total=-5.45062e-02
-------------------------------------------
timer:                         Solve Amplitudes     0.00s     0.00s 
pair11: density evals:
 [*]   0.00350341   0.00476131   0.00476131   0.00574614

pair22: density evals:
 [*]   0.00345687   0.00370881   0.00370881   0.05288088

timer:                            compress PNOs     0.00s     0.00s 
timer:                             MRA compress     0.00s     0.00s 
timer:                          Transform Pairs     0.56s     0.56s 
timer:                          PNO Compression     0.56s     0.56s 
Information About All Pairs:
mp2_pair11           number=0 rank=  4 frozen=false
mp2_pair21           number=1 rank=  0 frozen=true
mp2_pair22           number=2 rank=  4 frozen=false
number of pairs=3
average rank   =2 (2.66667e+00)
largest rank   =4
saving vector of functions mp2_pair11
saving vector of functions mp2_pair22
timer:                        save pnos on disc     0.19s     0.19s 
PNOPairs Memory Information
Total: 0.03263 GB 
PNO  : 0.00981 GB 
KPNO : 0.00875 GB 
W    : 0.01407 GB 

timer:                                 truncate     0.07s     0.07s 
timer:      compute densities for G application     0.00s     0.00s 
pair21 is frozen: no optimization
timer:                Prepare for G application     0.48s     0.48s 
timer:                                    add K     0.03s     0.03s 
size of all Vpsi potentials (without Vnuc and J) 0.01300 GB 
time=143.73656 chunk=8 Vpsi+Vnuc+J=0.03173 GB
time=143.79470 chunk=8 Vpsi+Vnuc+J=0.03034 GB (after truncation)
timer:                           Apply G to all     2.92s     2.92s 
timer:                       apply Q and update     0.00s     0.00s 
mp2_pair11 residual norms:
[0.01675, 0.01314, 0.01314, 0.02248]
mp2_pair11 scaled residual norms:
[0.00099, 0.00091, 0.00091, 0.00170]
mp2_pair22 residual norms:
[0.02562, 0.02633, 0.02633, 0.01093]
mp2_pair22 scaled residual norms:
[0.00151, 0.00160, 0.00160, 0.00251]
timer:                          update all PNOs     3.46s     3.46s 
frozen pair: no orthonormalization
timer:                                     RRCD     0.06s     0.06s 
timer:                             MRA compress     0.00s     0.00s 
timer:                          Transform Pairs     0.16s     0.16s 
saving vector of functions mp2_pair11
saving vector of functions mp2_pair22
timer:                        save pnos on disc     0.16s     0.16s 


No convergence yet. Energy change = 0.00038

timer:                        Whole Iteration 4    13.00s    13.00s 
Information About All Pairs:
mp2_pair11           number=0 rank=  4 frozen=false
mp2_pair21           number=1 rank=  0 frozen=true
mp2_pair22           number=2 rank=  4 frozen=false
number of pairs=3
average rank   =2 (2.66667)
largest rank   =4
PNOPairs Memory Information
Total: 0.00998 GB 
PNO  : 0.00998 GB 
KPNO : 0.00000 GB 
W    : 0.00000 GB 

timer:                                 truncate     0.04s     0.04s 
wall time=150.31078 chunk=8 allK.size()=8 memory=0.00891 GB
timer:                             compute KPNO     3.91s     3.91s 
wall time=150.46921 chunk=8 allJ.size()=8 memory=0.01079 GB
timer:                             compute JPNO     0.16s     0.16s 
timer:                    compute Fock matrices     1.41s     1.41s 
timer:                             MRA compress     0.00s     0.00s 
timer:                          Transform Pairs     0.21s     0.21s 
timer:                             Canonicalize     0.21s     0.21s 
PNOPairs Memory Information
Total: 0.01897 GB 
PNO  : 0.01014 GB 
KPNO : 0.00883 GB 
W    : 0.00000 GB 

timer:                                 truncate     0.04s     0.04s 
mp2_pair21 is frozen: potential not computed
timer:                   Fluctuation Potentials     2.14s     2.14s 
timer:                       Fluctuation Matrix     0.20s     0.20s 
PNOPairs Memory Information
Total: 0.03320 GB 
PNO  : 0.01014 GB 
KPNO : 0.00883 GB 
W    : 0.01423 GB 

PNOPairs Memory Information
Total: 0.03320 GB 
PNO  : 0.01014 GB 
KPNO : 0.00883 GB 
W    : 0.01423 GB 

timer:                                 truncate     0.04s     0.04s 
timer:                             PNO Overlaps     0.13s     0.13s 
t_iter =  0  Hylleraas energy =  0.00000  ||R||_F =  0.31051  conv =  no
subspace solution [*]   1.00000000

t_iter =  1  Hylleraas energy =  -0.05458  ||R||_F =  0.00000  conv =  yes
=======================================================

Hylleraas MP2 Energies

=======================================================
    i    j      singlet      triplet        Total
=======================================================
    1    1  -2.43187e-02  0.00000e+00 -2.43187e-02
    2    1   0.00000e+00  0.00000e+00  0.00000e+00
    2    2  -3.02618e-02  0.00000e+00 -3.02618e-02
=======================================================
Hylleraas MP2 Energies (singlet): -5.45805e-02
Hylleraas MP2 Energies (triplet):  0.00000e+00
Hylleraas MP2 Energies (total)  : -5.45805e-02
=======================================================
-------------------------------------------
Total Reg Energy  =-5.45805e-02
Total F12 Energy  = 0.00000e+00
Sum Energies Total=-5.45805e-02
-------------------------------------------
timer:                         Solve Amplitudes     0.00s     0.00s 
pair11: density evals:
 [*]   0.00345212   0.00470421   0.00470421   0.00561408

pair22: density evals:
 [*]   0.00339524   0.00363123   0.00363123   0.05241559

timer:                            compress PNOs     0.00s     0.00s 
timer:                             MRA compress     0.00s     0.00s 
timer:                          Transform Pairs     0.46s     0.46s 
timer:                          PNO Compression     0.46s     0.46s 
Information About All Pairs:
mp2_pair11           number=0 rank=  4 frozen=false
mp2_pair21           number=1 rank=  0 frozen=true
mp2_pair22           number=2 rank=  4 frozen=false
number of pairs=3
average rank   =2 (2.66667e+00)
largest rank   =4
saving vector of functions mp2_pair11
saving vector of functions mp2_pair22
timer:                        save pnos on disc     0.16s     0.16s 
PNOPairs Memory Information
Total: 0.03279 GB 
PNO  : 0.00998 GB 
KPNO : 0.00875 GB 
W    : 0.01407 GB 

timer:                                 truncate     0.03s     0.03s 
timer:      compute densities for G application     0.00s     0.00s 
pair21 is frozen: no optimization
timer:                Prepare for G application     0.47s     0.47s 
timer:                                    add K     0.07s     0.07s 
size of all Vpsi potentials (without Vnuc and J) 0.01300 GB 
time=156.62116 chunk=8 Vpsi+Vnuc+J=0.03189 GB
time=156.73583 chunk=8 Vpsi+Vnuc+J=0.03050 GB (after truncation)
timer:                           Apply G to all     2.97s     2.97s 
timer:                       apply Q and update     0.00s     0.00s 
mp2_pair11 residual norms:
[0.00667, 0.00497, 0.00497, 0.00979]
mp2_pair11 scaled residual norms:
[0.00039, 0.00034, 0.00034, 0.00073]
mp2_pair22 residual norms:
[0.01310, 0.01582, 0.01582, 0.00454]
mp2_pair22 scaled residual norms:
[0.00076, 0.00095, 0.00095, 0.00104]
timer:                          update all PNOs     3.51s     3.51s 
frozen pair: no orthonormalization
timer:                                     RRCD     0.03s     0.03s 
timer:                             MRA compress     0.00s     0.00s 
timer:                          Transform Pairs     0.11s     0.11s 
saving vector of functions mp2_pair11
saving vector of functions mp2_pair22
timer:                        save pnos on disc     0.17s     0.17s 


CONVERGED!
energy change = 0.00007

re-entering loop to compute the correct amplitudes and energies
timer:                        Whole Iteration 5    12.87s    12.87s 
Information About All Pairs:
mp2_pair11           number=0 rank=  4 frozen=false
mp2_pair21           number=1 rank=  0 frozen=true
mp2_pair22           number=2 rank=  4 frozen=false
number of pairs=3
average rank   =2 (2.66667)
largest rank   =4
PNOPairs Memory Information
Total: 0.00990 GB 
PNO  : 0.00990 GB 
KPNO : 0.00000 GB 
W    : 0.00000 GB 

timer:                                 truncate     0.03s     0.03s 
wall time=163.24367 chunk=8 allK.size()=8 memory=0.00883 GB
timer:                             compute KPNO     3.97s     3.97s 
wall time=163.42123 chunk=8 allJ.size()=8 memory=0.01071 GB
timer:                             compute JPNO     0.18s     0.18s 
timer:                    compute Fock matrices     1.38s     1.38s 
timer:                             MRA compress     0.00s     0.00s 
timer:                          Transform Pairs     0.22s     0.22s 
timer:                             Canonicalize     0.23s     0.23s 
PNOPairs Memory Information
Total: 0.01889 GB 
PNO  : 0.01006 GB 
KPNO : 0.00883 GB 
W    : 0.00000 GB 

timer:                                 truncate     0.06s     0.06s 
mp2_pair21 is frozen: potential not computed
timer:                   Fluctuation Potentials     2.13s     2.13s 
timer:                       Fluctuation Matrix     0.15s     0.15s 
PNOPairs Memory Information
Total: 0.03312 GB 
PNO  : 0.01006 GB 
KPNO : 0.00883 GB 
W    : 0.01423 GB 

PNOPairs Memory Information
Total: 0.03312 GB 
PNO  : 0.01006 GB 
KPNO : 0.00883 GB 
W    : 0.01423 GB 

timer:                                 truncate     0.07s     0.07s 
timer:                             PNO Overlaps     0.07s     0.07s 
t_iter =  0  Hylleraas energy =  0.00000  ||R||_F =  0.31172  conv =  no
subspace solution [*]   1.00000000

t_iter =  1  Hylleraas energy =  -0.05460  ||R||_F =  0.00000  conv =  yes
=======================================================

Hylleraas MP2 Energies

=======================================================
    i    j      singlet      triplet        Total
=======================================================
    1    1  -2.43241e-02  0.00000e+00 -2.43241e-02
    2    1   0.00000e+00  0.00000e+00  0.00000e+00
    2    2  -3.02728e-02  0.00000e+00 -3.02728e-02
=======================================================
Hylleraas MP2 Energies (singlet): -5.45969e-02
Hylleraas MP2 Energies (triplet):  0.00000e+00
Hylleraas MP2 Energies (total)  : -5.45969e-02
=======================================================
-------------------------------------------
Total Reg Energy  =-5.45969e-02
Total F12 Energy  = 0.00000e+00
Sum Energies Total=-5.45969e-02
-------------------------------------------
timer:                         Solve Amplitudes     0.00s     0.00s 
pair11: density evals:
 [*]   0.00343115   0.00468087   0.00468087   0.00555501

pair22: density evals:
 [*]   0.00336285   0.00358661   0.00358661   0.05221184

timer:                            compress PNOs     0.00s     0.00s 
timer:                             MRA compress     0.00s     0.00s 
timer:                          Transform Pairs     0.46s     0.46s 
timer:                          PNO Compression     0.46s     0.46s 
Information About All Pairs:
mp2_pair11           number=0 rank=  4 frozen=false
mp2_pair21           number=1 rank=  0 frozen=true
mp2_pair22           number=2 rank=  4 frozen=false
number of pairs=3
average rank   =2 (2.66667e+00)
largest rank   =4
saving vector of functions mp2_pair11
saving vector of functions mp2_pair22
timer:                        save pnos on disc     0.17s     0.17s 
exiting: Iterations converged
PNO ranks:
PNO Rank for pair pair11 = 4
PNO Rank for pair pair21 = 0
PNO Rank for pair pair22 = 4
average rank 2.66667e+00
timer:                               PNO::solve    75.87s    75.87s 

--------------------------------
ITERATE-PAIRS-INTERNAL-ENDED
--------------------------------
mp2_pair21 converged!


Adaptive Sovler:
 Current Energy=-5.4596922768e-02
 DeltaE        =-5.4596922768e-02
 max dE (pair) =-3.0272808673e-02 (2)
 all_pairs_conv=false




not converged yet

freeze pair mp2_pair21 (not further optimized: Energy below 1.0000000000e-05)
Maximum Rank of4 reached for all non-frozen pairs, no need to iterate further=======================================================

Final MP2 Energies

=======================================================
    i    j      singlet      triplet        Total
=======================================================
    1    1  -2.43241e-02  0.00000e+00 -2.43241e-02
    2    1   0.00000e+00  0.00000e+00  0.00000e+00
    2    2  -3.02728e-02  0.00000e+00 -3.02728e-02
=======================================================
Final MP2 Energies (singlet): -5.45969e-02
Final MP2 Energies (triplet):  0.00000e+00
Final MP2 Energies (total)  : -5.45969e-02
=======================================================
-------------------------------------------
Total Reg Energy  =-5.45969e-02
Total F12 Energy  = 0.00000e+00
Sum Energies Total=-5.45969e-02
-------------------------------------------
Average | Max Rank: 2 | 4



--------------------------------------------------
MRA-PNO-MP2-F12 ended 
--------------------------------------------------
                 time scf = 8.49395e+01
               energy scf = -1.56047e+01
--------------------------------------------------
restarting PNO to reload pairs that converged before and were frozen
PNO Parameters
pno
       rank_increase  15         # default   maximum rank to increase in every macroiteration
               chunk  100        # default   chunk of functions operated on in parallel when G or K is applied (prevent memory shortage)
               debug  false      # default   debug mode
              freeze  1          # derived   frozen core approximation
             maxrank  4          # defined   maximal pno rank for all pairs
           guesstype  exop       # derived   the guesstype: exop (recommended, multiply polynomial excitation operators onto the occupied orbitals), empty (don't compute a guess), scf (use the ao basis from the SCF solver), partial_wave (create s,p,d ..., type functions and place on atoms), predefined (same as partial_wave but for predefined sets)
                exop  multipole  # derived   this string defines which excitation operators can be used, use 'dipole', 'dipole+', 'quadrupole', 'ocopole', or 'multipole', need to set guesstype to 'exop' which is the default
          exop_trigo  true       # default   use trigonometric excitation operators ( x --> sin(x)
        partial_wave             # default   atom centered partial wave guess of format like 'h-2s1p-o-3s2p1d', need to set guesstype to 'partial_wave' and adaptive_solver to 'none'
          predefined             # default   predefined partial wave guesses of type pvxz with x=d,t,q,5,6, need to set guesstype to 'predefined' and adaptive_solver to 'none'
           maxiter_t  100        # default   maximal number of iterations in the amplitude solver
       maxiter_micro  10         # default   Maximum of iterations for every cycle in the adaptive solver
       maxiter_macro  10         # default   Maximum of iterations of cycles in the adaptive solver
                tpno  1.0000e-08 # default   PNO cutoff threshold
          tpno_tight  1.0000e-10 # derived   PNO cutoff for the first iteration
    canonicalize_pno  true       # default   canonicalize the pnos before the amplitude solver
              thresh  1.0000e-04 # defined   MRA threshold
         econv_micro  1.0000e-04 # derived   Energy convergence for microiterations (Greens function based optimization) in adaptive solver
         econv_pairs  1.0000e-05 # derived   ENergy convergence for individual pairs in adaptive solver. Converged pairs are frozen automatically
         econv_macro  1.0000e-04 # derived   Energy convergence for macroiterations in adaptive solver, no effect if adaptive_solver is deactivated
               dconv  1.0000e-01 # default   convergence of every PNO in the Green's function solver
           op_thresh  1.0000e-06 # default   MRA operator thresh
             restart  all        # defined   restart pairs of this type, use 'mp2', 'cispd', 'all' or 'none'
          no_compute  none       # default   do not compute the pairs of this type, use 'mp2', 'cispd', 'all' or 'none'
              no_opt  all        # defined   do not optimize the pnos of this type, use 'mp2', 'cispd', 'all' or 'none'
            no_guess  all        # defined   guess for this type will be empty, use 'mp2', 'cispd', 'all' or 'none'
     adaptive_solver  none       # defined   Use adaptive solver for those pairs, use 'mp2', 'cispd', 'all' or 'none', works only in combination with guesstype 'exop'
                kain  true       # default   use KAIN solver in amplitude solver
       kain_subspace  5          # default   subspace size of the KAIN solver (amplitudes)
                 f12  false      # defined   use explicit correlation
        cispd_number  -1         # default   CIS(D) excitation numbers, to read in correct functions
        cispd_energy  0.0000e+00 # default   CIS energy
        freeze_pairs  none       # default   frozen pairs will not be optimized: Expected format 'a b c d' will freeze pairs ab and cd
freeze_pairs_of_orbital  []         # default    All pairs which originate from this orbital will not be optimized
active_pairs_of_orbital  []         # default    All pairs which originate from this orbital will not be frozen all other pairs will, if this vector is not empty
no_opt_in_first_iteration  false      # default   Do not optimize in the first iteration (then the potentials do not have to be evaluated, use this for large guesses)
            exchange  full       # default   approximate exchange with 'neglect' or xc functional -> same syntax as moldft
           save_pnos  true       # default   Save the OBS-PNOs to a file, before and after orthonormalization.
            diagonal  true       # defined   Compute only diagonal PNOs

end

**********************
Solve PNO-MP2
*********************


**********************
Iterate Pairs
*********************


************************
Standard Solver
***********************

Initializing Pairs:
Restart demanded for mp2 pairs
loading vector of functions mp2_pair11
Found PNOs for mp2_pair11 with rank 4
loading vector of functions mp2_pair21
failed to find PNO mp2_pair21 initialize as zero function
nloading vector of functions mp2_pair22
Found PNOs for mp2_pair22 with rank 4
no guess was explicitly demanded for mp2

timer:                                     RRCD     0.02s     0.02s 
timer:                             MRA compress     0.00s     0.00s 
timer:                          Transform Pairs     0.17s     0.17s 
timer:          apply Q and orthonormalize PNOs     0.41s     0.41s 
Created Guess:
pair11 with 4 guess functions
pair21 with 0 guess functions
pair22 with 4 guess functions
guess pair11 size: 5.0702095032e-03 | 5.0702095032e-03 Gbyte (after truncation)
guess pair22 size: 4.7430992126e-03 | 4.7430992126e-03 Gbyte (after truncation)
timer:                           truncate guess     0.07s     0.07s 
timer:                         Initialize Pairs     0.53s     0.53s 
Information About All Pairs:
mp2_pair11           number=0 rank=  4 frozen=false
mp2_pair21           number=1 rank=  0 frozen=true
mp2_pair22           number=2 rank=  4 frozen=false
number of pairs=3
average rank   =2 (2.6666666667e+00)
largest rank   =4
SolveInternal: Parameters are assigned as
no_compute        = false
no_opt            = true
restart           = true
do_cispd          = false
econv             =1.0000000000e-04
maxrank (min,max) = (4,4)
Solving MP2 doubles
timer:          fock matrix     2.66s     2.66s
Information About All Pairs:
mp2_pair11           number=0 rank=  4 frozen=false
mp2_pair21           number=1 rank=  0 frozen=true
mp2_pair22           number=2 rank=  4 frozen=false
number of pairs=3
average rank   =2 (2.6666666667e+00)
largest rank   =4
PNOPairs Memory Information
Total: 0.0098133087 GB 
PNO  : 0.0098133087 GB 
KPNO : 0.0000000000 GB 
W    : 0.0000000000 GB 

timer:                                 truncate     0.03s     0.03s 
wall time=175.3394699097 chunk=8 allK.size()=8 memory=0.0088319778 GB
timer:                             compute KPNO     3.89s     3.89s 
wall time=175.5531599522 chunk=8 allJ.size()=8 memory=0.0106310844 GB
timer:                             compute JPNO     0.21s     0.21s 
timer:                    compute Fock matrices     1.25s     1.25s 
timer:                             MRA compress     0.00s     0.00s 
timer:                          Transform Pairs     0.23s     0.23s 
timer:                             Canonicalize     0.23s     0.23s 
PNOPairs Memory Information
Total: 0.0188088417 GB 
PNO  : 0.0099768639 GB 
KPNO : 0.0088319778 GB 
W    : 0.0000000000 GB 

timer:                                 truncate     0.05s     0.05s 
mp2_pair21 is frozen: potential not computed
timer:                   Fluctuation Potentials     2.01s     2.01s 
timer:                       Fluctuation Matrix     0.16s     0.16s 
PNOPairs Memory Information
Total: 0.0330381393 GB 
PNO  : 0.0099768639 GB 
KPNO : 0.0088319778 GB 
W    : 0.0142292976 GB 

PNOPairs Memory Information
Total: 0.0330381393 GB 
PNO  : 0.0099768639 GB 
KPNO : 0.0088319778 GB 
W    : 0.0142292976 GB 

timer:                                 truncate     0.06s     0.06s 
timer:                             PNO Overlaps     0.07s     0.07s 
t_iter =  0  Hylleraas energy =  0.0000000000  ||R||_F =  0.3117212548  conv =  no
subspace solution [*]   1.00000000

t_iter =  1  Hylleraas energy =  -0.0545959165  ||R||_F =  0.0000007561  conv =  yes
=======================================================

Hylleraas MP2 Energies

=======================================================
    i    j      singlet      triplet        Total
=======================================================
    1    1  -2.43241e-02  0.00000e+00 -2.43241e-02
    2    1   0.00000e+00  0.00000e+00  0.00000e+00
    2    2  -3.02718e-02  0.00000e+00 -3.02718e-02
=======================================================
Hylleraas MP2 Energies (singlet): -5.45959e-02
Hylleraas MP2 Energies (triplet):  0.00000e+00
Hylleraas MP2 Energies (total)  : -5.45959e-02
=======================================================
-------------------------------------------
Total Reg Energy  =-5.45959e-02
Total F12 Energy  = 0.00000e+00
Sum Energies Total=-5.45959e-02
-------------------------------------------
timer:                         Solve Amplitudes     0.00s     0.00s 
No optimization untill now: Compressing pno ranks with tighter threshold
1.00000e-10 instead of 1.00000e-08
pair11: density evals:
 [*]   0.00343119   0.00468087   0.00468087   0.00555502

pair22: density evals:
 [*]   0.00336257   0.00358661   0.00358661   0.05220806

timer:                            compress PNOs     0.00s     0.00s 
timer:                             MRA compress     0.00s     0.00s 
timer:                          Transform Pairs     0.51s     0.51s 
timer:                          PNO Compression     0.51s     0.51s 
Information About All Pairs:
mp2_pair11           number=0 rank=  4 frozen=false
mp2_pair21           number=1 rank=  0 frozen=true
mp2_pair22           number=2 rank=  4 frozen=false
number of pairs=3
average rank   =2 (2.66667e+00)
largest rank   =4
saving vector of functions mp2_pair11
saving vector of functions mp2_pair22
timer:                        save pnos on disc     0.16s     0.16s 
exiting: Found no_opt keyword
PNO ranks:
PNO Rank for pair pair11 = 4
PNO Rank for pair pair21 = 0
PNO Rank for pair pair22 = 4
average rank 2.66667e+00
timer:                               PNO::solve    11.31s    11.31s 

--------------------------------
ITERATE-PAIRS-INTERNAL-ENDED
--------------------------------
=======================================================

Final MP2 Energies

=======================================================
    i    j      singlet      triplet        Total
=======================================================
    1    1  -2.43241e-02  0.00000e+00 -2.43241e-02
    2    1   0.00000e+00  0.00000e+00  0.00000e+00
    2    2  -3.02718e-02  0.00000e+00 -3.02718e-02
=======================================================
Final MP2 Energies (singlet): -5.45959e-02
Final MP2 Energies (triplet):  0.00000e+00
Final MP2 Energies (total)  : -5.45959e-02
=======================================================
-------------------------------------------
Total Reg Energy  =-5.45959e-02
Total F12 Energy  = 0.00000e+00
Sum Energies Total=-5.45959e-02
-------------------------------------------
Average | Max Rank: 2 | 4
                 time pno = 8.27006e+01
               energy mp2 = -5.45959e-02
     average pno rank mp2 = 2
         max pno rank mp2 = 4
--------------------------------------------------
            energy(total) = -1.56592e+01
--------------------------------------------------



Orthonormalization technique used: symmetric
No CABS used.
Tightening thresholds to +0.00010000 for post-processing
Overlap Matrix of all PNOs:
+1.00000221 +0.30372059 +0.00000000 +0.00000000 
+0.30372059 +1.00000143 -0.00000000 +0.00000000 
+0.00000000 -0.00000000 +1.00000000 +0.00000000 
+0.00000000 +0.00000000 +0.00000000 +1.00000000 
Before cherry pick
rank is +0
all used occupation numbers:
[+0.05220806 +0.00555502 +0.00468087 +0.00468087 ]
corresponding to active pairs:
[(1,1) (0,0) (0,0) (0,0) ]
After cherry pick
all used occupation numbers:
[+0.05220806 +0.00555502 +0.00468087 +0.00468087 ]
corresponding to active pairs:
[(1,1) (0,0) (0,0) (0,0) ]
Overlap Matrix before symmetric
[+0,*]  +1.00000221  +0.30372059  +0.00000000  +0.00000000
[+1,*]  +0.30372059  +1.00000143  -0.00000000  +0.00000000
[+2,*]  +0.00000000  -0.00000000  +1.00000000  +0.00000000
[+3,*]  +0.00000000  +0.00000000  +0.00000000  +1.00000000
Overlap Matrix after symmetric
[+0,*]  +1.00000000  -0.00000000  -0.00000000  +0.00000000
[+1,*]  -0.00000000  +1.00000000  +0.00000000  -0.00000000
[+2,*]  -0.00000000  +0.00000000  +1.00000000  -0.00000000
[+3,*]  +0.00000000  -0.00000000  -0.00000000  +1.00000000
Adding 3 HF orbitals
Size before adding CABS: 7.
Size after adding CABS: 7.
Compute G and F Tensor:
Assemble g,f using symmetries...
non zero elements:
 g : +4102
 h : +27
Overlap over whole basis
[+0,*]  +1.00000000  -0.00000052  +0.00000083  -0.00000521  -0.00001481  -0.00000000  -0.00000000
[+1,*]  -0.00000052  +1.00000000  +0.00000049  -0.00000160  -0.00000466  -0.00000000  -0.00000000
[+2,*]  +0.00000083  +0.00000049  +1.00000000  +0.00000040  +0.00000089  +0.00000000  +0.00000000
[+3,*]  -0.00000521  -0.00000160  +0.00000040  +1.00000000  -0.00000000  -0.00000000  +0.00000000
[+4,*]  -0.00001481  -0.00000466  +0.00000089  -0.00000000  +1.00000000  -0.00000000  +0.00000000
[+5,*]  -0.00000000  -0.00000000  +0.00000000  -0.00000000  -0.00000000  +1.00000000  -0.00000000
[+6,*]  -0.00000000  -0.00000000  +0.00000000  +0.00000000  +0.00000000  -0.00000000  +1.00000000

||S-1||=+0.00002336
finished at time 217.7

    Parallel environment
    --------------------
                  #nodes    1
       #threads per node    11+main = 12
          #total threads    12

  RMI message statistics (min / avg / max)
  ----------------------
   #messages in server q    0.00e+00 / 0.00e+00 / 0.00e+00
 #messages sent per node    0.00e+00 / 0.00e+00 / 0.00e+00
    #bytes sent per node    0.00e+00 / 0.00e+00 / 0.00e+00
 #messages recv per node    0.00e+00 / 0.00e+00 / 0.00e+00
    #bytes recv per node    0.00e+00 / 0.00e+00 / 0.00e+00
        #msgs systemwide    0.00e+00
       #bytes systemwide    0.00e+00

  Thread pool statistics (min / avg / max)
  ----------------------
         #tasks per node    1.44e+07 / 1.44e+07 / 1.44e+07
     #max q len per node    8.65e+03 / 8.65e+03 / 8.65e+03
  #hi-pri tasks per node    4.97e+06 / 4.97e+06 / 4.97e+06

         Total wall time    217.6s
         Total  cpu time    217.6s

