MADNESS runtime initialized with 11 threads in the pool and affinity -1 -1 -1
starting at time 0.0

--------------------------------------------
   MADNESS 0.10.1 multiresolution suite
--------------------------------------------

   number of processors ... 1
    processor frequency ... 3.695855e+09
            host system ... Linux
          configured by ... kottmann
          configured on ... wittgenstein
          configured at ... 2021-02-10T21:25:26
                    CXX ... /usr/bin/c++
               CXXFLAGS ... -O3 -DNDEBUG -I/h/28/kottmann/install/numcpp/include/ -I/h/28/kottmann/install/boost/boost_1_72_0/include/ -std=c++1z
             tuning for ... default
                    MPI ... multiple
 multi-threaded runtime ... MADNESS ThreadPool
                   BLAS ... Intel MKL 66490 66490 MFLOP/s
               compiled ... 13:08:26  on  Feb 23 2021


-------------------------------------------------------------------------------------
SOLVING MRA-PNO-F12 as described in 
J.S. Kottmann, F.A. Bischoff, E.F. Valeev
Direct determination of optimal pair-natural orbitals in a real-space representation:
the second-order Møller-Plesset energy
Journal of Chemical Physics ... 2020
-------------------------------------------------------------------------------------


This script will run PNO-MP2 and print out tensors in binary
Call as: pno_integrals inputfileinput is input
ignoring unknown parameter in input file:  ncf

Angstrom being used to read input coordinates (1 Bohr = 1.88972613 Angstrom)


Asymptotic correction parameters
---------------------------------------
Atom vector is not empty: false
Using multipole approximation: false
Number of electrons = -1
Ionisation energy = 0.000000e+00
E(HOMO) = 0.000000e+00
R1 = 3.000000e+00
R2 = 4.000000e+00
DFT coefficient = 0.000000e+00
Interpolation scheme = linear
constructed symmetry operator for point group C1
dft
              charge  0.0000e+00 # defined   total molecular charge
                  xc  hf         # defined   XC input line
               smear  0.0000e+00 # default   smearing parameter
               econv  1.0000e-04 # defined   energy convergence
               dconv  5.0000e-04 # defined   density convergence
convergence_criteria  [bsh_residual, total_energy] # default   possible values are: bsh_residual, total_energy, each_energy, density
                   k  7          # defined   polynomial order
                   l  5.5606e+01 # derived   user coordinates box size
               deriv  abgv       # default   derivative method                            [abgv, bspline, ble]
           dft_deriv  abgv       # default   derivative method for gga potentials         [abgv, bspline, ble]
             maxrotn  2.5000e-01 # default   step restriction used in autoshift algorithm
             nvalpha  0          # default   number of alpha virtuals to compute
              nvbeta  0          # default   number of beta virtuals to compute
               nopen  0          # default   number of unpaired electrons = nalpha-nbeta
             maxiter  25         # default   maximum number of iterations
                 nio  1          # default   no. of io servers to use
     spin_restricted  true       # default   true if spin restricted
              plotlo  0          # default   range of MOs to print (for both spins if polarized
              plothi  -1         # default   range of MOs to print (for both spins if polarized
            plotdens  false      # default   If true print the density at convergence
            plotcoul  false      # default   If true plot the total coulomb potential at convergence
            localize  boys       # defined   localization method                          [pm, boys, new, canon]
          pointgroup  c1         # derived   use point (sub) group symmetry if not localized[c1, c2, ci, cs, c2v, c2h, d2, d2h]
             restart  false      # default   if true restart from orbitals on disk
           restartao  false      # default   if true restart from orbitals projected into AO basis (STO3G) on disk
          no_compute  false      # default   if true use orbitals on disk, set value to computed
           no_orient  false      # default   if true the molecule coordinates will not be reoriented
                save  true       # default   if true save orbitals to disk
              maxsub  10         # default   size of iterative subspace ... set to 0 or 1 to disable
        orbitalshift  0.0000e+00 # default   scf orbital shift: shift the occ orbitals to lower energies
            npt_plot  101        # default   no. of points to use in each dim for plots
           plot_cell  []         # default   lo hi in each dimension for plotting (default is all space)
             aobasis  6-31g      # derived   AO basis used for initial guess (6-31g or sto-3g)
           core_type  none       # default   core potential type                          [none, mpc]
         derivatives  false      # default   if true calculate nuclear derivatives
              dipole  false      # default   if true calculate dipole moment
      conv_only_dens  false      # default   if true remove bsh_residual from convergence criteria (deprecated)
            psp_calc  false      # default   pseudopotential calculation for all atoms
 print_dipole_matels  false      # default   if true output dipole matrix elements
            pcm_data  none       # default   do a PCM (solvent) calculation
             ac_data  none       # default   do a calculation with asymptotic correction (see ACParameters class in chem/AC.h for details)
             pure_ae  true       # default   pure all electron calculation with no pseudo-atoms
         print_level  3          # default   0: no output; 1: final energy; 2: iterations; 3: timings; 10: debug
              nalpha  3          # derived   number of alpha spin electrons
               nbeta  3          # derived   number of beta  spin electrons
           nmo_alpha  3          # derived   number of alpha spin molecular orbitals
            nmo_beta  3          # derived   number of beta spin molecular orbitals
                  lo  9.0905e-04 # derived   smallest length scale we need to resolve
            protocol  [1.0000e-04, 1.0000e-06] # derived   calculation protocol
                gopt  false      # default   geometry optimizer
                gtol  1.0000e-04 # default   geometry tolerance
               gtest  false      # default   geometry tolerance
                gval  1.0000e-05 # default   value precision
               gprec  1.0000e-04 # default   gradient precision
            gmaxiter  20         # default   optimization maxiter
    ginitial_hessian  false      # default   compute inital hessian for optimization
              algopt  bfgs       # default   algorithm used for optimization              [bfgs, cg]
            tdksprop  false      # default   time-dependent Kohn-Sham equation propagate
           nv_factor  1          # default   factor to multiply number of virtual orbitals with when automatically decreasing nvirt
           vnucextra  2          # default   load balance parameter for nuclear pot
        loadbalparts  2          # default   ??
            response  false      # default   response function calculation
       response_freq  0.0000e+00 # default   frequency for calculation response function
       response_axis  [1, 1, 1]  # default   response axis
           nonrotate  false      # default   if true do not molcule orient (redundant with no_orient
               rconv  1.0000e-06 # default   Response convergence
              efield  0.0000e+00 # default   eps for finite field
         efield_axis  0          # default   finite field axis                            [0, 1, 2]
              nwfile  none       # default   Base name of nwchem output files (.out and .movecs extensions) to read from
                 ncf  (none,1.0000e+00) # defined   nuclear correlation factor
             hessian  false      # default   compute the hessian matrix
           read_cphf  false      # default   read the converged orbital response for nuclear displacements from file
        restart_cphf  false      # default   read the guess orbital response for nuclear displacements from file
      purify_hessian  false      # default   symmetrize the hessian matrix based on atomic charges

end
              charge  0.0000e+00 # defined   total molecular charge
                  xc  hf         # defined   XC input line
               smear  0.0000e+00 # default   smearing parameter
               econv  1.0000e-04 # defined   energy convergence
               dconv  5.0000e-04 # defined   density convergence
convergence_criteria  [bsh_residual, total_energy] # default   possible values are: bsh_residual, total_energy, each_energy, density
                   k  7          # defined   polynomial order
                   l  5.5606e+01 # derived   user coordinates box size
               deriv  abgv       # default   derivative method                            [abgv, bspline, ble]
           dft_deriv  abgv       # default   derivative method for gga potentials         [abgv, bspline, ble]
             maxrotn  2.5000e-01 # default   step restriction used in autoshift algorithm
             nvalpha  0          # default   number of alpha virtuals to compute
              nvbeta  0          # default   number of beta virtuals to compute
               nopen  0          # default   number of unpaired electrons = nalpha-nbeta
             maxiter  25         # default   maximum number of iterations
                 nio  1          # default   no. of io servers to use
     spin_restricted  true       # default   true if spin restricted
              plotlo  0          # default   range of MOs to print (for both spins if polarized
              plothi  -1         # default   range of MOs to print (for both spins if polarized
            plotdens  false      # default   If true print the density at convergence
            plotcoul  false      # default   If true plot the total coulomb potential at convergence
            localize  boys       # defined   localization method                          [pm, boys, new, canon]
          pointgroup  c1         # derived   use point (sub) group symmetry if not localized[c1, c2, ci, cs, c2v, c2h, d2, d2h]
             restart  false      # default   if true restart from orbitals on disk
           restartao  false      # default   if true restart from orbitals projected into AO basis (STO3G) on disk
          no_compute  false      # default   if true use orbitals on disk, set value to computed
           no_orient  false      # default   if true the molecule coordinates will not be reoriented
                save  true       # default   if true save orbitals to disk
              maxsub  10         # default   size of iterative subspace ... set to 0 or 1 to disable
        orbitalshift  0.0000e+00 # default   scf orbital shift: shift the occ orbitals to lower energies
            npt_plot  101        # default   no. of points to use in each dim for plots
           plot_cell  []         # default   lo hi in each dimension for plotting (default is all space)
             aobasis  6-31g      # derived   AO basis used for initial guess (6-31g or sto-3g)
           core_type  none       # default   core potential type                          [none, mpc]
         derivatives  false      # default   if true calculate nuclear derivatives
              dipole  false      # default   if true calculate dipole moment
      conv_only_dens  false      # default   if true remove bsh_residual from convergence criteria (deprecated)
            psp_calc  false      # default   pseudopotential calculation for all atoms
 print_dipole_matels  false      # default   if true output dipole matrix elements
            pcm_data  none       # default   do a PCM (solvent) calculation
             ac_data  none       # default   do a calculation with asymptotic correction (see ACParameters class in chem/AC.h for details)
             pure_ae  true       # default   pure all electron calculation with no pseudo-atoms
         print_level  3          # default   0: no output; 1: final energy; 2: iterations; 3: timings; 10: debug
              nalpha  3          # derived   number of alpha spin electrons
               nbeta  3          # derived   number of beta  spin electrons
           nmo_alpha  3          # derived   number of alpha spin molecular orbitals
            nmo_beta  3          # derived   number of beta spin molecular orbitals
                  lo  9.0905e-04 # derived   smallest length scale we need to resolve
            protocol  [1.0000e-04, 1.0000e-06] # derived   calculation protocol
                gopt  false      # default   geometry optimizer
                gtol  1.0000e-04 # default   geometry tolerance
               gtest  false      # default   geometry tolerance
                gval  1.0000e-05 # default   value precision
               gprec  1.0000e-04 # default   gradient precision
            gmaxiter  20         # default   optimization maxiter
    ginitial_hessian  false      # default   compute inital hessian for optimization
              algopt  bfgs       # default   algorithm used for optimization              [bfgs, cg]
            tdksprop  false      # default   time-dependent Kohn-Sham equation propagate
           nv_factor  1          # default   factor to multiply number of virtual orbitals with when automatically decreasing nvirt
           vnucextra  2          # default   load balance parameter for nuclear pot
        loadbalparts  2          # default   ??
            response  false      # default   response function calculation
       response_freq  0.0000e+00 # default   frequency for calculation response function
       response_axis  [1, 1, 1]  # default   response axis
           nonrotate  false      # default   if true do not molcule orient (redundant with no_orient
               rconv  1.0000e-06 # default   Response convergence
              efield  0.0000e+00 # default   eps for finite field
         efield_axis  0          # default   finite field axis                            [0, 1, 2]
              nwfile  none       # default   Base name of nwchem output files (.out and .movecs extensions) to read from



 geometry
   eprec 1.0e-06
   units atomic
   Be            0.00000000           0.00000000           0.06299087
   H             0.00000000           0.00000000           5.35422404
   H             0.00000000           0.00000000          -5.60618753
 end

Solving NDIM= 3  with thresh 1.000000e-04     k 7    conv 5.000000e-04 

timer:     Project vnuclear     0.66s     0.66s
constructed nuclear correlation factor of the form
    R   =  1.000000e+00
with eprec  1.000000e-06
which means it's (nearly) a conventional calculation

timer:        reproject ncf     1.98s     1.98s
timer:        guess density     0.52s     0.52s
timer:   guess Coulomb potn     0.52s     0.52s
timer:       guess lda potn     0.32s     0.32s
timer:        guess overlap     0.07s     0.07s
timer:    KEmat reconstruct     0.05s     0.05s
timer:  KEmat differentiate     0.29s     0.29s
timer:       KEmat compress     0.10s     0.10s
timer: KEmat inner products     0.31s     0.31s
timer:     guess Kinet potn     0.75s     0.75s
timer:           guess fock     0.53s     0.53s
timer:      guess eigen sol     0.04s     0.04s
timer: guess orbital groupi     0.07s     0.07s

starting protocol at time      8.0s 
precision steps  1.000000e-04  -->  1.000000e-04
protocol: thresh 1.000000e-04 econv  1.000000e-04 dconv 5.000000e-04

ending protocol at time      8.0s 

Solving NDIM= 3  with thresh 1.000000e-04     k 7    conv 5.000000e-04 

timer:        Boys localize     0.92s     0.92s
orbital irreps []
timer:      reconstruct psi     0.18s     0.18s
timer:        compute Jnemo     0.75s     0.75s
timer:        compute Knemo     2.19s     2.19s
timer: compute Unemo 0.0158     0.24s     0.24s

  nuclear and kinetic     -22.51967140
         kinetic only      15.08989024
              coulomb       8.77584648
             exchange      -3.17111711
    nuclear-repulsion       1.55277450
   regularized energy     -15.36216753
  buggy if hybrid functionals are used..
timer:       compute energy     3.62s     3.62s
Norm of vector changes ab spin case : rms 1.190890e-01    max 1.619873e-01
convergence: bshresidual, energy change, max energy change, density change 1.4e-01 1.5e+01 1.5e+01 1.4e+00
finished iteration  0 at time     21.1s with energy  -15.36216753
timer:        Boys localize     1.01s     1.01s
orbital irreps []
timer:      reconstruct psi     0.15s     0.15s
timer:        compute Jnemo     0.69s     0.69s
timer:        compute Knemo     2.29s     2.29s
timer: compute Unemo 0.0158     0.17s     0.17s

  nuclear and kinetic     -22.69524273
         kinetic only      14.96121867
              coulomb       8.77556840
             exchange      -3.07434825
    nuclear-repulsion       1.55277450
   regularized energy     -15.44124807
  buggy if hybrid functionals are used..
timer:       compute energy     3.65s     3.65s
Norm of vector changes ab spin case : rms 5.307645e-02    max 6.963424e-02
convergence: bshresidual, energy change, max energy change, density change 3.9e-02 7.9e-02 1.8e-01 1.9e-02
finished iteration  1 at time     34.5s with energy  -15.44124807
timer:        Boys localize     0.91s     0.91s
orbital irreps []
timer:      reconstruct psi     0.19s     0.19s
timer:        compute Jnemo     0.63s     0.63s
timer:        compute Knemo     2.08s     2.08s
timer: compute Unemo 0.0159     0.22s     0.22s

  nuclear and kinetic     -22.81509936
         kinetic only      14.96813784
              coulomb       8.85575200
             exchange      -3.04694230
    nuclear-repulsion       1.55277450
   regularized energy     -15.45351516
  buggy if hybrid functionals are used..
timer:       compute energy     3.52s     3.52s
Norm of vector changes ab spin case : rms 1.748246e-02    max 2.456271e-02
convergence: bshresidual, energy change, max energy change, density change 1.0e-02 1.2e-02 1.2e-01 5.9e-03
finished iteration  2 at time     47.7s with energy  -15.45351516
timer:        Boys localize     0.88s     0.88s
orbital irreps []
timer:      reconstruct psi     0.18s     0.18s
timer:        compute Jnemo     0.77s     0.77s
timer:        compute Knemo     2.24s     2.24s
timer: compute Unemo 0.0160     0.15s     0.15s

  nuclear and kinetic     -22.86634248
         kinetic only      14.97893700
              coulomb       8.89974891
             exchange      -3.04127473
    nuclear-repulsion       1.55277450
   regularized energy     -15.45509380
  buggy if hybrid functionals are used..
timer:       compute energy     3.54s     3.54s
Norm of vector changes ab spin case : rms 7.491739e-03    max 1.108346e-02
convergence: bshresidual, energy change, max energy change, density change 3.5e-03 1.6e-03 5.1e-02 1.6e-03
finished iteration  3 at time     61.5s with energy  -15.45509380
timer:        Boys localize     1.16s     1.16s
orbital irreps []
timer:      reconstruct psi     0.14s     0.14s
timer:        compute Jnemo     0.73s     0.73s
timer:        compute Knemo     2.30s     2.30s
timer: compute Unemo 0.0160     0.21s     0.21s

  nuclear and kinetic     -22.88370796
         kinetic only      14.98222062
              coulomb       8.91560411
             exchange      -3.04000709
    nuclear-repulsion       1.55277450
   regularized energy     -15.45533644
  buggy if hybrid functionals are used..
timer:       compute energy     3.53s     3.53s
Norm of vector changes ab spin case : rms 1.302888e-03    max 1.710846e-03
convergence: bshresidual, energy change, max energy change, density change 7.6e-04 2.4e-04 1.7e-02 2.8e-04
finished iteration  4 at time     75.6s with energy  -15.45533644
timer:        Boys localize     0.94s     0.94s
orbital irreps []
timer:      reconstruct psi     0.16s     0.16s
timer:        compute Jnemo     0.71s     0.71s
timer:        compute Knemo     2.28s     2.28s
timer: compute Unemo 0.0160     0.18s     0.18s

  nuclear and kinetic     -22.88451645
         kinetic only      14.98181158
              coulomb       8.91624450
             exchange      -3.03985024
    nuclear-repulsion       1.55277450
   regularized energy     -15.45534769
  buggy if hybrid functionals are used..
timer:       compute energy     3.75s     3.75s
Norm of vector changes ab spin case : rms 1.272832e-03    max 1.823663e-03
convergence: bshresidual, energy change, max energy change, density change 4.3e-04 1.1e-05 8.1e-04 2.8e-04
finished iteration  5 at time     89.9s with energy  -15.45534769

Iterations converged


ending protocol at time     89.9s 

 Dipole Moment (a.u.)
 -----------

     x:  3.128612e-15
     y:  -4.229167e-14
     z:  1.649107e-01
 Total Dipole Moment:  1.649107e-01 

timer:               dipole     0.04s     0.04s
Nemo Orbital Energies: [*]  -4.88395627  -0.34946958  -0.33243812

nemo energy:  -1.545535e+01
 at time 90.5
PNO Integrals evaluated as:
pnoint
       rank_increase  15         # default   maximum rank to increase in every macroiteration
               chunk  100        # default   chunk of functions operated on in parallel when G or K is applied (prevent memory shortage)
               debug  false      # default   debug mode
              freeze  1          # derived   frozen core approximation
             maxrank  3          # defined   maximal pno rank for all pairs
           guesstype  exop       # derived   the guesstype: exop (recommended, multiply polynomial excitation operators onto the occupied orbitals), empty (don't compute a guess), scf (use the ao basis from the SCF solver), partial_wave (create s,p,d ..., type functions and place on atoms), predefined (same as partial_wave but for predefined sets)
                exop  multipole  # derived   this string defines which excitation operators can be used, use 'dipole', 'dipole+', 'quadrupole', 'ocopole', or 'multipole', need to set guesstype to 'exop' which is the default
          exop_trigo  true       # default   use trigonometric excitation operators ( x --> sin(x)
        partial_wave             # default   atom centered partial wave guess of format like 'h-2s1p-o-3s2p1d', need to set guesstype to 'partial_wave' and adaptive_solver to 'none'
          predefined             # default   predefined partial wave guesses of type pvxz with x=d,t,q,5,6, need to set guesstype to 'predefined' and adaptive_solver to 'none'
           maxiter_t  100        # default   maximal number of iterations in the amplitude solver
       maxiter_micro  10         # default   Maximum of iterations for every cycle in the adaptive solver
       maxiter_macro  10         # default   Maximum of iterations of cycles in the adaptive solver
                tpno  1.0000e-08 # default   PNO cutoff threshold
          tpno_tight  1.0000e-10 # derived   PNO cutoff for the first iteration
    canonicalize_pno  true       # default   canonicalize the pnos before the amplitude solver
              thresh  1.0000e-04 # defined   MRA threshold
         econv_micro  1.0000e-04 # derived   Energy convergence for microiterations (Greens function based optimization) in adaptive solver
         econv_pairs  1.0000e-05 # derived   ENergy convergence for individual pairs in adaptive solver. Converged pairs are frozen automatically
         econv_macro  1.0000e-04 # derived   Energy convergence for macroiterations in adaptive solver, no effect if adaptive_solver is deactivated
               dconv  1.0000e-01 # default   convergence of every PNO in the Green's function solver
           op_thresh  1.0000e-06 # default   MRA operator thresh
             restart  none       # derived   restart pairs of this type, use 'mp2', 'cispd', 'all' or 'none'
          no_compute  none       # default   do not compute the pairs of this type, use 'mp2', 'cispd', 'all' or 'none'
              no_opt  none       # default   do not optimize the pnos of this type, use 'mp2', 'cispd', 'all' or 'none'
            no_guess  none       # derived   guess for this type will be empty, use 'mp2', 'cispd', 'all' or 'none'
     adaptive_solver  all        # default   Use adaptive solver for those pairs, use 'mp2', 'cispd', 'all' or 'none', works only in combination with guesstype 'exop'
                kain  true       # default   use KAIN solver in amplitude solver
       kain_subspace  5          # default   subspace size of the KAIN solver (amplitudes)
                 f12  false      # defined   use explicit correlation
        cispd_number  -1         # default   CIS(D) excitation numbers, to read in correct functions
        cispd_energy  0.0000e+00 # default   CIS energy
        freeze_pairs  none       # default   frozen pairs will not be optimized: Expected format 'a b c d' will freeze pairs ab and cd
freeze_pairs_of_orbital  []         # default    All pairs which originate from this orbital will not be optimized
active_pairs_of_orbital  []         # default    All pairs which originate from this orbital will not be frozen all other pairs will, if this vector is not empty
no_opt_in_first_iteration  false      # default   Do not optimize in the first iteration (then the potentials do not have to be evaluated, use this for large guesses)
            exchange  full       # default   approximate exchange with 'neglect' or xc functional -> same syntax as moldft
           save_pnos  true       # default   Save the OBS-PNOs to a file, before and after orthonormalization.
            diagonal  true       # defined   Compute only diagonal PNOs
              orthog  symmetric  # defined   orthogonalization method for PNO basis, also current default for a potential CABS. options: symmetric, canonical, cholesky, rr_cholesky,
         orthog_cabs  default    # default   orthogonalization method for CABS basis. options: symmetric, canonical, cholesky, rr_cholesky, uses same as orbitals basis if default.
               n_pno  6          # defined   desired size of PNO-basis (orbital space)
         cabs_option  none       # default   type of complementary auxiliary basis to be used. can be none ~ no CABS, gbs ~ Gaussian basis set as CABS, requires input via auxbas_file, pno ~ use superfluous PNOs as CABS, mixed ~ gbs&pno-option
       pno_cabs_size  -1         # default   size of a potential pno-cabs. defaults to -1 ~ all remaining PNOs, if pno-cabs or mixed-cabs
           only_diag  false      # default   use only diagonal elements PNOs
         cherry_pick  []         # default   cherry pick option to choose particular set of PNOs, not just blindly by occupation number. can be useful, if only a restricted number of PNOs can be used, to avoid separating degenerate pairs. can be envoked by passing a vector via [ elem1, elem2, ... ]
               gamma  1.4000e+00 # default   The f12 length scale, here to be used to compute f12-integrals
         cabs_thresh  1.0000e-04 # derived    thresh for cabs part
              auxbas  none       # default   atom centered partial wave guess of format like 'h-2s1p-o-3s2p1d'
         auxbas_file  none       # default   Use external comp. aux. basis in addition to the pnos as auxbasis. Give the filename as parameter. Give the auxbas in turbomole format. Don't use contractions. If a file is specified the auxbas parameter has no effect
   print_pno_overlap  true       # default   Print overlap matrix at certain steps in computation, for debugging purposes.
              n_virt  0          # defined   Compute this number of virtuals and include them in the integral construction, experimental and not robust!.
      hardcore_boson  false      # default   compute only integrals for hardcore boson hamiltonian (restricted to double occupations)

end
F12 Operators initialized right
timer:                    Testing F12 Operators     0.90s     0.90s 
timer:  Initializing (active) Exchange Orbitals     2.16s     2.16s 
Size of active mos and their exchange potentials:
K(acmos)=3.393769e-03 Gbyte
acmos   =2.831548e-03 Gbyte
PNO Parameters
pno
       rank_increase  15         # default   maximum rank to increase in every macroiteration
               chunk  100        # default   chunk of functions operated on in parallel when G or K is applied (prevent memory shortage)
               debug  false      # default   debug mode
              freeze  1          # derived   frozen core approximation
             maxrank  3          # defined   maximal pno rank for all pairs
           guesstype  exop       # derived   the guesstype: exop (recommended, multiply polynomial excitation operators onto the occupied orbitals), empty (don't compute a guess), scf (use the ao basis from the SCF solver), partial_wave (create s,p,d ..., type functions and place on atoms), predefined (same as partial_wave but for predefined sets)
                exop  multipole  # derived   this string defines which excitation operators can be used, use 'dipole', 'dipole+', 'quadrupole', 'ocopole', or 'multipole', need to set guesstype to 'exop' which is the default
          exop_trigo  true       # default   use trigonometric excitation operators ( x --> sin(x)
        partial_wave             # default   atom centered partial wave guess of format like 'h-2s1p-o-3s2p1d', need to set guesstype to 'partial_wave' and adaptive_solver to 'none'
          predefined             # default   predefined partial wave guesses of type pvxz with x=d,t,q,5,6, need to set guesstype to 'predefined' and adaptive_solver to 'none'
           maxiter_t  100        # default   maximal number of iterations in the amplitude solver
       maxiter_micro  10         # default   Maximum of iterations for every cycle in the adaptive solver
       maxiter_macro  10         # default   Maximum of iterations of cycles in the adaptive solver
                tpno  1.0000e-08 # default   PNO cutoff threshold
          tpno_tight  1.0000e-10 # derived   PNO cutoff for the first iteration
    canonicalize_pno  true       # default   canonicalize the pnos before the amplitude solver
              thresh  1.0000e-04 # defined   MRA threshold
         econv_micro  1.0000e-04 # derived   Energy convergence for microiterations (Greens function based optimization) in adaptive solver
         econv_pairs  1.0000e-05 # derived   ENergy convergence for individual pairs in adaptive solver. Converged pairs are frozen automatically
         econv_macro  1.0000e-04 # derived   Energy convergence for macroiterations in adaptive solver, no effect if adaptive_solver is deactivated
               dconv  1.0000e-01 # default   convergence of every PNO in the Green's function solver
           op_thresh  1.0000e-06 # default   MRA operator thresh
             restart  none       # derived   restart pairs of this type, use 'mp2', 'cispd', 'all' or 'none'
          no_compute  none       # default   do not compute the pairs of this type, use 'mp2', 'cispd', 'all' or 'none'
              no_opt  none       # default   do not optimize the pnos of this type, use 'mp2', 'cispd', 'all' or 'none'
            no_guess  none       # derived   guess for this type will be empty, use 'mp2', 'cispd', 'all' or 'none'
     adaptive_solver  all        # default   Use adaptive solver for those pairs, use 'mp2', 'cispd', 'all' or 'none', works only in combination with guesstype 'exop'
                kain  true       # default   use KAIN solver in amplitude solver
       kain_subspace  5          # default   subspace size of the KAIN solver (amplitudes)
                 f12  false      # defined   use explicit correlation
        cispd_number  -1         # default   CIS(D) excitation numbers, to read in correct functions
        cispd_energy  0.0000e+00 # default   CIS energy
        freeze_pairs  none       # default   frozen pairs will not be optimized: Expected format 'a b c d' will freeze pairs ab and cd
freeze_pairs_of_orbital  []         # default    All pairs which originate from this orbital will not be optimized
active_pairs_of_orbital  []         # default    All pairs which originate from this orbital will not be frozen all other pairs will, if this vector is not empty
no_opt_in_first_iteration  false      # default   Do not optimize in the first iteration (then the potentials do not have to be evaluated, use this for large guesses)
            exchange  full       # default   approximate exchange with 'neglect' or xc functional -> same syntax as moldft
           save_pnos  true       # default   Save the OBS-PNOs to a file, before and after orthonormalization.
            diagonal  true       # defined   Compute only diagonal PNOs

end

**********************
Solve PNO-MP2
*********************


**********************
Iterate Pairs
*********************


************************
Adaptive Solver
***********************

Initializing empty Pairs:
no guess was explicitly demanded for mp2

timer:                                     RRCD     0.00s     0.00s 
timer:                             MRA compress     0.00s     0.00s 
timer:                          Transform Pairs     0.00s     0.00s 
timer:          apply Q and orthonormalize PNOs     0.00s     0.00s 
Created Guess:
pair11 with 0 guess functions
pair21 with 0 guess functions
pair22 with 0 guess functions
guess pair11 size: 0.0000000000e+00 | 0.0000000000e+00 Gbyte (after truncation)
guess pair22 size: 0.0000000000e+00 | 0.0000000000e+00 Gbyte (after truncation)
timer:                           truncate guess     0.00s     0.00s 
timer:                         Initialize Pairs     0.00s     0.00s 
Keyword multipole is not known
Guess protocol for adaptively growing ranks is: [dipole+, quadrupole, big_fock_3, big_fock_3, big_fock_3, big_fock_3, big_fock_3, big_fock_3, big_fock_3, big_fock_3]


--------Adaptive Solver Macroiteration 0 from max 10 ----------

Growing ranks with exop=dipole+
Create guess functions by multiplying plane-waves to 1 functions 
Created 4 virtuals for pair11
pair21 is frozen: no growing
Create guess functions by multiplying plane-waves to 1 functions 
Created 4 virtuals for pair22
frozen pair: no orthonormalization
timer:                                     RRCD     0.08s     0.08s 
timer:                             MRA compress     0.00s     0.00s 
timer:                          Transform Pairs     0.13s     0.13s 
timer:                        grow PNO subspace     1.99s     1.99s 
SolveInternal: Parameters are assigned as
no_compute        = false
no_opt            = false
restart           = false
do_cispd          = false
econv             =1.0000000000e-04
maxrank (min,max) = (3,3)
Solving MP2 doubles
timer:          fock matrix     2.95s     2.95s
Information About All Pairs:
mp2_pair11           number=0 rank=  4 frozen=false
mp2_pair21           number=1 rank=  0 frozen=true
mp2_pair22           number=2 rank=  4 frozen=false
number of pairs=3
average rank   =2 (2.6666666667e+00)
largest rank   =4
PNOPairs Memory Information
Total: 0.0107946396 GB 
PNO  : 0.0107946396 GB 
KPNO : 0.0000000000 GB 
W    : 0.0000000000 GB 

timer:                                 truncate     0.03s     0.03s 
wall time=104.8281078339 chunk=8 allK.size()=8 memory=0.0104675293 GB
timer:                             compute KPNO     4.16s     4.16s 
wall time=104.9653367996 chunk=8 allJ.size()=8 memory=0.0118577480 GB
timer:                             compute JPNO     0.14s     0.14s 
timer:                    compute Fock matrices     1.37s     1.37s 
timer:                             MRA compress     0.00s     0.00s 
timer:                          Transform Pairs     0.22s     0.22s 
timer:                             Canonicalize     0.22s     0.22s 
PNOPairs Memory Information
Total: 0.0201990604 GB 
PNO  : 0.0102221966 GB 
KPNO : 0.0099768639 GB 
W    : 0.0000000000 GB 

timer:                                 truncate     0.06s     0.06s 
mp2_pair21 is frozen: potential not computed
timer:                   Fluctuation Potentials     2.08s     2.08s 
timer:                       Fluctuation Matrix     0.15s     0.15s 
PNOPairs Memory Information
Total: 0.0342648029 GB 
PNO  : 0.0102221966 GB 
KPNO : 0.0099768639 GB 
W    : 0.0140657425 GB 

PNOPairs Memory Information
Total: 0.0342648029 GB 
PNO  : 0.0102221966 GB 
KPNO : 0.0099768639 GB 
W    : 0.0140657425 GB 

timer:                                 truncate     0.04s     0.04s 
timer:                             PNO Overlaps     0.13s     0.13s 
t_iter =  0  Hylleraas energy =  0.0000000000  ||R||_F =  0.1522622119  conv =  no
subspace solution [*]   1.00000000

t_iter =  1  Hylleraas energy =  -0.0352587864  ||R||_F =  0.0000000411  conv =  yes
=======================================================

Hylleraas MP2 Energies

=======================================================
    i    j      singlet      triplet        Total
=======================================================
    1    1  -1.68045e-02  0.00000e+00 -1.68045e-02
    2    1   0.00000e+00  0.00000e+00  0.00000e+00
    2    2  -1.84542e-02  0.00000e+00 -1.84542e-02
=======================================================
Hylleraas MP2 Energies (singlet): -3.52588e-02
Hylleraas MP2 Energies (triplet):  0.00000e+00
Hylleraas MP2 Energies (total)  : -3.52588e-02
=======================================================
-------------------------------------------
Total Reg Energy  =-3.52588e-02
Total F12 Energy  = 0.00000e+00
Sum Energies Total=-3.52588e-02
-------------------------------------------
timer:                         Solve Amplitudes     0.00s     0.00s 
No optimization untill now: Compressing pno ranks with tighter threshold
1.00000e-10 instead of 1.00000e-08
pair11: density evals:
 [*]   0.00250153   0.00314378   0.00314378   0.04373426

pair11: # of PNOs reduced from  4  to  3  maxrank= 3
pair22: density evals:
 [*]   0.00244529   0.00300198   0.00300198   0.05427786

pair22: # of PNOs reduced from  4  to  3  maxrank= 3
timer:                            compress PNOs     0.00s     0.00s 
timer:                             MRA compress     0.00s     0.00s 
timer:                          Transform Pairs     0.31s     0.31s 
timer:                          PNO Compression     0.32s     0.32s 
Information About All Pairs:
mp2_pair11           number=0 rank=  3 frozen=false
mp2_pair21           number=1 rank=  0 frozen=true
mp2_pair22           number=2 rank=  3 frozen=false
number of pairs=3
average rank   =2 (2.00000e+00)
largest rank   =3
saving vector of functions mp2_pair11
saving vector of functions mp2_pair22
timer:                        save pnos on disc     0.15s     0.15s 
PNOPairs Memory Information
Total: 0.02535 GB 
PNO  : 0.00748 GB 
KPNO : 0.00716 GB 
W    : 0.01071 GB 

timer:                                 truncate     0.06s     0.06s 
timer:      compute densities for G application     0.00s     0.00s 
pair21 is frozen: no optimization
timer:                Prepare for G application     0.29s     0.29s 
timer:                                    add K     0.01s     0.01s 
size of all Vpsi potentials (without Vnuc and J) 0.00961 GB 
time=110.51590 chunk=6 Vpsi+Vnuc+J=0.02392 GB
time=110.60941 chunk=6 Vpsi+Vnuc+J=0.02376 GB (after truncation)
timer:                           Apply G to all     2.47s     2.47s 
timer:                       apply Q and update     0.00s     0.00s 
mp2_pair11 residual norms:
[0.35466, 0.35466, 0.36443]
mp2_pair11 scaled residual norms:
[0.01989, 0.01989, 0.07621]
mp2_pair22 residual norms:
[0.35549, 0.35549, 0.35625]
mp2_pair22 scaled residual norms:
[0.01948, 0.01948, 0.08300]
timer:                          update all PNOs     2.77s     2.77s 
frozen pair: no orthonormalization
timer:                                     RRCD     0.06s     0.06s 
timer:                             MRA compress     0.00s     0.00s 
timer:                          Transform Pairs     0.13s     0.13s 
saving vector of functions mp2_pair11
saving vector of functions mp2_pair22
timer:                        save pnos on disc     0.13s     0.13s 


No convergence yet. Energy change = 0.03526

timer:                        Whole Iteration 1    12.03s    12.03s 
Information About All Pairs:
mp2_pair11           number=0 rank=  3 frozen=false
mp2_pair21           number=1 rank=  0 frozen=true
mp2_pair22           number=2 rank=  3 frozen=false
number of pairs=3
average rank   =2 (2.00000)
largest rank   =3
PNOPairs Memory Information
Total: 0.00765 GB 
PNO  : 0.00765 GB 
KPNO : 0.00000 GB 
W    : 0.00000 GB 

timer:                                 truncate     0.02s     0.02s 
wall time=116.11101 chunk=6 allK.size()=6 memory=0.00707 GB
timer:                             compute KPNO     3.43s     3.43s 
wall time=116.31341 chunk=6 allJ.size()=6 memory=0.00846 GB
timer:                             compute JPNO     0.20s     0.20s 
timer:                    compute Fock matrices     1.22s     1.22s 
timer:                             MRA compress     0.00s     0.00s 
timer:                          Transform Pairs     0.19s     0.19s 
timer:                             Canonicalize     0.19s     0.19s 
PNOPairs Memory Information
Total: 0.01472 GB 
PNO  : 0.00765 GB 
KPNO : 0.00707 GB 
W    : 0.00000 GB 

timer:                                 truncate     0.05s     0.05s 
mp2_pair21 is frozen: potential not computed
timer:                   Fluctuation Potentials     1.84s     1.84s 
timer:                       Fluctuation Matrix     0.15s     0.15s 
PNOPairs Memory Information
Total: 0.02560 GB 
PNO  : 0.00765 GB 
KPNO : 0.00707 GB 
W    : 0.01088 GB 

PNOPairs Memory Information
Total: 0.02560 GB 
PNO  : 0.00765 GB 
KPNO : 0.00707 GB 
W    : 0.01088 GB 

timer:                                 truncate     0.06s     0.06s 
timer:                             PNO Overlaps     0.13s     0.13s 
t_iter =  0  Hylleraas energy =  0.00000  ||R||_F =  0.19991  conv =  no
subspace solution [*]   1.00000000

t_iter =  1  Hylleraas energy =  -0.05865  ||R||_F =  0.00000  conv =  yes
=======================================================

Hylleraas MP2 Energies

=======================================================
    i    j      singlet      triplet        Total
=======================================================
    1    1  -2.79138e-02  0.00000e+00 -2.79138e-02
    2    1   0.00000e+00  0.00000e+00  0.00000e+00
    2    2  -3.07364e-02  0.00000e+00 -3.07364e-02
=======================================================
Hylleraas MP2 Energies (singlet): -5.86503e-02
Hylleraas MP2 Energies (triplet):  0.00000e+00
Hylleraas MP2 Energies (total)  : -5.86503e-02
=======================================================
-------------------------------------------
Total Reg Energy  =-5.86503e-02
Total F12 Energy  = 0.00000e+00
Sum Energies Total=-5.86503e-02
-------------------------------------------
timer:                         Solve Amplitudes     0.00s     0.00s 
pair11: density evals:
 [*]   0.00378804   0.00378804   0.07584012

pair22: density evals:
 [*]   0.00359990   0.00359990   0.09431585

timer:                            compress PNOs     0.00s     0.00s 
timer:                             MRA compress     0.00s     0.00s 
timer:                          Transform Pairs     0.41s     0.41s 
timer:                          PNO Compression     0.41s     0.41s 
Information About All Pairs:
mp2_pair11           number=0 rank=  3 frozen=false
mp2_pair21           number=1 rank=  0 frozen=true
mp2_pair22           number=2 rank=  3 frozen=false
number of pairs=3
average rank   =2 (2.00000e+00)
largest rank   =3
saving vector of functions mp2_pair11
saving vector of functions mp2_pair22
timer:                        save pnos on disc     0.14s     0.14s 
PNOPairs Memory Information
Total: 0.02560 GB 
PNO  : 0.00765 GB 
KPNO : 0.00707 GB 
W    : 0.01088 GB 

timer:                                 truncate     0.07s     0.07s 
timer:      compute densities for G application     0.00s     0.00s 
pair21 is frozen: no optimization
timer:                Prepare for G application     0.24s     0.24s 
timer:                                    add K     0.03s     0.03s 
size of all Vpsi potentials (without Vnuc and J) 0.01084 GB 
time=121.42070 chunk=6 Vpsi+Vnuc+J=0.02318 GB
time=121.46203 chunk=6 Vpsi+Vnuc+J=0.02245 GB (after truncation)
timer:                           Apply G to all     2.32s     2.32s 
timer:                       apply Q and update     0.00s     0.00s 
mp2_pair11 residual norms:
[0.08590, 0.08590, 0.09520]
mp2_pair11 scaled residual norms:
[0.00529, 0.00529, 0.02622]
mp2_pair22 residual norms:
[0.08854, 0.08854, 0.08953]
mp2_pair22 scaled residual norms:
[0.00531, 0.00531, 0.02749]
timer:                          update all PNOs     2.59s     2.59s 
frozen pair: no orthonormalization
timer:                                     RRCD     0.07s     0.07s 
timer:                             MRA compress     0.00s     0.00s 
timer:                          Transform Pairs     0.05s     0.05s 
saving vector of functions mp2_pair11
saving vector of functions mp2_pair22
timer:                        save pnos on disc     0.14s     0.14s 


No convergence yet. Energy change = 0.02339

timer:                        Whole Iteration 2    10.78s    10.78s 
Information About All Pairs:
mp2_pair11           number=0 rank=  3 frozen=false
mp2_pair21           number=1 rank=  0 frozen=true
mp2_pair22           number=2 rank=  3 frozen=false
number of pairs=3
average rank   =2 (2.00000)
largest rank   =3
PNOPairs Memory Information
Total: 0.00748 GB 
PNO  : 0.00748 GB 
KPNO : 0.00000 GB 
W    : 0.00000 GB 

timer:                                 truncate     0.06s     0.06s 
wall time=126.61524 chunk=6 allK.size()=6 memory=0.00773 GB
timer:                             compute KPNO     3.12s     3.12s 
wall time=126.74534 chunk=6 allJ.size()=6 memory=0.00855 GB
timer:                             compute JPNO     0.13s     0.13s 
timer:                    compute Fock matrices     1.13s     1.13s 
timer:                             MRA compress     0.00s     0.00s 
timer:                          Transform Pairs     0.19s     0.19s 
timer:                             Canonicalize     0.19s     0.19s 
PNOPairs Memory Information
Total: 0.01505 GB 
PNO  : 0.00748 GB 
KPNO : 0.00756 GB 
W    : 0.00000 GB 

timer:                                 truncate     0.04s     0.04s 
mp2_pair21 is frozen: potential not computed
timer:                   Fluctuation Potentials     1.79s     1.79s 
timer:                       Fluctuation Matrix     0.12s     0.12s 
PNOPairs Memory Information
Total: 0.02609 GB 
PNO  : 0.00748 GB 
KPNO : 0.00756 GB 
W    : 0.01104 GB 

PNOPairs Memory Information
Total: 0.02609 GB 
PNO  : 0.00748 GB 
KPNO : 0.00756 GB 
W    : 0.01104 GB 

timer:                                 truncate     0.04s     0.04s 
timer:                             PNO Overlaps     0.08s     0.08s 
t_iter =  0  Hylleraas energy =  0.00000  ||R||_F =  0.21221  conv =  no
subspace solution [*]   1.00000000

t_iter =  1  Hylleraas energy =  -0.06200  ||R||_F =  0.00000  conv =  yes
=======================================================

Hylleraas MP2 Energies

=======================================================
    i    j      singlet      triplet        Total
=======================================================
    1    1  -2.95538e-02  0.00000e+00 -2.95538e-02
    2    1   0.00000e+00  0.00000e+00  0.00000e+00
    2    2  -3.24439e-02  0.00000e+00 -3.24439e-02
=======================================================
Hylleraas MP2 Energies (singlet): -6.19977e-02
Hylleraas MP2 Energies (triplet):  0.00000e+00
Hylleraas MP2 Energies (total)  : -6.19977e-02
=======================================================
-------------------------------------------
Total Reg Energy  =-6.19977e-02
Total F12 Energy  = 0.00000e+00
Sum Energies Total=-6.19977e-02
-------------------------------------------
timer:                         Solve Amplitudes     0.00s     0.00s 
pair11: density evals:
 [*]   0.00363098   0.00363098   0.07549406

pair22: density evals:
 [*]   0.00343837   0.00343837   0.09397825

timer:                            compress PNOs     0.00s     0.00s 
timer:                             MRA compress     0.00s     0.00s 
timer:                          Transform Pairs     0.34s     0.34s 
timer:                          PNO Compression     0.34s     0.34s 
Information About All Pairs:
mp2_pair11           number=0 rank=  3 frozen=false
mp2_pair21           number=1 rank=  0 frozen=true
mp2_pair22           number=2 rank=  3 frozen=false
number of pairs=3
average rank   =2 (2.00000e+00)
largest rank   =3
saving vector of functions mp2_pair11
saving vector of functions mp2_pair22
timer:                        save pnos on disc     0.14s     0.14s 
PNOPairs Memory Information
Total: 0.02584 GB 
PNO  : 0.00748 GB 
KPNO : 0.00748 GB 
W    : 0.01088 GB 

timer:                                 truncate     0.07s     0.07s 
timer:      compute densities for G application     0.00s     0.00s 
pair21 is frozen: no optimization
timer:                Prepare for G application     0.21s     0.21s 
timer:                                    add K     0.03s     0.03s 
size of all Vpsi potentials (without Vnuc and J) 0.01116 GB 
time=131.58264 chunk=6 Vpsi+Vnuc+J=0.02327 GB
time=131.66174 chunk=6 Vpsi+Vnuc+J=0.02220 GB (after truncation)
timer:                           Apply G to all     2.52s     2.52s 
timer:                       apply Q and update     0.00s     0.00s 
mp2_pair11 residual norms:
[0.03250, 0.03250, 0.03988]
mp2_pair11 scaled residual norms:
[0.00196, 0.00196, 0.01096]
mp2_pair22 residual norms:
[0.03738, 0.03738, 0.03718]
mp2_pair22 scaled residual norms:
[0.00219, 0.00219, 0.01140]
timer:                          update all PNOs     2.76s     2.76s 
frozen pair: no orthonormalization
timer:                                     RRCD     0.06s     0.06s 
timer:                             MRA compress     0.00s     0.00s 
timer:                          Transform Pairs     0.14s     0.14s 
saving vector of functions mp2_pair11
saving vector of functions mp2_pair22
timer:                        save pnos on disc     0.14s     0.14s 


No convergence yet. Energy change = 0.00335

timer:                        Whole Iteration 3    10.40s    10.40s 
Information About All Pairs:
mp2_pair11           number=0 rank=  3 frozen=false
mp2_pair21           number=1 rank=  0 frozen=true
mp2_pair22           number=2 rank=  3 frozen=false
number of pairs=3
average rank   =2 (2.00000)
largest rank   =3
PNOPairs Memory Information
Total: 0.00765 GB 
PNO  : 0.00765 GB 
KPNO : 0.00000 GB 
W    : 0.00000 GB 

timer:                                 truncate     0.02s     0.02s 
wall time=137.54738 chunk=6 allK.size()=6 memory=0.00789 GB
timer:                             compute KPNO     3.69s     3.69s 
wall time=137.68153 chunk=6 allJ.size()=6 memory=0.00855 GB
timer:                             compute JPNO     0.13s     0.13s 
timer:                    compute Fock matrices     1.26s     1.26s 
timer:                             MRA compress     0.00s     0.00s 
timer:                          Transform Pairs     0.13s     0.13s 
timer:                             Canonicalize     0.13s     0.13s 
PNOPairs Memory Information
Total: 0.01537 GB 
PNO  : 0.00756 GB 
KPNO : 0.00781 GB 
W    : 0.00000 GB 

timer:                                 truncate     0.05s     0.05s 
mp2_pair21 is frozen: potential not computed
timer:                   Fluctuation Potentials     1.75s     1.75s 
timer:                       Fluctuation Matrix     0.18s     0.18s 
PNOPairs Memory Information
Total: 0.02641 GB 
PNO  : 0.00756 GB 
KPNO : 0.00781 GB 
W    : 0.01104 GB 

PNOPairs Memory Information
Total: 0.02641 GB 
PNO  : 0.00756 GB 
KPNO : 0.00781 GB 
W    : 0.01104 GB 

timer:                                 truncate     0.04s     0.04s 
timer:                             PNO Overlaps     0.08s     0.08s 
t_iter =  0  Hylleraas energy =  0.00000  ||R||_F =  0.21672  conv =  no
subspace solution [*]   1.00000000

t_iter =  1  Hylleraas energy =  -0.06263  ||R||_F =  0.00000  conv =  yes
=======================================================

Hylleraas MP2 Energies

=======================================================
    i    j      singlet      triplet        Total
=======================================================
    1    1  -2.98548e-02  0.00000e+00 -2.98548e-02
    2    1   0.00000e+00  0.00000e+00  0.00000e+00
    2    2  -3.27720e-02  0.00000e+00 -3.27720e-02
=======================================================
Hylleraas MP2 Energies (singlet): -6.26268e-02
Hylleraas MP2 Energies (triplet):  0.00000e+00
Hylleraas MP2 Energies (total)  : -6.26268e-02
=======================================================
-------------------------------------------
Total Reg Energy  =-6.26268e-02
Total F12 Energy  = 0.00000e+00
Sum Energies Total=-6.26268e-02
-------------------------------------------
timer:                         Solve Amplitudes     0.00s     0.00s 
pair11: density evals:
 [*]   0.00353899   0.00353899   0.07377620

pair22: density evals:
 [*]   0.00333841   0.00333841   0.09209989

timer:                            compress PNOs     0.00s     0.00s 
timer:                             MRA compress     0.00s     0.00s 
timer:                          Transform Pairs     0.33s     0.33s 
timer:                          PNO Compression     0.33s     0.33s 
Information About All Pairs:
mp2_pair11           number=0 rank=  3 frozen=false
mp2_pair21           number=1 rank=  0 frozen=true
mp2_pair22           number=2 rank=  3 frozen=false
number of pairs=3
average rank   =2 (2.00000e+00)
largest rank   =3
saving vector of functions mp2_pair11
saving vector of functions mp2_pair22
timer:                        save pnos on disc     0.16s     0.16s 
PNOPairs Memory Information
Total: 0.02625 GB 
PNO  : 0.00756 GB 
KPNO : 0.00781 GB 
W    : 0.01088 GB 

timer:                                 truncate     0.02s     0.02s 
timer:      compute densities for G application     0.00s     0.00s 
pair21 is frozen: no optimization
timer:                Prepare for G application     0.28s     0.28s 
timer:                                    add K     0.02s     0.02s 
size of all Vpsi potentials (without Vnuc and J) 0.01100 GB 
time=142.63850 chunk=6 Vpsi+Vnuc+J=0.02367 GB
time=142.70197 chunk=6 Vpsi+Vnuc+J=0.02237 GB (after truncation)
timer:                           Apply G to all     2.37s     2.37s 
timer:                       apply Q and update     0.00s     0.00s 
mp2_pair11 residual norms:
[0.01632, 0.01632, 0.01913]
mp2_pair11 scaled residual norms:
[0.00097, 0.00097, 0.00520]
mp2_pair22 residual norms:
[0.02143, 0.02143, 0.01789]
mp2_pair22 scaled residual norms:
[0.00124, 0.00124, 0.00543]
timer:                          update all PNOs     2.67s     2.67s 
frozen pair: no orthonormalization
timer:                                     RRCD     0.06s     0.06s 
timer:                             MRA compress     0.00s     0.00s 
timer:                          Transform Pairs     0.12s     0.12s 
saving vector of functions mp2_pair11
saving vector of functions mp2_pair22
timer:                        save pnos on disc     0.13s     0.13s 


No convergence yet. Energy change = 0.00063

timer:                        Whole Iteration 4    10.94s    10.94s 
Information About All Pairs:
mp2_pair11           number=0 rank=  3 frozen=false
mp2_pair21           number=1 rank=  0 frozen=true
mp2_pair22           number=2 rank=  3 frozen=false
number of pairs=3
average rank   =2 (2.00000)
largest rank   =3
PNOPairs Memory Information
Total: 0.00773 GB 
PNO  : 0.00773 GB 
KPNO : 0.00000 GB 
W    : 0.00000 GB 

timer:                                 truncate     0.03s     0.03s 
wall time=148.40326 chunk=6 allK.size()=6 memory=0.00789 GB
timer:                             compute KPNO     3.59s     3.59s 
wall time=148.54530 chunk=6 allJ.size()=6 memory=0.00855 GB
timer:                             compute JPNO     0.14s     0.14s 
timer:                    compute Fock matrices     1.19s     1.19s 
timer:                             MRA compress     0.00s     0.00s 
timer:                          Transform Pairs     0.37s     0.37s 
timer:                             Canonicalize     0.37s     0.37s 
PNOPairs Memory Information
Total: 0.01554 GB 
PNO  : 0.00773 GB 
KPNO : 0.00781 GB 
W    : 0.00000 GB 

timer:                                 truncate     0.04s     0.04s 
mp2_pair21 is frozen: potential not computed
timer:                   Fluctuation Potentials     1.93s     1.93s 
timer:                       Fluctuation Matrix     0.15s     0.15s 
PNOPairs Memory Information
Total: 0.02658 GB 
PNO  : 0.00773 GB 
KPNO : 0.00781 GB 
W    : 0.01104 GB 

PNOPairs Memory Information
Total: 0.02658 GB 
PNO  : 0.00773 GB 
KPNO : 0.00781 GB 
W    : 0.01104 GB 

timer:                                 truncate     0.04s     0.04s 
timer:                             PNO Overlaps     0.12s     0.12s 
t_iter =  0  Hylleraas energy =  0.00000  ||R||_F =  0.21873  conv =  no
subspace solution [*]   1.00000000

t_iter =  1  Hylleraas energy =  -0.06278  ||R||_F =  0.00000  conv =  yes
=======================================================

Hylleraas MP2 Energies

=======================================================
    i    j      singlet      triplet        Total
=======================================================
    1    1  -2.99243e-02  0.00000e+00 -2.99243e-02
    2    1   0.00000e+00  0.00000e+00  0.00000e+00
    2    2  -3.28515e-02  0.00000e+00 -3.28515e-02
=======================================================
Hylleraas MP2 Energies (singlet): -6.27757e-02
Hylleraas MP2 Energies (triplet):  0.00000e+00
Hylleraas MP2 Energies (total)  : -6.27757e-02
=======================================================
-------------------------------------------
Total Reg Energy  =-6.27757e-02
Total F12 Energy  = 0.00000e+00
Sum Energies Total=-6.27757e-02
-------------------------------------------
timer:                         Solve Amplitudes     0.00s     0.00s 
pair11: density evals:
 [*]   0.00349129   0.00349129   0.07274816

pair22: density evals:
 [*]   0.00328011   0.00328011   0.09096160

timer:                            compress PNOs     0.00s     0.00s 
timer:                             MRA compress     0.00s     0.00s 
timer:                          Transform Pairs     0.36s     0.36s 
timer:                          PNO Compression     0.36s     0.36s 
Information About All Pairs:
mp2_pair11           number=0 rank=  3 frozen=false
mp2_pair21           number=1 rank=  0 frozen=true
mp2_pair22           number=2 rank=  3 frozen=false
number of pairs=3
average rank   =2 (2.00000e+00)
largest rank   =3
saving vector of functions mp2_pair11
saving vector of functions mp2_pair22
timer:                        save pnos on disc     0.15s     0.15s 
PNOPairs Memory Information
Total: 0.02658 GB 
PNO  : 0.00773 GB 
KPNO : 0.00781 GB 
W    : 0.01104 GB 

timer:                                 truncate     0.03s     0.03s 
timer:      compute densities for G application     0.00s     0.00s 
pair21 is frozen: no optimization
timer:                Prepare for G application     0.23s     0.23s 
timer:                                    add K     0.03s     0.03s 
size of all Vpsi potentials (without Vnuc and J) 0.01100 GB 
time=153.80300 chunk=6 Vpsi+Vnuc+J=0.02359 GB
time=153.86218 chunk=6 Vpsi+Vnuc+J=0.02228 GB (after truncation)
timer:                           Apply G to all     2.47s     2.47s 
timer:                       apply Q and update     0.00s     0.00s 
mp2_pair11 residual norms:
[0.00999, 0.00999, 0.00982]
mp2_pair11 scaled residual norms:
[0.00059, 0.00059, 0.00265]
mp2_pair22 residual norms:
[0.01448, 0.01448, 0.00923]
mp2_pair22 scaled residual norms:
[0.00083, 0.00083, 0.00278]
timer:                          update all PNOs     2.75s     2.75s 
frozen pair: no orthonormalization
timer:                                     RRCD     0.06s     0.06s 
timer:                             MRA compress     0.00s     0.00s 
timer:                          Transform Pairs     0.10s     0.10s 
saving vector of functions mp2_pair11
saving vector of functions mp2_pair22
timer:                        save pnos on disc     0.15s     0.15s 


No convergence yet. Energy change = 0.00015

timer:                        Whole Iteration 5    11.23s    11.23s 
Information About All Pairs:
mp2_pair11           number=0 rank=  3 frozen=false
mp2_pair21           number=1 rank=  0 frozen=true
mp2_pair22           number=2 rank=  3 frozen=false
number of pairs=3
average rank   =2 (2.00000)
largest rank   =3
PNOPairs Memory Information
Total: 0.00765 GB 
PNO  : 0.00765 GB 
KPNO : 0.00000 GB 
W    : 0.00000 GB 

timer:                                 truncate     0.06s     0.06s 
wall time=159.51923 chunk=6 allK.size()=6 memory=0.00789 GB
timer:                             compute KPNO     3.46s     3.46s 
wall time=159.67331 chunk=6 allJ.size()=6 memory=0.00846 GB
timer:                             compute JPNO     0.15s     0.15s 
timer:                    compute Fock matrices     1.25s     1.25s 
timer:                             MRA compress     0.00s     0.00s 
timer:                          Transform Pairs     0.13s     0.13s 
timer:                             Canonicalize     0.13s     0.13s 
PNOPairs Memory Information
Total: 0.01546 GB 
PNO  : 0.00765 GB 
KPNO : 0.00781 GB 
W    : 0.00000 GB 

timer:                                 truncate     0.05s     0.05s 
mp2_pair21 is frozen: potential not computed
timer:                   Fluctuation Potentials     1.78s     1.78s 
timer:                       Fluctuation Matrix     0.16s     0.16s 
PNOPairs Memory Information
Total: 0.02650 GB 
PNO  : 0.00765 GB 
KPNO : 0.00781 GB 
W    : 0.01104 GB 

PNOPairs Memory Information
Total: 0.02650 GB 
PNO  : 0.00765 GB 
KPNO : 0.00781 GB 
W    : 0.01104 GB 

timer:                                 truncate     0.03s     0.03s 
timer:                             PNO Overlaps     0.10s     0.10s 
t_iter =  0  Hylleraas energy =  0.00000  ||R||_F =  0.21972  conv =  no
subspace solution [*]   1.00000000

t_iter =  1  Hylleraas energy =  -0.06282  ||R||_F =  0.00000  conv =  yes
=======================================================

Hylleraas MP2 Energies

=======================================================
    i    j      singlet      triplet        Total
=======================================================
    1    1  -2.99484e-02  0.00000e+00 -2.99484e-02
    2    1   0.00000e+00  0.00000e+00  0.00000e+00
    2    2  -3.28762e-02  0.00000e+00 -3.28762e-02
=======================================================
Hylleraas MP2 Energies (singlet): -6.28246e-02
Hylleraas MP2 Energies (triplet):  0.00000e+00
Hylleraas MP2 Energies (total)  : -6.28246e-02
=======================================================
-------------------------------------------
Total Reg Energy  =-6.28246e-02
Total F12 Energy  = 0.00000e+00
Sum Energies Total=-6.28246e-02
-------------------------------------------
timer:                         Solve Amplitudes     0.00s     0.00s 
pair11: density evals:
 [*]   0.00346307   0.00346307   0.07224398

pair22: density evals:
 [*]   0.00324278   0.00324278   0.09037664

timer:                            compress PNOs     0.00s     0.00s 
timer:                             MRA compress     0.00s     0.00s 
timer:                          Transform Pairs     0.32s     0.32s 
timer:                          PNO Compression     0.32s     0.32s 
Information About All Pairs:
mp2_pair11           number=0 rank=  3 frozen=false
mp2_pair21           number=1 rank=  0 frozen=true
mp2_pair22           number=2 rank=  3 frozen=false
number of pairs=3
average rank   =2 (2.00000e+00)
largest rank   =3
saving vector of functions mp2_pair11
saving vector of functions mp2_pair22
timer:                        save pnos on disc     0.15s     0.15s 
PNOPairs Memory Information
Total: 0.02650 GB 
PNO  : 0.00765 GB 
KPNO : 0.00781 GB 
W    : 0.01104 GB 

timer:                                 truncate     0.04s     0.04s 
timer:      compute densities for G application     0.00s     0.00s 
pair21 is frozen: no optimization
timer:                Prepare for G application     0.38s     0.38s 
timer:                                    add K     0.02s     0.02s 
size of all Vpsi potentials (without Vnuc and J) 0.01084 GB 
time=164.75797 chunk=6 Vpsi+Vnuc+J=0.02359 GB
time=164.81753 chunk=6 Vpsi+Vnuc+J=0.02245 GB (after truncation)
timer:                           Apply G to all     2.55s     2.55s 
timer:                       apply Q and update     0.00s     0.00s 
mp2_pair11 residual norms:
[0.00676, 0.00676, 0.00522]
mp2_pair11 scaled residual norms:
[0.00040, 0.00040, 0.00140]
mp2_pair22 residual norms:
[0.01045, 0.01045, 0.00496]
mp2_pair22 scaled residual norms:
[0.00059, 0.00059, 0.00149]
timer:                          update all PNOs     2.95s     2.95s 
frozen pair: no orthonormalization
timer:                                     RRCD     0.07s     0.07s 
timer:                             MRA compress     0.00s     0.00s 
timer:                          Transform Pairs     0.13s     0.13s 
saving vector of functions mp2_pair11
saving vector of functions mp2_pair22
timer:                        save pnos on disc     0.15s     0.15s 


CONVERGED!
energy change = 0.00005

re-entering loop to compute the correct amplitudes and energies
timer:                        Whole Iteration 6    11.02s    11.02s 
Information About All Pairs:
mp2_pair11           number=0 rank=  3 frozen=false
mp2_pair21           number=1 rank=  0 frozen=true
mp2_pair22           number=2 rank=  3 frozen=false
number of pairs=3
average rank   =2 (2.00000)
largest rank   =3
PNOPairs Memory Information
Total: 0.00765 GB 
PNO  : 0.00765 GB 
KPNO : 0.00000 GB 
W    : 0.00000 GB 

timer:                                 truncate     0.02s     0.02s 
wall time=170.67119 chunk=6 allK.size()=6 memory=0.00789 GB
timer:                             compute KPNO     3.63s     3.63s 
wall time=170.79736 chunk=6 allJ.size()=6 memory=0.00846 GB
timer:                             compute JPNO     0.13s     0.13s 
timer:                    compute Fock matrices     1.19s     1.19s 
timer:                             MRA compress     0.00s     0.00s 
timer:                          Transform Pairs     0.29s     0.29s 
timer:                             Canonicalize     0.29s     0.29s 
PNOPairs Memory Information
Total: 0.01546 GB 
PNO  : 0.00765 GB 
KPNO : 0.00781 GB 
W    : 0.00000 GB 

timer:                                 truncate     0.02s     0.02s 
mp2_pair21 is frozen: potential not computed
timer:                   Fluctuation Potentials     1.86s     1.86s 
timer:                       Fluctuation Matrix     0.19s     0.19s 
PNOPairs Memory Information
Total: 0.02650 GB 
PNO  : 0.00765 GB 
KPNO : 0.00781 GB 
W    : 0.01104 GB 

PNOPairs Memory Information
Total: 0.02650 GB 
PNO  : 0.00765 GB 
KPNO : 0.00781 GB 
W    : 0.01104 GB 

timer:                                 truncate     0.06s     0.06s 
timer:                             PNO Overlaps     0.07s     0.07s 
t_iter =  0  Hylleraas energy =  0.00000  ||R||_F =  0.22026  conv =  no
subspace solution [*]   1.00000000

t_iter =  1  Hylleraas energy =  -0.06284  ||R||_F =  0.00000  conv =  yes
=======================================================

Hylleraas MP2 Energies

=======================================================
    i    j      singlet      triplet        Total
=======================================================
    1    1  -2.99528e-02  0.00000e+00 -2.99528e-02
    2    1   0.00000e+00  0.00000e+00  0.00000e+00
    2    2  -3.28860e-02  0.00000e+00 -3.28860e-02
=======================================================
Hylleraas MP2 Energies (singlet): -6.28388e-02
Hylleraas MP2 Energies (triplet):  0.00000e+00
Hylleraas MP2 Energies (total)  : -6.28388e-02
=======================================================
-------------------------------------------
Total Reg Energy  =-6.28388e-02
Total F12 Energy  = 0.00000e+00
Sum Energies Total=-6.28388e-02
-------------------------------------------
timer:                         Solve Amplitudes     0.00s     0.00s 
pair11: density evals:
 [*]   0.00344486   0.00344486   0.07196419

pair22: density evals:
 [*]   0.00321703   0.00321703   0.09008186

timer:                            compress PNOs     0.02s     0.02s 
timer:                             MRA compress     0.00s     0.00s 
timer:                          Transform Pairs     0.40s     0.40s 
timer:                          PNO Compression     0.43s     0.43s 
Information About All Pairs:
mp2_pair11           number=0 rank=  3 frozen=false
mp2_pair21           number=1 rank=  0 frozen=true
mp2_pair22           number=2 rank=  3 frozen=false
number of pairs=3
average rank   =2 (2.00000e+00)
largest rank   =3
saving vector of functions mp2_pair11
saving vector of functions mp2_pair22
timer:                        save pnos on disc     0.13s     0.13s 
exiting: Iterations converged
PNO ranks:
PNO Rank for pair pair11 = 3
PNO Rank for pair pair21 = 0
PNO Rank for pair pair22 = 3
average rank 2.00000e+00
timer:                               PNO::solve    77.36s    77.37s 

--------------------------------
ITERATE-PAIRS-INTERNAL-ENDED
--------------------------------
mp2_pair21 converged!


Adaptive Sovler:
 Current Energy=-6.2838823822e-02
 DeltaE        =-6.2838823822e-02
 max dE (pair) =-3.2885994820e-02 (2)
 all_pairs_conv=false




not converged yet

freeze pair mp2_pair21 (not further optimized: Energy below 1.0000000000e-05)
Maximum Rank of3 reached for all non-frozen pairs, no need to iterate further=======================================================

Final MP2 Energies

=======================================================
    i    j      singlet      triplet        Total
=======================================================
    1    1  -2.99528e-02  0.00000e+00 -2.99528e-02
    2    1   0.00000e+00  0.00000e+00  0.00000e+00
    2    2  -3.28860e-02  0.00000e+00 -3.28860e-02
=======================================================
Final MP2 Energies (singlet): -6.28388e-02
Final MP2 Energies (triplet):  0.00000e+00
Final MP2 Energies (total)  : -6.28388e-02
=======================================================
-------------------------------------------
Total Reg Energy  =-6.28388e-02
Total F12 Energy  = 0.00000e+00
Sum Energies Total=-6.28388e-02
-------------------------------------------
Average | Max Rank: 2 | 3



--------------------------------------------------
MRA-PNO-MP2-F12 ended 
--------------------------------------------------
                 time scf = 8.97243e+01
               energy scf = -1.54553e+01
--------------------------------------------------
restarting PNO to reload pairs that converged before and were frozen
PNO Parameters
pno
       rank_increase  15         # default   maximum rank to increase in every macroiteration
               chunk  100        # default   chunk of functions operated on in parallel when G or K is applied (prevent memory shortage)
               debug  false      # default   debug mode
              freeze  1          # derived   frozen core approximation
             maxrank  3          # defined   maximal pno rank for all pairs
           guesstype  exop       # derived   the guesstype: exop (recommended, multiply polynomial excitation operators onto the occupied orbitals), empty (don't compute a guess), scf (use the ao basis from the SCF solver), partial_wave (create s,p,d ..., type functions and place on atoms), predefined (same as partial_wave but for predefined sets)
                exop  multipole  # derived   this string defines which excitation operators can be used, use 'dipole', 'dipole+', 'quadrupole', 'ocopole', or 'multipole', need to set guesstype to 'exop' which is the default
          exop_trigo  true       # default   use trigonometric excitation operators ( x --> sin(x)
        partial_wave             # default   atom centered partial wave guess of format like 'h-2s1p-o-3s2p1d', need to set guesstype to 'partial_wave' and adaptive_solver to 'none'
          predefined             # default   predefined partial wave guesses of type pvxz with x=d,t,q,5,6, need to set guesstype to 'predefined' and adaptive_solver to 'none'
           maxiter_t  100        # default   maximal number of iterations in the amplitude solver
       maxiter_micro  10         # default   Maximum of iterations for every cycle in the adaptive solver
       maxiter_macro  10         # default   Maximum of iterations of cycles in the adaptive solver
                tpno  1.0000e-08 # default   PNO cutoff threshold
          tpno_tight  1.0000e-10 # derived   PNO cutoff for the first iteration
    canonicalize_pno  true       # default   canonicalize the pnos before the amplitude solver
              thresh  1.0000e-04 # defined   MRA threshold
         econv_micro  1.0000e-04 # derived   Energy convergence for microiterations (Greens function based optimization) in adaptive solver
         econv_pairs  1.0000e-05 # derived   ENergy convergence for individual pairs in adaptive solver. Converged pairs are frozen automatically
         econv_macro  1.0000e-04 # derived   Energy convergence for macroiterations in adaptive solver, no effect if adaptive_solver is deactivated
               dconv  1.0000e-01 # default   convergence of every PNO in the Green's function solver
           op_thresh  1.0000e-06 # default   MRA operator thresh
             restart  all        # defined   restart pairs of this type, use 'mp2', 'cispd', 'all' or 'none'
          no_compute  none       # default   do not compute the pairs of this type, use 'mp2', 'cispd', 'all' or 'none'
              no_opt  all        # defined   do not optimize the pnos of this type, use 'mp2', 'cispd', 'all' or 'none'
            no_guess  all        # defined   guess for this type will be empty, use 'mp2', 'cispd', 'all' or 'none'
     adaptive_solver  none       # defined   Use adaptive solver for those pairs, use 'mp2', 'cispd', 'all' or 'none', works only in combination with guesstype 'exop'
                kain  true       # default   use KAIN solver in amplitude solver
       kain_subspace  5          # default   subspace size of the KAIN solver (amplitudes)
                 f12  false      # defined   use explicit correlation
        cispd_number  -1         # default   CIS(D) excitation numbers, to read in correct functions
        cispd_energy  0.0000e+00 # default   CIS energy
        freeze_pairs  none       # default   frozen pairs will not be optimized: Expected format 'a b c d' will freeze pairs ab and cd
freeze_pairs_of_orbital  []         # default    All pairs which originate from this orbital will not be optimized
active_pairs_of_orbital  []         # default    All pairs which originate from this orbital will not be frozen all other pairs will, if this vector is not empty
no_opt_in_first_iteration  false      # default   Do not optimize in the first iteration (then the potentials do not have to be evaluated, use this for large guesses)
            exchange  full       # default   approximate exchange with 'neglect' or xc functional -> same syntax as moldft
           save_pnos  true       # default   Save the OBS-PNOs to a file, before and after orthonormalization.
            diagonal  true       # defined   Compute only diagonal PNOs

end

**********************
Solve PNO-MP2
*********************


**********************
Iterate Pairs
*********************


************************
Standard Solver
***********************

Initializing Pairs:
Restart demanded for mp2 pairs
loading vector of functions mp2_pair11
Found PNOs for mp2_pair11 with rank 3
loading vector of functions mp2_pair21
failed to find PNO mp2_pair21 initialize as zero function
nloading vector of functions mp2_pair22
Found PNOs for mp2_pair22 with rank 3
no guess was explicitly demanded for mp2

timer:                                     RRCD     0.04s     0.04s 
timer:                             MRA compress     0.00s     0.00s 
timer:                          Transform Pairs     0.06s     0.06s 
timer:          apply Q and orthonormalize PNOs     0.35s     0.35s 
Created Guess:
pair11 with 3 guess functions
pair21 with 0 guess functions
pair22 with 3 guess functions
guess pair11 size: 3.8231015205e-03 | 3.8231015205e-03 Gbyte (after truncation)
guess pair22 size: 3.8231015205e-03 | 3.8231015205e-03 Gbyte (after truncation)
timer:                           truncate guess     0.03s     0.03s 
timer:                         Initialize Pairs     0.39s     0.39s 
Information About All Pairs:
mp2_pair11           number=0 rank=  3 frozen=false
mp2_pair21           number=1 rank=  0 frozen=true
mp2_pair22           number=2 rank=  3 frozen=false
number of pairs=3
average rank   =2 (2.0000000000e+00)
largest rank   =3
SolveInternal: Parameters are assigned as
no_compute        = false
no_opt            = true
restart           = true
do_cispd          = false
econv             =1.0000000000e-04
maxrank (min,max) = (3,3)
Solving MP2 doubles
timer:          fock matrix     3.05s     3.05s
Information About All Pairs:
mp2_pair11           number=0 rank=  3 frozen=false
mp2_pair21           number=1 rank=  0 frozen=true
mp2_pair22           number=2 rank=  3 frozen=false
number of pairs=3
average rank   =2 (2.0000000000e+00)
largest rank   =3
PNOPairs Memory Information
Total: 0.0076462030 GB 
PNO  : 0.0076462030 GB 
KPNO : 0.0000000000 GB 
W    : 0.0000000000 GB 

timer:                                 truncate     0.01s     0.01s 
wall time=182.2963769436 chunk=6 allK.size()=6 memory=0.0079733133 GB
timer:                             compute KPNO     3.77s     3.77s 
wall time=182.4572789669 chunk=6 allJ.size()=6 memory=0.0084639788 GB
timer:                             compute JPNO     0.16s     0.16s 
timer:                    compute Fock matrices     1.24s     1.24s 
timer:                             MRA compress     0.00s     0.00s 
timer:                          Transform Pairs     0.12s     0.12s 
timer:                             Canonicalize     0.12s     0.12s 
PNOPairs Memory Information
Total: 0.0155377388 GB 
PNO  : 0.0076462030 GB 
KPNO : 0.0078915358 GB 
W    : 0.0000000000 GB 

timer:                                 truncate     0.11s     0.11s 
mp2_pair21 is frozen: potential not computed
timer:                   Fluctuation Potentials     1.88s     1.88s 
timer:                       Fluctuation Matrix     0.23s     0.23s 
PNOPairs Memory Information
Total: 0.0265777111 GB 
PNO  : 0.0076462030 GB 
KPNO : 0.0078915358 GB 
W    : 0.0110399723 GB 

PNOPairs Memory Information
Total: 0.0265777111 GB 
PNO  : 0.0076462030 GB 
KPNO : 0.0078915358 GB 
W    : 0.0110399723 GB 

timer:                                 truncate     0.05s     0.05s 
timer:                             PNO Overlaps     0.06s     0.06s 
t_iter =  0  Hylleraas energy =  0.0000000000  ||R||_F =  0.2202569170  conv =  no
subspace solution [*]   1.00000000

t_iter =  1  Hylleraas energy =  -0.0628391589  ||R||_F =  0.0000000007  conv =  yes
=======================================================

Hylleraas MP2 Energies

=======================================================
    i    j      singlet      triplet        Total
=======================================================
    1    1  -2.99531e-02  0.00000e+00 -2.99531e-02
    2    1   0.00000e+00  0.00000e+00  0.00000e+00
    2    2  -3.28861e-02  0.00000e+00 -3.28861e-02
=======================================================
Hylleraas MP2 Energies (singlet): -6.28392e-02
Hylleraas MP2 Energies (triplet):  0.00000e+00
Hylleraas MP2 Energies (total)  : -6.28392e-02
=======================================================
-------------------------------------------
Total Reg Energy  =-6.28392e-02
Total F12 Energy  = 0.00000e+00
Sum Energies Total=-6.28392e-02
-------------------------------------------
timer:                         Solve Amplitudes     0.00s     0.00s 
No optimization untill now: Compressing pno ranks with tighter threshold
1.00000e-10 instead of 1.00000e-08
pair11: density evals:
 [*]   0.00344486   0.00344486   0.07196503

pair22: density evals:
 [*]   0.00321704   0.00321704   0.09008208

timer:                            compress PNOs     0.00s     0.00s 
timer:                             MRA compress     0.00s     0.00s 
timer:                          Transform Pairs     0.29s     0.29s 
timer:                          PNO Compression     0.29s     0.29s 
Information About All Pairs:
mp2_pair11           number=0 rank=  3 frozen=false
mp2_pair21           number=1 rank=  0 frozen=true
mp2_pair22           number=2 rank=  3 frozen=false
number of pairs=3
average rank   =2 (2.00000e+00)
largest rank   =3
saving vector of functions mp2_pair11
saving vector of functions mp2_pair22
timer:                        save pnos on disc     0.12s     0.12s 
exiting: Found no_opt keyword
PNO ranks:
PNO Rank for pair pair11 = 3
PNO Rank for pair pair21 = 0
PNO Rank for pair pair22 = 3
average rank 2.00000e+00
timer:                               PNO::solve    11.14s    11.14s 

--------------------------------
ITERATE-PAIRS-INTERNAL-ENDED
--------------------------------
=======================================================

Final MP2 Energies

=======================================================
    i    j      singlet      triplet        Total
=======================================================
    1    1  -2.99531e-02  0.00000e+00 -2.99531e-02
    2    1   0.00000e+00  0.00000e+00  0.00000e+00
    2    2  -3.28861e-02  0.00000e+00 -3.28861e-02
=======================================================
Final MP2 Energies (singlet): -6.28392e-02
Final MP2 Energies (triplet):  0.00000e+00
Final MP2 Energies (total)  : -6.28392e-02
=======================================================
-------------------------------------------
Total Reg Energy  =-6.28392e-02
Total F12 Energy  = 0.00000e+00
Sum Energies Total=-6.28392e-02
-------------------------------------------
Average | Max Rank: 2 | 3
                 time pno = 8.45807e+01
               energy mp2 = -6.28392e-02
     average pno rank mp2 = 2
         max pno rank mp2 = 3
--------------------------------------------------
            energy(total) = -1.55182e+01
--------------------------------------------------



Orthonormalization technique used: symmetric
No CABS used.
Tightening thresholds to +0.00010000 for post-processing
Overlap Matrix of all PNOs:
+1.00000246 -0.58737230 -0.00000000 -0.00000000 -0.00000000 -0.00000000 
-0.58737230 +1.00000917 -0.00000000 -0.00000000 -0.00000000 +0.00000000 
-0.00000000 -0.00000000 +1.00000000 +0.00000000 -0.13005573 +0.03837012 
-0.00000000 -0.00000000 +0.00000000 +1.00000000 -0.03837012 -0.13005573 
-0.00000000 -0.00000000 -0.13005573 -0.03837012 +1.00000000 -0.00000000 
-0.00000000 +0.00000000 +0.03837012 -0.13005573 -0.00000000 +1.00000000 
Before cherry pick
rank is +0
all used occupation numbers:
[+0.09008208 +0.07196503 +0.00344486 +0.00344486 +0.00321704 +0.00321704 ]
corresponding to active pairs:
[(1,1) (0,0) (0,0) (0,0) (1,1) (1,1) ]
After cherry pick
all used occupation numbers:
[+0.09008208 +0.07196503 +0.00344486 +0.00344486 +0.00321704 +0.00321704 ]
corresponding to active pairs:
[(1,1) (0,0) (0,0) (0,0) (1,1) (1,1) ]
Overlap Matrix before symmetric
[+0,*]  +1.00000246  -0.58737230  -0.00000000  -0.00000000  -0.00000000  -0.00000000
[+1,*]  -0.58737230  +1.00000917  -0.00000000  -0.00000000  -0.00000000  +0.00000000
[+2,*]  -0.00000000  -0.00000000  +1.00000000  +0.00000000  -0.13005573  +0.03837012
[+3,*]  -0.00000000  -0.00000000  +0.00000000  +1.00000000  -0.03837012  -0.13005573
[+4,*]  -0.00000000  -0.00000000  -0.13005573  -0.03837012  +1.00000000  -0.00000000
[+5,*]  -0.00000000  +0.00000000  +0.03837012  -0.13005573  -0.00000000  +1.00000000
Overlap Matrix after symmetric
[+0,*]  +1.00000002  +0.00000003  +0.00000000  +0.00000000  -0.00000000  -0.00000000
[+1,*]  +0.00000003  +1.00000002  -0.00000000  +0.00000000  +0.00000000  -0.00000000
[+2,*]  +0.00000000  -0.00000000  +1.00000000  -0.00000000  +0.00000000  -0.00000000
[+3,*]  +0.00000000  +0.00000000  -0.00000000  +1.00000000  +0.00000000  +0.00000000
[+4,*]  -0.00000000  +0.00000000  +0.00000000  +0.00000000  +1.00000000  +0.00000000
[+5,*]  -0.00000000  -0.00000000  -0.00000000  +0.00000000  +0.00000000  +1.00000000
Adding 3 HF orbitals
Size before adding CABS: 9.
Size after adding CABS: 9.
Compute G and F Tensor:
Assemble g,f using symmetries...
non zero elements:
 g : +11113
 h : +37
Overlap over whole basis
[+0,*]  +1.00000000  -0.00000001  +0.00000011  +0.00000038  +0.00001517  -0.00000000  -0.00000000  +0.00000000  +0.00000000
[+1,*]  -0.00000001  +1.00000000  -0.00000002  +0.00000010  +0.00000234  -0.00000000  -0.00000000  +0.00000000  +0.00000000
[+2,*]  +0.00000011  -0.00000002  +1.00000000  +0.00000001  -0.00000223  +0.00000000  +0.00000000  -0.00000000  -0.00000000
[+3,*]  +0.00000038  +0.00000010  +0.00000001  +1.00000002  +0.00000003  +0.00000000  +0.00000000  -0.00000000  -0.00000000
[+4,*]  +0.00001517  +0.00000234  -0.00000223  +0.00000003  +1.00000002  -0.00000000  +0.00000000  +0.00000000  +0.00000000
[+5,*]  -0.00000000  -0.00000000  +0.00000000  +0.00000000  -0.00000000  +1.00000000  -0.00000000  +0.00000000  -0.00000000
[+6,*]  -0.00000000  -0.00000000  +0.00000000  +0.00000000  +0.00000000  -0.00000000  +1.00000000  +0.00000000  +0.00000000
[+7,*]  +0.00000000  +0.00000000  -0.00000000  -0.00000000  +0.00000000  +0.00000000  +0.00000000  +1.00000000  +0.00000000
[+8,*]  +0.00000000  +0.00000000  -0.00000000  -0.00000000  +0.00000000  -0.00000000  +0.00000000  +0.00000000  +1.00000000

||S-1||=+0.00002195
finished at time 261.6

    Parallel environment
    --------------------
                  #nodes    1
       #threads per node    11+main = 12
          #total threads    12

  RMI message statistics (min / avg / max)
  ----------------------
   #messages in server q    0.00e+00 / 0.00e+00 / 0.00e+00
 #messages sent per node    0.00e+00 / 0.00e+00 / 0.00e+00
    #bytes sent per node    0.00e+00 / 0.00e+00 / 0.00e+00
 #messages recv per node    0.00e+00 / 0.00e+00 / 0.00e+00
    #bytes recv per node    0.00e+00 / 0.00e+00 / 0.00e+00
        #msgs systemwide    0.00e+00
       #bytes systemwide    0.00e+00

  Thread pool statistics (min / avg / max)
  ----------------------
         #tasks per node    1.67e+07 / 1.67e+07 / 1.67e+07
     #max q len per node    1.70e+04 / 1.70e+04 / 1.70e+04
  #hi-pri tasks per node    5.15e+06 / 5.15e+06 / 5.15e+06

         Total wall time    261.6s
         Total  cpu time    261.6s

