MADNESS runtime initialized with 11 threads in the pool and affinity -1 -1 -1
starting at time 0.1

--------------------------------------------
   MADNESS 0.10.1 multiresolution suite
--------------------------------------------

   number of processors ... 1
    processor frequency ... 3.695896e+09
            host system ... Linux
          configured by ... kottmann
          configured on ... wittgenstein
          configured at ... 2021-02-10T21:25:26
                    CXX ... /usr/bin/c++
               CXXFLAGS ... -O3 -DNDEBUG -I/h/28/kottmann/install/numcpp/include/ -I/h/28/kottmann/install/boost/boost_1_72_0/include/ -std=c++1z
             tuning for ... default
                    MPI ... multiple
 multi-threaded runtime ... MADNESS ThreadPool
                   BLAS ... Intel MKL 66556 66556 MFLOP/s
               compiled ... 13:08:26  on  Feb 23 2021


-------------------------------------------------------------------------------------
SOLVING MRA-PNO-F12 as described in 
J.S. Kottmann, F.A. Bischoff, E.F. Valeev
Direct determination of optimal pair-natural orbitals in a real-space representation:
the second-order Møller-Plesset energy
Journal of Chemical Physics ... 2020
-------------------------------------------------------------------------------------


This script will run PNO-MP2 and print out tensors in binary
Call as: pno_integrals inputfileinput is input
ignoring unknown parameter in input file:  ncf

Angstrom being used to read input coordinates (1 Bohr = 1.88972613 Angstrom)


Asymptotic correction parameters
---------------------------------------
Atom vector is not empty: false
Using multipole approximation: false
Number of electrons = -1
Ionisation energy = 0.000000e+00
E(HOMO) = 0.000000e+00
R1 = 3.000000e+00
R2 = 4.000000e+00
DFT coefficient = 0.000000e+00
Interpolation scheme = linear
constructed symmetry operator for point group C1
dft
              charge  0.0000e+00 # defined   total molecular charge
                  xc  hf         # defined   XC input line
               smear  0.0000e+00 # default   smearing parameter
               econv  1.0000e-04 # defined   energy convergence
               dconv  5.0000e-04 # defined   density convergence
convergence_criteria  [bsh_residual, total_energy] # default   possible values are: bsh_residual, total_energy, each_energy, density
                   k  7          # defined   polynomial order
                   l  5.4882e+01 # derived   user coordinates box size
               deriv  abgv       # default   derivative method                            [abgv, bspline, ble]
           dft_deriv  abgv       # default   derivative method for gga potentials         [abgv, bspline, ble]
             maxrotn  2.5000e-01 # default   step restriction used in autoshift algorithm
             nvalpha  0          # default   number of alpha virtuals to compute
              nvbeta  0          # default   number of beta virtuals to compute
               nopen  0          # default   number of unpaired electrons = nalpha-nbeta
             maxiter  25         # default   maximum number of iterations
                 nio  1          # default   no. of io servers to use
     spin_restricted  true       # default   true if spin restricted
              plotlo  0          # default   range of MOs to print (for both spins if polarized
              plothi  -1         # default   range of MOs to print (for both spins if polarized
            plotdens  false      # default   If true print the density at convergence
            plotcoul  false      # default   If true plot the total coulomb potential at convergence
            localize  boys       # defined   localization method                          [pm, boys, new, canon]
          pointgroup  c1         # derived   use point (sub) group symmetry if not localized[c1, c2, ci, cs, c2v, c2h, d2, d2h]
             restart  false      # default   if true restart from orbitals on disk
           restartao  false      # default   if true restart from orbitals projected into AO basis (STO3G) on disk
          no_compute  false      # default   if true use orbitals on disk, set value to computed
           no_orient  false      # default   if true the molecule coordinates will not be reoriented
                save  true       # default   if true save orbitals to disk
              maxsub  10         # default   size of iterative subspace ... set to 0 or 1 to disable
        orbitalshift  0.0000e+00 # default   scf orbital shift: shift the occ orbitals to lower energies
            npt_plot  101        # default   no. of points to use in each dim for plots
           plot_cell  []         # default   lo hi in each dimension for plotting (default is all space)
             aobasis  6-31g      # derived   AO basis used for initial guess (6-31g or sto-3g)
           core_type  none       # default   core potential type                          [none, mpc]
         derivatives  false      # default   if true calculate nuclear derivatives
              dipole  false      # default   if true calculate dipole moment
      conv_only_dens  false      # default   if true remove bsh_residual from convergence criteria (deprecated)
            psp_calc  false      # default   pseudopotential calculation for all atoms
 print_dipole_matels  false      # default   if true output dipole matrix elements
            pcm_data  none       # default   do a PCM (solvent) calculation
             ac_data  none       # default   do a calculation with asymptotic correction (see ACParameters class in chem/AC.h for details)
             pure_ae  true       # default   pure all electron calculation with no pseudo-atoms
         print_level  3          # default   0: no output; 1: final energy; 2: iterations; 3: timings; 10: debug
              nalpha  3          # derived   number of alpha spin electrons
               nbeta  3          # derived   number of beta  spin electrons
           nmo_alpha  3          # derived   number of alpha spin molecular orbitals
            nmo_beta  3          # derived   number of beta spin molecular orbitals
                  lo  9.0905e-04 # derived   smallest length scale we need to resolve
            protocol  [1.0000e-04, 1.0000e-06] # derived   calculation protocol
                gopt  false      # default   geometry optimizer
                gtol  1.0000e-04 # default   geometry tolerance
               gtest  false      # default   geometry tolerance
                gval  1.0000e-05 # default   value precision
               gprec  1.0000e-04 # default   gradient precision
            gmaxiter  20         # default   optimization maxiter
    ginitial_hessian  false      # default   compute inital hessian for optimization
              algopt  bfgs       # default   algorithm used for optimization              [bfgs, cg]
            tdksprop  false      # default   time-dependent Kohn-Sham equation propagate
           nv_factor  1          # default   factor to multiply number of virtual orbitals with when automatically decreasing nvirt
           vnucextra  2          # default   load balance parameter for nuclear pot
        loadbalparts  2          # default   ??
            response  false      # default   response function calculation
       response_freq  0.0000e+00 # default   frequency for calculation response function
       response_axis  [1, 1, 1]  # default   response axis
           nonrotate  false      # default   if true do not molcule orient (redundant with no_orient
               rconv  1.0000e-06 # default   Response convergence
              efield  0.0000e+00 # default   eps for finite field
         efield_axis  0          # default   finite field axis                            [0, 1, 2]
              nwfile  none       # default   Base name of nwchem output files (.out and .movecs extensions) to read from
                 ncf  (none,1.0000e+00) # defined   nuclear correlation factor
             hessian  false      # default   compute the hessian matrix
           read_cphf  false      # default   read the converged orbital response for nuclear displacements from file
        restart_cphf  false      # default   read the guess orbital response for nuclear displacements from file
      purify_hessian  false      # default   symmetrize the hessian matrix based on atomic charges

end
              charge  0.0000e+00 # defined   total molecular charge
                  xc  hf         # defined   XC input line
               smear  0.0000e+00 # default   smearing parameter
               econv  1.0000e-04 # defined   energy convergence
               dconv  5.0000e-04 # defined   density convergence
convergence_criteria  [bsh_residual, total_energy] # default   possible values are: bsh_residual, total_energy, each_energy, density
                   k  7          # defined   polynomial order
                   l  5.4882e+01 # derived   user coordinates box size
               deriv  abgv       # default   derivative method                            [abgv, bspline, ble]
           dft_deriv  abgv       # default   derivative method for gga potentials         [abgv, bspline, ble]
             maxrotn  2.5000e-01 # default   step restriction used in autoshift algorithm
             nvalpha  0          # default   number of alpha virtuals to compute
              nvbeta  0          # default   number of beta virtuals to compute
               nopen  0          # default   number of unpaired electrons = nalpha-nbeta
             maxiter  25         # default   maximum number of iterations
                 nio  1          # default   no. of io servers to use
     spin_restricted  true       # default   true if spin restricted
              plotlo  0          # default   range of MOs to print (for both spins if polarized
              plothi  -1         # default   range of MOs to print (for both spins if polarized
            plotdens  false      # default   If true print the density at convergence
            plotcoul  false      # default   If true plot the total coulomb potential at convergence
            localize  boys       # defined   localization method                          [pm, boys, new, canon]
          pointgroup  c1         # derived   use point (sub) group symmetry if not localized[c1, c2, ci, cs, c2v, c2h, d2, d2h]
             restart  false      # default   if true restart from orbitals on disk
           restartao  false      # default   if true restart from orbitals projected into AO basis (STO3G) on disk
          no_compute  false      # default   if true use orbitals on disk, set value to computed
           no_orient  false      # default   if true the molecule coordinates will not be reoriented
                save  true       # default   if true save orbitals to disk
              maxsub  10         # default   size of iterative subspace ... set to 0 or 1 to disable
        orbitalshift  0.0000e+00 # default   scf orbital shift: shift the occ orbitals to lower energies
            npt_plot  101        # default   no. of points to use in each dim for plots
           plot_cell  []         # default   lo hi in each dimension for plotting (default is all space)
             aobasis  6-31g      # derived   AO basis used for initial guess (6-31g or sto-3g)
           core_type  none       # default   core potential type                          [none, mpc]
         derivatives  false      # default   if true calculate nuclear derivatives
              dipole  false      # default   if true calculate dipole moment
      conv_only_dens  false      # default   if true remove bsh_residual from convergence criteria (deprecated)
            psp_calc  false      # default   pseudopotential calculation for all atoms
 print_dipole_matels  false      # default   if true output dipole matrix elements
            pcm_data  none       # default   do a PCM (solvent) calculation
             ac_data  none       # default   do a calculation with asymptotic correction (see ACParameters class in chem/AC.h for details)
             pure_ae  true       # default   pure all electron calculation with no pseudo-atoms
         print_level  3          # default   0: no output; 1: final energy; 2: iterations; 3: timings; 10: debug
              nalpha  3          # derived   number of alpha spin electrons
               nbeta  3          # derived   number of beta  spin electrons
           nmo_alpha  3          # derived   number of alpha spin molecular orbitals
            nmo_beta  3          # derived   number of beta spin molecular orbitals
                  lo  9.0905e-04 # derived   smallest length scale we need to resolve
            protocol  [1.0000e-04, 1.0000e-06] # derived   calculation protocol
                gopt  false      # default   geometry optimizer
                gtol  1.0000e-04 # default   geometry tolerance
               gtest  false      # default   geometry tolerance
                gval  1.0000e-05 # default   value precision
               gprec  1.0000e-04 # default   gradient precision
            gmaxiter  20         # default   optimization maxiter
    ginitial_hessian  false      # default   compute inital hessian for optimization
              algopt  bfgs       # default   algorithm used for optimization              [bfgs, cg]
            tdksprop  false      # default   time-dependent Kohn-Sham equation propagate
           nv_factor  1          # default   factor to multiply number of virtual orbitals with when automatically decreasing nvirt
           vnucextra  2          # default   load balance parameter for nuclear pot
        loadbalparts  2          # default   ??
            response  false      # default   response function calculation
       response_freq  0.0000e+00 # default   frequency for calculation response function
       response_axis  [1, 1, 1]  # default   response axis
           nonrotate  false      # default   if true do not molcule orient (redundant with no_orient
               rconv  1.0000e-06 # default   Response convergence
              efield  0.0000e+00 # default   eps for finite field
         efield_axis  0          # default   finite field axis                            [0, 1, 2]
              nwfile  none       # default   Base name of nwchem output files (.out and .movecs extensions) to read from



 geometry
   eprec 1.0e-06
   units atomic
   Be            0.00000000           0.00000000           0.22046805
   H             0.00000000           0.00000000           3.99992031
   H             0.00000000           0.00000000          -4.88179251
 end

Solving NDIM= 3  with thresh 1.000000e-04     k 7    conv 5.000000e-04 

timer:     Project vnuclear     0.65s     0.65s
constructed nuclear correlation factor of the form
    R   =  1.000000e+00
with eprec  1.000000e-06
which means it's (nearly) a conventional calculation

timer:        reproject ncf     1.86s     1.86s
timer:        guess density     0.60s     0.60s
timer:   guess Coulomb potn     0.46s     0.46s
timer:       guess lda potn     0.25s     0.25s
timer:        guess overlap     0.04s     0.04s
timer:    KEmat reconstruct     0.04s     0.04s
timer:  KEmat differentiate     0.29s     0.29s
timer:       KEmat compress     0.09s     0.09s
timer: KEmat inner products     0.27s     0.27s
timer:     guess Kinet potn     0.70s     0.70s
timer:           guess fock     0.48s     0.48s
timer:      guess eigen sol     0.09s     0.09s
timer: guess orbital groupi     0.15s     0.15s

starting protocol at time      7.7s 
precision steps  1.000000e-04  -->  1.000000e-04
protocol: thresh 1.000000e-04 econv  1.000000e-04 dconv 5.000000e-04

ending protocol at time      7.7s 

Solving NDIM= 3  with thresh 1.000000e-04     k 7    conv 5.000000e-04 

timer:        Boys localize     0.99s     0.99s
orbital irreps []
timer:      reconstruct psi     0.20s     0.20s
timer:        compute Jnemo     0.72s     0.72s
timer:        compute Knemo     2.09s     2.09s
timer: compute Unemo 0.0150     0.19s     0.19s

  nuclear and kinetic     -23.62863099
         kinetic only      15.13026103
              coulomb       9.37380476
             exchange      -3.21687553
    nuclear-repulsion       1.95491155
   regularized energy     -15.51679021
  buggy if hybrid functionals are used..
timer:       compute energy     3.65s     3.65s
Norm of vector changes ab spin case : rms 8.289430e-02    max 1.303349e-01
convergence: bshresidual, energy change, max energy change, density change 9.4e-02 1.6e+01 1.6e+01 1.4e+00
finished iteration  0 at time     21.0s with energy  -15.51679021
timer:        Boys localize     1.14s     1.14s
orbital irreps []
timer:      reconstruct psi     0.19s     0.19s
timer:        compute Jnemo     0.68s     0.68s
timer:        compute Knemo     2.08s     2.08s
timer: compute Unemo 0.0146     0.20s     0.20s

  nuclear and kinetic     -23.73464157
         kinetic only      15.05820172
              coulomb       9.38462726
             exchange      -3.16666412
    nuclear-repulsion       1.95491155
   regularized energy     -15.56176687
  buggy if hybrid functionals are used..
timer:       compute energy     3.47s     3.47s
Norm of vector changes ab spin case : rms 3.509031e-02    max 5.280543e-02
convergence: bshresidual, energy change, max energy change, density change 2.6e-02 4.5e-02 1.1e-01 1.4e-02
finished iteration  1 at time     34.3s with energy  -15.56176687
timer:        Boys localize     1.00s     1.00s
orbital irreps []
timer:      reconstruct psi     0.15s     0.15s
timer:        compute Jnemo     0.65s     0.65s
timer:        compute Knemo     2.07s     2.07s
timer: compute Unemo 0.0146     0.19s     0.19s

  nuclear and kinetic     -23.80004209
         kinetic only      15.05572071
              coulomb       9.42800769
             exchange      -3.15083813
    nuclear-repulsion       1.95491155
   regularized energy     -15.56796098
  buggy if hybrid functionals are used..
timer:       compute energy     3.78s     3.78s
Norm of vector changes ab spin case : rms 1.269317e-02    max 1.992265e-02
convergence: bshresidual, energy change, max energy change, density change 6.9e-03 6.2e-03 6.5e-02 4.7e-03
finished iteration  2 at time     47.7s with energy  -15.56796098
timer:        Boys localize     1.08s     1.08s
orbital irreps []
timer:      reconstruct psi     0.17s     0.17s
timer:        compute Jnemo     0.75s     0.75s
timer:        compute Knemo     2.34s     2.34s
timer: compute Unemo 0.0146     0.25s     0.25s

  nuclear and kinetic     -23.83110233
         kinetic only      15.05634140
              coulomb       9.45381753
             exchange      -3.14641542
    nuclear-repulsion       1.95491155
   regularized energy     -15.56878868
  buggy if hybrid functionals are used..
timer:       compute energy     3.69s     3.69s
Norm of vector changes ab spin case : rms 6.146567e-03    max 9.076177e-03
convergence: bshresidual, energy change, max energy change, density change 2.6e-03 8.3e-04 3.1e-02 1.3e-03
finished iteration  3 at time     61.8s with energy  -15.56878868
timer:        Boys localize     0.92s     0.92s
orbital irreps []
timer:      reconstruct psi     0.16s     0.16s
timer:        compute Jnemo     0.72s     0.72s
timer:        compute Knemo     2.06s     2.06s
timer: compute Unemo 0.0147     0.19s     0.19s

  nuclear and kinetic     -23.84119665
         kinetic only      15.05561401
              coulomb       9.46300865
             exchange      -3.14564608
    nuclear-repulsion       1.95491155
   regularized energy     -15.56892254
  buggy if hybrid functionals are used..
timer:       compute energy     3.71s     3.71s
Norm of vector changes ab spin case : rms 2.102282e-03    max 3.115607e-03
convergence: bshresidual, energy change, max energy change, density change 9.1e-04 1.3e-04 1.0e-02 5.8e-04
finished iteration  4 at time     75.5s with energy  -15.56892254
timer:        Boys localize     0.98s     0.98s
orbital irreps []
timer:      reconstruct psi     0.15s     0.15s
timer:        compute Jnemo     0.71s     0.71s
timer:        compute Knemo     2.10s     2.10s
timer: compute Unemo 0.0147     0.18s     0.18s

  nuclear and kinetic     -23.84079754
         kinetic only      15.05494672
              coulomb       9.46291952
             exchange      -3.14597161
    nuclear-repulsion       1.95491155
   regularized energy     -15.56893808
  buggy if hybrid functionals are used..
timer:       compute energy     3.57s     3.57s
Norm of vector changes ab spin case : rms 9.927900e-04    max 1.418528e-03
convergence: bshresidual, energy change, max energy change, density change 4.1e-04 1.6e-05 6.7e-04 2.0e-04
finished iteration  5 at time     89.8s with energy  -15.56893808

Iterations converged


ending protocol at time     89.8s 

 Dipole Moment (a.u.)
 -----------

     x:  -1.477670e-14
     y:  1.923326e-16
     z:  6.524920e-01
 Total Dipole Moment:  6.524920e-01 

timer:               dipole     0.05s     0.05s
Nemo Orbital Energies: [*]  -4.84842937  -0.41968877  -0.33533272

nemo energy:  -1.556894e+01
 at time 90.4
PNO Integrals evaluated as:
pnoint
       rank_increase  15         # default   maximum rank to increase in every macroiteration
               chunk  100        # default   chunk of functions operated on in parallel when G or K is applied (prevent memory shortage)
               debug  false      # default   debug mode
              freeze  1          # derived   frozen core approximation
             maxrank  2          # defined   maximal pno rank for all pairs
           guesstype  exop       # derived   the guesstype: exop (recommended, multiply polynomial excitation operators onto the occupied orbitals), empty (don't compute a guess), scf (use the ao basis from the SCF solver), partial_wave (create s,p,d ..., type functions and place on atoms), predefined (same as partial_wave but for predefined sets)
                exop  multipole  # derived   this string defines which excitation operators can be used, use 'dipole', 'dipole+', 'quadrupole', 'ocopole', or 'multipole', need to set guesstype to 'exop' which is the default
          exop_trigo  true       # default   use trigonometric excitation operators ( x --> sin(x)
        partial_wave             # default   atom centered partial wave guess of format like 'h-2s1p-o-3s2p1d', need to set guesstype to 'partial_wave' and adaptive_solver to 'none'
          predefined             # default   predefined partial wave guesses of type pvxz with x=d,t,q,5,6, need to set guesstype to 'predefined' and adaptive_solver to 'none'
           maxiter_t  100        # default   maximal number of iterations in the amplitude solver
       maxiter_micro  10         # default   Maximum of iterations for every cycle in the adaptive solver
       maxiter_macro  10         # default   Maximum of iterations of cycles in the adaptive solver
                tpno  1.0000e-08 # default   PNO cutoff threshold
          tpno_tight  1.0000e-10 # derived   PNO cutoff for the first iteration
    canonicalize_pno  true       # default   canonicalize the pnos before the amplitude solver
              thresh  1.0000e-04 # defined   MRA threshold
         econv_micro  1.0000e-04 # derived   Energy convergence for microiterations (Greens function based optimization) in adaptive solver
         econv_pairs  1.0000e-05 # derived   ENergy convergence for individual pairs in adaptive solver. Converged pairs are frozen automatically
         econv_macro  1.0000e-04 # derived   Energy convergence for macroiterations in adaptive solver, no effect if adaptive_solver is deactivated
               dconv  1.0000e-01 # default   convergence of every PNO in the Green's function solver
           op_thresh  1.0000e-06 # default   MRA operator thresh
             restart  none       # derived   restart pairs of this type, use 'mp2', 'cispd', 'all' or 'none'
          no_compute  none       # default   do not compute the pairs of this type, use 'mp2', 'cispd', 'all' or 'none'
              no_opt  none       # default   do not optimize the pnos of this type, use 'mp2', 'cispd', 'all' or 'none'
            no_guess  none       # derived   guess for this type will be empty, use 'mp2', 'cispd', 'all' or 'none'
     adaptive_solver  all        # default   Use adaptive solver for those pairs, use 'mp2', 'cispd', 'all' or 'none', works only in combination with guesstype 'exop'
                kain  true       # default   use KAIN solver in amplitude solver
       kain_subspace  5          # default   subspace size of the KAIN solver (amplitudes)
                 f12  false      # defined   use explicit correlation
        cispd_number  -1         # default   CIS(D) excitation numbers, to read in correct functions
        cispd_energy  0.0000e+00 # default   CIS energy
        freeze_pairs  none       # default   frozen pairs will not be optimized: Expected format 'a b c d' will freeze pairs ab and cd
freeze_pairs_of_orbital  []         # default    All pairs which originate from this orbital will not be optimized
active_pairs_of_orbital  []         # default    All pairs which originate from this orbital will not be frozen all other pairs will, if this vector is not empty
no_opt_in_first_iteration  false      # default   Do not optimize in the first iteration (then the potentials do not have to be evaluated, use this for large guesses)
            exchange  full       # default   approximate exchange with 'neglect' or xc functional -> same syntax as moldft
           save_pnos  true       # default   Save the OBS-PNOs to a file, before and after orthonormalization.
            diagonal  true       # defined   Compute only diagonal PNOs
              orthog  symmetric  # defined   orthogonalization method for PNO basis, also current default for a potential CABS. options: symmetric, canonical, cholesky, rr_cholesky,
         orthog_cabs  default    # default   orthogonalization method for CABS basis. options: symmetric, canonical, cholesky, rr_cholesky, uses same as orbitals basis if default.
               n_pno  2          # defined   desired size of PNO-basis (orbital space)
         cabs_option  none       # default   type of complementary auxiliary basis to be used. can be none ~ no CABS, gbs ~ Gaussian basis set as CABS, requires input via auxbas_file, pno ~ use superfluous PNOs as CABS, mixed ~ gbs&pno-option
       pno_cabs_size  -1         # default   size of a potential pno-cabs. defaults to -1 ~ all remaining PNOs, if pno-cabs or mixed-cabs
           only_diag  false      # default   use only diagonal elements PNOs
         cherry_pick  []         # default   cherry pick option to choose particular set of PNOs, not just blindly by occupation number. can be useful, if only a restricted number of PNOs can be used, to avoid separating degenerate pairs. can be envoked by passing a vector via [ elem1, elem2, ... ]
               gamma  1.4000e+00 # default   The f12 length scale, here to be used to compute f12-integrals
         cabs_thresh  1.0000e-04 # derived    thresh for cabs part
              auxbas  none       # default   atom centered partial wave guess of format like 'h-2s1p-o-3s2p1d'
         auxbas_file  none       # default   Use external comp. aux. basis in addition to the pnos as auxbasis. Give the filename as parameter. Give the auxbas in turbomole format. Don't use contractions. If a file is specified the auxbas parameter has no effect
   print_pno_overlap  true       # default   Print overlap matrix at certain steps in computation, for debugging purposes.
              n_virt  0          # defined   Compute this number of virtuals and include them in the integral construction, experimental and not robust!.
      hardcore_boson  false      # default   compute only integrals for hardcore boson hamiltonian (restricted to double occupations)

end
F12 Operators initialized right
timer:                    Testing F12 Operators     0.83s     0.83s 
timer:  Initializing (active) Exchange Orbitals     2.06s     2.06s 
Size of active mos and their exchange potentials:
K(acmos)=2.984881e-03 Gbyte
acmos   =2.688438e-03 Gbyte
PNO Parameters
pno
       rank_increase  15         # default   maximum rank to increase in every macroiteration
               chunk  100        # default   chunk of functions operated on in parallel when G or K is applied (prevent memory shortage)
               debug  false      # default   debug mode
              freeze  1          # derived   frozen core approximation
             maxrank  2          # defined   maximal pno rank for all pairs
           guesstype  exop       # derived   the guesstype: exop (recommended, multiply polynomial excitation operators onto the occupied orbitals), empty (don't compute a guess), scf (use the ao basis from the SCF solver), partial_wave (create s,p,d ..., type functions and place on atoms), predefined (same as partial_wave but for predefined sets)
                exop  multipole  # derived   this string defines which excitation operators can be used, use 'dipole', 'dipole+', 'quadrupole', 'ocopole', or 'multipole', need to set guesstype to 'exop' which is the default
          exop_trigo  true       # default   use trigonometric excitation operators ( x --> sin(x)
        partial_wave             # default   atom centered partial wave guess of format like 'h-2s1p-o-3s2p1d', need to set guesstype to 'partial_wave' and adaptive_solver to 'none'
          predefined             # default   predefined partial wave guesses of type pvxz with x=d,t,q,5,6, need to set guesstype to 'predefined' and adaptive_solver to 'none'
           maxiter_t  100        # default   maximal number of iterations in the amplitude solver
       maxiter_micro  10         # default   Maximum of iterations for every cycle in the adaptive solver
       maxiter_macro  10         # default   Maximum of iterations of cycles in the adaptive solver
                tpno  1.0000e-08 # default   PNO cutoff threshold
          tpno_tight  1.0000e-10 # derived   PNO cutoff for the first iteration
    canonicalize_pno  true       # default   canonicalize the pnos before the amplitude solver
              thresh  1.0000e-04 # defined   MRA threshold
         econv_micro  1.0000e-04 # derived   Energy convergence for microiterations (Greens function based optimization) in adaptive solver
         econv_pairs  1.0000e-05 # derived   ENergy convergence for individual pairs in adaptive solver. Converged pairs are frozen automatically
         econv_macro  1.0000e-04 # derived   Energy convergence for macroiterations in adaptive solver, no effect if adaptive_solver is deactivated
               dconv  1.0000e-01 # default   convergence of every PNO in the Green's function solver
           op_thresh  1.0000e-06 # default   MRA operator thresh
             restart  none       # derived   restart pairs of this type, use 'mp2', 'cispd', 'all' or 'none'
          no_compute  none       # default   do not compute the pairs of this type, use 'mp2', 'cispd', 'all' or 'none'
              no_opt  none       # default   do not optimize the pnos of this type, use 'mp2', 'cispd', 'all' or 'none'
            no_guess  none       # derived   guess for this type will be empty, use 'mp2', 'cispd', 'all' or 'none'
     adaptive_solver  all        # default   Use adaptive solver for those pairs, use 'mp2', 'cispd', 'all' or 'none', works only in combination with guesstype 'exop'
                kain  true       # default   use KAIN solver in amplitude solver
       kain_subspace  5          # default   subspace size of the KAIN solver (amplitudes)
                 f12  false      # defined   use explicit correlation
        cispd_number  -1         # default   CIS(D) excitation numbers, to read in correct functions
        cispd_energy  0.0000e+00 # default   CIS energy
        freeze_pairs  none       # default   frozen pairs will not be optimized: Expected format 'a b c d' will freeze pairs ab and cd
freeze_pairs_of_orbital  []         # default    All pairs which originate from this orbital will not be optimized
active_pairs_of_orbital  []         # default    All pairs which originate from this orbital will not be frozen all other pairs will, if this vector is not empty
no_opt_in_first_iteration  false      # default   Do not optimize in the first iteration (then the potentials do not have to be evaluated, use this for large guesses)
            exchange  full       # default   approximate exchange with 'neglect' or xc functional -> same syntax as moldft
           save_pnos  true       # default   Save the OBS-PNOs to a file, before and after orthonormalization.
            diagonal  true       # defined   Compute only diagonal PNOs

end

**********************
Solve PNO-MP2
*********************


**********************
Iterate Pairs
*********************


************************
Adaptive Solver
***********************

Initializing empty Pairs:
no guess was explicitly demanded for mp2

timer:                                     RRCD     0.00s     0.00s 
timer:                             MRA compress     0.00s     0.00s 
timer:                          Transform Pairs     0.00s     0.00s 
timer:          apply Q and orthonormalize PNOs     0.00s     0.00s 
Created Guess:
pair11 with 0 guess functions
pair21 with 0 guess functions
pair22 with 0 guess functions
guess pair11 size: 0.0000000000e+00 | 0.0000000000e+00 Gbyte (after truncation)
guess pair22 size: 0.0000000000e+00 | 0.0000000000e+00 Gbyte (after truncation)
timer:                           truncate guess     0.00s     0.00s 
timer:                         Initialize Pairs     0.00s     0.00s 
Keyword multipole is not known
Guess protocol for adaptively growing ranks is: [dipole+, quadrupole, big_fock_3, big_fock_3, big_fock_3, big_fock_3, big_fock_3, big_fock_3, big_fock_3, big_fock_3]


--------Adaptive Solver Macroiteration 0 from max 10 ----------

Growing ranks with exop=dipole+
Create guess functions by multiplying plane-waves to 1 functions 
Created 4 virtuals for pair11
pair21 is frozen: no growing
Create guess functions by multiplying plane-waves to 1 functions 
Created 4 virtuals for pair22
frozen pair: no orthonormalization
timer:                                     RRCD     0.07s     0.07s 
timer:                             MRA compress     0.00s     0.00s 
timer:                          Transform Pairs     0.15s     0.15s 
timer:                        grow PNO subspace     1.77s     1.77s 
SolveInternal: Parameters are assigned as
no_compute        = false
no_opt            = false
restart           = false
do_cispd          = false
econv             =1.0000000000e-04
maxrank (min,max) = (2,2)
Solving MP2 doubles
timer:          fock matrix     3.10s     3.10s
Information About All Pairs:
mp2_pair11           number=0 rank=  4 frozen=false
mp2_pair21           number=1 rank=  0 frozen=true
mp2_pair22           number=2 rank=  4 frozen=false
number of pairs=3
average rank   =2 (2.6666666667e+00)
largest rank   =4
PNOPairs Memory Information
Total: 0.0106310844 GB 
PNO  : 0.0106310844 GB 
KPNO : 0.0000000000 GB 
W    : 0.0000000000 GB 

timer:                                 truncate     0.03s     0.03s 
wall time=104.5694260597 chunk=8 allK.size()=8 memory=0.0094861984 GB
timer:                             compute KPNO     4.22s     4.22s 
wall time=104.7224690914 chunk=8 allJ.size()=8 memory=0.0114488602 GB
timer:                             compute JPNO     0.15s     0.15s 
timer:                    compute Fock matrices     1.39s     1.39s 
timer:                             MRA compress     0.00s     0.00s 
timer:                          Transform Pairs     0.23s     0.23s 
timer:                             Canonicalize     0.23s     0.23s 
PNOPairs Memory Information
Total: 0.0200355053 GB 
PNO  : 0.0103857517 GB 
KPNO : 0.0096497536 GB 
W    : 0.0000000000 GB 

timer:                                 truncate     0.05s     0.05s 
mp2_pair21 is frozen: potential not computed
timer:                   Fluctuation Potentials     2.19s     2.19s 
timer:                       Fluctuation Matrix     0.16s     0.16s 
PNOPairs Memory Information
Total: 0.0341012478 GB 
PNO  : 0.0103857517 GB 
KPNO : 0.0096497536 GB 
W    : 0.0140657425 GB 

PNOPairs Memory Information
Total: 0.0341012478 GB 
PNO  : 0.0103857517 GB 
KPNO : 0.0096497536 GB 
W    : 0.0140657425 GB 

timer:                                 truncate     0.11s     0.11s 
timer:                             PNO Overlaps     0.07s     0.07s 
t_iter =  0  Hylleraas energy =  0.0000000000  ||R||_F =  0.1632387633  conv =  no
subspace solution [*]   1.00000000

t_iter =  1  Hylleraas energy =  -0.0294833934  ||R||_F =  0.0000000943  conv =  yes
=======================================================

Hylleraas MP2 Energies

=======================================================
    i    j      singlet      triplet        Total
=======================================================
    1    1  -1.31452e-02  0.00000e+00 -1.31452e-02
    2    1   0.00000e+00  0.00000e+00  0.00000e+00
    2    2  -1.63382e-02  0.00000e+00 -1.63382e-02
=======================================================
Hylleraas MP2 Energies (singlet): -2.94834e-02
Hylleraas MP2 Energies (triplet):  0.00000e+00
Hylleraas MP2 Energies (total)  : -2.94834e-02
=======================================================
-------------------------------------------
Total Reg Energy  =-2.94834e-02
Total F12 Energy  = 0.00000e+00
Sum Energies Total=-2.94834e-02
-------------------------------------------
timer:                         Solve Amplitudes     0.00s     0.00s 
No optimization untill now: Compressing pno ranks with tighter threshold
1.00000e-10 instead of 1.00000e-08
pair11: density evals:
 [*]   0.00280459   0.00390580   0.00390580   0.01476294

pair11: # of PNOs reduced from  4  to  2  maxrank= 2
pair22: density evals:
 [*]   0.00265004   0.00344845   0.00344845   0.03426647

pair22: # of PNOs reduced from  4  to  2  maxrank= 2
timer:                            compress PNOs     0.00s     0.00s 
timer:                             MRA compress     0.00s     0.00s 
timer:                          Transform Pairs     0.25s     0.25s 
timer:                          PNO Compression     0.25s     0.25s 
Information About All Pairs:
mp2_pair11           number=0 rank=  2 frozen=false
mp2_pair21           number=1 rank=  0 frozen=true
mp2_pair22           number=2 rank=  2 frozen=false
number of pairs=3
average rank   =1 (1.33333e+00)
largest rank   =2
saving vector of functions mp2_pair11
saving vector of functions mp2_pair22
timer:                        save pnos on disc     0.12s     0.12s 
PNOPairs Memory Information
Total: 0.01758 GB 
PNO  : 0.00515 GB 
KPNO : 0.00491 GB 
W    : 0.00752 GB 

timer:                                 truncate     0.03s     0.03s 
timer:      compute densities for G application     0.00s     0.00s 
pair21 is frozen: no optimization
timer:                Prepare for G application     0.10s     0.10s 
timer:                                    add K     0.00s     0.00s 
size of all Vpsi potentials (without Vnuc and J) 0.00605 GB 
time=110.03635 chunk=4 Vpsi+Vnuc+J=0.01603 GB
time=110.07674 chunk=4 Vpsi+Vnuc+J=0.01586 GB (after truncation)
timer:                           Apply G to all     2.03s     2.03s 
timer:                       apply Q and update     0.00s     0.00s 
mp2_pair11 residual norms:
[0.35648, 0.40603]
mp2_pair11 scaled residual norms:
[0.02228, 0.04933]
mp2_pair22 residual norms:
[0.36051, 0.37327]
mp2_pair22 scaled residual norms:
[0.02117, 0.06910]
timer:                          update all PNOs     2.14s     2.14s 
frozen pair: no orthonormalization
timer:                                     RRCD     0.07s     0.07s 
timer:                             MRA compress     0.00s     0.00s 
timer:                          Transform Pairs     0.06s     0.06s 
saving vector of functions mp2_pair11
saving vector of functions mp2_pair22
timer:                        save pnos on disc     0.11s     0.11s 


No convergence yet. Energy change = 0.02948

timer:                        Whole Iteration 1    11.49s    11.49s 
Information About All Pairs:
mp2_pair11           number=0 rank=  2 frozen=false
mp2_pair21           number=1 rank=  0 frozen=true
mp2_pair22           number=2 rank=  2 frozen=false
number of pairs=3
average rank   =1 (1.33333)
largest rank   =2
PNOPairs Memory Information
Total: 0.00540 GB 
PNO  : 0.00540 GB 
KPNO : 0.00000 GB 
W    : 0.00000 GB 

timer:                                 truncate     0.10s     0.10s 
wall time=114.89568 chunk=4 allK.size()=4 memory=0.00482 GB
timer:                             compute KPNO     2.99s     2.99s 
wall time=115.02620 chunk=4 allJ.size()=4 memory=0.00564 GB
timer:                             compute JPNO     0.13s     0.13s 
timer:                    compute Fock matrices     0.94s     0.94s 
timer:                             MRA compress     0.00s     0.00s 
timer:                          Transform Pairs     0.13s     0.13s 
timer:                             Canonicalize     0.13s     0.13s 
PNOPairs Memory Information
Total: 0.01022 GB 
PNO  : 0.00540 GB 
KPNO : 0.00482 GB 
W    : 0.00000 GB 

timer:                                 truncate     0.03s     0.03s 
mp2_pair21 is frozen: potential not computed
timer:                   Fluctuation Potentials     1.38s     1.38s 
timer:                       Fluctuation Matrix     0.17s     0.17s 
PNOPairs Memory Information
Total: 0.01791 GB 
PNO  : 0.00540 GB 
KPNO : 0.00482 GB 
W    : 0.00769 GB 

PNOPairs Memory Information
Total: 0.01791 GB 
PNO  : 0.00540 GB 
KPNO : 0.00482 GB 
W    : 0.00769 GB 

timer:                                 truncate     0.03s     0.03s 
timer:                             PNO Overlaps     0.10s     0.10s 
t_iter =  0  Hylleraas energy =  0.00000  ||R||_F =  0.19620  conv =  no
subspace solution [*]   1.00000000

t_iter =  1  Hylleraas energy =  -0.04022  ||R||_F =  0.00000  conv =  yes
=======================================================

Hylleraas MP2 Energies

=======================================================
    i    j      singlet      triplet        Total
=======================================================
    1    1  -1.67051e-02  0.00000e+00 -1.67051e-02
    2    1   0.00000e+00  0.00000e+00  0.00000e+00
    2    2  -2.35188e-02  0.00000e+00 -2.35188e-02
=======================================================
Hylleraas MP2 Energies (singlet): -4.02239e-02
Hylleraas MP2 Energies (triplet):  0.00000e+00
Hylleraas MP2 Energies (total)  : -4.02239e-02
=======================================================
-------------------------------------------
Total Reg Energy  =-4.02239e-02
Total F12 Energy  = 0.00000e+00
Sum Energies Total=-4.02239e-02
-------------------------------------------
timer:                         Solve Amplitudes     0.00s     0.00s 
pair11: density evals:
 [*]   0.00466971   0.02416259

pair22: density evals:
 [*]   0.00403458   0.05687865

timer:                            compress PNOs     0.00s     0.00s 
timer:                             MRA compress     0.00s     0.00s 
timer:                          Transform Pairs     0.28s     0.28s 
timer:                          PNO Compression     0.29s     0.29s 
Information About All Pairs:
mp2_pair11           number=0 rank=  2 frozen=false
mp2_pair21           number=1 rank=  0 frozen=true
mp2_pair22           number=2 rank=  2 frozen=false
number of pairs=3
average rank   =1 (1.33333e+00)
largest rank   =2
saving vector of functions mp2_pair11
saving vector of functions mp2_pair22
timer:                        save pnos on disc     0.10s     0.10s 
PNOPairs Memory Information
Total: 0.01791 GB 
PNO  : 0.00540 GB 
KPNO : 0.00482 GB 
W    : 0.00769 GB 

timer:                                 truncate     0.07s     0.07s 
timer:      compute densities for G application     0.00s     0.00s 
pair21 is frozen: no optimization
timer:                Prepare for G application     0.17s     0.17s 
timer:                                    add K     0.03s     0.03s 
size of all Vpsi potentials (without Vnuc and J) 0.00646 GB 
time=118.93417 chunk=4 Vpsi+Vnuc+J=0.01599 GB
time=118.97376 chunk=4 Vpsi+Vnuc+J=0.01537 GB (after truncation)
timer:                           Apply G to all     1.71s     1.71s 
timer:                       apply Q and update     0.00s     0.00s 
mp2_pair11 residual norms:
[0.08928, 0.11836]
mp2_pair11 scaled residual norms:
[0.00610, 0.01840]
mp2_pair22 residual norms:
[0.09193, 0.09397]
mp2_pair22 scaled residual norms:
[0.00584, 0.02241]
timer:                          update all PNOs     1.91s     1.91s 
frozen pair: no orthonormalization
timer:                                     RRCD     0.03s     0.03s 
timer:                             MRA compress     0.00s     0.00s 
timer:                          Transform Pairs     0.03s     0.03s 
saving vector of functions mp2_pair11
saving vector of functions mp2_pair22
timer:                        save pnos on disc     0.09s     0.09s 


No convergence yet. Energy change = 0.01074

timer:                        Whole Iteration 2     8.55s     8.55s 
Information About All Pairs:
mp2_pair11           number=0 rank=  2 frozen=false
mp2_pair21           number=1 rank=  0 frozen=true
mp2_pair22           number=2 rank=  2 frozen=false
number of pairs=3
average rank   =1 (1.33333)
largest rank   =2
PNOPairs Memory Information
Total: 0.00523 GB 
PNO  : 0.00523 GB 
KPNO : 0.00000 GB 
W    : 0.00000 GB 

timer:                                 truncate     0.06s     0.06s 
wall time=123.29130 chunk=4 allK.size()=4 memory=0.00491 GB
timer:                             compute KPNO     2.88s     2.88s 
wall time=123.39013 chunk=4 allJ.size()=4 memory=0.00572 GB
timer:                             compute JPNO     0.10s     0.10s 
timer:                    compute Fock matrices     1.20s     1.20s 
timer:                             MRA compress     0.00s     0.00s 
timer:                          Transform Pairs     0.14s     0.14s 
timer:                             Canonicalize     0.14s     0.14s 
PNOPairs Memory Information
Total: 0.01014 GB 
PNO  : 0.00523 GB 
KPNO : 0.00491 GB 
W    : 0.00000 GB 

timer:                                 truncate     0.03s     0.03s 
mp2_pair21 is frozen: potential not computed
timer:                   Fluctuation Potentials     1.36s     1.36s 
timer:                       Fluctuation Matrix     0.12s     0.12s 
PNOPairs Memory Information
Total: 0.01783 GB 
PNO  : 0.00523 GB 
KPNO : 0.00491 GB 
W    : 0.00769 GB 

PNOPairs Memory Information
Total: 0.01783 GB 
PNO  : 0.00523 GB 
KPNO : 0.00491 GB 
W    : 0.00769 GB 

timer:                                 truncate     0.04s     0.04s 
timer:                             PNO Overlaps     0.09s     0.09s 
t_iter =  0  Hylleraas energy =  0.00000  ||R||_F =  0.20972  conv =  no
subspace solution [*]   1.00000000

t_iter =  1  Hylleraas energy =  -0.04261  ||R||_F =  0.00000  conv =  yes
=======================================================

Hylleraas MP2 Energies

=======================================================
    i    j      singlet      triplet        Total
=======================================================
    1    1  -1.78242e-02  0.00000e+00 -1.78242e-02
    2    1   0.00000e+00  0.00000e+00  0.00000e+00
    2    2  -2.47897e-02  0.00000e+00 -2.47897e-02
=======================================================
Hylleraas MP2 Energies (singlet): -4.26138e-02
Hylleraas MP2 Energies (triplet):  0.00000e+00
Hylleraas MP2 Energies (total)  : -4.26138e-02
=======================================================
-------------------------------------------
Total Reg Energy  =-4.26138e-02
Total F12 Energy  = 0.00000e+00
Sum Energies Total=-4.26138e-02
-------------------------------------------
timer:                         Solve Amplitudes     0.00s     0.00s 
pair11: density evals:
 [*]   0.00446080   0.02385682

pair22: density evals:
 [*]   0.00382404   0.05636123

timer:                            compress PNOs     0.00s     0.00s 
timer:                             MRA compress     0.00s     0.00s 
timer:                          Transform Pairs     0.23s     0.23s 
timer:                          PNO Compression     0.23s     0.23s 
Information About All Pairs:
mp2_pair11           number=0 rank=  2 frozen=false
mp2_pair21           number=1 rank=  0 frozen=true
mp2_pair22           number=2 rank=  2 frozen=false
number of pairs=3
average rank   =1 (1.33333e+00)
largest rank   =2
saving vector of functions mp2_pair11
saving vector of functions mp2_pair22
timer:                        save pnos on disc     0.09s     0.09s 
PNOPairs Memory Information
Total: 0.01783 GB 
PNO  : 0.00523 GB 
KPNO : 0.00491 GB 
W    : 0.00769 GB 

timer:                                 truncate     0.03s     0.03s 
timer:      compute densities for G application     0.00s     0.00s 
pair21 is frozen: no optimization
timer:                Prepare for G application     0.13s     0.13s 
timer:                                    add K     0.00s     0.00s 
size of all Vpsi potentials (without Vnuc and J) 0.00646 GB 
time=127.41693 chunk=4 Vpsi+Vnuc+J=0.01644 GB
time=127.46640 chunk=4 Vpsi+Vnuc+J=0.01562 GB (after truncation)
timer:                           Apply G to all     1.74s     1.74s 
timer:                       apply Q and update     0.00s     0.00s 
mp2_pair11 residual norms:
[0.02979, 0.04997]
mp2_pair11 scaled residual norms:
[0.00199, 0.00772]
mp2_pair22 residual norms:
[0.03843, 0.03694]
mp2_pair22 scaled residual norms:
[0.00238, 0.00877]
timer:                          update all PNOs     1.90s     1.90s 
frozen pair: no orthonormalization
timer:                                     RRCD     0.04s     0.04s 
timer:                             MRA compress     0.00s     0.00s 
timer:                          Transform Pairs     0.06s     0.06s 
saving vector of functions mp2_pair11
saving vector of functions mp2_pair22
timer:                        save pnos on disc     0.10s     0.10s 


No convergence yet. Energy change = 0.00239

timer:                        Whole Iteration 3     8.51s     8.51s 
Information About All Pairs:
mp2_pair11           number=0 rank=  2 frozen=false
mp2_pair21           number=1 rank=  0 frozen=true
mp2_pair22           number=2 rank=  2 frozen=false
number of pairs=3
average rank   =1 (1.33333)
largest rank   =2
PNOPairs Memory Information
Total: 0.00540 GB 
PNO  : 0.00540 GB 
KPNO : 0.00000 GB 
W    : 0.00000 GB 

timer:                                 truncate     0.05s     0.05s 
wall time=131.70747 chunk=4 allK.size()=4 memory=0.00491 GB
timer:                             compute KPNO     2.79s     2.79s 
wall time=131.86217 chunk=4 allJ.size()=4 memory=0.00589 GB
timer:                             compute JPNO     0.15s     0.15s 
timer:                    compute Fock matrices     1.16s     1.16s 
timer:                             MRA compress     0.00s     0.00s 
timer:                          Transform Pairs     0.10s     0.10s 
timer:                             Canonicalize     0.10s     0.10s 
PNOPairs Memory Information
Total: 0.01030 GB 
PNO  : 0.00540 GB 
KPNO : 0.00491 GB 
W    : 0.00000 GB 

timer:                                 truncate     0.04s     0.04s 
mp2_pair21 is frozen: potential not computed
timer:                   Fluctuation Potentials     1.41s     1.41s 
timer:                       Fluctuation Matrix     0.06s     0.06s 
PNOPairs Memory Information
Total: 0.01799 GB 
PNO  : 0.00540 GB 
KPNO : 0.00491 GB 
W    : 0.00769 GB 

PNOPairs Memory Information
Total: 0.01799 GB 
PNO  : 0.00540 GB 
KPNO : 0.00491 GB 
W    : 0.00769 GB 

timer:                                 truncate     0.06s     0.06s 
timer:                             PNO Overlaps     0.09s     0.09s 
t_iter =  0  Hylleraas energy =  0.00000  ||R||_F =  0.21436  conv =  no
subspace solution [*]   1.00000000

t_iter =  1  Hylleraas energy =  -0.04304  ||R||_F =  0.00000  conv =  yes
=======================================================

Hylleraas MP2 Energies

=======================================================
    i    j      singlet      triplet        Total
=======================================================
    1    1  -1.80298e-02  0.00000e+00 -1.80298e-02
    2    1   0.00000e+00  0.00000e+00  0.00000e+00
    2    2  -2.50076e-02  0.00000e+00 -2.50076e-02
=======================================================
Hylleraas MP2 Energies (singlet): -4.30374e-02
Hylleraas MP2 Energies (triplet):  0.00000e+00
Hylleraas MP2 Energies (total)  : -4.30374e-02
=======================================================
-------------------------------------------
Total Reg Energy  =-4.30374e-02
Total F12 Energy  = 0.00000e+00
Sum Energies Total=-4.30374e-02
-------------------------------------------
timer:                         Solve Amplitudes     0.00s     0.00s 
pair11: density evals:
 [*]   0.00435371   0.02324217

pair22: density evals:
 [*]   0.00370482   0.05520096

timer:                            compress PNOs     0.00s     0.00s 
timer:                             MRA compress     0.00s     0.00s 
timer:                          Transform Pairs     0.21s     0.21s 
timer:                          PNO Compression     0.22s     0.22s 
Information About All Pairs:
mp2_pair11           number=0 rank=  2 frozen=false
mp2_pair21           number=1 rank=  0 frozen=true
mp2_pair22           number=2 rank=  2 frozen=false
number of pairs=3
average rank   =1 (1.33333e+00)
largest rank   =2
saving vector of functions mp2_pair11
saving vector of functions mp2_pair22
timer:                        save pnos on disc     0.10s     0.10s 
PNOPairs Memory Information
Total: 0.01799 GB 
PNO  : 0.00540 GB 
KPNO : 0.00491 GB 
W    : 0.00769 GB 

timer:                                 truncate     0.04s     0.04s 
timer:      compute densities for G application     0.00s     0.00s 
pair21 is frozen: no optimization
timer:                Prepare for G application     0.11s     0.11s 
timer:                                    add K     0.03s     0.03s 
size of all Vpsi potentials (without Vnuc and J) 0.00654 GB 
time=135.77740 chunk=4 Vpsi+Vnuc+J=0.01648 GB
time=135.85294 chunk=4 Vpsi+Vnuc+J=0.01566 GB (after truncation)
timer:                           Apply G to all     1.94s     1.94s 
timer:                       apply Q and update     0.00s     0.00s 
mp2_pair11 residual norms:
[0.01119, 0.02250]
mp2_pair11 scaled residual norms:
[0.00074, 0.00343]
mp2_pair22 residual norms:
[0.02086, 0.01587]
mp2_pair22 scaled residual norms:
[0.00127, 0.00373]
timer:                          update all PNOs     2.08s     2.08s 
frozen pair: no orthonormalization
timer:                                     RRCD     0.04s     0.04s 
timer:                             MRA compress     0.00s     0.00s 
timer:                          Transform Pairs     0.11s     0.11s 
saving vector of functions mp2_pair11
saving vector of functions mp2_pair22
timer:                        save pnos on disc     0.11s     0.11s 


No convergence yet. Energy change = 0.00042

timer:                        Whole Iteration 4     8.63s     8.63s 
Information About All Pairs:
mp2_pair11           number=0 rank=  2 frozen=false
mp2_pair21           number=1 rank=  0 frozen=true
mp2_pair22           number=2 rank=  2 frozen=false
number of pairs=3
average rank   =1 (1.33333)
largest rank   =2
PNOPairs Memory Information
Total: 0.00552 GB 
PNO  : 0.00552 GB 
KPNO : 0.00000 GB 
W    : 0.00000 GB 

timer:                                 truncate     0.02s     0.02s 
wall time=140.43566 chunk=4 allK.size()=4 memory=0.00491 GB
timer:                             compute KPNO     2.92s     2.92s 
wall time=140.54615 chunk=4 allJ.size()=4 memory=0.00601 GB
timer:                             compute JPNO     0.11s     0.11s 
timer:                    compute Fock matrices     1.18s     1.18s 
timer:                             MRA compress     0.00s     0.00s 
timer:                          Transform Pairs     0.24s     0.24s 
timer:                             Canonicalize     0.24s     0.24s 
PNOPairs Memory Information
Total: 0.01043 GB 
PNO  : 0.00552 GB 
KPNO : 0.00491 GB 
W    : 0.00000 GB 

timer:                                 truncate     0.03s     0.03s 
mp2_pair21 is frozen: potential not computed
timer:                   Fluctuation Potentials     1.42s     1.42s 
timer:                       Fluctuation Matrix     0.12s     0.12s 
PNOPairs Memory Information
Total: 0.01811 GB 
PNO  : 0.00552 GB 
KPNO : 0.00491 GB 
W    : 0.00769 GB 

PNOPairs Memory Information
Total: 0.01811 GB 
PNO  : 0.00552 GB 
KPNO : 0.00491 GB 
W    : 0.00769 GB 

timer:                                 truncate     0.04s     0.04s 
timer:                             PNO Overlaps     0.07s     0.07s 
t_iter =  0  Hylleraas energy =  0.00000  ||R||_F =  0.21621  conv =  no
subspace solution [*]   1.00000000

t_iter =  1  Hylleraas energy =  -0.04312  ||R||_F =  0.00000  conv =  yes
=======================================================

Hylleraas MP2 Energies

=======================================================
    i    j      singlet      triplet        Total
=======================================================
    1    1  -1.80719e-02  0.00000e+00 -1.80719e-02
    2    1   0.00000e+00  0.00000e+00  0.00000e+00
    2    2  -2.50520e-02  0.00000e+00 -2.50520e-02
=======================================================
Hylleraas MP2 Energies (singlet): -4.31239e-02
Hylleraas MP2 Energies (triplet):  0.00000e+00
Hylleraas MP2 Energies (total)  : -4.31239e-02
=======================================================
-------------------------------------------
Total Reg Energy  =-4.31239e-02
Total F12 Energy  = 0.00000e+00
Sum Energies Total=-4.31239e-02
-------------------------------------------
timer:                         Solve Amplitudes     0.00s     0.00s 
pair11: density evals:
 [*]   0.00430859   0.02289797

pair22: density evals:
 [*]   0.00364114   0.05456861

timer:                            compress PNOs     0.00s     0.00s 
timer:                             MRA compress     0.00s     0.00s 
timer:                          Transform Pairs     0.16s     0.16s 
timer:                          PNO Compression     0.16s     0.16s 
Information About All Pairs:
mp2_pair11           number=0 rank=  2 frozen=false
mp2_pair21           number=1 rank=  0 frozen=true
mp2_pair22           number=2 rank=  2 frozen=false
number of pairs=3
average rank   =1 (1.33333e+00)
largest rank   =2
saving vector of functions mp2_pair11
saving vector of functions mp2_pair22
timer:                        save pnos on disc     0.10s     0.10s 
PNOPairs Memory Information
Total: 0.01811 GB 
PNO  : 0.00552 GB 
KPNO : 0.00491 GB 
W    : 0.00769 GB 

timer:                                 truncate     0.03s     0.03s 
timer:      compute densities for G application     0.00s     0.00s 
pair21 is frozen: no optimization
timer:                Prepare for G application     0.11s     0.11s 
timer:                                    add K     0.03s     0.03s 
size of all Vpsi potentials (without Vnuc and J) 0.00662 GB 
time=144.55200 chunk=4 Vpsi+Vnuc+J=0.01652 GB
time=144.58070 chunk=4 Vpsi+Vnuc+J=0.01570 GB (after truncation)
timer:                           Apply G to all     1.83s     1.83s 
timer:                       apply Q and update     0.00s     0.00s 
mp2_pair11 residual norms:
[0.00477, 0.01041]
mp2_pair11 scaled residual norms:
[0.00031, 0.00157]
mp2_pair22 residual norms:
[0.01281, 0.00706]
mp2_pair22 scaled residual norms:
[0.00077, 0.00165]
timer:                          update all PNOs     1.96s     1.96s 
frozen pair: no orthonormalization
timer:                                     RRCD     0.03s     0.03s 
timer:                             MRA compress     0.00s     0.00s 
timer:                          Transform Pairs     0.10s     0.10s 
saving vector of functions mp2_pair11
saving vector of functions mp2_pair22
timer:                        save pnos on disc     0.09s     0.09s 


CONVERGED!
energy change = 0.00009

re-entering loop to compute the correct amplitudes and energies
timer:                        Whole Iteration 5     8.65s     8.65s 
Information About All Pairs:
mp2_pair11           number=0 rank=  2 frozen=false
mp2_pair21           number=1 rank=  0 frozen=true
mp2_pair22           number=2 rank=  2 frozen=false
number of pairs=3
average rank   =1 (1.33333)
largest rank   =2
PNOPairs Memory Information
Total: 0.00548 GB 
PNO  : 0.00548 GB 
KPNO : 0.00000 GB 
W    : 0.00000 GB 

timer:                                 truncate     0.04s     0.04s 
wall time=149.13959 chunk=4 allK.size()=4 memory=0.00491 GB
timer:                             compute KPNO     2.95s     2.95s 
wall time=149.31419 chunk=4 allJ.size()=4 memory=0.00597 GB
timer:                             compute JPNO     0.17s     0.17s 
timer:                    compute Fock matrices     1.11s     1.11s 
timer:                             MRA compress     0.00s     0.00s 
timer:                          Transform Pairs     0.14s     0.14s 
timer:                             Canonicalize     0.15s     0.15s 
PNOPairs Memory Information
Total: 0.01039 GB 
PNO  : 0.00548 GB 
KPNO : 0.00491 GB 
W    : 0.00000 GB 

timer:                                 truncate     0.03s     0.03s 
mp2_pair21 is frozen: potential not computed
timer:                   Fluctuation Potentials     1.39s     1.39s 
timer:                       Fluctuation Matrix     0.13s     0.13s 
PNOPairs Memory Information
Total: 0.01807 GB 
PNO  : 0.00548 GB 
KPNO : 0.00491 GB 
W    : 0.00769 GB 

PNOPairs Memory Information
Total: 0.01807 GB 
PNO  : 0.00548 GB 
KPNO : 0.00491 GB 
W    : 0.00769 GB 

timer:                                 truncate     0.02s     0.02s 
timer:                             PNO Overlaps     0.06s     0.06s 
t_iter =  0  Hylleraas energy =  0.00000  ||R||_F =  0.21702  conv =  no
subspace solution [*]   1.00000000

t_iter =  1  Hylleraas energy =  -0.04314  ||R||_F =  0.00000  conv =  yes
=======================================================

Hylleraas MP2 Energies

=======================================================
    i    j      singlet      triplet        Total
=======================================================
    1    1  -1.80807e-02  0.00000e+00 -1.80807e-02
    2    1   0.00000e+00  0.00000e+00  0.00000e+00
    2    2  -2.50618e-02  0.00000e+00 -2.50618e-02
=======================================================
Hylleraas MP2 Energies (singlet): -4.31425e-02
Hylleraas MP2 Energies (triplet):  0.00000e+00
Hylleraas MP2 Energies (total)  : -4.31425e-02
=======================================================
-------------------------------------------
Total Reg Energy  =-4.31425e-02
Total F12 Energy  = 0.00000e+00
Sum Energies Total=-4.31425e-02
-------------------------------------------
timer:                         Solve Amplitudes     0.00s     0.00s 
pair11: density evals:
 [*]   0.00428910   0.02273055

pair22: density evals:
 [*]   0.00360451   0.05426392

timer:                            compress PNOs     0.00s     0.00s 
timer:                             MRA compress     0.00s     0.00s 
timer:                          Transform Pairs     0.24s     0.24s 
timer:                          PNO Compression     0.24s     0.24s 
Information About All Pairs:
mp2_pair11           number=0 rank=  2 frozen=false
mp2_pair21           number=1 rank=  0 frozen=true
mp2_pair22           number=2 rank=  2 frozen=false
number of pairs=3
average rank   =1 (1.33333e+00)
largest rank   =2
saving vector of functions mp2_pair11
saving vector of functions mp2_pair22
timer:                        save pnos on disc     0.13s     0.13s 
exiting: Iterations converged
PNO ranks:
PNO Rank for pair pair11 = 2
PNO Rank for pair pair21 = 0
PNO Rank for pair pair22 = 2
average rank 1.33333e+00
timer:                               PNO::solve    55.36s    55.36s 

--------------------------------
ITERATE-PAIRS-INTERNAL-ENDED
--------------------------------
mp2_pair21 converged!


Adaptive Sovler:
 Current Energy=-4.3142494455e-02
 DeltaE        =-4.3142494455e-02
 max dE (pair) =-2.5061777879e-02 (2)
 all_pairs_conv=false




not converged yet

freeze pair mp2_pair21 (not further optimized: Energy below 1.0000000000e-05)
Maximum Rank of2 reached for all non-frozen pairs, no need to iterate further=======================================================

Final MP2 Energies

=======================================================
    i    j      singlet      triplet        Total
=======================================================
    1    1  -1.80807e-02  0.00000e+00 -1.80807e-02
    2    1   0.00000e+00  0.00000e+00  0.00000e+00
    2    2  -2.50618e-02  0.00000e+00 -2.50618e-02
=======================================================
Final MP2 Energies (singlet): -4.31425e-02
Final MP2 Energies (triplet):  0.00000e+00
Final MP2 Energies (total)  : -4.31425e-02
=======================================================
-------------------------------------------
Total Reg Energy  =-4.31425e-02
Total F12 Energy  = 0.00000e+00
Sum Energies Total=-4.31425e-02
-------------------------------------------
Average | Max Rank: 1 | 2



--------------------------------------------------
MRA-PNO-MP2-F12 ended 
--------------------------------------------------
                 time scf = 8.96730e+01
               energy scf = -1.55689e+01
--------------------------------------------------
restarting PNO to reload pairs that converged before and were frozen
PNO Parameters
pno
       rank_increase  15         # default   maximum rank to increase in every macroiteration
               chunk  100        # default   chunk of functions operated on in parallel when G or K is applied (prevent memory shortage)
               debug  false      # default   debug mode
              freeze  1          # derived   frozen core approximation
             maxrank  2          # defined   maximal pno rank for all pairs
           guesstype  exop       # derived   the guesstype: exop (recommended, multiply polynomial excitation operators onto the occupied orbitals), empty (don't compute a guess), scf (use the ao basis from the SCF solver), partial_wave (create s,p,d ..., type functions and place on atoms), predefined (same as partial_wave but for predefined sets)
                exop  multipole  # derived   this string defines which excitation operators can be used, use 'dipole', 'dipole+', 'quadrupole', 'ocopole', or 'multipole', need to set guesstype to 'exop' which is the default
          exop_trigo  true       # default   use trigonometric excitation operators ( x --> sin(x)
        partial_wave             # default   atom centered partial wave guess of format like 'h-2s1p-o-3s2p1d', need to set guesstype to 'partial_wave' and adaptive_solver to 'none'
          predefined             # default   predefined partial wave guesses of type pvxz with x=d,t,q,5,6, need to set guesstype to 'predefined' and adaptive_solver to 'none'
           maxiter_t  100        # default   maximal number of iterations in the amplitude solver
       maxiter_micro  10         # default   Maximum of iterations for every cycle in the adaptive solver
       maxiter_macro  10         # default   Maximum of iterations of cycles in the adaptive solver
                tpno  1.0000e-08 # default   PNO cutoff threshold
          tpno_tight  1.0000e-10 # derived   PNO cutoff for the first iteration
    canonicalize_pno  true       # default   canonicalize the pnos before the amplitude solver
              thresh  1.0000e-04 # defined   MRA threshold
         econv_micro  1.0000e-04 # derived   Energy convergence for microiterations (Greens function based optimization) in adaptive solver
         econv_pairs  1.0000e-05 # derived   ENergy convergence for individual pairs in adaptive solver. Converged pairs are frozen automatically
         econv_macro  1.0000e-04 # derived   Energy convergence for macroiterations in adaptive solver, no effect if adaptive_solver is deactivated
               dconv  1.0000e-01 # default   convergence of every PNO in the Green's function solver
           op_thresh  1.0000e-06 # default   MRA operator thresh
             restart  all        # defined   restart pairs of this type, use 'mp2', 'cispd', 'all' or 'none'
          no_compute  none       # default   do not compute the pairs of this type, use 'mp2', 'cispd', 'all' or 'none'
              no_opt  all        # defined   do not optimize the pnos of this type, use 'mp2', 'cispd', 'all' or 'none'
            no_guess  all        # defined   guess for this type will be empty, use 'mp2', 'cispd', 'all' or 'none'
     adaptive_solver  none       # defined   Use adaptive solver for those pairs, use 'mp2', 'cispd', 'all' or 'none', works only in combination with guesstype 'exop'
                kain  true       # default   use KAIN solver in amplitude solver
       kain_subspace  5          # default   subspace size of the KAIN solver (amplitudes)
                 f12  false      # defined   use explicit correlation
        cispd_number  -1         # default   CIS(D) excitation numbers, to read in correct functions
        cispd_energy  0.0000e+00 # default   CIS energy
        freeze_pairs  none       # default   frozen pairs will not be optimized: Expected format 'a b c d' will freeze pairs ab and cd
freeze_pairs_of_orbital  []         # default    All pairs which originate from this orbital will not be optimized
active_pairs_of_orbital  []         # default    All pairs which originate from this orbital will not be frozen all other pairs will, if this vector is not empty
no_opt_in_first_iteration  false      # default   Do not optimize in the first iteration (then the potentials do not have to be evaluated, use this for large guesses)
            exchange  full       # default   approximate exchange with 'neglect' or xc functional -> same syntax as moldft
           save_pnos  true       # default   Save the OBS-PNOs to a file, before and after orthonormalization.
            diagonal  true       # defined   Compute only diagonal PNOs

end

**********************
Solve PNO-MP2
*********************


**********************
Iterate Pairs
*********************


************************
Standard Solver
***********************

Initializing Pairs:
Restart demanded for mp2 pairs
loading vector of functions mp2_pair11
Found PNOs for mp2_pair11 with rank 2
loading vector of functions mp2_pair21
failed to find PNO mp2_pair21 initialize as zero function
nloading vector of functions mp2_pair22
Found PNOs for mp2_pair22 with rank 2
no guess was explicitly demanded for mp2

timer:                                     RRCD     0.03s     0.03s 
timer:                             MRA compress     0.00s     0.00s 
timer:                          Transform Pairs     0.02s     0.02s 
timer:          apply Q and orthonormalize PNOs     0.27s     0.27s 
Created Guess:
pair11 with 2 guess functions
pair21 with 0 guess functions
pair22 with 2 guess functions
guess pair11 size: 2.7395486832e-03 | 2.7395486832e-03 Gbyte (after truncation)
guess pair22 size: 2.7395486832e-03 | 2.7395486832e-03 Gbyte (after truncation)
timer:                           truncate guess     0.03s     0.03s 
timer:                         Initialize Pairs     0.31s     0.31s 
Information About All Pairs:
mp2_pair11           number=0 rank=  2 frozen=false
mp2_pair21           number=1 rank=  0 frozen=true
mp2_pair22           number=2 rank=  2 frozen=false
number of pairs=3
average rank   =1 (1.3333333333e+00)
largest rank   =2
SolveInternal: Parameters are assigned as
no_compute        = false
no_opt            = true
restart           = true
do_cispd          = false
econv             =1.0000000000e-04
maxrank (min,max) = (2,2)
Solving MP2 doubles
timer:          fock matrix     2.55s     2.55s
Information About All Pairs:
mp2_pair11           number=0 rank=  2 frozen=false
mp2_pair21           number=1 rank=  0 frozen=true
mp2_pair22           number=2 rank=  2 frozen=false
number of pairs=3
average rank   =1 (1.3333333333e+00)
largest rank   =2
PNOPairs Memory Information
Total: 0.0054790974 GB 
PNO  : 0.0054790974 GB 
KPNO : 0.0000000000 GB 
W    : 0.0000000000 GB 

timer:                                 truncate     0.03s     0.03s 
wall time=158.3284649849 chunk=4 allK.size()=4 memory=0.0049066544 GB
timer:                             compute KPNO     2.85s     2.85s 
wall time=158.4741449356 chunk=4 allJ.size()=4 memory=0.0059697628 GB
timer:                             compute JPNO     0.15s     0.15s 
timer:                    compute Fock matrices     1.00s     1.00s 
timer:                             MRA compress     0.00s     0.00s 
timer:                          Transform Pairs     0.08s     0.08s 
timer:                             Canonicalize     0.08s     0.08s 
PNOPairs Memory Information
Total: 0.0103857517 GB 
PNO  : 0.0054790974 GB 
KPNO : 0.0049066544 GB 
W    : 0.0000000000 GB 

timer:                                 truncate     0.08s     0.08s 
mp2_pair21 is frozen: potential not computed
timer:                   Fluctuation Potentials     1.38s     1.38s 
timer:                       Fluctuation Matrix     0.14s     0.14s 
PNOPairs Memory Information
Total: 0.0180728436 GB 
PNO  : 0.0054790974 GB 
KPNO : 0.0049066544 GB 
W    : 0.0076870918 GB 

PNOPairs Memory Information
Total: 0.0180728436 GB 
PNO  : 0.0054790974 GB 
KPNO : 0.0049066544 GB 
W    : 0.0076870918 GB 

timer:                                 truncate     0.04s     0.04s 
timer:                             PNO Overlaps     0.07s     0.07s 
t_iter =  0  Hylleraas energy =  0.0000000000  ||R||_F =  0.2170172107  conv =  no
subspace solution [*]   1.00000000

t_iter =  1  Hylleraas energy =  -0.0431425655  ||R||_F =  0.0000000000  conv =  yes
=======================================================

Hylleraas MP2 Energies

=======================================================
    i    j      singlet      triplet        Total
=======================================================
    1    1  -1.80807e-02  0.00000e+00 -1.80807e-02
    2    1   0.00000e+00  0.00000e+00  0.00000e+00
    2    2  -2.50618e-02  0.00000e+00 -2.50618e-02
=======================================================
Hylleraas MP2 Energies (singlet): -4.31426e-02
Hylleraas MP2 Energies (triplet):  0.00000e+00
Hylleraas MP2 Energies (total)  : -4.31426e-02
=======================================================
-------------------------------------------
Total Reg Energy  =-4.31426e-02
Total F12 Energy  = 0.00000e+00
Sum Energies Total=-4.31426e-02
-------------------------------------------
timer:                         Solve Amplitudes     0.00s     0.00s 
No optimization untill now: Compressing pno ranks with tighter threshold
1.00000e-10 instead of 1.00000e-08
pair11: density evals:
 [*]   0.00428910   0.02273059

pair22: density evals:
 [*]   0.00360451   0.05426409

timer:                            compress PNOs     0.00s     0.00s 
timer:                             MRA compress     0.00s     0.00s 
timer:                          Transform Pairs     0.21s     0.21s 
timer:                          PNO Compression     0.21s     0.21s 
Information About All Pairs:
mp2_pair11           number=0 rank=  2 frozen=false
mp2_pair21           number=1 rank=  0 frozen=true
mp2_pair22           number=2 rank=  2 frozen=false
number of pairs=3
average rank   =1 (1.33333e+00)
largest rank   =2
saving vector of functions mp2_pair11
saving vector of functions mp2_pair22
timer:                        save pnos on disc     0.10s     0.10s 
exiting: Found no_opt keyword
PNO ranks:
PNO Rank for pair pair11 = 2
PNO Rank for pair pair21 = 0
PNO Rank for pair pair22 = 2
average rank 1.33333e+00
timer:                               PNO::solve     8.69s     8.69s 

--------------------------------
ITERATE-PAIRS-INTERNAL-ENDED
--------------------------------
=======================================================

Final MP2 Energies

=======================================================
    i    j      singlet      triplet        Total
=======================================================
    1    1  -1.80807e-02  0.00000e+00 -1.80807e-02
    2    1   0.00000e+00  0.00000e+00  0.00000e+00
    2    2  -2.50618e-02  0.00000e+00 -2.50618e-02
=======================================================
Final MP2 Energies (singlet): -4.31426e-02
Final MP2 Energies (triplet):  0.00000e+00
Final MP2 Energies (total)  : -4.31426e-02
=======================================================
-------------------------------------------
Total Reg Energy  =-4.31426e-02
Total F12 Energy  = 0.00000e+00
Sum Energies Total=-4.31426e-02
-------------------------------------------
Average | Max Rank: 1 | 2
                 time pno = 6.22089e+01
               energy mp2 = -4.31426e-02
     average pno rank mp2 = 1
         max pno rank mp2 = 2
--------------------------------------------------
            energy(total) = -1.56121e+01
--------------------------------------------------



Orthonormalization technique used: symmetric
No CABS used.
Tightening thresholds to +0.00010000 for post-processing
Overlap Matrix of all PNOs:
+1.00000261 +0.37156174 
+0.37156174 +1.00000538 
Before cherry pick
rank is +0
all used occupation numbers:
[+0.05426409 +0.02273059 ]
corresponding to active pairs:
[(1,1) (0,0) ]
After cherry pick
all used occupation numbers:
[+0.05426409 +0.02273059 ]
corresponding to active pairs:
[(1,1) (0,0) ]
Overlap Matrix before symmetric
[+0,*]  +1.00000261  +0.37156174
[+1,*]  +0.37156174  +1.00000538
Overlap Matrix after symmetric
[+0,*]  +1.00000001  -0.00000001
[+1,*]  -0.00000001  +1.00000001
Adding 3 HF orbitals
Size before adding CABS: 5.
Size after adding CABS: 5.
Compute G and F Tensor:
Assemble g,f using symmetries...
non zero elements:
 g : +1185
 h : +25
Overlap over whole basis
[+0,*]  +1.00000000  -0.00000009  -0.00000161  +0.00000391  +0.00000578
[+1,*]  -0.00000009  +1.00000000  -0.00000035  -0.00000055  -0.00000082
[+2,*]  -0.00000161  -0.00000035  +1.00000000  +0.00000045  +0.00000065
[+3,*]  +0.00000391  -0.00000055  +0.00000045  +1.00000001  -0.00000001
[+4,*]  +0.00000578  -0.00000082  +0.00000065  -0.00000001  +1.00000001

||S-1||=+0.00001030
finished at time 180.8

    Parallel environment
    --------------------
                  #nodes    1
       #threads per node    11+main = 12
          #total threads    12

  RMI message statistics (min / avg / max)
  ----------------------
   #messages in server q    0.00e+00 / 0.00e+00 / 0.00e+00
 #messages sent per node    0.00e+00 / 0.00e+00 / 0.00e+00
    #bytes sent per node    0.00e+00 / 0.00e+00 / 0.00e+00
 #messages recv per node    0.00e+00 / 0.00e+00 / 0.00e+00
    #bytes recv per node    0.00e+00 / 0.00e+00 / 0.00e+00
        #msgs systemwide    0.00e+00
       #bytes systemwide    0.00e+00

  Thread pool statistics (min / avg / max)
  ----------------------
         #tasks per node    1.15e+07 / 1.15e+07 / 1.15e+07
     #max q len per node    9.98e+03 / 9.98e+03 / 9.98e+03
  #hi-pri tasks per node    3.81e+06 / 3.81e+06 / 3.81e+06

         Total wall time    180.8s
         Total  cpu time    180.8s

