MADNESS runtime initialized with 11 threads in the pool and affinity -1 -1 -1
starting at time 0.0

--------------------------------------------
   MADNESS 0.10.1 multiresolution suite
--------------------------------------------

   number of processors ... 1
    processor frequency ... 3.695888e+09
            host system ... Linux
          configured by ... kottmann
          configured on ... wittgenstein
          configured at ... 2021-02-10T21:25:26
                    CXX ... /usr/bin/c++
               CXXFLAGS ... -O3 -DNDEBUG -I/h/28/kottmann/install/numcpp/include/ -I/h/28/kottmann/install/boost/boost_1_72_0/include/ -std=c++1z
             tuning for ... default
                    MPI ... multiple
 multi-threaded runtime ... MADNESS ThreadPool
                   BLAS ... Intel MKL 9123 9123 MFLOP/s
               compiled ... 13:08:26  on  Feb 23 2021


-------------------------------------------------------------------------------------
SOLVING MRA-PNO-F12 as described in 
J.S. Kottmann, F.A. Bischoff, E.F. Valeev
Direct determination of optimal pair-natural orbitals in a real-space representation:
the second-order Møller-Plesset energy
Journal of Chemical Physics ... 2020
-------------------------------------------------------------------------------------


This script will run PNO-MP2 and print out tensors in binary
Call as: pno_integrals inputfileinput is input
ignoring unknown parameter in input file:  ncf

Angstrom being used to read input coordinates (1 Bohr = 1.88972613 Angstrom)


Asymptotic correction parameters
---------------------------------------
Atom vector is not empty: false
Using multipole approximation: false
Number of electrons = -1
Ionisation energy = 0.000000e+00
E(HOMO) = 0.000000e+00
R1 = 3.000000e+00
R2 = 4.000000e+00
DFT coefficient = 0.000000e+00
Interpolation scheme = linear
constructed symmetry operator for point group C1
dft
              charge  0.0000e+00 # defined   total molecular charge
                  xc  hf         # defined   XC input line
               smear  0.0000e+00 # default   smearing parameter
               econv  1.0000e-04 # defined   energy convergence
               dconv  5.0000e-04 # defined   density convergence
convergence_criteria  [bsh_residual, total_energy] # default   possible values are: bsh_residual, total_energy, each_energy, density
                   k  7          # defined   polynomial order
                   l  5.4504e+01 # derived   user coordinates box size
               deriv  abgv       # default   derivative method                            [abgv, bspline, ble]
           dft_deriv  abgv       # default   derivative method for gga potentials         [abgv, bspline, ble]
             maxrotn  2.5000e-01 # default   step restriction used in autoshift algorithm
             nvalpha  0          # default   number of alpha virtuals to compute
              nvbeta  0          # default   number of beta virtuals to compute
               nopen  0          # default   number of unpaired electrons = nalpha-nbeta
             maxiter  25         # default   maximum number of iterations
                 nio  1          # default   no. of io servers to use
     spin_restricted  true       # default   true if spin restricted
              plotlo  0          # default   range of MOs to print (for both spins if polarized
              plothi  -1         # default   range of MOs to print (for both spins if polarized
            plotdens  false      # default   If true print the density at convergence
            plotcoul  false      # default   If true plot the total coulomb potential at convergence
            localize  boys       # defined   localization method                          [pm, boys, new, canon]
          pointgroup  c1         # derived   use point (sub) group symmetry if not localized[c1, c2, ci, cs, c2v, c2h, d2, d2h]
             restart  false      # default   if true restart from orbitals on disk
           restartao  false      # default   if true restart from orbitals projected into AO basis (STO3G) on disk
          no_compute  false      # default   if true use orbitals on disk, set value to computed
           no_orient  false      # default   if true the molecule coordinates will not be reoriented
                save  true       # default   if true save orbitals to disk
              maxsub  10         # default   size of iterative subspace ... set to 0 or 1 to disable
        orbitalshift  0.0000e+00 # default   scf orbital shift: shift the occ orbitals to lower energies
            npt_plot  101        # default   no. of points to use in each dim for plots
           plot_cell  []         # default   lo hi in each dimension for plotting (default is all space)
             aobasis  6-31g      # derived   AO basis used for initial guess (6-31g or sto-3g)
           core_type  none       # default   core potential type                          [none, mpc]
         derivatives  false      # default   if true calculate nuclear derivatives
              dipole  false      # default   if true calculate dipole moment
      conv_only_dens  false      # default   if true remove bsh_residual from convergence criteria (deprecated)
            psp_calc  false      # default   pseudopotential calculation for all atoms
 print_dipole_matels  false      # default   if true output dipole matrix elements
            pcm_data  none       # default   do a PCM (solvent) calculation
             ac_data  none       # default   do a calculation with asymptotic correction (see ACParameters class in chem/AC.h for details)
             pure_ae  true       # default   pure all electron calculation with no pseudo-atoms
         print_level  3          # default   0: no output; 1: final energy; 2: iterations; 3: timings; 10: debug
              nalpha  3          # derived   number of alpha spin electrons
               nbeta  3          # derived   number of beta  spin electrons
           nmo_alpha  3          # derived   number of alpha spin molecular orbitals
            nmo_beta  3          # derived   number of beta spin molecular orbitals
                  lo  9.0905e-04 # derived   smallest length scale we need to resolve
            protocol  [1.0000e-04, 1.0000e-06] # derived   calculation protocol
                gopt  false      # default   geometry optimizer
                gtol  1.0000e-04 # default   geometry tolerance
               gtest  false      # default   geometry tolerance
                gval  1.0000e-05 # default   value precision
               gprec  1.0000e-04 # default   gradient precision
            gmaxiter  20         # default   optimization maxiter
    ginitial_hessian  false      # default   compute inital hessian for optimization
              algopt  bfgs       # default   algorithm used for optimization              [bfgs, cg]
            tdksprop  false      # default   time-dependent Kohn-Sham equation propagate
           nv_factor  1          # default   factor to multiply number of virtual orbitals with when automatically decreasing nvirt
           vnucextra  2          # default   load balance parameter for nuclear pot
        loadbalparts  2          # default   ??
            response  false      # default   response function calculation
       response_freq  0.0000e+00 # default   frequency for calculation response function
       response_axis  [1, 1, 1]  # default   response axis
           nonrotate  false      # default   if true do not molcule orient (redundant with no_orient
               rconv  1.0000e-06 # default   Response convergence
              efield  0.0000e+00 # default   eps for finite field
         efield_axis  0          # default   finite field axis                            [0, 1, 2]
              nwfile  none       # default   Base name of nwchem output files (.out and .movecs extensions) to read from
                 ncf  (none,1.0000e+00) # defined   nuclear correlation factor
             hessian  false      # default   compute the hessian matrix
           read_cphf  false      # default   read the converged orbital response for nuclear displacements from file
        restart_cphf  false      # default   read the guess orbital response for nuclear displacements from file
      purify_hessian  false      # default   symmetrize the hessian matrix based on atomic charges

end
              charge  0.0000e+00 # defined   total molecular charge
                  xc  hf         # defined   XC input line
               smear  0.0000e+00 # default   smearing parameter
               econv  1.0000e-04 # defined   energy convergence
               dconv  5.0000e-04 # defined   density convergence
convergence_criteria  [bsh_residual, total_energy] # default   possible values are: bsh_residual, total_energy, each_energy, density
                   k  7          # defined   polynomial order
                   l  5.4504e+01 # derived   user coordinates box size
               deriv  abgv       # default   derivative method                            [abgv, bspline, ble]
           dft_deriv  abgv       # default   derivative method for gga potentials         [abgv, bspline, ble]
             maxrotn  2.5000e-01 # default   step restriction used in autoshift algorithm
             nvalpha  0          # default   number of alpha virtuals to compute
              nvbeta  0          # default   number of beta virtuals to compute
               nopen  0          # default   number of unpaired electrons = nalpha-nbeta
             maxiter  25         # default   maximum number of iterations
                 nio  1          # default   no. of io servers to use
     spin_restricted  true       # default   true if spin restricted
              plotlo  0          # default   range of MOs to print (for both spins if polarized
              plothi  -1         # default   range of MOs to print (for both spins if polarized
            plotdens  false      # default   If true print the density at convergence
            plotcoul  false      # default   If true plot the total coulomb potential at convergence
            localize  boys       # defined   localization method                          [pm, boys, new, canon]
          pointgroup  c1         # derived   use point (sub) group symmetry if not localized[c1, c2, ci, cs, c2v, c2h, d2, d2h]
             restart  false      # default   if true restart from orbitals on disk
           restartao  false      # default   if true restart from orbitals projected into AO basis (STO3G) on disk
          no_compute  false      # default   if true use orbitals on disk, set value to computed
           no_orient  false      # default   if true the molecule coordinates will not be reoriented
                save  true       # default   if true save orbitals to disk
              maxsub  10         # default   size of iterative subspace ... set to 0 or 1 to disable
        orbitalshift  0.0000e+00 # default   scf orbital shift: shift the occ orbitals to lower energies
            npt_plot  101        # default   no. of points to use in each dim for plots
           plot_cell  []         # default   lo hi in each dimension for plotting (default is all space)
             aobasis  6-31g      # derived   AO basis used for initial guess (6-31g or sto-3g)
           core_type  none       # default   core potential type                          [none, mpc]
         derivatives  false      # default   if true calculate nuclear derivatives
              dipole  false      # default   if true calculate dipole moment
      conv_only_dens  false      # default   if true remove bsh_residual from convergence criteria (deprecated)
            psp_calc  false      # default   pseudopotential calculation for all atoms
 print_dipole_matels  false      # default   if true output dipole matrix elements
            pcm_data  none       # default   do a PCM (solvent) calculation
             ac_data  none       # default   do a calculation with asymptotic correction (see ACParameters class in chem/AC.h for details)
             pure_ae  true       # default   pure all electron calculation with no pseudo-atoms
         print_level  3          # default   0: no output; 1: final energy; 2: iterations; 3: timings; 10: debug
              nalpha  3          # derived   number of alpha spin electrons
               nbeta  3          # derived   number of beta  spin electrons
           nmo_alpha  3          # derived   number of alpha spin molecular orbitals
            nmo_beta  3          # derived   number of beta spin molecular orbitals
                  lo  9.0905e-04 # derived   smallest length scale we need to resolve
            protocol  [1.0000e-04, 1.0000e-06] # derived   calculation protocol
                gopt  false      # default   geometry optimizer
                gtol  1.0000e-04 # default   geometry tolerance
               gtest  false      # default   geometry tolerance
                gval  1.0000e-05 # default   value precision
               gprec  1.0000e-04 # default   gradient precision
            gmaxiter  20         # default   optimization maxiter
    ginitial_hessian  false      # default   compute inital hessian for optimization
              algopt  bfgs       # default   algorithm used for optimization              [bfgs, cg]
            tdksprop  false      # default   time-dependent Kohn-Sham equation propagate
           nv_factor  1          # default   factor to multiply number of virtual orbitals with when automatically decreasing nvirt
           vnucextra  2          # default   load balance parameter for nuclear pot
        loadbalparts  2          # default   ??
            response  false      # default   response function calculation
       response_freq  0.0000e+00 # default   frequency for calculation response function
       response_axis  [1, 1, 1]  # default   response axis
           nonrotate  false      # default   if true do not molcule orient (redundant with no_orient
               rconv  1.0000e-06 # default   Response convergence
              efield  0.0000e+00 # default   eps for finite field
         efield_axis  0          # default   finite field axis                            [0, 1, 2]
              nwfile  none       # default   Base name of nwchem output files (.out and .movecs extensions) to read from



 geometry
   eprec 1.0e-06
   units atomic
   Be            0.00000000           0.00000000           0.22046805
   H             0.00000000           0.00000000           3.62197509
   H             0.00000000           0.00000000          -4.50384728
 end

Solving NDIM= 3  with thresh 1.000000e-04     k 7    conv 5.000000e-04 

timer:     Project vnuclear     0.69s     0.69s
constructed nuclear correlation factor of the form
    R   =  1.000000e+00
with eprec  1.000000e-06
which means it's (nearly) a conventional calculation

timer:        reproject ncf     1.75s     1.75s
timer:        guess density     0.59s     0.59s
timer:   guess Coulomb potn     0.45s     0.45s
timer:       guess lda potn     0.29s     0.29s
timer:        guess overlap     0.08s     0.08s
timer:    KEmat reconstruct     0.04s     0.04s
timer:  KEmat differentiate     0.28s     0.28s
timer:       KEmat compress     0.10s     0.10s
timer: KEmat inner products     0.25s     0.25s
timer:     guess Kinet potn     0.67s     0.67s
timer:           guess fock     0.45s     0.45s
timer:      guess eigen sol     0.02s     0.02s
timer: guess orbital groupi     0.14s     0.14s

starting protocol at time      7.6s 
precision steps  1.000000e-04  -->  1.000000e-04
protocol: thresh 1.000000e-04 econv  1.000000e-04 dconv 5.000000e-04

ending protocol at time      7.6s 

Solving NDIM= 3  with thresh 1.000000e-04     k 7    conv 5.000000e-04 

timer:        Boys localize     1.11s     1.11s
orbital irreps []
timer:      reconstruct psi     0.18s     0.18s
timer:        compute Jnemo     0.68s     0.68s
timer:        compute Knemo     2.10s     2.10s
timer: compute Unemo 0.0155     0.27s     0.27s

  nuclear and kinetic     -24.14265972
         kinetic only      15.18951765
              coulomb       9.66609780
             exchange      -3.24385452
    nuclear-repulsion       2.14569735
   regularized energy     -15.57471908
  buggy if hybrid functionals are used..
timer:       compute energy     3.74s     3.74s
Norm of vector changes ab spin case : rms 6.725847e-02    max 1.042935e-01
convergence: bshresidual, energy change, max energy change, density change 7.5e-02 1.6e+01 1.6e+01 1.4e+00
finished iteration  0 at time     20.8s with energy  -15.57471908
timer:        Boys localize     0.93s     0.93s
orbital irreps []
timer:      reconstruct psi     0.12s     0.12s
timer:        compute Jnemo     0.68s     0.68s
timer:        compute Knemo     2.04s     2.04s
timer: compute Unemo 0.0155     0.20s     0.20s

  nuclear and kinetic     -24.22348033
         kinetic only      15.13508094
              coulomb       9.67764477
             exchange      -3.20915743
    nuclear-repulsion       2.14569735
   regularized energy     -15.60929564
  buggy if hybrid functionals are used..
timer:       compute energy     3.46s     3.46s
Norm of vector changes ab spin case : rms 2.950314e-02    max 4.415402e-02
convergence: bshresidual, energy change, max energy change, density change 2.2e-02 3.5e-02 8.1e-02 1.3e-02
finished iteration  1 at time     33.4s with energy  -15.60929564
timer:        Boys localize     0.94s     0.94s
orbital irreps []
timer:      reconstruct psi     0.13s     0.13s
timer:        compute Jnemo     0.74s     0.74s
timer:        compute Knemo     2.21s     2.21s
timer: compute Unemo 0.0155     0.20s     0.20s

  nuclear and kinetic     -24.27059220
         kinetic only      15.12849224
              coulomb       9.70763806
             exchange      -3.19664999
    nuclear-repulsion       2.14569735
   regularized energy     -15.61390678
  buggy if hybrid functionals are used..
timer:       compute energy     3.62s     3.62s
Norm of vector changes ab spin case : rms 8.831421e-03    max 1.367003e-02
convergence: bshresidual, energy change, max energy change, density change 4.8e-03 4.6e-03 4.7e-02 3.7e-03
finished iteration  2 at time     46.7s with energy  -15.61390678
timer:        Boys localize     1.03s     1.03s
orbital irreps []
timer:      reconstruct psi     0.15s     0.15s
timer:        compute Jnemo     0.81s     0.81s
timer:        compute Knemo     2.10s     2.10s
timer: compute Unemo 0.0154     0.17s     0.17s

  nuclear and kinetic     -24.29145440
         kinetic only      15.12647634
              coulomb       9.72475535
             exchange      -3.19337480
    nuclear-repulsion       2.14569735
   regularized energy     -15.61437651
  buggy if hybrid functionals are used..
timer:       compute energy     3.81s     3.81s
Norm of vector changes ab spin case : rms 4.196525e-03    max 6.106080e-03
convergence: bshresidual, energy change, max energy change, density change 1.8e-03 4.7e-04 2.1e-02 9.6e-04
finished iteration  3 at time     61.0s with energy  -15.61437651
timer:        Boys localize     0.96s     0.96s
orbital irreps []
timer:      reconstruct psi     0.20s     0.20s
timer:        compute Jnemo     0.69s     0.69s
timer:        compute Knemo     2.21s     2.21s
timer: compute Unemo 0.0154     0.17s     0.17s

  nuclear and kinetic     -24.29863662
         kinetic only      15.12547124
              coulomb       9.73136249
             exchange      -3.19287294
    nuclear-repulsion       2.14569735
   regularized energy     -15.61444972
  buggy if hybrid functionals are used..
timer:       compute energy     3.67s     3.67s
Norm of vector changes ab spin case : rms 1.399070e-03    max 2.026332e-03
convergence: bshresidual, energy change, max energy change, density change 6.6e-04 7.3e-05 7.2e-03 4.0e-04
finished iteration  4 at time     75.1s with energy  -15.61444972
timer:        Boys localize     1.05s     1.05s
orbital irreps []
timer:      reconstruct psi     0.15s     0.15s
timer:        compute Jnemo     0.70s     0.70s
timer:        compute Knemo     1.99s     1.99s
timer: compute Unemo 0.0153     0.16s     0.16s

  nuclear and kinetic     -24.29863198
         kinetic only      15.12516955
              coulomb       9.73162907
             exchange      -3.19314842
    nuclear-repulsion       2.14569735
   regularized energy     -15.61445397
  buggy if hybrid functionals are used..
timer:       compute energy     3.34s     3.34s
Norm of vector changes ab spin case : rms 5.649675e-04    max 7.664921e-04
convergence: bshresidual, energy change, max energy change, density change 3.3e-04 4.3e-06 3.0e-04 1.2e-04
finished iteration  5 at time     88.9s with energy  -15.61445397

Iterations converged


ending protocol at time     88.9s 

 Dipole Moment (a.u.)
 -----------

     x:  2.410170e-14
     y:  -1.995464e-14
     z:  6.492283e-01
 Total Dipole Moment:  6.492283e-01 

timer:               dipole     0.06s     0.06s
Nemo Orbital Energies: [*]  -4.82426986  -0.44094932  -0.34561615

nemo energy:  -1.561445e+01
 at time 89.4
PNO Integrals evaluated as:
pnoint
       rank_increase  15         # default   maximum rank to increase in every macroiteration
               chunk  100        # default   chunk of functions operated on in parallel when G or K is applied (prevent memory shortage)
               debug  false      # default   debug mode
              freeze  1          # derived   frozen core approximation
             maxrank  2          # defined   maximal pno rank for all pairs
           guesstype  exop       # derived   the guesstype: exop (recommended, multiply polynomial excitation operators onto the occupied orbitals), empty (don't compute a guess), scf (use the ao basis from the SCF solver), partial_wave (create s,p,d ..., type functions and place on atoms), predefined (same as partial_wave but for predefined sets)
                exop  multipole  # derived   this string defines which excitation operators can be used, use 'dipole', 'dipole+', 'quadrupole', 'ocopole', or 'multipole', need to set guesstype to 'exop' which is the default
          exop_trigo  true       # default   use trigonometric excitation operators ( x --> sin(x)
        partial_wave             # default   atom centered partial wave guess of format like 'h-2s1p-o-3s2p1d', need to set guesstype to 'partial_wave' and adaptive_solver to 'none'
          predefined             # default   predefined partial wave guesses of type pvxz with x=d,t,q,5,6, need to set guesstype to 'predefined' and adaptive_solver to 'none'
           maxiter_t  100        # default   maximal number of iterations in the amplitude solver
       maxiter_micro  10         # default   Maximum of iterations for every cycle in the adaptive solver
       maxiter_macro  10         # default   Maximum of iterations of cycles in the adaptive solver
                tpno  1.0000e-08 # default   PNO cutoff threshold
          tpno_tight  1.0000e-10 # derived   PNO cutoff for the first iteration
    canonicalize_pno  true       # default   canonicalize the pnos before the amplitude solver
              thresh  1.0000e-04 # defined   MRA threshold
         econv_micro  1.0000e-04 # derived   Energy convergence for microiterations (Greens function based optimization) in adaptive solver
         econv_pairs  1.0000e-05 # derived   ENergy convergence for individual pairs in adaptive solver. Converged pairs are frozen automatically
         econv_macro  1.0000e-04 # derived   Energy convergence for macroiterations in adaptive solver, no effect if adaptive_solver is deactivated
               dconv  1.0000e-01 # default   convergence of every PNO in the Green's function solver
           op_thresh  1.0000e-06 # default   MRA operator thresh
             restart  none       # derived   restart pairs of this type, use 'mp2', 'cispd', 'all' or 'none'
          no_compute  none       # default   do not compute the pairs of this type, use 'mp2', 'cispd', 'all' or 'none'
              no_opt  none       # default   do not optimize the pnos of this type, use 'mp2', 'cispd', 'all' or 'none'
            no_guess  none       # derived   guess for this type will be empty, use 'mp2', 'cispd', 'all' or 'none'
     adaptive_solver  all        # default   Use adaptive solver for those pairs, use 'mp2', 'cispd', 'all' or 'none', works only in combination with guesstype 'exop'
                kain  true       # default   use KAIN solver in amplitude solver
       kain_subspace  5          # default   subspace size of the KAIN solver (amplitudes)
                 f12  false      # defined   use explicit correlation
        cispd_number  -1         # default   CIS(D) excitation numbers, to read in correct functions
        cispd_energy  0.0000e+00 # default   CIS energy
        freeze_pairs  none       # default   frozen pairs will not be optimized: Expected format 'a b c d' will freeze pairs ab and cd
freeze_pairs_of_orbital  []         # default    All pairs which originate from this orbital will not be optimized
active_pairs_of_orbital  []         # default    All pairs which originate from this orbital will not be frozen all other pairs will, if this vector is not empty
no_opt_in_first_iteration  false      # default   Do not optimize in the first iteration (then the potentials do not have to be evaluated, use this for large guesses)
            exchange  full       # default   approximate exchange with 'neglect' or xc functional -> same syntax as moldft
           save_pnos  true       # default   Save the OBS-PNOs to a file, before and after orthonormalization.
            diagonal  true       # defined   Compute only diagonal PNOs
              orthog  symmetric  # defined   orthogonalization method for PNO basis, also current default for a potential CABS. options: symmetric, canonical, cholesky, rr_cholesky,
         orthog_cabs  default    # default   orthogonalization method for CABS basis. options: symmetric, canonical, cholesky, rr_cholesky, uses same as orbitals basis if default.
               n_pno  2          # defined   desired size of PNO-basis (orbital space)
         cabs_option  none       # default   type of complementary auxiliary basis to be used. can be none ~ no CABS, gbs ~ Gaussian basis set as CABS, requires input via auxbas_file, pno ~ use superfluous PNOs as CABS, mixed ~ gbs&pno-option
       pno_cabs_size  -1         # default   size of a potential pno-cabs. defaults to -1 ~ all remaining PNOs, if pno-cabs or mixed-cabs
           only_diag  false      # default   use only diagonal elements PNOs
         cherry_pick  []         # default   cherry pick option to choose particular set of PNOs, not just blindly by occupation number. can be useful, if only a restricted number of PNOs can be used, to avoid separating degenerate pairs. can be envoked by passing a vector via [ elem1, elem2, ... ]
               gamma  1.4000e+00 # default   The f12 length scale, here to be used to compute f12-integrals
         cabs_thresh  1.0000e-04 # derived    thresh for cabs part
              auxbas  none       # default   atom centered partial wave guess of format like 'h-2s1p-o-3s2p1d'
         auxbas_file  none       # default   Use external comp. aux. basis in addition to the pnos as auxbasis. Give the filename as parameter. Give the auxbas in turbomole format. Don't use contractions. If a file is specified the auxbas parameter has no effect
   print_pno_overlap  true       # default   Print overlap matrix at certain steps in computation, for debugging purposes.
              n_virt  0          # defined   Compute this number of virtuals and include them in the integral construction, experimental and not robust!.
      hardcore_boson  false      # default   compute only integrals for hardcore boson hamiltonian (restricted to double occupations)

end
F12 Operators initialized right
timer:                    Testing F12 Operators     0.79s     0.79s 
timer:  Initializing (active) Exchange Orbitals     2.30s     2.30s 
Size of active mos and their exchange potentials:
K(acmos)=2.821326e-03 Gbyte
acmos   =2.616882e-03 Gbyte
PNO Parameters
pno
       rank_increase  15         # default   maximum rank to increase in every macroiteration
               chunk  100        # default   chunk of functions operated on in parallel when G or K is applied (prevent memory shortage)
               debug  false      # default   debug mode
              freeze  1          # derived   frozen core approximation
             maxrank  2          # defined   maximal pno rank for all pairs
           guesstype  exop       # derived   the guesstype: exop (recommended, multiply polynomial excitation operators onto the occupied orbitals), empty (don't compute a guess), scf (use the ao basis from the SCF solver), partial_wave (create s,p,d ..., type functions and place on atoms), predefined (same as partial_wave but for predefined sets)
                exop  multipole  # derived   this string defines which excitation operators can be used, use 'dipole', 'dipole+', 'quadrupole', 'ocopole', or 'multipole', need to set guesstype to 'exop' which is the default
          exop_trigo  true       # default   use trigonometric excitation operators ( x --> sin(x)
        partial_wave             # default   atom centered partial wave guess of format like 'h-2s1p-o-3s2p1d', need to set guesstype to 'partial_wave' and adaptive_solver to 'none'
          predefined             # default   predefined partial wave guesses of type pvxz with x=d,t,q,5,6, need to set guesstype to 'predefined' and adaptive_solver to 'none'
           maxiter_t  100        # default   maximal number of iterations in the amplitude solver
       maxiter_micro  10         # default   Maximum of iterations for every cycle in the adaptive solver
       maxiter_macro  10         # default   Maximum of iterations of cycles in the adaptive solver
                tpno  1.0000e-08 # default   PNO cutoff threshold
          tpno_tight  1.0000e-10 # derived   PNO cutoff for the first iteration
    canonicalize_pno  true       # default   canonicalize the pnos before the amplitude solver
              thresh  1.0000e-04 # defined   MRA threshold
         econv_micro  1.0000e-04 # derived   Energy convergence for microiterations (Greens function based optimization) in adaptive solver
         econv_pairs  1.0000e-05 # derived   ENergy convergence for individual pairs in adaptive solver. Converged pairs are frozen automatically
         econv_macro  1.0000e-04 # derived   Energy convergence for macroiterations in adaptive solver, no effect if adaptive_solver is deactivated
               dconv  1.0000e-01 # default   convergence of every PNO in the Green's function solver
           op_thresh  1.0000e-06 # default   MRA operator thresh
             restart  none       # derived   restart pairs of this type, use 'mp2', 'cispd', 'all' or 'none'
          no_compute  none       # default   do not compute the pairs of this type, use 'mp2', 'cispd', 'all' or 'none'
              no_opt  none       # default   do not optimize the pnos of this type, use 'mp2', 'cispd', 'all' or 'none'
            no_guess  none       # derived   guess for this type will be empty, use 'mp2', 'cispd', 'all' or 'none'
     adaptive_solver  all        # default   Use adaptive solver for those pairs, use 'mp2', 'cispd', 'all' or 'none', works only in combination with guesstype 'exop'
                kain  true       # default   use KAIN solver in amplitude solver
       kain_subspace  5          # default   subspace size of the KAIN solver (amplitudes)
                 f12  false      # defined   use explicit correlation
        cispd_number  -1         # default   CIS(D) excitation numbers, to read in correct functions
        cispd_energy  0.0000e+00 # default   CIS energy
        freeze_pairs  none       # default   frozen pairs will not be optimized: Expected format 'a b c d' will freeze pairs ab and cd
freeze_pairs_of_orbital  []         # default    All pairs which originate from this orbital will not be optimized
active_pairs_of_orbital  []         # default    All pairs which originate from this orbital will not be frozen all other pairs will, if this vector is not empty
no_opt_in_first_iteration  false      # default   Do not optimize in the first iteration (then the potentials do not have to be evaluated, use this for large guesses)
            exchange  full       # default   approximate exchange with 'neglect' or xc functional -> same syntax as moldft
           save_pnos  true       # default   Save the OBS-PNOs to a file, before and after orthonormalization.
            diagonal  true       # defined   Compute only diagonal PNOs

end

**********************
Solve PNO-MP2
*********************


**********************
Iterate Pairs
*********************


************************
Adaptive Solver
***********************

Initializing empty Pairs:
no guess was explicitly demanded for mp2

timer:                                     RRCD     0.00s     0.00s 
timer:                             MRA compress     0.00s     0.00s 
timer:                          Transform Pairs     0.00s     0.00s 
timer:          apply Q and orthonormalize PNOs     0.00s     0.00s 
Created Guess:
pair11 with 0 guess functions
pair21 with 0 guess functions
pair22 with 0 guess functions
guess pair11 size: 0.0000000000e+00 | 0.0000000000e+00 Gbyte (after truncation)
guess pair22 size: 0.0000000000e+00 | 0.0000000000e+00 Gbyte (after truncation)
timer:                           truncate guess     0.00s     0.00s 
timer:                         Initialize Pairs     0.00s     0.00s 
Keyword multipole is not known
Guess protocol for adaptively growing ranks is: [dipole+, quadrupole, big_fock_3, big_fock_3, big_fock_3, big_fock_3, big_fock_3, big_fock_3, big_fock_3, big_fock_3]


--------Adaptive Solver Macroiteration 0 from max 10 ----------

Growing ranks with exop=dipole+
Create guess functions by multiplying plane-waves to 1 functions 
Created 4 virtuals for pair11
pair21 is frozen: no growing
Create guess functions by multiplying plane-waves to 1 functions 
Created 4 virtuals for pair22
frozen pair: no orthonormalization
timer:                                     RRCD     0.06s     0.06s 
timer:                             MRA compress     0.00s     0.00s 
timer:                          Transform Pairs     0.09s     0.09s 
timer:                        grow PNO subspace     1.84s     1.84s 
SolveInternal: Parameters are assigned as
no_compute        = false
no_opt            = false
restart           = false
do_cispd          = false
econv             =1.0000000000e-04
maxrank (min,max) = (2,2)
Solving MP2 doubles
timer:          fock matrix     2.92s     2.92s
Information About All Pairs:
mp2_pair11           number=0 rank=  4 frozen=false
mp2_pair21           number=1 rank=  0 frozen=true
mp2_pair22           number=2 rank=  4 frozen=false
number of pairs=3
average rank   =2 (2.6666666667e+00)
largest rank   =4
PNOPairs Memory Information
Total: 0.0103039742 GB 
PNO  : 0.0103039742 GB 
KPNO : 0.0000000000 GB 
W    : 0.0000000000 GB 

timer:                                 truncate     0.06s     0.06s 
wall time=103.5720160007 chunk=8 allK.size()=8 memory=0.0094044209 GB
timer:                             compute KPNO     4.29s     4.29s 
wall time=103.7733318806 chunk=8 allJ.size()=8 memory=0.0111217499 GB
timer:                             compute JPNO     0.20s     0.20s 
timer:                    compute Fock matrices     1.32s     1.32s 
timer:                             MRA compress     0.00s     0.00s 
timer:                          Transform Pairs     0.24s     0.24s 
timer:                             Canonicalize     0.24s     0.24s 
PNOPairs Memory Information
Total: 0.0194630623 GB 
PNO  : 0.0100586414 GB 
KPNO : 0.0094044209 GB 
W    : 0.0000000000 GB 

timer:                                 truncate     0.03s     0.03s 
mp2_pair21 is frozen: potential not computed
timer:                   Fluctuation Potentials     2.33s     2.33s 
timer:                       Fluctuation Matrix     0.12s     0.12s 
PNOPairs Memory Information
Total: 0.0338559151 GB 
PNO  : 0.0100586414 GB 
KPNO : 0.0094044209 GB 
W    : 0.0143928528 GB 

PNOPairs Memory Information
Total: 0.0338559151 GB 
PNO  : 0.0100586414 GB 
KPNO : 0.0094044209 GB 
W    : 0.0143928528 GB 

timer:                                 truncate     0.04s     0.04s 
timer:                             PNO Overlaps     0.08s     0.08s 
t_iter =  0  Hylleraas energy =  0.0000000000  ||R||_F =  0.1689373535  conv =  no
subspace solution [*]   1.00000000

t_iter =  1  Hylleraas energy =  -0.0282457048  ||R||_F =  0.0000001099  conv =  yes
=======================================================

Hylleraas MP2 Energies

=======================================================
    i    j      singlet      triplet        Total
=======================================================
    1    1  -1.28832e-02  0.00000e+00 -1.28832e-02
    2    1   0.00000e+00  0.00000e+00  0.00000e+00
    2    2  -1.53625e-02  0.00000e+00 -1.53625e-02
=======================================================
Hylleraas MP2 Energies (singlet): -2.82457e-02
Hylleraas MP2 Energies (triplet):  0.00000e+00
Hylleraas MP2 Energies (total)  : -2.82457e-02
=======================================================
-------------------------------------------
Total Reg Energy  =-2.82457e-02
Total F12 Energy  = 0.00000e+00
Sum Energies Total=-2.82457e-02
-------------------------------------------
timer:                         Solve Amplitudes     0.00s     0.00s 
No optimization untill now: Compressing pno ranks with tighter threshold
1.00000e-10 instead of 1.00000e-08
pair11: density evals:
 [*]   0.00297446   0.00404403   0.00404403   0.01095869

pair11: # of PNOs reduced from  4  to  2  maxrank= 2
pair22: density evals:
 [*]   0.00283100   0.00363790   0.00363790   0.02654295

pair22: # of PNOs reduced from  4  to  2  maxrank= 2
timer:                            compress PNOs     0.02s     0.02s 
timer:                             MRA compress     0.00s     0.00s 
timer:                          Transform Pairs     0.17s     0.17s 
timer:                          PNO Compression     0.19s     0.19s 
Information About All Pairs:
mp2_pair11           number=0 rank=  2 frozen=false
mp2_pair21           number=1 rank=  0 frozen=true
mp2_pair22           number=2 rank=  2 frozen=false
number of pairs=3
average rank   =1 (1.33333e+00)
largest rank   =2
saving vector of functions mp2_pair11
saving vector of functions mp2_pair22
timer:                        save pnos on disc     0.10s     0.10s 
PNOPairs Memory Information
Total: 0.01734 GB 
PNO  : 0.00503 GB 
KPNO : 0.00478 GB 
W    : 0.00752 GB 

timer:                                 truncate     0.11s     0.11s 
timer:      compute densities for G application     0.00s     0.00s 
pair21 is frozen: no optimization
timer:                Prepare for G application     0.14s     0.14s 
timer:                                    add K     0.00s     0.00s 
size of all Vpsi potentials (without Vnuc and J) 0.00589 GB 
time=109.02006 chunk=4 Vpsi+Vnuc+J=0.01640 GB
time=109.06065 chunk=4 Vpsi+Vnuc+J=0.01623 GB (after truncation)
timer:                           Apply G to all     2.01s     2.01s 
timer:                       apply Q and update     0.00s     0.00s 
mp2_pair11 residual norms:
[0.35825, 0.41370]
mp2_pair11 scaled residual norms:
[0.02278, 0.04331]
mp2_pair22 residual norms:
[0.36272, 0.37906]
mp2_pair22 scaled residual norms:
[0.02188, 0.06176]
timer:                          update all PNOs     2.16s     2.16s 
frozen pair: no orthonormalization
timer:                                     RRCD     0.03s     0.03s 
timer:                             MRA compress     0.00s     0.00s 
timer:                          Transform Pairs     0.15s     0.15s 
saving vector of functions mp2_pair11
saving vector of functions mp2_pair22
timer:                        save pnos on disc     0.10s     0.10s 


No convergence yet. Energy change = 0.02825

timer:                        Whole Iteration 1    11.64s    11.64s 
Information About All Pairs:
mp2_pair11           number=0 rank=  2 frozen=false
mp2_pair21           number=1 rank=  0 frozen=true
mp2_pair22           number=2 rank=  2 frozen=false
number of pairs=3
average rank   =1 (1.33333)
largest rank   =2
PNOPairs Memory Information
Total: 0.00527 GB 
PNO  : 0.00527 GB 
KPNO : 0.00000 GB 
W    : 0.00000 GB 

timer:                                 truncate     0.01s     0.01s 
wall time=113.91828 chunk=4 allK.size()=4 memory=0.00491 GB
timer:                             compute KPNO     3.05s     3.05s 
wall time=114.08501 chunk=4 allJ.size()=4 memory=0.00552 GB
timer:                             compute JPNO     0.17s     0.17s 
timer:                    compute Fock matrices     1.09s     1.09s 
timer:                             MRA compress     0.00s     0.00s 
timer:                          Transform Pairs     0.12s     0.12s 
timer:                             Canonicalize     0.12s     0.12s 
PNOPairs Memory Information
Total: 0.01018 GB 
PNO  : 0.00527 GB 
KPNO : 0.00491 GB 
W    : 0.00000 GB 

timer:                                 truncate     0.03s     0.03s 
mp2_pair21 is frozen: potential not computed
timer:                   Fluctuation Potentials     1.43s     1.43s 
timer:                       Fluctuation Matrix     0.16s     0.16s 
PNOPairs Memory Information
Total: 0.01770 GB 
PNO  : 0.00527 GB 
KPNO : 0.00491 GB 
W    : 0.00752 GB 

PNOPairs Memory Information
Total: 0.01770 GB 
PNO  : 0.00527 GB 
KPNO : 0.00491 GB 
W    : 0.00752 GB 

timer:                                 truncate     0.06s     0.06s 
timer:                             PNO Overlaps     0.07s     0.07s 
t_iter =  0  Hylleraas energy =  0.00000  ||R||_F =  0.20029  conv =  no
subspace solution [*]   1.00000000

t_iter =  1  Hylleraas energy =  -0.03620  ||R||_F =  0.00000  conv =  yes
=======================================================

Hylleraas MP2 Energies

=======================================================
    i    j      singlet      triplet        Total
=======================================================
    1    1  -1.51807e-02  0.00000e+00 -1.51807e-02
    2    1   0.00000e+00  0.00000e+00  0.00000e+00
    2    2  -2.10219e-02  0.00000e+00 -2.10219e-02
=======================================================
Hylleraas MP2 Energies (singlet): -3.62026e-02
Hylleraas MP2 Energies (triplet):  0.00000e+00
Hylleraas MP2 Energies (total)  : -3.62026e-02
=======================================================
-------------------------------------------
Total Reg Energy  =-3.62026e-02
Total F12 Energy  = 0.00000e+00
Sum Energies Total=-3.62026e-02
-------------------------------------------
timer:                         Solve Amplitudes     0.00s     0.00s 
pair11: density evals:
 [*]   0.00483377   0.01745833

pair22: density evals:
 [*]   0.00425073   0.04304457

timer:                            compress PNOs     0.00s     0.00s 
timer:                             MRA compress     0.00s     0.00s 
timer:                          Transform Pairs     0.25s     0.25s 
timer:                          PNO Compression     0.25s     0.25s 
Information About All Pairs:
mp2_pair11           number=0 rank=  2 frozen=false
mp2_pair21           number=1 rank=  0 frozen=true
mp2_pair22           number=2 rank=  2 frozen=false
number of pairs=3
average rank   =1 (1.33333e+00)
largest rank   =2
saving vector of functions mp2_pair11
saving vector of functions mp2_pair22
timer:                        save pnos on disc     0.11s     0.11s 
PNOPairs Memory Information
Total: 0.01770 GB 
PNO  : 0.00527 GB 
KPNO : 0.00491 GB 
W    : 0.00752 GB 

timer:                                 truncate     0.04s     0.04s 
timer:      compute densities for G application     0.00s     0.00s 
pair21 is frozen: no optimization
timer:                Prepare for G application     0.15s     0.15s 
timer:                                    add K     0.04s     0.04s 
size of all Vpsi potentials (without Vnuc and J) 0.00642 GB 
time=118.07541 chunk=4 Vpsi+Vnuc+J=0.01656 GB
time=118.13580 chunk=4 Vpsi+Vnuc+J=0.01591 GB (after truncation)
timer:                           Apply G to all     1.73s     1.73s 
timer:                       apply Q and update     0.00s     0.00s 
mp2_pair11 residual norms:
[0.09119, 0.12174]
mp2_pair11 scaled residual norms:
[0.00634, 0.01609]
mp2_pair22 residual norms:
[0.09136, 0.09638]
mp2_pair22 scaled residual norms:
[0.00596, 0.02000]
timer:                          update all PNOs     1.92s     1.92s 
frozen pair: no orthonormalization
timer:                                     RRCD     0.03s     0.03s 
timer:                             MRA compress     0.00s     0.00s 
timer:                          Transform Pairs     0.08s     0.08s 
saving vector of functions mp2_pair11
saving vector of functions mp2_pair22
timer:                        save pnos on disc     0.09s     0.09s 


No convergence yet. Energy change = 0.00796

timer:                        Whole Iteration 2     8.72s     8.72s 
Information About All Pairs:
mp2_pair11           number=0 rank=  2 frozen=false
mp2_pair21           number=1 rank=  0 frozen=true
mp2_pair22           number=2 rank=  2 frozen=false
number of pairs=3
average rank   =1 (1.33333)
largest rank   =2
PNOPairs Memory Information
Total: 0.00511 GB 
PNO  : 0.00511 GB 
KPNO : 0.00000 GB 
W    : 0.00000 GB 

timer:                                 truncate     0.04s     0.04s 
wall time=122.55097 chunk=4 allK.size()=4 memory=0.00491 GB
timer:                             compute KPNO     2.93s     2.93s 
wall time=122.61299 chunk=4 allJ.size()=4 memory=0.00560 GB
timer:                             compute JPNO     0.06s     0.06s 
timer:                    compute Fock matrices     1.24s     1.24s 
timer:                             MRA compress     0.00s     0.00s 
timer:                          Transform Pairs     0.20s     0.20s 
timer:                             Canonicalize     0.20s     0.20s 
PNOPairs Memory Information
Total: 0.01002 GB 
PNO  : 0.00511 GB 
KPNO : 0.00491 GB 
W    : 0.00000 GB 

timer:                                 truncate     0.04s     0.04s 
mp2_pair21 is frozen: potential not computed
timer:                   Fluctuation Potentials     1.61s     1.61s 
timer:                       Fluctuation Matrix     0.13s     0.13s 
PNOPairs Memory Information
Total: 0.01754 GB 
PNO  : 0.00511 GB 
KPNO : 0.00491 GB 
W    : 0.00752 GB 

PNOPairs Memory Information
Total: 0.01754 GB 
PNO  : 0.00511 GB 
KPNO : 0.00491 GB 
W    : 0.00752 GB 

timer:                                 truncate     0.03s     0.03s 
timer:                             PNO Overlaps     0.07s     0.07s 
t_iter =  0  Hylleraas energy =  0.00000  ||R||_F =  0.21435  conv =  no
subspace solution [*]   1.00000000

t_iter =  1  Hylleraas energy =  -0.03831  ||R||_F =  0.00000  conv =  yes
=======================================================

Hylleraas MP2 Energies

=======================================================
    i    j      singlet      triplet        Total
=======================================================
    1    1  -1.61736e-02  0.00000e+00 -1.61736e-02
    2    1   0.00000e+00  0.00000e+00  0.00000e+00
    2    2  -2.21325e-02  0.00000e+00 -2.21325e-02
=======================================================
Hylleraas MP2 Energies (singlet): -3.83061e-02
Hylleraas MP2 Energies (triplet):  0.00000e+00
Hylleraas MP2 Energies (total)  : -3.83061e-02
=======================================================
-------------------------------------------
Total Reg Energy  =-3.83061e-02
Total F12 Energy  = 0.00000e+00
Sum Energies Total=-3.83061e-02
-------------------------------------------
timer:                         Solve Amplitudes     0.00s     0.00s 
pair11: density evals:
 [*]   0.00461171   0.01716531

pair22: density evals:
 [*]   0.00402718   0.04249109

timer:                            compress PNOs     0.00s     0.00s 
timer:                             MRA compress     0.00s     0.00s 
timer:                          Transform Pairs     0.24s     0.24s 
timer:                          PNO Compression     0.24s     0.24s 
Information About All Pairs:
mp2_pair11           number=0 rank=  2 frozen=false
mp2_pair21           number=1 rank=  0 frozen=true
mp2_pair22           number=2 rank=  2 frozen=false
number of pairs=3
average rank   =1 (1.33333e+00)
largest rank   =2
saving vector of functions mp2_pair11
saving vector of functions mp2_pair22
timer:                        save pnos on disc     0.09s     0.09s 
PNOPairs Memory Information
Total: 0.01754 GB 
PNO  : 0.00511 GB 
KPNO : 0.00491 GB 
W    : 0.00752 GB 

timer:                                 truncate     0.04s     0.04s 
timer:      compute densities for G application     0.00s     0.00s 
pair21 is frozen: no optimization
timer:                Prepare for G application     0.11s     0.11s 
timer:                                    add K     0.00s     0.00s 
size of all Vpsi potentials (without Vnuc and J) 0.00634 GB 
time=126.90724 chunk=4 Vpsi+Vnuc+J=0.01648 GB
time=126.96778 chunk=4 Vpsi+Vnuc+J=0.01582 GB (after truncation)
timer:                           Apply G to all     1.81s     1.81s 
timer:                       apply Q and update     0.00s     0.00s 
mp2_pair11 residual norms:
[0.03037, 0.05249]
mp2_pair11 scaled residual norms:
[0.00206, 0.00688]
mp2_pair22 residual norms:
[0.03578, 0.03778]
mp2_pair22 scaled residual norms:
[0.00227, 0.00779]
timer:                          update all PNOs     1.93s     1.93s 
frozen pair: no orthonormalization
timer:                                     RRCD     0.05s     0.05s 
timer:                             MRA compress     0.00s     0.00s 
timer:                          Transform Pairs     0.12s     0.12s 
saving vector of functions mp2_pair11
saving vector of functions mp2_pair22
timer:                        save pnos on disc     0.10s     0.10s 


No convergence yet. Energy change = 0.00210

timer:                        Whole Iteration 3     8.93s     8.93s 
Information About All Pairs:
mp2_pair11           number=0 rank=  2 frozen=false
mp2_pair21           number=1 rank=  0 frozen=true
mp2_pair22           number=2 rank=  2 frozen=false
number of pairs=3
average rank   =1 (1.33333)
largest rank   =2
PNOPairs Memory Information
Total: 0.00523 GB 
PNO  : 0.00523 GB 
KPNO : 0.00000 GB 
W    : 0.00000 GB 

timer:                                 truncate     0.04s     0.04s 
wall time=131.51450 chunk=4 allK.size()=4 memory=0.00491 GB
timer:                             compute KPNO     2.96s     2.96s 
wall time=131.67706 chunk=4 allJ.size()=4 memory=0.00572 GB
timer:                             compute JPNO     0.16s     0.16s 
timer:                    compute Fock matrices     1.01s     1.01s 
timer:                             MRA compress     0.00s     0.00s 
timer:                          Transform Pairs     0.10s     0.10s 
timer:                             Canonicalize     0.10s     0.10s 
PNOPairs Memory Information
Total: 0.01014 GB 
PNO  : 0.00523 GB 
KPNO : 0.00491 GB 
W    : 0.00000 GB 

timer:                                 truncate     0.04s     0.04s 
mp2_pair21 is frozen: potential not computed
timer:                   Fluctuation Potentials     1.44s     1.44s 
timer:                       Fluctuation Matrix     0.15s     0.15s 
PNOPairs Memory Information
Total: 0.01766 GB 
PNO  : 0.00523 GB 
KPNO : 0.00491 GB 
W    : 0.00752 GB 

PNOPairs Memory Information
Total: 0.01766 GB 
PNO  : 0.00523 GB 
KPNO : 0.00491 GB 
W    : 0.00752 GB 

timer:                                 truncate     0.03s     0.03s 
timer:                             PNO Overlaps     0.07s     0.07s 
t_iter =  0  Hylleraas energy =  0.00000  ||R||_F =  0.21914  conv =  no
subspace solution [*]   1.00000000

t_iter =  1  Hylleraas energy =  -0.03868  ||R||_F =  0.00000  conv =  yes
=======================================================

Hylleraas MP2 Energies

=======================================================
    i    j      singlet      triplet        Total
=======================================================
    1    1  -1.63601e-02  0.00000e+00 -1.63601e-02
    2    1   0.00000e+00  0.00000e+00  0.00000e+00
    2    2  -2.23190e-02  0.00000e+00 -2.23190e-02
=======================================================
Hylleraas MP2 Energies (singlet): -3.86790e-02
Hylleraas MP2 Energies (triplet):  0.00000e+00
Hylleraas MP2 Energies (total)  : -3.86790e-02
=======================================================
-------------------------------------------
Total Reg Energy  =-3.86790e-02
Total F12 Energy  = 0.00000e+00
Sum Energies Total=-3.86790e-02
-------------------------------------------
timer:                         Solve Amplitudes     0.00s     0.00s 
pair11: density evals:
 [*]   0.00449794   0.01671568

pair22: density evals:
 [*]   0.00390648   0.04158183

timer:                            compress PNOs     0.00s     0.00s 
timer:                             MRA compress     0.00s     0.00s 
timer:                          Transform Pairs     0.15s     0.15s 
timer:                          PNO Compression     0.15s     0.15s 
Information About All Pairs:
mp2_pair11           number=0 rank=  2 frozen=false
mp2_pair21           number=1 rank=  0 frozen=true
mp2_pair22           number=2 rank=  2 frozen=false
number of pairs=3
average rank   =1 (1.33333e+00)
largest rank   =2
saving vector of functions mp2_pair11
saving vector of functions mp2_pair22
timer:                        save pnos on disc     0.10s     0.10s 
PNOPairs Memory Information
Total: 0.01766 GB 
PNO  : 0.00523 GB 
KPNO : 0.00491 GB 
W    : 0.00752 GB 

timer:                                 truncate     0.06s     0.06s 
timer:      compute densities for G application     0.00s     0.00s 
pair21 is frozen: no optimization
timer:                Prepare for G application     0.10s     0.10s 
timer:                                    add K     0.00s     0.00s 
size of all Vpsi potentials (without Vnuc and J) 0.00634 GB 
time=135.47495 chunk=4 Vpsi+Vnuc+J=0.01668 GB
time=135.51207 chunk=4 Vpsi+Vnuc+J=0.01611 GB (after truncation)
timer:                           Apply G to all     1.87s     1.87s 
timer:                       apply Q and update     0.00s     0.00s 
mp2_pair11 residual norms:
[0.01108, 0.02498]
mp2_pair11 scaled residual norms:
[0.00074, 0.00323]
mp2_pair22 residual norms:
[0.01783, 0.01612]
mp2_pair22 scaled residual norms:
[0.00111, 0.00329]
timer:                          update all PNOs     1.98s     1.98s 
frozen pair: no orthonormalization
timer:                                     RRCD     0.03s     0.03s 
timer:                             MRA compress     0.00s     0.00s 
timer:                          Transform Pairs     0.08s     0.08s 
saving vector of functions mp2_pair11
saving vector of functions mp2_pair22
timer:                        save pnos on disc     0.09s     0.09s 


No convergence yet. Energy change = 0.00037

timer:                        Whole Iteration 4     8.56s     8.56s 
Information About All Pairs:
mp2_pair11           number=0 rank=  2 frozen=false
mp2_pair21           number=1 rank=  0 frozen=true
mp2_pair22           number=2 rank=  2 frozen=false
number of pairs=3
average rank   =1 (1.33333)
largest rank   =2
PNOPairs Memory Information
Total: 0.00540 GB 
PNO  : 0.00540 GB 
KPNO : 0.00000 GB 
W    : 0.00000 GB 

timer:                                 truncate     0.05s     0.05s 
wall time=139.99852 chunk=4 allK.size()=4 memory=0.00491 GB
timer:                             compute KPNO     2.87s     2.87s 
wall time=140.12903 chunk=4 allJ.size()=4 memory=0.00581 GB
timer:                             compute JPNO     0.13s     0.13s 
timer:                    compute Fock matrices     1.04s     1.04s 
timer:                             MRA compress     0.00s     0.00s 
timer:                          Transform Pairs     0.19s     0.19s 
timer:                             Canonicalize     0.19s     0.19s 
PNOPairs Memory Information
Total: 0.01030 GB 
PNO  : 0.00540 GB 
KPNO : 0.00491 GB 
W    : 0.00000 GB 

timer:                                 truncate     0.04s     0.04s 
mp2_pair21 is frozen: potential not computed
timer:                   Fluctuation Potentials     1.49s     1.49s 
timer:                       Fluctuation Matrix     0.10s     0.10s 
PNOPairs Memory Information
Total: 0.01783 GB 
PNO  : 0.00540 GB 
KPNO : 0.00491 GB 
W    : 0.00752 GB 

PNOPairs Memory Information
Total: 0.01783 GB 
PNO  : 0.00540 GB 
KPNO : 0.00491 GB 
W    : 0.00752 GB 

timer:                                 truncate     0.07s     0.07s 
timer:                             PNO Overlaps     0.07s     0.07s 
t_iter =  0  Hylleraas energy =  0.00000  ||R||_F =  0.22102  conv =  no
subspace solution [*]   1.00000000

t_iter =  1  Hylleraas energy =  -0.03876  ||R||_F =  0.00000  conv =  yes
=======================================================

Hylleraas MP2 Energies

=======================================================
    i    j      singlet      triplet        Total
=======================================================
    1    1  -1.64015e-02  0.00000e+00 -1.64015e-02
    2    1   0.00000e+00  0.00000e+00  0.00000e+00
    2    2  -2.23554e-02  0.00000e+00 -2.23554e-02
=======================================================
Hylleraas MP2 Energies (singlet): -3.87569e-02
Hylleraas MP2 Energies (triplet):  0.00000e+00
Hylleraas MP2 Energies (total)  : -3.87569e-02
=======================================================
-------------------------------------------
Total Reg Energy  =-3.87569e-02
Total F12 Energy  = 0.00000e+00
Sum Energies Total=-3.87569e-02
-------------------------------------------
timer:                         Solve Amplitudes     0.00s     0.00s 
pair11: density evals:
 [*]   0.00445097   0.01647139

pair22: density evals:
 [*]   0.00384634   0.04109590

timer:                            compress PNOs     0.00s     0.00s 
timer:                             MRA compress     0.00s     0.00s 
timer:                          Transform Pairs     0.31s     0.31s 
timer:                          PNO Compression     0.31s     0.31s 
Information About All Pairs:
mp2_pair11           number=0 rank=  2 frozen=false
mp2_pair21           number=1 rank=  0 frozen=true
mp2_pair22           number=2 rank=  2 frozen=false
number of pairs=3
average rank   =1 (1.33333e+00)
largest rank   =2
saving vector of functions mp2_pair11
saving vector of functions mp2_pair22
timer:                        save pnos on disc     0.10s     0.10s 
PNOPairs Memory Information
Total: 0.01783 GB 
PNO  : 0.00540 GB 
KPNO : 0.00491 GB 
W    : 0.00752 GB 

timer:                                 truncate     0.04s     0.04s 
timer:      compute densities for G application     0.00s     0.00s 
pair21 is frozen: no optimization
timer:                Prepare for G application     0.12s     0.12s 
timer:                                    add K     0.00s     0.00s 
size of all Vpsi potentials (without Vnuc and J) 0.00650 GB 
time=144.18318 chunk=4 Vpsi+Vnuc+J=0.01681 GB
time=144.22041 chunk=4 Vpsi+Vnuc+J=0.01615 GB (after truncation)
timer:                           Apply G to all     1.74s     1.74s 
timer:                       apply Q and update     0.00s     0.00s 
mp2_pair11 residual norms:
[0.00442, 0.01281]
mp2_pair11 scaled residual norms:
[0.00029, 0.00164]
mp2_pair22 residual norms:
[0.01015, 0.00704]
mp2_pair22 scaled residual norms:
[0.00063, 0.00143]
timer:                          update all PNOs     1.86s     1.86s 
frozen pair: no orthonormalization
timer:                                     RRCD     0.06s     0.06s 
timer:                             MRA compress     0.00s     0.00s 
timer:                          Transform Pairs     0.06s     0.06s 
saving vector of functions mp2_pair11
saving vector of functions mp2_pair22
timer:                        save pnos on disc     0.09s     0.09s 


CONVERGED!
energy change = 0.00008

re-entering loop to compute the correct amplitudes and energies
timer:                        Whole Iteration 5     8.59s     8.59s 
Information About All Pairs:
mp2_pair11           number=0 rank=  2 frozen=false
mp2_pair21           number=1 rank=  0 frozen=true
mp2_pair22           number=2 rank=  2 frozen=false
number of pairs=3
average rank   =1 (1.33333)
largest rank   =2
PNOPairs Memory Information
Total: 0.00540 GB 
PNO  : 0.00540 GB 
KPNO : 0.00000 GB 
W    : 0.00000 GB 

timer:                                 truncate     0.05s     0.05s 
wall time=148.56624 chunk=4 allK.size()=4 memory=0.00491 GB
timer:                             compute KPNO     2.85s     2.85s 
wall time=148.70901 chunk=4 allJ.size()=4 memory=0.00581 GB
timer:                             compute JPNO     0.14s     0.14s 
timer:                    compute Fock matrices     1.04s     1.04s 
timer:                             MRA compress     0.00s     0.00s 
timer:                          Transform Pairs     0.21s     0.21s 
timer:                             Canonicalize     0.21s     0.21s 
PNOPairs Memory Information
Total: 0.01030 GB 
PNO  : 0.00540 GB 
KPNO : 0.00491 GB 
W    : 0.00000 GB 

timer:                                 truncate     0.05s     0.05s 
mp2_pair21 is frozen: potential not computed
timer:                   Fluctuation Potentials     1.47s     1.47s 
timer:                       Fluctuation Matrix     0.13s     0.13s 
PNOPairs Memory Information
Total: 0.01783 GB 
PNO  : 0.00540 GB 
KPNO : 0.00491 GB 
W    : 0.00752 GB 

PNOPairs Memory Information
Total: 0.01783 GB 
PNO  : 0.00540 GB 
KPNO : 0.00491 GB 
W    : 0.00752 GB 

timer:                                 truncate     0.06s     0.06s 
timer:                             PNO Overlaps     0.08s     0.08s 
t_iter =  0  Hylleraas energy =  0.00000  ||R||_F =  0.22182  conv =  no
subspace solution [*]   1.00000000

t_iter =  1  Hylleraas energy =  -0.03877  ||R||_F =  0.00000  conv =  yes
=======================================================

Hylleraas MP2 Energies

=======================================================
    i    j      singlet      triplet        Total
=======================================================
    1    1  -1.64116e-02  0.00000e+00 -1.64116e-02
    2    1   0.00000e+00  0.00000e+00  0.00000e+00
    2    2  -2.23629e-02  0.00000e+00 -2.23629e-02
=======================================================
Hylleraas MP2 Energies (singlet): -3.87745e-02
Hylleraas MP2 Energies (triplet):  0.00000e+00
Hylleraas MP2 Energies (total)  : -3.87745e-02
=======================================================
-------------------------------------------
Total Reg Energy  =-3.87745e-02
Total F12 Energy  = 0.00000e+00
Sum Energies Total=-3.87745e-02
-------------------------------------------
timer:                         Solve Amplitudes     0.00s     0.00s 
pair11: density evals:
 [*]   0.00443153   0.01635363

pair22: density evals:
 [*]   0.00381432   0.04086744

timer:                            compress PNOs     0.00s     0.00s 
timer:                             MRA compress     0.00s     0.00s 
timer:                          Transform Pairs     0.22s     0.22s 
timer:                          PNO Compression     0.22s     0.22s 
Information About All Pairs:
mp2_pair11           number=0 rank=  2 frozen=false
mp2_pair21           number=1 rank=  0 frozen=true
mp2_pair22           number=2 rank=  2 frozen=false
number of pairs=3
average rank   =1 (1.33333e+00)
largest rank   =2
saving vector of functions mp2_pair11
saving vector of functions mp2_pair22
timer:                        save pnos on disc     0.10s     0.10s 
exiting: Iterations converged
PNO ranks:
PNO Rank for pair pair11 = 2
PNO Rank for pair pair21 = 0
PNO Rank for pair pair22 = 2
average rank 1.33333e+00
timer:                               PNO::solve    55.80s    55.80s 

--------------------------------
ITERATE-PAIRS-INTERNAL-ENDED
--------------------------------
mp2_pair21 converged!


Adaptive Sovler:
 Current Energy=-3.8774505553e-02
 DeltaE        =-3.8774505553e-02
 max dE (pair) =-2.2362872285e-02 (2)
 all_pairs_conv=false




not converged yet

freeze pair mp2_pair21 (not further optimized: Energy below 1.0000000000e-05)
Maximum Rank of2 reached for all non-frozen pairs, no need to iterate further=======================================================

Final MP2 Energies

=======================================================
    i    j      singlet      triplet        Total
=======================================================
    1    1  -1.64116e-02  0.00000e+00 -1.64116e-02
    2    1   0.00000e+00  0.00000e+00  0.00000e+00
    2    2  -2.23629e-02  0.00000e+00 -2.23629e-02
=======================================================
Final MP2 Energies (singlet): -3.87745e-02
Final MP2 Energies (triplet):  0.00000e+00
Final MP2 Energies (total)  : -3.87745e-02
=======================================================
-------------------------------------------
Total Reg Energy  =-3.87745e-02
Total F12 Energy  = 0.00000e+00
Sum Energies Total=-3.87745e-02
-------------------------------------------
Average | Max Rank: 1 | 2



--------------------------------------------------
MRA-PNO-MP2-F12 ended 
--------------------------------------------------
                 time scf = 8.86939e+01
               energy scf = -1.56145e+01
--------------------------------------------------
restarting PNO to reload pairs that converged before and were frozen
PNO Parameters
pno
       rank_increase  15         # default   maximum rank to increase in every macroiteration
               chunk  100        # default   chunk of functions operated on in parallel when G or K is applied (prevent memory shortage)
               debug  false      # default   debug mode
              freeze  1          # derived   frozen core approximation
             maxrank  2          # defined   maximal pno rank for all pairs
           guesstype  exop       # derived   the guesstype: exop (recommended, multiply polynomial excitation operators onto the occupied orbitals), empty (don't compute a guess), scf (use the ao basis from the SCF solver), partial_wave (create s,p,d ..., type functions and place on atoms), predefined (same as partial_wave but for predefined sets)
                exop  multipole  # derived   this string defines which excitation operators can be used, use 'dipole', 'dipole+', 'quadrupole', 'ocopole', or 'multipole', need to set guesstype to 'exop' which is the default
          exop_trigo  true       # default   use trigonometric excitation operators ( x --> sin(x)
        partial_wave             # default   atom centered partial wave guess of format like 'h-2s1p-o-3s2p1d', need to set guesstype to 'partial_wave' and adaptive_solver to 'none'
          predefined             # default   predefined partial wave guesses of type pvxz with x=d,t,q,5,6, need to set guesstype to 'predefined' and adaptive_solver to 'none'
           maxiter_t  100        # default   maximal number of iterations in the amplitude solver
       maxiter_micro  10         # default   Maximum of iterations for every cycle in the adaptive solver
       maxiter_macro  10         # default   Maximum of iterations of cycles in the adaptive solver
                tpno  1.0000e-08 # default   PNO cutoff threshold
          tpno_tight  1.0000e-10 # derived   PNO cutoff for the first iteration
    canonicalize_pno  true       # default   canonicalize the pnos before the amplitude solver
              thresh  1.0000e-04 # defined   MRA threshold
         econv_micro  1.0000e-04 # derived   Energy convergence for microiterations (Greens function based optimization) in adaptive solver
         econv_pairs  1.0000e-05 # derived   ENergy convergence for individual pairs in adaptive solver. Converged pairs are frozen automatically
         econv_macro  1.0000e-04 # derived   Energy convergence for macroiterations in adaptive solver, no effect if adaptive_solver is deactivated
               dconv  1.0000e-01 # default   convergence of every PNO in the Green's function solver
           op_thresh  1.0000e-06 # default   MRA operator thresh
             restart  all        # defined   restart pairs of this type, use 'mp2', 'cispd', 'all' or 'none'
          no_compute  none       # default   do not compute the pairs of this type, use 'mp2', 'cispd', 'all' or 'none'
              no_opt  all        # defined   do not optimize the pnos of this type, use 'mp2', 'cispd', 'all' or 'none'
            no_guess  all        # defined   guess for this type will be empty, use 'mp2', 'cispd', 'all' or 'none'
     adaptive_solver  none       # defined   Use adaptive solver for those pairs, use 'mp2', 'cispd', 'all' or 'none', works only in combination with guesstype 'exop'
                kain  true       # default   use KAIN solver in amplitude solver
       kain_subspace  5          # default   subspace size of the KAIN solver (amplitudes)
                 f12  false      # defined   use explicit correlation
        cispd_number  -1         # default   CIS(D) excitation numbers, to read in correct functions
        cispd_energy  0.0000e+00 # default   CIS energy
        freeze_pairs  none       # default   frozen pairs will not be optimized: Expected format 'a b c d' will freeze pairs ab and cd
freeze_pairs_of_orbital  []         # default    All pairs which originate from this orbital will not be optimized
active_pairs_of_orbital  []         # default    All pairs which originate from this orbital will not be frozen all other pairs will, if this vector is not empty
no_opt_in_first_iteration  false      # default   Do not optimize in the first iteration (then the potentials do not have to be evaluated, use this for large guesses)
            exchange  full       # default   approximate exchange with 'neglect' or xc functional -> same syntax as moldft
           save_pnos  true       # default   Save the OBS-PNOs to a file, before and after orthonormalization.
            diagonal  true       # defined   Compute only diagonal PNOs

end

**********************
Solve PNO-MP2
*********************


**********************
Iterate Pairs
*********************


************************
Standard Solver
***********************

Initializing Pairs:
Restart demanded for mp2 pairs
loading vector of functions mp2_pair11
Found PNOs for mp2_pair11 with rank 2
loading vector of functions mp2_pair21
failed to find PNO mp2_pair21 initialize as zero function
nloading vector of functions mp2_pair22
Found PNOs for mp2_pair22 with rank 2
no guess was explicitly demanded for mp2

timer:                                     RRCD     0.04s     0.04s 
timer:                             MRA compress     0.00s     0.00s 
timer:                          Transform Pairs     0.05s     0.05s 
timer:          apply Q and orthonormalize PNOs     0.23s     0.23s 
Created Guess:
pair11 with 2 guess functions
pair21 with 0 guess functions
pair22 with 2 guess functions
guess pair11 size: 2.6168823242e-03 | 2.6168823242e-03 Gbyte (after truncation)
guess pair22 size: 2.7804374695e-03 | 2.7804374695e-03 Gbyte (after truncation)
timer:                           truncate guess     0.03s     0.03s 
timer:                         Initialize Pairs     0.27s     0.27s 
Information About All Pairs:
mp2_pair11           number=0 rank=  2 frozen=false
mp2_pair21           number=1 rank=  0 frozen=true
mp2_pair22           number=2 rank=  2 frozen=false
number of pairs=3
average rank   =1 (1.3333333333e+00)
largest rank   =2
SolveInternal: Parameters are assigned as
no_compute        = false
no_opt            = true
restart           = true
do_cispd          = false
econv             =1.0000000000e-04
maxrank (min,max) = (2,2)
Solving MP2 doubles
timer:          fock matrix     2.69s     2.69s
Information About All Pairs:
mp2_pair11           number=0 rank=  2 frozen=false
mp2_pair21           number=1 rank=  0 frozen=true
mp2_pair22           number=2 rank=  2 frozen=false
number of pairs=3
average rank   =1 (1.3333333333e+00)
largest rank   =2
PNOPairs Memory Information
Total: 0.0053973198 GB 
PNO  : 0.0053973198 GB 
KPNO : 0.0000000000 GB 
W    : 0.0000000000 GB 

timer:                                 truncate     0.01s     0.01s 
wall time=157.8220908642 chunk=4 allK.size()=4 memory=0.0049066544 GB
timer:                             compute KPNO     2.74s     2.74s 
wall time=158.0130298138 chunk=4 allJ.size()=4 memory=0.0058062077 GB
timer:                             compute JPNO     0.19s     0.19s 
timer:                    compute Fock matrices     1.14s     1.14s 
timer:                             MRA compress     0.00s     0.00s 
timer:                          Transform Pairs     0.11s     0.11s 
timer:                             Canonicalize     0.11s     0.11s 
PNOPairs Memory Information
Total: 0.0103039742 GB 
PNO  : 0.0053973198 GB 
KPNO : 0.0049066544 GB 
W    : 0.0000000000 GB 

timer:                                 truncate     0.05s     0.05s 
mp2_pair21 is frozen: potential not computed
timer:                   Fluctuation Potentials     1.44s     1.44s 
timer:                       Fluctuation Matrix     0.14s     0.14s 
PNOPairs Memory Information
Total: 0.0178275108 GB 
PNO  : 0.0053973198 GB 
KPNO : 0.0049066544 GB 
W    : 0.0075235367 GB 

PNOPairs Memory Information
Total: 0.0178275108 GB 
PNO  : 0.0053973198 GB 
KPNO : 0.0049066544 GB 
W    : 0.0075235367 GB 

timer:                                 truncate     0.04s     0.04s 
timer:                             PNO Overlaps     0.10s     0.10s 
t_iter =  0  Hylleraas energy =  0.0000000000  ||R||_F =  0.2218228154  conv =  no
subspace solution [*]   1.00000000

t_iter =  1  Hylleraas energy =  -0.0387745946  ||R||_F =  0.0000000000  conv =  yes
=======================================================

Hylleraas MP2 Energies

=======================================================
    i    j      singlet      triplet        Total
=======================================================
    1    1  -1.64117e-02  0.00000e+00 -1.64117e-02
    2    1   0.00000e+00  0.00000e+00  0.00000e+00
    2    2  -2.23629e-02  0.00000e+00 -2.23629e-02
=======================================================
Hylleraas MP2 Energies (singlet): -3.87746e-02
Hylleraas MP2 Energies (triplet):  0.00000e+00
Hylleraas MP2 Energies (total)  : -3.87746e-02
=======================================================
-------------------------------------------
Total Reg Energy  =-3.87746e-02
Total F12 Energy  = 0.00000e+00
Sum Energies Total=-3.87746e-02
-------------------------------------------
timer:                         Solve Amplitudes     0.00s     0.00s 
No optimization untill now: Compressing pno ranks with tighter threshold
1.00000e-10 instead of 1.00000e-08
pair11: density evals:
 [*]   0.00443153   0.01635367

pair22: density evals:
 [*]   0.00381432   0.04086763

timer:                            compress PNOs     0.00s     0.00s 
timer:                             MRA compress     0.00s     0.00s 
timer:                          Transform Pairs     0.19s     0.19s 
timer:                          PNO Compression     0.19s     0.19s 
Information About All Pairs:
mp2_pair11           number=0 rank=  2 frozen=false
mp2_pair21           number=1 rank=  0 frozen=true
mp2_pair22           number=2 rank=  2 frozen=false
number of pairs=3
average rank   =1 (1.33333e+00)
largest rank   =2
saving vector of functions mp2_pair11
saving vector of functions mp2_pair22
timer:                        save pnos on disc     0.35s     0.35s 
exiting: Found no_opt keyword
PNO ranks:
PNO Rank for pair pair11 = 2
PNO Rank for pair pair21 = 0
PNO Rank for pair pair22 = 2
average rank 1.33333e+00
timer:                               PNO::solve     9.21s     9.21s 

--------------------------------
ITERATE-PAIRS-INTERNAL-ENDED
--------------------------------
=======================================================

Final MP2 Energies

=======================================================
    i    j      singlet      triplet        Total
=======================================================
    1    1  -1.64117e-02  0.00000e+00 -1.64117e-02
    2    1   0.00000e+00  0.00000e+00  0.00000e+00
    2    2  -2.23629e-02  0.00000e+00 -2.23629e-02
=======================================================
Final MP2 Energies (singlet): -3.87746e-02
Final MP2 Energies (triplet):  0.00000e+00
Final MP2 Energies (total)  : -3.87746e-02
=======================================================
-------------------------------------------
Total Reg Energy  =-3.87746e-02
Total F12 Energy  = 0.00000e+00
Sum Energies Total=-3.87746e-02
-------------------------------------------
Average | Max Rank: 1 | 2
                 time pno = 6.26712e+01
               energy mp2 = -3.87746e-02
     average pno rank mp2 = 1
         max pno rank mp2 = 2
--------------------------------------------------
            energy(total) = -1.56532e+01
--------------------------------------------------



Orthonormalization technique used: symmetric
No CABS used.
Tightening thresholds to +0.00010000 for post-processing
Overlap Matrix of all PNOs:
+1.00000231 +0.32041621 
+0.32041621 +1.00000569 
Before cherry pick
rank is +0
all used occupation numbers:
[+0.04086763 +0.01635367 ]
corresponding to active pairs:
[(1,1) (0,0) ]
After cherry pick
all used occupation numbers:
[+0.04086763 +0.01635367 ]
corresponding to active pairs:
[(1,1) (0,0) ]
Overlap Matrix before symmetric
[+0,*]  +1.00000231  +0.32041621
[+1,*]  +0.32041621  +1.00000569
Overlap Matrix after symmetric
[+0,*]  +1.00000000  -0.00000001
[+1,*]  -0.00000001  +1.00000000
Adding 3 HF orbitals
Size before adding CABS: 5.
Size after adding CABS: 5.
Compute G and F Tensor:
Assemble g,f using symmetries...
non zero elements:
 g : +1185
 h : +25
Overlap over whole basis
[+0,*]  +1.00000000  -0.00000063  +0.00000196  +0.00000339  +0.00000627
[+1,*]  -0.00000063  +1.00000000  +0.00000025  -0.00000054  -0.00000100
[+2,*]  +0.00000196  +0.00000025  +1.00000000  -0.00000035  -0.00000061
[+3,*]  +0.00000339  -0.00000054  -0.00000035  +1.00000000  -0.00000001
[+4,*]  +0.00000627  -0.00000100  -0.00000061  -0.00000001  +1.00000000

||S-1||=+0.00001066
finished at time 182.2

    Parallel environment
    --------------------
                  #nodes    1
       #threads per node    11+main = 12
          #total threads    12

  RMI message statistics (min / avg / max)
  ----------------------
   #messages in server q    0.00e+00 / 0.00e+00 / 0.00e+00
 #messages sent per node    0.00e+00 / 0.00e+00 / 0.00e+00
    #bytes sent per node    0.00e+00 / 0.00e+00 / 0.00e+00
 #messages recv per node    0.00e+00 / 0.00e+00 / 0.00e+00
    #bytes recv per node    0.00e+00 / 0.00e+00 / 0.00e+00
        #msgs systemwide    0.00e+00
       #bytes systemwide    0.00e+00

  Thread pool statistics (min / avg / max)
  ----------------------
         #tasks per node    1.13e+07 / 1.13e+07 / 1.13e+07
     #max q len per node    1.42e+04 / 1.42e+04 / 1.42e+04
  #hi-pri tasks per node    3.75e+06 / 3.75e+06 / 3.75e+06

         Total wall time    182.1s
         Total  cpu time    182.1s

