MADNESS runtime initialized with 11 threads in the pool and affinity -1 -1 -1
starting at time 0.0

--------------------------------------------
   MADNESS 0.10.1 multiresolution suite
--------------------------------------------

   number of processors ... 1
    processor frequency ... 3.695792e+09
            host system ... Linux
          configured by ... kottmann
          configured on ... wittgenstein
          configured at ... 2021-02-10T21:25:26
                    CXX ... /usr/bin/c++
               CXXFLAGS ... -O3 -DNDEBUG -I/h/28/kottmann/install/numcpp/include/ -I/h/28/kottmann/install/boost/boost_1_72_0/include/ -std=c++1z
             tuning for ... default
                    MPI ... multiple
 multi-threaded runtime ... MADNESS ThreadPool
                   BLAS ... Intel MKL 17169 17169 MFLOP/s
               compiled ... 13:08:26  on  Feb 23 2021


-------------------------------------------------------------------------------------
SOLVING MRA-PNO-F12 as described in 
J.S. Kottmann, F.A. Bischoff, E.F. Valeev
Direct determination of optimal pair-natural orbitals in a real-space representation:
the second-order Møller-Plesset energy
Journal of Chemical Physics ... 2020
-------------------------------------------------------------------------------------


This script will run PNO-MP2 and print out tensors in binary
Call as: pno_integrals inputfileinput is input
ignoring unknown parameter in input file:  ncf

Angstrom being used to read input coordinates (1 Bohr = 1.88972613 Angstrom)


Asymptotic correction parameters
---------------------------------------
Atom vector is not empty: false
Using multipole approximation: false
Number of electrons = -1
Ionisation energy = 0.000000e+00
E(HOMO) = 0.000000e+00
R1 = 3.000000e+00
R2 = 4.000000e+00
DFT coefficient = 0.000000e+00
Interpolation scheme = linear
constructed symmetry operator for point group C1
dft
              charge  0.0000e+00 # defined   total molecular charge
                  xc  hf         # defined   XC input line
               smear  0.0000e+00 # default   smearing parameter
               econv  1.0000e-04 # defined   energy convergence
               dconv  5.0000e-04 # defined   density convergence
convergence_criteria  [bsh_residual, total_energy] # default   possible values are: bsh_residual, total_energy, each_energy, density
                   k  7          # defined   polynomial order
                   l  5.5228e+01 # derived   user coordinates box size
               deriv  abgv       # default   derivative method                            [abgv, bspline, ble]
           dft_deriv  abgv       # default   derivative method for gga potentials         [abgv, bspline, ble]
             maxrotn  2.5000e-01 # default   step restriction used in autoshift algorithm
             nvalpha  0          # default   number of alpha virtuals to compute
              nvbeta  0          # default   number of beta virtuals to compute
               nopen  0          # default   number of unpaired electrons = nalpha-nbeta
             maxiter  25         # default   maximum number of iterations
                 nio  1          # default   no. of io servers to use
     spin_restricted  true       # default   true if spin restricted
              plotlo  0          # default   range of MOs to print (for both spins if polarized
              plothi  -1         # default   range of MOs to print (for both spins if polarized
            plotdens  false      # default   If true print the density at convergence
            plotcoul  false      # default   If true plot the total coulomb potential at convergence
            localize  boys       # defined   localization method                          [pm, boys, new, canon]
          pointgroup  c1         # derived   use point (sub) group symmetry if not localized[c1, c2, ci, cs, c2v, c2h, d2, d2h]
             restart  false      # default   if true restart from orbitals on disk
           restartao  false      # default   if true restart from orbitals projected into AO basis (STO3G) on disk
          no_compute  false      # default   if true use orbitals on disk, set value to computed
           no_orient  false      # default   if true the molecule coordinates will not be reoriented
                save  true       # default   if true save orbitals to disk
              maxsub  10         # default   size of iterative subspace ... set to 0 or 1 to disable
        orbitalshift  0.0000e+00 # default   scf orbital shift: shift the occ orbitals to lower energies
            npt_plot  101        # default   no. of points to use in each dim for plots
           plot_cell  []         # default   lo hi in each dimension for plotting (default is all space)
             aobasis  6-31g      # derived   AO basis used for initial guess (6-31g or sto-3g)
           core_type  none       # default   core potential type                          [none, mpc]
         derivatives  false      # default   if true calculate nuclear derivatives
              dipole  false      # default   if true calculate dipole moment
      conv_only_dens  false      # default   if true remove bsh_residual from convergence criteria (deprecated)
            psp_calc  false      # default   pseudopotential calculation for all atoms
 print_dipole_matels  false      # default   if true output dipole matrix elements
            pcm_data  none       # default   do a PCM (solvent) calculation
             ac_data  none       # default   do a calculation with asymptotic correction (see ACParameters class in chem/AC.h for details)
             pure_ae  true       # default   pure all electron calculation with no pseudo-atoms
         print_level  3          # default   0: no output; 1: final energy; 2: iterations; 3: timings; 10: debug
              nalpha  3          # derived   number of alpha spin electrons
               nbeta  3          # derived   number of beta  spin electrons
           nmo_alpha  3          # derived   number of alpha spin molecular orbitals
            nmo_beta  3          # derived   number of beta spin molecular orbitals
                  lo  9.0905e-04 # derived   smallest length scale we need to resolve
            protocol  [1.0000e-04, 1.0000e-06] # derived   calculation protocol
                gopt  false      # default   geometry optimizer
                gtol  1.0000e-04 # default   geometry tolerance
               gtest  false      # default   geometry tolerance
                gval  1.0000e-05 # default   value precision
               gprec  1.0000e-04 # default   gradient precision
            gmaxiter  20         # default   optimization maxiter
    ginitial_hessian  false      # default   compute inital hessian for optimization
              algopt  bfgs       # default   algorithm used for optimization              [bfgs, cg]
            tdksprop  false      # default   time-dependent Kohn-Sham equation propagate
           nv_factor  1          # default   factor to multiply number of virtual orbitals with when automatically decreasing nvirt
           vnucextra  2          # default   load balance parameter for nuclear pot
        loadbalparts  2          # default   ??
            response  false      # default   response function calculation
       response_freq  0.0000e+00 # default   frequency for calculation response function
       response_axis  [1, 1, 1]  # default   response axis
           nonrotate  false      # default   if true do not molcule orient (redundant with no_orient
               rconv  1.0000e-06 # default   Response convergence
              efield  0.0000e+00 # default   eps for finite field
         efield_axis  0          # default   finite field axis                            [0, 1, 2]
              nwfile  none       # default   Base name of nwchem output files (.out and .movecs extensions) to read from
                 ncf  (none,1.0000e+00) # defined   nuclear correlation factor
             hessian  false      # default   compute the hessian matrix
           read_cphf  false      # default   read the converged orbital response for nuclear displacements from file
        restart_cphf  false      # default   read the guess orbital response for nuclear displacements from file
      purify_hessian  false      # default   symmetrize the hessian matrix based on atomic charges

end
              charge  0.0000e+00 # defined   total molecular charge
                  xc  hf         # defined   XC input line
               smear  0.0000e+00 # default   smearing parameter
               econv  1.0000e-04 # defined   energy convergence
               dconv  5.0000e-04 # defined   density convergence
convergence_criteria  [bsh_residual, total_energy] # default   possible values are: bsh_residual, total_energy, each_energy, density
                   k  7          # defined   polynomial order
                   l  5.5228e+01 # derived   user coordinates box size
               deriv  abgv       # default   derivative method                            [abgv, bspline, ble]
           dft_deriv  abgv       # default   derivative method for gga potentials         [abgv, bspline, ble]
             maxrotn  2.5000e-01 # default   step restriction used in autoshift algorithm
             nvalpha  0          # default   number of alpha virtuals to compute
              nvbeta  0          # default   number of beta virtuals to compute
               nopen  0          # default   number of unpaired electrons = nalpha-nbeta
             maxiter  25         # default   maximum number of iterations
                 nio  1          # default   no. of io servers to use
     spin_restricted  true       # default   true if spin restricted
              plotlo  0          # default   range of MOs to print (for both spins if polarized
              plothi  -1         # default   range of MOs to print (for both spins if polarized
            plotdens  false      # default   If true print the density at convergence
            plotcoul  false      # default   If true plot the total coulomb potential at convergence
            localize  boys       # defined   localization method                          [pm, boys, new, canon]
          pointgroup  c1         # derived   use point (sub) group symmetry if not localized[c1, c2, ci, cs, c2v, c2h, d2, d2h]
             restart  false      # default   if true restart from orbitals on disk
           restartao  false      # default   if true restart from orbitals projected into AO basis (STO3G) on disk
          no_compute  false      # default   if true use orbitals on disk, set value to computed
           no_orient  false      # default   if true the molecule coordinates will not be reoriented
                save  true       # default   if true save orbitals to disk
              maxsub  10         # default   size of iterative subspace ... set to 0 or 1 to disable
        orbitalshift  0.0000e+00 # default   scf orbital shift: shift the occ orbitals to lower energies
            npt_plot  101        # default   no. of points to use in each dim for plots
           plot_cell  []         # default   lo hi in each dimension for plotting (default is all space)
             aobasis  6-31g      # derived   AO basis used for initial guess (6-31g or sto-3g)
           core_type  none       # default   core potential type                          [none, mpc]
         derivatives  false      # default   if true calculate nuclear derivatives
              dipole  false      # default   if true calculate dipole moment
      conv_only_dens  false      # default   if true remove bsh_residual from convergence criteria (deprecated)
            psp_calc  false      # default   pseudopotential calculation for all atoms
 print_dipole_matels  false      # default   if true output dipole matrix elements
            pcm_data  none       # default   do a PCM (solvent) calculation
             ac_data  none       # default   do a calculation with asymptotic correction (see ACParameters class in chem/AC.h for details)
             pure_ae  true       # default   pure all electron calculation with no pseudo-atoms
         print_level  3          # default   0: no output; 1: final energy; 2: iterations; 3: timings; 10: debug
              nalpha  3          # derived   number of alpha spin electrons
               nbeta  3          # derived   number of beta  spin electrons
           nmo_alpha  3          # derived   number of alpha spin molecular orbitals
            nmo_beta  3          # derived   number of beta spin molecular orbitals
                  lo  9.0905e-04 # derived   smallest length scale we need to resolve
            protocol  [1.0000e-04, 1.0000e-06] # derived   calculation protocol
                gopt  false      # default   geometry optimizer
                gtol  1.0000e-04 # default   geometry tolerance
               gtest  false      # default   geometry tolerance
                gval  1.0000e-05 # default   value precision
               gprec  1.0000e-04 # default   gradient precision
            gmaxiter  20         # default   optimization maxiter
    ginitial_hessian  false      # default   compute inital hessian for optimization
              algopt  bfgs       # default   algorithm used for optimization              [bfgs, cg]
            tdksprop  false      # default   time-dependent Kohn-Sham equation propagate
           nv_factor  1          # default   factor to multiply number of virtual orbitals with when automatically decreasing nvirt
           vnucextra  2          # default   load balance parameter for nuclear pot
        loadbalparts  2          # default   ??
            response  false      # default   response function calculation
       response_freq  0.0000e+00 # default   frequency for calculation response function
       response_axis  [1, 1, 1]  # default   response axis
           nonrotate  false      # default   if true do not molcule orient (redundant with no_orient
               rconv  1.0000e-06 # default   Response convergence
              efield  0.0000e+00 # default   eps for finite field
         efield_axis  0          # default   finite field axis                            [0, 1, 2]
              nwfile  none       # default   Base name of nwchem output files (.out and .movecs extensions) to read from



 geometry
   eprec 1.0e-06
   units atomic
   Be            0.00000000           0.00000000           0.44093610
   H             0.00000000           0.00000000           3.46449791
   H             0.00000000           0.00000000          -5.22824230
 end

Solving NDIM= 3  with thresh 1.000000e-04     k 7    conv 5.000000e-04 

timer:     Project vnuclear     0.62s     0.62s
constructed nuclear correlation factor of the form
    R   =  1.000000e+00
with eprec  1.000000e-06
which means it's (nearly) a conventional calculation

timer:        reproject ncf     1.86s     1.86s
timer:        guess density     0.50s     0.50s
timer:   guess Coulomb potn     0.48s     0.48s
timer:       guess lda potn     0.28s     0.28s
timer:        guess overlap     0.04s     0.04s
timer:    KEmat reconstruct     0.04s     0.04s
timer:  KEmat differentiate     0.28s     0.28s
timer:       KEmat compress     0.09s     0.09s
timer: KEmat inner products     0.24s     0.24s
timer:     guess Kinet potn     0.65s     0.65s
timer:           guess fock     0.57s     0.57s
timer:      guess eigen sol     0.02s     0.02s
timer: guess orbital groupi     0.18s     0.18s

starting protocol at time      7.4s 
precision steps  1.000000e-04  -->  1.000000e-04
protocol: thresh 1.000000e-04 econv  1.000000e-04 dconv 5.000000e-04

ending protocol at time      7.4s 

Solving NDIM= 3  with thresh 1.000000e-04     k 7    conv 5.000000e-04 

timer:        Boys localize     0.91s     0.91s
orbital irreps []
timer:      reconstruct psi     0.15s     0.15s
timer:        compute Jnemo     0.73s     0.73s
timer:        compute Knemo     2.00s     2.00s
timer: compute Unemo 0.0165     0.28s     0.28s

  nuclear and kinetic     -23.96978903
         kinetic only      15.28642957
              coulomb       9.59745821
             exchange      -3.29177427
    nuclear-repulsion       2.14355116
   regularized energy     -15.52055393
  buggy if hybrid functionals are used..
timer:       compute energy     3.63s     3.63s
Norm of vector changes ab spin case : rms 1.111043e-01    max 1.863746e-01
convergence: bshresidual, energy change, max energy change, density change 1.4e-01 1.6e+01 1.6e+01 1.4e+00
finished iteration  0 at time     20.7s with energy  -15.52055393
timer:        Boys localize     1.02s     1.02s
orbital irreps []
timer:      reconstruct psi     0.13s     0.13s
timer:        compute Jnemo     0.57s     0.57s
timer:        compute Knemo     1.98s     1.98s
timer: compute Unemo 0.0164     0.22s     0.22s

  nuclear and kinetic     -24.07682229
         kinetic only      15.15912454
              coulomb       9.56611486
             exchange      -3.21424207
    nuclear-repulsion       2.14355116
   regularized energy     -15.58139835
  buggy if hybrid functionals are used..
timer:       compute energy     3.51s     3.50s
Norm of vector changes ab spin case : rms 3.575570e-02    max 5.813706e-02
convergence: bshresidual, energy change, max energy change, density change 2.9e-02 6.1e-02 1.3e-01 1.2e-02
finished iteration  1 at time     33.3s with energy  -15.58139835
timer:        Boys localize     1.04s     1.04s
orbital irreps []
timer:      reconstruct psi     0.15s     0.15s
timer:        compute Jnemo     0.68s     0.68s
timer:        compute Knemo     2.07s     2.07s
timer: compute Unemo 0.0163     0.22s     0.22s

  nuclear and kinetic     -24.15140280
         kinetic only      15.16953558
              coulomb       9.61919112
             exchange      -3.19960836
    nuclear-repulsion       2.14355116
   regularized energy     -15.58826888
  buggy if hybrid functionals are used..
timer:       compute energy     3.54s     3.54s
Norm of vector changes ab spin case : rms 2.201990e-02    max 3.699748e-02
convergence: bshresidual, energy change, max energy change, density change 1.1e-02 6.9e-03 7.5e-02 6.6e-03
finished iteration  2 at time     46.7s with energy  -15.58826888
timer:        Boys localize     0.97s     0.97s
orbital irreps []
timer:      reconstruct psi     0.17s     0.17s
timer:        compute Jnemo     0.68s     0.68s
timer:        compute Knemo     2.06s     2.06s
timer: compute Unemo 0.0162     0.23s     0.23s

  nuclear and kinetic     -24.20524963
         kinetic only      15.17995876
              coulomb       9.66460974
             exchange      -3.19286333
    nuclear-repulsion       2.14355116
   regularized energy     -15.58995206
  buggy if hybrid functionals are used..
timer:       compute energy     3.35s     3.35s
Norm of vector changes ab spin case : rms 9.370547e-03    max 1.477503e-02
convergence: bshresidual, energy change, max energy change, density change 3.9e-03 1.7e-03 5.4e-02 1.9e-03
finished iteration  3 at time     59.5s with energy  -15.58995206
timer:        Boys localize     1.06s     1.06s
orbital irreps []
timer:      reconstruct psi     0.17s     0.17s
timer:        compute Jnemo     0.73s     0.73s
timer:        compute Knemo     2.13s     2.13s
timer: compute Unemo 0.0162     0.21s     0.21s

  nuclear and kinetic     -24.21971854
         kinetic only      15.18020337
              coulomb       9.67724703
             exchange      -3.19128847
    nuclear-repulsion       2.14355116
   regularized energy     -15.59020882
  buggy if hybrid functionals are used..
timer:       compute energy     3.51s     3.51s
Norm of vector changes ab spin case : rms 2.586777e-03    max 3.171697e-03
convergence: bshresidual, energy change, max energy change, density change 1.0e-03 2.6e-04 1.4e-02 7.9e-04
finished iteration  4 at time     72.9s with energy  -15.59020882
timer:        Boys localize     1.03s     1.03s
orbital irreps []
timer:      reconstruct psi     0.18s     0.18s
timer:        compute Jnemo     0.63s     0.63s
timer:        compute Knemo     1.89s     1.89s
timer: compute Unemo 0.0162     0.17s     0.17s

  nuclear and kinetic     -24.22128955
         kinetic only      15.17943556
              coulomb       9.67869630
             exchange      -3.19118586
    nuclear-repulsion       2.14355116
   regularized energy     -15.59022796
  buggy if hybrid functionals are used..
timer:       compute energy     3.18s     3.18s
Norm of vector changes ab spin case : rms 8.177392e-04    max 1.052380e-03
convergence: bshresidual, energy change, max energy change, density change 3.9e-04 1.9e-05 1.6e-03 2.7e-04
finished iteration  5 at time     85.7s with energy  -15.59022796

Iterations converged


ending protocol at time     85.7s 

 Dipole Moment (a.u.)
 -----------

     x:  1.614191e-14
     y:  4.938082e-15
     z:  1.299742e+00
 Total Dipole Moment:  1.299742e+00 

timer:               dipole     0.03s     0.03s
Nemo Orbital Energies: [*]  -4.83207541  -0.48429299  -0.30676595

nemo energy:  -1.559023e+01
 at time 86.1
PNO Integrals evaluated as:
pnoint
       rank_increase  15         # default   maximum rank to increase in every macroiteration
               chunk  100        # default   chunk of functions operated on in parallel when G or K is applied (prevent memory shortage)
               debug  false      # default   debug mode
              freeze  1          # derived   frozen core approximation
             maxrank  4          # defined   maximal pno rank for all pairs
           guesstype  exop       # derived   the guesstype: exop (recommended, multiply polynomial excitation operators onto the occupied orbitals), empty (don't compute a guess), scf (use the ao basis from the SCF solver), partial_wave (create s,p,d ..., type functions and place on atoms), predefined (same as partial_wave but for predefined sets)
                exop  multipole  # derived   this string defines which excitation operators can be used, use 'dipole', 'dipole+', 'quadrupole', 'ocopole', or 'multipole', need to set guesstype to 'exop' which is the default
          exop_trigo  true       # default   use trigonometric excitation operators ( x --> sin(x)
        partial_wave             # default   atom centered partial wave guess of format like 'h-2s1p-o-3s2p1d', need to set guesstype to 'partial_wave' and adaptive_solver to 'none'
          predefined             # default   predefined partial wave guesses of type pvxz with x=d,t,q,5,6, need to set guesstype to 'predefined' and adaptive_solver to 'none'
           maxiter_t  100        # default   maximal number of iterations in the amplitude solver
       maxiter_micro  10         # default   Maximum of iterations for every cycle in the adaptive solver
       maxiter_macro  10         # default   Maximum of iterations of cycles in the adaptive solver
                tpno  1.0000e-08 # default   PNO cutoff threshold
          tpno_tight  1.0000e-10 # derived   PNO cutoff for the first iteration
    canonicalize_pno  true       # default   canonicalize the pnos before the amplitude solver
              thresh  1.0000e-04 # defined   MRA threshold
         econv_micro  1.0000e-04 # derived   Energy convergence for microiterations (Greens function based optimization) in adaptive solver
         econv_pairs  1.0000e-05 # derived   ENergy convergence for individual pairs in adaptive solver. Converged pairs are frozen automatically
         econv_macro  1.0000e-04 # derived   Energy convergence for macroiterations in adaptive solver, no effect if adaptive_solver is deactivated
               dconv  1.0000e-01 # default   convergence of every PNO in the Green's function solver
           op_thresh  1.0000e-06 # default   MRA operator thresh
             restart  none       # derived   restart pairs of this type, use 'mp2', 'cispd', 'all' or 'none'
          no_compute  none       # default   do not compute the pairs of this type, use 'mp2', 'cispd', 'all' or 'none'
              no_opt  none       # default   do not optimize the pnos of this type, use 'mp2', 'cispd', 'all' or 'none'
            no_guess  none       # derived   guess for this type will be empty, use 'mp2', 'cispd', 'all' or 'none'
     adaptive_solver  all        # default   Use adaptive solver for those pairs, use 'mp2', 'cispd', 'all' or 'none', works only in combination with guesstype 'exop'
                kain  true       # default   use KAIN solver in amplitude solver
       kain_subspace  5          # default   subspace size of the KAIN solver (amplitudes)
                 f12  false      # defined   use explicit correlation
        cispd_number  -1         # default   CIS(D) excitation numbers, to read in correct functions
        cispd_energy  0.0000e+00 # default   CIS energy
        freeze_pairs  none       # default   frozen pairs will not be optimized: Expected format 'a b c d' will freeze pairs ab and cd
freeze_pairs_of_orbital  []         # default    All pairs which originate from this orbital will not be optimized
active_pairs_of_orbital  []         # default    All pairs which originate from this orbital will not be frozen all other pairs will, if this vector is not empty
no_opt_in_first_iteration  false      # default   Do not optimize in the first iteration (then the potentials do not have to be evaluated, use this for large guesses)
            exchange  full       # default   approximate exchange with 'neglect' or xc functional -> same syntax as moldft
           save_pnos  true       # default   Save the OBS-PNOs to a file, before and after orthonormalization.
            diagonal  true       # defined   Compute only diagonal PNOs
              orthog  symmetric  # defined   orthogonalization method for PNO basis, also current default for a potential CABS. options: symmetric, canonical, cholesky, rr_cholesky,
         orthog_cabs  default    # default   orthogonalization method for CABS basis. options: symmetric, canonical, cholesky, rr_cholesky, uses same as orbitals basis if default.
               n_pno  8          # defined   desired size of PNO-basis (orbital space)
         cabs_option  none       # default   type of complementary auxiliary basis to be used. can be none ~ no CABS, gbs ~ Gaussian basis set as CABS, requires input via auxbas_file, pno ~ use superfluous PNOs as CABS, mixed ~ gbs&pno-option
       pno_cabs_size  -1         # default   size of a potential pno-cabs. defaults to -1 ~ all remaining PNOs, if pno-cabs or mixed-cabs
           only_diag  false      # default   use only diagonal elements PNOs
         cherry_pick  []         # default   cherry pick option to choose particular set of PNOs, not just blindly by occupation number. can be useful, if only a restricted number of PNOs can be used, to avoid separating degenerate pairs. can be envoked by passing a vector via [ elem1, elem2, ... ]
               gamma  1.4000e+00 # default   The f12 length scale, here to be used to compute f12-integrals
         cabs_thresh  1.0000e-04 # derived    thresh for cabs part
              auxbas  none       # default   atom centered partial wave guess of format like 'h-2s1p-o-3s2p1d'
         auxbas_file  none       # default   Use external comp. aux. basis in addition to the pnos as auxbasis. Give the filename as parameter. Give the auxbas in turbomole format. Don't use contractions. If a file is specified the auxbas parameter has no effect
   print_pno_overlap  true       # default   Print overlap matrix at certain steps in computation, for debugging purposes.
              n_virt  0          # defined   Compute this number of virtuals and include them in the integral construction, experimental and not robust!.
      hardcore_boson  false      # default   compute only integrals for hardcore boson hamiltonian (restricted to double occupations)

end
F12 Operators initialized right
timer:                    Testing F12 Operators     0.71s     0.71s 
timer:  Initializing (active) Exchange Orbitals     1.83s     1.83s 
Size of active mos and their exchange potentials:
K(acmos)=2.657771e-03 Gbyte
acmos   =2.402216e-03 Gbyte
PNO Parameters
pno
       rank_increase  15         # default   maximum rank to increase in every macroiteration
               chunk  100        # default   chunk of functions operated on in parallel when G or K is applied (prevent memory shortage)
               debug  false      # default   debug mode
              freeze  1          # derived   frozen core approximation
             maxrank  4          # defined   maximal pno rank for all pairs
           guesstype  exop       # derived   the guesstype: exop (recommended, multiply polynomial excitation operators onto the occupied orbitals), empty (don't compute a guess), scf (use the ao basis from the SCF solver), partial_wave (create s,p,d ..., type functions and place on atoms), predefined (same as partial_wave but for predefined sets)
                exop  multipole  # derived   this string defines which excitation operators can be used, use 'dipole', 'dipole+', 'quadrupole', 'ocopole', or 'multipole', need to set guesstype to 'exop' which is the default
          exop_trigo  true       # default   use trigonometric excitation operators ( x --> sin(x)
        partial_wave             # default   atom centered partial wave guess of format like 'h-2s1p-o-3s2p1d', need to set guesstype to 'partial_wave' and adaptive_solver to 'none'
          predefined             # default   predefined partial wave guesses of type pvxz with x=d,t,q,5,6, need to set guesstype to 'predefined' and adaptive_solver to 'none'
           maxiter_t  100        # default   maximal number of iterations in the amplitude solver
       maxiter_micro  10         # default   Maximum of iterations for every cycle in the adaptive solver
       maxiter_macro  10         # default   Maximum of iterations of cycles in the adaptive solver
                tpno  1.0000e-08 # default   PNO cutoff threshold
          tpno_tight  1.0000e-10 # derived   PNO cutoff for the first iteration
    canonicalize_pno  true       # default   canonicalize the pnos before the amplitude solver
              thresh  1.0000e-04 # defined   MRA threshold
         econv_micro  1.0000e-04 # derived   Energy convergence for microiterations (Greens function based optimization) in adaptive solver
         econv_pairs  1.0000e-05 # derived   ENergy convergence for individual pairs in adaptive solver. Converged pairs are frozen automatically
         econv_macro  1.0000e-04 # derived   Energy convergence for macroiterations in adaptive solver, no effect if adaptive_solver is deactivated
               dconv  1.0000e-01 # default   convergence of every PNO in the Green's function solver
           op_thresh  1.0000e-06 # default   MRA operator thresh
             restart  none       # derived   restart pairs of this type, use 'mp2', 'cispd', 'all' or 'none'
          no_compute  none       # default   do not compute the pairs of this type, use 'mp2', 'cispd', 'all' or 'none'
              no_opt  none       # default   do not optimize the pnos of this type, use 'mp2', 'cispd', 'all' or 'none'
            no_guess  none       # derived   guess for this type will be empty, use 'mp2', 'cispd', 'all' or 'none'
     adaptive_solver  all        # default   Use adaptive solver for those pairs, use 'mp2', 'cispd', 'all' or 'none', works only in combination with guesstype 'exop'
                kain  true       # default   use KAIN solver in amplitude solver
       kain_subspace  5          # default   subspace size of the KAIN solver (amplitudes)
                 f12  false      # defined   use explicit correlation
        cispd_number  -1         # default   CIS(D) excitation numbers, to read in correct functions
        cispd_energy  0.0000e+00 # default   CIS energy
        freeze_pairs  none       # default   frozen pairs will not be optimized: Expected format 'a b c d' will freeze pairs ab and cd
freeze_pairs_of_orbital  []         # default    All pairs which originate from this orbital will not be optimized
active_pairs_of_orbital  []         # default    All pairs which originate from this orbital will not be frozen all other pairs will, if this vector is not empty
no_opt_in_first_iteration  false      # default   Do not optimize in the first iteration (then the potentials do not have to be evaluated, use this for large guesses)
            exchange  full       # default   approximate exchange with 'neglect' or xc functional -> same syntax as moldft
           save_pnos  true       # default   Save the OBS-PNOs to a file, before and after orthonormalization.
            diagonal  true       # defined   Compute only diagonal PNOs

end

**********************
Solve PNO-MP2
*********************


**********************
Iterate Pairs
*********************


************************
Adaptive Solver
***********************

Initializing empty Pairs:
no guess was explicitly demanded for mp2

timer:                                     RRCD     0.00s     0.00s 
timer:                             MRA compress     0.00s     0.00s 
timer:                          Transform Pairs     0.00s     0.00s 
timer:          apply Q and orthonormalize PNOs     0.00s     0.00s 
Created Guess:
pair11 with 0 guess functions
pair21 with 0 guess functions
pair22 with 0 guess functions
guess pair11 size: 0.0000000000e+00 | 0.0000000000e+00 Gbyte (after truncation)
guess pair22 size: 0.0000000000e+00 | 0.0000000000e+00 Gbyte (after truncation)
timer:                           truncate guess     0.00s     0.00s 
timer:                         Initialize Pairs     0.00s     0.00s 
Keyword multipole is not known
Guess protocol for adaptively growing ranks is: [dipole+, quadrupole, big_fock_3, big_fock_3, big_fock_3, big_fock_3, big_fock_3, big_fock_3, big_fock_3, big_fock_3]


--------Adaptive Solver Macroiteration 0 from max 10 ----------

Growing ranks with exop=dipole+
Create guess functions by multiplying plane-waves to 1 functions 
Created 4 virtuals for pair11
pair21 is frozen: no growing
Create guess functions by multiplying plane-waves to 1 functions 
Created 4 virtuals for pair22
frozen pair: no orthonormalization
timer:                                     RRCD     0.03s     0.03s 
timer:                             MRA compress     0.00s     0.00s 
timer:                          Transform Pairs     0.06s     0.06s 
timer:                        grow PNO subspace     1.50s     1.50s 
SolveInternal: Parameters are assigned as
no_compute        = false
no_opt            = false
restart           = false
do_cispd          = false
econv             =1.0000000000e-04
maxrank (min,max) = (4,4)
Solving MP2 doubles
timer:          fock matrix     2.71s     2.71s
Information About All Pairs:
mp2_pair11           number=0 rank=  4 frozen=false
mp2_pair21           number=1 rank=  0 frozen=true
mp2_pair22           number=2 rank=  4 frozen=false
number of pairs=3
average rank   =2 (2.6666666667e+00)
largest rank   =4
PNOPairs Memory Information
Total: 0.0093226433 GB 
PNO  : 0.0093226433 GB 
KPNO : 0.0000000000 GB 
W    : 0.0000000000 GB 

timer:                                 truncate     0.04s     0.04s 
wall time=98.6660850048 chunk=8 allK.size()=8 memory=0.0089137554 GB
timer:                             compute KPNO     3.91s     3.91s 
wall time=98.8113119602 chunk=8 allJ.size()=8 memory=0.0103857517 GB
timer:                             compute JPNO     0.15s     0.15s 
timer:                    compute Fock matrices     1.27s     1.27s 
timer:                             MRA compress     0.00s     0.00s 
timer:                          Transform Pairs     0.30s     0.30s 
timer:                             Canonicalize     0.30s     0.30s 
PNOPairs Memory Information
Total: 0.0179092884 GB 
PNO  : 0.0092408657 GB 
KPNO : 0.0086684227 GB 
W    : 0.0000000000 GB 

timer:                                 truncate     0.05s     0.05s 
mp2_pair21 is frozen: potential not computed
timer:                   Fluctuation Potentials     2.12s     2.12s 
timer:                       Fluctuation Matrix     0.14s     0.14s 
PNOPairs Memory Information
Total: 0.0314843655 GB 
PNO  : 0.0092408657 GB 
KPNO : 0.0086684227 GB 
W    : 0.0135750771 GB 

PNOPairs Memory Information
Total: 0.0314843655 GB 
PNO  : 0.0092408657 GB 
KPNO : 0.0086684227 GB 
W    : 0.0135750771 GB 

timer:                                 truncate     0.06s     0.06s 
timer:                             PNO Overlaps     0.07s     0.07s 
t_iter =  0  Hylleraas energy =  0.0000000000  ||R||_F =  0.1708254944  conv =  no
subspace solution [*]   1.00000000

t_iter =  1  Hylleraas energy =  -0.0309731541  ||R||_F =  0.0000000215  conv =  yes
=======================================================

Hylleraas MP2 Energies

=======================================================
    i    j      singlet      triplet        Total
=======================================================
    1    1  -1.25269e-02  0.00000e+00 -1.25269e-02
    2    1   0.00000e+00  0.00000e+00  0.00000e+00
    2    2  -1.84463e-02  0.00000e+00 -1.84463e-02
=======================================================
Hylleraas MP2 Energies (singlet): -3.09732e-02
Hylleraas MP2 Energies (triplet):  0.00000e+00
Hylleraas MP2 Energies (total)  : -3.09732e-02
=======================================================
-------------------------------------------
Total Reg Energy  =-3.09732e-02
Total F12 Energy  = 0.00000e+00
Sum Energies Total=-3.09732e-02
-------------------------------------------
timer:                         Solve Amplitudes     0.00s     0.00s 
No optimization untill now: Compressing pno ranks with tighter threshold
1.00000e-10 instead of 1.00000e-08
pair11: density evals:
 [*]   0.00299013   0.00412279   0.00412279   0.00823763

pair22: density evals:
 [*]   0.00267690   0.00330837   0.00330837   0.04584518

timer:                            compress PNOs     0.00s     0.00s 
timer:                             MRA compress     0.00s     0.00s 
timer:                          Transform Pairs     0.38s     0.38s 
timer:                          PNO Compression     0.39s     0.39s 
Information About All Pairs:
mp2_pair11           number=0 rank=  4 frozen=false
mp2_pair21           number=1 rank=  0 frozen=true
mp2_pair22           number=2 rank=  4 frozen=false
number of pairs=3
average rank   =2 (2.66667e+00)
largest rank   =4
saving vector of functions mp2_pair11
saving vector of functions mp2_pair22
timer:                        save pnos on disc     0.16s     0.16s 
PNOPairs Memory Information
Total: 0.03116 GB 
PNO  : 0.00924 GB 
KPNO : 0.00834 GB 
W    : 0.01358 GB 

timer:                                 truncate     0.03s     0.03s 
timer:      compute densities for G application     0.00s     0.00s 
pair21 is frozen: no optimization
timer:                Prepare for G application     0.49s     0.49s 
timer:                                    add K     0.04s     0.04s 
size of all Vpsi potentials (without Vnuc and J) 0.01071 GB 
time=104.66234 chunk=8 Vpsi+Vnuc+J=0.03296 GB
time=104.72884 chunk=8 Vpsi+Vnuc+J=0.03271 GB (after truncation)
timer:                           Apply G to all     3.18s     3.18s 
timer:                       apply Q and update     0.00s     0.00s 
mp2_pair11 residual norms:
[0.46776, 0.35686, 0.35686, 0.42402]
mp2_pair11 scaled residual norms:
[0.02558, 0.02291, 0.02291, 0.03849]
mp2_pair22 residual norms:
[0.45021, 0.36671, 0.36671, 0.35405]
mp2_pair22 scaled residual norms:
[0.02329, 0.02109, 0.02109, 0.07581]
timer:                          update all PNOs     3.71s     3.71s 
frozen pair: no orthonormalization
timer:                                     RRCD     0.05s     0.05s 
timer:                             MRA compress     0.00s     0.00s 
timer:                          Transform Pairs     0.09s     0.09s 
saving vector of functions mp2_pair11
saving vector of functions mp2_pair22
timer:                        save pnos on disc     0.16s     0.16s 


No convergence yet. Energy change = 0.03097

timer:                        Whole Iteration 1    12.75s    12.76s 
Information About All Pairs:
mp2_pair11           number=0 rank=  4 frozen=false
mp2_pair21           number=1 rank=  0 frozen=true
mp2_pair22           number=2 rank=  4 frozen=false
number of pairs=3
average rank   =2 (2.66667)
largest rank   =4
PNOPairs Memory Information
Total: 0.00908 GB 
PNO  : 0.00908 GB 
KPNO : 0.00000 GB 
W    : 0.00000 GB 

timer:                                 truncate     0.04s     0.04s 
wall time=111.20557 chunk=8 allK.size()=8 memory=0.00883 GB
timer:                             compute KPNO     3.70s     3.70s 
wall time=111.39522 chunk=8 allJ.size()=8 memory=0.00973 GB
timer:                             compute JPNO     0.19s     0.19s 
timer:                    compute Fock matrices     1.28s     1.28s 
timer:                             MRA compress     0.00s     0.00s 
timer:                          Transform Pairs     0.22s     0.22s 
timer:                             Canonicalize     0.22s     0.22s 
PNOPairs Memory Information
Total: 0.01758 GB 
PNO  : 0.00875 GB 
KPNO : 0.00883 GB 
W    : 0.00000 GB 

timer:                                 truncate     0.03s     0.03s 
mp2_pair21 is frozen: potential not computed
timer:                   Fluctuation Potentials     2.01s     2.01s 
timer:                       Fluctuation Matrix     0.12s     0.12s 
PNOPairs Memory Information
Total: 0.03148 GB 
PNO  : 0.00875 GB 
KPNO : 0.00883 GB 
W    : 0.01390 GB 

PNOPairs Memory Information
Total: 0.03148 GB 
PNO  : 0.00875 GB 
KPNO : 0.00883 GB 
W    : 0.01390 GB 

timer:                                 truncate     0.05s     0.05s 
timer:                             PNO Overlaps     0.05s     0.05s 
t_iter =  0  Hylleraas energy =  0.00000  ||R||_F =  0.24984  conv =  no
subspace solution [*]   1.00000000

t_iter =  1  Hylleraas energy =  -0.05399  ||R||_F =  0.00000  conv =  no
subspace solution [*]   1.99999967  -0.99999967

t_iter =  2  Hylleraas energy =  -0.05399  ||R||_F =  0.00000  conv =  no
subspace solution [*]   0.00000000   0.00000000   1.00000000

t_iter =  3  Hylleraas energy =  -0.05399  ||R||_F =  0.00000  conv =  yes
=======================================================

Hylleraas MP2 Energies

=======================================================
    i    j      singlet      triplet        Total
=======================================================
    1    1  -2.24373e-02  0.00000e+00 -2.24373e-02
    2    1   0.00000e+00  0.00000e+00  0.00000e+00
    2    2  -3.15552e-02  0.00000e+00 -3.15552e-02
=======================================================
Hylleraas MP2 Energies (singlet): -5.39925e-02
Hylleraas MP2 Energies (triplet):  0.00000e+00
Hylleraas MP2 Energies (total)  : -5.39925e-02
=======================================================
-------------------------------------------
Total Reg Energy  =-5.39925e-02
Total F12 Energy  = 0.00000e+00
Sum Energies Total=-5.39925e-02
-------------------------------------------
timer:                         Solve Amplitudes     0.00s     0.00s 
pair11: density evals:
 [*]   0.00422763   0.00497805   0.00497805   0.01337470

pair22: density evals:
 [*]   0.00355413   0.00383928   0.00383928   0.07418380

timer:                            compress PNOs     0.00s     0.00s 
timer:                             MRA compress     0.00s     0.00s 
timer:                          Transform Pairs     0.35s     0.35s 
timer:                          PNO Compression     0.36s     0.36s 
Information About All Pairs:
mp2_pair11           number=0 rank=  4 frozen=false
mp2_pair21           number=1 rank=  0 frozen=true
mp2_pair22           number=2 rank=  4 frozen=false
number of pairs=3
average rank   =2 (2.66667e+00)
largest rank   =4
saving vector of functions mp2_pair11
saving vector of functions mp2_pair22
timer:                        save pnos on disc     0.16s     0.16s 
PNOPairs Memory Information
Total: 0.03132 GB 
PNO  : 0.00867 GB 
KPNO : 0.00875 GB 
W    : 0.01390 GB 

timer:                                 truncate     0.07s     0.07s 
timer:      compute densities for G application     0.00s     0.00s 
pair21 is frozen: no optimization
timer:                Prepare for G application     0.32s     0.32s 
timer:                                    add K     0.02s     0.02s 
size of all Vpsi potentials (without Vnuc and J) 0.01112 GB 
time=116.76566 chunk=8 Vpsi+Vnuc+J=0.03157 GB
time=116.83242 chunk=8 Vpsi+Vnuc+J=0.03108 GB (after truncation)
timer:                           Apply G to all     2.88s     2.88s 
timer:                       apply Q and update     0.00s     0.00s 
mp2_pair11 residual norms:
[0.11034, 0.09373, 0.09373, 0.13017]
mp2_pair11 scaled residual norms:
[0.00717, 0.00661, 0.00661, 0.01505]
mp2_pair22 residual norms:
[0.12860, 0.10219, 0.10219, 0.08086]
mp2_pair22 scaled residual norms:
[0.00767, 0.00633, 0.00633, 0.02202]
timer:                          update all PNOs     3.22s     3.22s 
frozen pair: no orthonormalization
timer:                                     RRCD     0.07s     0.07s 
timer:                             MRA compress     0.00s     0.00s 
timer:                          Transform Pairs     0.16s     0.16s 
saving vector of functions mp2_pair11
saving vector of functions mp2_pair22
timer:                        save pnos on disc     0.15s     0.15s 


No convergence yet. Energy change = 0.02302

timer:                        Whole Iteration 2    11.92s    11.92s 
Information About All Pairs:
mp2_pair11           number=0 rank=  4 frozen=false
mp2_pair21           number=1 rank=  0 frozen=true
mp2_pair22           number=2 rank=  4 frozen=false
number of pairs=3
average rank   =2 (2.66667)
largest rank   =4
PNOPairs Memory Information
Total: 0.00883 GB 
PNO  : 0.00883 GB 
KPNO : 0.00000 GB 
W    : 0.00000 GB 

timer:                                 truncate     0.04s     0.04s 
wall time=123.15314 chunk=8 allK.size()=8 memory=0.00891 GB
timer:                             compute KPNO     3.72s     3.72s 
wall time=123.30310 chunk=8 allJ.size()=8 memory=0.00990 GB
timer:                             compute JPNO     0.15s     0.15s 
timer:                    compute Fock matrices     1.31s     1.31s 
timer:                             MRA compress     0.00s     0.00s 
timer:                          Transform Pairs     0.28s     0.28s 
timer:                             Canonicalize     0.28s     0.28s 
PNOPairs Memory Information
Total: 0.01766 GB 
PNO  : 0.00891 GB 
KPNO : 0.00875 GB 
W    : 0.00000 GB 

timer:                                 truncate     0.04s     0.04s 
mp2_pair21 is frozen: potential not computed
timer:                   Fluctuation Potentials     1.87s     1.87s 
timer:                       Fluctuation Matrix     0.15s     0.15s 
PNOPairs Memory Information
Total: 0.03140 GB 
PNO  : 0.00891 GB 
KPNO : 0.00875 GB 
W    : 0.01374 GB 

PNOPairs Memory Information
Total: 0.03140 GB 
PNO  : 0.00891 GB 
KPNO : 0.00875 GB 
W    : 0.01374 GB 

timer:                                 truncate     0.04s     0.04s 
timer:                             PNO Overlaps     0.05s     0.05s 
t_iter =  0  Hylleraas energy =  0.00000  ||R||_F =  0.26800  conv =  no
subspace solution [*]   1.00000000

t_iter =  1  Hylleraas energy =  -0.05672  ||R||_F =  0.00000  conv =  yes
=======================================================

Hylleraas MP2 Energies

=======================================================
    i    j      singlet      triplet        Total
=======================================================
    1    1  -2.37255e-02  0.00000e+00 -2.37255e-02
    2    1   0.00000e+00  0.00000e+00  0.00000e+00
    2    2  -3.29969e-02  0.00000e+00 -3.29969e-02
=======================================================
Hylleraas MP2 Energies (singlet): -5.67224e-02
Hylleraas MP2 Energies (triplet):  0.00000e+00
Hylleraas MP2 Energies (total)  : -5.67224e-02
=======================================================
-------------------------------------------
Total Reg Energy  =-5.67224e-02
Total F12 Energy  = 0.00000e+00
Sum Energies Total=-5.67224e-02
-------------------------------------------
timer:                         Solve Amplitudes     0.00s     0.00s 
pair11: density evals:
 [*]   0.00397485   0.00475884   0.00475884   0.01292696

pair22: density evals:
 [*]   0.00337475   0.00361977   0.00361977   0.07326376

timer:                            compress PNOs     0.00s     0.00s 
timer:                             MRA compress     0.00s     0.00s 
timer:                          Transform Pairs     0.34s     0.34s 
timer:                          PNO Compression     0.34s     0.34s 
Information About All Pairs:
mp2_pair11           number=0 rank=  4 frozen=false
mp2_pair21           number=1 rank=  0 frozen=true
mp2_pair22           number=2 rank=  4 frozen=false
number of pairs=3
average rank   =2 (2.66667e+00)
largest rank   =4
saving vector of functions mp2_pair11
saving vector of functions mp2_pair22
timer:                        save pnos on disc     0.16s     0.16s 
PNOPairs Memory Information
Total: 0.03132 GB 
PNO  : 0.00883 GB 
KPNO : 0.00875 GB 
W    : 0.01374 GB 

timer:                                 truncate     0.05s     0.05s 
timer:      compute densities for G application     0.00s     0.00s 
pair21 is frozen: no optimization
timer:                Prepare for G application     0.46s     0.46s 
timer:                                    add K     0.03s     0.03s 
size of all Vpsi potentials (without Vnuc and J) 0.01194 GB 
time=128.77497 chunk=8 Vpsi+Vnuc+J=0.03328 GB
time=128.86409 chunk=8 Vpsi+Vnuc+J=0.03214 GB (after truncation)
timer:                           Apply G to all     3.05s     3.05s 
timer:                       apply Q and update     0.00s     0.00s 
mp2_pair11 residual norms:
[0.04040, 0.03142, 0.03142, 0.05395]
mp2_pair11 scaled residual norms:
[0.00255, 0.00217, 0.00217, 0.00613]
mp2_pair22 residual norms:
[0.06079, 0.05029, 0.05029, 0.03026]
mp2_pair22 scaled residual norms:
[0.00353, 0.00303, 0.00303, 0.00819]
timer:                          update all PNOs     3.54s     3.55s 
frozen pair: no orthonormalization
timer:                                     RRCD     0.03s     0.03s 
timer:                             MRA compress     0.00s     0.00s 
timer:                          Transform Pairs     0.10s     0.10s 
saving vector of functions mp2_pair11
saving vector of functions mp2_pair22
timer:                        save pnos on disc     0.16s     0.16s 


No convergence yet. Energy change = 0.00273

timer:                        Whole Iteration 3    12.12s    12.12s 
Information About All Pairs:
mp2_pair11           number=0 rank=  4 frozen=false
mp2_pair21           number=1 rank=  0 frozen=true
mp2_pair22           number=2 rank=  4 frozen=false
number of pairs=3
average rank   =2 (2.66667)
largest rank   =4
PNOPairs Memory Information
Total: 0.00932 GB 
PNO  : 0.00932 GB 
KPNO : 0.00000 GB 
W    : 0.00000 GB 

timer:                                 truncate     0.05s     0.05s 
wall time=135.48590 chunk=8 allK.size()=8 memory=0.00900 GB
timer:                             compute KPNO     3.93s     3.93s 
wall time=135.64710 chunk=8 allJ.size()=8 memory=0.01022 GB
timer:                             compute JPNO     0.16s     0.16s 
timer:                    compute Fock matrices     1.24s     1.24s 
timer:                             MRA compress     0.00s     0.00s 
timer:                          Transform Pairs     0.23s     0.23s 
timer:                             Canonicalize     0.23s     0.23s 
PNOPairs Memory Information
Total: 0.01824 GB 
PNO  : 0.00932 GB 
KPNO : 0.00891 GB 
W    : 0.00000 GB 

timer:                                 truncate     0.06s     0.06s 
mp2_pair21 is frozen: potential not computed
timer:                   Fluctuation Potentials     2.08s     2.08s 
timer:                       Fluctuation Matrix     0.17s     0.17s 
PNOPairs Memory Information
Total: 0.03181 GB 
PNO  : 0.00932 GB 
KPNO : 0.00891 GB 
W    : 0.01358 GB 

PNOPairs Memory Information
Total: 0.03181 GB 
PNO  : 0.00932 GB 
KPNO : 0.00891 GB 
W    : 0.01358 GB 

timer:                                 truncate     0.06s     0.06s 
timer:                             PNO Overlaps     0.09s     0.09s 
t_iter =  0  Hylleraas energy =  0.00000  ||R||_F =  0.27436  conv =  no
subspace solution [*]   1.00000000

t_iter =  1  Hylleraas energy =  -0.05719  ||R||_F =  0.00000  conv =  yes
=======================================================

Hylleraas MP2 Energies

=======================================================
    i    j      singlet      triplet        Total
=======================================================
    1    1  -2.39345e-02  0.00000e+00 -2.39345e-02
    2    1   0.00000e+00  0.00000e+00  0.00000e+00
    2    2  -3.32568e-02  0.00000e+00 -3.32568e-02
=======================================================
Hylleraas MP2 Energies (singlet): -5.71913e-02
Hylleraas MP2 Energies (triplet):  0.00000e+00
Hylleraas MP2 Energies (total)  : -5.71913e-02
=======================================================
-------------------------------------------
Total Reg Energy  =-5.71913e-02
Total F12 Energy  = 0.00000e+00
Sum Energies Total=-5.71913e-02
-------------------------------------------
timer:                         Solve Amplitudes     0.00s     0.00s 
pair11: density evals:
 [*]   0.00383571   0.00464210   0.00464210   0.01247221

pair22: density evals:
 [*]   0.00325391   0.00348361   0.00348361   0.07196888

timer:                            compress PNOs     0.00s     0.00s 
timer:                             MRA compress     0.00s     0.00s 
timer:                          Transform Pairs     0.41s     0.41s 
timer:                          PNO Compression     0.41s     0.41s 
Information About All Pairs:
mp2_pair11           number=0 rank=  4 frozen=false
mp2_pair21           number=1 rank=  0 frozen=true
mp2_pair22           number=2 rank=  4 frozen=false
number of pairs=3
average rank   =2 (2.66667e+00)
largest rank   =4
saving vector of functions mp2_pair11
saving vector of functions mp2_pair22
timer:                        save pnos on disc     0.17s     0.17s 
PNOPairs Memory Information
Total: 0.03181 GB 
PNO  : 0.00932 GB 
KPNO : 0.00891 GB 
W    : 0.01358 GB 

timer:                                 truncate     0.05s     0.05s 
timer:      compute densities for G application     0.00s     0.00s 
pair21 is frozen: no optimization
timer:                Prepare for G application     0.46s     0.46s 
timer:                                    add K     0.04s     0.04s 
size of all Vpsi potentials (without Vnuc and J) 0.01218 GB 
time=141.42000 chunk=8 Vpsi+Vnuc+J=0.03369 GB
time=141.49257 chunk=8 Vpsi+Vnuc+J=0.03263 GB (after truncation)
timer:                           Apply G to all     3.10s     3.10s 
timer:                       apply Q and update     0.00s     0.00s 
mp2_pair11 residual norms:
[0.01683, 0.01126, 0.01126, 0.02359]
mp2_pair11 scaled residual norms:
[0.00104, 0.00077, 0.00077, 0.00263]
mp2_pair22 residual norms:
[0.03221, 0.03050, 0.03050, 0.01270]
mp2_pair22 scaled residual norms:
[0.00184, 0.00180, 0.00180, 0.00341]
timer:                          update all PNOs     3.60s     3.60s 
frozen pair: no orthonormalization
timer:                                     RRCD     0.04s     0.04s 
timer:                             MRA compress     0.00s     0.00s 
timer:                          Transform Pairs     0.08s     0.08s 
saving vector of functions mp2_pair11
saving vector of functions mp2_pair22
timer:                        save pnos on disc     0.17s     0.17s 


No convergence yet. Energy change = 0.00047

timer:                        Whole Iteration 4    12.64s    12.64s 
Information About All Pairs:
mp2_pair11           number=0 rank=  4 frozen=false
mp2_pair21           number=1 rank=  0 frozen=true
mp2_pair22           number=2 rank=  4 frozen=false
number of pairs=3
average rank   =2 (2.66667)
largest rank   =4
PNOPairs Memory Information
Total: 0.00940 GB 
PNO  : 0.00940 GB 
KPNO : 0.00000 GB 
W    : 0.00000 GB 

timer:                                 truncate     0.04s     0.04s 
wall time=148.01726 chunk=8 allK.size()=8 memory=0.00891 GB
timer:                             compute KPNO     3.82s     3.82s 
wall time=148.20722 chunk=8 allJ.size()=8 memory=0.01030 GB
timer:                             compute JPNO     0.19s     0.19s 
timer:                    compute Fock matrices     1.20s     1.20s 
timer:                             MRA compress     0.00s     0.00s 
timer:                          Transform Pairs     0.17s     0.17s 
timer:                             Canonicalize     0.18s     0.18s 
PNOPairs Memory Information
Total: 0.01832 GB 
PNO  : 0.00940 GB 
KPNO : 0.00891 GB 
W    : 0.00000 GB 

timer:                                 truncate     0.03s     0.03s 
mp2_pair21 is frozen: potential not computed
timer:                   Fluctuation Potentials     1.93s     1.93s 
timer:                       Fluctuation Matrix     0.12s     0.12s 
PNOPairs Memory Information
Total: 0.03189 GB 
PNO  : 0.00940 GB 
KPNO : 0.00891 GB 
W    : 0.01358 GB 

PNOPairs Memory Information
Total: 0.03189 GB 
PNO  : 0.00940 GB 
KPNO : 0.00891 GB 
W    : 0.01358 GB 

timer:                                 truncate     0.06s     0.06s 
timer:                             PNO Overlaps     0.08s     0.08s 
t_iter =  0  Hylleraas energy =  0.00000  ||R||_F =  0.27696  conv =  no
subspace solution [*]   1.00000000

t_iter =  1  Hylleraas energy =  -0.05729  ||R||_F =  0.00000  conv =  no
subspace solution [*]   2.00000048  -1.00000048

t_iter =  2  Hylleraas energy =  -0.05729  ||R||_F =  0.00000  conv =  no
subspace solution [*]   0.00000000   0.00000000   1.00000000

t_iter =  3  Hylleraas energy =  -0.05729  ||R||_F =  0.00000  conv =  yes
=======================================================

Hylleraas MP2 Energies

=======================================================
    i    j      singlet      triplet        Total
=======================================================
    1    1  -2.39721e-02  0.00000e+00 -2.39721e-02
    2    1   0.00000e+00  0.00000e+00  0.00000e+00
    2    2  -3.33189e-02  0.00000e+00 -3.33189e-02
=======================================================
Hylleraas MP2 Energies (singlet): -5.72910e-02
Hylleraas MP2 Energies (triplet):  0.00000e+00
Hylleraas MP2 Energies (total)  : -5.72910e-02
=======================================================
-------------------------------------------
Total Reg Energy  =-5.72910e-02
Total F12 Energy  = 0.00000e+00
Sum Energies Total=-5.72910e-02
-------------------------------------------
timer:                         Solve Amplitudes     0.00s     0.00s 
pair11: density evals:
 [*]   0.00377513   0.00459413   0.00459413   0.01223640

pair22: density evals:
 [*]   0.00318742   0.00340397   0.00340397   0.07130894

timer:                            compress PNOs     0.00s     0.00s 
timer:                             MRA compress     0.00s     0.00s 
timer:                          Transform Pairs     0.50s     0.50s 
timer:                          PNO Compression     0.50s     0.50s 
Information About All Pairs:
mp2_pair11           number=0 rank=  4 frozen=false
mp2_pair21           number=1 rank=  0 frozen=true
mp2_pair22           number=2 rank=  4 frozen=false
number of pairs=3
average rank   =2 (2.66667e+00)
largest rank   =4
saving vector of functions mp2_pair11
saving vector of functions mp2_pair22
timer:                        save pnos on disc     0.16s     0.16s 
PNOPairs Memory Information
Total: 0.03181 GB 
PNO  : 0.00940 GB 
KPNO : 0.00883 GB 
W    : 0.01358 GB 

timer:                                 truncate     0.05s     0.05s 
timer:      compute densities for G application     0.00s     0.00s 
pair21 is frozen: no optimization
timer:                Prepare for G application     0.31s     0.31s 
timer:                                    add K     0.02s     0.02s 
size of all Vpsi potentials (without Vnuc and J) 0.01227 GB 
time=153.61885 chunk=8 Vpsi+Vnuc+J=0.03377 GB
time=153.66923 chunk=8 Vpsi+Vnuc+J=0.03263 GB (after truncation)
timer:                           Apply G to all     2.86s     2.86s 
timer:                       apply Q and update     0.00s     0.00s 
mp2_pair11 residual norms:
[0.00766, 0.00426, 0.00426, 0.01041]
mp2_pair11 scaled residual norms:
[0.00047, 0.00029, 0.00029, 0.00115]
mp2_pair22 residual norms:
[0.01759, 0.01974, 0.01974, 0.00555]
mp2_pair22 scaled residual norms:
[0.00099, 0.00115, 0.00115, 0.00148]
timer:                          update all PNOs     3.20s     3.20s 
frozen pair: no orthonormalization
timer:                                     RRCD     0.03s     0.03s 
timer:                             MRA compress     0.00s     0.00s 
timer:                          Transform Pairs     0.14s     0.14s 
saving vector of functions mp2_pair11
saving vector of functions mp2_pair22
timer:                        save pnos on disc     0.14s     0.14s 


CONVERGED!
energy change = 0.00010

re-entering loop to compute the correct amplitudes and energies
timer:                        Whole Iteration 5    11.96s    11.96s 
Information About All Pairs:
mp2_pair11           number=0 rank=  4 frozen=false
mp2_pair21           number=1 rank=  0 frozen=true
mp2_pair22           number=2 rank=  4 frozen=false
number of pairs=3
average rank   =2 (2.66667)
largest rank   =4
PNOPairs Memory Information
Total: 0.00940 GB 
PNO  : 0.00940 GB 
KPNO : 0.00000 GB 
W    : 0.00000 GB 

timer:                                 truncate     0.03s     0.03s 
wall time=159.95233 chunk=8 allK.size()=8 memory=0.00891 GB
timer:                             compute KPNO     3.82s     3.82s 
wall time=160.10712 chunk=8 allJ.size()=8 memory=0.01022 GB
timer:                             compute JPNO     0.15s     0.15s 
timer:                    compute Fock matrices     1.23s     1.23s 
timer:                             MRA compress     0.00s     0.00s 
timer:                          Transform Pairs     0.26s     0.26s 
timer:                             Canonicalize     0.26s     0.26s 
PNOPairs Memory Information
Total: 0.01832 GB 
PNO  : 0.00940 GB 
KPNO : 0.00891 GB 
W    : 0.00000 GB 

timer:                                 truncate     0.06s     0.06s 
mp2_pair21 is frozen: potential not computed
timer:                   Fluctuation Potentials     2.06s     2.06s 
timer:                       Fluctuation Matrix     0.22s     0.22s 
PNOPairs Memory Information
Total: 0.03189 GB 
PNO  : 0.00940 GB 
KPNO : 0.00891 GB 
W    : 0.01358 GB 

PNOPairs Memory Information
Total: 0.03189 GB 
PNO  : 0.00940 GB 
KPNO : 0.00891 GB 
W    : 0.01358 GB 

timer:                                 truncate     0.04s     0.04s 
timer:                             PNO Overlaps     0.10s     0.10s 
t_iter =  0  Hylleraas energy =  0.00000  ||R||_F =  0.27812  conv =  no
subspace solution [*]   1.00000000

t_iter =  1  Hylleraas energy =  -0.05732  ||R||_F =  0.00000  conv =  no
subspace solution [*]   2.00000050  -1.00000050

t_iter =  2  Hylleraas energy =  -0.05732  ||R||_F =  0.00000  conv =  no
subspace solution [*]   0.00000000   0.00000000   1.00000000

t_iter =  3  Hylleraas energy =  -0.05732  ||R||_F =  0.00000  conv =  yes
=======================================================

Hylleraas MP2 Energies

=======================================================
    i    j      singlet      triplet        Total
=======================================================
    1    1  -2.39793e-02  0.00000e+00 -2.39793e-02
    2    1   0.00000e+00  0.00000e+00  0.00000e+00
    2    2  -3.33360e-02  0.00000e+00 -3.33360e-02
=======================================================
Hylleraas MP2 Energies (singlet): -5.73152e-02
Hylleraas MP2 Energies (triplet):  0.00000e+00
Hylleraas MP2 Energies (total)  : -5.73152e-02
=======================================================
-------------------------------------------
Total Reg Energy  =-5.73152e-02
Total F12 Energy  = 0.00000e+00
Sum Energies Total=-5.73152e-02
-------------------------------------------
timer:                         Solve Amplitudes     0.00s     0.00s 
pair11: density evals:
 [*]   0.00374884   0.00457484   0.00457484   0.01212719

pair22: density evals:
 [*]   0.00315112   0.00335353   0.00335353   0.07100653

timer:                            compress PNOs     0.00s     0.00s 
timer:                             MRA compress     0.00s     0.00s 
timer:                          Transform Pairs     0.51s     0.51s 
timer:                          PNO Compression     0.51s     0.51s 
Information About All Pairs:
mp2_pair11           number=0 rank=  4 frozen=false
mp2_pair21           number=1 rank=  0 frozen=true
mp2_pair22           number=2 rank=  4 frozen=false
number of pairs=3
average rank   =2 (2.66667e+00)
largest rank   =4
saving vector of functions mp2_pair11
saving vector of functions mp2_pair22
timer:                        save pnos on disc     0.17s     0.17s 
exiting: Iterations converged
PNO ranks:
PNO Rank for pair pair11 = 4
PNO Rank for pair pair21 = 0
PNO Rank for pair pair22 = 4
average rank 2.66667e+00
timer:                               PNO::solve    72.80s    72.81s 

--------------------------------
ITERATE-PAIRS-INTERNAL-ENDED
--------------------------------
mp2_pair21 converged!


Adaptive Sovler:
 Current Energy=-5.7315245956e-02
 DeltaE        =-5.7315245956e-02
 max dE (pair) =-3.3335990203e-02 (2)
 all_pairs_conv=false




not converged yet

freeze pair mp2_pair21 (not further optimized: Energy below 1.0000000000e-05)
Maximum Rank of4 reached for all non-frozen pairs, no need to iterate further=======================================================

Final MP2 Energies

=======================================================
    i    j      singlet      triplet        Total
=======================================================
    1    1  -2.39793e-02  0.00000e+00 -2.39793e-02
    2    1   0.00000e+00  0.00000e+00  0.00000e+00
    2    2  -3.33360e-02  0.00000e+00 -3.33360e-02
=======================================================
Final MP2 Energies (singlet): -5.73152e-02
Final MP2 Energies (triplet):  0.00000e+00
Final MP2 Energies (total)  : -5.73152e-02
=======================================================
-------------------------------------------
Total Reg Energy  =-5.73152e-02
Total F12 Energy  = 0.00000e+00
Sum Energies Total=-5.73152e-02
-------------------------------------------
Average | Max Rank: 2 | 4



--------------------------------------------------
MRA-PNO-MP2-F12 ended 
--------------------------------------------------
                 time scf = 8.56225e+01
               energy scf = -1.55902e+01
--------------------------------------------------
restarting PNO to reload pairs that converged before and were frozen
PNO Parameters
pno
       rank_increase  15         # default   maximum rank to increase in every macroiteration
               chunk  100        # default   chunk of functions operated on in parallel when G or K is applied (prevent memory shortage)
               debug  false      # default   debug mode
              freeze  1          # derived   frozen core approximation
             maxrank  4          # defined   maximal pno rank for all pairs
           guesstype  exop       # derived   the guesstype: exop (recommended, multiply polynomial excitation operators onto the occupied orbitals), empty (don't compute a guess), scf (use the ao basis from the SCF solver), partial_wave (create s,p,d ..., type functions and place on atoms), predefined (same as partial_wave but for predefined sets)
                exop  multipole  # derived   this string defines which excitation operators can be used, use 'dipole', 'dipole+', 'quadrupole', 'ocopole', or 'multipole', need to set guesstype to 'exop' which is the default
          exop_trigo  true       # default   use trigonometric excitation operators ( x --> sin(x)
        partial_wave             # default   atom centered partial wave guess of format like 'h-2s1p-o-3s2p1d', need to set guesstype to 'partial_wave' and adaptive_solver to 'none'
          predefined             # default   predefined partial wave guesses of type pvxz with x=d,t,q,5,6, need to set guesstype to 'predefined' and adaptive_solver to 'none'
           maxiter_t  100        # default   maximal number of iterations in the amplitude solver
       maxiter_micro  10         # default   Maximum of iterations for every cycle in the adaptive solver
       maxiter_macro  10         # default   Maximum of iterations of cycles in the adaptive solver
                tpno  1.0000e-08 # default   PNO cutoff threshold
          tpno_tight  1.0000e-10 # derived   PNO cutoff for the first iteration
    canonicalize_pno  true       # default   canonicalize the pnos before the amplitude solver
              thresh  1.0000e-04 # defined   MRA threshold
         econv_micro  1.0000e-04 # derived   Energy convergence for microiterations (Greens function based optimization) in adaptive solver
         econv_pairs  1.0000e-05 # derived   ENergy convergence for individual pairs in adaptive solver. Converged pairs are frozen automatically
         econv_macro  1.0000e-04 # derived   Energy convergence for macroiterations in adaptive solver, no effect if adaptive_solver is deactivated
               dconv  1.0000e-01 # default   convergence of every PNO in the Green's function solver
           op_thresh  1.0000e-06 # default   MRA operator thresh
             restart  all        # defined   restart pairs of this type, use 'mp2', 'cispd', 'all' or 'none'
          no_compute  none       # default   do not compute the pairs of this type, use 'mp2', 'cispd', 'all' or 'none'
              no_opt  all        # defined   do not optimize the pnos of this type, use 'mp2', 'cispd', 'all' or 'none'
            no_guess  all        # defined   guess for this type will be empty, use 'mp2', 'cispd', 'all' or 'none'
     adaptive_solver  none       # defined   Use adaptive solver for those pairs, use 'mp2', 'cispd', 'all' or 'none', works only in combination with guesstype 'exop'
                kain  true       # default   use KAIN solver in amplitude solver
       kain_subspace  5          # default   subspace size of the KAIN solver (amplitudes)
                 f12  false      # defined   use explicit correlation
        cispd_number  -1         # default   CIS(D) excitation numbers, to read in correct functions
        cispd_energy  0.0000e+00 # default   CIS energy
        freeze_pairs  none       # default   frozen pairs will not be optimized: Expected format 'a b c d' will freeze pairs ab and cd
freeze_pairs_of_orbital  []         # default    All pairs which originate from this orbital will not be optimized
active_pairs_of_orbital  []         # default    All pairs which originate from this orbital will not be frozen all other pairs will, if this vector is not empty
no_opt_in_first_iteration  false      # default   Do not optimize in the first iteration (then the potentials do not have to be evaluated, use this for large guesses)
            exchange  full       # default   approximate exchange with 'neglect' or xc functional -> same syntax as moldft
           save_pnos  true       # default   Save the OBS-PNOs to a file, before and after orthonormalization.
            diagonal  true       # defined   Compute only diagonal PNOs

end

**********************
Solve PNO-MP2
*********************


**********************
Iterate Pairs
*********************


************************
Standard Solver
***********************

Initializing Pairs:
Restart demanded for mp2 pairs
loading vector of functions mp2_pair11
Found PNOs for mp2_pair11 with rank 4
loading vector of functions mp2_pair21
failed to find PNO mp2_pair21 initialize as zero function
nloading vector of functions mp2_pair22
Found PNOs for mp2_pair22 with rank 4
no guess was explicitly demanded for mp2

timer:                                     RRCD     0.03s     0.03s 
timer:                             MRA compress     0.00s     0.00s 
timer:                          Transform Pairs     0.08s     0.08s 
timer:          apply Q and orthonormalize PNOs     0.35s     0.35s 
Created Guess:
pair11 with 4 guess functions
pair21 with 0 guess functions
pair22 with 4 guess functions
guess pair11 size: 4.6613216400e-03 | 4.6613216400e-03 Gbyte (after truncation)
guess pair22 size: 4.7430992126e-03 | 4.7430992126e-03 Gbyte (after truncation)
timer:                           truncate guess     0.07s     0.07s 
timer:                         Initialize Pairs     0.43s     0.43s 
Information About All Pairs:
mp2_pair11           number=0 rank=  4 frozen=false
mp2_pair21           number=1 rank=  0 frozen=true
mp2_pair22           number=2 rank=  4 frozen=false
number of pairs=3
average rank   =2 (2.6666666667e+00)
largest rank   =4
SolveInternal: Parameters are assigned as
no_compute        = false
no_opt            = true
restart           = true
do_cispd          = false
econv             =1.0000000000e-04
maxrank (min,max) = (4,4)
Solving MP2 doubles
timer:          fock matrix     2.46s     2.46s
Information About All Pairs:
mp2_pair11           number=0 rank=  4 frozen=false
mp2_pair21           number=1 rank=  0 frozen=true
mp2_pair22           number=2 rank=  4 frozen=false
number of pairs=3
average rank   =2 (2.6666666667e+00)
largest rank   =4
PNOPairs Memory Information
Total: 0.0094044209 GB 
PNO  : 0.0094044209 GB 
KPNO : 0.0000000000 GB 
W    : 0.0000000000 GB 

timer:                                 truncate     0.05s     0.05s 
wall time=171.4968688488 chunk=8 allK.size()=8 memory=0.0089955330 GB
timer:                             compute KPNO     3.75s     3.75s 
wall time=171.6351230145 chunk=8 allJ.size()=8 memory=0.0102221966 GB
timer:                             compute JPNO     0.14s     0.14s 
timer:                    compute Fock matrices     1.28s     1.28s 
timer:                             MRA compress     0.00s     0.00s 
timer:                          Transform Pairs     0.29s     0.29s 
timer:                             Canonicalize     0.29s     0.29s 
PNOPairs Memory Information
Total: 0.0182363987 GB 
PNO  : 0.0094044209 GB 
KPNO : 0.0088319778 GB 
W    : 0.0000000000 GB 

timer:                                 truncate     0.08s     0.08s 
mp2_pair21 is frozen: potential not computed
timer:                   Fluctuation Potentials     2.00s     2.00s 
timer:                       Fluctuation Matrix     0.16s     0.16s 
PNOPairs Memory Information
Total: 0.0318114758 GB 
PNO  : 0.0094044209 GB 
KPNO : 0.0088319778 GB 
W    : 0.0135750771 GB 

PNOPairs Memory Information
Total: 0.0318114758 GB 
PNO  : 0.0094044209 GB 
KPNO : 0.0088319778 GB 
W    : 0.0135750771 GB 

timer:                                 truncate     0.08s     0.08s 
timer:                             PNO Overlaps     0.06s     0.06s 
t_iter =  0  Hylleraas energy =  0.0000000000  ||R||_F =  0.2781164088  conv =  no
subspace solution [*]   1.00000000

t_iter =  1  Hylleraas energy =  -0.0573151086  ||R||_F =  0.0000010392  conv =  no
subspace solution [*]   2.00000050  -1.00000050

t_iter =  2  Hylleraas energy =  -0.0573151086  ||R||_F =  0.0000020784  conv =  no
subspace solution [*]  -0.00000000  -0.00000000   1.00000000

t_iter =  3  Hylleraas energy =  -0.0573151086  ||R||_F =  0.0000000000  conv =  yes
=======================================================

Hylleraas MP2 Energies

=======================================================
    i    j      singlet      triplet        Total
=======================================================
    1    1  -2.39793e-02  0.00000e+00 -2.39793e-02
    2    1   0.00000e+00  0.00000e+00  0.00000e+00
    2    2  -3.33358e-02  0.00000e+00 -3.33358e-02
=======================================================
Hylleraas MP2 Energies (singlet): -5.73151e-02
Hylleraas MP2 Energies (triplet):  0.00000e+00
Hylleraas MP2 Energies (total)  : -5.73151e-02
=======================================================
-------------------------------------------
Total Reg Energy  =-5.73151e-02
Total F12 Energy  = 0.00000e+00
Sum Energies Total=-5.73151e-02
-------------------------------------------
timer:                         Solve Amplitudes     0.00s     0.00s 
No optimization untill now: Compressing pno ranks with tighter threshold
1.00000e-10 instead of 1.00000e-08
pair11: density evals:
 [*]   0.00374882   0.00457484   0.00457484   0.01212725

pair22: density evals:
 [*]   0.00315085   0.00335353   0.00335353   0.07100714

timer:                            compress PNOs     0.00s     0.00s 
timer:                             MRA compress     0.00s     0.00s 
timer:                          Transform Pairs     0.48s     0.48s 
timer:                          PNO Compression     0.48s     0.48s 
Information About All Pairs:
mp2_pair11           number=0 rank=  4 frozen=false
mp2_pair21           number=1 rank=  0 frozen=true
mp2_pair22           number=2 rank=  4 frozen=false
number of pairs=3
average rank   =2 (2.66667e+00)
largest rank   =4
saving vector of functions mp2_pair11
saving vector of functions mp2_pair22
timer:                        save pnos on disc     0.16s     0.16s 
exiting: Found no_opt keyword
PNO ranks:
PNO Rank for pair pair11 = 4
PNO Rank for pair pair21 = 0
PNO Rank for pair pair22 = 4
average rank 2.66667e+00
timer:                               PNO::solve    11.04s    11.04s 

--------------------------------
ITERATE-PAIRS-INTERNAL-ENDED
--------------------------------
=======================================================

Final MP2 Energies

=======================================================
    i    j      singlet      triplet        Total
=======================================================
    1    1  -2.39793e-02  0.00000e+00 -2.39793e-02
    2    1   0.00000e+00  0.00000e+00  0.00000e+00
    2    2  -3.33358e-02  0.00000e+00 -3.33358e-02
=======================================================
Final MP2 Energies (singlet): -5.73151e-02
Final MP2 Energies (triplet):  0.00000e+00
Final MP2 Energies (total)  : -5.73151e-02
=======================================================
-------------------------------------------
Total Reg Energy  =-5.73151e-02
Total F12 Energy  = 0.00000e+00
Sum Energies Total=-5.73151e-02
-------------------------------------------
Average | Max Rank: 2 | 4
                 time pno = 7.86705e+01
               energy mp2 = -5.73151e-02
     average pno rank mp2 = 2
         max pno rank mp2 = 4
--------------------------------------------------
            energy(total) = -1.56475e+01
--------------------------------------------------



Orthonormalization technique used: symmetric
No CABS used.
Tightening thresholds to +0.00010000 for post-processing
Overlap Matrix of all PNOs:
+1.00000211 -0.33395049 +0.00000000 -0.00000000 +0.18564607 -0.00000000 +0.00000000 +0.00000322 
-0.33395049 +1.00000650 +0.00000000 -0.00000000 +0.00001344 +0.00000000 +0.00000000 +0.11179999 
+0.00000000 +0.00000000 +1.00000000 +0.00000000 +0.00000000 -0.02007232 -0.07183574 +0.00000000 
-0.00000000 -0.00000000 +0.00000000 +1.00000000 -0.00000000 +0.07183574 -0.02007232 -0.00000000 
+0.18564607 +0.00001344 +0.00000000 -0.00000000 +1.00001285 +0.00000000 +0.00000000 -0.00569960 
-0.00000000 +0.00000000 -0.02007232 +0.07183574 +0.00000000 +1.00000000 -0.00000000 -0.00000000 
+0.00000000 +0.00000000 -0.07183574 -0.02007232 +0.00000000 -0.00000000 +1.00000000 -0.00000000 
+0.00000322 +0.11179999 +0.00000000 -0.00000000 -0.00569960 -0.00000000 -0.00000000 +0.99999803 
Before cherry pick
rank is +0
all used occupation numbers:
[+0.07100714 +0.01212725 +0.00457484 +0.00457484 +0.00374882 +0.00335353 +0.00335353 +0.00315085 ]
corresponding to active pairs:
[(1,1) (0,0) (0,0) (0,0) (0,0) (1,1) (1,1) (1,1) ]
After cherry pick
all used occupation numbers:
[+0.07100714 +0.01212725 +0.00457484 +0.00457484 +0.00374882 +0.00335353 +0.00335353 +0.00315085 ]
corresponding to active pairs:
[(1,1) (0,0) (0,0) (0,0) (0,0) (1,1) (1,1) (1,1) ]
Overlap Matrix before symmetric
[+0,*]  +1.00000211  -0.33395049  +0.00000000  -0.00000000  +0.18564607  -0.00000000  +0.00000000  +0.00000322
[+1,*]  -0.33395049  +1.00000650  +0.00000000  -0.00000000  +0.00001344  +0.00000000  +0.00000000  +0.11179999
[+2,*]  +0.00000000  +0.00000000  +1.00000000  +0.00000000  +0.00000000  -0.02007232  -0.07183574  +0.00000000
[+3,*]  -0.00000000  -0.00000000  +0.00000000  +1.00000000  -0.00000000  +0.07183574  -0.02007232  -0.00000000
[+4,*]  +0.18564607  +0.00001344  +0.00000000  -0.00000000  +1.00001285  +0.00000000  +0.00000000  -0.00569960
[+5,*]  -0.00000000  +0.00000000  -0.02007232  +0.07183574  +0.00000000  +1.00000000  -0.00000000  -0.00000000
[+6,*]  +0.00000000  +0.00000000  -0.07183574  -0.02007232  +0.00000000  -0.00000000  +1.00000000  -0.00000000
[+7,*]  +0.00000322  +0.11179999  +0.00000000  -0.00000000  -0.00569960  -0.00000000  -0.00000000  +0.99999803
Overlap Matrix after symmetric
[+0,*]  +1.00000000  +0.00000000  +0.00000000  +0.00000000  -0.00000001  +0.00000000  +0.00000000  -0.00000000
[+1,*]  +0.00000000  +1.00000000  +0.00000000  -0.00000000  -0.00000000  +0.00000000  +0.00000000  +0.00000000
[+2,*]  +0.00000000  +0.00000000  +1.00000000  +0.00000000  -0.00000000  -0.00000000  +0.00000000  +0.00000000
[+3,*]  +0.00000000  -0.00000000  +0.00000000  +1.00000000  +0.00000000  -0.00000000  -0.00000000  +0.00000000
[+4,*]  -0.00000001  -0.00000000  -0.00000000  +0.00000000  +1.00000000  -0.00000000  +0.00000000  +0.00000000
[+5,*]  +0.00000000  +0.00000000  -0.00000000  -0.00000000  -0.00000000  +1.00000000  +0.00000000  -0.00000000
[+6,*]  +0.00000000  +0.00000000  +0.00000000  -0.00000000  +0.00000000  +0.00000000  +1.00000000  +0.00000000
[+7,*]  -0.00000000  +0.00000000  +0.00000000  +0.00000000  +0.00000000  -0.00000000  +0.00000000  +1.00000000
Adding 3 HF orbitals
Size before adding CABS: 11.
Size after adding CABS: 11.
Compute G and F Tensor:
Assemble g,f using symmetries...
non zero elements:
 g : +24698
 h : +61
Overlap over whole basis
[+0,*]  +1.00000000  +0.00000060  -0.00000118  -0.00000739  +0.00000896  +0.00000000  -0.00000000  +0.00003347  -0.00000000  -0.00000000  -0.00002117
[+1,*]  +0.00000060  +1.00000000  -0.00000008  -0.00000152  +0.00000187  +0.00000000  -0.00000000  +0.00000691  -0.00000000  -0.00000000  -0.00000433
[+2,*]  -0.00000118  -0.00000008  +1.00000000  -0.00000079  +0.00000086  +0.00000000  -0.00000000  +0.00000352  +0.00000000  -0.00000000  -0.00000250
[+3,*]  -0.00000739  -0.00000152  -0.00000079  +1.00000000  +0.00000000  +0.00000000  +0.00000000  -0.00000001  +0.00000000  +0.00000000  -0.00000000
[+4,*]  +0.00000896  +0.00000187  +0.00000086  +0.00000000  +1.00000000  -0.00000000  -0.00000000  -0.00000000  +0.00000000  +0.00000000  +0.00000000
[+5,*]  +0.00000000  +0.00000000  +0.00000000  +0.00000000  -0.00000000  +1.00000000  -0.00000000  -0.00000000  -0.00000000  +0.00000000  -0.00000000
[+6,*]  -0.00000000  -0.00000000  -0.00000000  +0.00000000  -0.00000000  -0.00000000  +1.00000000  +0.00000000  -0.00000000  -0.00000000  +0.00000000
[+7,*]  +0.00003347  +0.00000691  +0.00000352  -0.00000001  -0.00000000  -0.00000000  +0.00000000  +1.00000000  -0.00000000  +0.00000000  +0.00000000
[+8,*]  -0.00000000  -0.00000000  +0.00000000  +0.00000000  +0.00000000  -0.00000000  -0.00000000  -0.00000000  +1.00000000  +0.00000000  +0.00000000
[+9,*]  -0.00000000  -0.00000000  -0.00000000  +0.00000000  +0.00000000  +0.00000000  -0.00000000  +0.00000000  +0.00000000  +1.00000000  +0.00000000
[+10,*]  -0.00002117  -0.00000433  -0.00000250  -0.00000000  +0.00000000  -0.00000000  +0.00000000  +0.00000000  +0.00000000  +0.00000000  +1.00000000

||S-1||=+0.00005996
finished at time 319.5

    Parallel environment
    --------------------
                  #nodes    1
       #threads per node    11+main = 12
          #total threads    12

  RMI message statistics (min / avg / max)
  ----------------------
   #messages in server q    0.00e+00 / 0.00e+00 / 0.00e+00
 #messages sent per node    0.00e+00 / 0.00e+00 / 0.00e+00
    #bytes sent per node    0.00e+00 / 0.00e+00 / 0.00e+00
 #messages recv per node    0.00e+00 / 0.00e+00 / 0.00e+00
    #bytes recv per node    0.00e+00 / 0.00e+00 / 0.00e+00
        #msgs systemwide    0.00e+00
       #bytes systemwide    0.00e+00

  Thread pool statistics (min / avg / max)
  ----------------------
         #tasks per node    1.94e+07 / 1.94e+07 / 1.94e+07
     #max q len per node    1.67e+04 / 1.67e+04 / 1.67e+04
  #hi-pri tasks per node    5.38e+06 / 5.38e+06 / 5.38e+06

         Total wall time    319.5s
         Total  cpu time    319.5s

