MADNESS runtime initialized with 11 threads in the pool and affinity -1 -1 -1
starting at time 0.0

--------------------------------------------
   MADNESS 0.10.1 multiresolution suite
--------------------------------------------

   number of processors ... 1
    processor frequency ... 3.695782e+09
            host system ... Linux
          configured by ... kottmann
          configured on ... wittgenstein
          configured at ... 2021-02-10T21:25:26
                    CXX ... /usr/bin/c++
               CXXFLAGS ... -O3 -DNDEBUG -I/h/28/kottmann/install/numcpp/include/ -I/h/28/kottmann/install/boost/boost_1_72_0/include/ -std=c++1z
             tuning for ... default
                    MPI ... multiple
 multi-threaded runtime ... MADNESS ThreadPool
                   BLAS ... Intel MKL 66630 66630 MFLOP/s
               compiled ... 13:08:26  on  Feb 23 2021


-------------------------------------------------------------------------------------
SOLVING MRA-PNO-F12 as described in 
J.S. Kottmann, F.A. Bischoff, E.F. Valeev
Direct determination of optimal pair-natural orbitals in a real-space representation:
the second-order Møller-Plesset energy
Journal of Chemical Physics ... 2020
-------------------------------------------------------------------------------------


This script will run PNO-MP2 and print out tensors in binary
Call as: pno_integrals inputfileinput is input
ignoring unknown parameter in input file:  ncf

Angstrom being used to read input coordinates (1 Bohr = 1.88972613 Angstrom)


Asymptotic correction parameters
---------------------------------------
Atom vector is not empty: false
Using multipole approximation: false
Number of electrons = -1
Ionisation energy = 0.000000e+00
E(HOMO) = 0.000000e+00
R1 = 3.000000e+00
R2 = 4.000000e+00
DFT coefficient = 0.000000e+00
Interpolation scheme = linear
constructed symmetry operator for point group C1
dft
              charge  0.0000e+00 # defined   total molecular charge
                  xc  hf         # defined   XC input line
               smear  0.0000e+00 # default   smearing parameter
               econv  1.0000e-04 # defined   energy convergence
               dconv  5.0000e-04 # defined   density convergence
convergence_criteria  [bsh_residual, total_energy] # default   possible values are: bsh_residual, total_energy, each_energy, density
                   k  7          # defined   polynomial order
                   l  5.5638e+01 # derived   user coordinates box size
               deriv  abgv       # default   derivative method                            [abgv, bspline, ble]
           dft_deriv  abgv       # default   derivative method for gga potentials         [abgv, bspline, ble]
             maxrotn  2.5000e-01 # default   step restriction used in autoshift algorithm
             nvalpha  0          # default   number of alpha virtuals to compute
              nvbeta  0          # default   number of beta virtuals to compute
               nopen  0          # default   number of unpaired electrons = nalpha-nbeta
             maxiter  25         # default   maximum number of iterations
                 nio  1          # default   no. of io servers to use
     spin_restricted  true       # default   true if spin restricted
              plotlo  0          # default   range of MOs to print (for both spins if polarized
              plothi  -1         # default   range of MOs to print (for both spins if polarized
            plotdens  false      # default   If true print the density at convergence
            plotcoul  false      # default   If true plot the total coulomb potential at convergence
            localize  boys       # defined   localization method                          [pm, boys, new, canon]
          pointgroup  c1         # derived   use point (sub) group symmetry if not localized[c1, c2, ci, cs, c2v, c2h, d2, d2h]
             restart  false      # default   if true restart from orbitals on disk
           restartao  false      # default   if true restart from orbitals projected into AO basis (STO3G) on disk
          no_compute  false      # default   if true use orbitals on disk, set value to computed
           no_orient  false      # default   if true the molecule coordinates will not be reoriented
                save  true       # default   if true save orbitals to disk
              maxsub  10         # default   size of iterative subspace ... set to 0 or 1 to disable
        orbitalshift  0.0000e+00 # default   scf orbital shift: shift the occ orbitals to lower energies
            npt_plot  101        # default   no. of points to use in each dim for plots
           plot_cell  []         # default   lo hi in each dimension for plotting (default is all space)
             aobasis  6-31g      # derived   AO basis used for initial guess (6-31g or sto-3g)
           core_type  none       # default   core potential type                          [none, mpc]
         derivatives  false      # default   if true calculate nuclear derivatives
              dipole  false      # default   if true calculate dipole moment
      conv_only_dens  false      # default   if true remove bsh_residual from convergence criteria (deprecated)
            psp_calc  false      # default   pseudopotential calculation for all atoms
 print_dipole_matels  false      # default   if true output dipole matrix elements
            pcm_data  none       # default   do a PCM (solvent) calculation
             ac_data  none       # default   do a calculation with asymptotic correction (see ACParameters class in chem/AC.h for details)
             pure_ae  true       # default   pure all electron calculation with no pseudo-atoms
         print_level  3          # default   0: no output; 1: final energy; 2: iterations; 3: timings; 10: debug
              nalpha  3          # derived   number of alpha spin electrons
               nbeta  3          # derived   number of beta  spin electrons
           nmo_alpha  3          # derived   number of alpha spin molecular orbitals
            nmo_beta  3          # derived   number of beta spin molecular orbitals
                  lo  9.0905e-04 # derived   smallest length scale we need to resolve
            protocol  [1.0000e-04, 1.0000e-06] # derived   calculation protocol
                gopt  false      # default   geometry optimizer
                gtol  1.0000e-04 # default   geometry tolerance
               gtest  false      # default   geometry tolerance
                gval  1.0000e-05 # default   value precision
               gprec  1.0000e-04 # default   gradient precision
            gmaxiter  20         # default   optimization maxiter
    ginitial_hessian  false      # default   compute inital hessian for optimization
              algopt  bfgs       # default   algorithm used for optimization              [bfgs, cg]
            tdksprop  false      # default   time-dependent Kohn-Sham equation propagate
           nv_factor  1          # default   factor to multiply number of virtual orbitals with when automatically decreasing nvirt
           vnucextra  2          # default   load balance parameter for nuclear pot
        loadbalparts  2          # default   ??
            response  false      # default   response function calculation
       response_freq  0.0000e+00 # default   frequency for calculation response function
       response_axis  [1, 1, 1]  # default   response axis
           nonrotate  false      # default   if true do not molcule orient (redundant with no_orient
               rconv  1.0000e-06 # default   Response convergence
              efield  0.0000e+00 # default   eps for finite field
         efield_axis  0          # default   finite field axis                            [0, 1, 2]
              nwfile  none       # default   Base name of nwchem output files (.out and .movecs extensions) to read from
                 ncf  (none,1.0000e+00) # defined   nuclear correlation factor
             hessian  false      # default   compute the hessian matrix
           read_cphf  false      # default   read the converged orbital response for nuclear displacements from file
        restart_cphf  false      # default   read the guess orbital response for nuclear displacements from file
      purify_hessian  false      # default   symmetrize the hessian matrix based on atomic charges

end
              charge  0.0000e+00 # defined   total molecular charge
                  xc  hf         # defined   XC input line
               smear  0.0000e+00 # default   smearing parameter
               econv  1.0000e-04 # defined   energy convergence
               dconv  5.0000e-04 # defined   density convergence
convergence_criteria  [bsh_residual, total_energy] # default   possible values are: bsh_residual, total_energy, each_energy, density
                   k  7          # defined   polynomial order
                   l  5.5638e+01 # derived   user coordinates box size
               deriv  abgv       # default   derivative method                            [abgv, bspline, ble]
           dft_deriv  abgv       # default   derivative method for gga potentials         [abgv, bspline, ble]
             maxrotn  2.5000e-01 # default   step restriction used in autoshift algorithm
             nvalpha  0          # default   number of alpha virtuals to compute
              nvbeta  0          # default   number of beta virtuals to compute
               nopen  0          # default   number of unpaired electrons = nalpha-nbeta
             maxiter  25         # default   maximum number of iterations
                 nio  1          # default   no. of io servers to use
     spin_restricted  true       # default   true if spin restricted
              plotlo  0          # default   range of MOs to print (for both spins if polarized
              plothi  -1         # default   range of MOs to print (for both spins if polarized
            plotdens  false      # default   If true print the density at convergence
            plotcoul  false      # default   If true plot the total coulomb potential at convergence
            localize  boys       # defined   localization method                          [pm, boys, new, canon]
          pointgroup  c1         # derived   use point (sub) group symmetry if not localized[c1, c2, ci, cs, c2v, c2h, d2, d2h]
             restart  false      # default   if true restart from orbitals on disk
           restartao  false      # default   if true restart from orbitals projected into AO basis (STO3G) on disk
          no_compute  false      # default   if true use orbitals on disk, set value to computed
           no_orient  false      # default   if true the molecule coordinates will not be reoriented
                save  true       # default   if true save orbitals to disk
              maxsub  10         # default   size of iterative subspace ... set to 0 or 1 to disable
        orbitalshift  0.0000e+00 # default   scf orbital shift: shift the occ orbitals to lower energies
            npt_plot  101        # default   no. of points to use in each dim for plots
           plot_cell  []         # default   lo hi in each dimension for plotting (default is all space)
             aobasis  6-31g      # derived   AO basis used for initial guess (6-31g or sto-3g)
           core_type  none       # default   core potential type                          [none, mpc]
         derivatives  false      # default   if true calculate nuclear derivatives
              dipole  false      # default   if true calculate dipole moment
      conv_only_dens  false      # default   if true remove bsh_residual from convergence criteria (deprecated)
            psp_calc  false      # default   pseudopotential calculation for all atoms
 print_dipole_matels  false      # default   if true output dipole matrix elements
            pcm_data  none       # default   do a PCM (solvent) calculation
             ac_data  none       # default   do a calculation with asymptotic correction (see ACParameters class in chem/AC.h for details)
             pure_ae  true       # default   pure all electron calculation with no pseudo-atoms
         print_level  3          # default   0: no output; 1: final energy; 2: iterations; 3: timings; 10: debug
              nalpha  3          # derived   number of alpha spin electrons
               nbeta  3          # derived   number of beta  spin electrons
           nmo_alpha  3          # derived   number of alpha spin molecular orbitals
            nmo_beta  3          # derived   number of beta spin molecular orbitals
                  lo  9.0905e-04 # derived   smallest length scale we need to resolve
            protocol  [1.0000e-04, 1.0000e-06] # derived   calculation protocol
                gopt  false      # default   geometry optimizer
                gtol  1.0000e-04 # default   geometry tolerance
               gtest  false      # default   geometry tolerance
                gval  1.0000e-05 # default   value precision
               gprec  1.0000e-04 # default   gradient precision
            gmaxiter  20         # default   optimization maxiter
    ginitial_hessian  false      # default   compute inital hessian for optimization
              algopt  bfgs       # default   algorithm used for optimization              [bfgs, cg]
            tdksprop  false      # default   time-dependent Kohn-Sham equation propagate
           nv_factor  1          # default   factor to multiply number of virtual orbitals with when automatically decreasing nvirt
           vnucextra  2          # default   load balance parameter for nuclear pot
        loadbalparts  2          # default   ??
            response  false      # default   response function calculation
       response_freq  0.0000e+00 # default   frequency for calculation response function
       response_axis  [1, 1, 1]  # default   response axis
           nonrotate  false      # default   if true do not molcule orient (redundant with no_orient
               rconv  1.0000e-06 # default   Response convergence
              efield  0.0000e+00 # default   eps for finite field
         efield_axis  0          # default   finite field axis                            [0, 1, 2]
              nwfile  none       # default   Base name of nwchem output files (.out and .movecs extensions) to read from



 geometry
   eprec 1.0e-06
   units atomic
   Be            0.00000000           0.00000000           0.03149544
   H             0.00000000           0.00000000           5.51170122
   H             0.00000000           0.00000000          -5.63768296
 end

Solving NDIM= 3  with thresh 1.000000e-04     k 7    conv 5.000000e-04 

timer:     Project vnuclear     0.62s     0.62s
constructed nuclear correlation factor of the form
    R   =  1.000000e+00
with eprec  1.000000e-06
which means it's (nearly) a conventional calculation

timer:        reproject ncf     1.75s     1.75s
timer:        guess density     0.51s     0.51s
timer:   guess Coulomb potn     0.50s     0.50s
timer:       guess lda potn     0.21s     0.21s
timer:        guess overlap     0.04s     0.04s
timer:    KEmat reconstruct     0.05s     0.05s
timer:  KEmat differentiate     0.26s     0.26s
timer:       KEmat compress     0.11s     0.11s
timer: KEmat inner products     0.17s     0.17s
timer:     guess Kinet potn     0.59s     0.59s
timer:           guess fock     0.47s     0.47s
timer:      guess eigen sol     0.04s     0.04s
timer: guess orbital groupi     0.09s     0.09s

starting protocol at time      7.1s 
precision steps  1.000000e-04  -->  1.000000e-04
protocol: thresh 1.000000e-04 econv  1.000000e-04 dconv 5.000000e-04

ending protocol at time      7.1s 

Solving NDIM= 3  with thresh 1.000000e-04     k 7    conv 5.000000e-04 

timer:        Boys localize     0.93s     0.93s
orbital irreps []
timer:      reconstruct psi     0.16s     0.16s
timer:        compute Jnemo     0.74s     0.74s
timer:        compute Knemo     2.05s     2.05s
timer: compute Unemo 0.0158     0.27s     0.27s

  nuclear and kinetic     -22.43786242
         kinetic only      15.09337353
              coulomb       8.73437875
             exchange      -3.17027431
    nuclear-repulsion       1.52516026
   regularized energy     -15.34859771
  buggy if hybrid functionals are used..
timer:       compute energy     3.52s     3.52s
Norm of vector changes ab spin case : rms 1.229367e-01    max 1.590600e-01
convergence: bshresidual, energy change, max energy change, density change 1.4e-01 1.5e+01 1.5e+01 1.4e+00
finished iteration  0 at time     20.1s with energy  -15.34859771
timer:        Boys localize     1.00s     1.00s
orbital irreps []
timer:      reconstruct psi     0.19s     0.19s
timer:        compute Jnemo     0.75s     0.75s
timer:        compute Knemo     2.13s     2.13s
timer: compute Unemo 0.0157     0.20s     0.20s

  nuclear and kinetic     -22.62200311
         kinetic only      14.95866666
              coulomb       8.73311722
             exchange      -3.06826047
    nuclear-repulsion       1.52516026
   regularized energy     -15.43198610
  buggy if hybrid functionals are used..
timer:       compute energy     3.61s     3.61s
Norm of vector changes ab spin case : rms 5.506267e-02    max 6.981022e-02
convergence: bshresidual, energy change, max energy change, density change 4.1e-02 8.3e-02 1.8e-01 2.0e-02
finished iteration  1 at time     33.2s with energy  -15.43198610
timer:        Boys localize     1.03s     1.03s
orbital irreps []
timer:      reconstruct psi     0.14s     0.14s
timer:        compute Jnemo     0.69s     0.69s
timer:        compute Knemo     2.16s     2.16s
timer: compute Unemo 0.0159     0.23s     0.23s

  nuclear and kinetic     -22.74850788
         kinetic only      14.96741596
              coulomb       8.81809713
             exchange      -3.03973558
    nuclear-repulsion       1.52516026
   regularized energy     -15.44498607
  buggy if hybrid functionals are used..
timer:       compute energy     3.71s     3.71s
Norm of vector changes ab spin case : rms 1.769708e-02    max 2.342279e-02
convergence: bshresidual, energy change, max energy change, density change 1.0e-02 1.3e-02 1.3e-01 5.9e-03
finished iteration  2 at time     47.1s with energy  -15.44498607
timer:        Boys localize     0.97s     0.97s
orbital irreps []
timer:      reconstruct psi     0.14s     0.14s
timer:        compute Jnemo     0.66s     0.66s
timer:        compute Knemo     2.09s     2.09s
timer: compute Unemo 0.0160     0.18s     0.18s

  nuclear and kinetic     -22.80168796
         kinetic only      14.97965748
              coulomb       8.86392793
             exchange      -3.03413091
    nuclear-repulsion       1.52516026
   regularized energy     -15.44673068
  buggy if hybrid functionals are used..
timer:       compute energy     3.79s     3.79s
Norm of vector changes ab spin case : rms 7.437028e-03    max 1.024960e-02
convergence: bshresidual, energy change, max energy change, density change 3.5e-03 1.7e-03 5.3e-02 1.6e-03
finished iteration  3 at time     60.7s with energy  -15.44673068
timer:        Boys localize     1.01s     1.01s
orbital irreps []
timer:      reconstruct psi     0.18s     0.18s
timer:        compute Jnemo     0.84s     0.84s
timer:        compute Knemo     2.23s     2.23s
timer: compute Unemo 0.0160     0.14s     0.14s

  nuclear and kinetic     -22.81994917
         kinetic only      14.98369582
              coulomb       8.88065311
             exchange      -3.03284341
    nuclear-repulsion       1.52516026
   regularized energy     -15.44697921
  buggy if hybrid functionals are used..
timer:       compute energy     3.78s     3.78s
Norm of vector changes ab spin case : rms 1.106093e-03    max 1.508596e-03
convergence: bshresidual, energy change, max energy change, density change 6.7e-04 2.5e-04 1.8e-02 2.0e-04
finished iteration  4 at time     74.7s with energy  -15.44697921
timer:        Boys localize     0.99s     0.99s
orbital irreps []
timer:      reconstruct psi     0.19s     0.19s
timer:        compute Jnemo     0.65s     0.65s
timer:        compute Knemo     2.29s     2.29s
timer: compute Unemo 0.0160     0.15s     0.15s

  nuclear and kinetic     -22.82107011
         kinetic only      14.98345837
              coulomb       8.88154857
             exchange      -3.03262627
    nuclear-repulsion       1.52516026
   regularized energy     -15.44698755
  buggy if hybrid functionals are used..
timer:       compute energy     3.67s     3.67s
Norm of vector changes ab spin case : rms 6.533657e-04    max 9.244692e-04
convergence: bshresidual, energy change, max energy change, density change 3.3e-04 8.3e-06 1.1e-03 1.6e-04
finished iteration  5 at time     89.1s with energy  -15.44698755

Iterations converged


ending protocol at time     89.1s 

 Dipole Moment (a.u.)
 -----------

     x:  -8.329373e-14
     y:  -3.146379e-14
     z:  8.243916e-02
 Total Dipole Moment:  8.243916e-02 

timer:               dipole     0.07s     0.07s
Nemo Orbital Energies: [*]  -4.88484934  -0.34252806  -0.33423536

nemo energy:  -1.544699e+01
 at time 89.6
PNO Integrals evaluated as:
pnoint
       rank_increase  15         # default   maximum rank to increase in every macroiteration
               chunk  100        # default   chunk of functions operated on in parallel when G or K is applied (prevent memory shortage)
               debug  false      # default   debug mode
              freeze  1          # derived   frozen core approximation
             maxrank  3          # defined   maximal pno rank for all pairs
           guesstype  exop       # derived   the guesstype: exop (recommended, multiply polynomial excitation operators onto the occupied orbitals), empty (don't compute a guess), scf (use the ao basis from the SCF solver), partial_wave (create s,p,d ..., type functions and place on atoms), predefined (same as partial_wave but for predefined sets)
                exop  multipole  # derived   this string defines which excitation operators can be used, use 'dipole', 'dipole+', 'quadrupole', 'ocopole', or 'multipole', need to set guesstype to 'exop' which is the default
          exop_trigo  true       # default   use trigonometric excitation operators ( x --> sin(x)
        partial_wave             # default   atom centered partial wave guess of format like 'h-2s1p-o-3s2p1d', need to set guesstype to 'partial_wave' and adaptive_solver to 'none'
          predefined             # default   predefined partial wave guesses of type pvxz with x=d,t,q,5,6, need to set guesstype to 'predefined' and adaptive_solver to 'none'
           maxiter_t  100        # default   maximal number of iterations in the amplitude solver
       maxiter_micro  10         # default   Maximum of iterations for every cycle in the adaptive solver
       maxiter_macro  10         # default   Maximum of iterations of cycles in the adaptive solver
                tpno  1.0000e-08 # default   PNO cutoff threshold
          tpno_tight  1.0000e-10 # derived   PNO cutoff for the first iteration
    canonicalize_pno  true       # default   canonicalize the pnos before the amplitude solver
              thresh  1.0000e-04 # defined   MRA threshold
         econv_micro  1.0000e-04 # derived   Energy convergence for microiterations (Greens function based optimization) in adaptive solver
         econv_pairs  1.0000e-05 # derived   ENergy convergence for individual pairs in adaptive solver. Converged pairs are frozen automatically
         econv_macro  1.0000e-04 # derived   Energy convergence for macroiterations in adaptive solver, no effect if adaptive_solver is deactivated
               dconv  1.0000e-01 # default   convergence of every PNO in the Green's function solver
           op_thresh  1.0000e-06 # default   MRA operator thresh
             restart  none       # derived   restart pairs of this type, use 'mp2', 'cispd', 'all' or 'none'
          no_compute  none       # default   do not compute the pairs of this type, use 'mp2', 'cispd', 'all' or 'none'
              no_opt  none       # default   do not optimize the pnos of this type, use 'mp2', 'cispd', 'all' or 'none'
            no_guess  none       # derived   guess for this type will be empty, use 'mp2', 'cispd', 'all' or 'none'
     adaptive_solver  all        # default   Use adaptive solver for those pairs, use 'mp2', 'cispd', 'all' or 'none', works only in combination with guesstype 'exop'
                kain  true       # default   use KAIN solver in amplitude solver
       kain_subspace  5          # default   subspace size of the KAIN solver (amplitudes)
                 f12  false      # defined   use explicit correlation
        cispd_number  -1         # default   CIS(D) excitation numbers, to read in correct functions
        cispd_energy  0.0000e+00 # default   CIS energy
        freeze_pairs  none       # default   frozen pairs will not be optimized: Expected format 'a b c d' will freeze pairs ab and cd
freeze_pairs_of_orbital  []         # default    All pairs which originate from this orbital will not be optimized
active_pairs_of_orbital  []         # default    All pairs which originate from this orbital will not be frozen all other pairs will, if this vector is not empty
no_opt_in_first_iteration  false      # default   Do not optimize in the first iteration (then the potentials do not have to be evaluated, use this for large guesses)
            exchange  full       # default   approximate exchange with 'neglect' or xc functional -> same syntax as moldft
           save_pnos  true       # default   Save the OBS-PNOs to a file, before and after orthonormalization.
            diagonal  true       # defined   Compute only diagonal PNOs
              orthog  symmetric  # defined   orthogonalization method for PNO basis, also current default for a potential CABS. options: symmetric, canonical, cholesky, rr_cholesky,
         orthog_cabs  default    # default   orthogonalization method for CABS basis. options: symmetric, canonical, cholesky, rr_cholesky, uses same as orbitals basis if default.
               n_pno  6          # defined   desired size of PNO-basis (orbital space)
         cabs_option  none       # default   type of complementary auxiliary basis to be used. can be none ~ no CABS, gbs ~ Gaussian basis set as CABS, requires input via auxbas_file, pno ~ use superfluous PNOs as CABS, mixed ~ gbs&pno-option
       pno_cabs_size  -1         # default   size of a potential pno-cabs. defaults to -1 ~ all remaining PNOs, if pno-cabs or mixed-cabs
           only_diag  false      # default   use only diagonal elements PNOs
         cherry_pick  []         # default   cherry pick option to choose particular set of PNOs, not just blindly by occupation number. can be useful, if only a restricted number of PNOs can be used, to avoid separating degenerate pairs. can be envoked by passing a vector via [ elem1, elem2, ... ]
               gamma  1.4000e+00 # default   The f12 length scale, here to be used to compute f12-integrals
         cabs_thresh  1.0000e-04 # derived    thresh for cabs part
              auxbas  none       # default   atom centered partial wave guess of format like 'h-2s1p-o-3s2p1d'
         auxbas_file  none       # default   Use external comp. aux. basis in addition to the pnos as auxbasis. Give the filename as parameter. Give the auxbas in turbomole format. Don't use contractions. If a file is specified the auxbas parameter has no effect
   print_pno_overlap  true       # default   Print overlap matrix at certain steps in computation, for debugging purposes.
              n_virt  0          # defined   Compute this number of virtuals and include them in the integral construction, experimental and not robust!.
      hardcore_boson  false      # default   compute only integrals for hardcore boson hamiltonian (restricted to double occupations)

end
F12 Operators initialized right
timer:                    Testing F12 Operators     0.91s     0.91s 
timer:  Initializing (active) Exchange Orbitals     2.20s     2.20s 
Size of active mos and their exchange potentials:
K(acmos)=3.475547e-03 Gbyte
acmos   =2.831548e-03 Gbyte
PNO Parameters
pno
       rank_increase  15         # default   maximum rank to increase in every macroiteration
               chunk  100        # default   chunk of functions operated on in parallel when G or K is applied (prevent memory shortage)
               debug  false      # default   debug mode
              freeze  1          # derived   frozen core approximation
             maxrank  3          # defined   maximal pno rank for all pairs
           guesstype  exop       # derived   the guesstype: exop (recommended, multiply polynomial excitation operators onto the occupied orbitals), empty (don't compute a guess), scf (use the ao basis from the SCF solver), partial_wave (create s,p,d ..., type functions and place on atoms), predefined (same as partial_wave but for predefined sets)
                exop  multipole  # derived   this string defines which excitation operators can be used, use 'dipole', 'dipole+', 'quadrupole', 'ocopole', or 'multipole', need to set guesstype to 'exop' which is the default
          exop_trigo  true       # default   use trigonometric excitation operators ( x --> sin(x)
        partial_wave             # default   atom centered partial wave guess of format like 'h-2s1p-o-3s2p1d', need to set guesstype to 'partial_wave' and adaptive_solver to 'none'
          predefined             # default   predefined partial wave guesses of type pvxz with x=d,t,q,5,6, need to set guesstype to 'predefined' and adaptive_solver to 'none'
           maxiter_t  100        # default   maximal number of iterations in the amplitude solver
       maxiter_micro  10         # default   Maximum of iterations for every cycle in the adaptive solver
       maxiter_macro  10         # default   Maximum of iterations of cycles in the adaptive solver
                tpno  1.0000e-08 # default   PNO cutoff threshold
          tpno_tight  1.0000e-10 # derived   PNO cutoff for the first iteration
    canonicalize_pno  true       # default   canonicalize the pnos before the amplitude solver
              thresh  1.0000e-04 # defined   MRA threshold
         econv_micro  1.0000e-04 # derived   Energy convergence for microiterations (Greens function based optimization) in adaptive solver
         econv_pairs  1.0000e-05 # derived   ENergy convergence for individual pairs in adaptive solver. Converged pairs are frozen automatically
         econv_macro  1.0000e-04 # derived   Energy convergence for macroiterations in adaptive solver, no effect if adaptive_solver is deactivated
               dconv  1.0000e-01 # default   convergence of every PNO in the Green's function solver
           op_thresh  1.0000e-06 # default   MRA operator thresh
             restart  none       # derived   restart pairs of this type, use 'mp2', 'cispd', 'all' or 'none'
          no_compute  none       # default   do not compute the pairs of this type, use 'mp2', 'cispd', 'all' or 'none'
              no_opt  none       # default   do not optimize the pnos of this type, use 'mp2', 'cispd', 'all' or 'none'
            no_guess  none       # derived   guess for this type will be empty, use 'mp2', 'cispd', 'all' or 'none'
     adaptive_solver  all        # default   Use adaptive solver for those pairs, use 'mp2', 'cispd', 'all' or 'none', works only in combination with guesstype 'exop'
                kain  true       # default   use KAIN solver in amplitude solver
       kain_subspace  5          # default   subspace size of the KAIN solver (amplitudes)
                 f12  false      # defined   use explicit correlation
        cispd_number  -1         # default   CIS(D) excitation numbers, to read in correct functions
        cispd_energy  0.0000e+00 # default   CIS energy
        freeze_pairs  none       # default   frozen pairs will not be optimized: Expected format 'a b c d' will freeze pairs ab and cd
freeze_pairs_of_orbital  []         # default    All pairs which originate from this orbital will not be optimized
active_pairs_of_orbital  []         # default    All pairs which originate from this orbital will not be frozen all other pairs will, if this vector is not empty
no_opt_in_first_iteration  false      # default   Do not optimize in the first iteration (then the potentials do not have to be evaluated, use this for large guesses)
            exchange  full       # default   approximate exchange with 'neglect' or xc functional -> same syntax as moldft
           save_pnos  true       # default   Save the OBS-PNOs to a file, before and after orthonormalization.
            diagonal  true       # defined   Compute only diagonal PNOs

end

**********************
Solve PNO-MP2
*********************


**********************
Iterate Pairs
*********************


************************
Adaptive Solver
***********************

Initializing empty Pairs:
no guess was explicitly demanded for mp2

timer:                                     RRCD     0.00s     0.00s 
timer:                             MRA compress     0.00s     0.00s 
timer:                          Transform Pairs     0.00s     0.00s 
timer:          apply Q and orthonormalize PNOs     0.00s     0.00s 
Created Guess:
pair11 with 0 guess functions
pair21 with 0 guess functions
pair22 with 0 guess functions
guess pair11 size: 0.0000000000e+00 | 0.0000000000e+00 Gbyte (after truncation)
guess pair22 size: 0.0000000000e+00 | 0.0000000000e+00 Gbyte (after truncation)
timer:                           truncate guess     0.00s     0.00s 
timer:                         Initialize Pairs     0.00s     0.00s 
Keyword multipole is not known
Guess protocol for adaptively growing ranks is: [dipole+, quadrupole, big_fock_3, big_fock_3, big_fock_3, big_fock_3, big_fock_3, big_fock_3, big_fock_3, big_fock_3]


--------Adaptive Solver Macroiteration 0 from max 10 ----------

Growing ranks with exop=dipole+
Create guess functions by multiplying plane-waves to 1 functions 
Created 4 virtuals for pair11
pair21 is frozen: no growing
Create guess functions by multiplying plane-waves to 1 functions 
Created 4 virtuals for pair22
frozen pair: no orthonormalization
timer:                                     RRCD     0.04s     0.04s 
timer:                             MRA compress     0.00s     0.00s 
timer:                          Transform Pairs     0.13s     0.13s 
timer:                        grow PNO subspace     1.82s     1.82s 
SolveInternal: Parameters are assigned as
no_compute        = false
no_opt            = false
restart           = false
do_cispd          = false
econv             =1.0000000000e-04
maxrank (min,max) = (3,3)
Solving MP2 doubles
timer:          fock matrix     2.85s     2.85s
Information About All Pairs:
mp2_pair11           number=0 rank=  4 frozen=false
mp2_pair21           number=1 rank=  0 frozen=true
mp2_pair22           number=2 rank=  4 frozen=false
number of pairs=3
average rank   =2 (2.6666666667e+00)
largest rank   =4
PNOPairs Memory Information
Total: 0.0107946396 GB 
PNO  : 0.0107946396 GB 
KPNO : 0.0000000000 GB 
W    : 0.0000000000 GB 

timer:                                 truncate     0.07s     0.07s 
wall time=103.7798218727 chunk=8 allK.size()=8 memory=0.0106310844 GB
timer:                             compute KPNO     4.23s     4.23s 
wall time=103.9033920765 chunk=8 allJ.size()=8 memory=0.0120213032 GB
timer:                             compute JPNO     0.12s     0.12s 
timer:                    compute Fock matrices     1.46s     1.46s 
timer:                             MRA compress     0.00s     0.00s 
timer:                          Transform Pairs     0.29s     0.29s 
timer:                             Canonicalize     0.29s     0.29s 
PNOPairs Memory Information
Total: 0.0206079483 GB 
PNO  : 0.0102221966 GB 
KPNO : 0.0103857517 GB 
W    : 0.0000000000 GB 

timer:                                 truncate     0.09s     0.09s 
mp2_pair21 is frozen: potential not computed
timer:                   Fluctuation Potentials     2.34s     2.34s 
timer:                       Fluctuation Matrix     0.16s     0.16s 
PNOPairs Memory Information
Total: 0.0348372459 GB 
PNO  : 0.0102221966 GB 
KPNO : 0.0103857517 GB 
W    : 0.0142292976 GB 

PNOPairs Memory Information
Total: 0.0348372459 GB 
PNO  : 0.0102221966 GB 
KPNO : 0.0103857517 GB 
W    : 0.0142292976 GB 

timer:                                 truncate     0.06s     0.06s 
timer:                             PNO Overlaps     0.11s     0.11s 
t_iter =  0  Hylleraas energy =  0.0000000000  ||R||_F =  0.1518162128  conv =  no
subspace solution [*]   1.00000000

t_iter =  1  Hylleraas energy =  -0.0361212212  ||R||_F =  0.0000001038  conv =  yes
=======================================================

Hylleraas MP2 Energies

=======================================================
    i    j      singlet      triplet        Total
=======================================================
    1    1  -1.76304e-02  0.00000e+00 -1.76304e-02
    2    1   0.00000e+00  0.00000e+00  0.00000e+00
    2    2  -1.84908e-02  0.00000e+00 -1.84908e-02
=======================================================
Hylleraas MP2 Energies (singlet): -3.61212e-02
Hylleraas MP2 Energies (triplet):  0.00000e+00
Hylleraas MP2 Energies (total)  : -3.61212e-02
=======================================================
-------------------------------------------
Total Reg Energy  =-3.61212e-02
Total F12 Energy  = 0.00000e+00
Sum Energies Total=-3.61212e-02
-------------------------------------------
timer:                         Solve Amplitudes     0.00s     0.00s 
No optimization untill now: Compressing pno ranks with tighter threshold
1.00000e-10 instead of 1.00000e-08
pair11: density evals:
 [*]   0.00248187   0.00304566   0.00304566   0.04965312

pair11: # of PNOs reduced from  4  to  3  maxrank= 3
pair22: density evals:
 [*]   0.00245577   0.00297593   0.00297593   0.05523683

pair22: # of PNOs reduced from  4  to  3  maxrank= 3
timer:                            compress PNOs     0.00s     0.00s 
timer:                             MRA compress     0.00s     0.00s 
timer:                          Transform Pairs     0.34s     0.34s 
timer:                          PNO Compression     0.34s     0.34s 
Information About All Pairs:
mp2_pair11           number=0 rank=  3 frozen=false
mp2_pair21           number=1 rank=  0 frozen=true
mp2_pair22           number=2 rank=  3 frozen=false
number of pairs=3
average rank   =2 (2.00000e+00)
largest rank   =3
saving vector of functions mp2_pair11
saving vector of functions mp2_pair22
timer:                        save pnos on disc     0.15s     0.15s 
PNOPairs Memory Information
Total: 0.02568 GB 
PNO  : 0.00732 GB 
KPNO : 0.00748 GB 
W    : 0.01088 GB 

timer:                                 truncate     0.06s     0.06s 
timer:      compute densities for G application     0.00s     0.00s 
pair21 is frozen: no optimization
timer:                Prepare for G application     0.28s     0.28s 
timer:                                    add K     0.03s     0.03s 
size of all Vpsi potentials (without Vnuc and J) 0.00953 GB 
time=109.94737 chunk=6 Vpsi+Vnuc+J=0.02359 GB
time=110.01336 chunk=6 Vpsi+Vnuc+J=0.02351 GB (after truncation)
timer:                           Apply G to all     2.42s     2.42s 
timer:                       apply Q and update     0.00s     0.00s 
mp2_pair11 residual norms:
[0.35483, 0.35483, 0.35813]
mp2_pair11 scaled residual norms:
[0.01958, 0.01958, 0.07980]
mp2_pair22 residual norms:
[0.35533, 0.35533, 0.35417]
mp2_pair22 scaled residual norms:
[0.01938, 0.01938, 0.08324]
timer:                          update all PNOs     2.73s     2.73s 
frozen pair: no orthonormalization
timer:                                     RRCD     0.03s     0.03s 
timer:                             MRA compress     0.00s     0.00s 
timer:                          Transform Pairs     0.17s     0.17s 
saving vector of functions mp2_pair11
saving vector of functions mp2_pair22
timer:                        save pnos on disc     0.15s     0.15s 


No convergence yet. Energy change = 0.03612

timer:                        Whole Iteration 1    12.67s    12.67s 
Information About All Pairs:
mp2_pair11           number=0 rank=  3 frozen=false
mp2_pair21           number=1 rank=  0 frozen=true
mp2_pair22           number=2 rank=  3 frozen=false
number of pairs=3
average rank   =2 (2.00000)
largest rank   =3
PNOPairs Memory Information
Total: 0.00781 GB 
PNO  : 0.00781 GB 
KPNO : 0.00000 GB 
W    : 0.00000 GB 

timer:                                 truncate     0.06s     0.06s 
wall time=115.53907 chunk=6 allK.size()=6 memory=0.00716 GB
timer:                             compute KPNO     3.33s     3.33s 
wall time=115.65303 chunk=6 allJ.size()=6 memory=0.00846 GB
timer:                             compute JPNO     0.11s     0.11s 
timer:                    compute Fock matrices     1.12s     1.12s 
timer:                             MRA compress     0.00s     0.00s 
timer:                          Transform Pairs     0.21s     0.21s 
timer:                             Canonicalize     0.21s     0.21s 
PNOPairs Memory Information
Total: 0.01497 GB 
PNO  : 0.00781 GB 
KPNO : 0.00716 GB 
W    : 0.00000 GB 

timer:                                 truncate     0.08s     0.08s 
mp2_pair21 is frozen: potential not computed
timer:                   Fluctuation Potentials     2.04s     2.04s 
timer:                       Fluctuation Matrix     0.19s     0.19s 
PNOPairs Memory Information
Total: 0.02601 GB 
PNO  : 0.00781 GB 
KPNO : 0.00716 GB 
W    : 0.01104 GB 

PNOPairs Memory Information
Total: 0.02601 GB 
PNO  : 0.00781 GB 
KPNO : 0.00716 GB 
W    : 0.01104 GB 

timer:                                 truncate     0.06s     0.06s 
timer:                             PNO Overlaps     0.10s     0.10s 
t_iter =  0  Hylleraas energy =  0.00000  ||R||_F =  0.19857  conv =  no
subspace solution [*]   1.00000000

t_iter =  1  Hylleraas energy =  -0.06009  ||R||_F =  0.00000  conv =  yes
=======================================================

Hylleraas MP2 Energies

=======================================================
    i    j      singlet      triplet        Total
=======================================================
    1    1  -2.93085e-02  0.00000e+00 -2.93085e-02
    2    1   0.00000e+00  0.00000e+00  0.00000e+00
    2    2  -3.07780e-02  0.00000e+00 -3.07780e-02
=======================================================
Hylleraas MP2 Energies (singlet): -6.00866e-02
Hylleraas MP2 Energies (triplet):  0.00000e+00
Hylleraas MP2 Energies (total)  : -6.00866e-02
=======================================================
-------------------------------------------
Total Reg Energy  =-6.00866e-02
Total F12 Energy  = 0.00000e+00
Sum Energies Total=-6.00866e-02
-------------------------------------------
timer:                         Solve Amplitudes     0.00s     0.00s 
pair11: density evals:
 [*]   0.00367622   0.00367622   0.08620436

pair22: density evals:
 [*]   0.00358381   0.00358381   0.09604124

timer:                            compress PNOs     0.00s     0.00s 
timer:                             MRA compress     0.00s     0.00s 
timer:                          Transform Pairs     0.30s     0.30s 
timer:                          PNO Compression     0.30s     0.30s 
Information About All Pairs:
mp2_pair11           number=0 rank=  3 frozen=false
mp2_pair21           number=1 rank=  0 frozen=true
mp2_pair22           number=2 rank=  3 frozen=false
number of pairs=3
average rank   =2 (2.00000e+00)
largest rank   =3
saving vector of functions mp2_pair11
saving vector of functions mp2_pair22
timer:                        save pnos on disc     0.17s     0.17s 
PNOPairs Memory Information
Total: 0.02601 GB 
PNO  : 0.00781 GB 
KPNO : 0.00716 GB 
W    : 0.01104 GB 

timer:                                 truncate     0.05s     0.05s 
timer:      compute densities for G application     0.00s     0.00s 
pair21 is frozen: no optimization
timer:                Prepare for G application     0.21s     0.21s 
timer:                                    add K     0.02s     0.02s 
size of all Vpsi potentials (without Vnuc and J) 0.01108 GB 
time=120.91283 chunk=6 Vpsi+Vnuc+J=0.02343 GB
time=120.97354 chunk=6 Vpsi+Vnuc+J=0.02278 GB (after truncation)
timer:                           Apply G to all     2.51s     2.51s 
timer:                       apply Q and update     0.00s     0.00s 
mp2_pair11 residual norms:
[0.08627, 0.08627, 0.09198]
mp2_pair11 scaled residual norms:
[0.00523, 0.00523, 0.02701]
mp2_pair22 residual norms:
[0.08773, 0.08773, 0.08922]
mp2_pair22 scaled residual norms:
[0.00525, 0.00525, 0.02765]
timer:                          update all PNOs     2.74s     2.74s 
frozen pair: no orthonormalization
timer:                                     RRCD     0.06s     0.06s 
timer:                             MRA compress     0.00s     0.00s 
timer:                          Transform Pairs     0.10s     0.10s 
saving vector of functions mp2_pair11
saving vector of functions mp2_pair22
timer:                        save pnos on disc     0.15s     0.15s 


No convergence yet. Energy change = 0.02397

timer:                        Whole Iteration 2    10.94s    10.94s 
Information About All Pairs:
mp2_pair11           number=0 rank=  3 frozen=false
mp2_pair21           number=1 rank=  0 frozen=true
mp2_pair22           number=2 rank=  3 frozen=false
number of pairs=3
average rank   =2 (2.00000)
largest rank   =3
PNOPairs Memory Information
Total: 0.00748 GB 
PNO  : 0.00748 GB 
KPNO : 0.00000 GB 
W    : 0.00000 GB 

timer:                                 truncate     0.02s     0.02s 
wall time=126.35490 chunk=6 allK.size()=6 memory=0.00789 GB
timer:                             compute KPNO     3.25s     3.25s 
wall time=126.47294 chunk=6 allJ.size()=6 memory=0.00846 GB
timer:                             compute JPNO     0.12s     0.12s 
timer:                    compute Fock matrices     1.07s     1.07s 
timer:                             MRA compress     0.00s     0.00s 
timer:                          Transform Pairs     0.26s     0.26s 
timer:                             Canonicalize     0.27s     0.27s 
PNOPairs Memory Information
Total: 0.01529 GB 
PNO  : 0.00748 GB 
KPNO : 0.00781 GB 
W    : 0.00000 GB 

timer:                                 truncate     0.04s     0.04s 
mp2_pair21 is frozen: potential not computed
timer:                   Fluctuation Potentials     1.82s     1.82s 
timer:                       Fluctuation Matrix     0.18s     0.18s 
PNOPairs Memory Information
Total: 0.02650 GB 
PNO  : 0.00748 GB 
KPNO : 0.00781 GB 
W    : 0.01120 GB 

PNOPairs Memory Information
Total: 0.02650 GB 
PNO  : 0.00748 GB 
KPNO : 0.00781 GB 
W    : 0.01120 GB 

timer:                                 truncate     0.07s     0.07s 
timer:                             PNO Overlaps     0.13s     0.13s 
t_iter =  0  Hylleraas energy =  0.00000  ||R||_F =  0.21062  conv =  no
subspace solution [*]   1.00000000

t_iter =  1  Hylleraas energy =  -0.06348  ||R||_F =  0.00000  conv =  yes
=======================================================

Hylleraas MP2 Energies

=======================================================
    i    j      singlet      triplet        Total
=======================================================
    1    1  -3.09829e-02  0.00000e+00 -3.09829e-02
    2    1   0.00000e+00  0.00000e+00  0.00000e+00
    2    2  -3.24935e-02  0.00000e+00 -3.24935e-02
=======================================================
Hylleraas MP2 Energies (singlet): -6.34764e-02
Hylleraas MP2 Energies (triplet):  0.00000e+00
Hylleraas MP2 Energies (total)  : -6.34764e-02
=======================================================
-------------------------------------------
Total Reg Energy  =-6.34764e-02
Total F12 Energy  = 0.00000e+00
Sum Energies Total=-6.34764e-02
-------------------------------------------
timer:                         Solve Amplitudes     0.00s     0.00s 
pair11: density evals:
 [*]   0.00352374   0.00352374   0.08581379

pair22: density evals:
 [*]   0.00342846   0.00342846   0.09569662

timer:                            compress PNOs     0.00s     0.00s 
timer:                             MRA compress     0.00s     0.00s 
timer:                          Transform Pairs     0.32s     0.32s 
timer:                          PNO Compression     0.32s     0.32s 
Information About All Pairs:
mp2_pair11           number=0 rank=  3 frozen=false
mp2_pair21           number=1 rank=  0 frozen=true
mp2_pair22           number=2 rank=  3 frozen=false
number of pairs=3
average rank   =2 (2.00000e+00)
largest rank   =3
saving vector of functions mp2_pair11
saving vector of functions mp2_pair22
timer:                        save pnos on disc     0.12s     0.12s 
PNOPairs Memory Information
Total: 0.02633 GB 
PNO  : 0.00748 GB 
KPNO : 0.00781 GB 
W    : 0.01104 GB 

timer:                                 truncate     0.03s     0.03s 
timer:      compute densities for G application     0.00s     0.00s 
pair21 is frozen: no optimization
timer:                Prepare for G application     0.23s     0.23s 
timer:                                    add K     0.02s     0.02s 
size of all Vpsi potentials (without Vnuc and J) 0.01108 GB 
time=131.39309 chunk=6 Vpsi+Vnuc+J=0.02343 GB
time=131.43647 chunk=6 Vpsi+Vnuc+J=0.02245 GB (after truncation)
timer:                           Apply G to all     2.40s     2.40s 
timer:                       apply Q and update     0.00s     0.00s 
mp2_pair11 residual norms:
[0.03367, 0.03367, 0.03866]
mp2_pair11 scaled residual norms:
[0.00200, 0.00200, 0.01132]
mp2_pair22 residual norms:
[0.03626, 0.03626, 0.03734]
mp2_pair22 scaled residual norms:
[0.00212, 0.00212, 0.01155]
timer:                          update all PNOs     2.66s     2.66s 
frozen pair: no orthonormalization
timer:                                     RRCD     0.09s     0.09s 
timer:                             MRA compress     0.00s     0.00s 
timer:                          Transform Pairs     0.11s     0.11s 
saving vector of functions mp2_pair11
saving vector of functions mp2_pair22
timer:                        save pnos on disc     0.15s     0.15s 


No convergence yet. Energy change = 0.00339

timer:                        Whole Iteration 3    10.47s    10.47s 
Information About All Pairs:
mp2_pair11           number=0 rank=  3 frozen=false
mp2_pair21           number=1 rank=  0 frozen=true
mp2_pair22           number=2 rank=  3 frozen=false
number of pairs=3
average rank   =2 (2.00000)
largest rank   =3
PNOPairs Memory Information
Total: 0.00781 GB 
PNO  : 0.00781 GB 
KPNO : 0.00000 GB 
W    : 0.00000 GB 

timer:                                 truncate     0.02s     0.02s 
wall time=137.08684 chunk=6 allK.size()=6 memory=0.00789 GB
timer:                             compute KPNO     3.51s     3.51s 
wall time=137.21694 chunk=6 allJ.size()=6 memory=0.00846 GB
timer:                             compute JPNO     0.13s     0.13s 
timer:                    compute Fock matrices     1.15s     1.15s 
timer:                             MRA compress     0.00s     0.00s 
timer:                          Transform Pairs     0.24s     0.24s 
timer:                             Canonicalize     0.25s     0.25s 
PNOPairs Memory Information
Total: 0.01554 GB 
PNO  : 0.00773 GB 
KPNO : 0.00781 GB 
W    : 0.00000 GB 

timer:                                 truncate     0.05s     0.05s 
mp2_pair21 is frozen: potential not computed
timer:                   Fluctuation Potentials     1.71s     1.71s 
timer:                       Fluctuation Matrix     0.18s     0.18s 
PNOPairs Memory Information
Total: 0.02674 GB 
PNO  : 0.00773 GB 
KPNO : 0.00781 GB 
W    : 0.01120 GB 

PNOPairs Memory Information
Total: 0.02674 GB 
PNO  : 0.00773 GB 
KPNO : 0.00781 GB 
W    : 0.01120 GB 

timer:                                 truncate     0.07s     0.07s 
timer:                             PNO Overlaps     0.06s     0.06s 
t_iter =  0  Hylleraas energy =  0.00000  ||R||_F =  0.21507  conv =  no
subspace solution [*]   1.00000000

t_iter =  1  Hylleraas energy =  -0.06413  ||R||_F =  0.00000  conv =  yes
=======================================================

Hylleraas MP2 Energies

=======================================================
    i    j      singlet      triplet        Total
=======================================================
    1    1  -3.13036e-02  0.00000e+00 -3.13036e-02
    2    1   0.00000e+00  0.00000e+00  0.00000e+00
    2    2  -3.28237e-02  0.00000e+00 -3.28237e-02
=======================================================
Hylleraas MP2 Energies (singlet): -6.41273e-02
Hylleraas MP2 Energies (triplet):  0.00000e+00
Hylleraas MP2 Energies (total)  : -6.41273e-02
=======================================================
-------------------------------------------
Total Reg Energy  =-6.41273e-02
Total F12 Energy  = 0.00000e+00
Sum Energies Total=-6.41273e-02
-------------------------------------------
timer:                         Solve Amplitudes     0.00s     0.00s 
pair11: density evals:
 [*]   0.00343243   0.00343243   0.08397965

pair22: density evals:
 [*]   0.00333235   0.00333235   0.09375280

timer:                            compress PNOs     0.00s     0.00s 
timer:                             MRA compress     0.00s     0.00s 
timer:                          Transform Pairs     0.32s     0.32s 
timer:                          PNO Compression     0.32s     0.32s 
Information About All Pairs:
mp2_pair11           number=0 rank=  3 frozen=false
mp2_pair21           number=1 rank=  0 frozen=true
mp2_pair22           number=2 rank=  3 frozen=false
number of pairs=3
average rank   =2 (2.00000e+00)
largest rank   =3
saving vector of functions mp2_pair11
saving vector of functions mp2_pair22
timer:                        save pnos on disc     0.14s     0.14s 
PNOPairs Memory Information
Total: 0.02658 GB 
PNO  : 0.00773 GB 
KPNO : 0.00781 GB 
W    : 0.01104 GB 

timer:                                 truncate     0.09s     0.09s 
timer:      compute densities for G application     0.00s     0.00s 
pair21 is frozen: no optimization
timer:                Prepare for G application     0.20s     0.20s 
timer:                                    add K     0.03s     0.03s 
size of all Vpsi potentials (without Vnuc and J) 0.01108 GB 
time=142.09934 chunk=6 Vpsi+Vnuc+J=0.02367 GB
time=142.14635 chunk=6 Vpsi+Vnuc+J=0.02237 GB (after truncation)
timer:                           Apply G to all     2.32s     2.33s 
timer:                       apply Q and update     0.00s     0.00s 
mp2_pair11 residual norms:
[0.01764, 0.01764, 0.01880]
mp2_pair11 scaled residual norms:
[0.00103, 0.00103, 0.00545]
mp2_pair22 residual norms:
[0.02036, 0.02036, 0.01819]
mp2_pair22 scaled residual norms:
[0.00118, 0.00118, 0.00557]
timer:                          update all PNOs     2.56s     2.56s 
frozen pair: no orthonormalization
timer:                                     RRCD     0.03s     0.03s 
timer:                             MRA compress     0.00s     0.00s 
timer:                          Transform Pairs     0.05s     0.05s 
saving vector of functions mp2_pair11
saving vector of functions mp2_pair22
timer:                        save pnos on disc     0.14s     0.14s 


No convergence yet. Energy change = 0.00065

timer:                        Whole Iteration 4    10.59s    10.59s 
Information About All Pairs:
mp2_pair11           number=0 rank=  3 frozen=false
mp2_pair21           number=1 rank=  0 frozen=true
mp2_pair22           number=2 rank=  3 frozen=false
number of pairs=3
average rank   =2 (2.00000)
largest rank   =3
PNOPairs Memory Information
Total: 0.00773 GB 
PNO  : 0.00773 GB 
KPNO : 0.00000 GB 
W    : 0.00000 GB 

timer:                                 truncate     0.06s     0.06s 
wall time=147.78659 chunk=6 allK.size()=6 memory=0.00797 GB
timer:                             compute KPNO     3.58s     3.58s 
wall time=147.95297 chunk=6 allJ.size()=6 memory=0.00838 GB
timer:                             compute JPNO     0.17s     0.17s 
timer:                    compute Fock matrices     1.10s     1.10s 
timer:                             MRA compress     0.00s     0.00s 
timer:                          Transform Pairs     0.18s     0.18s 
timer:                             Canonicalize     0.18s     0.18s 
PNOPairs Memory Information
Total: 0.01562 GB 
PNO  : 0.00773 GB 
KPNO : 0.00789 GB 
W    : 0.00000 GB 

timer:                                 truncate     0.04s     0.04s 
mp2_pair21 is frozen: potential not computed
timer:                   Fluctuation Potentials     1.98s     1.98s 
timer:                       Fluctuation Matrix     0.16s     0.16s 
PNOPairs Memory Information
Total: 0.02682 GB 
PNO  : 0.00773 GB 
KPNO : 0.00789 GB 
W    : 0.01120 GB 

PNOPairs Memory Information
Total: 0.02682 GB 
PNO  : 0.00773 GB 
KPNO : 0.00789 GB 
W    : 0.01120 GB 

timer:                                 truncate     0.03s     0.03s 
timer:                             PNO Overlaps     0.16s     0.16s 
t_iter =  0  Hylleraas energy =  0.00000  ||R||_F =  0.21707  conv =  no
subspace solution [*]   1.00000000

t_iter =  1  Hylleraas energy =  -0.06429  ||R||_F =  0.00000  conv =  yes
=======================================================

Hylleraas MP2 Energies

=======================================================
    i    j      singlet      triplet        Total
=======================================================
    1    1  -3.13819e-02  0.00000e+00 -3.13819e-02
    2    1   0.00000e+00  0.00000e+00  0.00000e+00
    2    2  -3.29080e-02  0.00000e+00 -3.29080e-02
=======================================================
Hylleraas MP2 Energies (singlet): -6.42899e-02
Hylleraas MP2 Energies (triplet):  0.00000e+00
Hylleraas MP2 Energies (total)  : -6.42899e-02
=======================================================
-------------------------------------------
Total Reg Energy  =-6.42899e-02
Total F12 Energy  = 0.00000e+00
Sum Energies Total=-6.42899e-02
-------------------------------------------
timer:                         Solve Amplitudes     0.00s     0.00s 
pair11: density evals:
 [*]   0.00338213   0.00338213   0.08287312

pair22: density evals:
 [*]   0.00327670   0.00327670   0.09259341

timer:                            compress PNOs     0.00s     0.00s 
timer:                             MRA compress     0.00s     0.00s 
timer:                          Transform Pairs     0.33s     0.33s 
timer:                          PNO Compression     0.33s     0.33s 
Information About All Pairs:
mp2_pair11           number=0 rank=  3 frozen=false
mp2_pair21           number=1 rank=  0 frozen=true
mp2_pair22           number=2 rank=  3 frozen=false
number of pairs=3
average rank   =2 (2.00000e+00)
largest rank   =3
saving vector of functions mp2_pair11
saving vector of functions mp2_pair22
timer:                        save pnos on disc     0.14s     0.14s 
PNOPairs Memory Information
Total: 0.02658 GB 
PNO  : 0.00773 GB 
KPNO : 0.00781 GB 
W    : 0.01104 GB 

timer:                                 truncate     0.06s     0.06s 
timer:      compute densities for G application     0.00s     0.00s 
pair21 is frozen: no optimization
timer:                Prepare for G application     0.23s     0.23s 
timer:                                    add K     0.04s     0.04s 
size of all Vpsi potentials (without Vnuc and J) 0.01092 GB 
time=152.94438 chunk=6 Vpsi+Vnuc+J=0.02384 GB
time=153.00549 chunk=6 Vpsi+Vnuc+J=0.02269 GB (after truncation)
timer:                           Apply G to all     2.33s     2.33s 
timer:                       apply Q and update     0.00s     0.00s 
mp2_pair11 residual norms:
[0.01124, 0.01124, 0.00982]
mp2_pair11 scaled residual norms:
[0.00065, 0.00065, 0.00283]
mp2_pair22 residual norms:
[0.01364, 0.01364, 0.00951]
mp2_pair22 scaled residual norms:
[0.00078, 0.00078, 0.00289]
timer:                          update all PNOs     2.60s     2.60s 
frozen pair: no orthonormalization
timer:                                     RRCD     0.11s     0.11s 
timer:                             MRA compress     0.00s     0.00s 
timer:                          Transform Pairs     0.08s     0.08s 
saving vector of functions mp2_pair11
saving vector of functions mp2_pair22
timer:                        save pnos on disc     0.13s     0.13s 


No convergence yet. Energy change = 0.00016

timer:                        Whole Iteration 5    10.94s    10.94s 
Information About All Pairs:
mp2_pair11           number=0 rank=  3 frozen=false
mp2_pair21           number=1 rank=  0 frozen=true
mp2_pair22           number=2 rank=  3 frozen=false
number of pairs=3
average rank   =2 (2.00000)
largest rank   =3
PNOPairs Memory Information
Total: 0.00773 GB 
PNO  : 0.00773 GB 
KPNO : 0.00000 GB 
W    : 0.00000 GB 

timer:                                 truncate     0.04s     0.04s 
wall time=158.59091 chunk=6 allK.size()=6 memory=0.00797 GB
timer:                             compute KPNO     3.46s     3.46s 
wall time=158.70500 chunk=6 allJ.size()=6 memory=0.00838 GB
timer:                             compute JPNO     0.11s     0.11s 
timer:                    compute Fock matrices     1.33s     1.33s 
timer:                             MRA compress     0.00s     0.00s 
timer:                          Transform Pairs     0.18s     0.18s 
timer:                             Canonicalize     0.18s     0.18s 
PNOPairs Memory Information
Total: 0.01562 GB 
PNO  : 0.00773 GB 
KPNO : 0.00789 GB 
W    : 0.00000 GB 

timer:                                 truncate     0.04s     0.04s 
mp2_pair21 is frozen: potential not computed
timer:                   Fluctuation Potentials     1.79s     1.79s 
timer:                       Fluctuation Matrix     0.16s     0.16s 
PNOPairs Memory Information
Total: 0.02682 GB 
PNO  : 0.00773 GB 
KPNO : 0.00789 GB 
W    : 0.01120 GB 

PNOPairs Memory Information
Total: 0.02682 GB 
PNO  : 0.00773 GB 
KPNO : 0.00789 GB 
W    : 0.01120 GB 

timer:                                 truncate     0.04s     0.04s 
timer:                             PNO Overlaps     0.07s     0.07s 
t_iter =  0  Hylleraas energy =  0.00000  ||R||_F =  0.21806  conv =  no
subspace solution [*]   1.00000000

t_iter =  1  Hylleraas energy =  -0.06434  ||R||_F =  0.00000  conv =  yes
=======================================================

Hylleraas MP2 Energies

=======================================================
    i    j      singlet      triplet        Total
=======================================================
    1    1  -3.14060e-02  0.00000e+00 -3.14060e-02
    2    1   0.00000e+00  0.00000e+00  0.00000e+00
    2    2  -3.29327e-02  0.00000e+00 -3.29327e-02
=======================================================
Hylleraas MP2 Energies (singlet): -6.43388e-02
Hylleraas MP2 Energies (triplet):  0.00000e+00
Hylleraas MP2 Energies (total)  : -6.43388e-02
=======================================================
-------------------------------------------
Total Reg Energy  =-6.43388e-02
Total F12 Energy  = 0.00000e+00
Sum Energies Total=-6.43388e-02
-------------------------------------------
timer:                         Solve Amplitudes     0.00s     0.00s 
pair11: density evals:
 [*]   0.00335146   0.00335146   0.08229800

pair22: density evals:
 [*]   0.00324122   0.00324122   0.09197637

timer:                            compress PNOs     0.00s     0.00s 
timer:                             MRA compress     0.00s     0.00s 
timer:                          Transform Pairs     0.36s     0.36s 
timer:                          PNO Compression     0.36s     0.36s 
Information About All Pairs:
mp2_pair11           number=0 rank=  3 frozen=false
mp2_pair21           number=1 rank=  0 frozen=true
mp2_pair22           number=2 rank=  3 frozen=false
number of pairs=3
average rank   =2 (2.00000e+00)
largest rank   =3
saving vector of functions mp2_pair11
saving vector of functions mp2_pair22
timer:                        save pnos on disc     0.16s     0.16s 
PNOPairs Memory Information
Total: 0.02682 GB 
PNO  : 0.00773 GB 
KPNO : 0.00789 GB 
W    : 0.01120 GB 

timer:                                 truncate     0.04s     0.04s 
timer:      compute densities for G application     0.00s     0.00s 
pair21 is frozen: no optimization
timer:                Prepare for G application     0.25s     0.25s 
timer:                                    add K     0.01s     0.01s 
size of all Vpsi potentials (without Vnuc and J) 0.01092 GB 
time=163.69881 chunk=6 Vpsi+Vnuc+J=0.02392 GB
time=163.72517 chunk=6 Vpsi+Vnuc+J=0.02278 GB (after truncation)
timer:                           Apply G to all     2.43s     2.43s 
timer:                       apply Q and update     0.00s     0.00s 
mp2_pair11 residual norms:
[0.00786, 0.00786, 0.00532]
mp2_pair11 scaled residual norms:
[0.00046, 0.00046, 0.00153]
mp2_pair22 residual norms:
[0.00986, 0.00986, 0.00519]
mp2_pair22 scaled residual norms:
[0.00056, 0.00056, 0.00157]
timer:                          update all PNOs     2.71s     2.71s 
frozen pair: no orthonormalization
timer:                                     RRCD     0.06s     0.06s 
timer:                             MRA compress     0.00s     0.00s 
timer:                          Transform Pairs     0.07s     0.07s 
saving vector of functions mp2_pair11
saving vector of functions mp2_pair22
timer:                        save pnos on disc     0.13s     0.13s 


CONVERGED!
energy change = 0.00005

re-entering loop to compute the correct amplitudes and energies
timer:                        Whole Iteration 6    10.78s    10.78s 
Information About All Pairs:
mp2_pair11           number=0 rank=  3 frozen=false
mp2_pair21           number=1 rank=  0 frozen=true
mp2_pair22           number=2 rank=  3 frozen=false
number of pairs=3
average rank   =2 (2.00000)
largest rank   =3
PNOPairs Memory Information
Total: 0.00773 GB 
PNO  : 0.00773 GB 
KPNO : 0.00000 GB 
W    : 0.00000 GB 

timer:                                 truncate     0.02s     0.02s 
wall time=169.47112 chunk=6 allK.size()=6 memory=0.00789 GB
timer:                             compute KPNO     3.57s     3.57s 
wall time=169.64098 chunk=6 allJ.size()=6 memory=0.00838 GB
timer:                             compute JPNO     0.17s     0.17s 
timer:                    compute Fock matrices     1.21s     1.21s 
timer:                             MRA compress     0.00s     0.00s 
timer:                          Transform Pairs     0.20s     0.20s 
timer:                             Canonicalize     0.20s     0.20s 
PNOPairs Memory Information
Total: 0.01554 GB 
PNO  : 0.00773 GB 
KPNO : 0.00781 GB 
W    : 0.00000 GB 

timer:                                 truncate     0.03s     0.03s 
mp2_pair21 is frozen: potential not computed
timer:                   Fluctuation Potentials     1.80s     1.80s 
timer:                       Fluctuation Matrix     0.24s     0.24s 
PNOPairs Memory Information
Total: 0.02674 GB 
PNO  : 0.00773 GB 
KPNO : 0.00781 GB 
W    : 0.01120 GB 

PNOPairs Memory Information
Total: 0.02674 GB 
PNO  : 0.00773 GB 
KPNO : 0.00781 GB 
W    : 0.01120 GB 

timer:                                 truncate     0.03s     0.03s 
timer:                             PNO Overlaps     0.08s     0.08s 
t_iter =  0  Hylleraas energy =  0.00000  ||R||_F =  0.21861  conv =  no
subspace solution [*]   1.00000000

t_iter =  1  Hylleraas energy =  -0.06435  ||R||_F =  0.00000  conv =  yes
=======================================================

Hylleraas MP2 Energies

=======================================================
    i    j      singlet      triplet        Total
=======================================================
    1    1  -3.14127e-02  0.00000e+00 -3.14127e-02
    2    1   0.00000e+00  0.00000e+00  0.00000e+00
    2    2  -3.29415e-02  0.00000e+00 -3.29415e-02
=======================================================
Hylleraas MP2 Energies (singlet): -6.43542e-02
Hylleraas MP2 Energies (triplet):  0.00000e+00
Hylleraas MP2 Energies (total)  : -6.43542e-02
=======================================================
-------------------------------------------
Total Reg Energy  =-6.43542e-02
Total F12 Energy  = 0.00000e+00
Sum Energies Total=-6.43542e-02
-------------------------------------------
timer:                         Solve Amplitudes     0.00s     0.00s 
pair11: density evals:
 [*]   0.00333101   0.00333101   0.08198971

pair22: density evals:
 [*]   0.00321672   0.00321672   0.09165525

timer:                            compress PNOs     0.00s     0.00s 
timer:                             MRA compress     0.00s     0.00s 
timer:                          Transform Pairs     0.39s     0.39s 
timer:                          PNO Compression     0.39s     0.39s 
Information About All Pairs:
mp2_pair11           number=0 rank=  3 frozen=false
mp2_pair21           number=1 rank=  0 frozen=true
mp2_pair22           number=2 rank=  3 frozen=false
number of pairs=3
average rank   =2 (2.00000e+00)
largest rank   =3
saving vector of functions mp2_pair11
saving vector of functions mp2_pair22
timer:                        save pnos on disc     0.20s     0.20s 
exiting: Iterations converged
PNO ranks:
PNO Rank for pair pair11 = 3
PNO Rank for pair pair21 = 0
PNO Rank for pair pair22 = 3
average rank 2.00000e+00
timer:                               PNO::solve    77.22s    77.22s 

--------------------------------
ITERATE-PAIRS-INTERNAL-ENDED
--------------------------------
mp2_pair21 converged!


Adaptive Sovler:
 Current Energy=-6.4354159396e-02
 DeltaE        =-6.4354159396e-02
 max dE (pair) =-3.2941476771e-02 (2)
 all_pairs_conv=false




not converged yet

freeze pair mp2_pair21 (not further optimized: Energy below 1.0000000000e-05)
Maximum Rank of3 reached for all non-frozen pairs, no need to iterate further=======================================================

Final MP2 Energies

=======================================================
    i    j      singlet      triplet        Total
=======================================================
    1    1  -3.14127e-02  0.00000e+00 -3.14127e-02
    2    1   0.00000e+00  0.00000e+00  0.00000e+00
    2    2  -3.29415e-02  0.00000e+00 -3.29415e-02
=======================================================
Final MP2 Energies (singlet): -6.43542e-02
Final MP2 Energies (triplet):  0.00000e+00
Final MP2 Energies (total)  : -6.43542e-02
=======================================================
-------------------------------------------
Total Reg Energy  =-6.43542e-02
Total F12 Energy  = 0.00000e+00
Sum Energies Total=-6.43542e-02
-------------------------------------------
Average | Max Rank: 2 | 3



--------------------------------------------------
MRA-PNO-MP2-F12 ended 
--------------------------------------------------
                 time scf = 8.89346e+01
               energy scf = -1.54470e+01
--------------------------------------------------
restarting PNO to reload pairs that converged before and were frozen
PNO Parameters
pno
       rank_increase  15         # default   maximum rank to increase in every macroiteration
               chunk  100        # default   chunk of functions operated on in parallel when G or K is applied (prevent memory shortage)
               debug  false      # default   debug mode
              freeze  1          # derived   frozen core approximation
             maxrank  3          # defined   maximal pno rank for all pairs
           guesstype  exop       # derived   the guesstype: exop (recommended, multiply polynomial excitation operators onto the occupied orbitals), empty (don't compute a guess), scf (use the ao basis from the SCF solver), partial_wave (create s,p,d ..., type functions and place on atoms), predefined (same as partial_wave but for predefined sets)
                exop  multipole  # derived   this string defines which excitation operators can be used, use 'dipole', 'dipole+', 'quadrupole', 'ocopole', or 'multipole', need to set guesstype to 'exop' which is the default
          exop_trigo  true       # default   use trigonometric excitation operators ( x --> sin(x)
        partial_wave             # default   atom centered partial wave guess of format like 'h-2s1p-o-3s2p1d', need to set guesstype to 'partial_wave' and adaptive_solver to 'none'
          predefined             # default   predefined partial wave guesses of type pvxz with x=d,t,q,5,6, need to set guesstype to 'predefined' and adaptive_solver to 'none'
           maxiter_t  100        # default   maximal number of iterations in the amplitude solver
       maxiter_micro  10         # default   Maximum of iterations for every cycle in the adaptive solver
       maxiter_macro  10         # default   Maximum of iterations of cycles in the adaptive solver
                tpno  1.0000e-08 # default   PNO cutoff threshold
          tpno_tight  1.0000e-10 # derived   PNO cutoff for the first iteration
    canonicalize_pno  true       # default   canonicalize the pnos before the amplitude solver
              thresh  1.0000e-04 # defined   MRA threshold
         econv_micro  1.0000e-04 # derived   Energy convergence for microiterations (Greens function based optimization) in adaptive solver
         econv_pairs  1.0000e-05 # derived   ENergy convergence for individual pairs in adaptive solver. Converged pairs are frozen automatically
         econv_macro  1.0000e-04 # derived   Energy convergence for macroiterations in adaptive solver, no effect if adaptive_solver is deactivated
               dconv  1.0000e-01 # default   convergence of every PNO in the Green's function solver
           op_thresh  1.0000e-06 # default   MRA operator thresh
             restart  all        # defined   restart pairs of this type, use 'mp2', 'cispd', 'all' or 'none'
          no_compute  none       # default   do not compute the pairs of this type, use 'mp2', 'cispd', 'all' or 'none'
              no_opt  all        # defined   do not optimize the pnos of this type, use 'mp2', 'cispd', 'all' or 'none'
            no_guess  all        # defined   guess for this type will be empty, use 'mp2', 'cispd', 'all' or 'none'
     adaptive_solver  none       # defined   Use adaptive solver for those pairs, use 'mp2', 'cispd', 'all' or 'none', works only in combination with guesstype 'exop'
                kain  true       # default   use KAIN solver in amplitude solver
       kain_subspace  5          # default   subspace size of the KAIN solver (amplitudes)
                 f12  false      # defined   use explicit correlation
        cispd_number  -1         # default   CIS(D) excitation numbers, to read in correct functions
        cispd_energy  0.0000e+00 # default   CIS energy
        freeze_pairs  none       # default   frozen pairs will not be optimized: Expected format 'a b c d' will freeze pairs ab and cd
freeze_pairs_of_orbital  []         # default    All pairs which originate from this orbital will not be optimized
active_pairs_of_orbital  []         # default    All pairs which originate from this orbital will not be frozen all other pairs will, if this vector is not empty
no_opt_in_first_iteration  false      # default   Do not optimize in the first iteration (then the potentials do not have to be evaluated, use this for large guesses)
            exchange  full       # default   approximate exchange with 'neglect' or xc functional -> same syntax as moldft
           save_pnos  true       # default   Save the OBS-PNOs to a file, before and after orthonormalization.
            diagonal  true       # defined   Compute only diagonal PNOs

end

**********************
Solve PNO-MP2
*********************


**********************
Iterate Pairs
*********************


************************
Standard Solver
***********************

Initializing Pairs:
Restart demanded for mp2 pairs
loading vector of functions mp2_pair11
Found PNOs for mp2_pair11 with rank 3
loading vector of functions mp2_pair21
failed to find PNO mp2_pair21 initialize as zero function
nloading vector of functions mp2_pair22
Found PNOs for mp2_pair22 with rank 3
no guess was explicitly demanded for mp2

timer:                                     RRCD     0.03s     0.03s 
timer:                             MRA compress     0.00s     0.00s 
timer:                          Transform Pairs     0.17s     0.17s 
timer:          apply Q and orthonormalize PNOs     0.53s     0.53s 
Created Guess:
pair11 with 3 guess functions
pair21 with 0 guess functions
pair22 with 3 guess functions
guess pair11 size: 3.8231015205e-03 | 3.8231015205e-03 Gbyte (after truncation)
guess pair22 size: 3.9048790932e-03 | 3.9048790932e-03 Gbyte (after truncation)
timer:                           truncate guess     0.04s     0.04s 
timer:                         Initialize Pairs     0.58s     0.58s 
Information About All Pairs:
mp2_pair11           number=0 rank=  3 frozen=false
mp2_pair21           number=1 rank=  0 frozen=true
mp2_pair22           number=2 rank=  3 frozen=false
number of pairs=3
average rank   =2 (2.0000000000e+00)
largest rank   =3
SolveInternal: Parameters are assigned as
no_compute        = false
no_opt            = true
restart           = true
do_cispd          = false
econv             =1.0000000000e-04
maxrank (min,max) = (3,3)
Solving MP2 doubles
timer:          fock matrix     2.93s     2.93s
Information About All Pairs:
mp2_pair11           number=0 rank=  3 frozen=false
mp2_pair21           number=1 rank=  0 frozen=true
mp2_pair22           number=2 rank=  3 frozen=false
number of pairs=3
average rank   =2 (2.0000000000e+00)
largest rank   =3
PNOPairs Memory Information
Total: 0.0077279806 GB 
PNO  : 0.0077279806 GB 
KPNO : 0.0000000000 GB 
W    : 0.0000000000 GB 

timer:                                 truncate     0.08s     0.08s 
wall time=180.7951650620 chunk=6 allK.size()=6 memory=0.0078915358 GB
timer:                             compute KPNO     3.35s     3.35s 
wall time=180.9689729214 chunk=6 allJ.size()=6 memory=0.0083822012 GB
timer:                             compute JPNO     0.17s     0.17s 
timer:                    compute Fock matrices     0.94s     0.94s 
timer:                             MRA compress     0.00s     0.00s 
timer:                          Transform Pairs     0.18s     0.18s 
timer:                             Canonicalize     0.19s     0.19s 
PNOPairs Memory Information
Total: 0.0155377388 GB 
PNO  : 0.0077279806 GB 
KPNO : 0.0078097582 GB 
W    : 0.0000000000 GB 

timer:                                 truncate     0.03s     0.03s 
mp2_pair21 is frozen: potential not computed
timer:                   Fluctuation Potentials     1.92s     1.92s 
timer:                       Fluctuation Matrix     0.21s     0.21s 
PNOPairs Memory Information
Total: 0.0267412663 GB 
PNO  : 0.0077279806 GB 
KPNO : 0.0078097582 GB 
W    : 0.0112035275 GB 

PNOPairs Memory Information
Total: 0.0267412663 GB 
PNO  : 0.0077279806 GB 
KPNO : 0.0078097582 GB 
W    : 0.0112035275 GB 

timer:                                 truncate     0.06s     0.06s 
timer:                             PNO Overlaps     0.10s     0.10s 
t_iter =  0  Hylleraas energy =  0.0000000000  ||R||_F =  0.2186071670  conv =  no
subspace solution [*]   1.00000000

t_iter =  1  Hylleraas energy =  -0.0643545360  ||R||_F =  0.0000000076  conv =  yes
=======================================================

Hylleraas MP2 Energies

=======================================================
    i    j      singlet      triplet        Total
=======================================================
    1    1  -3.14130e-02  0.00000e+00 -3.14130e-02
    2    1   0.00000e+00  0.00000e+00  0.00000e+00
    2    2  -3.29415e-02  0.00000e+00 -3.29415e-02
=======================================================
Hylleraas MP2 Energies (singlet): -6.43545e-02
Hylleraas MP2 Energies (triplet):  0.00000e+00
Hylleraas MP2 Energies (total)  : -6.43545e-02
=======================================================
-------------------------------------------
Total Reg Energy  =-6.43545e-02
Total F12 Energy  = 0.00000e+00
Sum Energies Total=-6.43545e-02
-------------------------------------------
timer:                         Solve Amplitudes     0.00s     0.00s 
No optimization untill now: Compressing pno ranks with tighter threshold
1.00000e-10 instead of 1.00000e-08
pair11: density evals:
 [*]   0.00333101   0.00333101   0.08199082

pair22: density evals:
 [*]   0.00321672   0.00321672   0.09165549

timer:                            compress PNOs     0.00s     0.00s 
timer:                             MRA compress     0.00s     0.00s 
timer:                          Transform Pairs     0.45s     0.45s 
timer:                          PNO Compression     0.45s     0.45s 
Information About All Pairs:
mp2_pair11           number=0 rank=  3 frozen=false
mp2_pair21           number=1 rank=  0 frozen=true
mp2_pair22           number=2 rank=  3 frozen=false
number of pairs=3
average rank   =2 (2.00000e+00)
largest rank   =3
saving vector of functions mp2_pair11
saving vector of functions mp2_pair22
timer:                        save pnos on disc     0.14s     0.14s 
exiting: Found no_opt keyword
PNO ranks:
PNO Rank for pair pair11 = 3
PNO Rank for pair pair21 = 0
PNO Rank for pair pair22 = 3
average rank 2.00000e+00
timer:                               PNO::solve    10.62s    10.62s 

--------------------------------
ITERATE-PAIRS-INTERNAL-ENDED
--------------------------------
=======================================================

Final MP2 Energies

=======================================================
    i    j      singlet      triplet        Total
=======================================================
    1    1  -3.14130e-02  0.00000e+00 -3.14130e-02
    2    1   0.00000e+00  0.00000e+00  0.00000e+00
    2    2  -3.29415e-02  0.00000e+00 -3.29415e-02
=======================================================
Final MP2 Energies (singlet): -6.43545e-02
Final MP2 Energies (triplet):  0.00000e+00
Final MP2 Energies (total)  : -6.43545e-02
=======================================================
-------------------------------------------
Total Reg Energy  =-6.43545e-02
Total F12 Energy  = 0.00000e+00
Sum Energies Total=-6.43545e-02
-------------------------------------------
Average | Max Rank: 2 | 3
                 time pno = 8.41968e+01
               energy mp2 = -6.43545e-02
     average pno rank mp2 = 2
         max pno rank mp2 = 3
--------------------------------------------------
            energy(total) = -1.55113e+01
--------------------------------------------------



Orthonormalization technique used: symmetric
No CABS used.
Tightening thresholds to +0.00010000 for post-processing
Overlap Matrix of all PNOs:
+1.00000227 +0.61156577 -0.00000000 -0.00000000 -0.00000000 +0.00000000 
+0.61156577 +1.00000951 +0.00000000 +0.00000000 -0.00000000 +0.00000000 
-0.00000000 +0.00000000 +1.00000000 +0.00000000 -0.09562595 -0.10681559 
-0.00000000 +0.00000000 +0.00000000 +1.00000000 -0.10681559 +0.09562595 
-0.00000000 -0.00000000 -0.09562595 -0.10681559 +1.00000000 +0.00000000 
+0.00000000 +0.00000000 -0.10681559 +0.09562595 +0.00000000 +1.00000000 
Before cherry pick
rank is +0
all used occupation numbers:
[+0.09165549 +0.08199082 +0.00333101 +0.00333101 +0.00321672 +0.00321672 ]
corresponding to active pairs:
[(1,1) (0,0) (0,0) (0,0) (1,1) (1,1) ]
After cherry pick
all used occupation numbers:
[+0.09165549 +0.08199082 +0.00333101 +0.00333101 +0.00321672 +0.00321672 ]
corresponding to active pairs:
[(1,1) (0,0) (0,0) (0,0) (1,1) (1,1) ]
Overlap Matrix before symmetric
[+0,*]  +1.00000227  +0.61156577  -0.00000000  -0.00000000  -0.00000000  +0.00000000
[+1,*]  +0.61156577  +1.00000951  +0.00000000  +0.00000000  -0.00000000  +0.00000000
[+2,*]  -0.00000000  +0.00000000  +1.00000000  +0.00000000  -0.09562595  -0.10681559
[+3,*]  -0.00000000  +0.00000000  +0.00000000  +1.00000000  -0.10681559  +0.09562595
[+4,*]  -0.00000000  -0.00000000  -0.09562595  -0.10681559  +1.00000000  +0.00000000
[+5,*]  +0.00000000  +0.00000000  -0.10681559  +0.09562595  +0.00000000  +1.00000000
Overlap Matrix after symmetric
[+0,*]  +1.00000000  -0.00000001  -0.00000000  +0.00000000  -0.00000000  +0.00000000
[+1,*]  -0.00000001  +1.00000000  +0.00000000  +0.00000000  +0.00000000  -0.00000000
[+2,*]  -0.00000000  +0.00000000  +1.00000000  +0.00000000  +0.00000000  -0.00000000
[+3,*]  +0.00000000  +0.00000000  +0.00000000  +1.00000000  -0.00000000  -0.00000000
[+4,*]  -0.00000000  +0.00000000  +0.00000000  -0.00000000  +1.00000000  -0.00000000
[+5,*]  +0.00000000  -0.00000000  -0.00000000  -0.00000000  -0.00000000  +1.00000000
Adding 3 HF orbitals
Size before adding CABS: 9.
Size after adding CABS: 9.
Compute G and F Tensor:
Assemble g,f using symmetries...
non zero elements:
 g : +11113
 h : +37
Overlap over whole basis
[+0,*]  +1.00000000  -0.00000031  +0.00000027  +0.00000166  -0.00001707  -0.00000000  -0.00000000  +0.00000000  -0.00000000
[+1,*]  -0.00000031  +1.00000000  +0.00000003  +0.00000031  -0.00000276  -0.00000000  -0.00000000  +0.00000000  -0.00000000
[+2,*]  +0.00000027  +0.00000003  +1.00000000  +0.00000019  -0.00000256  -0.00000000  -0.00000000  +0.00000000  -0.00000000
[+3,*]  +0.00000166  +0.00000031  +0.00000019  +1.00000000  -0.00000001  -0.00000000  +0.00000000  +0.00000000  -0.00000000
[+4,*]  -0.00001707  -0.00000276  -0.00000256  -0.00000001  +1.00000000  +0.00000000  +0.00000000  +0.00000000  +0.00000000
[+5,*]  -0.00000000  -0.00000000  -0.00000000  -0.00000000  +0.00000000  +1.00000000  +0.00000000  +0.00000000  -0.00000000
[+6,*]  -0.00000000  -0.00000000  -0.00000000  +0.00000000  +0.00000000  +0.00000000  +1.00000000  -0.00000000  -0.00000000
[+7,*]  +0.00000000  +0.00000000  +0.00000000  +0.00000000  +0.00000000  +0.00000000  -0.00000000  +1.00000000  +0.00000000
[+8,*]  -0.00000000  -0.00000000  -0.00000000  -0.00000000  +0.00000000  -0.00000000  -0.00000000  +0.00000000  +1.00000000

||S-1||=+0.00002484
finished at time 263.3

    Parallel environment
    --------------------
                  #nodes    1
       #threads per node    11+main = 12
          #total threads    12

  RMI message statistics (min / avg / max)
  ----------------------
   #messages in server q    0.00e+00 / 0.00e+00 / 0.00e+00
 #messages sent per node    0.00e+00 / 0.00e+00 / 0.00e+00
    #bytes sent per node    0.00e+00 / 0.00e+00 / 0.00e+00
 #messages recv per node    0.00e+00 / 0.00e+00 / 0.00e+00
    #bytes recv per node    0.00e+00 / 0.00e+00 / 0.00e+00
        #msgs systemwide    0.00e+00
       #bytes systemwide    0.00e+00

  Thread pool statistics (min / avg / max)
  ----------------------
         #tasks per node    1.68e+07 / 1.68e+07 / 1.68e+07
     #max q len per node    1.69e+04 / 1.69e+04 / 1.69e+04
  #hi-pri tasks per node    5.17e+06 / 5.17e+06 / 5.17e+06

         Total wall time    263.3s
         Total  cpu time    263.3s

