MADNESS runtime initialized with 11 threads in the pool and affinity -1 -1 -1
starting at time 0.0

--------------------------------------------
   MADNESS 0.10.1 multiresolution suite
--------------------------------------------

   number of processors ... 1
    processor frequency ... 3.695776e+09
            host system ... Linux
          configured by ... kottmann
          configured on ... wittgenstein
          configured at ... 2021-02-10T21:25:26
                    CXX ... /usr/bin/c++
               CXXFLAGS ... -O3 -DNDEBUG -I/h/28/kottmann/install/numcpp/include/ -I/h/28/kottmann/install/boost/boost_1_72_0/include/ -std=c++1z
             tuning for ... default
                    MPI ... multiple
 multi-threaded runtime ... MADNESS ThreadPool
                   BLAS ... Intel MKL 66571 66571 MFLOP/s
               compiled ... 13:08:26  on  Feb 23 2021


-------------------------------------------------------------------------------------
SOLVING MRA-PNO-F12 as described in 
J.S. Kottmann, F.A. Bischoff, E.F. Valeev
Direct determination of optimal pair-natural orbitals in a real-space representation:
the second-order Møller-Plesset energy
Journal of Chemical Physics ... 2020
-------------------------------------------------------------------------------------


This script will run PNO-MP2 and print out tensors in binary
Call as: pno_integrals inputfileinput is input
ignoring unknown parameter in input file:  ncf

Angstrom being used to read input coordinates (1 Bohr = 1.88972613 Angstrom)


Asymptotic correction parameters
---------------------------------------
Atom vector is not empty: false
Using multipole approximation: false
Number of electrons = -1
Ionisation energy = 0.000000e+00
E(HOMO) = 0.000000e+00
R1 = 3.000000e+00
R2 = 4.000000e+00
DFT coefficient = 0.000000e+00
Interpolation scheme = linear
constructed symmetry operator for point group C1
dft
              charge  0.0000e+00 # defined   total molecular charge
                  xc  hf         # defined   XC input line
               smear  0.0000e+00 # default   smearing parameter
               econv  1.0000e-04 # defined   energy convergence
               dconv  5.0000e-04 # defined   density convergence
convergence_criteria  [bsh_residual, total_energy] # default   possible values are: bsh_residual, total_energy, each_energy, density
                   k  7          # defined   polynomial order
                   l  5.4000e+01 # derived   user coordinates box size
               deriv  abgv       # default   derivative method                            [abgv, bspline, ble]
           dft_deriv  abgv       # default   derivative method for gga potentials         [abgv, bspline, ble]
             maxrotn  2.5000e-01 # default   step restriction used in autoshift algorithm
             nvalpha  0          # default   number of alpha virtuals to compute
              nvbeta  0          # default   number of beta virtuals to compute
               nopen  0          # default   number of unpaired electrons = nalpha-nbeta
             maxiter  25         # default   maximum number of iterations
                 nio  1          # default   no. of io servers to use
     spin_restricted  true       # default   true if spin restricted
              plotlo  0          # default   range of MOs to print (for both spins if polarized
              plothi  -1         # default   range of MOs to print (for both spins if polarized
            plotdens  false      # default   If true print the density at convergence
            plotcoul  false      # default   If true plot the total coulomb potential at convergence
            localize  boys       # defined   localization method                          [pm, boys, new, canon]
          pointgroup  c1         # derived   use point (sub) group symmetry if not localized[c1, c2, ci, cs, c2v, c2h, d2, d2h]
             restart  false      # default   if true restart from orbitals on disk
           restartao  false      # default   if true restart from orbitals projected into AO basis (STO3G) on disk
          no_compute  false      # default   if true use orbitals on disk, set value to computed
           no_orient  false      # default   if true the molecule coordinates will not be reoriented
                save  true       # default   if true save orbitals to disk
              maxsub  10         # default   size of iterative subspace ... set to 0 or 1 to disable
        orbitalshift  0.0000e+00 # default   scf orbital shift: shift the occ orbitals to lower energies
            npt_plot  101        # default   no. of points to use in each dim for plots
           plot_cell  []         # default   lo hi in each dimension for plotting (default is all space)
             aobasis  6-31g      # derived   AO basis used for initial guess (6-31g or sto-3g)
           core_type  none       # default   core potential type                          [none, mpc]
         derivatives  false      # default   if true calculate nuclear derivatives
              dipole  false      # default   if true calculate dipole moment
      conv_only_dens  false      # default   if true remove bsh_residual from convergence criteria (deprecated)
            psp_calc  false      # default   pseudopotential calculation for all atoms
 print_dipole_matels  false      # default   if true output dipole matrix elements
            pcm_data  none       # default   do a PCM (solvent) calculation
             ac_data  none       # default   do a calculation with asymptotic correction (see ACParameters class in chem/AC.h for details)
             pure_ae  true       # default   pure all electron calculation with no pseudo-atoms
         print_level  3          # default   0: no output; 1: final energy; 2: iterations; 3: timings; 10: debug
              nalpha  3          # derived   number of alpha spin electrons
               nbeta  3          # derived   number of beta  spin electrons
           nmo_alpha  3          # derived   number of alpha spin molecular orbitals
            nmo_beta  3          # derived   number of beta spin molecular orbitals
                  lo  9.0905e-04 # derived   smallest length scale we need to resolve
            protocol  [1.0000e-04, 1.0000e-06] # derived   calculation protocol
                gopt  false      # default   geometry optimizer
                gtol  1.0000e-04 # default   geometry tolerance
               gtest  false      # default   geometry tolerance
                gval  1.0000e-05 # default   value precision
               gprec  1.0000e-04 # default   gradient precision
            gmaxiter  20         # default   optimization maxiter
    ginitial_hessian  false      # default   compute inital hessian for optimization
              algopt  bfgs       # default   algorithm used for optimization              [bfgs, cg]
            tdksprop  false      # default   time-dependent Kohn-Sham equation propagate
           nv_factor  1          # default   factor to multiply number of virtual orbitals with when automatically decreasing nvirt
           vnucextra  2          # default   load balance parameter for nuclear pot
        loadbalparts  2          # default   ??
            response  false      # default   response function calculation
       response_freq  0.0000e+00 # default   frequency for calculation response function
       response_axis  [1, 1, 1]  # default   response axis
           nonrotate  false      # default   if true do not molcule orient (redundant with no_orient
               rconv  1.0000e-06 # default   Response convergence
              efield  0.0000e+00 # default   eps for finite field
         efield_axis  0          # default   finite field axis                            [0, 1, 2]
              nwfile  none       # default   Base name of nwchem output files (.out and .movecs extensions) to read from
                 ncf  (none,1.0000e+00) # defined   nuclear correlation factor
             hessian  false      # default   compute the hessian matrix
           read_cphf  false      # default   read the converged orbital response for nuclear displacements from file
        restart_cphf  false      # default   read the guess orbital response for nuclear displacements from file
      purify_hessian  false      # default   symmetrize the hessian matrix based on atomic charges

end
              charge  0.0000e+00 # defined   total molecular charge
                  xc  hf         # defined   XC input line
               smear  0.0000e+00 # default   smearing parameter
               econv  1.0000e-04 # defined   energy convergence
               dconv  5.0000e-04 # defined   density convergence
convergence_criteria  [bsh_residual, total_energy] # default   possible values are: bsh_residual, total_energy, each_energy, density
                   k  7          # defined   polynomial order
                   l  5.4000e+01 # derived   user coordinates box size
               deriv  abgv       # default   derivative method                            [abgv, bspline, ble]
           dft_deriv  abgv       # default   derivative method for gga potentials         [abgv, bspline, ble]
             maxrotn  2.5000e-01 # default   step restriction used in autoshift algorithm
             nvalpha  0          # default   number of alpha virtuals to compute
              nvbeta  0          # default   number of beta virtuals to compute
               nopen  0          # default   number of unpaired electrons = nalpha-nbeta
             maxiter  25         # default   maximum number of iterations
                 nio  1          # default   no. of io servers to use
     spin_restricted  true       # default   true if spin restricted
              plotlo  0          # default   range of MOs to print (for both spins if polarized
              plothi  -1         # default   range of MOs to print (for both spins if polarized
            plotdens  false      # default   If true print the density at convergence
            plotcoul  false      # default   If true plot the total coulomb potential at convergence
            localize  boys       # defined   localization method                          [pm, boys, new, canon]
          pointgroup  c1         # derived   use point (sub) group symmetry if not localized[c1, c2, ci, cs, c2v, c2h, d2, d2h]
             restart  false      # default   if true restart from orbitals on disk
           restartao  false      # default   if true restart from orbitals projected into AO basis (STO3G) on disk
          no_compute  false      # default   if true use orbitals on disk, set value to computed
           no_orient  false      # default   if true the molecule coordinates will not be reoriented
                save  true       # default   if true save orbitals to disk
              maxsub  10         # default   size of iterative subspace ... set to 0 or 1 to disable
        orbitalshift  0.0000e+00 # default   scf orbital shift: shift the occ orbitals to lower energies
            npt_plot  101        # default   no. of points to use in each dim for plots
           plot_cell  []         # default   lo hi in each dimension for plotting (default is all space)
             aobasis  6-31g      # derived   AO basis used for initial guess (6-31g or sto-3g)
           core_type  none       # default   core potential type                          [none, mpc]
         derivatives  false      # default   if true calculate nuclear derivatives
              dipole  false      # default   if true calculate dipole moment
      conv_only_dens  false      # default   if true remove bsh_residual from convergence criteria (deprecated)
            psp_calc  false      # default   pseudopotential calculation for all atoms
 print_dipole_matels  false      # default   if true output dipole matrix elements
            pcm_data  none       # default   do a PCM (solvent) calculation
             ac_data  none       # default   do a calculation with asymptotic correction (see ACParameters class in chem/AC.h for details)
             pure_ae  true       # default   pure all electron calculation with no pseudo-atoms
         print_level  3          # default   0: no output; 1: final energy; 2: iterations; 3: timings; 10: debug
              nalpha  3          # derived   number of alpha spin electrons
               nbeta  3          # derived   number of beta  spin electrons
           nmo_alpha  3          # derived   number of alpha spin molecular orbitals
            nmo_beta  3          # derived   number of beta spin molecular orbitals
                  lo  9.0905e-04 # derived   smallest length scale we need to resolve
            protocol  [1.0000e-04, 1.0000e-06] # derived   calculation protocol
                gopt  false      # default   geometry optimizer
                gtol  1.0000e-04 # default   geometry tolerance
               gtest  false      # default   geometry tolerance
                gval  1.0000e-05 # default   value precision
               gprec  1.0000e-04 # default   gradient precision
            gmaxiter  20         # default   optimization maxiter
    ginitial_hessian  false      # default   compute inital hessian for optimization
              algopt  bfgs       # default   algorithm used for optimization              [bfgs, cg]
            tdksprop  false      # default   time-dependent Kohn-Sham equation propagate
           nv_factor  1          # default   factor to multiply number of virtual orbitals with when automatically decreasing nvirt
           vnucextra  2          # default   load balance parameter for nuclear pot
        loadbalparts  2          # default   ??
            response  false      # default   response function calculation
       response_freq  0.0000e+00 # default   frequency for calculation response function
       response_axis  [1, 1, 1]  # default   response axis
           nonrotate  false      # default   if true do not molcule orient (redundant with no_orient
               rconv  1.0000e-06 # default   Response convergence
              efield  0.0000e+00 # default   eps for finite field
         efield_axis  0          # default   finite field axis                            [0, 1, 2]
              nwfile  none       # default   Base name of nwchem output files (.out and .movecs extensions) to read from



 geometry
   eprec 1.0e-06
   units atomic
   Be            0.00000000           0.00000000           0.15747718
   H             0.00000000           0.00000000           3.37001160
   H             0.00000000           0.00000000          -3.99992031
 end

Solving NDIM= 3  with thresh 1.000000e-04     k 7    conv 5.000000e-04 

timer:     Project vnuclear     0.59s     0.59s
constructed nuclear correlation factor of the form
    R   =  1.000000e+00
with eprec  1.000000e-06
which means it's (nearly) a conventional calculation

timer:        reproject ncf     1.86s     1.86s
timer:        guess density     0.49s     0.49s
timer:   guess Coulomb potn     0.43s     0.43s
timer:       guess lda potn     0.24s     0.24s
timer:        guess overlap     0.12s     0.12s
timer:    KEmat reconstruct     0.06s     0.06s
timer:  KEmat differentiate     0.30s     0.30s
timer:       KEmat compress     0.12s     0.12s
timer: KEmat inner products     0.22s     0.22s
timer:     guess Kinet potn     0.70s     0.70s
timer:           guess fock     0.49s     0.49s
timer:      guess eigen sol     0.03s     0.03s
timer: guess orbital groupi     0.17s     0.17s

starting protocol at time      7.4s 
precision steps  1.000000e-04  -->  1.000000e-04
protocol: thresh 1.000000e-04 econv  1.000000e-04 dconv 5.000000e-04

ending protocol at time      7.4s 

Solving NDIM= 3  with thresh 1.000000e-04     k 7    conv 5.000000e-04 

timer:        Boys localize     1.04s     1.04s
orbital irreps []
timer:      reconstruct psi     0.18s     0.18s
timer:        compute Jnemo     0.64s     0.64s
timer:        compute Knemo     1.91s     1.91s
timer: compute Unemo 0.0162     0.17s     0.17s

  nuclear and kinetic     -24.68527162
         kinetic only      15.25468781
              coulomb       9.98201091
             exchange      -3.27124783
    nuclear-repulsion       2.34294969
   regularized energy     -15.63155886
  buggy if hybrid functionals are used..
timer:       compute energy     3.41s     3.41s
Norm of vector changes ab spin case : rms 5.085577e-02    max 7.326055e-02
convergence: bshresidual, energy change, max energy change, density change 5.5e-02 1.6e+01 1.6e+01 1.4e+00
finished iteration  0 at time     19.7s with energy  -15.63155886
timer:        Boys localize     0.91s     0.91s
orbital irreps []
timer:      reconstruct psi     0.14s     0.14s
timer:        compute Jnemo     0.67s     0.67s
timer:        compute Knemo     2.03s     2.03s
timer: compute Unemo 0.0159     0.16s     0.16s

  nuclear and kinetic     -24.73758304
         kinetic only      15.21531510
              coulomb       9.98866633
             exchange      -3.25101161
    nuclear-repulsion       2.34294969
   regularized energy     -15.65697863
  buggy if hybrid functionals are used..
timer:       compute energy     3.45s     3.45s
Norm of vector changes ab spin case : rms 2.365524e-02    max 3.337846e-02
convergence: bshresidual, energy change, max energy change, density change 1.7e-02 2.5e-02 5.2e-02 1.1e-02
finished iteration  1 at time     32.4s with energy  -15.65697863
timer:        Boys localize     1.01s     1.01s
orbital irreps []
timer:      reconstruct psi     0.19s     0.19s
timer:        compute Jnemo     0.71s     0.71s
timer:        compute Knemo     2.02s     2.02s
timer: compute Unemo 0.0160     0.18s     0.18s

  nuclear and kinetic     -24.76625483
         kinetic only      15.20642556
              coulomb      10.00532924
             exchange      -3.24226793
    nuclear-repulsion       2.34294969
   regularized energy     -15.66024383
  buggy if hybrid functionals are used..
timer:       compute energy     3.29s     3.29s
Norm of vector changes ab spin case : rms 5.258280e-03    max 7.599967e-03
convergence: bshresidual, energy change, max energy change, density change 3.0e-03 3.3e-03 2.9e-02 2.5e-03
finished iteration  2 at time     45.4s with energy  -15.66024383
timer:        Boys localize     1.07s     1.07s
orbital irreps []
timer:      reconstruct psi     0.15s     0.15s
timer:        compute Jnemo     0.60s     0.60s
timer:        compute Knemo     2.15s     2.15s
timer: compute Unemo 0.0159     0.21s     0.21s

  nuclear and kinetic     -24.77800042
         kinetic only      15.20300743
              coulomb      10.01473544
             exchange      -3.24015702
    nuclear-repulsion       2.34294969
   regularized energy     -15.66047231
  buggy if hybrid functionals are used..
timer:       compute energy     3.57s     3.57s
Norm of vector changes ab spin case : rms 2.464059e-03    max 3.383100e-03
convergence: bshresidual, energy change, max energy change, density change 1.2e-03 2.3e-04 1.2e-02 6.3e-04
finished iteration  3 at time     58.7s with energy  -15.66047231
timer:        Boys localize     0.92s     0.92s
orbital irreps []
timer:      reconstruct psi     0.14s     0.14s
timer:        compute Jnemo     0.59s     0.59s
timer:        compute Knemo     1.98s     1.98s
timer: compute Unemo 0.0160     0.21s     0.21s

  nuclear and kinetic     -24.78256629
         kinetic only      15.20199969
              coulomb      10.01899163
             exchange      -3.23987966
    nuclear-repulsion       2.34294969
   regularized energy     -15.66050463
  buggy if hybrid functionals are used..
timer:       compute energy     3.73s     3.73s
Norm of vector changes ab spin case : rms 8.136624e-04    max 1.099374e-03
convergence: bshresidual, energy change, max energy change, density change 4.6e-04 3.2e-05 4.6e-03 2.0e-04
finished iteration  4 at time     72.0s with energy  -15.66050463

Iterations converged


ending protocol at time     72.0s 

 Dipole Moment (a.u.)
 -----------

     x:  -9.287373e-15
     y:  -6.575888e-14
     z:  4.516542e-01
 Total Dipole Moment:  4.516542e-01 

timer:               dipole     0.03s     0.03s
Nemo Orbital Energies: [*]  -4.79590922  -0.44643888  -0.36982308

nemo energy:  -1.566050e+01
 at time 72.4
PNO Integrals evaluated as:
pnoint
       rank_increase  15         # default   maximum rank to increase in every macroiteration
               chunk  100        # default   chunk of functions operated on in parallel when G or K is applied (prevent memory shortage)
               debug  false      # default   debug mode
              freeze  1          # derived   frozen core approximation
             maxrank  4          # defined   maximal pno rank for all pairs
           guesstype  exop       # derived   the guesstype: exop (recommended, multiply polynomial excitation operators onto the occupied orbitals), empty (don't compute a guess), scf (use the ao basis from the SCF solver), partial_wave (create s,p,d ..., type functions and place on atoms), predefined (same as partial_wave but for predefined sets)
                exop  multipole  # derived   this string defines which excitation operators can be used, use 'dipole', 'dipole+', 'quadrupole', 'ocopole', or 'multipole', need to set guesstype to 'exop' which is the default
          exop_trigo  true       # default   use trigonometric excitation operators ( x --> sin(x)
        partial_wave             # default   atom centered partial wave guess of format like 'h-2s1p-o-3s2p1d', need to set guesstype to 'partial_wave' and adaptive_solver to 'none'
          predefined             # default   predefined partial wave guesses of type pvxz with x=d,t,q,5,6, need to set guesstype to 'predefined' and adaptive_solver to 'none'
           maxiter_t  100        # default   maximal number of iterations in the amplitude solver
       maxiter_micro  10         # default   Maximum of iterations for every cycle in the adaptive solver
       maxiter_macro  10         # default   Maximum of iterations of cycles in the adaptive solver
                tpno  1.0000e-08 # default   PNO cutoff threshold
          tpno_tight  1.0000e-10 # derived   PNO cutoff for the first iteration
    canonicalize_pno  true       # default   canonicalize the pnos before the amplitude solver
              thresh  1.0000e-04 # defined   MRA threshold
         econv_micro  1.0000e-04 # derived   Energy convergence for microiterations (Greens function based optimization) in adaptive solver
         econv_pairs  1.0000e-05 # derived   ENergy convergence for individual pairs in adaptive solver. Converged pairs are frozen automatically
         econv_macro  1.0000e-04 # derived   Energy convergence for macroiterations in adaptive solver, no effect if adaptive_solver is deactivated
               dconv  1.0000e-01 # default   convergence of every PNO in the Green's function solver
           op_thresh  1.0000e-06 # default   MRA operator thresh
             restart  none       # derived   restart pairs of this type, use 'mp2', 'cispd', 'all' or 'none'
          no_compute  none       # default   do not compute the pairs of this type, use 'mp2', 'cispd', 'all' or 'none'
              no_opt  none       # default   do not optimize the pnos of this type, use 'mp2', 'cispd', 'all' or 'none'
            no_guess  none       # derived   guess for this type will be empty, use 'mp2', 'cispd', 'all' or 'none'
     adaptive_solver  all        # default   Use adaptive solver for those pairs, use 'mp2', 'cispd', 'all' or 'none', works only in combination with guesstype 'exop'
                kain  true       # default   use KAIN solver in amplitude solver
       kain_subspace  5          # default   subspace size of the KAIN solver (amplitudes)
                 f12  false      # defined   use explicit correlation
        cispd_number  -1         # default   CIS(D) excitation numbers, to read in correct functions
        cispd_energy  0.0000e+00 # default   CIS energy
        freeze_pairs  none       # default   frozen pairs will not be optimized: Expected format 'a b c d' will freeze pairs ab and cd
freeze_pairs_of_orbital  []         # default    All pairs which originate from this orbital will not be optimized
active_pairs_of_orbital  []         # default    All pairs which originate from this orbital will not be frozen all other pairs will, if this vector is not empty
no_opt_in_first_iteration  false      # default   Do not optimize in the first iteration (then the potentials do not have to be evaluated, use this for large guesses)
            exchange  full       # default   approximate exchange with 'neglect' or xc functional -> same syntax as moldft
           save_pnos  true       # default   Save the OBS-PNOs to a file, before and after orthonormalization.
            diagonal  true       # defined   Compute only diagonal PNOs
              orthog  symmetric  # defined   orthogonalization method for PNO basis, also current default for a potential CABS. options: symmetric, canonical, cholesky, rr_cholesky,
         orthog_cabs  default    # default   orthogonalization method for CABS basis. options: symmetric, canonical, cholesky, rr_cholesky, uses same as orbitals basis if default.
               n_pno  8          # defined   desired size of PNO-basis (orbital space)
         cabs_option  none       # default   type of complementary auxiliary basis to be used. can be none ~ no CABS, gbs ~ Gaussian basis set as CABS, requires input via auxbas_file, pno ~ use superfluous PNOs as CABS, mixed ~ gbs&pno-option
       pno_cabs_size  -1         # default   size of a potential pno-cabs. defaults to -1 ~ all remaining PNOs, if pno-cabs or mixed-cabs
           only_diag  false      # default   use only diagonal elements PNOs
         cherry_pick  []         # default   cherry pick option to choose particular set of PNOs, not just blindly by occupation number. can be useful, if only a restricted number of PNOs can be used, to avoid separating degenerate pairs. can be envoked by passing a vector via [ elem1, elem2, ... ]
               gamma  1.4000e+00 # default   The f12 length scale, here to be used to compute f12-integrals
         cabs_thresh  1.0000e-04 # derived    thresh for cabs part
              auxbas  none       # default   atom centered partial wave guess of format like 'h-2s1p-o-3s2p1d'
         auxbas_file  none       # default   Use external comp. aux. basis in addition to the pnos as auxbasis. Give the filename as parameter. Give the auxbas in turbomole format. Don't use contractions. If a file is specified the auxbas parameter has no effect
   print_pno_overlap  true       # default   Print overlap matrix at certain steps in computation, for debugging purposes.
              n_virt  0          # defined   Compute this number of virtuals and include them in the integral construction, experimental and not robust!.
      hardcore_boson  false      # default   compute only integrals for hardcore boson hamiltonian (restricted to double occupations)

end
F12 Operators initialized right
timer:                    Testing F12 Operators     0.73s     0.73s 
timer:  Initializing (active) Exchange Orbitals     2.03s     2.03s 
Size of active mos and their exchange potentials:
K(acmos)=2.984881e-03 Gbyte
acmos   =2.545327e-03 Gbyte
PNO Parameters
pno
       rank_increase  15         # default   maximum rank to increase in every macroiteration
               chunk  100        # default   chunk of functions operated on in parallel when G or K is applied (prevent memory shortage)
               debug  false      # default   debug mode
              freeze  1          # derived   frozen core approximation
             maxrank  4          # defined   maximal pno rank for all pairs
           guesstype  exop       # derived   the guesstype: exop (recommended, multiply polynomial excitation operators onto the occupied orbitals), empty (don't compute a guess), scf (use the ao basis from the SCF solver), partial_wave (create s,p,d ..., type functions and place on atoms), predefined (same as partial_wave but for predefined sets)
                exop  multipole  # derived   this string defines which excitation operators can be used, use 'dipole', 'dipole+', 'quadrupole', 'ocopole', or 'multipole', need to set guesstype to 'exop' which is the default
          exop_trigo  true       # default   use trigonometric excitation operators ( x --> sin(x)
        partial_wave             # default   atom centered partial wave guess of format like 'h-2s1p-o-3s2p1d', need to set guesstype to 'partial_wave' and adaptive_solver to 'none'
          predefined             # default   predefined partial wave guesses of type pvxz with x=d,t,q,5,6, need to set guesstype to 'predefined' and adaptive_solver to 'none'
           maxiter_t  100        # default   maximal number of iterations in the amplitude solver
       maxiter_micro  10         # default   Maximum of iterations for every cycle in the adaptive solver
       maxiter_macro  10         # default   Maximum of iterations of cycles in the adaptive solver
                tpno  1.0000e-08 # default   PNO cutoff threshold
          tpno_tight  1.0000e-10 # derived   PNO cutoff for the first iteration
    canonicalize_pno  true       # default   canonicalize the pnos before the amplitude solver
              thresh  1.0000e-04 # defined   MRA threshold
         econv_micro  1.0000e-04 # derived   Energy convergence for microiterations (Greens function based optimization) in adaptive solver
         econv_pairs  1.0000e-05 # derived   ENergy convergence for individual pairs in adaptive solver. Converged pairs are frozen automatically
         econv_macro  1.0000e-04 # derived   Energy convergence for macroiterations in adaptive solver, no effect if adaptive_solver is deactivated
               dconv  1.0000e-01 # default   convergence of every PNO in the Green's function solver
           op_thresh  1.0000e-06 # default   MRA operator thresh
             restart  none       # derived   restart pairs of this type, use 'mp2', 'cispd', 'all' or 'none'
          no_compute  none       # default   do not compute the pairs of this type, use 'mp2', 'cispd', 'all' or 'none'
              no_opt  none       # default   do not optimize the pnos of this type, use 'mp2', 'cispd', 'all' or 'none'
            no_guess  none       # derived   guess for this type will be empty, use 'mp2', 'cispd', 'all' or 'none'
     adaptive_solver  all        # default   Use adaptive solver for those pairs, use 'mp2', 'cispd', 'all' or 'none', works only in combination with guesstype 'exop'
                kain  true       # default   use KAIN solver in amplitude solver
       kain_subspace  5          # default   subspace size of the KAIN solver (amplitudes)
                 f12  false      # defined   use explicit correlation
        cispd_number  -1         # default   CIS(D) excitation numbers, to read in correct functions
        cispd_energy  0.0000e+00 # default   CIS energy
        freeze_pairs  none       # default   frozen pairs will not be optimized: Expected format 'a b c d' will freeze pairs ab and cd
freeze_pairs_of_orbital  []         # default    All pairs which originate from this orbital will not be optimized
active_pairs_of_orbital  []         # default    All pairs which originate from this orbital will not be frozen all other pairs will, if this vector is not empty
no_opt_in_first_iteration  false      # default   Do not optimize in the first iteration (then the potentials do not have to be evaluated, use this for large guesses)
            exchange  full       # default   approximate exchange with 'neglect' or xc functional -> same syntax as moldft
           save_pnos  true       # default   Save the OBS-PNOs to a file, before and after orthonormalization.
            diagonal  true       # defined   Compute only diagonal PNOs

end

**********************
Solve PNO-MP2
*********************


**********************
Iterate Pairs
*********************


************************
Adaptive Solver
***********************

Initializing empty Pairs:
no guess was explicitly demanded for mp2

timer:                                     RRCD     0.00s     0.00s 
timer:                             MRA compress     0.00s     0.00s 
timer:                          Transform Pairs     0.00s     0.00s 
timer:          apply Q and orthonormalize PNOs     0.00s     0.00s 
Created Guess:
pair11 with 0 guess functions
pair21 with 0 guess functions
pair22 with 0 guess functions
guess pair11 size: 0.0000000000e+00 | 0.0000000000e+00 Gbyte (after truncation)
guess pair22 size: 0.0000000000e+00 | 0.0000000000e+00 Gbyte (after truncation)
timer:                           truncate guess     0.00s     0.00s 
timer:                         Initialize Pairs     0.00s     0.00s 
Keyword multipole is not known
Guess protocol for adaptively growing ranks is: [dipole+, quadrupole, big_fock_3, big_fock_3, big_fock_3, big_fock_3, big_fock_3, big_fock_3, big_fock_3, big_fock_3]


--------Adaptive Solver Macroiteration 0 from max 10 ----------

Growing ranks with exop=dipole+
Create guess functions by multiplying plane-waves to 1 functions 
Created 4 virtuals for pair11
pair21 is frozen: no growing
Create guess functions by multiplying plane-waves to 1 functions 
Created 4 virtuals for pair22
frozen pair: no orthonormalization
timer:                                     RRCD     0.04s     0.04s 
timer:                             MRA compress     0.00s     0.00s 
timer:                          Transform Pairs     0.09s     0.09s 
timer:                        grow PNO subspace     1.73s     1.73s 
SolveInternal: Parameters are assigned as
no_compute        = false
no_opt            = false
restart           = false
do_cispd          = false
econv             =1.0000000000e-04
maxrank (min,max) = (4,4)
Solving MP2 doubles
timer:          fock matrix     2.66s     2.66s
Information About All Pairs:
mp2_pair11           number=0 rank=  4 frozen=false
mp2_pair21           number=1 rank=  0 frozen=true
mp2_pair22           number=2 rank=  4 frozen=false
number of pairs=3
average rank   =2 (2.6666666667e+00)
largest rank   =4
PNOPairs Memory Information
Total: 0.0098133087 GB 
PNO  : 0.0098133087 GB 
KPNO : 0.0000000000 GB 
W    : 0.0000000000 GB 

timer:                                 truncate     0.03s     0.03s 
wall time=85.2793819904 chunk=8 allK.size()=8 memory=0.0097315311 GB
timer:                             compute KPNO     3.75s     3.75s 
wall time=85.4731500149 chunk=8 allJ.size()=8 memory=0.0107946396 GB
timer:                             compute JPNO     0.19s     0.19s 
timer:                    compute Fock matrices     1.47s     1.47s 
timer:                             MRA compress     0.00s     0.00s 
timer:                          Transform Pairs     0.14s     0.14s 
timer:                             Canonicalize     0.14s     0.14s 
PNOPairs Memory Information
Total: 0.0192995071 GB 
PNO  : 0.0095679760 GB 
KPNO : 0.0097315311 GB 
W    : 0.0000000000 GB 

timer:                                 truncate     0.04s     0.04s 
mp2_pair21 is frozen: potential not computed
timer:                   Fluctuation Potentials     2.06s     2.06s 
timer:                       Fluctuation Matrix     0.17s     0.17s 
PNOPairs Memory Information
Total: 0.0335288048 GB 
PNO  : 0.0095679760 GB 
KPNO : 0.0097315311 GB 
W    : 0.0142292976 GB 

PNOPairs Memory Information
Total: 0.0335288048 GB 
PNO  : 0.0095679760 GB 
KPNO : 0.0097315311 GB 
W    : 0.0142292976 GB 

timer:                                 truncate     0.03s     0.03s 
timer:                             PNO Overlaps     0.11s     0.11s 
t_iter =  0  Hylleraas energy =  0.0000000000  ||R||_F =  0.1743705730  conv =  no
subspace solution [*]   1.00000000

t_iter =  1  Hylleraas energy =  -0.0270964882  ||R||_F =  0.0000000182  conv =  yes
=======================================================

Hylleraas MP2 Energies

=======================================================
    i    j      singlet      triplet        Total
=======================================================
    1    1  -1.28952e-02  0.00000e+00 -1.28952e-02
    2    1   0.00000e+00  0.00000e+00  0.00000e+00
    2    2  -1.42013e-02  0.00000e+00 -1.42013e-02
=======================================================
Hylleraas MP2 Energies (singlet): -2.70965e-02
Hylleraas MP2 Energies (triplet):  0.00000e+00
Hylleraas MP2 Energies (total)  : -2.70965e-02
=======================================================
-------------------------------------------
Total Reg Energy  =-2.70965e-02
Total F12 Energy  = 0.00000e+00
Sum Energies Total=-2.70965e-02
-------------------------------------------
timer:                         Solve Amplitudes     0.02s     0.02s 
No optimization untill now: Compressing pno ranks with tighter threshold
1.00000e-10 instead of 1.00000e-08
pair11: density evals:
 [*]   0.00313643   0.00410496   0.00410496   0.00930896

pair22: density evals:
 [*]   0.00303958   0.00386153   0.00386153   0.01814960

timer:                            compress PNOs     0.00s     0.00s 
timer:                             MRA compress     0.00s     0.00s 
timer:                          Transform Pairs     0.43s     0.43s 
timer:                          PNO Compression     0.43s     0.43s 
Information About All Pairs:
mp2_pair11           number=0 rank=  4 frozen=false
mp2_pair21           number=1 rank=  0 frozen=true
mp2_pair22           number=2 rank=  4 frozen=false
number of pairs=3
average rank   =2 (2.66667e+00)
largest rank   =4
saving vector of functions mp2_pair11
saving vector of functions mp2_pair22
timer:                        save pnos on disc     0.18s     0.18s 
PNOPairs Memory Information
Total: 0.03312 GB 
PNO  : 0.00932 GB 
KPNO : 0.00973 GB 
W    : 0.01407 GB 

timer:                                 truncate     0.06s     0.06s 
timer:      compute densities for G application     0.00s     0.00s 
pair21 is frozen: no optimization
timer:                Prepare for G application     0.40s     0.40s 
timer:                                    add K     0.03s     0.03s 
size of all Vpsi potentials (without Vnuc and J) 0.01186 GB 
time=91.45774 chunk=8 Vpsi+Vnuc+J=0.03247 GB
time=91.52730 chunk=8 Vpsi+Vnuc+J=0.03247 GB (after truncation)
timer:                           Apply G to all     3.21s     3.21s 
timer:                       apply Q and update     0.00s     0.00s 
mp2_pair11 residual norms:
[0.45737, 0.36072, 0.36072, 0.41612]
mp2_pair11 scaled residual norms:
[0.02561, 0.02311, 0.02311, 0.04015]
mp2_pair22 residual norms:
[0.45122, 0.36397, 0.36397, 0.38999]
mp2_pair22 scaled residual norms:
[0.02488, 0.02262, 0.02262, 0.05254]
timer:                          update all PNOs     3.65s     3.65s 
frozen pair: no orthonormalization
timer:                                     RRCD     0.04s     0.04s 
timer:                             MRA compress     0.00s     0.00s 
timer:                          Transform Pairs     0.17s     0.17s 
saving vector of functions mp2_pair11
saving vector of functions mp2_pair22
timer:                        save pnos on disc     0.17s     0.17s 


No convergence yet. Energy change = 0.02710

timer:                        Whole Iteration 1    12.85s    12.85s 
Information About All Pairs:
mp2_pair11           number=0 rank=  4 frozen=false
mp2_pair21           number=1 rank=  0 frozen=true
mp2_pair22           number=2 rank=  4 frozen=false
number of pairs=3
average rank   =2 (2.66667)
largest rank   =4
PNOPairs Memory Information
Total: 0.00990 GB 
PNO  : 0.00990 GB 
KPNO : 0.00000 GB 
W    : 0.00000 GB 

timer:                                 truncate     0.06s     0.06s 
wall time=98.28638 chunk=8 allK.size()=8 memory=0.00965 GB
timer:                             compute KPNO     3.88s     3.88s 
wall time=98.43692 chunk=8 allJ.size()=8 memory=0.01071 GB
timer:                             compute JPNO     0.15s     0.15s 
timer:                    compute Fock matrices     1.32s     1.32s 
timer:                             MRA compress     0.00s     0.00s 
timer:                          Transform Pairs     0.23s     0.23s 
timer:                             Canonicalize     0.24s     0.24s 
PNOPairs Memory Information
Total: 0.01946 GB 
PNO  : 0.00981 GB 
KPNO : 0.00965 GB 
W    : 0.00000 GB 

timer:                                 truncate     0.03s     0.03s 
mp2_pair21 is frozen: potential not computed
timer:                   Fluctuation Potentials     2.08s     2.08s 
timer:                       Fluctuation Matrix     0.16s     0.16s 
PNOPairs Memory Information
Total: 0.03386 GB 
PNO  : 0.00981 GB 
KPNO : 0.00965 GB 
W    : 0.01439 GB 

PNOPairs Memory Information
Total: 0.03386 GB 
PNO  : 0.00981 GB 
KPNO : 0.00965 GB 
W    : 0.01439 GB 

timer:                                 truncate     0.05s     0.05s 
timer:                             PNO Overlaps     0.19s     0.19s 
t_iter =  0  Hylleraas energy =  0.00000  ||R||_F =  0.25796  conv =  no
subspace solution [*]   1.00000000

t_iter =  1  Hylleraas energy =  -0.04746  ||R||_F =  0.00000  conv =  yes
=======================================================

Hylleraas MP2 Energies

=======================================================
    i    j      singlet      triplet        Total
=======================================================
    1    1  -2.27276e-02  0.00000e+00 -2.27276e-02
    2    1   0.00000e+00  0.00000e+00  0.00000e+00
    2    2  -2.47291e-02  0.00000e+00 -2.47291e-02
=======================================================
Hylleraas MP2 Energies (singlet): -4.74567e-02
Hylleraas MP2 Energies (triplet):  0.00000e+00
Hylleraas MP2 Energies (total)  : -4.74567e-02
=======================================================
-------------------------------------------
Total Reg Energy  =-4.74567e-02
Total F12 Energy  = 0.00000e+00
Sum Energies Total=-4.74567e-02
-------------------------------------------
timer:                         Solve Amplitudes     0.00s     0.00s 
pair11: density evals:
 [*]   0.00426304   0.00489678   0.00489678   0.01476793

pair22: density evals:
 [*]   0.00402077   0.00452671   0.00452671   0.02891895

timer:                            compress PNOs     0.00s     0.00s 
timer:                             MRA compress     0.00s     0.00s 
timer:                          Transform Pairs     0.52s     0.52s 
timer:                          PNO Compression     0.52s     0.52s 
Information About All Pairs:
mp2_pair11           number=0 rank=  4 frozen=false
mp2_pair21           number=1 rank=  0 frozen=true
mp2_pair22           number=2 rank=  4 frozen=false
number of pairs=3
average rank   =2 (2.66667e+00)
largest rank   =4
saving vector of functions mp2_pair11
saving vector of functions mp2_pair22
timer:                        save pnos on disc     0.17s     0.17s 
PNOPairs Memory Information
Total: 0.03369 GB 
PNO  : 0.00981 GB 
KPNO : 0.00965 GB 
W    : 0.01423 GB 

timer:                                 truncate     0.03s     0.03s 
timer:      compute densities for G application     0.00s     0.00s 
pair21 is frozen: no optimization
timer:                Prepare for G application     0.40s     0.40s 
timer:                                    add K     0.06s     0.06s 
size of all Vpsi potentials (without Vnuc and J) 0.01300 GB 
time=104.35270 chunk=8 Vpsi+Vnuc+J=0.03230 GB
time=104.41051 chunk=8 Vpsi+Vnuc+J=0.03132 GB (after truncation)
timer:                           Apply G to all     2.93s     2.93s 
timer:                       apply Q and update     0.00s     0.00s 
mp2_pair11 residual norms:
[0.10990, 0.09230, 0.09230, 0.11874]
mp2_pair11 scaled residual norms:
[0.00718, 0.00646, 0.00646, 0.01443]
mp2_pair22 residual norms:
[0.11261, 0.09054, 0.09054, 0.09956]
mp2_pair22 scaled residual norms:
[0.00714, 0.00609, 0.00609, 0.01693]
timer:                          update all PNOs     3.40s     3.40s 
frozen pair: no orthonormalization
timer:                                     RRCD     0.08s     0.08s 
timer:                             MRA compress     0.00s     0.00s 
timer:                          Transform Pairs     0.06s     0.06s 
saving vector of functions mp2_pair11
saving vector of functions mp2_pair22
timer:                        save pnos on disc     0.17s     0.17s 


No convergence yet. Energy change = 0.02036

timer:                        Whole Iteration 2    12.70s    12.71s 
Information About All Pairs:
mp2_pair11           number=0 rank=  4 frozen=false
mp2_pair21           number=1 rank=  0 frozen=true
mp2_pair22           number=2 rank=  4 frozen=false
number of pairs=3
average rank   =2 (2.66667)
largest rank   =4
PNOPairs Memory Information
Total: 0.00965 GB 
PNO  : 0.00965 GB 
KPNO : 0.00000 GB 
W    : 0.00000 GB 

timer:                                 truncate     0.03s     0.03s 
wall time=111.16057 chunk=8 allK.size()=8 memory=0.00981 GB
timer:                             compute KPNO     4.08s     4.08s 
wall time=111.29728 chunk=8 allJ.size()=8 memory=0.01088 GB
timer:                             compute JPNO     0.14s     0.14s 
timer:                    compute Fock matrices     1.18s     1.18s 
timer:                             MRA compress     0.00s     0.00s 
timer:                          Transform Pairs     0.37s     0.37s 
timer:                             Canonicalize     0.37s     0.37s 
PNOPairs Memory Information
Total: 0.01914 GB 
PNO  : 0.00949 GB 
KPNO : 0.00965 GB 
W    : 0.00000 GB 

timer:                                 truncate     0.03s     0.03s 
mp2_pair21 is frozen: potential not computed
timer:                   Fluctuation Potentials     2.10s     2.10s 
timer:                       Fluctuation Matrix     0.18s     0.18s 
PNOPairs Memory Information
Total: 0.03353 GB 
PNO  : 0.00949 GB 
KPNO : 0.00965 GB 
W    : 0.01439 GB 

PNOPairs Memory Information
Total: 0.03353 GB 
PNO  : 0.00949 GB 
KPNO : 0.00965 GB 
W    : 0.01439 GB 

timer:                                 truncate     0.05s     0.05s 
timer:                             PNO Overlaps     0.07s     0.07s 
t_iter =  0  Hylleraas energy =  0.00000  ||R||_F =  0.27633  conv =  no
subspace solution [*]   1.00000000

t_iter =  1  Hylleraas energy =  -0.04982  ||R||_F =  0.00000  conv =  yes
=======================================================

Hylleraas MP2 Energies

=======================================================
    i    j      singlet      triplet        Total
=======================================================
    1    1  -2.39107e-02  0.00000e+00 -2.39107e-02
    2    1   0.00000e+00  0.00000e+00  0.00000e+00
    2    2  -2.59107e-02  0.00000e+00 -2.59107e-02
=======================================================
Hylleraas MP2 Energies (singlet): -4.98214e-02
Hylleraas MP2 Energies (triplet):  0.00000e+00
Hylleraas MP2 Energies (total)  : -4.98214e-02
=======================================================
-------------------------------------------
Total Reg Energy  =-4.98214e-02
Total F12 Energy  = 0.00000e+00
Sum Energies Total=-4.98214e-02
-------------------------------------------
timer:                         Solve Amplitudes     0.00s     0.00s 
pair11: density evals:
 [*]   0.00399611   0.00466473   0.00466473   0.01432285

pair22: density evals:
 [*]   0.00377471   0.00429247   0.00429247   0.02830913

timer:                            compress PNOs     0.00s     0.00s 
timer:                             MRA compress     0.00s     0.00s 
timer:                          Transform Pairs     0.54s     0.54s 
timer:                          PNO Compression     0.54s     0.54s 
Information About All Pairs:
mp2_pair11           number=0 rank=  4 frozen=false
mp2_pair21           number=1 rank=  0 frozen=true
mp2_pair22           number=2 rank=  4 frozen=false
number of pairs=3
average rank   =2 (2.66667e+00)
largest rank   =4
saving vector of functions mp2_pair11
saving vector of functions mp2_pair22
timer:                        save pnos on disc     0.19s     0.19s 
PNOPairs Memory Information
Total: 0.03377 GB 
PNO  : 0.00957 GB 
KPNO : 0.00981 GB 
W    : 0.01439 GB 

timer:                                 truncate     0.05s     0.05s 
timer:      compute densities for G application     0.00s     0.00s 
pair21 is frozen: no optimization
timer:                Prepare for G application     0.51s     0.51s 
timer:                                    add K     0.03s     0.03s 
size of all Vpsi potentials (without Vnuc and J) 0.01333 GB 
time=117.31489 chunk=8 Vpsi+Vnuc+J=0.03238 GB
time=117.37858 chunk=8 Vpsi+Vnuc+J=0.03124 GB (after truncation)
timer:                           Apply G to all     3.12s     3.12s 
timer:                       apply Q and update     0.00s     0.00s 
mp2_pair11 residual norms:
[0.03912, 0.03082, 0.03082, 0.04684]
mp2_pair11 scaled residual norms:
[0.00247, 0.00210, 0.00210, 0.00561]
mp2_pair22 residual norms:
[0.04344, 0.03236, 0.03236, 0.03738]
mp2_pair22 scaled residual norms:
[0.00267, 0.00212, 0.00212, 0.00629]
timer:                          update all PNOs     3.67s     3.67s 
frozen pair: no orthonormalization
timer:                                     RRCD     0.05s     0.05s 
timer:                             MRA compress     0.00s     0.00s 
timer:                          Transform Pairs     0.06s     0.06s 
saving vector of functions mp2_pair11
saving vector of functions mp2_pair22
timer:                        save pnos on disc     0.18s     0.18s 


No convergence yet. Energy change = 0.00236

timer:                        Whole Iteration 3    13.03s    13.03s 
Information About All Pairs:
mp2_pair11           number=0 rank=  4 frozen=false
mp2_pair21           number=1 rank=  0 frozen=true
mp2_pair22           number=2 rank=  4 frozen=false
number of pairs=3
average rank   =2 (2.66667)
largest rank   =4
PNOPairs Memory Information
Total: 0.00990 GB 
PNO  : 0.00990 GB 
KPNO : 0.00000 GB 
W    : 0.00000 GB 

timer:                                 truncate     0.03s     0.03s 
wall time=124.23129 chunk=8 allK.size()=8 memory=0.00981 GB
timer:                             compute KPNO     4.12s     4.12s 
wall time=124.43363 chunk=8 allJ.size()=8 memory=0.01104 GB
timer:                             compute JPNO     0.20s     0.20s 
timer:                    compute Fock matrices     1.48s     1.48s 
timer:                             MRA compress     0.00s     0.00s 
timer:                          Transform Pairs     0.26s     0.26s 
timer:                             Canonicalize     0.27s     0.27s 
PNOPairs Memory Information
Total: 0.01938 GB 
PNO  : 0.00965 GB 
KPNO : 0.00973 GB 
W    : 0.00000 GB 

timer:                                 truncate     0.03s     0.03s 
mp2_pair21 is frozen: potential not computed
timer:                   Fluctuation Potentials     2.29s     2.29s 
timer:                       Fluctuation Matrix     0.16s     0.16s 
PNOPairs Memory Information
Total: 0.03377 GB 
PNO  : 0.00965 GB 
KPNO : 0.00973 GB 
W    : 0.01439 GB 

PNOPairs Memory Information
Total: 0.03377 GB 
PNO  : 0.00965 GB 
KPNO : 0.00973 GB 
W    : 0.01439 GB 

timer:                                 truncate     0.04s     0.04s 
timer:                             PNO Overlaps     0.19s     0.19s 
t_iter =  0  Hylleraas energy =  0.00000  ||R||_F =  0.28234  conv =  no
subspace solution [*]   1.00000000

t_iter =  1  Hylleraas energy =  -0.05018  ||R||_F =  0.00000  conv =  yes
=======================================================

Hylleraas MP2 Energies

=======================================================
    i    j      singlet      triplet        Total
=======================================================
    1    1  -2.40890e-02  0.00000e+00 -2.40890e-02
    2    1   0.00000e+00  0.00000e+00  0.00000e+00
    2    2  -2.60913e-02  0.00000e+00 -2.60913e-02
=======================================================
Hylleraas MP2 Energies (singlet): -5.01804e-02
Hylleraas MP2 Energies (triplet):  0.00000e+00
Hylleraas MP2 Energies (total)  : -5.01804e-02
=======================================================
-------------------------------------------
Total Reg Energy  =-5.01804e-02
Total F12 Energy  = 0.00000e+00
Sum Energies Total=-5.01804e-02
-------------------------------------------
timer:                         Solve Amplitudes     0.00s     0.00s 
pair11: density evals:
 [*]   0.00385818   0.00454611   0.00454611   0.01388965

pair22: density evals:
 [*]   0.00364508   0.00417251   0.00417251   0.02765801

timer:                            compress PNOs     0.00s     0.00s 
timer:                             MRA compress     0.00s     0.00s 
timer:                          Transform Pairs     0.54s     0.54s 
timer:                          PNO Compression     0.54s     0.54s 
Information About All Pairs:
mp2_pair11           number=0 rank=  4 frozen=false
mp2_pair21           number=1 rank=  0 frozen=true
mp2_pair22           number=2 rank=  4 frozen=false
number of pairs=3
average rank   =2 (2.66667e+00)
largest rank   =4
saving vector of functions mp2_pair11
saving vector of functions mp2_pair22
timer:                        save pnos on disc     0.17s     0.17s 
PNOPairs Memory Information
Total: 0.03394 GB 
PNO  : 0.00973 GB 
KPNO : 0.00981 GB 
W    : 0.01439 GB 

timer:                                 truncate     0.03s     0.03s 
timer:      compute densities for G application     0.00s     0.00s 
pair21 is frozen: no optimization
timer:                Prepare for G application     0.45s     0.45s 
timer:                                    add K     0.03s     0.03s 
size of all Vpsi potentials (without Vnuc and J) 0.01341 GB 
time=130.89043 chunk=8 Vpsi+Vnuc+J=0.03287 GB
time=130.93953 chunk=8 Vpsi+Vnuc+J=0.03173 GB (after truncation)
timer:                           Apply G to all     2.90s     2.90s 
timer:                       apply Q and update     0.00s     0.00s 
mp2_pair11 residual norms:
[0.01574, 0.01119, 0.01119, 0.01945]
mp2_pair11 scaled residual norms:
[0.00098, 0.00075, 0.00075, 0.00229]
mp2_pair22 residual norms:
[0.01963, 0.01399, 0.01399, 0.01511]
mp2_pair22 scaled residual norms:
[0.00119, 0.00090, 0.00090, 0.00251]
timer:                          update all PNOs     3.39s     3.39s 
frozen pair: no orthonormalization
timer:                                     RRCD     0.06s     0.06s 
timer:                             MRA compress     0.00s     0.00s 
timer:                          Transform Pairs     0.07s     0.07s 
saving vector of functions mp2_pair11
saving vector of functions mp2_pair22
timer:                        save pnos on disc     0.18s     0.18s 


No convergence yet. Energy change = 0.00036

timer:                        Whole Iteration 4    13.31s    13.31s 
Information About All Pairs:
mp2_pair11           number=0 rank=  4 frozen=false
mp2_pair21           number=1 rank=  0 frozen=true
mp2_pair22           number=2 rank=  4 frozen=false
number of pairs=3
average rank   =2 (2.66667)
largest rank   =4
PNOPairs Memory Information
Total: 0.01006 GB 
PNO  : 0.01006 GB 
KPNO : 0.00000 GB 
W    : 0.00000 GB 

timer:                                 truncate     0.03s     0.03s 
wall time=137.53927 chunk=8 allK.size()=8 memory=0.00981 GB
timer:                             compute KPNO     4.11s     4.11s 
wall time=137.65734 chunk=8 allJ.size()=8 memory=0.01112 GB
timer:                             compute JPNO     0.12s     0.12s 
timer:                    compute Fock matrices     1.35s     1.35s 
timer:                             MRA compress     0.00s     0.00s 
timer:                          Transform Pairs     0.24s     0.24s 
timer:                             Canonicalize     0.24s     0.24s 
PNOPairs Memory Information
Total: 0.01938 GB 
PNO  : 0.00965 GB 
KPNO : 0.00973 GB 
W    : 0.00000 GB 

timer:                                 truncate     0.03s     0.03s 
mp2_pair21 is frozen: potential not computed
timer:                   Fluctuation Potentials     2.22s     2.22s 
timer:                       Fluctuation Matrix     0.15s     0.15s 
PNOPairs Memory Information
Total: 0.03394 GB 
PNO  : 0.00965 GB 
KPNO : 0.00973 GB 
W    : 0.01456 GB 

PNOPairs Memory Information
Total: 0.03394 GB 
PNO  : 0.00965 GB 
KPNO : 0.00973 GB 
W    : 0.01456 GB 

timer:                                 truncate     0.06s     0.06s 
timer:                             PNO Overlaps     0.11s     0.11s 
t_iter =  0  Hylleraas energy =  0.00000  ||R||_F =  0.28460  conv =  no
subspace solution [*]   1.00000000

t_iter =  1  Hylleraas energy =  -0.05024  ||R||_F =  0.00000  conv =  yes
=======================================================

Hylleraas MP2 Energies

=======================================================
    i    j      singlet      triplet        Total
=======================================================
    1    1  -2.41185e-02  0.00000e+00 -2.41185e-02
    2    1   0.00000e+00  0.00000e+00  0.00000e+00
    2    2  -2.61236e-02  0.00000e+00 -2.61236e-02
=======================================================
Hylleraas MP2 Energies (singlet): -5.02421e-02
Hylleraas MP2 Energies (triplet):  0.00000e+00
Hylleraas MP2 Energies (total)  : -5.02421e-02
=======================================================
-------------------------------------------
Total Reg Energy  =-5.02421e-02
Total F12 Energy  = 0.00000e+00
Sum Energies Total=-5.02421e-02
-------------------------------------------
timer:                         Solve Amplitudes     0.00s     0.00s 
pair11: density evals:
 [*]   0.00379988   0.00449738   0.00449738   0.01367560

pair22: density evals:
 [*]   0.00358695   0.00411819   0.00411819   0.02734109

timer:                            compress PNOs     0.00s     0.00s 
timer:                             MRA compress     0.00s     0.00s 
timer:                          Transform Pairs     0.35s     0.35s 
timer:                          PNO Compression     0.35s     0.35s 
Information About All Pairs:
mp2_pair11           number=0 rank=  4 frozen=false
mp2_pair21           number=1 rank=  0 frozen=true
mp2_pair22           number=2 rank=  4 frozen=false
number of pairs=3
average rank   =2 (2.66667e+00)
largest rank   =4
saving vector of functions mp2_pair11
saving vector of functions mp2_pair22
timer:                        save pnos on disc     0.17s     0.17s 
PNOPairs Memory Information
Total: 0.03394 GB 
PNO  : 0.00973 GB 
KPNO : 0.00981 GB 
W    : 0.01439 GB 

timer:                                 truncate     0.05s     0.05s 
timer:      compute densities for G application     0.00s     0.00s 
pair21 is frozen: no optimization
timer:                Prepare for G application     0.51s     0.51s 
timer:                                    add K     0.04s     0.04s 
size of all Vpsi potentials (without Vnuc and J) 0.01349 GB 
time=143.75320 chunk=8 Vpsi+Vnuc+J=0.03287 GB
time=143.82717 chunk=8 Vpsi+Vnuc+J=0.03173 GB (after truncation)
timer:                           Apply G to all     3.06s     3.06s 
timer:                       apply Q and update     0.00s     0.00s 
mp2_pair11 residual norms:
[0.00686, 0.00439, 0.00439, 0.00816]
mp2_pair11 scaled residual norms:
[0.00042, 0.00029, 0.00029, 0.00095]
mp2_pair22 residual norms:
[0.00963, 0.00699, 0.00699, 0.00629]
mp2_pair22 scaled residual norms:
[0.00058, 0.00045, 0.00045, 0.00104]
timer:                          update all PNOs     3.62s     3.62s 
frozen pair: no orthonormalization
timer:                                     RRCD     0.09s     0.09s 
timer:                             MRA compress     0.00s     0.00s 
timer:                          Transform Pairs     0.15s     0.15s 
saving vector of functions mp2_pair11
saving vector of functions mp2_pair22
timer:                        save pnos on disc     0.17s     0.17s 


CONVERGED!
energy change = 0.00006

re-entering loop to compute the correct amplitudes and energies
timer:                        Whole Iteration 5    13.11s    13.11s 
Information About All Pairs:
mp2_pair11           number=0 rank=  4 frozen=false
mp2_pair21           number=1 rank=  0 frozen=true
mp2_pair22           number=2 rank=  4 frozen=false
number of pairs=3
average rank   =2 (2.66667)
largest rank   =4
PNOPairs Memory Information
Total: 0.00998 GB 
PNO  : 0.00998 GB 
KPNO : 0.00000 GB 
W    : 0.00000 GB 

timer:                                 truncate     0.03s     0.03s 
wall time=150.61155 chunk=8 allK.size()=8 memory=0.00981 GB
timer:                             compute KPNO     4.07s     4.07s 
wall time=150.82508 chunk=8 allJ.size()=8 memory=0.01112 GB
timer:                             compute JPNO     0.21s     0.21s 
timer:                    compute Fock matrices     1.21s     1.21s 
timer:                             MRA compress     0.00s     0.00s 
timer:                          Transform Pairs     0.26s     0.26s 
timer:                             Canonicalize     0.26s     0.26s 
PNOPairs Memory Information
Total: 0.01938 GB 
PNO  : 0.00965 GB 
KPNO : 0.00973 GB 
W    : 0.00000 GB 

timer:                                 truncate     0.04s     0.04s 
mp2_pair21 is frozen: potential not computed
timer:                   Fluctuation Potentials     2.09s     2.09s 
timer:                       Fluctuation Matrix     0.12s     0.12s 
PNOPairs Memory Information
Total: 0.03394 GB 
PNO  : 0.00965 GB 
KPNO : 0.00973 GB 
W    : 0.01456 GB 

PNOPairs Memory Information
Total: 0.03394 GB 
PNO  : 0.00965 GB 
KPNO : 0.00973 GB 
W    : 0.01456 GB 

timer:                                 truncate     0.05s     0.05s 
timer:                             PNO Overlaps     0.05s     0.05s 
t_iter =  0  Hylleraas energy =  0.00000  ||R||_F =  0.28552  conv =  no
subspace solution [*]   1.00000000

t_iter =  1  Hylleraas energy =  -0.05025  ||R||_F =  0.00000  conv =  yes
=======================================================

Hylleraas MP2 Energies

=======================================================
    i    j      singlet      triplet        Total
=======================================================
    1    1  -2.41222e-02  0.00000e+00 -2.41222e-02
    2    1   0.00000e+00  0.00000e+00  0.00000e+00
    2    2  -2.61298e-02  0.00000e+00 -2.61298e-02
=======================================================
Hylleraas MP2 Energies (singlet): -5.02520e-02
Hylleraas MP2 Energies (triplet):  0.00000e+00
Hylleraas MP2 Energies (total)  : -5.02520e-02
=======================================================
-------------------------------------------
Total Reg Energy  =-5.02520e-02
Total F12 Energy  = 0.00000e+00
Sum Energies Total=-5.02520e-02
-------------------------------------------
timer:                         Solve Amplitudes     0.00s     0.00s 
pair11: density evals:
 [*]   0.00377552   0.00447746   0.00447746   0.01357823

pair22: density evals:
 [*]   0.00356037   0.00409240   0.00409240   0.02720115

timer:                            compress PNOs     0.00s     0.00s 
timer:                             MRA compress     0.00s     0.00s 
timer:                          Transform Pairs     0.52s     0.52s 
timer:                          PNO Compression     0.53s     0.53s 
Information About All Pairs:
mp2_pair11           number=0 rank=  4 frozen=false
mp2_pair21           number=1 rank=  0 frozen=true
mp2_pair22           number=2 rank=  4 frozen=false
number of pairs=3
average rank   =2 (2.66667e+00)
largest rank   =4
saving vector of functions mp2_pair11
saving vector of functions mp2_pair22
timer:                        save pnos on disc     0.18s     0.18s 
exiting: Iterations converged
PNO ranks:
PNO Rank for pair pair11 = 4
PNO Rank for pair pair21 = 0
PNO Rank for pair pair22 = 4
average rank 2.66667e+00
timer:                               PNO::solve    76.57s    76.58s 

--------------------------------
ITERATE-PAIRS-INTERNAL-ENDED
--------------------------------
mp2_pair21 converged!


Adaptive Sovler:
 Current Energy=-5.0251993567e-02
 DeltaE        =-5.0251993567e-02
 max dE (pair) =-2.6129768037e-02 (2)
 all_pairs_conv=false




not converged yet

freeze pair mp2_pair21 (not further optimized: Energy below 1.0000000000e-05)
Maximum Rank of4 reached for all non-frozen pairs, no need to iterate further=======================================================

Final MP2 Energies

=======================================================
    i    j      singlet      triplet        Total
=======================================================
    1    1  -2.41222e-02  0.00000e+00 -2.41222e-02
    2    1   0.00000e+00  0.00000e+00  0.00000e+00
    2    2  -2.61298e-02  0.00000e+00 -2.61298e-02
=======================================================
Final MP2 Energies (singlet): -5.02520e-02
Final MP2 Energies (triplet):  0.00000e+00
Final MP2 Energies (total)  : -5.02520e-02
=======================================================
-------------------------------------------
Total Reg Energy  =-5.02520e-02
Total F12 Energy  = 0.00000e+00
Sum Energies Total=-5.02520e-02
-------------------------------------------
Average | Max Rank: 2 | 4



--------------------------------------------------
MRA-PNO-MP2-F12 ended 
--------------------------------------------------
                 time scf = 7.18064e+01
               energy scf = -1.56605e+01
--------------------------------------------------
restarting PNO to reload pairs that converged before and were frozen
PNO Parameters
pno
       rank_increase  15         # default   maximum rank to increase in every macroiteration
               chunk  100        # default   chunk of functions operated on in parallel when G or K is applied (prevent memory shortage)
               debug  false      # default   debug mode
              freeze  1          # derived   frozen core approximation
             maxrank  4          # defined   maximal pno rank for all pairs
           guesstype  exop       # derived   the guesstype: exop (recommended, multiply polynomial excitation operators onto the occupied orbitals), empty (don't compute a guess), scf (use the ao basis from the SCF solver), partial_wave (create s,p,d ..., type functions and place on atoms), predefined (same as partial_wave but for predefined sets)
                exop  multipole  # derived   this string defines which excitation operators can be used, use 'dipole', 'dipole+', 'quadrupole', 'ocopole', or 'multipole', need to set guesstype to 'exop' which is the default
          exop_trigo  true       # default   use trigonometric excitation operators ( x --> sin(x)
        partial_wave             # default   atom centered partial wave guess of format like 'h-2s1p-o-3s2p1d', need to set guesstype to 'partial_wave' and adaptive_solver to 'none'
          predefined             # default   predefined partial wave guesses of type pvxz with x=d,t,q,5,6, need to set guesstype to 'predefined' and adaptive_solver to 'none'
           maxiter_t  100        # default   maximal number of iterations in the amplitude solver
       maxiter_micro  10         # default   Maximum of iterations for every cycle in the adaptive solver
       maxiter_macro  10         # default   Maximum of iterations of cycles in the adaptive solver
                tpno  1.0000e-08 # default   PNO cutoff threshold
          tpno_tight  1.0000e-10 # derived   PNO cutoff for the first iteration
    canonicalize_pno  true       # default   canonicalize the pnos before the amplitude solver
              thresh  1.0000e-04 # defined   MRA threshold
         econv_micro  1.0000e-04 # derived   Energy convergence for microiterations (Greens function based optimization) in adaptive solver
         econv_pairs  1.0000e-05 # derived   ENergy convergence for individual pairs in adaptive solver. Converged pairs are frozen automatically
         econv_macro  1.0000e-04 # derived   Energy convergence for macroiterations in adaptive solver, no effect if adaptive_solver is deactivated
               dconv  1.0000e-01 # default   convergence of every PNO in the Green's function solver
           op_thresh  1.0000e-06 # default   MRA operator thresh
             restart  all        # defined   restart pairs of this type, use 'mp2', 'cispd', 'all' or 'none'
          no_compute  none       # default   do not compute the pairs of this type, use 'mp2', 'cispd', 'all' or 'none'
              no_opt  all        # defined   do not optimize the pnos of this type, use 'mp2', 'cispd', 'all' or 'none'
            no_guess  all        # defined   guess for this type will be empty, use 'mp2', 'cispd', 'all' or 'none'
     adaptive_solver  none       # defined   Use adaptive solver for those pairs, use 'mp2', 'cispd', 'all' or 'none', works only in combination with guesstype 'exop'
                kain  true       # default   use KAIN solver in amplitude solver
       kain_subspace  5          # default   subspace size of the KAIN solver (amplitudes)
                 f12  false      # defined   use explicit correlation
        cispd_number  -1         # default   CIS(D) excitation numbers, to read in correct functions
        cispd_energy  0.0000e+00 # default   CIS energy
        freeze_pairs  none       # default   frozen pairs will not be optimized: Expected format 'a b c d' will freeze pairs ab and cd
freeze_pairs_of_orbital  []         # default    All pairs which originate from this orbital will not be optimized
active_pairs_of_orbital  []         # default    All pairs which originate from this orbital will not be frozen all other pairs will, if this vector is not empty
no_opt_in_first_iteration  false      # default   Do not optimize in the first iteration (then the potentials do not have to be evaluated, use this for large guesses)
            exchange  full       # default   approximate exchange with 'neglect' or xc functional -> same syntax as moldft
           save_pnos  true       # default   Save the OBS-PNOs to a file, before and after orthonormalization.
            diagonal  true       # defined   Compute only diagonal PNOs

end

**********************
Solve PNO-MP2
*********************


**********************
Iterate Pairs
*********************


************************
Standard Solver
***********************

Initializing Pairs:
Restart demanded for mp2 pairs
loading vector of functions mp2_pair11
Found PNOs for mp2_pair11 with rank 4
loading vector of functions mp2_pair21
failed to find PNO mp2_pair21 initialize as zero function
nloading vector of functions mp2_pair22
Found PNOs for mp2_pair22 with rank 4
no guess was explicitly demanded for mp2

timer:                                     RRCD     0.03s     0.03s 
timer:                             MRA compress     0.00s     0.00s 
timer:                          Transform Pairs     0.14s     0.14s 
timer:          apply Q and orthonormalize PNOs     0.43s     0.43s 
Created Guess:
pair11 with 4 guess functions
pair21 with 0 guess functions
pair22 with 4 guess functions
guess pair11 size: 4.8248767853e-03 | 4.8248767853e-03 Gbyte (after truncation)
guess pair22 size: 4.9066543579e-03 | 4.9066543579e-03 Gbyte (after truncation)
timer:                           truncate guess     0.07s     0.07s 
timer:                         Initialize Pairs     0.52s     0.52s 
Information About All Pairs:
mp2_pair11           number=0 rank=  4 frozen=false
mp2_pair21           number=1 rank=  0 frozen=true
mp2_pair22           number=2 rank=  4 frozen=false
number of pairs=3
average rank   =2 (2.6666666667e+00)
largest rank   =4
SolveInternal: Parameters are assigned as
no_compute        = false
no_opt            = true
restart           = true
do_cispd          = false
econv             =1.0000000000e-04
maxrank (min,max) = (4,4)
Solving MP2 doubles
timer:          fock matrix     2.82s     2.82s
Information About All Pairs:
mp2_pair11           number=0 rank=  4 frozen=false
mp2_pair21           number=1 rank=  0 frozen=true
mp2_pair22           number=2 rank=  4 frozen=false
number of pairs=3
average rank   =2 (2.6666666667e+00)
largest rank   =4
PNOPairs Memory Information
Total: 0.0097315311 GB 
PNO  : 0.0097315311 GB 
KPNO : 0.0000000000 GB 
W    : 0.0000000000 GB 

timer:                                 truncate     0.03s     0.03s 
wall time=162.7228908539 chunk=8 allK.size()=8 memory=0.0098133087 GB
timer:                             compute KPNO     3.95s     3.95s 
wall time=162.8490288258 chunk=8 allJ.size()=8 memory=0.0110399723 GB
timer:                             compute JPNO     0.13s     0.13s 
timer:                    compute Fock matrices     1.28s     1.28s 
timer:                             MRA compress     0.00s     0.00s 
timer:                          Transform Pairs     0.29s     0.29s 
timer:                             Canonicalize     0.30s     0.30s 
PNOPairs Memory Information
Total: 0.0193812847 GB 
PNO  : 0.0096497536 GB 
KPNO : 0.0097315311 GB 
W    : 0.0000000000 GB 

timer:                                 truncate     0.06s     0.06s 
mp2_pair21 is frozen: potential not computed
timer:                   Fluctuation Potentials     2.13s     2.13s 
timer:                       Fluctuation Matrix     0.14s     0.14s 
PNOPairs Memory Information
Total: 0.0339376926 GB 
PNO  : 0.0096497536 GB 
KPNO : 0.0097315311 GB 
W    : 0.0145564079 GB 

PNOPairs Memory Information
Total: 0.0339376926 GB 
PNO  : 0.0096497536 GB 
KPNO : 0.0097315311 GB 
W    : 0.0145564079 GB 

timer:                                 truncate     0.06s     0.06s 
timer:                             PNO Overlaps     0.07s     0.07s 
t_iter =  0  Hylleraas energy =  0.0000000000  ||R||_F =  0.2855242460  conv =  no
subspace solution [*]   1.00000000

t_iter =  1  Hylleraas energy =  -0.0502517479  ||R||_F =  0.0000001704  conv =  yes
=======================================================

Hylleraas MP2 Energies

=======================================================
    i    j      singlet      triplet        Total
=======================================================
    1    1  -2.41221e-02  0.00000e+00 -2.41221e-02
    2    1   0.00000e+00  0.00000e+00  0.00000e+00
    2    2  -2.61296e-02  0.00000e+00 -2.61296e-02
=======================================================
Hylleraas MP2 Energies (singlet): -5.02517e-02
Hylleraas MP2 Energies (triplet):  0.00000e+00
Hylleraas MP2 Energies (total)  : -5.02517e-02
=======================================================
-------------------------------------------
Total Reg Energy  =-5.02517e-02
Total F12 Energy  = 0.00000e+00
Sum Energies Total=-5.02517e-02
-------------------------------------------
timer:                         Solve Amplitudes     0.00s     0.00s 
No optimization untill now: Compressing pno ranks with tighter threshold
1.00000e-10 instead of 1.00000e-08
pair11: density evals:
 [*]   0.00377545   0.00447744   0.00447744   0.01357819

pair22: density evals:
 [*]   0.00356020   0.00409240   0.00409240   0.02720112

timer:                            compress PNOs     0.00s     0.00s 
timer:                             MRA compress     0.00s     0.00s 
timer:                          Transform Pairs     0.45s     0.45s 
timer:                          PNO Compression     0.46s     0.46s 
Information About All Pairs:
mp2_pair11           number=0 rank=  4 frozen=false
mp2_pair21           number=1 rank=  0 frozen=true
mp2_pair22           number=2 rank=  4 frozen=false
number of pairs=3
average rank   =2 (2.66667e+00)
largest rank   =4
saving vector of functions mp2_pair11
saving vector of functions mp2_pair22
timer:                        save pnos on disc     0.17s     0.17s 
exiting: Found no_opt keyword
PNO ranks:
PNO Rank for pair pair11 = 4
PNO Rank for pair pair21 = 0
PNO Rank for pair pair22 = 4
average rank 2.66667e+00
timer:                               PNO::solve    11.63s    11.63s 

--------------------------------
ITERATE-PAIRS-INTERNAL-ENDED
--------------------------------
=======================================================

Final MP2 Energies

=======================================================
    i    j      singlet      triplet        Total
=======================================================
    1    1  -2.41221e-02  0.00000e+00 -2.41221e-02
    2    1   0.00000e+00  0.00000e+00  0.00000e+00
    2    2  -2.61296e-02  0.00000e+00 -2.61296e-02
=======================================================
Final MP2 Energies (singlet): -5.02517e-02
Final MP2 Energies (triplet):  0.00000e+00
Final MP2 Energies (total)  : -5.02517e-02
=======================================================
-------------------------------------------
Total Reg Energy  =-5.02517e-02
Total F12 Energy  = 0.00000e+00
Sum Energies Total=-5.02517e-02
-------------------------------------------
Average | Max Rank: 2 | 4
                 time pno = 8.29765e+01
               energy mp2 = -5.02517e-02
     average pno rank mp2 = 2
         max pno rank mp2 = 4
--------------------------------------------------
            energy(total) = -1.57108e+01
--------------------------------------------------



Orthonormalization technique used: symmetric
No CABS used.
Tightening thresholds to +0.00010000 for post-processing
Overlap Matrix of all PNOs:
+1.00000539 -0.28383440 -0.00000000 +0.00000000 -0.00000000 +0.00000000 -0.16267903 -0.00000448 
-0.28383440 +1.00001718 -0.00000000 +0.00000000 -0.00000000 +0.00000000 -0.00002087 -0.13603085 
-0.00000000 -0.00000000 +1.00000000 -0.00000000 -0.08594938 -0.00904900 +0.00000000 -0.00000000 
+0.00000000 +0.00000000 -0.00000000 +1.00000000 +0.00904900 -0.08594938 -0.00000000 -0.00000000 
-0.00000000 -0.00000000 -0.08594938 +0.00904900 +1.00000000 +0.00000000 +0.00000000 -0.00000000 
+0.00000000 +0.00000000 -0.00904900 -0.08594938 +0.00000000 +1.00000000 -0.00000000 +0.00000000 
-0.16267903 -0.00002087 +0.00000000 -0.00000000 +0.00000000 -0.00000000 +1.00001339 -0.01343598 
-0.00000448 -0.13603085 -0.00000000 -0.00000000 -0.00000000 +0.00000000 -0.01343598 +1.00000026 
Before cherry pick
rank is +0
all used occupation numbers:
[+0.02720112 +0.01357819 +0.00447744 +0.00447744 +0.00409240 +0.00409240 +0.00377545 +0.00356020 ]
corresponding to active pairs:
[(1,1) (0,0) (0,0) (0,0) (1,1) (1,1) (0,0) (1,1) ]
After cherry pick
all used occupation numbers:
[+0.02720112 +0.01357819 +0.00447744 +0.00447744 +0.00409240 +0.00409240 +0.00377545 +0.00356020 ]
corresponding to active pairs:
[(1,1) (0,0) (0,0) (0,0) (1,1) (1,1) (0,0) (1,1) ]
Overlap Matrix before symmetric
[+0,*]  +1.00000539  -0.28383440  -0.00000000  +0.00000000  -0.00000000  +0.00000000  -0.16267903  -0.00000448
[+1,*]  -0.28383440  +1.00001718  -0.00000000  +0.00000000  -0.00000000  +0.00000000  -0.00002087  -0.13603085
[+2,*]  -0.00000000  -0.00000000  +1.00000000  -0.00000000  -0.08594938  -0.00904900  +0.00000000  -0.00000000
[+3,*]  +0.00000000  +0.00000000  -0.00000000  +1.00000000  +0.00904900  -0.08594938  -0.00000000  -0.00000000
[+4,*]  -0.00000000  -0.00000000  -0.08594938  +0.00904900  +1.00000000  +0.00000000  +0.00000000  -0.00000000
[+5,*]  +0.00000000  +0.00000000  -0.00904900  -0.08594938  +0.00000000  +1.00000000  -0.00000000  +0.00000000
[+6,*]  -0.16267903  -0.00002087  +0.00000000  -0.00000000  +0.00000000  -0.00000000  +1.00001339  -0.01343598
[+7,*]  -0.00000448  -0.13603085  -0.00000000  -0.00000000  -0.00000000  +0.00000000  -0.01343598  +1.00000026
Overlap Matrix after symmetric
[+0,*]  +1.00000000  +0.00000000  +0.00000000  +0.00000000  -0.00000000  +0.00000000  +0.00000001  -0.00000000
[+1,*]  +0.00000000  +1.00000000  +0.00000000  -0.00000000  -0.00000000  -0.00000000  +0.00000000  -0.00000000
[+2,*]  +0.00000000  +0.00000000  +1.00000000  -0.00000000  -0.00000000  -0.00000000  +0.00000000  +0.00000000
[+3,*]  +0.00000000  -0.00000000  -0.00000000  +1.00000000  +0.00000000  -0.00000000  -0.00000000  -0.00000000
[+4,*]  -0.00000000  -0.00000000  -0.00000000  +0.00000000  +1.00000000  -0.00000000  +0.00000000  +0.00000000
[+5,*]  +0.00000000  -0.00000000  -0.00000000  -0.00000000  -0.00000000  +1.00000000  -0.00000000  -0.00000000
[+6,*]  +0.00000001  +0.00000000  +0.00000000  -0.00000000  +0.00000000  -0.00000000  +1.00000000  -0.00000000
[+7,*]  -0.00000000  -0.00000000  +0.00000000  -0.00000000  +0.00000000  -0.00000000  -0.00000000  +1.00000000
Adding 3 HF orbitals
Size before adding CABS: 11.
Size after adding CABS: 11.
Compute G and F Tensor:
Assemble g,f using symmetries...
non zero elements:
 g : +24702
 h : +61
Overlap over whole basis
[+0,*]  +1.00000000  +0.00000018  -0.00000069  +0.00000979  -0.00002050  +0.00000000  -0.00000000  -0.00000000  +0.00000000  +0.00004328  -0.00001601
[+1,*]  +0.00000018  +1.00000000  -0.00000019  -0.00000160  +0.00000336  -0.00000000  +0.00000000  -0.00000000  -0.00000000  -0.00000709  +0.00000261
[+2,*]  -0.00000069  -0.00000019  +1.00000000  -0.00000096  +0.00000198  +0.00000000  +0.00000000  -0.00000000  +0.00000000  -0.00000421  +0.00000159
[+3,*]  +0.00000979  -0.00000160  -0.00000096  +1.00000000  +0.00000000  -0.00000000  +0.00000000  -0.00000000  +0.00000000  +0.00000001  -0.00000000
[+4,*]  -0.00002050  +0.00000336  +0.00000198  +0.00000000  +1.00000000  -0.00000000  +0.00000000  -0.00000000  -0.00000000  +0.00000000  -0.00000000
[+5,*]  +0.00000000  -0.00000000  +0.00000000  -0.00000000  -0.00000000  +1.00000000  -0.00000000  -0.00000000  -0.00000000  +0.00000000  -0.00000000
[+6,*]  -0.00000000  +0.00000000  +0.00000000  +0.00000000  +0.00000000  -0.00000000  +1.00000000  +0.00000000  -0.00000000  -0.00000000  +0.00000000
[+7,*]  -0.00000000  -0.00000000  -0.00000000  -0.00000000  -0.00000000  -0.00000000  +0.00000000  +1.00000000  -0.00000000  +0.00000000  +0.00000000
[+8,*]  +0.00000000  -0.00000000  +0.00000000  +0.00000000  -0.00000000  -0.00000000  -0.00000000  -0.00000000  +1.00000000  -0.00000000  -0.00000000
[+9,*]  +0.00004328  -0.00000709  -0.00000421  +0.00000001  +0.00000000  +0.00000000  -0.00000000  +0.00000000  -0.00000000  +1.00000000  -0.00000000
[+10,*]  -0.00001601  +0.00000261  +0.00000159  -0.00000000  -0.00000000  -0.00000000  +0.00000000  +0.00000000  -0.00000000  -0.00000000  +1.00000000

||S-1||=+0.00007405
finished at time 311.1

    Parallel environment
    --------------------
                  #nodes    1
       #threads per node    11+main = 12
          #total threads    12

  RMI message statistics (min / avg / max)
  ----------------------
   #messages in server q    0.00e+00 / 0.00e+00 / 0.00e+00
 #messages sent per node    0.00e+00 / 0.00e+00 / 0.00e+00
    #bytes sent per node    0.00e+00 / 0.00e+00 / 0.00e+00
 #messages recv per node    0.00e+00 / 0.00e+00 / 0.00e+00
    #bytes recv per node    0.00e+00 / 0.00e+00 / 0.00e+00
        #msgs systemwide    0.00e+00
       #bytes systemwide    0.00e+00

  Thread pool statistics (min / avg / max)
  ----------------------
         #tasks per node    1.87e+07 / 1.87e+07 / 1.87e+07
     #max q len per node    1.39e+04 / 1.39e+04 / 1.39e+04
  #hi-pri tasks per node    5.19e+06 / 5.19e+06 / 5.19e+06

         Total wall time    311.1s
         Total  cpu time    311.1s

