MADNESS runtime initialized with 11 threads in the pool and affinity -1 -1 -1
starting at time 0.1

--------------------------------------------
   MADNESS 0.10.1 multiresolution suite
--------------------------------------------

   number of processors ... 1
    processor frequency ... 3.695816e+09
            host system ... Linux
          configured by ... kottmann
          configured on ... wittgenstein
          configured at ... 2021-02-10T21:25:26
                    CXX ... /usr/bin/c++
               CXXFLAGS ... -O3 -DNDEBUG -I/h/28/kottmann/install/numcpp/include/ -I/h/28/kottmann/install/boost/boost_1_72_0/include/ -std=c++1z
             tuning for ... default
                    MPI ... multiple
 multi-threaded runtime ... MADNESS ThreadPool
                   BLAS ... Intel MKL 66612 66612 MFLOP/s
               compiled ... 13:08:26  on  Feb 23 2021


-------------------------------------------------------------------------------------
SOLVING MRA-PNO-F12 as described in 
J.S. Kottmann, F.A. Bischoff, E.F. Valeev
Direct determination of optimal pair-natural orbitals in a real-space representation:
the second-order Møller-Plesset energy
Journal of Chemical Physics ... 2020
-------------------------------------------------------------------------------------


This script will run PNO-MP2 and print out tensors in binary
Call as: pno_integrals inputfileinput is input
ignoring unknown parameter in input file:  ncf

Angstrom being used to read input coordinates (1 Bohr = 1.88972613 Angstrom)


Asymptotic correction parameters
---------------------------------------
Atom vector is not empty: false
Using multipole approximation: false
Number of electrons = -1
Ionisation energy = 0.000000e+00
E(HOMO) = 0.000000e+00
R1 = 3.000000e+00
R2 = 4.000000e+00
DFT coefficient = 0.000000e+00
Interpolation scheme = linear
constructed symmetry operator for point group C1
dft
              charge  0.0000e+00 # defined   total molecular charge
                  xc  hf         # defined   XC input line
               smear  0.0000e+00 # default   smearing parameter
               econv  1.0000e-04 # defined   energy convergence
               dconv  5.0000e-04 # defined   density convergence
convergence_criteria  [bsh_residual, total_energy] # default   possible values are: bsh_residual, total_energy, each_energy, density
                   k  7          # defined   polynomial order
                   l  5.3842e+01 # derived   user coordinates box size
               deriv  abgv       # default   derivative method                            [abgv, bspline, ble]
           dft_deriv  abgv       # default   derivative method for gga potentials         [abgv, bspline, ble]
             maxrotn  2.5000e-01 # default   step restriction used in autoshift algorithm
             nvalpha  0          # default   number of alpha virtuals to compute
              nvbeta  0          # default   number of beta virtuals to compute
               nopen  0          # default   number of unpaired electrons = nalpha-nbeta
             maxiter  25         # default   maximum number of iterations
                 nio  1          # default   no. of io servers to use
     spin_restricted  true       # default   true if spin restricted
              plotlo  0          # default   range of MOs to print (for both spins if polarized
              plothi  -1         # default   range of MOs to print (for both spins if polarized
            plotdens  false      # default   If true print the density at convergence
            plotcoul  false      # default   If true plot the total coulomb potential at convergence
            localize  boys       # defined   localization method                          [pm, boys, new, canon]
          pointgroup  c1         # derived   use point (sub) group symmetry if not localized[c1, c2, ci, cs, c2v, c2h, d2, d2h]
             restart  false      # default   if true restart from orbitals on disk
           restartao  false      # default   if true restart from orbitals projected into AO basis (STO3G) on disk
          no_compute  false      # default   if true use orbitals on disk, set value to computed
           no_orient  false      # default   if true the molecule coordinates will not be reoriented
                save  true       # default   if true save orbitals to disk
              maxsub  10         # default   size of iterative subspace ... set to 0 or 1 to disable
        orbitalshift  0.0000e+00 # default   scf orbital shift: shift the occ orbitals to lower energies
            npt_plot  101        # default   no. of points to use in each dim for plots
           plot_cell  []         # default   lo hi in each dimension for plotting (default is all space)
             aobasis  6-31g      # derived   AO basis used for initial guess (6-31g or sto-3g)
           core_type  none       # default   core potential type                          [none, mpc]
         derivatives  false      # default   if true calculate nuclear derivatives
              dipole  false      # default   if true calculate dipole moment
      conv_only_dens  false      # default   if true remove bsh_residual from convergence criteria (deprecated)
            psp_calc  false      # default   pseudopotential calculation for all atoms
 print_dipole_matels  false      # default   if true output dipole matrix elements
            pcm_data  none       # default   do a PCM (solvent) calculation
             ac_data  none       # default   do a calculation with asymptotic correction (see ACParameters class in chem/AC.h for details)
             pure_ae  true       # default   pure all electron calculation with no pseudo-atoms
         print_level  3          # default   0: no output; 1: final energy; 2: iterations; 3: timings; 10: debug
              nalpha  3          # derived   number of alpha spin electrons
               nbeta  3          # derived   number of beta  spin electrons
           nmo_alpha  3          # derived   number of alpha spin molecular orbitals
            nmo_beta  3          # derived   number of beta spin molecular orbitals
                  lo  9.0905e-04 # derived   smallest length scale we need to resolve
            protocol  [1.0000e-04, 1.0000e-06] # derived   calculation protocol
                gopt  false      # default   geometry optimizer
                gtol  1.0000e-04 # default   geometry tolerance
               gtest  false      # default   geometry tolerance
                gval  1.0000e-05 # default   value precision
               gprec  1.0000e-04 # default   gradient precision
            gmaxiter  20         # default   optimization maxiter
    ginitial_hessian  false      # default   compute inital hessian for optimization
              algopt  bfgs       # default   algorithm used for optimization              [bfgs, cg]
            tdksprop  false      # default   time-dependent Kohn-Sham equation propagate
           nv_factor  1          # default   factor to multiply number of virtual orbitals with when automatically decreasing nvirt
           vnucextra  2          # default   load balance parameter for nuclear pot
        loadbalparts  2          # default   ??
            response  false      # default   response function calculation
       response_freq  0.0000e+00 # default   frequency for calculation response function
       response_axis  [1, 1, 1]  # default   response axis
           nonrotate  false      # default   if true do not molcule orient (redundant with no_orient
               rconv  1.0000e-06 # default   Response convergence
              efield  0.0000e+00 # default   eps for finite field
         efield_axis  0          # default   finite field axis                            [0, 1, 2]
              nwfile  none       # default   Base name of nwchem output files (.out and .movecs extensions) to read from
                 ncf  (none,1.0000e+00) # defined   nuclear correlation factor
             hessian  false      # default   compute the hessian matrix
           read_cphf  false      # default   read the converged orbital response for nuclear displacements from file
        restart_cphf  false      # default   read the guess orbital response for nuclear displacements from file
      purify_hessian  false      # default   symmetrize the hessian matrix based on atomic charges

end
              charge  0.0000e+00 # defined   total molecular charge
                  xc  hf         # defined   XC input line
               smear  0.0000e+00 # default   smearing parameter
               econv  1.0000e-04 # defined   energy convergence
               dconv  5.0000e-04 # defined   density convergence
convergence_criteria  [bsh_residual, total_energy] # default   possible values are: bsh_residual, total_energy, each_energy, density
                   k  7          # defined   polynomial order
                   l  5.3842e+01 # derived   user coordinates box size
               deriv  abgv       # default   derivative method                            [abgv, bspline, ble]
           dft_deriv  abgv       # default   derivative method for gga potentials         [abgv, bspline, ble]
             maxrotn  2.5000e-01 # default   step restriction used in autoshift algorithm
             nvalpha  0          # default   number of alpha virtuals to compute
              nvbeta  0          # default   number of beta virtuals to compute
               nopen  0          # default   number of unpaired electrons = nalpha-nbeta
             maxiter  25         # default   maximum number of iterations
                 nio  1          # default   no. of io servers to use
     spin_restricted  true       # default   true if spin restricted
              plotlo  0          # default   range of MOs to print (for both spins if polarized
              plothi  -1         # default   range of MOs to print (for both spins if polarized
            plotdens  false      # default   If true print the density at convergence
            plotcoul  false      # default   If true plot the total coulomb potential at convergence
            localize  boys       # defined   localization method                          [pm, boys, new, canon]
          pointgroup  c1         # derived   use point (sub) group symmetry if not localized[c1, c2, ci, cs, c2v, c2h, d2, d2h]
             restart  false      # default   if true restart from orbitals on disk
           restartao  false      # default   if true restart from orbitals projected into AO basis (STO3G) on disk
          no_compute  false      # default   if true use orbitals on disk, set value to computed
           no_orient  false      # default   if true the molecule coordinates will not be reoriented
                save  true       # default   if true save orbitals to disk
              maxsub  10         # default   size of iterative subspace ... set to 0 or 1 to disable
        orbitalshift  0.0000e+00 # default   scf orbital shift: shift the occ orbitals to lower energies
            npt_plot  101        # default   no. of points to use in each dim for plots
           plot_cell  []         # default   lo hi in each dimension for plotting (default is all space)
             aobasis  6-31g      # derived   AO basis used for initial guess (6-31g or sto-3g)
           core_type  none       # default   core potential type                          [none, mpc]
         derivatives  false      # default   if true calculate nuclear derivatives
              dipole  false      # default   if true calculate dipole moment
      conv_only_dens  false      # default   if true remove bsh_residual from convergence criteria (deprecated)
            psp_calc  false      # default   pseudopotential calculation for all atoms
 print_dipole_matels  false      # default   if true output dipole matrix elements
            pcm_data  none       # default   do a PCM (solvent) calculation
             ac_data  none       # default   do a calculation with asymptotic correction (see ACParameters class in chem/AC.h for details)
             pure_ae  true       # default   pure all electron calculation with no pseudo-atoms
         print_level  3          # default   0: no output; 1: final energy; 2: iterations; 3: timings; 10: debug
              nalpha  3          # derived   number of alpha spin electrons
               nbeta  3          # derived   number of beta  spin electrons
           nmo_alpha  3          # derived   number of alpha spin molecular orbitals
            nmo_beta  3          # derived   number of beta spin molecular orbitals
                  lo  9.0905e-04 # derived   smallest length scale we need to resolve
            protocol  [1.0000e-04, 1.0000e-06] # derived   calculation protocol
                gopt  false      # default   geometry optimizer
                gtol  1.0000e-04 # default   geometry tolerance
               gtest  false      # default   geometry tolerance
                gval  1.0000e-05 # default   value precision
               gprec  1.0000e-04 # default   gradient precision
            gmaxiter  20         # default   optimization maxiter
    ginitial_hessian  false      # default   compute inital hessian for optimization
              algopt  bfgs       # default   algorithm used for optimization              [bfgs, cg]
            tdksprop  false      # default   time-dependent Kohn-Sham equation propagate
           nv_factor  1          # default   factor to multiply number of virtual orbitals with when automatically decreasing nvirt
           vnucextra  2          # default   load balance parameter for nuclear pot
        loadbalparts  2          # default   ??
            response  false      # default   response function calculation
       response_freq  0.0000e+00 # default   frequency for calculation response function
       response_axis  [1, 1, 1]  # default   response axis
           nonrotate  false      # default   if true do not molcule orient (redundant with no_orient
               rconv  1.0000e-06 # default   Response convergence
              efield  0.0000e+00 # default   eps for finite field
         efield_axis  0          # default   finite field axis                            [0, 1, 2]
              nwfile  none       # default   Base name of nwchem output files (.out and .movecs extensions) to read from



 geometry
   eprec 1.0e-06
   units atomic
   Be            0.00000000           0.00000000           0.12598174
   H             0.00000000           0.00000000           3.33851617
   H             0.00000000           0.00000000          -3.84244314
 end

Solving NDIM= 3  with thresh 1.000000e-04     k 7    conv 5.000000e-04 

timer:     Project vnuclear     0.74s     0.74s
constructed nuclear correlation factor of the form
    R   =  1.000000e+00
with eprec  1.000000e-06
which means it's (nearly) a conventional calculation

timer:        reproject ncf     1.87s     1.87s
timer:        guess density     0.50s     0.50s
timer:   guess Coulomb potn     0.54s     0.54s
timer:       guess lda potn     0.23s     0.23s
timer:        guess overlap     0.07s     0.07s
timer:    KEmat reconstruct     0.09s     0.09s
timer:  KEmat differentiate     0.27s     0.27s
timer:       KEmat compress     0.11s     0.11s
timer: KEmat inner products     0.29s     0.29s
timer:     guess Kinet potn     0.78s     0.78s
timer:           guess fock     0.51s     0.51s
timer:      guess eigen sol     0.02s     0.02s
timer: guess orbital groupi     0.20s     0.20s

starting protocol at time      7.8s 
precision steps  1.000000e-04  -->  1.000000e-04
protocol: thresh 1.000000e-04 econv  1.000000e-04 dconv 5.000000e-04

ending protocol at time      7.8s 

Solving NDIM= 3  with thresh 1.000000e-04     k 7    conv 5.000000e-04 

timer:        Boys localize     1.00s     1.00s
orbital irreps []
timer:      reconstruct psi     0.13s     0.13s
timer:        compute Jnemo     0.68s     0.68s
timer:        compute Knemo     1.95s     1.95s
timer: compute Unemo 0.0163     0.21s     0.21s

  nuclear and kinetic     -24.82308315
         kinetic only      15.27085727
              coulomb      10.06330009
             exchange      -3.27836614
    nuclear-repulsion       2.39233659
   regularized energy     -15.64581261
  buggy if hybrid functionals are used..
timer:       compute energy     3.63s     3.63s
Norm of vector changes ab spin case : rms 4.722362e-02    max 6.553712e-02
convergence: bshresidual, energy change, max energy change, density change 5.1e-02 1.6e+01 1.6e+01 1.4e+00
finished iteration  0 at time     20.4s with energy  -15.64581261
timer:        Boys localize     1.03s     1.03s
orbital irreps []
timer:      reconstruct psi     0.17s     0.17s
timer:        compute Jnemo     0.79s     0.79s
timer:        compute Knemo     2.09s     2.09s
timer: compute Unemo 0.0161     0.19s     0.19s

  nuclear and kinetic     -24.86855783
         kinetic only      15.23430021
              coulomb      10.06812891
             exchange      -3.26131523
    nuclear-repulsion       2.39233659
   regularized energy     -15.66940756
  buggy if hybrid functionals are used..
timer:       compute energy     3.67s     3.67s
Norm of vector changes ab spin case : rms 2.218520e-02    max 3.036345e-02
convergence: bshresidual, energy change, max energy change, density change 1.6e-02 2.4e-02 4.5e-02 1.0e-02
finished iteration  1 at time     33.6s with energy  -15.66940756
timer:        Boys localize     1.01s     1.01s
orbital irreps []
timer:      reconstruct psi     0.12s     0.12s
timer:        compute Jnemo     0.68s     0.68s
timer:        compute Knemo     2.23s     2.23s
timer: compute Unemo 0.0160     0.17s     0.17s

  nuclear and kinetic     -24.89309236
         kinetic only      15.22531054
              coulomb      10.08200586
             exchange      -3.25364407
    nuclear-repulsion       2.39233659
   regularized energy     -15.67239397
  buggy if hybrid functionals are used..
timer:       compute energy     3.42s     3.42s
Norm of vector changes ab spin case : rms 4.580020e-03    max 6.388477e-03
convergence: bshresidual, energy change, max energy change, density change 2.7e-03 3.0e-03 2.5e-02 2.3e-03
finished iteration  2 at time     46.9s with energy  -15.67239397
timer:        Boys localize     1.00s     1.00s
orbital irreps []
timer:      reconstruct psi     0.15s     0.15s
timer:        compute Jnemo     0.64s     0.64s
timer:        compute Knemo     2.10s     2.10s
timer: compute Unemo 0.0160     0.17s     0.17s

  nuclear and kinetic     -24.90302501
         kinetic only      15.22179451
              coulomb      10.08988587
             exchange      -3.25178057
    nuclear-repulsion       2.39233659
   regularized energy     -15.67258312
  buggy if hybrid functionals are used..
timer:       compute energy     3.75s     3.75s
Norm of vector changes ab spin case : rms 2.184911e-03    max 2.907587e-03
convergence: bshresidual, energy change, max energy change, density change 1.0e-03 1.9e-04 9.9e-03 5.8e-04
finished iteration  3 at time     60.1s with energy  -15.67258312
timer:        Boys localize     1.00s     1.00s
orbital irreps []
timer:      reconstruct psi     0.13s     0.13s
timer:        compute Jnemo     0.65s     0.65s
timer:        compute Knemo     2.06s     2.06s
timer: compute Unemo 0.0160     0.17s     0.17s

  nuclear and kinetic     -24.90713305
         kinetic only      15.22076237
              coulomb      10.09371671
             exchange      -3.25153184
    nuclear-repulsion       2.39233659
   regularized energy     -15.67261159
  buggy if hybrid functionals are used..
timer:       compute energy     3.41s     3.41s
Norm of vector changes ab spin case : rms 7.733881e-04    max 1.045363e-03
convergence: bshresidual, energy change, max energy change, density change 4.0e-04 2.8e-05 4.1e-03 1.9e-04
finished iteration  4 at time     73.5s with energy  -15.67261159

Iterations converged


ending protocol at time     73.5s 

 Dipole Moment (a.u.)
 -----------

     x:  -4.262249e-14
     y:  -8.380754e-14
     z:  3.572598e-01
 Total Dipole Moment:  3.572598e-01 

timer:               dipole     0.04s     0.04s
Nemo Orbital Energies: [*]  -4.78813141  -0.44312175  -0.38012850

nemo energy:  -1.567261e+01
 at time 74.1
PNO Integrals evaluated as:
pnoint
       rank_increase  15         # default   maximum rank to increase in every macroiteration
               chunk  100        # default   chunk of functions operated on in parallel when G or K is applied (prevent memory shortage)
               debug  false      # default   debug mode
              freeze  1          # derived   frozen core approximation
             maxrank  4          # defined   maximal pno rank for all pairs
           guesstype  exop       # derived   the guesstype: exop (recommended, multiply polynomial excitation operators onto the occupied orbitals), empty (don't compute a guess), scf (use the ao basis from the SCF solver), partial_wave (create s,p,d ..., type functions and place on atoms), predefined (same as partial_wave but for predefined sets)
                exop  multipole  # derived   this string defines which excitation operators can be used, use 'dipole', 'dipole+', 'quadrupole', 'ocopole', or 'multipole', need to set guesstype to 'exop' which is the default
          exop_trigo  true       # default   use trigonometric excitation operators ( x --> sin(x)
        partial_wave             # default   atom centered partial wave guess of format like 'h-2s1p-o-3s2p1d', need to set guesstype to 'partial_wave' and adaptive_solver to 'none'
          predefined             # default   predefined partial wave guesses of type pvxz with x=d,t,q,5,6, need to set guesstype to 'predefined' and adaptive_solver to 'none'
           maxiter_t  100        # default   maximal number of iterations in the amplitude solver
       maxiter_micro  10         # default   Maximum of iterations for every cycle in the adaptive solver
       maxiter_macro  10         # default   Maximum of iterations of cycles in the adaptive solver
                tpno  1.0000e-08 # default   PNO cutoff threshold
          tpno_tight  1.0000e-10 # derived   PNO cutoff for the first iteration
    canonicalize_pno  true       # default   canonicalize the pnos before the amplitude solver
              thresh  1.0000e-04 # defined   MRA threshold
         econv_micro  1.0000e-04 # derived   Energy convergence for microiterations (Greens function based optimization) in adaptive solver
         econv_pairs  1.0000e-05 # derived   ENergy convergence for individual pairs in adaptive solver. Converged pairs are frozen automatically
         econv_macro  1.0000e-04 # derived   Energy convergence for macroiterations in adaptive solver, no effect if adaptive_solver is deactivated
               dconv  1.0000e-01 # default   convergence of every PNO in the Green's function solver
           op_thresh  1.0000e-06 # default   MRA operator thresh
             restart  none       # derived   restart pairs of this type, use 'mp2', 'cispd', 'all' or 'none'
          no_compute  none       # default   do not compute the pairs of this type, use 'mp2', 'cispd', 'all' or 'none'
              no_opt  none       # default   do not optimize the pnos of this type, use 'mp2', 'cispd', 'all' or 'none'
            no_guess  none       # derived   guess for this type will be empty, use 'mp2', 'cispd', 'all' or 'none'
     adaptive_solver  all        # default   Use adaptive solver for those pairs, use 'mp2', 'cispd', 'all' or 'none', works only in combination with guesstype 'exop'
                kain  true       # default   use KAIN solver in amplitude solver
       kain_subspace  5          # default   subspace size of the KAIN solver (amplitudes)
                 f12  false      # defined   use explicit correlation
        cispd_number  -1         # default   CIS(D) excitation numbers, to read in correct functions
        cispd_energy  0.0000e+00 # default   CIS energy
        freeze_pairs  none       # default   frozen pairs will not be optimized: Expected format 'a b c d' will freeze pairs ab and cd
freeze_pairs_of_orbital  []         # default    All pairs which originate from this orbital will not be optimized
active_pairs_of_orbital  []         # default    All pairs which originate from this orbital will not be frozen all other pairs will, if this vector is not empty
no_opt_in_first_iteration  false      # default   Do not optimize in the first iteration (then the potentials do not have to be evaluated, use this for large guesses)
            exchange  full       # default   approximate exchange with 'neglect' or xc functional -> same syntax as moldft
           save_pnos  true       # default   Save the OBS-PNOs to a file, before and after orthonormalization.
            diagonal  true       # defined   Compute only diagonal PNOs
              orthog  symmetric  # defined   orthogonalization method for PNO basis, also current default for a potential CABS. options: symmetric, canonical, cholesky, rr_cholesky,
         orthog_cabs  default    # default   orthogonalization method for CABS basis. options: symmetric, canonical, cholesky, rr_cholesky, uses same as orbitals basis if default.
               n_pno  4          # defined   desired size of PNO-basis (orbital space)
         cabs_option  none       # default   type of complementary auxiliary basis to be used. can be none ~ no CABS, gbs ~ Gaussian basis set as CABS, requires input via auxbas_file, pno ~ use superfluous PNOs as CABS, mixed ~ gbs&pno-option
       pno_cabs_size  -1         # default   size of a potential pno-cabs. defaults to -1 ~ all remaining PNOs, if pno-cabs or mixed-cabs
           only_diag  false      # default   use only diagonal elements PNOs
         cherry_pick  []         # default   cherry pick option to choose particular set of PNOs, not just blindly by occupation number. can be useful, if only a restricted number of PNOs can be used, to avoid separating degenerate pairs. can be envoked by passing a vector via [ elem1, elem2, ... ]
               gamma  1.4000e+00 # default   The f12 length scale, here to be used to compute f12-integrals
         cabs_thresh  1.0000e-04 # derived    thresh for cabs part
              auxbas  none       # default   atom centered partial wave guess of format like 'h-2s1p-o-3s2p1d'
         auxbas_file  none       # default   Use external comp. aux. basis in addition to the pnos as auxbasis. Give the filename as parameter. Give the auxbas in turbomole format. Don't use contractions. If a file is specified the auxbas parameter has no effect
   print_pno_overlap  true       # default   Print overlap matrix at certain steps in computation, for debugging purposes.
              n_virt  0          # defined   Compute this number of virtuals and include them in the integral construction, experimental and not robust!.
      hardcore_boson  false      # default   compute only integrals for hardcore boson hamiltonian (restricted to double occupations)

end
F12 Operators initialized right
timer:                    Testing F12 Operators     0.85s     0.85s 
timer:  Initializing (active) Exchange Orbitals     2.12s     2.12s 
Size of active mos and their exchange potentials:
K(acmos)=3.066659e-03 Gbyte
acmos   =2.616882e-03 Gbyte
PNO Parameters
pno
       rank_increase  15         # default   maximum rank to increase in every macroiteration
               chunk  100        # default   chunk of functions operated on in parallel when G or K is applied (prevent memory shortage)
               debug  false      # default   debug mode
              freeze  1          # derived   frozen core approximation
             maxrank  4          # defined   maximal pno rank for all pairs
           guesstype  exop       # derived   the guesstype: exop (recommended, multiply polynomial excitation operators onto the occupied orbitals), empty (don't compute a guess), scf (use the ao basis from the SCF solver), partial_wave (create s,p,d ..., type functions and place on atoms), predefined (same as partial_wave but for predefined sets)
                exop  multipole  # derived   this string defines which excitation operators can be used, use 'dipole', 'dipole+', 'quadrupole', 'ocopole', or 'multipole', need to set guesstype to 'exop' which is the default
          exop_trigo  true       # default   use trigonometric excitation operators ( x --> sin(x)
        partial_wave             # default   atom centered partial wave guess of format like 'h-2s1p-o-3s2p1d', need to set guesstype to 'partial_wave' and adaptive_solver to 'none'
          predefined             # default   predefined partial wave guesses of type pvxz with x=d,t,q,5,6, need to set guesstype to 'predefined' and adaptive_solver to 'none'
           maxiter_t  100        # default   maximal number of iterations in the amplitude solver
       maxiter_micro  10         # default   Maximum of iterations for every cycle in the adaptive solver
       maxiter_macro  10         # default   Maximum of iterations of cycles in the adaptive solver
                tpno  1.0000e-08 # default   PNO cutoff threshold
          tpno_tight  1.0000e-10 # derived   PNO cutoff for the first iteration
    canonicalize_pno  true       # default   canonicalize the pnos before the amplitude solver
              thresh  1.0000e-04 # defined   MRA threshold
         econv_micro  1.0000e-04 # derived   Energy convergence for microiterations (Greens function based optimization) in adaptive solver
         econv_pairs  1.0000e-05 # derived   ENergy convergence for individual pairs in adaptive solver. Converged pairs are frozen automatically
         econv_macro  1.0000e-04 # derived   Energy convergence for macroiterations in adaptive solver, no effect if adaptive_solver is deactivated
               dconv  1.0000e-01 # default   convergence of every PNO in the Green's function solver
           op_thresh  1.0000e-06 # default   MRA operator thresh
             restart  none       # derived   restart pairs of this type, use 'mp2', 'cispd', 'all' or 'none'
          no_compute  none       # default   do not compute the pairs of this type, use 'mp2', 'cispd', 'all' or 'none'
              no_opt  none       # default   do not optimize the pnos of this type, use 'mp2', 'cispd', 'all' or 'none'
            no_guess  none       # derived   guess for this type will be empty, use 'mp2', 'cispd', 'all' or 'none'
     adaptive_solver  all        # default   Use adaptive solver for those pairs, use 'mp2', 'cispd', 'all' or 'none', works only in combination with guesstype 'exop'
                kain  true       # default   use KAIN solver in amplitude solver
       kain_subspace  5          # default   subspace size of the KAIN solver (amplitudes)
                 f12  false      # defined   use explicit correlation
        cispd_number  -1         # default   CIS(D) excitation numbers, to read in correct functions
        cispd_energy  0.0000e+00 # default   CIS energy
        freeze_pairs  none       # default   frozen pairs will not be optimized: Expected format 'a b c d' will freeze pairs ab and cd
freeze_pairs_of_orbital  []         # default    All pairs which originate from this orbital will not be optimized
active_pairs_of_orbital  []         # default    All pairs which originate from this orbital will not be frozen all other pairs will, if this vector is not empty
no_opt_in_first_iteration  false      # default   Do not optimize in the first iteration (then the potentials do not have to be evaluated, use this for large guesses)
            exchange  full       # default   approximate exchange with 'neglect' or xc functional -> same syntax as moldft
           save_pnos  true       # default   Save the OBS-PNOs to a file, before and after orthonormalization.
            diagonal  true       # defined   Compute only diagonal PNOs

end

**********************
Solve PNO-MP2
*********************


**********************
Iterate Pairs
*********************


************************
Adaptive Solver
***********************

Initializing empty Pairs:
no guess was explicitly demanded for mp2

timer:                                     RRCD     0.00s     0.00s 
timer:                             MRA compress     0.00s     0.00s 
timer:                          Transform Pairs     0.00s     0.00s 
timer:          apply Q and orthonormalize PNOs     0.00s     0.00s 
Created Guess:
pair11 with 0 guess functions
pair21 with 0 guess functions
pair22 with 0 guess functions
guess pair11 size: 0.0000000000e+00 | 0.0000000000e+00 Gbyte (after truncation)
guess pair22 size: 0.0000000000e+00 | 0.0000000000e+00 Gbyte (after truncation)
timer:                           truncate guess     0.00s     0.00s 
timer:                         Initialize Pairs     0.00s     0.00s 
Keyword multipole is not known
Guess protocol for adaptively growing ranks is: [dipole+, quadrupole, big_fock_3, big_fock_3, big_fock_3, big_fock_3, big_fock_3, big_fock_3, big_fock_3, big_fock_3]


--------Adaptive Solver Macroiteration 0 from max 10 ----------

Growing ranks with exop=dipole+
Create guess functions by multiplying plane-waves to 1 functions 
Created 4 virtuals for pair11
pair21 is frozen: no growing
Create guess functions by multiplying plane-waves to 1 functions 
Created 4 virtuals for pair22
frozen pair: no orthonormalization
timer:                                     RRCD     0.08s     0.08s 
timer:                             MRA compress     0.00s     0.00s 
timer:                          Transform Pairs     0.08s     0.08s 
timer:                        grow PNO subspace     1.68s     1.68s 
SolveInternal: Parameters are assigned as
no_compute        = false
no_opt            = false
restart           = false
do_cispd          = false
econv             =1.0000000000e-04
maxrank (min,max) = (4,4)
Solving MP2 doubles
timer:          fock matrix     2.99s     2.99s
Information About All Pairs:
mp2_pair11           number=0 rank=  4 frozen=false
mp2_pair21           number=1 rank=  0 frozen=true
mp2_pair22           number=2 rank=  4 frozen=false
number of pairs=3
average rank   =2 (2.6666666667e+00)
largest rank   =4
PNOPairs Memory Information
Total: 0.0096497536 GB 
PNO  : 0.0096497536 GB 
KPNO : 0.0000000000 GB 
W    : 0.0000000000 GB 

timer:                                 truncate     0.01s     0.01s 
wall time=88.1153919697 chunk=8 allK.size()=8 memory=0.0098950863 GB
timer:                             compute KPNO     4.25s     4.25s 
wall time=88.2887430191 chunk=8 allJ.size()=8 memory=0.0107128620 GB
timer:                             compute JPNO     0.17s     0.17s 
timer:                    compute Fock matrices     1.46s     1.46s 
timer:                             MRA compress     0.00s     0.00s 
timer:                          Transform Pairs     0.24s     0.24s 
timer:                             Canonicalize     0.24s     0.24s 
PNOPairs Memory Information
Total: 0.0192995071 GB 
PNO  : 0.0094861984 GB 
KPNO : 0.0098133087 GB 
W    : 0.0000000000 GB 

timer:                                 truncate     0.07s     0.07s 
mp2_pair21 is frozen: potential not computed
timer:                   Fluctuation Potentials     2.11s     2.11s 
timer:                       Fluctuation Matrix     0.09s     0.09s 
PNOPairs Memory Information
Total: 0.0333652496 GB 
PNO  : 0.0094861984 GB 
KPNO : 0.0098133087 GB 
W    : 0.0140657425 GB 

PNOPairs Memory Information
Total: 0.0333652496 GB 
PNO  : 0.0094861984 GB 
KPNO : 0.0098133087 GB 
W    : 0.0140657425 GB 

timer:                                 truncate     0.04s     0.04s 
timer:                             PNO Overlaps     0.09s     0.09s 
t_iter =  0  Hylleraas energy =  0.0000000000  ||R||_F =  0.1757063035  conv =  no
subspace solution [*]   1.00000000

t_iter =  1  Hylleraas energy =  -0.0268374422  ||R||_F =  0.0000000680  conv =  yes
=======================================================

Hylleraas MP2 Energies

=======================================================
    i    j      singlet      triplet        Total
=======================================================
    1    1  -1.29404e-02  0.00000e+00 -1.29404e-02
    2    1   0.00000e+00  0.00000e+00  0.00000e+00
    2    2  -1.38970e-02  0.00000e+00 -1.38970e-02
=======================================================
Hylleraas MP2 Energies (singlet): -2.68374e-02
Hylleraas MP2 Energies (triplet):  0.00000e+00
Hylleraas MP2 Energies (total)  : -2.68374e-02
=======================================================
-------------------------------------------
Total Reg Energy  =-2.68374e-02
Total F12 Energy  = 0.00000e+00
Sum Energies Total=-2.68374e-02
-------------------------------------------
timer:                         Solve Amplitudes     0.00s     0.00s 
No optimization untill now: Compressing pno ranks with tighter threshold
1.00000e-10 instead of 1.00000e-08
pair11: density evals:
 [*]   0.00317469   0.00410857   0.00410857   0.00927051

pair22: density evals:
 [*]   0.00309677   0.00392478   0.00392478   0.01593847

timer:                            compress PNOs     0.00s     0.00s 
timer:                             MRA compress     0.00s     0.00s 
timer:                          Transform Pairs     0.45s     0.45s 
timer:                          PNO Compression     0.46s     0.46s 
Information About All Pairs:
mp2_pair11           number=0 rank=  4 frozen=false
mp2_pair21           number=1 rank=  0 frozen=true
mp2_pair22           number=2 rank=  4 frozen=false
number of pairs=3
average rank   =2 (2.66667e+00)
largest rank   =4
saving vector of functions mp2_pair11
saving vector of functions mp2_pair22
timer:                        save pnos on disc     0.24s     0.24s 
PNOPairs Memory Information
Total: 0.03304 GB 
PNO  : 0.00932 GB 
KPNO : 0.00981 GB 
W    : 0.01390 GB 

timer:                                 truncate     0.05s     0.05s 
timer:      compute densities for G application     0.00s     0.00s 
pair21 is frozen: no optimization
timer:                Prepare for G application     0.42s     0.42s 
timer:                                    add K     0.05s     0.05s 
size of all Vpsi potentials (without Vnuc and J) 0.01218 GB 
time=94.32124 chunk=8 Vpsi+Vnuc+J=0.03116 GB
time=94.37811 chunk=8 Vpsi+Vnuc+J=0.03116 GB (after truncation)
timer:                           Apply G to all     2.99s     2.99s 
timer:                       apply Q and update     0.00s     0.00s 
mp2_pair11 residual norms:
[0.45531, 0.36153, 0.36153, 0.41522]
mp2_pair11 scaled residual norms:
[0.02565, 0.02317, 0.02317, 0.03998]
mp2_pair22 residual norms:
[0.45088, 0.36409, 0.36409, 0.39400]
mp2_pair22 scaled residual norms:
[0.02509, 0.02281, 0.02281, 0.04974]
timer:                          update all PNOs     3.46s     3.47s 
frozen pair: no orthonormalization
timer:                                     RRCD     0.04s     0.04s 
timer:                             MRA compress     0.00s     0.00s 
timer:                          Transform Pairs     0.08s     0.08s 
saving vector of functions mp2_pair11
saving vector of functions mp2_pair22
timer:                        save pnos on disc     0.19s     0.19s 


No convergence yet. Energy change = 0.02684

timer:                        Whole Iteration 1    13.15s    13.15s 
Information About All Pairs:
mp2_pair11           number=0 rank=  4 frozen=false
mp2_pair21           number=1 rank=  0 frozen=true
mp2_pair22           number=2 rank=  4 frozen=false
number of pairs=3
average rank   =2 (2.66667)
largest rank   =4
PNOPairs Memory Information
Total: 0.01006 GB 
PNO  : 0.01006 GB 
KPNO : 0.00000 GB 
W    : 0.00000 GB 

timer:                                 truncate     0.02s     0.02s 
wall time=101.19141 chunk=8 allK.size()=8 memory=0.00973 GB
timer:                             compute KPNO     4.17s     4.17s 
wall time=101.35677 chunk=8 allJ.size()=8 memory=0.01088 GB
timer:                             compute JPNO     0.17s     0.17s 
timer:                    compute Fock matrices     1.49s     1.49s 
timer:                             MRA compress     0.00s     0.00s 
timer:                          Transform Pairs     0.34s     0.34s 
timer:                             Canonicalize     0.34s     0.34s 
PNOPairs Memory Information
Total: 0.01971 GB 
PNO  : 0.00998 GB 
KPNO : 0.00973 GB 
W    : 0.00000 GB 

timer:                                 truncate     0.06s     0.06s 
mp2_pair21 is frozen: potential not computed
timer:                   Fluctuation Potentials     2.13s     2.13s 
timer:                       Fluctuation Matrix     0.22s     0.22s 
PNOPairs Memory Information
Total: 0.03426 GB 
PNO  : 0.00998 GB 
KPNO : 0.00973 GB 
W    : 0.01456 GB 

PNOPairs Memory Information
Total: 0.03426 GB 
PNO  : 0.00998 GB 
KPNO : 0.00973 GB 
W    : 0.01456 GB 

timer:                                 truncate     0.07s     0.07s 
timer:                             PNO Overlaps     0.08s     0.08s 
t_iter =  0  Hylleraas energy =  0.00000  ||R||_F =  0.26031  conv =  no
subspace solution [*]   1.00000000

t_iter =  1  Hylleraas energy =  -0.04692  ||R||_F =  0.00000  conv =  yes
=======================================================

Hylleraas MP2 Energies

=======================================================
    i    j      singlet      triplet        Total
=======================================================
    1    1  -2.27345e-02  0.00000e+00 -2.27345e-02
    2    1   0.00000e+00  0.00000e+00  0.00000e+00
    2    2  -2.41899e-02  0.00000e+00 -2.41899e-02
=======================================================
Hylleraas MP2 Energies (singlet): -4.69244e-02
Hylleraas MP2 Energies (triplet):  0.00000e+00
Hylleraas MP2 Energies (total)  : -4.69244e-02
=======================================================
-------------------------------------------
Total Reg Energy  =-4.69244e-02
Total F12 Energy  = 0.00000e+00
Sum Energies Total=-4.69244e-02
-------------------------------------------
timer:                         Solve Amplitudes     0.00s     0.00s 
pair11: density evals:
 [*]   0.00428128   0.00489430   0.00489430   0.01462686

pair22: density evals:
 [*]   0.00409036   0.00460928   0.00460928   0.02525959

timer:                            compress PNOs     0.00s     0.00s 
timer:                             MRA compress     0.00s     0.00s 
timer:                          Transform Pairs     0.44s     0.44s 
timer:                          PNO Compression     0.45s     0.45s 
Information About All Pairs:
mp2_pair11           number=0 rank=  4 frozen=false
mp2_pair21           number=1 rank=  0 frozen=true
mp2_pair22           number=2 rank=  4 frozen=false
number of pairs=3
average rank   =2 (2.66667e+00)
largest rank   =4
saving vector of functions mp2_pair11
saving vector of functions mp2_pair22
timer:                        save pnos on disc     0.19s     0.19s 
PNOPairs Memory Information
Total: 0.03418 GB 
PNO  : 0.00990 GB 
KPNO : 0.00973 GB 
W    : 0.01456 GB 

timer:                                 truncate     0.05s     0.05s 
timer:      compute densities for G application     0.00s     0.00s 
pair21 is frozen: no optimization
timer:                Prepare for G application     0.45s     0.45s 
timer:                                    add K     0.03s     0.03s 
size of all Vpsi potentials (without Vnuc and J) 0.01341 GB 
time=107.61067 chunk=8 Vpsi+Vnuc+J=0.03173 GB
time=107.67185 chunk=8 Vpsi+Vnuc+J=0.03075 GB (after truncation)
timer:                           Apply G to all     2.88s     2.88s 
timer:                       apply Q and update     0.00s     0.00s 
mp2_pair11 residual norms:
[0.10986, 0.09235, 0.09235, 0.11752]
mp2_pair11 scaled residual norms:
[0.00719, 0.00646, 0.00646, 0.01421]
mp2_pair22 residual norms:
[0.11167, 0.09057, 0.09057, 0.10195]
mp2_pair22 scaled residual norms:
[0.00714, 0.00615, 0.00615, 0.01620]
timer:                          update all PNOs     3.36s     3.36s 
frozen pair: no orthonormalization
timer:                                     RRCD     0.07s     0.07s 
timer:                             MRA compress     0.00s     0.00s 
timer:                          Transform Pairs     0.12s     0.12s 
saving vector of functions mp2_pair11
saving vector of functions mp2_pair22
timer:                        save pnos on disc     0.16s     0.16s 


No convergence yet. Energy change = 0.02009

timer:                        Whole Iteration 2    13.19s    13.19s 
Information About All Pairs:
mp2_pair11           number=0 rank=  4 frozen=false
mp2_pair21           number=1 rank=  0 frozen=true
mp2_pair22           number=2 rank=  4 frozen=false
number of pairs=3
average rank   =2 (2.66667)
largest rank   =4
PNOPairs Memory Information
Total: 0.00973 GB 
PNO  : 0.00973 GB 
KPNO : 0.00000 GB 
W    : 0.00000 GB 

timer:                                 truncate     0.02s     0.02s 
wall time=114.09514 chunk=8 allK.size()=8 memory=0.00990 GB
timer:                             compute KPNO     3.87s     3.87s 
wall time=114.22878 chunk=8 allJ.size()=8 memory=0.01096 GB
timer:                             compute JPNO     0.13s     0.13s 
timer:                    compute Fock matrices     1.30s     1.30s 
timer:                             MRA compress     0.00s     0.00s 
timer:                          Transform Pairs     0.26s     0.26s 
timer:                             Canonicalize     0.26s     0.26s 
PNOPairs Memory Information
Total: 0.01922 GB 
PNO  : 0.00957 GB 
KPNO : 0.00965 GB 
W    : 0.00000 GB 

timer:                                 truncate     0.03s     0.03s 
mp2_pair21 is frozen: potential not computed
timer:                   Fluctuation Potentials     2.00s     2.00s 
timer:                       Fluctuation Matrix     0.13s     0.13s 
PNOPairs Memory Information
Total: 0.03361 GB 
PNO  : 0.00957 GB 
KPNO : 0.00965 GB 
W    : 0.01439 GB 

PNOPairs Memory Information
Total: 0.03361 GB 
PNO  : 0.00957 GB 
KPNO : 0.00965 GB 
W    : 0.01439 GB 

timer:                                 truncate     0.05s     0.05s 
timer:                             PNO Overlaps     0.10s     0.10s 
t_iter =  0  Hylleraas energy =  0.00000  ||R||_F =  0.27888  conv =  no
subspace solution [*]   1.00000000

t_iter =  1  Hylleraas energy =  -0.04925  ||R||_F =  0.00000  conv =  yes
=======================================================

Hylleraas MP2 Energies

=======================================================
    i    j      singlet      triplet        Total
=======================================================
    1    1  -2.39015e-02  0.00000e+00 -2.39015e-02
    2    1   0.00000e+00  0.00000e+00  0.00000e+00
    2    2  -2.53472e-02  0.00000e+00 -2.53472e-02
=======================================================
Hylleraas MP2 Energies (singlet): -4.92487e-02
Hylleraas MP2 Energies (triplet):  0.00000e+00
Hylleraas MP2 Energies (total)  : -4.92487e-02
=======================================================
-------------------------------------------
Total Reg Energy  =-4.92487e-02
Total F12 Energy  = 0.00000e+00
Sum Energies Total=-4.92487e-02
-------------------------------------------
timer:                         Solve Amplitudes     0.00s     0.00s 
pair11: density evals:
 [*]   0.00401140   0.00465975   0.00465975   0.01418589

pair22: density evals:
 [*]   0.00383610   0.00437270   0.00437270   0.02468673

timer:                            compress PNOs     0.00s     0.00s 
timer:                             MRA compress     0.00s     0.00s 
timer:                          Transform Pairs     0.37s     0.37s 
timer:                          PNO Compression     0.37s     0.37s 
Information About All Pairs:
mp2_pair11           number=0 rank=  4 frozen=false
mp2_pair21           number=1 rank=  0 frozen=true
mp2_pair22           number=2 rank=  4 frozen=false
number of pairs=3
average rank   =2 (2.66667e+00)
largest rank   =4
saving vector of functions mp2_pair11
saving vector of functions mp2_pair22
timer:                        save pnos on disc     0.17s     0.17s 
PNOPairs Memory Information
Total: 0.03369 GB 
PNO  : 0.00957 GB 
KPNO : 0.00973 GB 
W    : 0.01439 GB 

timer:                                 truncate     0.04s     0.04s 
timer:      compute densities for G application     0.00s     0.00s 
pair21 is frozen: no optimization
timer:                Prepare for G application     0.51s     0.51s 
timer:                                    add K     0.04s     0.04s 
size of all Vpsi potentials (without Vnuc and J) 0.01349 GB 
time=120.00634 chunk=8 Vpsi+Vnuc+J=0.03198 GB
time=120.07444 chunk=8 Vpsi+Vnuc+J=0.03083 GB (after truncation)
timer:                           Apply G to all     3.06s     3.06s 
timer:                       apply Q and update     0.00s     0.00s 
mp2_pair11 residual norms:
[0.03892, 0.03086, 0.03086, 0.04598]
mp2_pair11 scaled residual norms:
[0.00247, 0.00211, 0.00211, 0.00548]
mp2_pair22 residual norms:
[0.04199, 0.03164, 0.03164, 0.03826]
mp2_pair22 scaled residual norms:
[0.00260, 0.00209, 0.00209, 0.00601]
timer:                          update all PNOs     3.61s     3.61s 
frozen pair: no orthonormalization
timer:                                     RRCD     0.05s     0.05s 
timer:                             MRA compress     0.00s     0.00s 
timer:                          Transform Pairs     0.13s     0.13s 
saving vector of functions mp2_pair11
saving vector of functions mp2_pair22
timer:                        save pnos on disc     0.16s     0.16s 


No convergence yet. Energy change = 0.00232

timer:                        Whole Iteration 3    12.49s    12.49s 
Information About All Pairs:
mp2_pair11           number=0 rank=  4 frozen=false
mp2_pair21           number=1 rank=  0 frozen=true
mp2_pair22           number=2 rank=  4 frozen=false
number of pairs=3
average rank   =2 (2.66667)
largest rank   =4
PNOPairs Memory Information
Total: 0.00990 GB 
PNO  : 0.00990 GB 
KPNO : 0.00000 GB 
W    : 0.00000 GB 

timer:                                 truncate     0.01s     0.01s 
wall time=126.50129 chunk=8 allK.size()=8 memory=0.00981 GB
timer:                             compute KPNO     3.80s     3.80s 
wall time=126.67277 chunk=8 allJ.size()=8 memory=0.01104 GB
timer:                             compute JPNO     0.17s     0.17s 
timer:                    compute Fock matrices     1.47s     1.47s 
timer:                             MRA compress     0.00s     0.00s 
timer:                          Transform Pairs     0.27s     0.27s 
timer:                             Canonicalize     0.27s     0.27s 
PNOPairs Memory Information
Total: 0.01914 GB 
PNO  : 0.00965 GB 
KPNO : 0.00949 GB 
W    : 0.00000 GB 

timer:                                 truncate     0.06s     0.06s 
mp2_pair21 is frozen: potential not computed
timer:                   Fluctuation Potentials     2.20s     2.20s 
timer:                       Fluctuation Matrix     0.17s     0.17s 
PNOPairs Memory Information
Total: 0.03353 GB 
PNO  : 0.00965 GB 
KPNO : 0.00949 GB 
W    : 0.01439 GB 

PNOPairs Memory Information
Total: 0.03353 GB 
PNO  : 0.00965 GB 
KPNO : 0.00949 GB 
W    : 0.01439 GB 

timer:                                 truncate     0.04s     0.04s 
timer:                             PNO Overlaps     0.14s     0.14s 
t_iter =  0  Hylleraas energy =  0.00000  ||R||_F =  0.28490  conv =  no
subspace solution [*]   1.00000000

t_iter =  1  Hylleraas energy =  -0.04959  ||R||_F =  0.00000  conv =  yes
=======================================================

Hylleraas MP2 Energies

=======================================================
    i    j      singlet      triplet        Total
=======================================================
    1    1  -2.40749e-02  0.00000e+00 -2.40749e-02
    2    1   0.00000e+00  0.00000e+00  0.00000e+00
    2    2  -2.55199e-02  0.00000e+00 -2.55199e-02
=======================================================
Hylleraas MP2 Energies (singlet): -4.95949e-02
Hylleraas MP2 Energies (triplet):  0.00000e+00
Hylleraas MP2 Energies (total)  : -4.95949e-02
=======================================================
-------------------------------------------
Total Reg Energy  =-4.95949e-02
Total F12 Energy  = 0.00000e+00
Sum Energies Total=-4.95949e-02
-------------------------------------------
timer:                         Solve Amplitudes     0.00s     0.00s 
pair11: density evals:
 [*]   0.00387292   0.00454023   0.00454023   0.01376254

pair22: density evals:
 [*]   0.00370432   0.00425285   0.00425285   0.02409566

timer:                            compress PNOs     0.00s     0.00s 
timer:                             MRA compress     0.00s     0.00s 
timer:                          Transform Pairs     0.54s     0.54s 
timer:                          PNO Compression     0.55s     0.55s 
Information About All Pairs:
mp2_pair11           number=0 rank=  4 frozen=false
mp2_pair21           number=1 rank=  0 frozen=true
mp2_pair22           number=2 rank=  4 frozen=false
number of pairs=3
average rank   =2 (2.66667e+00)
largest rank   =4
saving vector of functions mp2_pair11
saving vector of functions mp2_pair22
timer:                        save pnos on disc     0.17s     0.17s 
PNOPairs Memory Information
Total: 0.03377 GB 
PNO  : 0.00973 GB 
KPNO : 0.00965 GB 
W    : 0.01439 GB 

timer:                                 truncate     0.05s     0.05s 
timer:      compute densities for G application     0.00s     0.00s 
pair21 is frozen: no optimization
timer:                Prepare for G application     0.45s     0.45s 
timer:                                    add K     0.03s     0.03s 
size of all Vpsi potentials (without Vnuc and J) 0.01358 GB 
time=133.01950 chunk=8 Vpsi+Vnuc+J=0.03230 GB
time=133.06635 chunk=8 Vpsi+Vnuc+J=0.03116 GB (after truncation)
timer:                           Apply G to all     3.16s     3.16s 
timer:                       apply Q and update     0.00s     0.00s 
mp2_pair11 residual norms:
[0.01554, 0.01123, 0.01123, 0.01893]
mp2_pair11 scaled residual norms:
[0.00097, 0.00076, 0.00076, 0.00222]
mp2_pair22 residual norms:
[0.01838, 0.01308, 0.01308, 0.01537]
mp2_pair22 scaled residual norms:
[0.00112, 0.00085, 0.00085, 0.00239]
timer:                          update all PNOs     3.65s     3.65s 
frozen pair: no orthonormalization
timer:                                     RRCD     0.04s     0.04s 
timer:                             MRA compress     0.00s     0.00s 
timer:                          Transform Pairs     0.09s     0.09s 
saving vector of functions mp2_pair11
saving vector of functions mp2_pair22
timer:                        save pnos on disc     0.18s     0.18s 


No convergence yet. Energy change = 0.00035

timer:                        Whole Iteration 4    13.13s    13.13s 
Information About All Pairs:
mp2_pair11           number=0 rank=  4 frozen=false
mp2_pair21           number=1 rank=  0 frozen=true
mp2_pair22           number=2 rank=  4 frozen=false
number of pairs=3
average rank   =2 (2.66667)
largest rank   =4
PNOPairs Memory Information
Total: 0.00990 GB 
PNO  : 0.00990 GB 
KPNO : 0.00000 GB 
W    : 0.00000 GB 

timer:                                 truncate     0.07s     0.07s 
wall time=139.94749 chunk=8 allK.size()=8 memory=0.00990 GB
timer:                             compute KPNO     4.06s     4.06s 
wall time=140.11680 chunk=8 allJ.size()=8 memory=0.01104 GB
timer:                             compute JPNO     0.17s     0.17s 
timer:                    compute Fock matrices     1.41s     1.41s 
timer:                             MRA compress     0.00s     0.00s 
timer:                          Transform Pairs     0.32s     0.32s 
timer:                             Canonicalize     0.32s     0.32s 
PNOPairs Memory Information
Total: 0.01914 GB 
PNO  : 0.00965 GB 
KPNO : 0.00949 GB 
W    : 0.00000 GB 

timer:                                 truncate     0.02s     0.02s 
mp2_pair21 is frozen: potential not computed
timer:                   Fluctuation Potentials     2.24s     2.24s 
timer:                       Fluctuation Matrix     0.15s     0.15s 
PNOPairs Memory Information
Total: 0.03353 GB 
PNO  : 0.00965 GB 
KPNO : 0.00949 GB 
W    : 0.01439 GB 

PNOPairs Memory Information
Total: 0.03353 GB 
PNO  : 0.00965 GB 
KPNO : 0.00949 GB 
W    : 0.01439 GB 

timer:                                 truncate     0.05s     0.05s 
timer:                             PNO Overlaps     0.10s     0.10s 
t_iter =  0  Hylleraas energy =  0.00000  ||R||_F =  0.28715  conv =  no
subspace solution [*]   1.00000000

t_iter =  1  Hylleraas energy =  -0.04965  ||R||_F =  0.00000  conv =  yes
=======================================================

Hylleraas MP2 Energies

=======================================================
    i    j      singlet      triplet        Total
=======================================================
    1    1  -2.41021e-02  0.00000e+00 -2.41021e-02
    2    1   0.00000e+00  0.00000e+00  0.00000e+00
    2    2  -2.55483e-02  0.00000e+00 -2.55483e-02
=======================================================
Hylleraas MP2 Energies (singlet): -4.96505e-02
Hylleraas MP2 Energies (triplet):  0.00000e+00
Hylleraas MP2 Energies (total)  : -4.96505e-02
=======================================================
-------------------------------------------
Total Reg Energy  =-4.96505e-02
Total F12 Energy  = 0.00000e+00
Sum Energies Total=-4.96505e-02
-------------------------------------------
timer:                         Solve Amplitudes     0.00s     0.00s 
pair11: density evals:
 [*]   0.00381486   0.00449109   0.00449109   0.01355265

pair22: density evals:
 [*]   0.00364649   0.00420003   0.00420003   0.02380684

timer:                            compress PNOs     0.00s     0.00s 
timer:                             MRA compress     0.02s     0.02s 
timer:                          Transform Pairs     0.43s     0.43s 
timer:                          PNO Compression     0.45s     0.45s 
Information About All Pairs:
mp2_pair11           number=0 rank=  4 frozen=false
mp2_pair21           number=1 rank=  0 frozen=true
mp2_pair22           number=2 rank=  4 frozen=false
number of pairs=3
average rank   =2 (2.66667e+00)
largest rank   =4
saving vector of functions mp2_pair11
saving vector of functions mp2_pair22
timer:                        save pnos on disc     0.17s     0.17s 
PNOPairs Memory Information
Total: 0.03377 GB 
PNO  : 0.00973 GB 
KPNO : 0.00965 GB 
W    : 0.01439 GB 

timer:                                 truncate     0.04s     0.04s 
timer:      compute densities for G application     0.00s     0.00s 
pair21 is frozen: no optimization
timer:                Prepare for G application     0.45s     0.45s 
timer:                                    add K     0.03s     0.03s 
size of all Vpsi potentials (without Vnuc and J) 0.01358 GB 
time=146.45022 chunk=8 Vpsi+Vnuc+J=0.03230 GB
time=146.50992 chunk=8 Vpsi+Vnuc+J=0.03116 GB (after truncation)
timer:                           Apply G to all     3.21s     3.21s 
timer:                       apply Q and update     0.00s     0.00s 
mp2_pair11 residual norms:
[0.00671, 0.00442, 0.00442, 0.00788]
mp2_pair11 scaled residual norms:
[0.00041, 0.00030, 0.00030, 0.00092]
mp2_pair22 residual norms:
[0.00875, 0.00622, 0.00622, 0.00634]
mp2_pair22 scaled residual norms:
[0.00053, 0.00040, 0.00040, 0.00098]
timer:                          update all PNOs     3.70s     3.70s 
frozen pair: no orthonormalization
timer:                                     RRCD     0.05s     0.05s 
timer:                             MRA compress     0.00s     0.00s 
timer:                          Transform Pairs     0.11s     0.11s 
saving vector of functions mp2_pair11
saving vector of functions mp2_pair22
timer:                        save pnos on disc     0.17s     0.17s 


CONVERGED!
energy change = 0.00006

re-entering loop to compute the correct amplitudes and energies
timer:                        Whole Iteration 5    13.44s    13.44s 
Information About All Pairs:
mp2_pair11           number=0 rank=  4 frozen=false
mp2_pair21           number=1 rank=  0 frozen=true
mp2_pair22           number=2 rank=  4 frozen=false
number of pairs=3
average rank   =2 (2.66667)
largest rank   =4
PNOPairs Memory Information
Total: 0.00990 GB 
PNO  : 0.00990 GB 
KPNO : 0.00000 GB 
W    : 0.00000 GB 

timer:                                 truncate     0.02s     0.02s 
wall time=153.36351 chunk=8 allK.size()=8 memory=0.00990 GB
timer:                             compute KPNO     4.08s     4.08s 
wall time=153.50879 chunk=8 allJ.size()=8 memory=0.01104 GB
timer:                             compute JPNO     0.15s     0.15s 
timer:                    compute Fock matrices     1.41s     1.41s 
timer:                             MRA compress     0.00s     0.00s 
timer:                          Transform Pairs     0.33s     0.33s 
timer:                             Canonicalize     0.33s     0.33s 
PNOPairs Memory Information
Total: 0.01914 GB 
PNO  : 0.00965 GB 
KPNO : 0.00949 GB 
W    : 0.00000 GB 

timer:                                 truncate     0.06s     0.06s 
mp2_pair21 is frozen: potential not computed
timer:                   Fluctuation Potentials     2.19s     2.19s 
timer:                       Fluctuation Matrix     0.16s     0.16s 
PNOPairs Memory Information
Total: 0.03369 GB 
PNO  : 0.00965 GB 
KPNO : 0.00949 GB 
W    : 0.01456 GB 

PNOPairs Memory Information
Total: 0.03369 GB 
PNO  : 0.00965 GB 
KPNO : 0.00949 GB 
W    : 0.01456 GB 

timer:                                 truncate     0.07s     0.07s 
timer:                             PNO Overlaps     0.08s     0.08s 
t_iter =  0  Hylleraas energy =  0.00000  ||R||_F =  0.28806  conv =  no
subspace solution [*]   1.00000000

t_iter =  1  Hylleraas energy =  -0.04966  ||R||_F =  0.00000  conv =  yes
=======================================================

Hylleraas MP2 Energies

=======================================================
    i    j      singlet      triplet        Total
=======================================================
    1    1  -2.41076e-02  0.00000e+00 -2.41076e-02
    2    1   0.00000e+00  0.00000e+00  0.00000e+00
    2    2  -2.55549e-02  0.00000e+00 -2.55549e-02
=======================================================
Hylleraas MP2 Energies (singlet): -4.96626e-02
Hylleraas MP2 Energies (triplet):  0.00000e+00
Hylleraas MP2 Energies (total)  : -4.96626e-02
=======================================================
-------------------------------------------
Total Reg Energy  =-4.96626e-02
Total F12 Energy  = 0.00000e+00
Sum Energies Total=-4.96626e-02
-------------------------------------------
timer:                         Solve Amplitudes     0.00s     0.00s 
pair11: density evals:
 [*]   0.00379090   0.00447098   0.00447098   0.01346338

pair22: density evals:
 [*]   0.00362082   0.00417584   0.00417584   0.02368584

timer:                            compress PNOs     0.00s     0.00s 
timer:                             MRA compress     0.00s     0.00s 
timer:                          Transform Pairs     0.57s     0.57s 
timer:                          PNO Compression     0.57s     0.57s 
Information About All Pairs:
mp2_pair11           number=0 rank=  4 frozen=false
mp2_pair21           number=1 rank=  0 frozen=true
mp2_pair22           number=2 rank=  4 frozen=false
number of pairs=3
average rank   =2 (2.66667e+00)
largest rank   =4
saving vector of functions mp2_pair11
saving vector of functions mp2_pair22
timer:                        save pnos on disc     0.17s     0.17s 
exiting: Iterations converged
PNO ranks:
PNO Rank for pair pair11 = 4
PNO Rank for pair pair21 = 0
PNO Rank for pair pair22 = 4
average rank 2.66667e+00
timer:                               PNO::solve    77.75s    77.76s 

--------------------------------
ITERATE-PAIRS-INTERNAL-ENDED
--------------------------------
mp2_pair21 converged!


Adaptive Sovler:
 Current Energy=-4.9662578349e-02
 DeltaE        =-4.9662578349e-02
 max dE (pair) =-2.5554929669e-02 (2)
 all_pairs_conv=false




not converged yet

freeze pair mp2_pair21 (not further optimized: Energy below 1.0000000000e-05)
Maximum Rank of4 reached for all non-frozen pairs, no need to iterate further=======================================================

Final MP2 Energies

=======================================================
    i    j      singlet      triplet        Total
=======================================================
    1    1  -2.41076e-02  0.00000e+00 -2.41076e-02
    2    1   0.00000e+00  0.00000e+00  0.00000e+00
    2    2  -2.55549e-02  0.00000e+00 -2.55549e-02
=======================================================
Final MP2 Energies (singlet): -4.96626e-02
Final MP2 Energies (triplet):  0.00000e+00
Final MP2 Energies (total)  : -4.96626e-02
=======================================================
-------------------------------------------
Total Reg Energy  =-4.96626e-02
Total F12 Energy  = 0.00000e+00
Sum Energies Total=-4.96626e-02
-------------------------------------------
Average | Max Rank: 2 | 4



--------------------------------------------------
MRA-PNO-MP2-F12 ended 
--------------------------------------------------
                 time scf = 7.34718e+01
               energy scf = -1.56726e+01
--------------------------------------------------
restarting PNO to reload pairs that converged before and were frozen
PNO Parameters
pno
       rank_increase  15         # default   maximum rank to increase in every macroiteration
               chunk  100        # default   chunk of functions operated on in parallel when G or K is applied (prevent memory shortage)
               debug  false      # default   debug mode
              freeze  1          # derived   frozen core approximation
             maxrank  4          # defined   maximal pno rank for all pairs
           guesstype  exop       # derived   the guesstype: exop (recommended, multiply polynomial excitation operators onto the occupied orbitals), empty (don't compute a guess), scf (use the ao basis from the SCF solver), partial_wave (create s,p,d ..., type functions and place on atoms), predefined (same as partial_wave but for predefined sets)
                exop  multipole  # derived   this string defines which excitation operators can be used, use 'dipole', 'dipole+', 'quadrupole', 'ocopole', or 'multipole', need to set guesstype to 'exop' which is the default
          exop_trigo  true       # default   use trigonometric excitation operators ( x --> sin(x)
        partial_wave             # default   atom centered partial wave guess of format like 'h-2s1p-o-3s2p1d', need to set guesstype to 'partial_wave' and adaptive_solver to 'none'
          predefined             # default   predefined partial wave guesses of type pvxz with x=d,t,q,5,6, need to set guesstype to 'predefined' and adaptive_solver to 'none'
           maxiter_t  100        # default   maximal number of iterations in the amplitude solver
       maxiter_micro  10         # default   Maximum of iterations for every cycle in the adaptive solver
       maxiter_macro  10         # default   Maximum of iterations of cycles in the adaptive solver
                tpno  1.0000e-08 # default   PNO cutoff threshold
          tpno_tight  1.0000e-10 # derived   PNO cutoff for the first iteration
    canonicalize_pno  true       # default   canonicalize the pnos before the amplitude solver
              thresh  1.0000e-04 # defined   MRA threshold
         econv_micro  1.0000e-04 # derived   Energy convergence for microiterations (Greens function based optimization) in adaptive solver
         econv_pairs  1.0000e-05 # derived   ENergy convergence for individual pairs in adaptive solver. Converged pairs are frozen automatically
         econv_macro  1.0000e-04 # derived   Energy convergence for macroiterations in adaptive solver, no effect if adaptive_solver is deactivated
               dconv  1.0000e-01 # default   convergence of every PNO in the Green's function solver
           op_thresh  1.0000e-06 # default   MRA operator thresh
             restart  all        # defined   restart pairs of this type, use 'mp2', 'cispd', 'all' or 'none'
          no_compute  none       # default   do not compute the pairs of this type, use 'mp2', 'cispd', 'all' or 'none'
              no_opt  all        # defined   do not optimize the pnos of this type, use 'mp2', 'cispd', 'all' or 'none'
            no_guess  all        # defined   guess for this type will be empty, use 'mp2', 'cispd', 'all' or 'none'
     adaptive_solver  none       # defined   Use adaptive solver for those pairs, use 'mp2', 'cispd', 'all' or 'none', works only in combination with guesstype 'exop'
                kain  true       # default   use KAIN solver in amplitude solver
       kain_subspace  5          # default   subspace size of the KAIN solver (amplitudes)
                 f12  false      # defined   use explicit correlation
        cispd_number  -1         # default   CIS(D) excitation numbers, to read in correct functions
        cispd_energy  0.0000e+00 # default   CIS energy
        freeze_pairs  none       # default   frozen pairs will not be optimized: Expected format 'a b c d' will freeze pairs ab and cd
freeze_pairs_of_orbital  []         # default    All pairs which originate from this orbital will not be optimized
active_pairs_of_orbital  []         # default    All pairs which originate from this orbital will not be frozen all other pairs will, if this vector is not empty
no_opt_in_first_iteration  false      # default   Do not optimize in the first iteration (then the potentials do not have to be evaluated, use this for large guesses)
            exchange  full       # default   approximate exchange with 'neglect' or xc functional -> same syntax as moldft
           save_pnos  true       # default   Save the OBS-PNOs to a file, before and after orthonormalization.
            diagonal  true       # defined   Compute only diagonal PNOs

end

**********************
Solve PNO-MP2
*********************


**********************
Iterate Pairs
*********************


************************
Standard Solver
***********************

Initializing Pairs:
Restart demanded for mp2 pairs
loading vector of functions mp2_pair11
Found PNOs for mp2_pair11 with rank 4
loading vector of functions mp2_pair21
failed to find PNO mp2_pair21 initialize as zero function
nloading vector of functions mp2_pair22
Found PNOs for mp2_pair22 with rank 4
no guess was explicitly demanded for mp2

timer:                                     RRCD     0.06s     0.06s 
timer:                             MRA compress     0.00s     0.00s 
timer:                          Transform Pairs     0.10s     0.10s 
timer:          apply Q and orthonormalize PNOs     0.43s     0.43s 
Created Guess:
pair11 with 4 guess functions
pair21 with 0 guess functions
pair22 with 4 guess functions
guess pair11 size: 4.7430992126e-03 | 4.7430992126e-03 Gbyte (after truncation)
guess pair22 size: 4.9884319305e-03 | 4.9884319305e-03 Gbyte (after truncation)
timer:                           truncate guess     0.05s     0.05s 
timer:                         Initialize Pairs     0.50s     0.50s 
Information About All Pairs:
mp2_pair11           number=0 rank=  4 frozen=false
mp2_pair21           number=1 rank=  0 frozen=true
mp2_pair22           number=2 rank=  4 frozen=false
number of pairs=3
average rank   =2 (2.6666666667e+00)
largest rank   =4
SolveInternal: Parameters are assigned as
no_compute        = false
no_opt            = true
restart           = true
do_cispd          = false
econv             =1.0000000000e-04
maxrank (min,max) = (4,4)
Solving MP2 doubles
timer:          fock matrix     3.02s     3.02s
Information About All Pairs:
mp2_pair11           number=0 rank=  4 frozen=false
mp2_pair21           number=1 rank=  0 frozen=true
mp2_pair22           number=2 rank=  4 frozen=false
number of pairs=3
average rank   =2 (2.6666666667e+00)
largest rank   =4
PNOPairs Memory Information
Total: 0.0097315311 GB 
PNO  : 0.0097315311 GB 
KPNO : 0.0000000000 GB 
W    : 0.0000000000 GB 

timer:                                 truncate     0.07s     0.07s 
wall time=166.2588930130 chunk=8 allK.size()=8 memory=0.0098133087 GB
timer:                             compute KPNO     4.04s     4.04s 
wall time=166.4368600845 chunk=8 allJ.size()=8 memory=0.0110399723 GB
timer:                             compute JPNO     0.18s     0.18s 
timer:                    compute Fock matrices     1.26s     1.26s 
timer:                             MRA compress     0.00s     0.00s 
timer:                          Transform Pairs     0.31s     0.31s 
timer:                             Canonicalize     0.34s     0.34s 
PNOPairs Memory Information
Total: 0.0192177296 GB 
PNO  : 0.0096497536 GB 
KPNO : 0.0095679760 GB 
W    : 0.0000000000 GB 

timer:                                 truncate     0.04s     0.04s 
mp2_pair21 is frozen: potential not computed
timer:                   Fluctuation Potentials     2.09s     2.09s 
timer:                       Fluctuation Matrix     0.20s     0.20s 
PNOPairs Memory Information
Total: 0.0337741375 GB 
PNO  : 0.0096497536 GB 
KPNO : 0.0095679760 GB 
W    : 0.0145564079 GB 

PNOPairs Memory Information
Total: 0.0337741375 GB 
PNO  : 0.0096497536 GB 
KPNO : 0.0095679760 GB 
W    : 0.0145564079 GB 

timer:                                 truncate     0.04s     0.04s 
timer:                             PNO Overlaps     0.06s     0.06s 
t_iter =  0  Hylleraas energy =  0.0000000000  ||R||_F =  0.2880595011  conv =  no
subspace solution [*]   1.00000000

t_iter =  1  Hylleraas energy =  -0.0496622144  ||R||_F =  0.0000001758  conv =  yes
=======================================================

Hylleraas MP2 Energies

=======================================================
    i    j      singlet      triplet        Total
=======================================================
    1    1  -2.41075e-02  0.00000e+00 -2.41075e-02
    2    1   0.00000e+00  0.00000e+00  0.00000e+00
    2    2  -2.55548e-02  0.00000e+00 -2.55548e-02
=======================================================
Hylleraas MP2 Energies (singlet): -4.96622e-02
Hylleraas MP2 Energies (triplet):  0.00000e+00
Hylleraas MP2 Energies (total)  : -4.96622e-02
=======================================================
-------------------------------------------
Total Reg Energy  =-4.96622e-02
Total F12 Energy  = 0.00000e+00
Sum Energies Total=-4.96622e-02
-------------------------------------------
timer:                         Solve Amplitudes     0.00s     0.00s 
No optimization untill now: Compressing pno ranks with tighter threshold
1.00000e-10 instead of 1.00000e-08
pair11: density evals:
 [*]   0.00379054   0.00447096   0.00447096   0.01346352

pair22: density evals:
 [*]   0.00362069   0.00417584   0.00417584   0.02368568

timer:                            compress PNOs     0.00s     0.00s 
timer:                             MRA compress     0.00s     0.00s 
timer:                          Transform Pairs     0.47s     0.47s 
timer:                          PNO Compression     0.48s     0.48s 
Information About All Pairs:
mp2_pair11           number=0 rank=  4 frozen=false
mp2_pair21           number=1 rank=  0 frozen=true
mp2_pair22           number=2 rank=  4 frozen=false
number of pairs=3
average rank   =2 (2.66667e+00)
largest rank   =4
saving vector of functions mp2_pair11
saving vector of functions mp2_pair22
timer:                        save pnos on disc     0.17s     0.17s 
exiting: Found no_opt keyword
PNO ranks:
PNO Rank for pair pair11 = 4
PNO Rank for pair pair21 = 0
PNO Rank for pair pair22 = 4
average rank 2.66667e+00
timer:                               PNO::solve    12.02s    12.02s 

--------------------------------
ITERATE-PAIRS-INTERNAL-ENDED
--------------------------------
=======================================================

Final MP2 Energies

=======================================================
    i    j      singlet      triplet        Total
=======================================================
    1    1  -2.41075e-02  0.00000e+00 -2.41075e-02
    2    1   0.00000e+00  0.00000e+00  0.00000e+00
    2    2  -2.55548e-02  0.00000e+00 -2.55548e-02
=======================================================
Final MP2 Energies (singlet): -4.96622e-02
Final MP2 Energies (triplet):  0.00000e+00
Final MP2 Energies (total)  : -4.96622e-02
=======================================================
-------------------------------------------
Total Reg Energy  =-4.96622e-02
Total F12 Energy  = 0.00000e+00
Sum Energies Total=-4.96622e-02
-------------------------------------------
Average | Max Rank: 2 | 4
                 time pno = 8.45356e+01
               energy mp2 = -4.96622e-02
     average pno rank mp2 = 2
         max pno rank mp2 = 4
--------------------------------------------------
            energy(total) = -1.57223e+01
--------------------------------------------------



Orthonormalization technique used: symmetric
No CABS used.
Tightening thresholds to +0.00010000 for post-processing
Overlap Matrix of all PNOs:
+1.00000487 -0.27569795 +0.00000000 +0.00000000 
-0.27569795 +1.00000781 +0.00000000 +0.00000000 
+0.00000000 +0.00000000 +1.00000000 -0.00000000 
+0.00000000 +0.00000000 -0.00000000 +1.00000000 
Before cherry pick
rank is +0
all used occupation numbers:
[+0.02368568 +0.01346352 +0.00447096 +0.00447096 ]
corresponding to active pairs:
[(1,1) (0,0) (0,0) (0,0) ]
After cherry pick
all used occupation numbers:
[+0.02368568 +0.01346352 +0.00447096 +0.00447096 ]
corresponding to active pairs:
[(1,1) (0,0) (0,0) (0,0) ]
Overlap Matrix before symmetric
[+0,*]  +1.00000487  -0.27569795  +0.00000000  +0.00000000
[+1,*]  -0.27569795  +1.00000781  +0.00000000  +0.00000000
[+2,*]  +0.00000000  +0.00000000  +1.00000000  -0.00000000
[+3,*]  +0.00000000  +0.00000000  -0.00000000  +1.00000000
Overlap Matrix after symmetric
[+0,*]  +1.00000000  -0.00000001  +0.00000000  -0.00000000
[+1,*]  -0.00000001  +1.00000000  -0.00000000  +0.00000000
[+2,*]  +0.00000000  -0.00000000  +1.00000000  +0.00000000
[+3,*]  -0.00000000  +0.00000000  +0.00000000  +1.00000000
Adding 3 HF orbitals
Size before adding CABS: 7.
Size after adding CABS: 7.
Compute G and F Tensor:
Assemble g,f using symmetries...
non zero elements:
 g : +4102
 h : +27
Overlap over whole basis
[+0,*]  +1.00000000  +0.00000001  +0.00000435  +0.00000670  -0.00000880  -0.00000000  -0.00000000
[+1,*]  +0.00000001  +1.00000000  -0.00000102  -0.00000106  +0.00000141  +0.00000000  +0.00000000
[+2,*]  +0.00000435  -0.00000102  +1.00000000  -0.00000068  +0.00000088  +0.00000000  +0.00000000
[+3,*]  +0.00000670  -0.00000106  -0.00000068  +1.00000000  -0.00000001  +0.00000000  -0.00000000
[+4,*]  -0.00000880  +0.00000141  +0.00000088  -0.00000001  +1.00000000  -0.00000000  +0.00000000
[+5,*]  -0.00000000  +0.00000000  +0.00000000  +0.00000000  -0.00000000  +1.00000000  +0.00000000
[+6,*]  -0.00000000  +0.00000000  +0.00000000  -0.00000000  +0.00000000  +0.00000000  +1.00000000

||S-1||=+0.00001712
finished at time 210.2

    Parallel environment
    --------------------
                  #nodes    1
       #threads per node    11+main = 12
          #total threads    12

  RMI message statistics (min / avg / max)
  ----------------------
   #messages in server q    0.00e+00 / 0.00e+00 / 0.00e+00
 #messages sent per node    0.00e+00 / 0.00e+00 / 0.00e+00
    #bytes sent per node    0.00e+00 / 0.00e+00 / 0.00e+00
 #messages recv per node    0.00e+00 / 0.00e+00 / 0.00e+00
    #bytes recv per node    0.00e+00 / 0.00e+00 / 0.00e+00
        #msgs systemwide    0.00e+00
       #bytes systemwide    0.00e+00

  Thread pool statistics (min / avg / max)
  ----------------------
         #tasks per node    1.41e+07 / 1.41e+07 / 1.41e+07
     #max q len per node    1.16e+04 / 1.16e+04 / 1.16e+04
  #hi-pri tasks per node    4.90e+06 / 4.90e+06 / 4.90e+06

         Total wall time    210.1s
         Total  cpu time    210.1s

