MADNESS runtime initialized with 11 threads in the pool and affinity -1 -1 -1
starting at time 0.0

--------------------------------------------
   MADNESS 0.10.1 multiresolution suite
--------------------------------------------

   number of processors ... 1
    processor frequency ... 3.695902e+09
            host system ... Linux
          configured by ... kottmann
          configured on ... wittgenstein
          configured at ... 2021-02-10T21:25:26
                    CXX ... /usr/bin/c++
               CXXFLAGS ... -O3 -DNDEBUG -I/h/28/kottmann/install/numcpp/include/ -I/h/28/kottmann/install/boost/boost_1_72_0/include/ -std=c++1z
             tuning for ... default
                    MPI ... multiple
 multi-threaded runtime ... MADNESS ThreadPool
                   BLAS ... Intel MKL 66712 66712 MFLOP/s
               compiled ... 13:08:26  on  Feb 23 2021


-------------------------------------------------------------------------------------
SOLVING MRA-PNO-F12 as described in 
J.S. Kottmann, F.A. Bischoff, E.F. Valeev
Direct determination of optimal pair-natural orbitals in a real-space representation:
the second-order Møller-Plesset energy
Journal of Chemical Physics ... 2020
-------------------------------------------------------------------------------------


This script will run PNO-MP2 and print out tensors in binary
Call as: pno_integrals inputfileinput is input
ignoring unknown parameter in input file:  ncf

Angstrom being used to read input coordinates (1 Bohr = 1.88972613 Angstrom)


Asymptotic correction parameters
---------------------------------------
Atom vector is not empty: false
Using multipole approximation: false
Number of electrons = -1
Ionisation energy = 0.000000e+00
E(HOMO) = 0.000000e+00
R1 = 3.000000e+00
R2 = 4.000000e+00
DFT coefficient = 0.000000e+00
Interpolation scheme = linear
constructed symmetry operator for point group C1
dft
              charge  0.0000e+00 # defined   total molecular charge
                  xc  hf         # defined   XC input line
               smear  0.0000e+00 # default   smearing parameter
               econv  1.0000e-04 # defined   energy convergence
               dconv  5.0000e-04 # defined   density convergence
convergence_criteria  [bsh_residual, total_energy] # default   possible values are: bsh_residual, total_energy, each_energy, density
                   k  7          # defined   polynomial order
                   l  5.4756e+01 # derived   user coordinates box size
               deriv  abgv       # default   derivative method                            [abgv, bspline, ble]
           dft_deriv  abgv       # default   derivative method for gga potentials         [abgv, bspline, ble]
             maxrotn  2.5000e-01 # default   step restriction used in autoshift algorithm
             nvalpha  0          # default   number of alpha virtuals to compute
              nvbeta  0          # default   number of beta virtuals to compute
               nopen  0          # default   number of unpaired electrons = nalpha-nbeta
             maxiter  25         # default   maximum number of iterations
                 nio  1          # default   no. of io servers to use
     spin_restricted  true       # default   true if spin restricted
              plotlo  0          # default   range of MOs to print (for both spins if polarized
              plothi  -1         # default   range of MOs to print (for both spins if polarized
            plotdens  false      # default   If true print the density at convergence
            plotcoul  false      # default   If true plot the total coulomb potential at convergence
            localize  boys       # defined   localization method                          [pm, boys, new, canon]
          pointgroup  c1         # derived   use point (sub) group symmetry if not localized[c1, c2, ci, cs, c2v, c2h, d2, d2h]
             restart  false      # default   if true restart from orbitals on disk
           restartao  false      # default   if true restart from orbitals projected into AO basis (STO3G) on disk
          no_compute  false      # default   if true use orbitals on disk, set value to computed
           no_orient  false      # default   if true the molecule coordinates will not be reoriented
                save  true       # default   if true save orbitals to disk
              maxsub  10         # default   size of iterative subspace ... set to 0 or 1 to disable
        orbitalshift  0.0000e+00 # default   scf orbital shift: shift the occ orbitals to lower energies
            npt_plot  101        # default   no. of points to use in each dim for plots
           plot_cell  []         # default   lo hi in each dimension for plotting (default is all space)
             aobasis  6-31g      # derived   AO basis used for initial guess (6-31g or sto-3g)
           core_type  none       # default   core potential type                          [none, mpc]
         derivatives  false      # default   if true calculate nuclear derivatives
              dipole  false      # default   if true calculate dipole moment
      conv_only_dens  false      # default   if true remove bsh_residual from convergence criteria (deprecated)
            psp_calc  false      # default   pseudopotential calculation for all atoms
 print_dipole_matels  false      # default   if true output dipole matrix elements
            pcm_data  none       # default   do a PCM (solvent) calculation
             ac_data  none       # default   do a calculation with asymptotic correction (see ACParameters class in chem/AC.h for details)
             pure_ae  true       # default   pure all electron calculation with no pseudo-atoms
         print_level  3          # default   0: no output; 1: final energy; 2: iterations; 3: timings; 10: debug
              nalpha  3          # derived   number of alpha spin electrons
               nbeta  3          # derived   number of beta  spin electrons
           nmo_alpha  3          # derived   number of alpha spin molecular orbitals
            nmo_beta  3          # derived   number of beta spin molecular orbitals
                  lo  9.0905e-04 # derived   smallest length scale we need to resolve
            protocol  [1.0000e-04, 1.0000e-06] # derived   calculation protocol
                gopt  false      # default   geometry optimizer
                gtol  1.0000e-04 # default   geometry tolerance
               gtest  false      # default   geometry tolerance
                gval  1.0000e-05 # default   value precision
               gprec  1.0000e-04 # default   gradient precision
            gmaxiter  20         # default   optimization maxiter
    ginitial_hessian  false      # default   compute inital hessian for optimization
              algopt  bfgs       # default   algorithm used for optimization              [bfgs, cg]
            tdksprop  false      # default   time-dependent Kohn-Sham equation propagate
           nv_factor  1          # default   factor to multiply number of virtual orbitals with when automatically decreasing nvirt
           vnucextra  2          # default   load balance parameter for nuclear pot
        loadbalparts  2          # default   ??
            response  false      # default   response function calculation
       response_freq  0.0000e+00 # default   frequency for calculation response function
       response_axis  [1, 1, 1]  # default   response axis
           nonrotate  false      # default   if true do not molcule orient (redundant with no_orient
               rconv  1.0000e-06 # default   Response convergence
              efield  0.0000e+00 # default   eps for finite field
         efield_axis  0          # default   finite field axis                            [0, 1, 2]
              nwfile  none       # default   Base name of nwchem output files (.out and .movecs extensions) to read from
                 ncf  (none,1.0000e+00) # defined   nuclear correlation factor
             hessian  false      # default   compute the hessian matrix
           read_cphf  false      # default   read the converged orbital response for nuclear displacements from file
        restart_cphf  false      # default   read the guess orbital response for nuclear displacements from file
      purify_hessian  false      # default   symmetrize the hessian matrix based on atomic charges

end
              charge  0.0000e+00 # defined   total molecular charge
                  xc  hf         # defined   XC input line
               smear  0.0000e+00 # default   smearing parameter
               econv  1.0000e-04 # defined   energy convergence
               dconv  5.0000e-04 # defined   density convergence
convergence_criteria  [bsh_residual, total_energy] # default   possible values are: bsh_residual, total_energy, each_energy, density
                   k  7          # defined   polynomial order
                   l  5.4756e+01 # derived   user coordinates box size
               deriv  abgv       # default   derivative method                            [abgv, bspline, ble]
           dft_deriv  abgv       # default   derivative method for gga potentials         [abgv, bspline, ble]
             maxrotn  2.5000e-01 # default   step restriction used in autoshift algorithm
             nvalpha  0          # default   number of alpha virtuals to compute
              nvbeta  0          # default   number of beta virtuals to compute
               nopen  0          # default   number of unpaired electrons = nalpha-nbeta
             maxiter  25         # default   maximum number of iterations
                 nio  1          # default   no. of io servers to use
     spin_restricted  true       # default   true if spin restricted
              plotlo  0          # default   range of MOs to print (for both spins if polarized
              plothi  -1         # default   range of MOs to print (for both spins if polarized
            plotdens  false      # default   If true print the density at convergence
            plotcoul  false      # default   If true plot the total coulomb potential at convergence
            localize  boys       # defined   localization method                          [pm, boys, new, canon]
          pointgroup  c1         # derived   use point (sub) group symmetry if not localized[c1, c2, ci, cs, c2v, c2h, d2, d2h]
             restart  false      # default   if true restart from orbitals on disk
           restartao  false      # default   if true restart from orbitals projected into AO basis (STO3G) on disk
          no_compute  false      # default   if true use orbitals on disk, set value to computed
           no_orient  false      # default   if true the molecule coordinates will not be reoriented
                save  true       # default   if true save orbitals to disk
              maxsub  10         # default   size of iterative subspace ... set to 0 or 1 to disable
        orbitalshift  0.0000e+00 # default   scf orbital shift: shift the occ orbitals to lower energies
            npt_plot  101        # default   no. of points to use in each dim for plots
           plot_cell  []         # default   lo hi in each dimension for plotting (default is all space)
             aobasis  6-31g      # derived   AO basis used for initial guess (6-31g or sto-3g)
           core_type  none       # default   core potential type                          [none, mpc]
         derivatives  false      # default   if true calculate nuclear derivatives
              dipole  false      # default   if true calculate dipole moment
      conv_only_dens  false      # default   if true remove bsh_residual from convergence criteria (deprecated)
            psp_calc  false      # default   pseudopotential calculation for all atoms
 print_dipole_matels  false      # default   if true output dipole matrix elements
            pcm_data  none       # default   do a PCM (solvent) calculation
             ac_data  none       # default   do a calculation with asymptotic correction (see ACParameters class in chem/AC.h for details)
             pure_ae  true       # default   pure all electron calculation with no pseudo-atoms
         print_level  3          # default   0: no output; 1: final energy; 2: iterations; 3: timings; 10: debug
              nalpha  3          # derived   number of alpha spin electrons
               nbeta  3          # derived   number of beta  spin electrons
           nmo_alpha  3          # derived   number of alpha spin molecular orbitals
            nmo_beta  3          # derived   number of beta spin molecular orbitals
                  lo  9.0905e-04 # derived   smallest length scale we need to resolve
            protocol  [1.0000e-04, 1.0000e-06] # derived   calculation protocol
                gopt  false      # default   geometry optimizer
                gtol  1.0000e-04 # default   geometry tolerance
               gtest  false      # default   geometry tolerance
                gval  1.0000e-05 # default   value precision
               gprec  1.0000e-04 # default   gradient precision
            gmaxiter  20         # default   optimization maxiter
    ginitial_hessian  false      # default   compute inital hessian for optimization
              algopt  bfgs       # default   algorithm used for optimization              [bfgs, cg]
            tdksprop  false      # default   time-dependent Kohn-Sham equation propagate
           nv_factor  1          # default   factor to multiply number of virtual orbitals with when automatically decreasing nvirt
           vnucextra  2          # default   load balance parameter for nuclear pot
        loadbalparts  2          # default   ??
            response  false      # default   response function calculation
       response_freq  0.0000e+00 # default   frequency for calculation response function
       response_axis  [1, 1, 1]  # default   response axis
           nonrotate  false      # default   if true do not molcule orient (redundant with no_orient
               rconv  1.0000e-06 # default   Response convergence
              efield  0.0000e+00 # default   eps for finite field
         efield_axis  0          # default   finite field axis                            [0, 1, 2]
              nwfile  none       # default   Base name of nwchem output files (.out and .movecs extensions) to read from



 geometry
   eprec 1.0e-06
   units atomic
   Be            0.00000000           0.00000000           0.53542240
   H             0.00000000           0.00000000           2.61412115
   H             0.00000000           0.00000000          -4.75581077
 end

Solving NDIM= 3  with thresh 1.000000e-04     k 7    conv 5.000000e-04 

timer:     Project vnuclear     0.72s     0.72s
constructed nuclear correlation factor of the form
    R   =  1.000000e+00
with eprec  1.000000e-06
which means it's (nearly) a conventional calculation

timer:        reproject ncf     1.76s     1.76s
timer:        guess density     0.53s     0.53s
timer:   guess Coulomb potn     0.39s     0.39s
timer:       guess lda potn     0.24s     0.24s
timer:        guess overlap     0.01s     0.01s
timer:    KEmat reconstruct     0.09s     0.09s
timer:  KEmat differentiate     0.28s     0.28s
timer:       KEmat compress     0.10s     0.10s
timer: KEmat inner products     0.20s     0.20s
timer:     guess Kinet potn     0.67s     0.67s
timer:           guess fock     0.52s     0.52s
timer:      guess eigen sol     0.04s     0.04s
timer: guess orbital groupi     0.18s     0.18s

starting protocol at time      7.3s 
precision steps  1.000000e-04  -->  1.000000e-04
protocol: thresh 1.000000e-04 econv  1.000000e-04 dconv 5.000000e-04

ending protocol at time      7.3s 

Solving NDIM= 3  with thresh 1.000000e-04     k 7    conv 5.000000e-04 

timer:        Boys localize     0.99s     0.99s
orbital irreps []
timer:      reconstruct psi     0.14s     0.14s
timer:        compute Jnemo     0.77s     0.77s
timer:        compute Knemo     2.01s     2.01s
timer: compute Unemo 0.0151     0.26s     0.26s

  nuclear and kinetic     -25.39565800
         kinetic only      15.75842569
              coulomb      10.44205462
             exchange      -3.41228915
    nuclear-repulsion       2.81593466
   regularized energy     -15.54995787
  buggy if hybrid functionals are used..
timer:       compute energy     3.93s     3.93s
Norm of vector changes ab spin case : rms 9.000892e-02    max 1.478393e-01
convergence: bshresidual, energy change, max energy change, density change 1.1e-01 1.6e+01 1.6e+01 1.5e+00
finished iteration  0 at time     20.5s with energy  -15.54995787
timer:        Boys localize     0.92s     0.92s
orbital irreps []
timer:      reconstruct psi     0.12s     0.12s
timer:        compute Jnemo     0.73s     0.73s
timer:        compute Knemo     1.82s     1.82s
timer: compute Unemo 0.0151     0.20s     0.20s

  nuclear and kinetic     -25.44651677
         kinetic only      15.60741806
              coulomb      10.37616684
             exchange      -3.34469566
    nuclear-repulsion       2.81593466
   regularized energy     -15.59911092
  buggy if hybrid functionals are used..
timer:       compute energy     3.52s     3.52s
Norm of vector changes ab spin case : rms 2.860812e-02    max 4.534318e-02
convergence: bshresidual, energy change, max energy change, density change 2.3e-02 4.9e-02 1.5e-01 1.2e-02
finished iteration  1 at time     32.9s with energy  -15.59911092
timer:        Boys localize     1.13s     1.13s
orbital irreps []
timer:      reconstruct psi     0.13s     0.13s
timer:        compute Jnemo     0.56s     0.56s
timer:        compute Knemo     1.88s     1.88s
timer: compute Unemo 0.0151     0.14s     0.14s

  nuclear and kinetic     -25.48499521
         kinetic only      15.59065742
              coulomb      10.39310283
             exchange      -3.32801224
    nuclear-repulsion       2.81593466
   regularized energy     -15.60396995
  buggy if hybrid functionals are used..
timer:       compute energy     3.50s     3.50s
Norm of vector changes ab spin case : rms 1.118475e-02    max 1.834811e-02
convergence: bshresidual, energy change, max energy change, density change 6.3e-03 4.9e-03 3.8e-02 4.3e-03
finished iteration  2 at time     45.8s with energy  -15.60396995
timer:        Boys localize     1.08s     1.08s
orbital irreps []
timer:      reconstruct psi     0.16s     0.16s
timer:        compute Jnemo     0.59s     0.59s
timer:        compute Knemo     1.89s     1.89s
timer: compute Unemo 0.0150     0.13s     0.13s

  nuclear and kinetic     -25.51132323
         kinetic only      15.59116685
              coulomb      10.41383847
             exchange      -3.32301909
    nuclear-repulsion       2.81593466
   regularized energy     -15.60456919
  buggy if hybrid functionals are used..
timer:       compute energy     3.44s     3.44s
Norm of vector changes ab spin case : rms 4.787481e-03    max 8.039395e-03
convergence: bshresidual, energy change, max energy change, density change 2.2e-03 6.0e-04 2.6e-02 1.1e-03
finished iteration  3 at time     58.7s with energy  -15.60456919
timer:        Boys localize     1.00s     1.00s
orbital irreps []
timer:      reconstruct psi     0.14s     0.14s
timer:        compute Jnemo     0.65s     0.65s
timer:        compute Knemo     2.07s     2.07s
timer: compute Unemo 0.0150     0.16s     0.16s

  nuclear and kinetic     -25.52204642
         kinetic only      15.59229214
              coulomb      10.42360006
             exchange      -3.32211514
    nuclear-repulsion       2.81593466
   regularized energy     -15.60462684
  buggy if hybrid functionals are used..
timer:       compute energy     3.37s     3.37s
Norm of vector changes ab spin case : rms 1.020009e-03    max 1.340008e-03
convergence: bshresidual, energy change, max energy change, density change 5.5e-04 5.8e-05 1.1e-02 3.6e-04
finished iteration  4 at time     71.9s with energy  -15.60462684
timer:        Boys localize     0.93s     0.93s
orbital irreps []
timer:      reconstruct psi     0.12s     0.12s
timer:        compute Jnemo     0.63s     0.63s
timer:        compute Knemo     2.06s     2.06s
timer: compute Unemo 0.0150     0.19s     0.19s

  nuclear and kinetic     -25.52273253
         kinetic only      15.59143288
              coulomb      10.42412480
             exchange      -3.32197781
    nuclear-repulsion       2.81593466
   regularized energy     -15.60465088
  buggy if hybrid functionals are used..
timer:       compute energy     3.37s     3.37s
Norm of vector changes ab spin case : rms 2.782810e-04    max 4.188421e-04
convergence: bshresidual, energy change, max energy change, density change 2.2e-04 2.4e-05 8.6e-04 9.7e-05
finished iteration  5 at time     84.9s with energy  -15.60465088

Iterations converged


ending protocol at time     84.9s 

 Dipole Moment (a.u.)
 -----------

     x:  2.241229e-14
     y:  5.519889e-14
     z:  1.462868e+00
 Total Dipole Moment:  1.462868e+00 

timer:               dipole     0.10s     0.10s
Nemo Orbital Energies: [*]  -4.77560942  -0.57453009  -0.30907976

nemo energy:  -1.560465e+01
 at time 85.4
PNO Integrals evaluated as:
pnoint
       rank_increase  15         # default   maximum rank to increase in every macroiteration
               chunk  100        # default   chunk of functions operated on in parallel when G or K is applied (prevent memory shortage)
               debug  false      # default   debug mode
              freeze  1          # derived   frozen core approximation
             maxrank  3          # defined   maximal pno rank for all pairs
           guesstype  exop       # derived   the guesstype: exop (recommended, multiply polynomial excitation operators onto the occupied orbitals), empty (don't compute a guess), scf (use the ao basis from the SCF solver), partial_wave (create s,p,d ..., type functions and place on atoms), predefined (same as partial_wave but for predefined sets)
                exop  multipole  # derived   this string defines which excitation operators can be used, use 'dipole', 'dipole+', 'quadrupole', 'ocopole', or 'multipole', need to set guesstype to 'exop' which is the default
          exop_trigo  true       # default   use trigonometric excitation operators ( x --> sin(x)
        partial_wave             # default   atom centered partial wave guess of format like 'h-2s1p-o-3s2p1d', need to set guesstype to 'partial_wave' and adaptive_solver to 'none'
          predefined             # default   predefined partial wave guesses of type pvxz with x=d,t,q,5,6, need to set guesstype to 'predefined' and adaptive_solver to 'none'
           maxiter_t  100        # default   maximal number of iterations in the amplitude solver
       maxiter_micro  10         # default   Maximum of iterations for every cycle in the adaptive solver
       maxiter_macro  10         # default   Maximum of iterations of cycles in the adaptive solver
                tpno  1.0000e-08 # default   PNO cutoff threshold
          tpno_tight  1.0000e-10 # derived   PNO cutoff for the first iteration
    canonicalize_pno  true       # default   canonicalize the pnos before the amplitude solver
              thresh  1.0000e-04 # defined   MRA threshold
         econv_micro  1.0000e-04 # derived   Energy convergence for microiterations (Greens function based optimization) in adaptive solver
         econv_pairs  1.0000e-05 # derived   ENergy convergence for individual pairs in adaptive solver. Converged pairs are frozen automatically
         econv_macro  1.0000e-04 # derived   Energy convergence for macroiterations in adaptive solver, no effect if adaptive_solver is deactivated
               dconv  1.0000e-01 # default   convergence of every PNO in the Green's function solver
           op_thresh  1.0000e-06 # default   MRA operator thresh
             restart  none       # derived   restart pairs of this type, use 'mp2', 'cispd', 'all' or 'none'
          no_compute  none       # default   do not compute the pairs of this type, use 'mp2', 'cispd', 'all' or 'none'
              no_opt  none       # default   do not optimize the pnos of this type, use 'mp2', 'cispd', 'all' or 'none'
            no_guess  none       # derived   guess for this type will be empty, use 'mp2', 'cispd', 'all' or 'none'
     adaptive_solver  all        # default   Use adaptive solver for those pairs, use 'mp2', 'cispd', 'all' or 'none', works only in combination with guesstype 'exop'
                kain  true       # default   use KAIN solver in amplitude solver
       kain_subspace  5          # default   subspace size of the KAIN solver (amplitudes)
                 f12  false      # defined   use explicit correlation
        cispd_number  -1         # default   CIS(D) excitation numbers, to read in correct functions
        cispd_energy  0.0000e+00 # default   CIS energy
        freeze_pairs  none       # default   frozen pairs will not be optimized: Expected format 'a b c d' will freeze pairs ab and cd
freeze_pairs_of_orbital  []         # default    All pairs which originate from this orbital will not be optimized
active_pairs_of_orbital  []         # default    All pairs which originate from this orbital will not be frozen all other pairs will, if this vector is not empty
no_opt_in_first_iteration  false      # default   Do not optimize in the first iteration (then the potentials do not have to be evaluated, use this for large guesses)
            exchange  full       # default   approximate exchange with 'neglect' or xc functional -> same syntax as moldft
           save_pnos  true       # default   Save the OBS-PNOs to a file, before and after orthonormalization.
            diagonal  true       # defined   Compute only diagonal PNOs
              orthog  symmetric  # defined   orthogonalization method for PNO basis, also current default for a potential CABS. options: symmetric, canonical, cholesky, rr_cholesky,
         orthog_cabs  default    # default   orthogonalization method for CABS basis. options: symmetric, canonical, cholesky, rr_cholesky, uses same as orbitals basis if default.
               n_pno  6          # defined   desired size of PNO-basis (orbital space)
         cabs_option  none       # default   type of complementary auxiliary basis to be used. can be none ~ no CABS, gbs ~ Gaussian basis set as CABS, requires input via auxbas_file, pno ~ use superfluous PNOs as CABS, mixed ~ gbs&pno-option
       pno_cabs_size  -1         # default   size of a potential pno-cabs. defaults to -1 ~ all remaining PNOs, if pno-cabs or mixed-cabs
           only_diag  false      # default   use only diagonal elements PNOs
         cherry_pick  []         # default   cherry pick option to choose particular set of PNOs, not just blindly by occupation number. can be useful, if only a restricted number of PNOs can be used, to avoid separating degenerate pairs. can be envoked by passing a vector via [ elem1, elem2, ... ]
               gamma  1.4000e+00 # default   The f12 length scale, here to be used to compute f12-integrals
         cabs_thresh  1.0000e-04 # derived    thresh for cabs part
              auxbas  none       # default   atom centered partial wave guess of format like 'h-2s1p-o-3s2p1d'
         auxbas_file  none       # default   Use external comp. aux. basis in addition to the pnos as auxbasis. Give the filename as parameter. Give the auxbas in turbomole format. Don't use contractions. If a file is specified the auxbas parameter has no effect
   print_pno_overlap  true       # default   Print overlap matrix at certain steps in computation, for debugging purposes.
              n_virt  0          # defined   Compute this number of virtuals and include them in the integral construction, experimental and not robust!.
      hardcore_boson  false      # default   compute only integrals for hardcore boson hamiltonian (restricted to double occupations)

end
F12 Operators initialized right
timer:                    Testing F12 Operators     0.62s     0.62s 
timer:  Initializing (active) Exchange Orbitals     2.07s     2.07s 
Size of active mos and their exchange potentials:
K(acmos)=2.821326e-03 Gbyte
acmos   =2.545327e-03 Gbyte
PNO Parameters
pno
       rank_increase  15         # default   maximum rank to increase in every macroiteration
               chunk  100        # default   chunk of functions operated on in parallel when G or K is applied (prevent memory shortage)
               debug  false      # default   debug mode
              freeze  1          # derived   frozen core approximation
             maxrank  3          # defined   maximal pno rank for all pairs
           guesstype  exop       # derived   the guesstype: exop (recommended, multiply polynomial excitation operators onto the occupied orbitals), empty (don't compute a guess), scf (use the ao basis from the SCF solver), partial_wave (create s,p,d ..., type functions and place on atoms), predefined (same as partial_wave but for predefined sets)
                exop  multipole  # derived   this string defines which excitation operators can be used, use 'dipole', 'dipole+', 'quadrupole', 'ocopole', or 'multipole', need to set guesstype to 'exop' which is the default
          exop_trigo  true       # default   use trigonometric excitation operators ( x --> sin(x)
        partial_wave             # default   atom centered partial wave guess of format like 'h-2s1p-o-3s2p1d', need to set guesstype to 'partial_wave' and adaptive_solver to 'none'
          predefined             # default   predefined partial wave guesses of type pvxz with x=d,t,q,5,6, need to set guesstype to 'predefined' and adaptive_solver to 'none'
           maxiter_t  100        # default   maximal number of iterations in the amplitude solver
       maxiter_micro  10         # default   Maximum of iterations for every cycle in the adaptive solver
       maxiter_macro  10         # default   Maximum of iterations of cycles in the adaptive solver
                tpno  1.0000e-08 # default   PNO cutoff threshold
          tpno_tight  1.0000e-10 # derived   PNO cutoff for the first iteration
    canonicalize_pno  true       # default   canonicalize the pnos before the amplitude solver
              thresh  1.0000e-04 # defined   MRA threshold
         econv_micro  1.0000e-04 # derived   Energy convergence for microiterations (Greens function based optimization) in adaptive solver
         econv_pairs  1.0000e-05 # derived   ENergy convergence for individual pairs in adaptive solver. Converged pairs are frozen automatically
         econv_macro  1.0000e-04 # derived   Energy convergence for macroiterations in adaptive solver, no effect if adaptive_solver is deactivated
               dconv  1.0000e-01 # default   convergence of every PNO in the Green's function solver
           op_thresh  1.0000e-06 # default   MRA operator thresh
             restart  none       # derived   restart pairs of this type, use 'mp2', 'cispd', 'all' or 'none'
          no_compute  none       # default   do not compute the pairs of this type, use 'mp2', 'cispd', 'all' or 'none'
              no_opt  none       # default   do not optimize the pnos of this type, use 'mp2', 'cispd', 'all' or 'none'
            no_guess  none       # derived   guess for this type will be empty, use 'mp2', 'cispd', 'all' or 'none'
     adaptive_solver  all        # default   Use adaptive solver for those pairs, use 'mp2', 'cispd', 'all' or 'none', works only in combination with guesstype 'exop'
                kain  true       # default   use KAIN solver in amplitude solver
       kain_subspace  5          # default   subspace size of the KAIN solver (amplitudes)
                 f12  false      # defined   use explicit correlation
        cispd_number  -1         # default   CIS(D) excitation numbers, to read in correct functions
        cispd_energy  0.0000e+00 # default   CIS energy
        freeze_pairs  none       # default   frozen pairs will not be optimized: Expected format 'a b c d' will freeze pairs ab and cd
freeze_pairs_of_orbital  []         # default    All pairs which originate from this orbital will not be optimized
active_pairs_of_orbital  []         # default    All pairs which originate from this orbital will not be frozen all other pairs will, if this vector is not empty
no_opt_in_first_iteration  false      # default   Do not optimize in the first iteration (then the potentials do not have to be evaluated, use this for large guesses)
            exchange  full       # default   approximate exchange with 'neglect' or xc functional -> same syntax as moldft
           save_pnos  true       # default   Save the OBS-PNOs to a file, before and after orthonormalization.
            diagonal  true       # defined   Compute only diagonal PNOs

end

**********************
Solve PNO-MP2
*********************


**********************
Iterate Pairs
*********************


************************
Adaptive Solver
***********************

Initializing empty Pairs:
no guess was explicitly demanded for mp2

timer:                                     RRCD     0.00s     0.00s 
timer:                             MRA compress     0.00s     0.00s 
timer:                          Transform Pairs     0.00s     0.00s 
timer:          apply Q and orthonormalize PNOs     0.00s     0.00s 
Created Guess:
pair11 with 0 guess functions
pair21 with 0 guess functions
pair22 with 0 guess functions
guess pair11 size: 0.0000000000e+00 | 0.0000000000e+00 Gbyte (after truncation)
guess pair22 size: 0.0000000000e+00 | 0.0000000000e+00 Gbyte (after truncation)
timer:                           truncate guess     0.00s     0.00s 
timer:                         Initialize Pairs     0.00s     0.00s 
Keyword multipole is not known
Guess protocol for adaptively growing ranks is: [dipole+, quadrupole, big_fock_3, big_fock_3, big_fock_3, big_fock_3, big_fock_3, big_fock_3, big_fock_3, big_fock_3]


--------Adaptive Solver Macroiteration 0 from max 10 ----------

Growing ranks with exop=dipole+
Create guess functions by multiplying plane-waves to 1 functions 
Created 4 virtuals for pair11
pair21 is frozen: no growing
Create guess functions by multiplying plane-waves to 1 functions 
Created 4 virtuals for pair22
frozen pair: no orthonormalization
timer:                                     RRCD     0.03s     0.03s 
timer:                             MRA compress     0.00s     0.00s 
timer:                          Transform Pairs     0.10s     0.10s 
timer:                        grow PNO subspace     1.76s     1.76s 
SolveInternal: Parameters are assigned as
no_compute        = false
no_opt            = false
restart           = false
do_cispd          = false
econv             =1.0000000000e-04
maxrank (min,max) = (3,3)
Solving MP2 doubles
timer:          fock matrix     2.82s     2.82s
Information About All Pairs:
mp2_pair11           number=0 rank=  4 frozen=false
mp2_pair21           number=1 rank=  0 frozen=true
mp2_pair22           number=2 rank=  4 frozen=false
number of pairs=3
average rank   =2 (2.6666666667e+00)
largest rank   =4
PNOPairs Memory Information
Total: 0.0097315311 GB 
PNO  : 0.0097315311 GB 
KPNO : 0.0000000000 GB 
W    : 0.0000000000 GB 

timer:                                 truncate     0.05s     0.05s 
wall time=98.5267698765 chunk=8 allK.size()=8 memory=0.0088319778 GB
timer:                             compute KPNO     3.77s     3.77s 
wall time=98.6721119881 chunk=8 allJ.size()=8 memory=0.0107946396 GB
timer:                             compute JPNO     0.15s     0.15s 
timer:                    compute Fock matrices     1.17s     1.17s 
timer:                             MRA compress     0.00s     0.00s 
timer:                          Transform Pairs     0.25s     0.25s 
timer:                             Canonicalize     0.26s     0.26s 
PNOPairs Memory Information
Total: 0.0183181763 GB 
PNO  : 0.0096497536 GB 
KPNO : 0.0086684227 GB 
W    : 0.0000000000 GB 

timer:                                 truncate     0.05s     0.05s 
mp2_pair21 is frozen: potential not computed
timer:                   Fluctuation Potentials     2.00s     2.00s 
timer:                       Fluctuation Matrix     0.21s     0.21s 
PNOPairs Memory Information
Total: 0.0317296982 GB 
PNO  : 0.0096497536 GB 
KPNO : 0.0086684227 GB 
W    : 0.0134115219 GB 

PNOPairs Memory Information
Total: 0.0317296982 GB 
PNO  : 0.0096497536 GB 
KPNO : 0.0086684227 GB 
W    : 0.0134115219 GB 

timer:                                 truncate     0.05s     0.05s 
timer:                             PNO Overlaps     0.12s     0.12s 
t_iter =  0  Hylleraas energy =  0.0000000000  ||R||_F =  0.1878680618  conv =  no
subspace solution [*]   1.00000000

t_iter =  1  Hylleraas energy =  -0.0301218684  ||R||_F =  0.0000000189  conv =  yes
=======================================================

Hylleraas MP2 Energies

=======================================================
    i    j      singlet      triplet        Total
=======================================================
    1    1  -1.29059e-02  0.00000e+00 -1.29059e-02
    2    1   0.00000e+00  0.00000e+00  0.00000e+00
    2    2  -1.72160e-02  0.00000e+00 -1.72160e-02
=======================================================
Hylleraas MP2 Energies (singlet): -3.01219e-02
Hylleraas MP2 Energies (triplet):  0.00000e+00
Hylleraas MP2 Energies (total)  : -3.01219e-02
=======================================================
-------------------------------------------
Total Reg Energy  =-3.01219e-02
Total F12 Energy  = 0.00000e+00
Sum Energies Total=-3.01219e-02
-------------------------------------------
timer:                         Solve Amplitudes     0.00s     0.00s 
No optimization untill now: Compressing pno ranks with tighter threshold
1.00000e-10 instead of 1.00000e-08
pair11: density evals:
 [*]   0.00309630   0.00388713   0.00415706   0.00415706

pair11: # of PNOs reduced from  4  to  3  maxrank= 3
pair22: density evals:
 [*]   0.00299066   0.00353100   0.00353100   0.03554470

pair22: # of PNOs reduced from  4  to  3  maxrank= 3
timer:                            compress PNOs     0.00s     0.00s 
timer:                             MRA compress     0.00s     0.00s 
timer:                          Transform Pairs     0.47s     0.47s 
timer:                          PNO Compression     0.47s     0.47s 
Information About All Pairs:
mp2_pair11           number=0 rank=  3 frozen=false
mp2_pair21           number=1 rank=  0 frozen=true
mp2_pair22           number=2 rank=  3 frozen=false
number of pairs=3
average rank   =2 (2.00000e+00)
largest rank   =3
saving vector of functions mp2_pair11
saving vector of functions mp2_pair22
timer:                        save pnos on disc     0.12s     0.12s 
PNOPairs Memory Information
Total: 0.02306 GB 
PNO  : 0.00691 GB 
KPNO : 0.00626 GB 
W    : 0.00990 GB 

timer:                                 truncate     0.06s     0.06s 
timer:      compute densities for G application     0.00s     0.00s 
pair21 is frozen: no optimization
timer:                Prepare for G application     0.20s     0.20s 
timer:                                    add K     0.03s     0.03s 
size of all Vpsi potentials (without Vnuc and J) 0.00838 GB 
time=104.14998 chunk=6 Vpsi+Vnuc+J=0.02155 GB
time=104.22131 chunk=6 Vpsi+Vnuc+J=0.02130 GB (after truncation)
timer:                           Apply G to all     2.51s     2.51s 
timer:                       apply Q and update     0.00s     0.00s 
mp2_pair11 residual norms:
[0.49679, 0.36472, 0.36472]
mp2_pair11 scaled residual norms:
[0.03097, 0.02352, 0.02352]
mp2_pair22 residual norms:
[0.37291, 0.37291, 0.35293]
mp2_pair22 scaled residual norms:
[0.02216, 0.02216, 0.06654]
timer:                          update all PNOs     2.74s     2.74s 
frozen pair: no orthonormalization
timer:                                     RRCD     0.06s     0.06s 
timer:                             MRA compress     0.00s     0.00s 
timer:                          Transform Pairs     0.06s     0.06s 
saving vector of functions mp2_pair11
saving vector of functions mp2_pair22
timer:                        save pnos on disc     0.13s     0.13s 


No convergence yet. Energy change = 0.03012

timer:                        Whole Iteration 1    11.52s    11.52s 
Information About All Pairs:
mp2_pair11           number=0 rank=  3 frozen=false
mp2_pair21           number=1 rank=  0 frozen=true
mp2_pair22           number=2 rank=  3 frozen=false
number of pairs=3
average rank   =2 (2.00000)
largest rank   =3
PNOPairs Memory Information
Total: 0.00707 GB 
PNO  : 0.00707 GB 
KPNO : 0.00000 GB 
W    : 0.00000 GB 

timer:                                 truncate     0.06s     0.06s 
wall time=109.49007 chunk=6 allK.size()=6 memory=0.00617 GB
timer:                             compute KPNO     3.21s     3.21s 
wall time=109.62412 chunk=6 allJ.size()=6 memory=0.00765 GB
timer:                             compute JPNO     0.13s     0.13s 
timer:                    compute Fock matrices     1.05s     1.05s 
timer:                             MRA compress     0.00s     0.00s 
timer:                          Transform Pairs     0.17s     0.17s 
timer:                             Canonicalize     0.17s     0.17s 
PNOPairs Memory Information
Total: 0.01308 GB 
PNO  : 0.00699 GB 
KPNO : 0.00609 GB 
W    : 0.00000 GB 

timer:                                 truncate     0.05s     0.05s 
mp2_pair21 is frozen: potential not computed
timer:                   Fluctuation Potentials     1.67s     1.67s 
timer:                       Fluctuation Matrix     0.15s     0.15s 
PNOPairs Memory Information
Total: 0.02331 GB 
PNO  : 0.00699 GB 
KPNO : 0.00609 GB 
W    : 0.01022 GB 

PNOPairs Memory Information
Total: 0.02331 GB 
PNO  : 0.00699 GB 
KPNO : 0.00609 GB 
W    : 0.01022 GB 

timer:                                 truncate     0.04s     0.04s 
timer:                             PNO Overlaps     0.09s     0.09s 
t_iter =  0  Hylleraas energy =  0.00000  ||R||_F =  0.24800  conv =  no
subspace solution [*]   1.00000000

t_iter =  1  Hylleraas energy =  -0.04400  ||R||_F =  0.00000  conv =  yes
=======================================================

Hylleraas MP2 Energies

=======================================================
    i    j      singlet      triplet        Total
=======================================================
    1    1  -1.80172e-02  0.00000e+00 -1.80172e-02
    2    1   0.00000e+00  0.00000e+00  0.00000e+00
    2    2  -2.59840e-02  0.00000e+00 -2.59840e-02
=======================================================
Hylleraas MP2 Energies (singlet): -4.40012e-02
Hylleraas MP2 Energies (triplet):  0.00000e+00
Hylleraas MP2 Energies (total)  : -4.40012e-02
=======================================================
-------------------------------------------
Total Reg Energy  =-4.40012e-02
Total F12 Energy  = 0.00000e+00
Sum Energies Total=-4.40012e-02
-------------------------------------------
timer:                         Solve Amplitudes     0.00s     0.00s 
pair11: density evals:
 [*]   0.00511720   0.00511720   0.00641422

pair22: density evals:
 [*]   0.00408829   0.00408829   0.05488846

timer:                            compress PNOs     0.00s     0.00s 
timer:                             MRA compress     0.00s     0.00s 
timer:                          Transform Pairs     0.28s     0.28s 
timer:                          PNO Compression     0.28s     0.28s 
Information About All Pairs:
mp2_pair11           number=0 rank=  3 frozen=false
mp2_pair21           number=1 rank=  0 frozen=true
mp2_pair22           number=2 rank=  3 frozen=false
number of pairs=3
average rank   =2 (2.00000e+00)
largest rank   =3
saving vector of functions mp2_pair11
saving vector of functions mp2_pair22
timer:                        save pnos on disc     0.12s     0.12s 
PNOPairs Memory Information
Total: 0.02331 GB 
PNO  : 0.00699 GB 
KPNO : 0.00609 GB 
W    : 0.01022 GB 

timer:                                 truncate     0.05s     0.05s 
timer:      compute densities for G application     0.00s     0.00s 
pair21 is frozen: no optimization
timer:                Prepare for G application     0.22s     0.22s 
timer:                                    add K     0.03s     0.03s 
size of all Vpsi potentials (without Vnuc and J) 0.00904 GB 
time=114.09894 chunk=6 Vpsi+Vnuc+J=0.02024 GB
time=114.16796 chunk=6 Vpsi+Vnuc+J=0.01918 GB (after truncation)
timer:                           Apply G to all     2.26s     2.26s 
timer:                       apply Q and update     0.00s     0.00s 
mp2_pair11 residual norms:
[0.10158, 0.10158, 0.13298]
mp2_pair11 scaled residual norms:
[0.00727, 0.00727, 0.01065]
mp2_pair22 residual norms:
[0.10190, 0.10190, 0.08183]
mp2_pair22 scaled residual norms:
[0.00652, 0.00652, 0.01917]
timer:                          update all PNOs     2.51s     2.51s 
frozen pair: no orthonormalization
timer:                                     RRCD     0.12s     0.12s 
timer:                             MRA compress     0.00s     0.00s 
timer:                          Transform Pairs     0.06s     0.06s 
saving vector of functions mp2_pair11
saving vector of functions mp2_pair22
timer:                        save pnos on disc     0.11s     0.11s 


No convergence yet. Energy change = 0.01388

timer:                        Whole Iteration 2     9.94s     9.94s 
Information About All Pairs:
mp2_pair11           number=0 rank=  3 frozen=false
mp2_pair21           number=1 rank=  0 frozen=true
mp2_pair22           number=2 rank=  3 frozen=false
number of pairs=3
average rank   =2 (2.00000)
largest rank   =3
PNOPairs Memory Information
Total: 0.00683 GB 
PNO  : 0.00683 GB 
KPNO : 0.00000 GB 
W    : 0.00000 GB 

timer:                                 truncate     0.04s     0.04s 
wall time=119.52198 chunk=6 allK.size()=6 memory=0.00634 GB
timer:                             compute KPNO     3.31s     3.31s 
wall time=119.62408 chunk=6 allJ.size()=6 memory=0.00765 GB
timer:                             compute JPNO     0.10s     0.10s 
timer:                    compute Fock matrices     1.17s     1.17s 
timer:                             MRA compress     0.00s     0.00s 
timer:                          Transform Pairs     0.17s     0.17s 
timer:                             Canonicalize     0.17s     0.17s 
PNOPairs Memory Information
Total: 0.01308 GB 
PNO  : 0.00666 GB 
KPNO : 0.00642 GB 
W    : 0.00000 GB 

timer:                                 truncate     0.08s     0.08s 
mp2_pair21 is frozen: potential not computed
timer:                   Fluctuation Potentials     1.55s     1.55s 
timer:                       Fluctuation Matrix     0.16s     0.16s 
PNOPairs Memory Information
Total: 0.02331 GB 
PNO  : 0.00666 GB 
KPNO : 0.00642 GB 
W    : 0.01022 GB 

PNOPairs Memory Information
Total: 0.02331 GB 
PNO  : 0.00666 GB 
KPNO : 0.00642 GB 
W    : 0.01022 GB 

timer:                                 truncate     0.06s     0.06s 
timer:                             PNO Overlaps     0.13s     0.13s 
t_iter =  0  Hylleraas energy =  0.00000  ||R||_F =  0.26659  conv =  no
subspace solution [*]   1.00000000

t_iter =  1  Hylleraas energy =  -0.04612  ||R||_F =  0.00000  conv =  yes
=======================================================

Hylleraas MP2 Energies

=======================================================
    i    j      singlet      triplet        Total
=======================================================
    1    1  -1.90295e-02  0.00000e+00 -1.90295e-02
    2    1   0.00000e+00  0.00000e+00  0.00000e+00
    2    2  -2.70879e-02  0.00000e+00 -2.70879e-02
=======================================================
Hylleraas MP2 Energies (singlet): -4.61175e-02
Hylleraas MP2 Energies (triplet):  0.00000e+00
Hylleraas MP2 Energies (total)  : -4.61175e-02
=======================================================
-------------------------------------------
Total Reg Energy  =-4.61175e-02
Total F12 Energy  = 0.00000e+00
Sum Energies Total=-4.61175e-02
-------------------------------------------
timer:                         Solve Amplitudes     0.00s     0.00s 
pair11: density evals:
 [*]   0.00489388   0.00489388   0.00602311

pair22: density evals:
 [*]   0.00384938   0.00384938   0.05395638

timer:                            compress PNOs     0.00s     0.00s 
timer:                             MRA compress     0.00s     0.00s 
timer:                          Transform Pairs     0.28s     0.28s 
timer:                          PNO Compression     0.28s     0.28s 
Information About All Pairs:
mp2_pair11           number=0 rank=  3 frozen=false
mp2_pair21           number=1 rank=  0 frozen=true
mp2_pair22           number=2 rank=  3 frozen=false
number of pairs=3
average rank   =2 (2.00000e+00)
largest rank   =3
saving vector of functions mp2_pair11
saving vector of functions mp2_pair22
timer:                        save pnos on disc     0.13s     0.13s 
PNOPairs Memory Information
Total: 0.02322 GB 
PNO  : 0.00666 GB 
KPNO : 0.00634 GB 
W    : 0.01022 GB 

timer:                                 truncate     0.06s     0.06s 
timer:      compute densities for G application     0.00s     0.00s 
pair21 is frozen: no optimization
timer:                Prepare for G application     0.25s     0.25s 
timer:                                    add K     0.01s     0.01s 
size of all Vpsi potentials (without Vnuc and J) 0.00920 GB 
time=124.20666 chunk=6 Vpsi+Vnuc+J=0.02179 GB
time=124.26857 chunk=6 Vpsi+Vnuc+J=0.02057 GB (after truncation)
timer:                           Apply G to all     2.15s     2.15s 
timer:                       apply Q and update     0.00s     0.00s 
mp2_pair11 residual norms:
[0.03562, 0.03562, 0.05320]
mp2_pair11 scaled residual norms:
[0.00249, 0.00249, 0.00413]
mp2_pair22 residual norms:
[0.04688, 0.04688, 0.03046]
mp2_pair22 scaled residual norms:
[0.00291, 0.00291, 0.00708]
timer:                          update all PNOs     2.41s     2.41s 
frozen pair: no orthonormalization
timer:                                     RRCD     0.09s     0.09s 
timer:                             MRA compress     0.00s     0.00s 
timer:                          Transform Pairs     0.07s     0.07s 
saving vector of functions mp2_pair11
saving vector of functions mp2_pair22
timer:                        save pnos on disc     0.13s     0.13s 


No convergence yet. Energy change = 0.00212

timer:                        Whole Iteration 3     9.97s     9.97s 
Information About All Pairs:
mp2_pair11           number=0 rank=  3 frozen=false
mp2_pair21           number=1 rank=  0 frozen=true
mp2_pair22           number=2 rank=  3 frozen=false
number of pairs=3
average rank   =2 (2.00000)
largest rank   =3
PNOPairs Memory Information
Total: 0.00716 GB 
PNO  : 0.00716 GB 
KPNO : 0.00000 GB 
W    : 0.00000 GB 

timer:                                 truncate     0.03s     0.03s 
wall time=129.50182 chunk=6 allK.size()=6 memory=0.00658 GB
timer:                             compute KPNO     3.33s     3.33s 
wall time=129.64406 chunk=6 allJ.size()=6 memory=0.00781 GB
timer:                             compute JPNO     0.14s     0.14s 
timer:                    compute Fock matrices     1.16s     1.16s 
timer:                             MRA compress     0.00s     0.00s 
timer:                          Transform Pairs     0.15s     0.15s 
timer:                             Canonicalize     0.15s     0.15s 
PNOPairs Memory Information
Total: 0.01349 GB 
PNO  : 0.00707 GB 
KPNO : 0.00642 GB 
W    : 0.00000 GB 

timer:                                 truncate     0.06s     0.06s 
mp2_pair21 is frozen: potential not computed
timer:                   Fluctuation Potentials     1.64s     1.64s 
timer:                       Fluctuation Matrix     0.13s     0.13s 
PNOPairs Memory Information
Total: 0.02372 GB 
PNO  : 0.00707 GB 
KPNO : 0.00642 GB 
W    : 0.01022 GB 

PNOPairs Memory Information
Total: 0.02372 GB 
PNO  : 0.00707 GB 
KPNO : 0.00642 GB 
W    : 0.01022 GB 

timer:                                 truncate     0.08s     0.08s 
timer:                             PNO Overlaps     0.06s     0.06s 
t_iter =  0  Hylleraas energy =  0.00000  ||R||_F =  0.27302  conv =  no
subspace solution [*]   1.00000000

t_iter =  1  Hylleraas energy =  -0.04646  ||R||_F =  0.00000  conv =  yes
=======================================================

Hylleraas MP2 Energies

=======================================================
    i    j      singlet      triplet        Total
=======================================================
    1    1  -1.91839e-02  0.00000e+00 -1.91839e-02
    2    1   0.00000e+00  0.00000e+00  0.00000e+00
    2    2  -2.72720e-02  0.00000e+00 -2.72720e-02
=======================================================
Hylleraas MP2 Energies (singlet): -4.64559e-02
Hylleraas MP2 Energies (triplet):  0.00000e+00
Hylleraas MP2 Energies (total)  : -4.64559e-02
=======================================================
-------------------------------------------
Total Reg Energy  =-4.64559e-02
Total F12 Energy  = 0.00000e+00
Sum Energies Total=-4.64559e-02
-------------------------------------------
timer:                         Solve Amplitudes     0.00s     0.00s 
pair11: density evals:
 [*]   0.00476132   0.00476132   0.00574850

pair22: density evals:
 [*]   0.00370881   0.00370881   0.05287591

timer:                            compress PNOs     0.00s     0.00s 
timer:                             MRA compress     0.00s     0.00s 
timer:                          Transform Pairs     0.27s     0.27s 
timer:                          PNO Compression     0.27s     0.27s 
Information About All Pairs:
mp2_pair11           number=0 rank=  3 frozen=false
mp2_pair21           number=1 rank=  0 frozen=true
mp2_pair22           number=2 rank=  3 frozen=false
number of pairs=3
average rank   =2 (2.00000e+00)
largest rank   =3
saving vector of functions mp2_pair11
saving vector of functions mp2_pair22
timer:                        save pnos on disc     0.12s     0.12s 
PNOPairs Memory Information
Total: 0.02372 GB 
PNO  : 0.00707 GB 
KPNO : 0.00642 GB 
W    : 0.01022 GB 

timer:                                 truncate     0.04s     0.04s 
timer:      compute densities for G application     0.00s     0.00s 
pair21 is frozen: no optimization
timer:                Prepare for G application     0.20s     0.20s 
timer:                                    add K     0.03s     0.03s 
size of all Vpsi potentials (without Vnuc and J) 0.00936 GB 
time=134.18341 chunk=6 Vpsi+Vnuc+J=0.02245 GB
time=134.21723 chunk=6 Vpsi+Vnuc+J=0.02122 GB (after truncation)
timer:                           Apply G to all     2.38s     2.38s 
timer:                       apply Q and update     0.00s     0.00s 
mp2_pair11 residual norms:
[0.01314, 0.01314, 0.02326]
mp2_pair11 scaled residual norms:
[0.00091, 0.00091, 0.00176]
mp2_pair22 residual norms:
[0.02633, 0.02633, 0.01274]
mp2_pair22 scaled residual norms:
[0.00160, 0.00160, 0.00293]
timer:                          update all PNOs     2.62s     2.62s 
frozen pair: no orthonormalization
timer:                                     RRCD     0.05s     0.05s 
timer:                             MRA compress     0.00s     0.00s 
timer:                          Transform Pairs     0.11s     0.11s 
saving vector of functions mp2_pair11
saving vector of functions mp2_pair22
timer:                        save pnos on disc     0.12s     0.12s 


No convergence yet. Energy change = 0.00034

timer:                        Whole Iteration 4    10.14s    10.14s 
Information About All Pairs:
mp2_pair11           number=0 rank=  3 frozen=false
mp2_pair21           number=1 rank=  0 frozen=true
mp2_pair22           number=2 rank=  3 frozen=false
number of pairs=3
average rank   =2 (2.00000)
largest rank   =3
PNOPairs Memory Information
Total: 0.00724 GB 
PNO  : 0.00724 GB 
KPNO : 0.00000 GB 
W    : 0.00000 GB 

timer:                                 truncate     0.06s     0.06s 
wall time=139.67043 chunk=6 allK.size()=6 memory=0.00650 GB
timer:                             compute KPNO     3.33s     3.33s 
wall time=139.81612 chunk=6 allJ.size()=6 memory=0.00789 GB
timer:                             compute JPNO     0.15s     0.15s 
timer:                    compute Fock matrices     1.25s     1.25s 
timer:                             MRA compress     0.00s     0.00s 
timer:                          Transform Pairs     0.21s     0.21s 
timer:                             Canonicalize     0.21s     0.21s 
PNOPairs Memory Information
Total: 0.01366 GB 
PNO  : 0.00724 GB 
KPNO : 0.00642 GB 
W    : 0.00000 GB 

timer:                                 truncate     0.05s     0.05s 
mp2_pair21 is frozen: potential not computed
timer:                   Fluctuation Potentials     1.56s     1.56s 
timer:                       Fluctuation Matrix     0.13s     0.13s 
PNOPairs Memory Information
Total: 0.02404 GB 
PNO  : 0.00724 GB 
KPNO : 0.00642 GB 
W    : 0.01039 GB 

PNOPairs Memory Information
Total: 0.02404 GB 
PNO  : 0.00724 GB 
KPNO : 0.00642 GB 
W    : 0.01039 GB 

timer:                                 truncate     0.07s     0.07s 
timer:                             PNO Overlaps     0.11s     0.11s 
t_iter =  0  Hylleraas energy =  0.00000  ||R||_F =  0.27559  conv =  no
subspace solution [*]   1.00000000

t_iter =  1  Hylleraas energy =  -0.04652  ||R||_F =  0.00000  conv =  yes
=======================================================

Hylleraas MP2 Energies

=======================================================
    i    j      singlet      triplet        Total
=======================================================
    1    1  -1.92105e-02  0.00000e+00 -1.92105e-02
    2    1   0.00000e+00  0.00000e+00  0.00000e+00
    2    2  -2.73121e-02  0.00000e+00 -2.73121e-02
=======================================================
Hylleraas MP2 Energies (singlet): -4.65226e-02
Hylleraas MP2 Energies (triplet):  0.00000e+00
Hylleraas MP2 Energies (total)  : -4.65226e-02
=======================================================
-------------------------------------------
Total Reg Energy  =-4.65226e-02
Total F12 Energy  = 0.00000e+00
Sum Energies Total=-4.65226e-02
-------------------------------------------
timer:                         Solve Amplitudes     0.00s     0.00s 
pair11: density evals:
 [*]   0.00470421   0.00470421   0.00561722

pair22: density evals:
 [*]   0.00363123   0.00363123   0.05233124

timer:                            compress PNOs     0.00s     0.00s 
timer:                             MRA compress     0.02s     0.02s 
timer:                          Transform Pairs     0.31s     0.31s 
timer:                          PNO Compression     0.33s     0.33s 
Information About All Pairs:
mp2_pair11           number=0 rank=  3 frozen=false
mp2_pair21           number=1 rank=  0 frozen=true
mp2_pair22           number=2 rank=  3 frozen=false
number of pairs=3
average rank   =2 (2.00000e+00)
largest rank   =3
saving vector of functions mp2_pair11
saving vector of functions mp2_pair22
timer:                        save pnos on disc     0.12s     0.12s 
PNOPairs Memory Information
Total: 0.02388 GB 
PNO  : 0.00724 GB 
KPNO : 0.00642 GB 
W    : 0.01022 GB 

timer:                                 truncate     0.05s     0.05s 
timer:      compute densities for G application     0.00s     0.00s 
pair21 is frozen: no optimization
timer:                Prepare for G application     0.19s     0.19s 
timer:                                    add K     0.07s     0.07s 
size of all Vpsi potentials (without Vnuc and J) 0.00936 GB 
time=144.64112 chunk=6 Vpsi+Vnuc+J=0.02253 GB
time=144.69995 chunk=6 Vpsi+Vnuc+J=0.02130 GB (after truncation)
timer:                           Apply G to all     2.43s     2.43s 
timer:                       apply Q and update     0.00s     0.00s 
mp2_pair11 residual norms:
[0.00497, 0.00497, 0.01129]
mp2_pair11 scaled residual norms:
[0.00034, 0.00034, 0.00085]
mp2_pair22 residual norms:
[0.01582, 0.01582, 0.00558]
mp2_pair22 scaled residual norms:
[0.00095, 0.00095, 0.00128]
timer:                          update all PNOs     2.69s     2.69s 
frozen pair: no orthonormalization
timer:                                     RRCD     0.06s     0.06s 
timer:                             MRA compress     0.00s     0.00s 
timer:                          Transform Pairs     0.09s     0.09s 
saving vector of functions mp2_pair11
saving vector of functions mp2_pair22
timer:                        save pnos on disc     0.12s     0.12s 


CONVERGED!
energy change = 0.00007

re-entering loop to compute the correct amplitudes and energies
timer:                        Whole Iteration 5    10.40s    10.40s 
Information About All Pairs:
mp2_pair11           number=0 rank=  3 frozen=false
mp2_pair21           number=1 rank=  0 frozen=true
mp2_pair22           number=2 rank=  3 frozen=false
number of pairs=3
average rank   =2 (2.00000)
largest rank   =3
PNOPairs Memory Information
Total: 0.00724 GB 
PNO  : 0.00724 GB 
KPNO : 0.00000 GB 
W    : 0.00000 GB 

timer:                                 truncate     0.02s     0.02s 
wall time=150.08997 chunk=6 allK.size()=6 memory=0.00642 GB
timer:                             compute KPNO     3.39s     3.39s 
wall time=150.23627 chunk=6 allJ.size()=6 memory=0.00789 GB
timer:                             compute JPNO     0.15s     0.15s 
timer:                    compute Fock matrices     1.20s     1.20s 
timer:                             MRA compress     0.00s     0.00s 
timer:                          Transform Pairs     0.17s     0.17s 
timer:                             Canonicalize     0.17s     0.17s 
PNOPairs Memory Information
Total: 0.01366 GB 
PNO  : 0.00724 GB 
KPNO : 0.00642 GB 
W    : 0.00000 GB 

timer:                                 truncate     0.05s     0.05s 
mp2_pair21 is frozen: potential not computed
timer:                   Fluctuation Potentials     1.78s     1.78s 
timer:                       Fluctuation Matrix     0.17s     0.17s 
PNOPairs Memory Information
Total: 0.02404 GB 
PNO  : 0.00724 GB 
KPNO : 0.00642 GB 
W    : 0.01039 GB 

PNOPairs Memory Information
Total: 0.02404 GB 
PNO  : 0.00724 GB 
KPNO : 0.00642 GB 
W    : 0.01039 GB 

timer:                                 truncate     0.03s     0.03s 
timer:                             PNO Overlaps     0.07s     0.07s 
t_iter =  0  Hylleraas energy =  0.00000  ||R||_F =  0.27671  conv =  no
subspace solution [*]   1.00000000

t_iter =  1  Hylleraas energy =  -0.04654  ||R||_F =  0.00000  conv =  yes
=======================================================

Hylleraas MP2 Energies

=======================================================
    i    j      singlet      triplet        Total
=======================================================
    1    1  -1.92162e-02  0.00000e+00 -1.92162e-02
    2    1   0.00000e+00  0.00000e+00  0.00000e+00
    2    2  -2.73225e-02  0.00000e+00 -2.73225e-02
=======================================================
Hylleraas MP2 Energies (singlet): -4.65388e-02
Hylleraas MP2 Energies (triplet):  0.00000e+00
Hylleraas MP2 Energies (total)  : -4.65388e-02
=======================================================
-------------------------------------------
Total Reg Energy  =-4.65388e-02
Total F12 Energy  = 0.00000e+00
Sum Energies Total=-4.65388e-02
-------------------------------------------
timer:                         Solve Amplitudes     0.00s     0.00s 
pair11: density evals:
 [*]   0.00468087   0.00468087   0.00555804

pair22: density evals:
 [*]   0.00358661   0.00358661   0.05207880

timer:                            compress PNOs     0.00s     0.00s 
timer:                             MRA compress     0.00s     0.00s 
timer:                          Transform Pairs     0.42s     0.42s 
timer:                          PNO Compression     0.42s     0.42s 
Information About All Pairs:
mp2_pair11           number=0 rank=  3 frozen=false
mp2_pair21           number=1 rank=  0 frozen=true
mp2_pair22           number=2 rank=  3 frozen=false
number of pairs=3
average rank   =2 (2.00000e+00)
largest rank   =3
saving vector of functions mp2_pair11
saving vector of functions mp2_pair22
timer:                        save pnos on disc     0.12s     0.12s 
exiting: Iterations converged
PNO ranks:
PNO Rank for pair pair11 = 3
PNO Rank for pair pair21 = 0
PNO Rank for pair pair22 = 3
average rank 2.00000e+00
timer:                               PNO::solve    62.37s    62.37s 

--------------------------------
ITERATE-PAIRS-INTERNAL-ENDED
--------------------------------
mp2_pair21 converged!


Adaptive Sovler:
 Current Energy=-4.6538754074e-02
 DeltaE        =-4.6538754074e-02
 max dE (pair) =-2.7322530399e-02 (2)
 all_pairs_conv=false




not converged yet

freeze pair mp2_pair21 (not further optimized: Energy below 1.0000000000e-05)
Maximum Rank of3 reached for all non-frozen pairs, no need to iterate further=======================================================

Final MP2 Energies

=======================================================
    i    j      singlet      triplet        Total
=======================================================
    1    1  -1.92162e-02  0.00000e+00 -1.92162e-02
    2    1   0.00000e+00  0.00000e+00  0.00000e+00
    2    2  -2.73225e-02  0.00000e+00 -2.73225e-02
=======================================================
Final MP2 Energies (singlet): -4.65388e-02
Final MP2 Energies (triplet):  0.00000e+00
Final MP2 Energies (total)  : -4.65388e-02
=======================================================
-------------------------------------------
Total Reg Energy  =-4.65388e-02
Total F12 Energy  = 0.00000e+00
Sum Energies Total=-4.65388e-02
-------------------------------------------
Average | Max Rank: 2 | 3



--------------------------------------------------
MRA-PNO-MP2-F12 ended 
--------------------------------------------------
                 time scf = 8.46741e+01
               energy scf = -1.56047e+01
--------------------------------------------------
restarting PNO to reload pairs that converged before and were frozen
PNO Parameters
pno
       rank_increase  15         # default   maximum rank to increase in every macroiteration
               chunk  100        # default   chunk of functions operated on in parallel when G or K is applied (prevent memory shortage)
               debug  false      # default   debug mode
              freeze  1          # derived   frozen core approximation
             maxrank  3          # defined   maximal pno rank for all pairs
           guesstype  exop       # derived   the guesstype: exop (recommended, multiply polynomial excitation operators onto the occupied orbitals), empty (don't compute a guess), scf (use the ao basis from the SCF solver), partial_wave (create s,p,d ..., type functions and place on atoms), predefined (same as partial_wave but for predefined sets)
                exop  multipole  # derived   this string defines which excitation operators can be used, use 'dipole', 'dipole+', 'quadrupole', 'ocopole', or 'multipole', need to set guesstype to 'exop' which is the default
          exop_trigo  true       # default   use trigonometric excitation operators ( x --> sin(x)
        partial_wave             # default   atom centered partial wave guess of format like 'h-2s1p-o-3s2p1d', need to set guesstype to 'partial_wave' and adaptive_solver to 'none'
          predefined             # default   predefined partial wave guesses of type pvxz with x=d,t,q,5,6, need to set guesstype to 'predefined' and adaptive_solver to 'none'
           maxiter_t  100        # default   maximal number of iterations in the amplitude solver
       maxiter_micro  10         # default   Maximum of iterations for every cycle in the adaptive solver
       maxiter_macro  10         # default   Maximum of iterations of cycles in the adaptive solver
                tpno  1.0000e-08 # default   PNO cutoff threshold
          tpno_tight  1.0000e-10 # derived   PNO cutoff for the first iteration
    canonicalize_pno  true       # default   canonicalize the pnos before the amplitude solver
              thresh  1.0000e-04 # defined   MRA threshold
         econv_micro  1.0000e-04 # derived   Energy convergence for microiterations (Greens function based optimization) in adaptive solver
         econv_pairs  1.0000e-05 # derived   ENergy convergence for individual pairs in adaptive solver. Converged pairs are frozen automatically
         econv_macro  1.0000e-04 # derived   Energy convergence for macroiterations in adaptive solver, no effect if adaptive_solver is deactivated
               dconv  1.0000e-01 # default   convergence of every PNO in the Green's function solver
           op_thresh  1.0000e-06 # default   MRA operator thresh
             restart  all        # defined   restart pairs of this type, use 'mp2', 'cispd', 'all' or 'none'
          no_compute  none       # default   do not compute the pairs of this type, use 'mp2', 'cispd', 'all' or 'none'
              no_opt  all        # defined   do not optimize the pnos of this type, use 'mp2', 'cispd', 'all' or 'none'
            no_guess  all        # defined   guess for this type will be empty, use 'mp2', 'cispd', 'all' or 'none'
     adaptive_solver  none       # defined   Use adaptive solver for those pairs, use 'mp2', 'cispd', 'all' or 'none', works only in combination with guesstype 'exop'
                kain  true       # default   use KAIN solver in amplitude solver
       kain_subspace  5          # default   subspace size of the KAIN solver (amplitudes)
                 f12  false      # defined   use explicit correlation
        cispd_number  -1         # default   CIS(D) excitation numbers, to read in correct functions
        cispd_energy  0.0000e+00 # default   CIS energy
        freeze_pairs  none       # default   frozen pairs will not be optimized: Expected format 'a b c d' will freeze pairs ab and cd
freeze_pairs_of_orbital  []         # default    All pairs which originate from this orbital will not be optimized
active_pairs_of_orbital  []         # default    All pairs which originate from this orbital will not be frozen all other pairs will, if this vector is not empty
no_opt_in_first_iteration  false      # default   Do not optimize in the first iteration (then the potentials do not have to be evaluated, use this for large guesses)
            exchange  full       # default   approximate exchange with 'neglect' or xc functional -> same syntax as moldft
           save_pnos  true       # default   Save the OBS-PNOs to a file, before and after orthonormalization.
            diagonal  true       # defined   Compute only diagonal PNOs

end

**********************
Solve PNO-MP2
*********************


**********************
Iterate Pairs
*********************


************************
Standard Solver
***********************

Initializing Pairs:
Restart demanded for mp2 pairs
loading vector of functions mp2_pair11
Found PNOs for mp2_pair11 with rank 3
loading vector of functions mp2_pair21
failed to find PNO mp2_pair21 initialize as zero function
nloading vector of functions mp2_pair22
Found PNOs for mp2_pair22 with rank 3
no guess was explicitly demanded for mp2

timer:                                     RRCD     0.02s     0.02s 
timer:                             MRA compress     0.00s     0.00s 
timer:                          Transform Pairs     0.09s     0.09s 
timer:          apply Q and orthonormalize PNOs     0.35s     0.35s 
Created Guess:
pair11 with 3 guess functions
pair21 with 0 guess functions
pair22 with 3 guess functions
guess pair11 size: 3.6595463753e-03 | 3.6595463753e-03 Gbyte (after truncation)
guess pair22 size: 3.5777688026e-03 | 3.5777688026e-03 Gbyte (after truncation)
timer:                           truncate guess     0.03s     0.03s 
timer:                         Initialize Pairs     0.38s     0.38s 
Information About All Pairs:
mp2_pair11           number=0 rank=  3 frozen=false
mp2_pair21           number=1 rank=  0 frozen=true
mp2_pair22           number=2 rank=  3 frozen=false
number of pairs=3
average rank   =2 (2.0000000000e+00)
largest rank   =3
SolveInternal: Parameters are assigned as
no_compute        = false
no_opt            = true
restart           = true
do_cispd          = false
econv             =1.0000000000e-04
maxrank (min,max) = (3,3)
Solving MP2 doubles
timer:          fock matrix     2.58s     2.58s
Information About All Pairs:
mp2_pair11           number=0 rank=  3 frozen=false
mp2_pair21           number=1 rank=  0 frozen=true
mp2_pair22           number=2 rank=  3 frozen=false
number of pairs=3
average rank   =2 (2.0000000000e+00)
largest rank   =3
PNOPairs Memory Information
Total: 0.0072373152 GB 
PNO  : 0.0072373152 GB 
KPNO : 0.0000000000 GB 
W    : 0.0000000000 GB 

timer:                                 truncate     0.03s     0.03s 
wall time=160.5897350311 chunk=6 allK.size()=6 memory=0.0065830946 GB
timer:                             compute KPNO     3.34s     3.34s 
wall time=160.7040400505 chunk=6 allJ.size()=6 memory=0.0078915358 GB
timer:                             compute JPNO     0.11s     0.11s 
timer:                    compute Fock matrices     1.17s     1.17s 
timer:                             MRA compress     0.00s     0.00s 
timer:                          Transform Pairs     0.20s     0.20s 
timer:                             Canonicalize     0.20s     0.20s 
PNOPairs Memory Information
Total: 0.0136568546 GB 
PNO  : 0.0072373152 GB 
KPNO : 0.0064195395 GB 
W    : 0.0000000000 GB 

timer:                                 truncate     0.02s     0.02s 
mp2_pair21 is frozen: potential not computed
timer:                   Fluctuation Potentials     1.73s     1.73s 
timer:                       Fluctuation Matrix     0.10s     0.10s 
PNOPairs Memory Information
Total: 0.0240426064 GB 
PNO  : 0.0072373152 GB 
KPNO : 0.0064195395 GB 
W    : 0.0103857517 GB 

PNOPairs Memory Information
Total: 0.0240426064 GB 
PNO  : 0.0072373152 GB 
KPNO : 0.0064195395 GB 
W    : 0.0103857517 GB 

timer:                                 truncate     0.05s     0.05s 
timer:                             PNO Overlaps     0.12s     0.12s 
t_iter =  0  Hylleraas energy =  0.0000000000  ||R||_F =  0.2767084161  conv =  no
subspace solution [*]   1.00000000

t_iter =  1  Hylleraas energy =  -0.0465389215  ||R||_F =  0.0000000023  conv =  yes
=======================================================

Hylleraas MP2 Energies

=======================================================
    i    j      singlet      triplet        Total
=======================================================
    1    1  -1.92163e-02  0.00000e+00 -1.92163e-02
    2    1   0.00000e+00  0.00000e+00  0.00000e+00
    2    2  -2.73226e-02  0.00000e+00 -2.73226e-02
=======================================================
Hylleraas MP2 Energies (singlet): -4.65389e-02
Hylleraas MP2 Energies (triplet):  0.00000e+00
Hylleraas MP2 Energies (total)  : -4.65389e-02
=======================================================
-------------------------------------------
Total Reg Energy  =-4.65389e-02
Total F12 Energy  = 0.00000e+00
Sum Energies Total=-4.65389e-02
-------------------------------------------
timer:                         Solve Amplitudes     0.00s     0.00s 
No optimization untill now: Compressing pno ranks with tighter threshold
1.00000e-10 instead of 1.00000e-08
pair11: density evals:
 [*]   0.00468087   0.00468087   0.00555808

pair22: density evals:
 [*]   0.00358661   0.00358661   0.05207908

timer:                            compress PNOs     0.00s     0.00s 
timer:                             MRA compress     0.00s     0.00s 
timer:                          Transform Pairs     0.24s     0.24s 
timer:                          PNO Compression     0.24s     0.24s 
Information About All Pairs:
mp2_pair11           number=0 rank=  3 frozen=false
mp2_pair21           number=1 rank=  0 frozen=true
mp2_pair22           number=2 rank=  3 frozen=false
number of pairs=3
average rank   =2 (2.00000e+00)
largest rank   =3
saving vector of functions mp2_pair11
saving vector of functions mp2_pair22
timer:                        save pnos on disc     0.14s     0.14s 
exiting: Found no_opt keyword
PNO ranks:
PNO Rank for pair pair11 = 3
PNO Rank for pair pair21 = 0
PNO Rank for pair pair22 = 3
average rank 2.00000e+00
timer:                               PNO::solve     9.84s     9.84s 

--------------------------------
ITERATE-PAIRS-INTERNAL-ENDED
--------------------------------
=======================================================

Final MP2 Energies

=======================================================
    i    j      singlet      triplet        Total
=======================================================
    1    1  -1.92163e-02  0.00000e+00 -1.92163e-02
    2    1   0.00000e+00  0.00000e+00  0.00000e+00
    2    2  -2.73226e-02  0.00000e+00 -2.73226e-02
=======================================================
Final MP2 Energies (singlet): -4.65389e-02
Final MP2 Energies (triplet):  0.00000e+00
Final MP2 Energies (total)  : -4.65389e-02
=======================================================
-------------------------------------------
Total Reg Energy  =-4.65389e-02
Total F12 Energy  = 0.00000e+00
Sum Energies Total=-4.65389e-02
-------------------------------------------
Average | Max Rank: 2 | 3
                 time pno = 6.88603e+01
               energy mp2 = -4.65389e-02
     average pno rank mp2 = 2
         max pno rank mp2 = 3
--------------------------------------------------
            energy(total) = -1.56512e+01
--------------------------------------------------



Orthonormalization technique used: symmetric
No CABS used.
Tightening thresholds to +0.00010000 for post-processing
Overlap Matrix of all PNOs:
+1.00000244 -0.30531049 -0.00000000 +0.00000000 -0.00000000 -0.00000000 
-0.30531049 +0.99999727 +0.00000000 +0.00000000 +0.00000000 -0.00000000 
-0.00000000 +0.00000000 +1.00000000 +0.00000000 -0.05617494 +0.03826808 
+0.00000000 +0.00000000 +0.00000000 +1.00000000 +0.03826808 +0.05617494 
-0.00000000 +0.00000000 -0.05617494 +0.03826808 +1.00000000 -0.00000000 
-0.00000000 -0.00000000 +0.03826808 +0.05617494 -0.00000000 +1.00000000 
Before cherry pick
rank is +0
all used occupation numbers:
[+0.05207908 +0.00555808 +0.00468087 +0.00468087 +0.00358661 +0.00358661 ]
corresponding to active pairs:
[(1,1) (0,0) (0,0) (0,0) (1,1) (1,1) ]
After cherry pick
all used occupation numbers:
[+0.05207908 +0.00555808 +0.00468087 +0.00468087 +0.00358661 +0.00358661 ]
corresponding to active pairs:
[(1,1) (0,0) (0,0) (0,0) (1,1) (1,1) ]
Overlap Matrix before symmetric
[+0,*]  +1.00000244  -0.30531049  -0.00000000  +0.00000000  -0.00000000  -0.00000000
[+1,*]  -0.30531049  +0.99999727  +0.00000000  +0.00000000  +0.00000000  -0.00000000
[+2,*]  -0.00000000  +0.00000000  +1.00000000  +0.00000000  -0.05617494  +0.03826808
[+3,*]  +0.00000000  +0.00000000  +0.00000000  +1.00000000  +0.03826808  +0.05617494
[+4,*]  -0.00000000  +0.00000000  -0.05617494  +0.03826808  +1.00000000  -0.00000000
[+5,*]  -0.00000000  -0.00000000  +0.03826808  +0.05617494  -0.00000000  +1.00000000
Overlap Matrix after symmetric
[+0,*]  +1.00000000  +0.00000000  +0.00000000  -0.00000000  -0.00000000  +0.00000000
[+1,*]  +0.00000000  +1.00000000  +0.00000000  -0.00000000  +0.00000000  +0.00000000
[+2,*]  +0.00000000  +0.00000000  +1.00000000  -0.00000000  -0.00000000  +0.00000000
[+3,*]  -0.00000000  -0.00000000  -0.00000000  +1.00000000  +0.00000000  +0.00000000
[+4,*]  -0.00000000  +0.00000000  -0.00000000  +0.00000000  +1.00000000  +0.00000000
[+5,*]  +0.00000000  +0.00000000  +0.00000000  +0.00000000  +0.00000000  +1.00000000
Adding 3 HF orbitals
Size before adding CABS: 9.
Size after adding CABS: 9.
Compute G and F Tensor:
Assemble g,f using symmetries...
non zero elements:
 g : +11111
 h : +37
Overlap over whole basis
[+0,*]  +1.00000000  -0.00000052  +0.00000083  +0.00001276  +0.00002832  -0.00000000  +0.00000000  -0.00000000  -0.00000000
[+1,*]  -0.00000052  +1.00000000  +0.00000049  +0.00000395  +0.00000874  -0.00000000  +0.00000000  -0.00000000  -0.00000000
[+2,*]  +0.00000083  +0.00000049  +1.00000000  -0.00000092  -0.00000205  +0.00000000  -0.00000000  -0.00000000  -0.00000000
[+3,*]  +0.00001276  +0.00000395  -0.00000092  +1.00000000  +0.00000000  +0.00000000  -0.00000000  -0.00000000  +0.00000000
[+4,*]  +0.00002832  +0.00000874  -0.00000205  +0.00000000  +1.00000000  +0.00000000  +0.00000000  +0.00000000  +0.00000000
[+5,*]  -0.00000000  -0.00000000  +0.00000000  +0.00000000  +0.00000000  +1.00000000  +0.00000000  -0.00000000  +0.00000000
[+6,*]  +0.00000000  +0.00000000  -0.00000000  -0.00000000  +0.00000000  +0.00000000  +1.00000000  +0.00000000  +0.00000000
[+7,*]  -0.00000000  -0.00000000  -0.00000000  -0.00000000  +0.00000000  -0.00000000  +0.00000000  +1.00000000  +0.00000000
[+8,*]  -0.00000000  -0.00000000  -0.00000000  +0.00000000  +0.00000000  +0.00000000  +0.00000000  +0.00000000  +1.00000000

||S-1||=+0.00004611
finished at time 238.5

    Parallel environment
    --------------------
                  #nodes    1
       #threads per node    11+main = 12
          #total threads    12

  RMI message statistics (min / avg / max)
  ----------------------
   #messages in server q    0.00e+00 / 0.00e+00 / 0.00e+00
 #messages sent per node    0.00e+00 / 0.00e+00 / 0.00e+00
    #bytes sent per node    0.00e+00 / 0.00e+00 / 0.00e+00
 #messages recv per node    0.00e+00 / 0.00e+00 / 0.00e+00
    #bytes recv per node    0.00e+00 / 0.00e+00 / 0.00e+00
        #msgs systemwide    0.00e+00
       #bytes systemwide    0.00e+00

  Thread pool statistics (min / avg / max)
  ----------------------
         #tasks per node    1.46e+07 / 1.46e+07 / 1.46e+07
     #max q len per node    1.26e+04 / 1.26e+04 / 1.26e+04
  #hi-pri tasks per node    4.40e+06 / 4.40e+06 / 4.40e+06

         Total wall time    238.4s
         Total  cpu time    238.4s

