MADNESS runtime initialized with 11 threads in the pool and affinity -1 -1 -1
starting at time 0.0

--------------------------------------------
   MADNESS 0.10.1 multiresolution suite
--------------------------------------------

   number of processors ... 1
    processor frequency ... 3.695777e+09
            host system ... Linux
          configured by ... kottmann
          configured on ... wittgenstein
          configured at ... 2021-02-10T21:25:26
                    CXX ... /usr/bin/c++
               CXXFLAGS ... -O3 -DNDEBUG -I/h/28/kottmann/install/numcpp/include/ -I/h/28/kottmann/install/boost/boost_1_72_0/include/ -std=c++1z
             tuning for ... default
                    MPI ... multiple
 multi-threaded runtime ... MADNESS ThreadPool
                   BLAS ... Intel MKL 66583 66583 MFLOP/s
               compiled ... 13:08:26  on  Feb 23 2021


-------------------------------------------------------------------------------------
SOLVING MRA-PNO-F12 as described in 
J.S. Kottmann, F.A. Bischoff, E.F. Valeev
Direct determination of optimal pair-natural orbitals in a real-space representation:
the second-order Møller-Plesset energy
Journal of Chemical Physics ... 2020
-------------------------------------------------------------------------------------


This script will run PNO-MP2 and print out tensors in binary
Call as: pno_integrals inputfileinput is input
ignoring unknown parameter in input file:  ncf

Angstrom being used to read input coordinates (1 Bohr = 1.88972613 Angstrom)


Asymptotic correction parameters
---------------------------------------
Atom vector is not empty: false
Using multipole approximation: false
Number of electrons = -1
Ionisation energy = 0.000000e+00
E(HOMO) = 0.000000e+00
R1 = 3.000000e+00
R2 = 4.000000e+00
DFT coefficient = 0.000000e+00
Interpolation scheme = linear
constructed symmetry operator for point group C1
dft
              charge  0.0000e+00 # defined   total molecular charge
                  xc  hf         # defined   XC input line
               smear  0.0000e+00 # default   smearing parameter
               econv  1.0000e-04 # defined   energy convergence
               dconv  5.0000e-04 # defined   density convergence
convergence_criteria  [bsh_residual, total_energy] # default   possible values are: bsh_residual, total_energy, each_energy, density
                   k  7          # defined   polynomial order
                   l  5.4063e+01 # derived   user coordinates box size
               deriv  abgv       # default   derivative method                            [abgv, bspline, ble]
           dft_deriv  abgv       # default   derivative method for gga potentials         [abgv, bspline, ble]
             maxrotn  2.5000e-01 # default   step restriction used in autoshift algorithm
             nvalpha  0          # default   number of alpha virtuals to compute
              nvbeta  0          # default   number of beta virtuals to compute
               nopen  0          # default   number of unpaired electrons = nalpha-nbeta
             maxiter  25         # default   maximum number of iterations
                 nio  1          # default   no. of io servers to use
     spin_restricted  true       # default   true if spin restricted
              plotlo  0          # default   range of MOs to print (for both spins if polarized
              plothi  -1         # default   range of MOs to print (for both spins if polarized
            plotdens  false      # default   If true print the density at convergence
            plotcoul  false      # default   If true plot the total coulomb potential at convergence
            localize  boys       # defined   localization method                          [pm, boys, new, canon]
          pointgroup  c1         # derived   use point (sub) group symmetry if not localized[c1, c2, ci, cs, c2v, c2h, d2, d2h]
             restart  false      # default   if true restart from orbitals on disk
           restartao  false      # default   if true restart from orbitals projected into AO basis (STO3G) on disk
          no_compute  false      # default   if true use orbitals on disk, set value to computed
           no_orient  false      # default   if true the molecule coordinates will not be reoriented
                save  true       # default   if true save orbitals to disk
              maxsub  10         # default   size of iterative subspace ... set to 0 or 1 to disable
        orbitalshift  0.0000e+00 # default   scf orbital shift: shift the occ orbitals to lower energies
            npt_plot  101        # default   no. of points to use in each dim for plots
           plot_cell  []         # default   lo hi in each dimension for plotting (default is all space)
             aobasis  6-31g      # derived   AO basis used for initial guess (6-31g or sto-3g)
           core_type  none       # default   core potential type                          [none, mpc]
         derivatives  false      # default   if true calculate nuclear derivatives
              dipole  false      # default   if true calculate dipole moment
      conv_only_dens  false      # default   if true remove bsh_residual from convergence criteria (deprecated)
            psp_calc  false      # default   pseudopotential calculation for all atoms
 print_dipole_matels  false      # default   if true output dipole matrix elements
            pcm_data  none       # default   do a PCM (solvent) calculation
             ac_data  none       # default   do a calculation with asymptotic correction (see ACParameters class in chem/AC.h for details)
             pure_ae  true       # default   pure all electron calculation with no pseudo-atoms
         print_level  3          # default   0: no output; 1: final energy; 2: iterations; 3: timings; 10: debug
              nalpha  3          # derived   number of alpha spin electrons
               nbeta  3          # derived   number of beta  spin electrons
           nmo_alpha  3          # derived   number of alpha spin molecular orbitals
            nmo_beta  3          # derived   number of beta spin molecular orbitals
                  lo  9.0905e-04 # derived   smallest length scale we need to resolve
            protocol  [1.0000e-04, 1.0000e-06] # derived   calculation protocol
                gopt  false      # default   geometry optimizer
                gtol  1.0000e-04 # default   geometry tolerance
               gtest  false      # default   geometry tolerance
                gval  1.0000e-05 # default   value precision
               gprec  1.0000e-04 # default   gradient precision
            gmaxiter  20         # default   optimization maxiter
    ginitial_hessian  false      # default   compute inital hessian for optimization
              algopt  bfgs       # default   algorithm used for optimization              [bfgs, cg]
            tdksprop  false      # default   time-dependent Kohn-Sham equation propagate
           nv_factor  1          # default   factor to multiply number of virtual orbitals with when automatically decreasing nvirt
           vnucextra  2          # default   load balance parameter for nuclear pot
        loadbalparts  2          # default   ??
            response  false      # default   response function calculation
       response_freq  0.0000e+00 # default   frequency for calculation response function
       response_axis  [1, 1, 1]  # default   response axis
           nonrotate  false      # default   if true do not molcule orient (redundant with no_orient
               rconv  1.0000e-06 # default   Response convergence
              efield  0.0000e+00 # default   eps for finite field
         efield_axis  0          # default   finite field axis                            [0, 1, 2]
              nwfile  none       # default   Base name of nwchem output files (.out and .movecs extensions) to read from
                 ncf  (none,1.0000e+00) # defined   nuclear correlation factor
             hessian  false      # default   compute the hessian matrix
           read_cphf  false      # default   read the converged orbital response for nuclear displacements from file
        restart_cphf  false      # default   read the guess orbital response for nuclear displacements from file
      purify_hessian  false      # default   symmetrize the hessian matrix based on atomic charges

end
              charge  0.0000e+00 # defined   total molecular charge
                  xc  hf         # defined   XC input line
               smear  0.0000e+00 # default   smearing parameter
               econv  1.0000e-04 # defined   energy convergence
               dconv  5.0000e-04 # defined   density convergence
convergence_criteria  [bsh_residual, total_energy] # default   possible values are: bsh_residual, total_energy, each_energy, density
                   k  7          # defined   polynomial order
                   l  5.4063e+01 # derived   user coordinates box size
               deriv  abgv       # default   derivative method                            [abgv, bspline, ble]
           dft_deriv  abgv       # default   derivative method for gga potentials         [abgv, bspline, ble]
             maxrotn  2.5000e-01 # default   step restriction used in autoshift algorithm
             nvalpha  0          # default   number of alpha virtuals to compute
              nvbeta  0          # default   number of beta virtuals to compute
               nopen  0          # default   number of unpaired electrons = nalpha-nbeta
             maxiter  25         # default   maximum number of iterations
                 nio  1          # default   no. of io servers to use
     spin_restricted  true       # default   true if spin restricted
              plotlo  0          # default   range of MOs to print (for both spins if polarized
              plothi  -1         # default   range of MOs to print (for both spins if polarized
            plotdens  false      # default   If true print the density at convergence
            plotcoul  false      # default   If true plot the total coulomb potential at convergence
            localize  boys       # defined   localization method                          [pm, boys, new, canon]
          pointgroup  c1         # derived   use point (sub) group symmetry if not localized[c1, c2, ci, cs, c2v, c2h, d2, d2h]
             restart  false      # default   if true restart from orbitals on disk
           restartao  false      # default   if true restart from orbitals projected into AO basis (STO3G) on disk
          no_compute  false      # default   if true use orbitals on disk, set value to computed
           no_orient  false      # default   if true the molecule coordinates will not be reoriented
                save  true       # default   if true save orbitals to disk
              maxsub  10         # default   size of iterative subspace ... set to 0 or 1 to disable
        orbitalshift  0.0000e+00 # default   scf orbital shift: shift the occ orbitals to lower energies
            npt_plot  101        # default   no. of points to use in each dim for plots
           plot_cell  []         # default   lo hi in each dimension for plotting (default is all space)
             aobasis  6-31g      # derived   AO basis used for initial guess (6-31g or sto-3g)
           core_type  none       # default   core potential type                          [none, mpc]
         derivatives  false      # default   if true calculate nuclear derivatives
              dipole  false      # default   if true calculate dipole moment
      conv_only_dens  false      # default   if true remove bsh_residual from convergence criteria (deprecated)
            psp_calc  false      # default   pseudopotential calculation for all atoms
 print_dipole_matels  false      # default   if true output dipole matrix elements
            pcm_data  none       # default   do a PCM (solvent) calculation
             ac_data  none       # default   do a calculation with asymptotic correction (see ACParameters class in chem/AC.h for details)
             pure_ae  true       # default   pure all electron calculation with no pseudo-atoms
         print_level  3          # default   0: no output; 1: final energy; 2: iterations; 3: timings; 10: debug
              nalpha  3          # derived   number of alpha spin electrons
               nbeta  3          # derived   number of beta  spin electrons
           nmo_alpha  3          # derived   number of alpha spin molecular orbitals
            nmo_beta  3          # derived   number of beta spin molecular orbitals
                  lo  9.0905e-04 # derived   smallest length scale we need to resolve
            protocol  [1.0000e-04, 1.0000e-06] # derived   calculation protocol
                gopt  false      # default   geometry optimizer
                gtol  1.0000e-04 # default   geometry tolerance
               gtest  false      # default   geometry tolerance
                gval  1.0000e-05 # default   value precision
               gprec  1.0000e-04 # default   gradient precision
            gmaxiter  20         # default   optimization maxiter
    ginitial_hessian  false      # default   compute inital hessian for optimization
              algopt  bfgs       # default   algorithm used for optimization              [bfgs, cg]
            tdksprop  false      # default   time-dependent Kohn-Sham equation propagate
           nv_factor  1          # default   factor to multiply number of virtual orbitals with when automatically decreasing nvirt
           vnucextra  2          # default   load balance parameter for nuclear pot
        loadbalparts  2          # default   ??
            response  false      # default   response function calculation
       response_freq  0.0000e+00 # default   frequency for calculation response function
       response_axis  [1, 1, 1]  # default   response axis
           nonrotate  false      # default   if true do not molcule orient (redundant with no_orient
               rconv  1.0000e-06 # default   Response convergence
              efield  0.0000e+00 # default   eps for finite field
         efield_axis  0          # default   finite field axis                            [0, 1, 2]
              nwfile  none       # default   Base name of nwchem output files (.out and .movecs extensions) to read from



 geometry
   eprec 1.0e-06
   units atomic
   Be            0.00000000           0.00000000           0.09448631
   H             0.00000000           0.00000000           3.68496596
   H             0.00000000           0.00000000          -4.06291119
 end

Solving NDIM= 3  with thresh 1.000000e-04     k 7    conv 5.000000e-04 

timer:     Project vnuclear     0.61s     0.61s
constructed nuclear correlation factor of the form
    R   =  1.000000e+00
with eprec  1.000000e-06
which means it's (nearly) a conventional calculation

timer:        reproject ncf     1.87s     1.87s
timer:        guess density     0.53s     0.53s
timer:   guess Coulomb potn     0.49s     0.49s
timer:       guess lda potn     0.26s     0.26s
timer:        guess overlap     0.08s     0.08s
timer:    KEmat reconstruct     0.06s     0.06s
timer:  KEmat differentiate     0.29s     0.29s
timer:       KEmat compress     0.08s     0.08s
timer: KEmat inner products     0.17s     0.17s
timer:     guess Kinet potn     0.64s     0.64s
timer:           guess fock     0.43s     0.43s
timer:      guess eigen sol     0.04s     0.04s
timer: guess orbital groupi     0.16s     0.16s

starting protocol at time      7.5s 
precision steps  1.000000e-04  -->  1.000000e-04
protocol: thresh 1.000000e-04 econv  1.000000e-04 dconv 5.000000e-04

ending protocol at time      7.5s 

Solving NDIM= 3  with thresh 1.000000e-04     k 7    conv 5.000000e-04 

timer:        Boys localize     1.00s     1.00s
orbital irreps []
timer:      reconstruct psi     0.15s     0.15s
timer:        compute Jnemo     0.74s     0.74s
timer:        compute Knemo     2.16s     2.16s
timer: compute Unemo 0.0156     0.22s     0.22s

  nuclear and kinetic     -24.35024728
         kinetic only      15.18118587
              coulomb       9.78118780
             exchange      -3.24181240
    nuclear-repulsion       2.20526527
   regularized energy     -15.60560661
  buggy if hybrid functionals are used..
timer:       compute energy     3.61s     3.61s
Norm of vector changes ab spin case : rms 5.284773e-02    max 7.278393e-02
convergence: bshresidual, energy change, max energy change, density change 5.7e-02 1.6e+01 1.6e+01 1.4e+00
finished iteration  0 at time     20.6s with energy  -15.60560661
timer:        Boys localize     1.14s     1.14s
orbital irreps []
timer:      reconstruct psi     0.18s     0.18s
timer:        compute Jnemo     0.71s     0.71s
timer:        compute Knemo     2.31s     2.31s
timer: compute Unemo 0.0154     0.17s     0.17s

  nuclear and kinetic     -24.41433325
         kinetic only      15.14589357
              coulomb       9.79713658
             exchange      -3.22018917
    nuclear-repulsion       2.20526527
   regularized energy     -15.63212056
  buggy if hybrid functionals are used..
timer:       compute energy     3.68s     3.68s
Norm of vector changes ab spin case : rms 2.554493e-02    max 3.452224e-02
convergence: bshresidual, energy change, max energy change, density change 1.8e-02 2.7e-02 6.4e-02 1.2e-02
finished iteration  1 at time     34.1s with energy  -15.63212056
timer:        Boys localize     1.01s     1.01s
orbital irreps []
timer:      reconstruct psi     0.19s     0.19s
timer:        compute Jnemo     0.68s     0.68s
timer:        compute Knemo     2.15s     2.15s
timer: compute Unemo 0.0154     0.24s     0.24s

  nuclear and kinetic     -24.44967108
         kinetic only      15.13755067
              coulomb       9.81909744
             exchange      -3.21047660
    nuclear-repulsion       2.20526527
   regularized energy     -15.63578496
  buggy if hybrid functionals are used..
timer:       compute energy     3.63s     3.63s
Norm of vector changes ab spin case : rms 5.890443e-03    max 8.113367e-03
convergence: bshresidual, energy change, max energy change, density change 3.3e-03 3.7e-03 3.5e-02 2.7e-03
finished iteration  2 at time     47.4s with energy  -15.63578496
timer:        Boys localize     1.00s     1.00s
orbital irreps []
timer:      reconstruct psi     0.14s     0.14s
timer:        compute Jnemo     0.71s     0.71s
timer:        compute Knemo     2.22s     2.22s
timer: compute Unemo 0.0153     0.20s     0.20s

  nuclear and kinetic     -24.46301744
         kinetic only      15.13360624
              coulomb       9.82982426
             exchange      -3.20812734
    nuclear-repulsion       2.20526527
   regularized energy     -15.63605524
  buggy if hybrid functionals are used..
timer:       compute energy     3.88s     3.88s
Norm of vector changes ab spin case : rms 2.728992e-03    max 3.590234e-03
convergence: bshresidual, energy change, max energy change, density change 1.3e-03 2.7e-04 1.3e-02 6.6e-04
finished iteration  3 at time     61.3s with energy  -15.63605524
timer:        Boys localize     1.09s     1.09s
orbital irreps []
timer:      reconstruct psi     0.16s     0.16s
timer:        compute Jnemo     0.70s     0.70s
timer:        compute Knemo     2.06s     2.06s
timer: compute Unemo 0.0154     0.23s     0.23s

  nuclear and kinetic     -24.46774950
         kinetic only      15.13232559
              coulomb       9.83427112
             exchange      -3.20788165
    nuclear-repulsion       2.20526527
   regularized energy     -15.63609476
  buggy if hybrid functionals are used..
timer:       compute energy     3.76s     3.76s
Norm of vector changes ab spin case : rms 1.110186e-03    max 1.463241e-03
convergence: bshresidual, energy change, max energy change, density change 5.5e-04 4.0e-05 4.7e-03 2.4e-04
finished iteration  4 at time     75.2s with energy  -15.63609476
timer:        Boys localize     1.04s     1.04s
orbital irreps []
timer:      reconstruct psi     0.15s     0.15s
timer:        compute Jnemo     0.76s     0.76s
timer:        compute Knemo     2.11s     2.11s
timer: compute Unemo 0.0153     0.22s     0.22s

  nuclear and kinetic     -24.46810337
         kinetic only      15.13212381
              coulomb       9.83487281
             exchange      -3.20813857
    nuclear-repulsion       2.20526527
   regularized energy     -15.63610386
  buggy if hybrid functionals are used..
timer:       compute energy     3.72s     3.72s
Norm of vector changes ab spin case : rms 4.032773e-04    max 5.282529e-04
convergence: bshresidual, energy change, max energy change, density change 3.1e-04 9.1e-06 6.0e-04 9.2e-05
finished iteration  5 at time     89.3s with energy  -15.63610386

Iterations converged


ending protocol at time     89.3s 

 Dipole Moment (a.u.)
 -----------

     x:  -8.080487e-14
     y:  -9.849839e-14
     z:  2.758647e-01
 Total Dipole Moment:  2.758647e-01 

timer:               dipole     0.04s     0.04s
Nemo Orbital Energies: [*]  -4.81300387  -0.41872397  -0.37558961

nemo energy:  -1.563610e+01
 at time 89.7
PNO Integrals evaluated as:
pnoint
       rank_increase  15         # default   maximum rank to increase in every macroiteration
               chunk  100        # default   chunk of functions operated on in parallel when G or K is applied (prevent memory shortage)
               debug  false      # default   debug mode
              freeze  1          # derived   frozen core approximation
             maxrank  4          # defined   maximal pno rank for all pairs
           guesstype  exop       # derived   the guesstype: exop (recommended, multiply polynomial excitation operators onto the occupied orbitals), empty (don't compute a guess), scf (use the ao basis from the SCF solver), partial_wave (create s,p,d ..., type functions and place on atoms), predefined (same as partial_wave but for predefined sets)
                exop  multipole  # derived   this string defines which excitation operators can be used, use 'dipole', 'dipole+', 'quadrupole', 'ocopole', or 'multipole', need to set guesstype to 'exop' which is the default
          exop_trigo  true       # default   use trigonometric excitation operators ( x --> sin(x)
        partial_wave             # default   atom centered partial wave guess of format like 'h-2s1p-o-3s2p1d', need to set guesstype to 'partial_wave' and adaptive_solver to 'none'
          predefined             # default   predefined partial wave guesses of type pvxz with x=d,t,q,5,6, need to set guesstype to 'predefined' and adaptive_solver to 'none'
           maxiter_t  100        # default   maximal number of iterations in the amplitude solver
       maxiter_micro  10         # default   Maximum of iterations for every cycle in the adaptive solver
       maxiter_macro  10         # default   Maximum of iterations of cycles in the adaptive solver
                tpno  1.0000e-08 # default   PNO cutoff threshold
          tpno_tight  1.0000e-10 # derived   PNO cutoff for the first iteration
    canonicalize_pno  true       # default   canonicalize the pnos before the amplitude solver
              thresh  1.0000e-04 # defined   MRA threshold
         econv_micro  1.0000e-04 # derived   Energy convergence for microiterations (Greens function based optimization) in adaptive solver
         econv_pairs  1.0000e-05 # derived   ENergy convergence for individual pairs in adaptive solver. Converged pairs are frozen automatically
         econv_macro  1.0000e-04 # derived   Energy convergence for macroiterations in adaptive solver, no effect if adaptive_solver is deactivated
               dconv  1.0000e-01 # default   convergence of every PNO in the Green's function solver
           op_thresh  1.0000e-06 # default   MRA operator thresh
             restart  none       # derived   restart pairs of this type, use 'mp2', 'cispd', 'all' or 'none'
          no_compute  none       # default   do not compute the pairs of this type, use 'mp2', 'cispd', 'all' or 'none'
              no_opt  none       # default   do not optimize the pnos of this type, use 'mp2', 'cispd', 'all' or 'none'
            no_guess  none       # derived   guess for this type will be empty, use 'mp2', 'cispd', 'all' or 'none'
     adaptive_solver  all        # default   Use adaptive solver for those pairs, use 'mp2', 'cispd', 'all' or 'none', works only in combination with guesstype 'exop'
                kain  true       # default   use KAIN solver in amplitude solver
       kain_subspace  5          # default   subspace size of the KAIN solver (amplitudes)
                 f12  false      # defined   use explicit correlation
        cispd_number  -1         # default   CIS(D) excitation numbers, to read in correct functions
        cispd_energy  0.0000e+00 # default   CIS energy
        freeze_pairs  none       # default   frozen pairs will not be optimized: Expected format 'a b c d' will freeze pairs ab and cd
freeze_pairs_of_orbital  []         # default    All pairs which originate from this orbital will not be optimized
active_pairs_of_orbital  []         # default    All pairs which originate from this orbital will not be frozen all other pairs will, if this vector is not empty
no_opt_in_first_iteration  false      # default   Do not optimize in the first iteration (then the potentials do not have to be evaluated, use this for large guesses)
            exchange  full       # default   approximate exchange with 'neglect' or xc functional -> same syntax as moldft
           save_pnos  true       # default   Save the OBS-PNOs to a file, before and after orthonormalization.
            diagonal  true       # defined   Compute only diagonal PNOs
              orthog  symmetric  # defined   orthogonalization method for PNO basis, also current default for a potential CABS. options: symmetric, canonical, cholesky, rr_cholesky,
         orthog_cabs  default    # default   orthogonalization method for CABS basis. options: symmetric, canonical, cholesky, rr_cholesky, uses same as orbitals basis if default.
               n_pno  4          # defined   desired size of PNO-basis (orbital space)
         cabs_option  none       # default   type of complementary auxiliary basis to be used. can be none ~ no CABS, gbs ~ Gaussian basis set as CABS, requires input via auxbas_file, pno ~ use superfluous PNOs as CABS, mixed ~ gbs&pno-option
       pno_cabs_size  -1         # default   size of a potential pno-cabs. defaults to -1 ~ all remaining PNOs, if pno-cabs or mixed-cabs
           only_diag  false      # default   use only diagonal elements PNOs
         cherry_pick  []         # default   cherry pick option to choose particular set of PNOs, not just blindly by occupation number. can be useful, if only a restricted number of PNOs can be used, to avoid separating degenerate pairs. can be envoked by passing a vector via [ elem1, elem2, ... ]
               gamma  1.4000e+00 # default   The f12 length scale, here to be used to compute f12-integrals
         cabs_thresh  1.0000e-04 # derived    thresh for cabs part
              auxbas  none       # default   atom centered partial wave guess of format like 'h-2s1p-o-3s2p1d'
         auxbas_file  none       # default   Use external comp. aux. basis in addition to the pnos as auxbasis. Give the filename as parameter. Give the auxbas in turbomole format. Don't use contractions. If a file is specified the auxbas parameter has no effect
   print_pno_overlap  true       # default   Print overlap matrix at certain steps in computation, for debugging purposes.
              n_virt  0          # defined   Compute this number of virtuals and include them in the integral construction, experimental and not robust!.
      hardcore_boson  false      # default   compute only integrals for hardcore boson hamiltonian (restricted to double occupations)

end
F12 Operators initialized right
timer:                    Testing F12 Operators     0.71s     0.71s 
timer:  Initializing (active) Exchange Orbitals     2.25s     2.25s 
Size of active mos and their exchange potentials:
K(acmos)=3.148437e-03 Gbyte
acmos   =2.616882e-03 Gbyte
PNO Parameters
pno
       rank_increase  15         # default   maximum rank to increase in every macroiteration
               chunk  100        # default   chunk of functions operated on in parallel when G or K is applied (prevent memory shortage)
               debug  false      # default   debug mode
              freeze  1          # derived   frozen core approximation
             maxrank  4          # defined   maximal pno rank for all pairs
           guesstype  exop       # derived   the guesstype: exop (recommended, multiply polynomial excitation operators onto the occupied orbitals), empty (don't compute a guess), scf (use the ao basis from the SCF solver), partial_wave (create s,p,d ..., type functions and place on atoms), predefined (same as partial_wave but for predefined sets)
                exop  multipole  # derived   this string defines which excitation operators can be used, use 'dipole', 'dipole+', 'quadrupole', 'ocopole', or 'multipole', need to set guesstype to 'exop' which is the default
          exop_trigo  true       # default   use trigonometric excitation operators ( x --> sin(x)
        partial_wave             # default   atom centered partial wave guess of format like 'h-2s1p-o-3s2p1d', need to set guesstype to 'partial_wave' and adaptive_solver to 'none'
          predefined             # default   predefined partial wave guesses of type pvxz with x=d,t,q,5,6, need to set guesstype to 'predefined' and adaptive_solver to 'none'
           maxiter_t  100        # default   maximal number of iterations in the amplitude solver
       maxiter_micro  10         # default   Maximum of iterations for every cycle in the adaptive solver
       maxiter_macro  10         # default   Maximum of iterations of cycles in the adaptive solver
                tpno  1.0000e-08 # default   PNO cutoff threshold
          tpno_tight  1.0000e-10 # derived   PNO cutoff for the first iteration
    canonicalize_pno  true       # default   canonicalize the pnos before the amplitude solver
              thresh  1.0000e-04 # defined   MRA threshold
         econv_micro  1.0000e-04 # derived   Energy convergence for microiterations (Greens function based optimization) in adaptive solver
         econv_pairs  1.0000e-05 # derived   ENergy convergence for individual pairs in adaptive solver. Converged pairs are frozen automatically
         econv_macro  1.0000e-04 # derived   Energy convergence for macroiterations in adaptive solver, no effect if adaptive_solver is deactivated
               dconv  1.0000e-01 # default   convergence of every PNO in the Green's function solver
           op_thresh  1.0000e-06 # default   MRA operator thresh
             restart  none       # derived   restart pairs of this type, use 'mp2', 'cispd', 'all' or 'none'
          no_compute  none       # default   do not compute the pairs of this type, use 'mp2', 'cispd', 'all' or 'none'
              no_opt  none       # default   do not optimize the pnos of this type, use 'mp2', 'cispd', 'all' or 'none'
            no_guess  none       # derived   guess for this type will be empty, use 'mp2', 'cispd', 'all' or 'none'
     adaptive_solver  all        # default   Use adaptive solver for those pairs, use 'mp2', 'cispd', 'all' or 'none', works only in combination with guesstype 'exop'
                kain  true       # default   use KAIN solver in amplitude solver
       kain_subspace  5          # default   subspace size of the KAIN solver (amplitudes)
                 f12  false      # defined   use explicit correlation
        cispd_number  -1         # default   CIS(D) excitation numbers, to read in correct functions
        cispd_energy  0.0000e+00 # default   CIS energy
        freeze_pairs  none       # default   frozen pairs will not be optimized: Expected format 'a b c d' will freeze pairs ab and cd
freeze_pairs_of_orbital  []         # default    All pairs which originate from this orbital will not be optimized
active_pairs_of_orbital  []         # default    All pairs which originate from this orbital will not be frozen all other pairs will, if this vector is not empty
no_opt_in_first_iteration  false      # default   Do not optimize in the first iteration (then the potentials do not have to be evaluated, use this for large guesses)
            exchange  full       # default   approximate exchange with 'neglect' or xc functional -> same syntax as moldft
           save_pnos  true       # default   Save the OBS-PNOs to a file, before and after orthonormalization.
            diagonal  true       # defined   Compute only diagonal PNOs

end

**********************
Solve PNO-MP2
*********************


**********************
Iterate Pairs
*********************


************************
Adaptive Solver
***********************

Initializing empty Pairs:
no guess was explicitly demanded for mp2

timer:                                     RRCD     0.00s     0.00s 
timer:                             MRA compress     0.00s     0.00s 
timer:                          Transform Pairs     0.00s     0.00s 
timer:          apply Q and orthonormalize PNOs     0.00s     0.00s 
Created Guess:
pair11 with 0 guess functions
pair21 with 0 guess functions
pair22 with 0 guess functions
guess pair11 size: 0.0000000000e+00 | 0.0000000000e+00 Gbyte (after truncation)
guess pair22 size: 0.0000000000e+00 | 0.0000000000e+00 Gbyte (after truncation)
timer:                           truncate guess     0.00s     0.00s 
timer:                         Initialize Pairs     0.00s     0.00s 
Keyword multipole is not known
Guess protocol for adaptively growing ranks is: [dipole+, quadrupole, big_fock_3, big_fock_3, big_fock_3, big_fock_3, big_fock_3, big_fock_3, big_fock_3, big_fock_3]


--------Adaptive Solver Macroiteration 0 from max 10 ----------

Growing ranks with exop=dipole+
Create guess functions by multiplying plane-waves to 1 functions 
Created 4 virtuals for pair11
pair21 is frozen: no growing
Create guess functions by multiplying plane-waves to 1 functions 
Created 4 virtuals for pair22
frozen pair: no orthonormalization
timer:                                     RRCD     0.03s     0.03s 
timer:                             MRA compress     0.00s     0.00s 
timer:                          Transform Pairs     0.10s     0.10s 
timer:                        grow PNO subspace     1.82s     1.82s 
SolveInternal: Parameters are assigned as
no_compute        = false
no_opt            = false
restart           = false
do_cispd          = false
econv             =1.0000000000e-04
maxrank (min,max) = (4,4)
Solving MP2 doubles
timer:          fock matrix     2.90s     2.90s
Information About All Pairs:
mp2_pair11           number=0 rank=  4 frozen=false
mp2_pair21           number=1 rank=  0 frozen=true
mp2_pair22           number=2 rank=  4 frozen=false
number of pairs=3
average rank   =2 (2.6666666667e+00)
largest rank   =4
PNOPairs Memory Information
Total: 0.0098950863 GB 
PNO  : 0.0098950863 GB 
KPNO : 0.0000000000 GB 
W    : 0.0000000000 GB 

timer:                                 truncate     0.05s     0.05s 
wall time=103.5881938934 chunk=8 allK.size()=8 memory=0.0103039742 GB
timer:                             compute KPNO     4.26s     4.26s 
wall time=103.7691018581 chunk=8 allJ.size()=8 memory=0.0108764172 GB
timer:                             compute JPNO     0.18s     0.18s 
timer:                    compute Fock matrices     1.25s     1.25s 
timer:                             MRA compress     0.00s     0.00s 
timer:                          Transform Pairs     0.27s     0.27s 
timer:                             Canonicalize     0.27s     0.27s 
PNOPairs Memory Information
Total: 0.0200355053 GB 
PNO  : 0.0097315311 GB 
KPNO : 0.0103039742 GB 
W    : 0.0000000000 GB 

timer:                                 truncate     0.06s     0.06s 
mp2_pair21 is frozen: potential not computed
timer:                   Fluctuation Potentials     2.06s     2.06s 
timer:                       Fluctuation Matrix     0.17s     0.17s 
PNOPairs Memory Information
Total: 0.0344283581 GB 
PNO  : 0.0097315311 GB 
KPNO : 0.0103039742 GB 
W    : 0.0143928528 GB 

PNOPairs Memory Information
Total: 0.0344283581 GB 
PNO  : 0.0097315311 GB 
KPNO : 0.0103039742 GB 
W    : 0.0143928528 GB 

timer:                                 truncate     0.05s     0.05s 
timer:                             PNO Overlaps     0.10s     0.10s 
t_iter =  0  Hylleraas energy =  0.0000000000  ||R||_F =  0.1701529103  conv =  no
subspace solution [*]   1.00000000

t_iter =  1  Hylleraas energy =  -0.0272776515  ||R||_F =  0.0000000259  conv =  yes
=======================================================

Hylleraas MP2 Energies

=======================================================
    i    j      singlet      triplet        Total
=======================================================
    1    1  -1.31762e-02  0.00000e+00 -1.31762e-02
    2    1   0.00000e+00  0.00000e+00  0.00000e+00
    2    2  -1.41015e-02  0.00000e+00 -1.41015e-02
=======================================================
Hylleraas MP2 Energies (singlet): -2.72777e-02
Hylleraas MP2 Energies (triplet):  0.00000e+00
Hylleraas MP2 Energies (total)  : -2.72777e-02
=======================================================
-------------------------------------------
Total Reg Energy  =-2.72777e-02
Total F12 Energy  = 0.00000e+00
Sum Energies Total=-2.72777e-02
-------------------------------------------
timer:                         Solve Amplitudes     0.00s     0.00s 
No optimization untill now: Compressing pno ranks with tighter threshold
1.00000e-10 instead of 1.00000e-08
pair11: density evals:
 [*]   0.00300829   0.00400469   0.00400469   0.01247090

pair22: density evals:
 [*]   0.00295041   0.00383939   0.00383939   0.01839863

timer:                            compress PNOs     0.00s     0.00s 
timer:                             MRA compress     0.00s     0.00s 
timer:                          Transform Pairs     0.45s     0.45s 
timer:                          PNO Compression     0.45s     0.45s 
Information About All Pairs:
mp2_pair11           number=0 rank=  4 frozen=false
mp2_pair21           number=1 rank=  0 frozen=true
mp2_pair22           number=2 rank=  4 frozen=false
number of pairs=3
average rank   =2 (2.66667e+00)
largest rank   =4
saving vector of functions mp2_pair11
saving vector of functions mp2_pair22
timer:                        save pnos on disc     0.17s     0.17s 
PNOPairs Memory Information
Total: 0.03369 GB 
PNO  : 0.00940 GB 
KPNO : 0.01006 GB 
W    : 0.01423 GB 

timer:                                 truncate     0.08s     0.08s 
timer:      compute densities for G application     0.00s     0.00s 
pair21 is frozen: no optimization
timer:                Prepare for G application     0.42s     0.42s 
timer:                                    add K     0.06s     0.06s 
size of all Vpsi potentials (without Vnuc and J) 0.01243 GB 
time=109.73689 chunk=8 Vpsi+Vnuc+J=0.03091 GB
time=109.83018 chunk=8 Vpsi+Vnuc+J=0.03091 GB (after truncation)
timer:                           Apply G to all     3.24s     3.24s 
timer:                       apply Q and update     0.00s     0.00s 
mp2_pair11 residual norms:
[0.46072, 0.35993, 0.35993, 0.40795]
mp2_pair11 scaled residual norms:
[0.02527, 0.02278, 0.02278, 0.04556]
mp2_pair22 residual norms:
[0.45567, 0.36185, 0.36185, 0.39298]
mp2_pair22 scaled residual norms:
[0.02475, 0.02242, 0.02242, 0.05330]
timer:                          update all PNOs     3.72s     3.72s 
frozen pair: no orthonormalization
timer:                                     RRCD     0.07s     0.07s 
timer:                             MRA compress     0.00s     0.00s 
timer:                          Transform Pairs     0.12s     0.12s 
saving vector of functions mp2_pair11
saving vector of functions mp2_pair22
timer:                        save pnos on disc     0.19s     0.19s 


No convergence yet. Energy change = 0.02728

timer:                        Whole Iteration 1    13.32s    13.32s 
Information About All Pairs:
mp2_pair11           number=0 rank=  4 frozen=false
mp2_pair21           number=1 rank=  0 frozen=true
mp2_pair22           number=2 rank=  4 frozen=false
number of pairs=3
average rank   =2 (2.66667)
largest rank   =4
PNOPairs Memory Information
Total: 0.01022 GB 
PNO  : 0.01022 GB 
KPNO : 0.00000 GB 
W    : 0.00000 GB 

timer:                                 truncate     0.07s     0.07s 
wall time=116.79121 chunk=8 allK.size()=8 memory=0.00973 GB
timer:                             compute KPNO     4.13s     4.13s 
wall time=116.93313 chunk=8 allJ.size()=8 memory=0.01112 GB
timer:                             compute JPNO     0.14s     0.14s 
timer:                    compute Fock matrices     1.27s     1.27s 
timer:                             MRA compress     0.00s     0.00s 
timer:                          Transform Pairs     0.35s     0.35s 
timer:                             Canonicalize     0.35s     0.35s 
PNOPairs Memory Information
Total: 0.01979 GB 
PNO  : 0.01014 GB 
KPNO : 0.00965 GB 
W    : 0.00000 GB 

timer:                                 truncate     0.07s     0.07s 
mp2_pair21 is frozen: potential not computed
timer:                   Fluctuation Potentials     2.08s     2.08s 
timer:                       Fluctuation Matrix     0.14s     0.14s 
PNOPairs Memory Information
Total: 0.03435 GB 
PNO  : 0.01014 GB 
KPNO : 0.00965 GB 
W    : 0.01456 GB 

PNOPairs Memory Information
Total: 0.03435 GB 
PNO  : 0.01014 GB 
KPNO : 0.00965 GB 
W    : 0.01456 GB 

timer:                                 truncate     0.07s     0.07s 
timer:                             PNO Overlaps     0.06s     0.06s 
t_iter =  0  Hylleraas energy =  0.00000  ||R||_F =  0.25094  conv =  no
subspace solution [*]   1.00000000

t_iter =  1  Hylleraas energy =  -0.04812  ||R||_F =  0.00000  conv =  yes
=======================================================

Hylleraas MP2 Energies

=======================================================
    i    j      singlet      triplet        Total
=======================================================
    1    1  -2.33302e-02  0.00000e+00 -2.33302e-02
    2    1   0.00000e+00  0.00000e+00  0.00000e+00
    2    2  -2.47850e-02  0.00000e+00 -2.47850e-02
=======================================================
Hylleraas MP2 Energies (singlet): -4.81152e-02
Hylleraas MP2 Energies (triplet):  0.00000e+00
Hylleraas MP2 Energies (total)  : -4.81152e-02
=======================================================
-------------------------------------------
Total Reg Energy  =-4.81152e-02
Total F12 Energy  = 0.00000e+00
Sum Energies Total=-4.81152e-02
-------------------------------------------
timer:                         Solve Amplitudes     0.00s     0.00s 
pair11: density evals:
 [*]   0.00413409   0.00475640   0.00475640   0.02008312

pair22: density evals:
 [*]   0.00397714   0.00451392   0.00451392   0.02972240

timer:                            compress PNOs     0.00s     0.00s 
timer:                             MRA compress     0.00s     0.00s 
timer:                          Transform Pairs     0.52s     0.52s 
timer:                          PNO Compression     0.52s     0.52s 
Information About All Pairs:
mp2_pair11           number=0 rank=  4 frozen=false
mp2_pair21           number=1 rank=  0 frozen=true
mp2_pair22           number=2 rank=  4 frozen=false
number of pairs=3
average rank   =2 (2.66667e+00)
largest rank   =4
saving vector of functions mp2_pair11
saving vector of functions mp2_pair22
timer:                        save pnos on disc     0.19s     0.19s 
PNOPairs Memory Information
Total: 0.03418 GB 
PNO  : 0.01014 GB 
KPNO : 0.00965 GB 
W    : 0.01439 GB 

timer:                                 truncate     0.05s     0.05s 
timer:      compute densities for G application     0.02s     0.02s 
pair21 is frozen: no optimization
timer:                Prepare for G application     0.51s     0.51s 
timer:                                    add K     0.03s     0.03s 
size of all Vpsi potentials (without Vnuc and J) 0.01390 GB 
time=123.13539 chunk=8 Vpsi+Vnuc+J=0.03075 GB
time=123.17121 chunk=8 Vpsi+Vnuc+J=0.02977 GB (after truncation)
timer:                           Apply G to all     3.13s     3.13s 
timer:                       apply Q and update     0.00s     0.00s 
mp2_pair11 residual norms:
[0.11085, 0.09044, 0.09044, 0.11340]
mp2_pair11 scaled residual norms:
[0.00713, 0.00624, 0.00624, 0.01607]
mp2_pair22 residual norms:
[0.11291, 0.08975, 0.08975, 0.10216]
mp2_pair22 scaled residual norms:
[0.00712, 0.00603, 0.00603, 0.01761]
timer:                          update all PNOs     3.70s     3.70s 
frozen pair: no orthonormalization
timer:                                     RRCD     0.06s     0.06s 
timer:                             MRA compress     0.00s     0.00s 
timer:                          Transform Pairs     0.15s     0.15s 
saving vector of functions mp2_pair11
saving vector of functions mp2_pair22
timer:                        save pnos on disc     0.18s     0.18s 


No convergence yet. Energy change = 0.02084

timer:                        Whole Iteration 2    13.27s    13.27s 
Information About All Pairs:
mp2_pair11           number=0 rank=  4 frozen=false
mp2_pair21           number=1 rank=  0 frozen=true
mp2_pair22           number=2 rank=  4 frozen=false
number of pairs=3
average rank   =2 (2.66667)
largest rank   =4
PNOPairs Memory Information
Total: 0.01006 GB 
PNO  : 0.01006 GB 
KPNO : 0.00000 GB 
W    : 0.00000 GB 

timer:                                 truncate     0.05s     0.05s 
wall time=130.00017 chunk=8 allK.size()=8 memory=0.01006 GB
timer:                             compute KPNO     4.08s     4.08s 
wall time=130.22550 chunk=8 allJ.size()=8 memory=0.01145 GB
timer:                             compute JPNO     0.23s     0.23s 
timer:                    compute Fock matrices     1.42s     1.42s 
timer:                             MRA compress     0.00s     0.00s 
timer:                          Transform Pairs     0.25s     0.25s 
timer:                             Canonicalize     0.25s     0.25s 
PNOPairs Memory Information
Total: 0.01971 GB 
PNO  : 0.00981 GB 
KPNO : 0.00990 GB 
W    : 0.00000 GB 

timer:                                 truncate     0.04s     0.04s 
mp2_pair21 is frozen: potential not computed
timer:                   Fluctuation Potentials     2.16s     2.16s 
timer:                       Fluctuation Matrix     0.13s     0.13s 
PNOPairs Memory Information
Total: 0.03443 GB 
PNO  : 0.00981 GB 
KPNO : 0.00990 GB 
W    : 0.01472 GB 

PNOPairs Memory Information
Total: 0.03443 GB 
PNO  : 0.00981 GB 
KPNO : 0.00990 GB 
W    : 0.01472 GB 

timer:                                 truncate     0.06s     0.06s 
timer:                             PNO Overlaps     0.10s     0.10s 
t_iter =  0  Hylleraas energy =  0.00000  ||R||_F =  0.26860  conv =  no
subspace solution [*]   1.00000000

t_iter =  1  Hylleraas energy =  -0.05057  ||R||_F =  0.00000  conv =  yes
=======================================================

Hylleraas MP2 Energies

=======================================================
    i    j      singlet      triplet        Total
=======================================================
    1    1  -2.45506e-02  0.00000e+00 -2.45506e-02
    2    1   0.00000e+00  0.00000e+00  0.00000e+00
    2    2  -2.60161e-02  0.00000e+00 -2.60161e-02
=======================================================
Hylleraas MP2 Energies (singlet): -5.05668e-02
Hylleraas MP2 Energies (triplet):  0.00000e+00
Hylleraas MP2 Energies (total)  : -5.05668e-02
=======================================================
-------------------------------------------
Total Reg Energy  =-5.05668e-02
Total F12 Energy  = 0.00000e+00
Sum Energies Total=-5.05668e-02
-------------------------------------------
timer:                         Solve Amplitudes     0.00s     0.00s 
pair11: density evals:
 [*]   0.00387992   0.00452976   0.00452976   0.01958056

pair22: density evals:
 [*]   0.00373802   0.00428646   0.00428646   0.02911819

timer:                            compress PNOs     0.00s     0.00s 
timer:                             MRA compress     0.00s     0.00s 
timer:                          Transform Pairs     0.41s     0.41s 
timer:                          PNO Compression     0.41s     0.41s 
Information About All Pairs:
mp2_pair11           number=0 rank=  4 frozen=false
mp2_pair21           number=1 rank=  0 frozen=true
mp2_pair22           number=2 rank=  4 frozen=false
number of pairs=3
average rank   =2 (2.66667e+00)
largest rank   =4
saving vector of functions mp2_pair11
saving vector of functions mp2_pair22
timer:                        save pnos on disc     0.17s     0.17s 
PNOPairs Memory Information
Total: 0.03476 GB 
PNO  : 0.00998 GB 
KPNO : 0.01006 GB 
W    : 0.01472 GB 

timer:                                 truncate     0.06s     0.06s 
timer:      compute densities for G application     0.00s     0.00s 
pair21 is frozen: no optimization
timer:                Prepare for G application     0.54s     0.54s 
timer:                                    add K     0.04s     0.04s 
size of all Vpsi potentials (without Vnuc and J) 0.01398 GB 
time=136.41806 chunk=8 Vpsi+Vnuc+J=0.03124 GB
time=136.49128 chunk=8 Vpsi+Vnuc+J=0.02993 GB (after truncation)
timer:                           Apply G to all     2.96s     2.96s 
timer:                       apply Q and update     0.00s     0.00s 
mp2_pair11 residual norms:
[0.04111, 0.03031, 0.03031, 0.04483]
mp2_pair11 scaled residual norms:
[0.00256, 0.00204, 0.00204, 0.00627]
mp2_pair22 residual norms:
[0.04428, 0.03172, 0.03172, 0.03931]
mp2_pair22 scaled residual norms:
[0.00271, 0.00208, 0.00208, 0.00671]
timer:                          update all PNOs     3.55s     3.55s 
frozen pair: no orthonormalization
timer:                                     RRCD     0.07s     0.07s 
timer:                             MRA compress     0.00s     0.00s 
timer:                          Transform Pairs     0.08s     0.08s 
saving vector of functions mp2_pair11
saving vector of functions mp2_pair22
timer:                        save pnos on disc     0.18s     0.18s 


No convergence yet. Energy change = 0.00245

timer:                        Whole Iteration 3    13.13s    13.13s 
Information About All Pairs:
mp2_pair11           number=0 rank=  4 frozen=false
mp2_pair21           number=1 rank=  0 frozen=true
mp2_pair22           number=2 rank=  4 frozen=false
number of pairs=3
average rank   =2 (2.66667)
largest rank   =4
PNOPairs Memory Information
Total: 0.01022 GB 
PNO  : 0.01022 GB 
KPNO : 0.00000 GB 
W    : 0.00000 GB 

timer:                                 truncate     0.03s     0.03s 
wall time=143.08535 chunk=8 allK.size()=8 memory=0.01006 GB
timer:                             compute KPNO     4.06s     4.06s 
wall time=143.25711 chunk=8 allJ.size()=8 memory=0.01145 GB
timer:                             compute JPNO     0.17s     0.17s 
timer:                    compute Fock matrices     1.42s     1.42s 
timer:                             MRA compress     0.00s     0.00s 
timer:                          Transform Pairs     0.28s     0.28s 
timer:                             Canonicalize     0.29s     0.29s 
PNOPairs Memory Information
Total: 0.01979 GB 
PNO  : 0.00990 GB 
KPNO : 0.00990 GB 
W    : 0.00000 GB 

timer:                                 truncate     0.05s     0.05s 
mp2_pair21 is frozen: potential not computed
timer:                   Fluctuation Potentials     2.25s     2.25s 
timer:                       Fluctuation Matrix     0.09s     0.09s 
PNOPairs Memory Information
Total: 0.03467 GB 
PNO  : 0.00990 GB 
KPNO : 0.00990 GB 
W    : 0.01488 GB 

PNOPairs Memory Information
Total: 0.03467 GB 
PNO  : 0.00990 GB 
KPNO : 0.00990 GB 
W    : 0.01488 GB 

timer:                                 truncate     0.05s     0.05s 
timer:                             PNO Overlaps     0.12s     0.12s 
t_iter =  0  Hylleraas energy =  0.00000  ||R||_F =  0.27443  conv =  no
subspace solution [*]   1.00000000

t_iter =  1  Hylleraas energy =  -0.05095  ||R||_F =  0.00000  conv =  yes
=======================================================

Hylleraas MP2 Energies

=======================================================
    i    j      singlet      triplet        Total
=======================================================
    1    1  -2.47407e-02  0.00000e+00 -2.47407e-02
    2    1   0.00000e+00  0.00000e+00  0.00000e+00
    2    2  -2.62110e-02  0.00000e+00 -2.62110e-02
=======================================================
Hylleraas MP2 Energies (singlet): -5.09516e-02
Hylleraas MP2 Energies (triplet):  0.00000e+00
Hylleraas MP2 Energies (total)  : -5.09516e-02
=======================================================
-------------------------------------------
Total Reg Energy  =-5.09516e-02
Total F12 Energy  = 0.00000e+00
Sum Energies Total=-5.09516e-02
-------------------------------------------
timer:                         Solve Amplitudes     0.00s     0.00s 
pair11: density evals:
 [*]   0.00374574   0.00441506   0.00441506   0.01903842

pair22: density evals:
 [*]   0.00360972   0.00416998   0.00416998   0.02843075

timer:                            compress PNOs     0.00s     0.00s 
timer:                             MRA compress     0.00s     0.00s 
timer:                          Transform Pairs     0.48s     0.48s 
timer:                          PNO Compression     0.48s     0.48s 
Information About All Pairs:
mp2_pair11           number=0 rank=  4 frozen=false
mp2_pair21           number=1 rank=  0 frozen=true
mp2_pair22           number=2 rank=  4 frozen=false
number of pairs=3
average rank   =2 (2.66667e+00)
largest rank   =4
saving vector of functions mp2_pair11
saving vector of functions mp2_pair22
timer:                        save pnos on disc     0.17s     0.17s 
PNOPairs Memory Information
Total: 0.03476 GB 
PNO  : 0.00998 GB 
KPNO : 0.00990 GB 
W    : 0.01488 GB 

timer:                                 truncate     0.07s     0.07s 
timer:      compute densities for G application     0.00s     0.00s 
pair21 is frozen: no optimization
timer:                Prepare for G application     0.49s     0.49s 
timer:                                    add K     0.03s     0.03s 
size of all Vpsi potentials (without Vnuc and J) 0.01423 GB 
time=149.55863 chunk=8 Vpsi+Vnuc+J=0.03099 GB
time=149.64817 chunk=8 Vpsi+Vnuc+J=0.02969 GB (after truncation)
timer:                           Apply G to all     3.02s     3.02s 
timer:                       apply Q and update     0.00s     0.00s 
mp2_pair11 residual norms:
[0.01776, 0.01139, 0.01139, 0.01879]
mp2_pair11 scaled residual norms:
[0.00109, 0.00076, 0.00076, 0.00259]
mp2_pair22 residual norms:
[0.02049, 0.01354, 0.01354, 0.01628]
mp2_pair22 scaled residual norms:
[0.00123, 0.00087, 0.00087, 0.00274]
timer:                          update all PNOs     3.54s     3.54s 
frozen pair: no orthonormalization
timer:                                     RRCD     0.10s     0.10s 
timer:                             MRA compress     0.00s     0.00s 
timer:                          Transform Pairs     0.07s     0.07s 
saving vector of functions mp2_pair11
saving vector of functions mp2_pair22
timer:                        save pnos on disc     0.16s     0.16s 


No convergence yet. Energy change = 0.00038

timer:                        Whole Iteration 4    13.22s    13.22s 
Information About All Pairs:
mp2_pair11           number=0 rank=  4 frozen=false
mp2_pair21           number=1 rank=  0 frozen=true
mp2_pair22           number=2 rank=  4 frozen=false
number of pairs=3
average rank   =2 (2.66667)
largest rank   =4
PNOPairs Memory Information
Total: 0.01039 GB 
PNO  : 0.01039 GB 
KPNO : 0.00000 GB 
W    : 0.00000 GB 

timer:                                 truncate     0.03s     0.03s 
wall time=156.23160 chunk=8 allK.size()=8 memory=0.00998 GB
timer:                             compute KPNO     3.97s     3.97s 
wall time=156.40910 chunk=8 allJ.size()=8 memory=0.01153 GB
timer:                             compute JPNO     0.18s     0.18s 
timer:                    compute Fock matrices     1.49s     1.49s 
timer:                             MRA compress     0.00s     0.00s 
timer:                          Transform Pairs     0.19s     0.19s 
timer:                             Canonicalize     0.19s     0.19s 
PNOPairs Memory Information
Total: 0.01995 GB 
PNO  : 0.01022 GB 
KPNO : 0.00973 GB 
W    : 0.00000 GB 

timer:                                 truncate     0.09s     0.09s 
mp2_pair21 is frozen: potential not computed
timer:                   Fluctuation Potentials     2.14s     2.14s 
timer:                       Fluctuation Matrix     0.22s     0.22s 
PNOPairs Memory Information
Total: 0.03484 GB 
PNO  : 0.01022 GB 
KPNO : 0.00973 GB 
W    : 0.01488 GB 

PNOPairs Memory Information
Total: 0.03484 GB 
PNO  : 0.01022 GB 
KPNO : 0.00973 GB 
W    : 0.01488 GB 

timer:                                 truncate     0.04s     0.04s 
timer:                             PNO Overlaps     0.07s     0.07s 
t_iter =  0  Hylleraas energy =  0.00000  ||R||_F =  0.27666  conv =  no
subspace solution [*]   1.00000000

t_iter =  1  Hylleraas energy =  -0.05102  ||R||_F =  0.00000  conv =  yes
=======================================================

Hylleraas MP2 Energies

=======================================================
    i    j      singlet      triplet        Total
=======================================================
    1    1  -2.47721e-02  0.00000e+00 -2.47721e-02
    2    1   0.00000e+00  0.00000e+00  0.00000e+00
    2    2  -2.62445e-02  0.00000e+00 -2.62445e-02
=======================================================
Hylleraas MP2 Energies (singlet): -5.10166e-02
Hylleraas MP2 Energies (triplet):  0.00000e+00
Hylleraas MP2 Energies (total)  : -5.10166e-02
=======================================================
-------------------------------------------
Total Reg Energy  =-5.10166e-02
Total F12 Energy  = 0.00000e+00
Sum Energies Total=-5.10166e-02
-------------------------------------------
timer:                         Solve Amplitudes     0.00s     0.00s 
pair11: density evals:
 [*]   0.00368716   0.00436704   0.00436704   0.01876076

pair22: density evals:
 [*]   0.00355122   0.00411750   0.00411750   0.02807965

timer:                            compress PNOs     0.00s     0.00s 
timer:                             MRA compress     0.00s     0.00s 
timer:                          Transform Pairs     0.49s     0.49s 
timer:                          PNO Compression     0.49s     0.49s 
Information About All Pairs:
mp2_pair11           number=0 rank=  4 frozen=false
mp2_pair21           number=1 rank=  0 frozen=true
mp2_pair22           number=2 rank=  4 frozen=false
number of pairs=3
average rank   =2 (2.66667e+00)
largest rank   =4
saving vector of functions mp2_pair11
saving vector of functions mp2_pair22
timer:                        save pnos on disc     0.22s     0.22s 
PNOPairs Memory Information
Total: 0.03484 GB 
PNO  : 0.01014 GB 
KPNO : 0.00981 GB 
W    : 0.01488 GB 

timer:                                 truncate     0.04s     0.04s 
timer:      compute densities for G application     0.00s     0.00s 
pair21 is frozen: no optimization
timer:                Prepare for G application     0.54s     0.54s 
timer:                                    add K     0.03s     0.03s 
size of all Vpsi potentials (without Vnuc and J) 0.01431 GB 
time=162.73132 chunk=8 Vpsi+Vnuc+J=0.03108 GB
time=162.78672 chunk=8 Vpsi+Vnuc+J=0.02977 GB (after truncation)
timer:                           Apply G to all     2.83s     2.83s 
timer:                       apply Q and update     0.00s     0.00s 
mp2_pair11 residual norms:
[0.00834, 0.00480, 0.00480, 0.00799]
mp2_pair11 scaled residual norms:
[0.00051, 0.00032, 0.00032, 0.00109]
mp2_pair22 residual norms:
[0.01026, 0.00672, 0.00672, 0.00693]
mp2_pair22 scaled residual norms:
[0.00061, 0.00043, 0.00043, 0.00116]
timer:                          update all PNOs     3.41s     3.41s 
frozen pair: no orthonormalization
timer:                                     RRCD     0.06s     0.06s 
timer:                             MRA compress     0.00s     0.00s 
timer:                          Transform Pairs     0.07s     0.07s 
saving vector of functions mp2_pair11
saving vector of functions mp2_pair22
timer:                        save pnos on disc     0.19s     0.19s 


CONVERGED!
energy change = 0.00006

re-entering loop to compute the correct amplitudes and energies
timer:                        Whole Iteration 5    13.00s    13.00s 
Information About All Pairs:
mp2_pair11           number=0 rank=  4 frozen=false
mp2_pair21           number=1 rank=  0 frozen=true
mp2_pair22           number=2 rank=  4 frozen=false
number of pairs=3
average rank   =2 (2.66667)
largest rank   =4
PNOPairs Memory Information
Total: 0.01030 GB 
PNO  : 0.01030 GB 
KPNO : 0.00000 GB 
W    : 0.00000 GB 

timer:                                 truncate     0.03s     0.03s 
wall time=169.13173 chunk=8 allK.size()=8 memory=0.00998 GB
timer:                             compute KPNO     3.87s     3.87s 
wall time=169.28108 chunk=8 allJ.size()=8 memory=0.01145 GB
timer:                             compute JPNO     0.15s     0.15s 
timer:                    compute Fock matrices     1.48s     1.48s 
timer:                             MRA compress     0.00s     0.00s 
timer:                          Transform Pairs     0.34s     0.34s 
timer:                             Canonicalize     0.34s     0.34s 
PNOPairs Memory Information
Total: 0.01987 GB 
PNO  : 0.01014 GB 
KPNO : 0.00973 GB 
W    : 0.00000 GB 

timer:                                 truncate     0.07s     0.07s 
mp2_pair21 is frozen: potential not computed
timer:                   Fluctuation Potentials     2.26s     2.26s 
timer:                       Fluctuation Matrix     0.20s     0.20s 
PNOPairs Memory Information
Total: 0.03492 GB 
PNO  : 0.01014 GB 
KPNO : 0.00973 GB 
W    : 0.01505 GB 

PNOPairs Memory Information
Total: 0.03492 GB 
PNO  : 0.01014 GB 
KPNO : 0.00973 GB 
W    : 0.01505 GB 

timer:                                 truncate     0.05s     0.05s 
timer:                             PNO Overlaps     0.06s     0.06s 
t_iter =  0  Hylleraas energy =  0.00000  ||R||_F =  0.27759  conv =  no
subspace solution [*]   1.00000000

t_iter =  1  Hylleraas energy =  -0.05103  ||R||_F =  0.00000  conv =  yes
=======================================================

Hylleraas MP2 Energies

=======================================================
    i    j      singlet      triplet        Total
=======================================================
    1    1  -2.47797e-02  0.00000e+00 -2.47797e-02
    2    1   0.00000e+00  0.00000e+00  0.00000e+00
    2    2  -2.62536e-02  0.00000e+00 -2.62536e-02
=======================================================
Hylleraas MP2 Energies (singlet): -5.10333e-02
Hylleraas MP2 Energies (triplet):  0.00000e+00
Hylleraas MP2 Energies (total)  : -5.10333e-02
=======================================================
-------------------------------------------
Total Reg Energy  =-5.10333e-02
Total F12 Energy  = 0.00000e+00
Sum Energies Total=-5.10333e-02
-------------------------------------------
timer:                         Solve Amplitudes     0.00s     0.00s 
pair11: density evals:
 [*]   0.00366154   0.00434658   0.00434658   0.01864290

pair22: density evals:
 [*]   0.00352392   0.00409265   0.00409265   0.02793162

timer:                            compress PNOs     0.00s     0.00s 
timer:                             MRA compress     0.00s     0.00s 
timer:                          Transform Pairs     0.54s     0.54s 
timer:                          PNO Compression     0.54s     0.54s 
Information About All Pairs:
mp2_pair11           number=0 rank=  4 frozen=false
mp2_pair21           number=1 rank=  0 frozen=true
mp2_pair22           number=2 rank=  4 frozen=false
number of pairs=3
average rank   =2 (2.66667e+00)
largest rank   =4
saving vector of functions mp2_pair11
saving vector of functions mp2_pair22
timer:                        save pnos on disc     0.18s     0.18s 
exiting: Iterations converged
PNO ranks:
PNO Rank for pair pair11 = 4
PNO Rank for pair pair21 = 0
PNO Rank for pair pair22 = 4
average rank 2.66667e+00
timer:                               PNO::solve    78.17s    78.17s 

--------------------------------
ITERATE-PAIRS-INTERNAL-ENDED
--------------------------------
mp2_pair21 converged!


Adaptive Sovler:
 Current Energy=-5.1033295529e-02
 DeltaE        =-5.1033295529e-02
 max dE (pair) =-2.6253582923e-02 (2)
 all_pairs_conv=false




not converged yet

freeze pair mp2_pair21 (not further optimized: Energy below 1.0000000000e-05)
Maximum Rank of4 reached for all non-frozen pairs, no need to iterate further=======================================================

Final MP2 Energies

=======================================================
    i    j      singlet      triplet        Total
=======================================================
    1    1  -2.47797e-02  0.00000e+00 -2.47797e-02
    2    1   0.00000e+00  0.00000e+00  0.00000e+00
    2    2  -2.62536e-02  0.00000e+00 -2.62536e-02
=======================================================
Final MP2 Energies (singlet): -5.10333e-02
Final MP2 Energies (triplet):  0.00000e+00
Final MP2 Energies (total)  : -5.10333e-02
=======================================================
-------------------------------------------
Total Reg Energy  =-5.10333e-02
Total F12 Energy  = 0.00000e+00
Sum Energies Total=-5.10333e-02
-------------------------------------------
Average | Max Rank: 2 | 4



--------------------------------------------------
MRA-PNO-MP2-F12 ended 
--------------------------------------------------
                 time scf = 8.90365e+01
               energy scf = -1.56361e+01
--------------------------------------------------
restarting PNO to reload pairs that converged before and were frozen
PNO Parameters
pno
       rank_increase  15         # default   maximum rank to increase in every macroiteration
               chunk  100        # default   chunk of functions operated on in parallel when G or K is applied (prevent memory shortage)
               debug  false      # default   debug mode
              freeze  1          # derived   frozen core approximation
             maxrank  4          # defined   maximal pno rank for all pairs
           guesstype  exop       # derived   the guesstype: exop (recommended, multiply polynomial excitation operators onto the occupied orbitals), empty (don't compute a guess), scf (use the ao basis from the SCF solver), partial_wave (create s,p,d ..., type functions and place on atoms), predefined (same as partial_wave but for predefined sets)
                exop  multipole  # derived   this string defines which excitation operators can be used, use 'dipole', 'dipole+', 'quadrupole', 'ocopole', or 'multipole', need to set guesstype to 'exop' which is the default
          exop_trigo  true       # default   use trigonometric excitation operators ( x --> sin(x)
        partial_wave             # default   atom centered partial wave guess of format like 'h-2s1p-o-3s2p1d', need to set guesstype to 'partial_wave' and adaptive_solver to 'none'
          predefined             # default   predefined partial wave guesses of type pvxz with x=d,t,q,5,6, need to set guesstype to 'predefined' and adaptive_solver to 'none'
           maxiter_t  100        # default   maximal number of iterations in the amplitude solver
       maxiter_micro  10         # default   Maximum of iterations for every cycle in the adaptive solver
       maxiter_macro  10         # default   Maximum of iterations of cycles in the adaptive solver
                tpno  1.0000e-08 # default   PNO cutoff threshold
          tpno_tight  1.0000e-10 # derived   PNO cutoff for the first iteration
    canonicalize_pno  true       # default   canonicalize the pnos before the amplitude solver
              thresh  1.0000e-04 # defined   MRA threshold
         econv_micro  1.0000e-04 # derived   Energy convergence for microiterations (Greens function based optimization) in adaptive solver
         econv_pairs  1.0000e-05 # derived   ENergy convergence for individual pairs in adaptive solver. Converged pairs are frozen automatically
         econv_macro  1.0000e-04 # derived   Energy convergence for macroiterations in adaptive solver, no effect if adaptive_solver is deactivated
               dconv  1.0000e-01 # default   convergence of every PNO in the Green's function solver
           op_thresh  1.0000e-06 # default   MRA operator thresh
             restart  all        # defined   restart pairs of this type, use 'mp2', 'cispd', 'all' or 'none'
          no_compute  none       # default   do not compute the pairs of this type, use 'mp2', 'cispd', 'all' or 'none'
              no_opt  all        # defined   do not optimize the pnos of this type, use 'mp2', 'cispd', 'all' or 'none'
            no_guess  all        # defined   guess for this type will be empty, use 'mp2', 'cispd', 'all' or 'none'
     adaptive_solver  none       # defined   Use adaptive solver for those pairs, use 'mp2', 'cispd', 'all' or 'none', works only in combination with guesstype 'exop'
                kain  true       # default   use KAIN solver in amplitude solver
       kain_subspace  5          # default   subspace size of the KAIN solver (amplitudes)
                 f12  false      # defined   use explicit correlation
        cispd_number  -1         # default   CIS(D) excitation numbers, to read in correct functions
        cispd_energy  0.0000e+00 # default   CIS energy
        freeze_pairs  none       # default   frozen pairs will not be optimized: Expected format 'a b c d' will freeze pairs ab and cd
freeze_pairs_of_orbital  []         # default    All pairs which originate from this orbital will not be optimized
active_pairs_of_orbital  []         # default    All pairs which originate from this orbital will not be frozen all other pairs will, if this vector is not empty
no_opt_in_first_iteration  false      # default   Do not optimize in the first iteration (then the potentials do not have to be evaluated, use this for large guesses)
            exchange  full       # default   approximate exchange with 'neglect' or xc functional -> same syntax as moldft
           save_pnos  true       # default   Save the OBS-PNOs to a file, before and after orthonormalization.
            diagonal  true       # defined   Compute only diagonal PNOs

end

**********************
Solve PNO-MP2
*********************


**********************
Iterate Pairs
*********************


************************
Standard Solver
***********************

Initializing Pairs:
Restart demanded for mp2 pairs
loading vector of functions mp2_pair11
Found PNOs for mp2_pair11 with rank 4
loading vector of functions mp2_pair21
failed to find PNO mp2_pair21 initialize as zero function
nloading vector of functions mp2_pair22
Found PNOs for mp2_pair22 with rank 4
no guess was explicitly demanded for mp2

timer:                                     RRCD     0.08s     0.08s 
timer:                             MRA compress     0.00s     0.00s 
timer:                          Transform Pairs     0.11s     0.11s 
timer:          apply Q and orthonormalize PNOs     0.49s     0.49s 
Created Guess:
pair11 with 4 guess functions
pair21 with 0 guess functions
pair22 with 4 guess functions
guess pair11 size: 4.9884319305e-03 | 4.9884319305e-03 Gbyte (after truncation)
guess pair22 size: 5.0702095032e-03 | 5.0702095032e-03 Gbyte (after truncation)
timer:                           truncate guess     0.03s     0.03s 
timer:                         Initialize Pairs     0.54s     0.54s 
Information About All Pairs:
mp2_pair11           number=0 rank=  4 frozen=false
mp2_pair21           number=1 rank=  0 frozen=true
mp2_pair22           number=2 rank=  4 frozen=false
number of pairs=3
average rank   =2 (2.6666666667e+00)
largest rank   =4
SolveInternal: Parameters are assigned as
no_compute        = false
no_opt            = true
restart           = true
do_cispd          = false
econv             =1.0000000000e-04
maxrank (min,max) = (4,4)
Solving MP2 doubles
timer:          fock matrix     3.07s     3.07s
Information About All Pairs:
mp2_pair11           number=0 rank=  4 frozen=false
mp2_pair21           number=1 rank=  0 frozen=true
mp2_pair22           number=2 rank=  4 frozen=false
number of pairs=3
average rank   =2 (2.6666666667e+00)
largest rank   =4
PNOPairs Memory Information
Total: 0.0100586414 GB 
PNO  : 0.0100586414 GB 
KPNO : 0.0000000000 GB 
W    : 0.0000000000 GB 

timer:                                 truncate     0.02s     0.02s 
wall time=182.2801129818 chunk=8 allK.size()=8 memory=0.0099768639 GB
timer:                             compute KPNO     4.11s     4.11s 
wall time=182.4292140007 chunk=8 allJ.size()=8 memory=0.0112853050 GB
timer:                             compute JPNO     0.15s     0.15s 
timer:                    compute Fock matrices     1.41s     1.41s 
timer:                             MRA compress     0.00s     0.00s 
timer:                          Transform Pairs     0.24s     0.24s 
timer:                             Canonicalize     0.24s     0.24s 
PNOPairs Memory Information
Total: 0.0197083950 GB 
PNO  : 0.0099768639 GB 
KPNO : 0.0097315311 GB 
W    : 0.0000000000 GB 

timer:                                 truncate     0.06s     0.06s 
mp2_pair21 is frozen: potential not computed
timer:                   Fluctuation Potentials     2.14s     2.14s 
timer:                       Fluctuation Matrix     0.14s     0.14s 
PNOPairs Memory Information
Total: 0.0347554684 GB 
PNO  : 0.0099768639 GB 
KPNO : 0.0097315311 GB 
W    : 0.0150470734 GB 

PNOPairs Memory Information
Total: 0.0347554684 GB 
PNO  : 0.0099768639 GB 
KPNO : 0.0097315311 GB 
W    : 0.0150470734 GB 

timer:                                 truncate     0.04s     0.04s 
timer:                             PNO Overlaps     0.09s     0.09s 
t_iter =  0  Hylleraas energy =  0.0000000000  ||R||_F =  0.2775907947  conv =  no
subspace solution [*]   1.00000000

t_iter =  1  Hylleraas energy =  -0.0510329201  ||R||_F =  0.0000004344  conv =  yes
=======================================================

Hylleraas MP2 Energies

=======================================================
    i    j      singlet      triplet        Total
=======================================================
    1    1  -2.47795e-02  0.00000e+00 -2.47795e-02
    2    1   0.00000e+00  0.00000e+00  0.00000e+00
    2    2  -2.62534e-02  0.00000e+00 -2.62534e-02
=======================================================
Hylleraas MP2 Energies (singlet): -5.10329e-02
Hylleraas MP2 Energies (triplet):  0.00000e+00
Hylleraas MP2 Energies (total)  : -5.10329e-02
=======================================================
-------------------------------------------
Total Reg Energy  =-5.10329e-02
Total F12 Energy  = 0.00000e+00
Sum Energies Total=-5.10329e-02
-------------------------------------------
timer:                         Solve Amplitudes     0.00s     0.00s 
No optimization untill now: Compressing pno ranks with tighter threshold
1.00000e-10 instead of 1.00000e-08
pair11: density evals:
 [*]   0.00366146   0.00434654   0.00434654   0.01864271

pair22: density evals:
 [*]   0.00352382   0.00409264   0.00409264   0.02793130

timer:                            compress PNOs     0.00s     0.00s 
timer:                             MRA compress     0.00s     0.00s 
timer:                          Transform Pairs     0.71s     0.71s 
timer:                          PNO Compression     0.71s     0.71s 
Information About All Pairs:
mp2_pair11           number=0 rank=  4 frozen=false
mp2_pair21           number=1 rank=  0 frozen=true
mp2_pair22           number=2 rank=  4 frozen=false
number of pairs=3
average rank   =2 (2.66667e+00)
largest rank   =4
saving vector of functions mp2_pair11
saving vector of functions mp2_pair22
timer:                        save pnos on disc     0.19s     0.19s 
exiting: Found no_opt keyword
PNO ranks:
PNO Rank for pair pair11 = 4
PNO Rank for pair pair21 = 0
PNO Rank for pair pair22 = 4
average rank 2.66667e+00
timer:                               PNO::solve    12.40s    12.40s 

--------------------------------
ITERATE-PAIRS-INTERNAL-ENDED
--------------------------------
=======================================================

Final MP2 Energies

=======================================================
    i    j      singlet      triplet        Total
=======================================================
    1    1  -2.47795e-02  0.00000e+00 -2.47795e-02
    2    1   0.00000e+00  0.00000e+00  0.00000e+00
    2    2  -2.62534e-02  0.00000e+00 -2.62534e-02
=======================================================
Final MP2 Energies (singlet): -5.10329e-02
Final MP2 Energies (triplet):  0.00000e+00
Final MP2 Energies (total)  : -5.10329e-02
=======================================================
-------------------------------------------
Total Reg Energy  =-5.10329e-02
Total F12 Energy  = 0.00000e+00
Sum Energies Total=-5.10329e-02
-------------------------------------------
Average | Max Rank: 2 | 4
                 time pno = 8.47906e+01
               energy mp2 = -5.10329e-02
     average pno rank mp2 = 2
         max pno rank mp2 = 4
--------------------------------------------------
            energy(total) = -1.56871e+01
--------------------------------------------------



Orthonormalization technique used: symmetric
No CABS used.
Tightening thresholds to +0.00010000 for post-processing
Overlap Matrix of all PNOs:
+1.00000478 +0.30328822 +0.00000000 +0.00000000 
+0.30328822 +1.00000712 -0.00000000 -0.00000000 
+0.00000000 -0.00000000 +0.99999995 +0.00000000 
+0.00000000 -0.00000000 +0.00000000 +0.99999995 
Before cherry pick
rank is +0
all used occupation numbers:
[+0.02793130 +0.01864271 +0.00434654 +0.00434654 ]
corresponding to active pairs:
[(1,1) (0,0) (0,0) (0,0) ]
After cherry pick
all used occupation numbers:
[+0.02793130 +0.01864271 +0.00434654 +0.00434654 ]
corresponding to active pairs:
[(1,1) (0,0) (0,0) (0,0) ]
Overlap Matrix before symmetric
[+0,*]  +1.00000478  +0.30328822  +0.00000000  +0.00000000
[+1,*]  +0.30328822  +1.00000712  -0.00000000  -0.00000000
[+2,*]  +0.00000000  -0.00000000  +0.99999995  +0.00000000
[+3,*]  +0.00000000  -0.00000000  +0.00000000  +0.99999995
Overlap Matrix after symmetric
[+0,*]  +1.00000000  +0.00000000  -0.00000000  -0.00000000
[+1,*]  +0.00000000  +1.00000000  -0.00000000  +0.00000000
[+2,*]  -0.00000000  -0.00000000  +1.00000000  -0.00000000
[+3,*]  -0.00000000  +0.00000000  -0.00000000  +1.00000000
Adding 3 HF orbitals
Size before adding CABS: 7.
Size after adding CABS: 7.
Compute G and F Tensor:
Assemble g,f using symmetries...
non zero elements:
 g : +4102
 h : +27
Overlap over whole basis
[+0,*]  +1.00000000  +0.00000018  +0.00000010  +0.00000620  +0.00000799  -0.00000000  -0.00000000
[+1,*]  +0.00000018  +1.00000000  +0.00000014  -0.00000083  -0.00000108  +0.00000000  -0.00000000
[+2,*]  +0.00000010  +0.00000014  +1.00000000  -0.00000066  -0.00000083  +0.00000000  +0.00000000
[+3,*]  +0.00000620  -0.00000083  -0.00000066  +1.00000000  +0.00000000  -0.00000000  -0.00000000
[+4,*]  +0.00000799  -0.00000108  -0.00000083  +0.00000000  +1.00000000  -0.00000000  +0.00000000
[+5,*]  -0.00000000  +0.00000000  +0.00000000  -0.00000000  -0.00000000  +1.00000000  -0.00000000
[+6,*]  -0.00000000  -0.00000000  +0.00000000  -0.00000000  +0.00000000  -0.00000000  +1.00000000

||S-1||=+0.00001452
finished at time 227.5

    Parallel environment
    --------------------
                  #nodes    1
       #threads per node    11+main = 12
          #total threads    12

  RMI message statistics (min / avg / max)
  ----------------------
   #messages in server q    0.00e+00 / 0.00e+00 / 0.00e+00
 #messages sent per node    0.00e+00 / 0.00e+00 / 0.00e+00
    #bytes sent per node    0.00e+00 / 0.00e+00 / 0.00e+00
 #messages recv per node    0.00e+00 / 0.00e+00 / 0.00e+00
    #bytes recv per node    0.00e+00 / 0.00e+00 / 0.00e+00
        #msgs systemwide    0.00e+00
       #bytes systemwide    0.00e+00

  Thread pool statistics (min / avg / max)
  ----------------------
         #tasks per node    1.54e+07 / 1.54e+07 / 1.54e+07
     #max q len per node    1.22e+04 / 1.22e+04 / 1.22e+04
  #hi-pri tasks per node    5.30e+06 / 5.30e+06 / 5.30e+06

         Total wall time    227.5s
         Total  cpu time    227.5s

