MADNESS runtime initialized with 11 threads in the pool and affinity -1 -1 -1
starting at time 0.0

--------------------------------------------
   MADNESS 0.10.1 multiresolution suite
--------------------------------------------

   number of processors ... 1
    processor frequency ... 3.695877e+09
            host system ... Linux
          configured by ... kottmann
          configured on ... wittgenstein
          configured at ... 2021-02-10T21:25:26
                    CXX ... /usr/bin/c++
               CXXFLAGS ... -O3 -DNDEBUG -I/h/28/kottmann/install/numcpp/include/ -I/h/28/kottmann/install/boost/boost_1_72_0/include/ -std=c++1z
             tuning for ... default
                    MPI ... multiple
 multi-threaded runtime ... MADNESS ThreadPool
                   BLAS ... Intel MKL 66434 66434 MFLOP/s
               compiled ... 13:08:26  on  Feb 23 2021


-------------------------------------------------------------------------------------
SOLVING MRA-PNO-F12 as described in 
J.S. Kottmann, F.A. Bischoff, E.F. Valeev
Direct determination of optimal pair-natural orbitals in a real-space representation:
the second-order Møller-Plesset energy
Journal of Chemical Physics ... 2020
-------------------------------------------------------------------------------------


This script will run PNO-MP2 and print out tensors in binary
Call as: pno_integrals inputfileinput is input
ignoring unknown parameter in input file:  ncf

Angstrom being used to read input coordinates (1 Bohr = 1.88972613 Angstrom)


Asymptotic correction parameters
---------------------------------------
Atom vector is not empty: false
Using multipole approximation: false
Number of electrons = -1
Ionisation energy = 0.000000e+00
E(HOMO) = 0.000000e+00
R1 = 3.000000e+00
R2 = 4.000000e+00
DFT coefficient = 0.000000e+00
Interpolation scheme = linear
constructed symmetry operator for point group C1
dft
              charge  0.0000e+00 # defined   total molecular charge
                  xc  hf         # defined   XC input line
               smear  0.0000e+00 # default   smearing parameter
               econv  1.0000e-04 # defined   energy convergence
               dconv  5.0000e-04 # defined   density convergence
convergence_criteria  [bsh_residual, total_energy] # default   possible values are: bsh_residual, total_energy, each_energy, density
                   k  7          # defined   polynomial order
                   l  5.4346e+01 # derived   user coordinates box size
               deriv  abgv       # default   derivative method                            [abgv, bspline, ble]
           dft_deriv  abgv       # default   derivative method for gga potentials         [abgv, bspline, ble]
             maxrotn  2.5000e-01 # default   step restriction used in autoshift algorithm
             nvalpha  0          # default   number of alpha virtuals to compute
              nvbeta  0          # default   number of beta virtuals to compute
               nopen  0          # default   number of unpaired electrons = nalpha-nbeta
             maxiter  25         # default   maximum number of iterations
                 nio  1          # default   no. of io servers to use
     spin_restricted  true       # default   true if spin restricted
              plotlo  0          # default   range of MOs to print (for both spins if polarized
              plothi  -1         # default   range of MOs to print (for both spins if polarized
            plotdens  false      # default   If true print the density at convergence
            plotcoul  false      # default   If true plot the total coulomb potential at convergence
            localize  boys       # defined   localization method                          [pm, boys, new, canon]
          pointgroup  c1         # derived   use point (sub) group symmetry if not localized[c1, c2, ci, cs, c2v, c2h, d2, d2h]
             restart  false      # default   if true restart from orbitals on disk
           restartao  false      # default   if true restart from orbitals projected into AO basis (STO3G) on disk
          no_compute  false      # default   if true use orbitals on disk, set value to computed
           no_orient  false      # default   if true the molecule coordinates will not be reoriented
                save  true       # default   if true save orbitals to disk
              maxsub  10         # default   size of iterative subspace ... set to 0 or 1 to disable
        orbitalshift  0.0000e+00 # default   scf orbital shift: shift the occ orbitals to lower energies
            npt_plot  101        # default   no. of points to use in each dim for plots
           plot_cell  []         # default   lo hi in each dimension for plotting (default is all space)
             aobasis  6-31g      # derived   AO basis used for initial guess (6-31g or sto-3g)
           core_type  none       # default   core potential type                          [none, mpc]
         derivatives  false      # default   if true calculate nuclear derivatives
              dipole  false      # default   if true calculate dipole moment
      conv_only_dens  false      # default   if true remove bsh_residual from convergence criteria (deprecated)
            psp_calc  false      # default   pseudopotential calculation for all atoms
 print_dipole_matels  false      # default   if true output dipole matrix elements
            pcm_data  none       # default   do a PCM (solvent) calculation
             ac_data  none       # default   do a calculation with asymptotic correction (see ACParameters class in chem/AC.h for details)
             pure_ae  true       # default   pure all electron calculation with no pseudo-atoms
         print_level  3          # default   0: no output; 1: final energy; 2: iterations; 3: timings; 10: debug
              nalpha  3          # derived   number of alpha spin electrons
               nbeta  3          # derived   number of beta  spin electrons
           nmo_alpha  3          # derived   number of alpha spin molecular orbitals
            nmo_beta  3          # derived   number of beta spin molecular orbitals
                  lo  9.0905e-04 # derived   smallest length scale we need to resolve
            protocol  [1.0000e-04, 1.0000e-06] # derived   calculation protocol
                gopt  false      # default   geometry optimizer
                gtol  1.0000e-04 # default   geometry tolerance
               gtest  false      # default   geometry tolerance
                gval  1.0000e-05 # default   value precision
               gprec  1.0000e-04 # default   gradient precision
            gmaxiter  20         # default   optimization maxiter
    ginitial_hessian  false      # default   compute inital hessian for optimization
              algopt  bfgs       # default   algorithm used for optimization              [bfgs, cg]
            tdksprop  false      # default   time-dependent Kohn-Sham equation propagate
           nv_factor  1          # default   factor to multiply number of virtual orbitals with when automatically decreasing nvirt
           vnucextra  2          # default   load balance parameter for nuclear pot
        loadbalparts  2          # default   ??
            response  false      # default   response function calculation
       response_freq  0.0000e+00 # default   frequency for calculation response function
       response_axis  [1, 1, 1]  # default   response axis
           nonrotate  false      # default   if true do not molcule orient (redundant with no_orient
               rconv  1.0000e-06 # default   Response convergence
              efield  0.0000e+00 # default   eps for finite field
         efield_axis  0          # default   finite field axis                            [0, 1, 2]
              nwfile  none       # default   Base name of nwchem output files (.out and .movecs extensions) to read from
                 ncf  (none,1.0000e+00) # defined   nuclear correlation factor
             hessian  false      # default   compute the hessian matrix
           read_cphf  false      # default   read the converged orbital response for nuclear displacements from file
        restart_cphf  false      # default   read the guess orbital response for nuclear displacements from file
      purify_hessian  false      # default   symmetrize the hessian matrix based on atomic charges

end
              charge  0.0000e+00 # defined   total molecular charge
                  xc  hf         # defined   XC input line
               smear  0.0000e+00 # default   smearing parameter
               econv  1.0000e-04 # defined   energy convergence
               dconv  5.0000e-04 # defined   density convergence
convergence_criteria  [bsh_residual, total_energy] # default   possible values are: bsh_residual, total_energy, each_energy, density
                   k  7          # defined   polynomial order
                   l  5.4346e+01 # derived   user coordinates box size
               deriv  abgv       # default   derivative method                            [abgv, bspline, ble]
           dft_deriv  abgv       # default   derivative method for gga potentials         [abgv, bspline, ble]
             maxrotn  2.5000e-01 # default   step restriction used in autoshift algorithm
             nvalpha  0          # default   number of alpha virtuals to compute
              nvbeta  0          # default   number of beta virtuals to compute
               nopen  0          # default   number of unpaired electrons = nalpha-nbeta
             maxiter  25         # default   maximum number of iterations
                 nio  1          # default   no. of io servers to use
     spin_restricted  true       # default   true if spin restricted
              plotlo  0          # default   range of MOs to print (for both spins if polarized
              plothi  -1         # default   range of MOs to print (for both spins if polarized
            plotdens  false      # default   If true print the density at convergence
            plotcoul  false      # default   If true plot the total coulomb potential at convergence
            localize  boys       # defined   localization method                          [pm, boys, new, canon]
          pointgroup  c1         # derived   use point (sub) group symmetry if not localized[c1, c2, ci, cs, c2v, c2h, d2, d2h]
             restart  false      # default   if true restart from orbitals on disk
           restartao  false      # default   if true restart from orbitals projected into AO basis (STO3G) on disk
          no_compute  false      # default   if true use orbitals on disk, set value to computed
           no_orient  false      # default   if true the molecule coordinates will not be reoriented
                save  true       # default   if true save orbitals to disk
              maxsub  10         # default   size of iterative subspace ... set to 0 or 1 to disable
        orbitalshift  0.0000e+00 # default   scf orbital shift: shift the occ orbitals to lower energies
            npt_plot  101        # default   no. of points to use in each dim for plots
           plot_cell  []         # default   lo hi in each dimension for plotting (default is all space)
             aobasis  6-31g      # derived   AO basis used for initial guess (6-31g or sto-3g)
           core_type  none       # default   core potential type                          [none, mpc]
         derivatives  false      # default   if true calculate nuclear derivatives
              dipole  false      # default   if true calculate dipole moment
      conv_only_dens  false      # default   if true remove bsh_residual from convergence criteria (deprecated)
            psp_calc  false      # default   pseudopotential calculation for all atoms
 print_dipole_matels  false      # default   if true output dipole matrix elements
            pcm_data  none       # default   do a PCM (solvent) calculation
             ac_data  none       # default   do a calculation with asymptotic correction (see ACParameters class in chem/AC.h for details)
             pure_ae  true       # default   pure all electron calculation with no pseudo-atoms
         print_level  3          # default   0: no output; 1: final energy; 2: iterations; 3: timings; 10: debug
              nalpha  3          # derived   number of alpha spin electrons
               nbeta  3          # derived   number of beta  spin electrons
           nmo_alpha  3          # derived   number of alpha spin molecular orbitals
            nmo_beta  3          # derived   number of beta spin molecular orbitals
                  lo  9.0905e-04 # derived   smallest length scale we need to resolve
            protocol  [1.0000e-04, 1.0000e-06] # derived   calculation protocol
                gopt  false      # default   geometry optimizer
                gtol  1.0000e-04 # default   geometry tolerance
               gtest  false      # default   geometry tolerance
                gval  1.0000e-05 # default   value precision
               gprec  1.0000e-04 # default   gradient precision
            gmaxiter  20         # default   optimization maxiter
    ginitial_hessian  false      # default   compute inital hessian for optimization
              algopt  bfgs       # default   algorithm used for optimization              [bfgs, cg]
            tdksprop  false      # default   time-dependent Kohn-Sham equation propagate
           nv_factor  1          # default   factor to multiply number of virtual orbitals with when automatically decreasing nvirt
           vnucextra  2          # default   load balance parameter for nuclear pot
        loadbalparts  2          # default   ??
            response  false      # default   response function calculation
       response_freq  0.0000e+00 # default   frequency for calculation response function
       response_axis  [1, 1, 1]  # default   response axis
           nonrotate  false      # default   if true do not molcule orient (redundant with no_orient
               rconv  1.0000e-06 # default   Response convergence
              efield  0.0000e+00 # default   eps for finite field
         efield_axis  0          # default   finite field axis                            [0, 1, 2]
              nwfile  none       # default   Base name of nwchem output files (.out and .movecs extensions) to read from



 geometry
   eprec 1.0e-06
   units atomic
   Be            0.00000000           0.00000000           0.18897261
   H             0.00000000           0.00000000           3.59047965
   H             0.00000000           0.00000000          -4.34637011
 end

Solving NDIM= 3  with thresh 1.000000e-04     k 7    conv 5.000000e-04 

timer:     Project vnuclear     0.71s     0.71s
constructed nuclear correlation factor of the form
    R   =  1.000000e+00
with eprec  1.000000e-06
which means it's (nearly) a conventional calculation

timer:        reproject ncf     1.83s     1.83s
timer:        guess density     0.51s     0.51s
timer:   guess Coulomb potn     0.41s     0.41s
timer:       guess lda potn     0.25s     0.25s
timer:        guess overlap     0.03s     0.03s
timer:    KEmat reconstruct     0.05s     0.05s
timer:  KEmat differentiate     0.32s     0.32s
timer:       KEmat compress     0.11s     0.11s
timer: KEmat inner products     0.23s     0.23s
timer:     guess Kinet potn     0.72s     0.72s
timer:           guess fock     0.44s     0.44s
timer:      guess eigen sol     0.02s     0.02s
timer: guess orbital groupi     0.11s     0.11s

starting protocol at time      7.4s 
precision steps  1.000000e-04  -->  1.000000e-04
protocol: thresh 1.000000e-04 econv  1.000000e-04 dconv 5.000000e-04

ending protocol at time      7.4s 

Solving NDIM= 3  with thresh 1.000000e-04     k 7    conv 5.000000e-04 

timer:        Boys localize     1.07s     1.07s
orbital irreps []
timer:      reconstruct psi     0.14s     0.14s
timer:        compute Jnemo     0.72s     0.72s
timer:        compute Knemo     2.19s     2.19s
timer: compute Unemo 0.0155     0.23s     0.23s

  nuclear and kinetic     -24.25964846
         kinetic only      15.19431566
              coulomb       9.73205418
             exchange      -3.24607480
    nuclear-repulsion       2.18390594
   regularized energy     -15.58976314
  buggy if hybrid functionals are used..
timer:       compute energy     3.37s     3.37s
Norm of vector changes ab spin case : rms 6.118834e-02    max 9.245602e-02
convergence: bshresidual, energy change, max energy change, density change 6.8e-02 1.6e+01 1.6e+01 1.4e+00
finished iteration  0 at time     21.1s with energy  -15.58976314
timer:        Boys localize     1.00s     1.00s
orbital irreps []
timer:      reconstruct psi     0.16s     0.16s
timer:        compute Jnemo     0.67s     0.67s
timer:        compute Knemo     1.94s     1.94s
timer: compute Unemo 0.0154     0.19s     0.19s

  nuclear and kinetic     -24.33251176
         kinetic only      15.14748182
              coulomb       9.74476046
             exchange      -3.21690430
    nuclear-repulsion       2.18390594
   regularized energy     -15.62074966
  buggy if hybrid functionals are used..
timer:       compute energy     3.78s     3.78s
Norm of vector changes ab spin case : rms 2.780768e-02    max 4.069694e-02
convergence: bshresidual, energy change, max energy change, density change 2.0e-02 3.1e-02 7.3e-02 1.2e-02
finished iteration  1 at time     34.1s with energy  -15.62074966
timer:        Boys localize     1.00s     1.00s
orbital irreps []
timer:      reconstruct psi     0.19s     0.19s
timer:        compute Jnemo     0.71s     0.71s
timer:        compute Knemo     1.97s     1.97s
timer: compute Unemo 0.0151     0.20s     0.20s

  nuclear and kinetic     -24.37409709
         kinetic only      15.13977647
              coulomb       9.77075179
             exchange      -3.20548764
    nuclear-repulsion       2.18390594
   regularized energy     -15.62492699
  buggy if hybrid functionals are used..
timer:       compute energy     3.52s     3.52s
Norm of vector changes ab spin case : rms 7.481124e-03    max 1.128704e-02
convergence: bshresidual, energy change, max energy change, density change 4.1e-03 4.2e-03 4.2e-02 3.3e-03
finished iteration  2 at time     46.8s with energy  -15.62492699
timer:        Boys localize     1.11s     1.11s
orbital irreps []
timer:      reconstruct psi     0.16s     0.16s
timer:        compute Jnemo     0.69s     0.69s
timer:        compute Knemo     2.09s     2.09s
timer: compute Unemo 0.0151     0.20s     0.20s

  nuclear and kinetic     -24.39155783
         kinetic only      15.13693336
              coulomb       9.78498177
             exchange      -3.20263167
    nuclear-repulsion       2.18390594
   regularized energy     -15.62530179
  buggy if hybrid functionals are used..
timer:       compute energy     3.43s     3.43s
Norm of vector changes ab spin case : rms 3.509402e-03    max 4.988180e-03
convergence: bshresidual, energy change, max energy change, density change 1.6e-03 3.7e-04 1.7e-02 8.2e-04
finished iteration  3 at time     59.8s with energy  -15.62530179
timer:        Boys localize     1.09s     1.09s
orbital irreps []
timer:      reconstruct psi     0.17s     0.17s
timer:        compute Jnemo     0.66s     0.66s
timer:        compute Knemo     2.13s     2.13s
timer: compute Unemo 0.0151     0.25s     0.25s

  nuclear and kinetic     -24.39765065
         kinetic only      15.13584403
              coulomb       9.79062700
             exchange      -3.20224566
    nuclear-repulsion       2.18390594
   regularized energy     -15.62536337
  buggy if hybrid functionals are used..
timer:       compute energy     3.60s     3.60s
Norm of vector changes ab spin case : rms 1.158208e-03    max 1.632326e-03
convergence: bshresidual, energy change, max energy change, density change 6.0e-04 6.2e-05 6.1e-03 3.0e-04
finished iteration  4 at time     73.5s with energy  -15.62536337
timer:        Boys localize     1.09s     1.09s
orbital irreps []
timer:      reconstruct psi     0.14s     0.14s
timer:        compute Jnemo     0.74s     0.74s
timer:        compute Knemo     2.12s     2.12s
timer: compute Unemo 0.0149     0.20s     0.20s

  nuclear and kinetic     -24.39785247
         kinetic only      15.13561884
              coulomb       9.79105682
             exchange      -3.20248013
    nuclear-repulsion       2.18390594
   regularized energy     -15.62536985
  buggy if hybrid functionals are used..
timer:       compute energy     3.50s     3.50s
Norm of vector changes ab spin case : rms 5.662019e-04    max 7.937365e-04
convergence: bshresidual, energy change, max energy change, density change 3.1e-04 6.5e-06 4.3e-04 1.3e-04
finished iteration  5 at time     87.3s with energy  -15.62536985

Iterations converged


ending protocol at time     87.3s 

 Dipole Moment (a.u.)
 -----------

     x:  -7.677044e-14
     y:  -7.352540e-14
     z:  5.540554e-01
 Total Dipole Moment:  5.540554e-01 

timer:               dipole     0.08s     0.08s
Nemo Orbital Energies: [*]  -4.81822612  -0.43809846  -0.35402497

nemo energy:  -1.562537e+01
 at time 87.8
PNO Integrals evaluated as:
pnoint
       rank_increase  15         # default   maximum rank to increase in every macroiteration
               chunk  100        # default   chunk of functions operated on in parallel when G or K is applied (prevent memory shortage)
               debug  false      # default   debug mode
              freeze  1          # derived   frozen core approximation
             maxrank  3          # defined   maximal pno rank for all pairs
           guesstype  exop       # derived   the guesstype: exop (recommended, multiply polynomial excitation operators onto the occupied orbitals), empty (don't compute a guess), scf (use the ao basis from the SCF solver), partial_wave (create s,p,d ..., type functions and place on atoms), predefined (same as partial_wave but for predefined sets)
                exop  multipole  # derived   this string defines which excitation operators can be used, use 'dipole', 'dipole+', 'quadrupole', 'ocopole', or 'multipole', need to set guesstype to 'exop' which is the default
          exop_trigo  true       # default   use trigonometric excitation operators ( x --> sin(x)
        partial_wave             # default   atom centered partial wave guess of format like 'h-2s1p-o-3s2p1d', need to set guesstype to 'partial_wave' and adaptive_solver to 'none'
          predefined             # default   predefined partial wave guesses of type pvxz with x=d,t,q,5,6, need to set guesstype to 'predefined' and adaptive_solver to 'none'
           maxiter_t  100        # default   maximal number of iterations in the amplitude solver
       maxiter_micro  10         # default   Maximum of iterations for every cycle in the adaptive solver
       maxiter_macro  10         # default   Maximum of iterations of cycles in the adaptive solver
                tpno  1.0000e-08 # default   PNO cutoff threshold
          tpno_tight  1.0000e-10 # derived   PNO cutoff for the first iteration
    canonicalize_pno  true       # default   canonicalize the pnos before the amplitude solver
              thresh  1.0000e-04 # defined   MRA threshold
         econv_micro  1.0000e-04 # derived   Energy convergence for microiterations (Greens function based optimization) in adaptive solver
         econv_pairs  1.0000e-05 # derived   ENergy convergence for individual pairs in adaptive solver. Converged pairs are frozen automatically
         econv_macro  1.0000e-04 # derived   Energy convergence for macroiterations in adaptive solver, no effect if adaptive_solver is deactivated
               dconv  1.0000e-01 # default   convergence of every PNO in the Green's function solver
           op_thresh  1.0000e-06 # default   MRA operator thresh
             restart  none       # derived   restart pairs of this type, use 'mp2', 'cispd', 'all' or 'none'
          no_compute  none       # default   do not compute the pairs of this type, use 'mp2', 'cispd', 'all' or 'none'
              no_opt  none       # default   do not optimize the pnos of this type, use 'mp2', 'cispd', 'all' or 'none'
            no_guess  none       # derived   guess for this type will be empty, use 'mp2', 'cispd', 'all' or 'none'
     adaptive_solver  all        # default   Use adaptive solver for those pairs, use 'mp2', 'cispd', 'all' or 'none', works only in combination with guesstype 'exop'
                kain  true       # default   use KAIN solver in amplitude solver
       kain_subspace  5          # default   subspace size of the KAIN solver (amplitudes)
                 f12  false      # defined   use explicit correlation
        cispd_number  -1         # default   CIS(D) excitation numbers, to read in correct functions
        cispd_energy  0.0000e+00 # default   CIS energy
        freeze_pairs  none       # default   frozen pairs will not be optimized: Expected format 'a b c d' will freeze pairs ab and cd
freeze_pairs_of_orbital  []         # default    All pairs which originate from this orbital will not be optimized
active_pairs_of_orbital  []         # default    All pairs which originate from this orbital will not be frozen all other pairs will, if this vector is not empty
no_opt_in_first_iteration  false      # default   Do not optimize in the first iteration (then the potentials do not have to be evaluated, use this for large guesses)
            exchange  full       # default   approximate exchange with 'neglect' or xc functional -> same syntax as moldft
           save_pnos  true       # default   Save the OBS-PNOs to a file, before and after orthonormalization.
            diagonal  true       # defined   Compute only diagonal PNOs
              orthog  symmetric  # defined   orthogonalization method for PNO basis, also current default for a potential CABS. options: symmetric, canonical, cholesky, rr_cholesky,
         orthog_cabs  default    # default   orthogonalization method for CABS basis. options: symmetric, canonical, cholesky, rr_cholesky, uses same as orbitals basis if default.
               n_pno  6          # defined   desired size of PNO-basis (orbital space)
         cabs_option  none       # default   type of complementary auxiliary basis to be used. can be none ~ no CABS, gbs ~ Gaussian basis set as CABS, requires input via auxbas_file, pno ~ use superfluous PNOs as CABS, mixed ~ gbs&pno-option
       pno_cabs_size  -1         # default   size of a potential pno-cabs. defaults to -1 ~ all remaining PNOs, if pno-cabs or mixed-cabs
           only_diag  false      # default   use only diagonal elements PNOs
         cherry_pick  []         # default   cherry pick option to choose particular set of PNOs, not just blindly by occupation number. can be useful, if only a restricted number of PNOs can be used, to avoid separating degenerate pairs. can be envoked by passing a vector via [ elem1, elem2, ... ]
               gamma  1.4000e+00 # default   The f12 length scale, here to be used to compute f12-integrals
         cabs_thresh  1.0000e-04 # derived    thresh for cabs part
              auxbas  none       # default   atom centered partial wave guess of format like 'h-2s1p-o-3s2p1d'
         auxbas_file  none       # default   Use external comp. aux. basis in addition to the pnos as auxbasis. Give the filename as parameter. Give the auxbas in turbomole format. Don't use contractions. If a file is specified the auxbas parameter has no effect
   print_pno_overlap  true       # default   Print overlap matrix at certain steps in computation, for debugging purposes.
              n_virt  0          # defined   Compute this number of virtuals and include them in the integral construction, experimental and not robust!.
      hardcore_boson  false      # default   compute only integrals for hardcore boson hamiltonian (restricted to double occupations)

end
F12 Operators initialized right
timer:                    Testing F12 Operators     0.70s     0.70s 
timer:  Initializing (active) Exchange Orbitals     2.06s     2.06s 
Size of active mos and their exchange potentials:
K(acmos)=2.821326e-03 Gbyte
acmos   =2.616882e-03 Gbyte
PNO Parameters
pno
       rank_increase  15         # default   maximum rank to increase in every macroiteration
               chunk  100        # default   chunk of functions operated on in parallel when G or K is applied (prevent memory shortage)
               debug  false      # default   debug mode
              freeze  1          # derived   frozen core approximation
             maxrank  3          # defined   maximal pno rank for all pairs
           guesstype  exop       # derived   the guesstype: exop (recommended, multiply polynomial excitation operators onto the occupied orbitals), empty (don't compute a guess), scf (use the ao basis from the SCF solver), partial_wave (create s,p,d ..., type functions and place on atoms), predefined (same as partial_wave but for predefined sets)
                exop  multipole  # derived   this string defines which excitation operators can be used, use 'dipole', 'dipole+', 'quadrupole', 'ocopole', or 'multipole', need to set guesstype to 'exop' which is the default
          exop_trigo  true       # default   use trigonometric excitation operators ( x --> sin(x)
        partial_wave             # default   atom centered partial wave guess of format like 'h-2s1p-o-3s2p1d', need to set guesstype to 'partial_wave' and adaptive_solver to 'none'
          predefined             # default   predefined partial wave guesses of type pvxz with x=d,t,q,5,6, need to set guesstype to 'predefined' and adaptive_solver to 'none'
           maxiter_t  100        # default   maximal number of iterations in the amplitude solver
       maxiter_micro  10         # default   Maximum of iterations for every cycle in the adaptive solver
       maxiter_macro  10         # default   Maximum of iterations of cycles in the adaptive solver
                tpno  1.0000e-08 # default   PNO cutoff threshold
          tpno_tight  1.0000e-10 # derived   PNO cutoff for the first iteration
    canonicalize_pno  true       # default   canonicalize the pnos before the amplitude solver
              thresh  1.0000e-04 # defined   MRA threshold
         econv_micro  1.0000e-04 # derived   Energy convergence for microiterations (Greens function based optimization) in adaptive solver
         econv_pairs  1.0000e-05 # derived   ENergy convergence for individual pairs in adaptive solver. Converged pairs are frozen automatically
         econv_macro  1.0000e-04 # derived   Energy convergence for macroiterations in adaptive solver, no effect if adaptive_solver is deactivated
               dconv  1.0000e-01 # default   convergence of every PNO in the Green's function solver
           op_thresh  1.0000e-06 # default   MRA operator thresh
             restart  none       # derived   restart pairs of this type, use 'mp2', 'cispd', 'all' or 'none'
          no_compute  none       # default   do not compute the pairs of this type, use 'mp2', 'cispd', 'all' or 'none'
              no_opt  none       # default   do not optimize the pnos of this type, use 'mp2', 'cispd', 'all' or 'none'
            no_guess  none       # derived   guess for this type will be empty, use 'mp2', 'cispd', 'all' or 'none'
     adaptive_solver  all        # default   Use adaptive solver for those pairs, use 'mp2', 'cispd', 'all' or 'none', works only in combination with guesstype 'exop'
                kain  true       # default   use KAIN solver in amplitude solver
       kain_subspace  5          # default   subspace size of the KAIN solver (amplitudes)
                 f12  false      # defined   use explicit correlation
        cispd_number  -1         # default   CIS(D) excitation numbers, to read in correct functions
        cispd_energy  0.0000e+00 # default   CIS energy
        freeze_pairs  none       # default   frozen pairs will not be optimized: Expected format 'a b c d' will freeze pairs ab and cd
freeze_pairs_of_orbital  []         # default    All pairs which originate from this orbital will not be optimized
active_pairs_of_orbital  []         # default    All pairs which originate from this orbital will not be frozen all other pairs will, if this vector is not empty
no_opt_in_first_iteration  false      # default   Do not optimize in the first iteration (then the potentials do not have to be evaluated, use this for large guesses)
            exchange  full       # default   approximate exchange with 'neglect' or xc functional -> same syntax as moldft
           save_pnos  true       # default   Save the OBS-PNOs to a file, before and after orthonormalization.
            diagonal  true       # defined   Compute only diagonal PNOs

end

**********************
Solve PNO-MP2
*********************


**********************
Iterate Pairs
*********************


************************
Adaptive Solver
***********************

Initializing empty Pairs:
no guess was explicitly demanded for mp2

timer:                                     RRCD     0.00s     0.00s 
timer:                             MRA compress     0.00s     0.00s 
timer:                          Transform Pairs     0.00s     0.00s 
timer:          apply Q and orthonormalize PNOs     0.00s     0.00s 
Created Guess:
pair11 with 0 guess functions
pair21 with 0 guess functions
pair22 with 0 guess functions
guess pair11 size: 0.0000000000e+00 | 0.0000000000e+00 Gbyte (after truncation)
guess pair22 size: 0.0000000000e+00 | 0.0000000000e+00 Gbyte (after truncation)
timer:                           truncate guess     0.00s     0.00s 
timer:                         Initialize Pairs     0.00s     0.00s 
Keyword multipole is not known
Guess protocol for adaptively growing ranks is: [dipole+, quadrupole, big_fock_3, big_fock_3, big_fock_3, big_fock_3, big_fock_3, big_fock_3, big_fock_3, big_fock_3]


--------Adaptive Solver Macroiteration 0 from max 10 ----------

Growing ranks with exop=dipole+
Create guess functions by multiplying plane-waves to 1 functions 
Created 4 virtuals for pair11
pair21 is frozen: no growing
Create guess functions by multiplying plane-waves to 1 functions 
Created 4 virtuals for pair22
frozen pair: no orthonormalization
timer:                                     RRCD     0.04s     0.04s 
timer:                             MRA compress     0.00s     0.00s 
timer:                          Transform Pairs     0.12s     0.12s 
timer:                        grow PNO subspace     1.98s     1.98s 
SolveInternal: Parameters are assigned as
no_compute        = false
no_opt            = false
restart           = false
do_cispd          = false
econv             =1.0000000000e-04
maxrank (min,max) = (3,3)
Solving MP2 doubles
timer:          fock matrix     2.82s     2.82s
Information About All Pairs:
mp2_pair11           number=0 rank=  4 frozen=false
mp2_pair21           number=1 rank=  0 frozen=true
mp2_pair22           number=2 rank=  4 frozen=false
number of pairs=3
average rank   =2 (2.6666666667e+00)
largest rank   =4
PNOPairs Memory Information
Total: 0.0101404190 GB 
PNO  : 0.0101404190 GB 
KPNO : 0.0000000000 GB 
W    : 0.0000000000 GB 

timer:                                 truncate     0.04s     0.04s 
wall time=101.7028830051 chunk=8 allK.size()=8 memory=0.0097315311 GB
timer:                             compute KPNO     4.13s     4.13s 
wall time=101.8205718994 chunk=8 allJ.size()=8 memory=0.0109581947 GB
timer:                             compute JPNO     0.12s     0.12s 
timer:                    compute Fock matrices     1.46s     1.46s 
timer:                             MRA compress     0.00s     0.00s 
timer:                          Transform Pairs     0.28s     0.28s 
timer:                             Canonicalize     0.29s     0.29s 
PNOPairs Memory Information
Total: 0.0197083950 GB 
PNO  : 0.0100586414 GB 
KPNO : 0.0096497536 GB 
W    : 0.0000000000 GB 

timer:                                 truncate     0.05s     0.05s 
mp2_pair21 is frozen: potential not computed
timer:                   Fluctuation Potentials     2.17s     2.17s 
timer:                       Fluctuation Matrix     0.17s     0.17s 
PNOPairs Memory Information
Total: 0.0342648029 GB 
PNO  : 0.0100586414 GB 
KPNO : 0.0096497536 GB 
W    : 0.0145564079 GB 

PNOPairs Memory Information
Total: 0.0342648029 GB 
PNO  : 0.0100586414 GB 
KPNO : 0.0096497536 GB 
W    : 0.0145564079 GB 

timer:                                 truncate     0.08s     0.08s 
timer:                             PNO Overlaps     0.15s     0.15s 
t_iter =  0  Hylleraas energy =  0.0000000000  ||R||_F =  0.1698920744  conv =  no
subspace solution [*]   1.00000000

t_iter =  1  Hylleraas energy =  -0.0278408109  ||R||_F =  0.0000001541  conv =  yes
=======================================================

Hylleraas MP2 Energies

=======================================================
    i    j      singlet      triplet        Total
=======================================================
    1    1  -1.29274e-02  0.00000e+00 -1.29274e-02
    2    1   0.00000e+00  0.00000e+00  0.00000e+00
    2    2  -1.49134e-02  0.00000e+00 -1.49134e-02
=======================================================
Hylleraas MP2 Energies (singlet): -2.78408e-02
Hylleraas MP2 Energies (triplet):  0.00000e+00
Hylleraas MP2 Energies (total)  : -2.78408e-02
=======================================================
-------------------------------------------
Total Reg Energy  =-2.78408e-02
Total F12 Energy  = 0.00000e+00
Sum Energies Total=-2.78408e-02
-------------------------------------------
timer:                         Solve Amplitudes     0.00s     0.00s 
No optimization untill now: Compressing pno ranks with tighter threshold
1.00000e-10 instead of 1.00000e-08
pair11: density evals:
 [*]   0.00300495   0.00404883   0.00404883   0.01090837

pair11: # of PNOs reduced from  4  to  3  maxrank= 3
pair22: density evals:
 [*]   0.00288407   0.00371106   0.00371106   0.02351980

pair22: # of PNOs reduced from  4  to  3  maxrank= 3
timer:                            compress PNOs     0.00s     0.00s 
timer:                             MRA compress     0.00s     0.00s 
timer:                          Transform Pairs     0.37s     0.37s 
timer:                          PNO Compression     0.38s     0.38s 
Information About All Pairs:
mp2_pair11           number=0 rank=  3 frozen=false
mp2_pair21           number=1 rank=  0 frozen=true
mp2_pair22           number=2 rank=  3 frozen=false
number of pairs=3
average rank   =2 (2.00000e+00)
largest rank   =3
saving vector of functions mp2_pair11
saving vector of functions mp2_pair22
timer:                        save pnos on disc     0.14s     0.14s 
PNOPairs Memory Information
Total: 0.02478 GB 
PNO  : 0.00716 GB 
KPNO : 0.00691 GB 
W    : 0.01071 GB 

timer:                                 truncate     0.05s     0.05s 
timer:      compute densities for G application     0.00s     0.00s 
pair21 is frozen: no optimization
timer:                Prepare for G application     0.21s     0.21s 
timer:                                    add K     0.02s     0.02s 
size of all Vpsi potentials (without Vnuc and J) 0.00895 GB 
time=107.70185 chunk=6 Vpsi+Vnuc+J=0.02196 GB
time=107.76040 chunk=6 Vpsi+Vnuc+J=0.02171 GB (after truncation)
timer:                           Apply G to all     2.47s     2.47s 
timer:                       apply Q and update     0.00s     0.00s 
mp2_pair11 residual norms:
[0.35888, 0.35888, 0.41321]
mp2_pair11 scaled residual norms:
[0.02284, 0.02284, 0.04316]
mp2_pair22 residual norms:
[0.36273, 0.36273, 0.38318]
mp2_pair22 scaled residual norms:
[0.02210, 0.02210, 0.05877]
timer:                          update all PNOs     2.72s     2.72s 
frozen pair: no orthonormalization
timer:                                     RRCD     0.08s     0.08s 
timer:                             MRA compress     0.00s     0.00s 
timer:                          Transform Pairs     0.06s     0.06s 
saving vector of functions mp2_pair11
saving vector of functions mp2_pair22
timer:                        save pnos on disc     0.14s     0.14s 


No convergence yet. Energy change = 0.02784

timer:                        Whole Iteration 1    12.29s    12.29s 
Information About All Pairs:
mp2_pair11           number=0 rank=  3 frozen=false
mp2_pair21           number=1 rank=  0 frozen=true
mp2_pair22           number=2 rank=  3 frozen=false
number of pairs=3
average rank   =2 (2.00000)
largest rank   =3
PNOPairs Memory Information
Total: 0.00716 GB 
PNO  : 0.00716 GB 
KPNO : 0.00000 GB 
W    : 0.00000 GB 

timer:                                 truncate     0.02s     0.02s 
wall time=113.42662 chunk=6 allK.size()=6 memory=0.00699 GB
timer:                             compute KPNO     3.59s     3.59s 
wall time=113.54853 chunk=6 allJ.size()=6 memory=0.00773 GB
timer:                             compute JPNO     0.12s     0.12s 
timer:                    compute Fock matrices     1.19s     1.19s 
timer:                             MRA compress     0.00s     0.00s 
timer:                          Transform Pairs     0.19s     0.19s 
timer:                             Canonicalize     0.19s     0.19s 
PNOPairs Memory Information
Total: 0.01407 GB 
PNO  : 0.00707 GB 
KPNO : 0.00699 GB 
W    : 0.00000 GB 

timer:                                 truncate     0.06s     0.06s 
mp2_pair21 is frozen: potential not computed
timer:                   Fluctuation Potentials     1.77s     1.77s 
timer:                       Fluctuation Matrix     0.18s     0.18s 
PNOPairs Memory Information
Total: 0.02478 GB 
PNO  : 0.00707 GB 
KPNO : 0.00699 GB 
W    : 0.01071 GB 

PNOPairs Memory Information
Total: 0.02478 GB 
PNO  : 0.00707 GB 
KPNO : 0.00699 GB 
W    : 0.01071 GB 

timer:                                 truncate     0.03s     0.03s 
timer:                             PNO Overlaps     0.06s     0.06s 
t_iter =  0  Hylleraas energy =  0.00000  ||R||_F =  0.22602  conv =  no
subspace solution [*]   1.00000000

t_iter =  1  Hylleraas energy =  -0.04215  ||R||_F =  0.00000  conv =  yes
=======================================================

Hylleraas MP2 Energies

=======================================================
    i    j      singlet      triplet        Total
=======================================================
    1    1  -1.91189e-02  0.00000e+00 -1.91189e-02
    2    1   0.00000e+00  0.00000e+00  0.00000e+00
    2    2  -2.30299e-02  0.00000e+00 -2.30299e-02
=======================================================
Hylleraas MP2 Energies (singlet): -4.21488e-02
Hylleraas MP2 Energies (triplet):  0.00000e+00
Hylleraas MP2 Energies (total)  : -4.21488e-02
=======================================================
-------------------------------------------
Total Reg Energy  =-4.21488e-02
Total F12 Energy  = 0.00000e+00
Sum Energies Total=-4.21488e-02
-------------------------------------------
timer:                         Solve Amplitudes     0.00s     0.00s 
pair11: density evals:
 [*]   0.00483247   0.00483247   0.01732114

pair22: density evals:
 [*]   0.00434230   0.00434230   0.03794204

timer:                            compress PNOs     0.00s     0.00s 
timer:                             MRA compress     0.00s     0.00s 
timer:                          Transform Pairs     0.26s     0.26s 
timer:                          PNO Compression     0.26s     0.26s 
Information About All Pairs:
mp2_pair11           number=0 rank=  3 frozen=false
mp2_pair21           number=1 rank=  0 frozen=true
mp2_pair22           number=2 rank=  3 frozen=false
number of pairs=3
average rank   =2 (2.00000e+00)
largest rank   =3
saving vector of functions mp2_pair11
saving vector of functions mp2_pair22
timer:                        save pnos on disc     0.13s     0.13s 
PNOPairs Memory Information
Total: 0.02478 GB 
PNO  : 0.00707 GB 
KPNO : 0.00699 GB 
W    : 0.01071 GB 

timer:                                 truncate     0.04s     0.04s 
timer:      compute densities for G application     0.00s     0.00s 
pair21 is frozen: no optimization
timer:                Prepare for G application     0.27s     0.27s 
timer:                                    add K     0.03s     0.03s 
size of all Vpsi potentials (without Vnuc and J) 0.00969 GB 
time=118.35737 chunk=6 Vpsi+Vnuc+J=0.02155 GB
time=118.41983 chunk=6 Vpsi+Vnuc+J=0.02073 GB (after truncation)
timer:                           Apply G to all     2.21s     2.21s 
timer:                       apply Q and update     0.00s     0.00s 
mp2_pair11 residual norms:
[0.09121, 0.09121, 0.12074]
mp2_pair11 scaled residual norms:
[0.00634, 0.00634, 0.01589]
mp2_pair22 residual norms:
[0.09067, 0.09067, 0.09878]
mp2_pair22 scaled residual norms:
[0.00597, 0.00597, 0.01924]
timer:                          update all PNOs     2.51s     2.51s 
frozen pair: no orthonormalization
timer:                                     RRCD     0.04s     0.04s 
timer:                             MRA compress     0.00s     0.00s 
timer:                          Transform Pairs     0.08s     0.08s 
saving vector of functions mp2_pair11
saving vector of functions mp2_pair22
timer:                        save pnos on disc     0.11s     0.11s 


No convergence yet. Energy change = 0.01431

timer:                        Whole Iteration 2    10.45s    10.45s 
Information About All Pairs:
mp2_pair11           number=0 rank=  3 frozen=false
mp2_pair21           number=1 rank=  0 frozen=true
mp2_pair22           number=2 rank=  3 frozen=false
number of pairs=3
average rank   =2 (2.00000)
largest rank   =3
PNOPairs Memory Information
Total: 0.00675 GB 
PNO  : 0.00675 GB 
KPNO : 0.00000 GB 
W    : 0.00000 GB 

timer:                                 truncate     0.02s     0.02s 
wall time=123.69444 chunk=6 allK.size()=6 memory=0.00707 GB
timer:                             compute KPNO     3.40s     3.40s 
wall time=123.82020 chunk=6 allJ.size()=6 memory=0.00781 GB
timer:                             compute JPNO     0.13s     0.13s 
timer:                    compute Fock matrices     1.04s     1.04s 
timer:                             MRA compress     0.00s     0.00s 
timer:                          Transform Pairs     0.22s     0.22s 
timer:                             Canonicalize     0.22s     0.22s 
PNOPairs Memory Information
Total: 0.01374 GB 
PNO  : 0.00666 GB 
KPNO : 0.00707 GB 
W    : 0.00000 GB 

timer:                                 truncate     0.04s     0.04s 
mp2_pair21 is frozen: potential not computed
timer:                   Fluctuation Potentials     1.72s     1.72s 
timer:                       Fluctuation Matrix     0.09s     0.09s 
PNOPairs Memory Information
Total: 0.02445 GB 
PNO  : 0.00666 GB 
KPNO : 0.00707 GB 
W    : 0.01071 GB 

PNOPairs Memory Information
Total: 0.02445 GB 
PNO  : 0.00666 GB 
KPNO : 0.00707 GB 
W    : 0.01071 GB 

timer:                                 truncate     0.02s     0.02s 
timer:                             PNO Overlaps     0.05s     0.05s 
t_iter =  0  Hylleraas energy =  0.00000  ||R||_F =  0.24136  conv =  no
subspace solution [*]   1.00000000

t_iter =  1  Hylleraas energy =  -0.04442  ||R||_F =  0.00000  conv =  yes
=======================================================

Hylleraas MP2 Energies

=======================================================
    i    j      singlet      triplet        Total
=======================================================
    1    1  -2.02222e-02  0.00000e+00 -2.02222e-02
    2    1   0.00000e+00  0.00000e+00  0.00000e+00
    2    2  -2.41977e-02  0.00000e+00 -2.41977e-02
=======================================================
Hylleraas MP2 Energies (singlet): -4.44199e-02
Hylleraas MP2 Energies (triplet):  0.00000e+00
Hylleraas MP2 Energies (total)  : -4.44199e-02
=======================================================
-------------------------------------------
Total Reg Energy  =-4.44199e-02
Total F12 Energy  = 0.00000e+00
Sum Energies Total=-4.44199e-02
-------------------------------------------
timer:                         Solve Amplitudes     0.00s     0.00s 
pair11: density evals:
 [*]   0.00460797   0.00460797   0.01701956

pair22: density evals:
 [*]   0.00411634   0.00411634   0.03741673

timer:                            compress PNOs     0.00s     0.00s 
timer:                             MRA compress     0.00s     0.00s 
timer:                          Transform Pairs     0.34s     0.34s 
timer:                          PNO Compression     0.34s     0.34s 
Information About All Pairs:
mp2_pair11           number=0 rank=  3 frozen=false
mp2_pair21           number=1 rank=  0 frozen=true
mp2_pair22           number=2 rank=  3 frozen=false
number of pairs=3
average rank   =2 (2.00000e+00)
largest rank   =3
saving vector of functions mp2_pair11
saving vector of functions mp2_pair22
timer:                        save pnos on disc     0.14s     0.14s 
PNOPairs Memory Information
Total: 0.02445 GB 
PNO  : 0.00666 GB 
KPNO : 0.00707 GB 
W    : 0.01071 GB 

timer:                                 truncate     0.04s     0.04s 
timer:      compute densities for G application     0.00s     0.00s 
pair21 is frozen: no optimization
timer:                Prepare for G application     0.19s     0.19s 
timer:                                    add K     0.03s     0.03s 
size of all Vpsi potentials (without Vnuc and J) 0.00945 GB 
time=128.40033 chunk=6 Vpsi+Vnuc+J=0.02179 GB
time=128.44419 chunk=6 Vpsi+Vnuc+J=0.02089 GB (after truncation)
timer:                           Apply G to all     2.31s     2.31s 
timer:                       apply Q and update     0.00s     0.00s 
mp2_pair11 residual norms:
[0.03040, 0.03040, 0.05193]
mp2_pair11 scaled residual norms:
[0.00206, 0.00206, 0.00677]
mp2_pair22 residual norms:
[0.03422, 0.03422, 0.03898]
mp2_pair22 scaled residual norms:
[0.00220, 0.00220, 0.00754]
timer:                          update all PNOs     2.53s     2.53s 
frozen pair: no orthonormalization
timer:                                     RRCD     0.06s     0.06s 
timer:                             MRA compress     0.00s     0.00s 
timer:                          Transform Pairs     0.08s     0.08s 
saving vector of functions mp2_pair11
saving vector of functions mp2_pair22
timer:                        save pnos on disc     0.14s     0.14s 


No convergence yet. Energy change = 0.00227

timer:                        Whole Iteration 3    10.08s    10.08s 
Information About All Pairs:
mp2_pair11           number=0 rank=  3 frozen=false
mp2_pair21           number=1 rank=  0 frozen=true
mp2_pair22           number=2 rank=  3 frozen=false
number of pairs=3
average rank   =2 (2.00000)
largest rank   =3
PNOPairs Memory Information
Total: 0.00707 GB 
PNO  : 0.00707 GB 
KPNO : 0.00000 GB 
W    : 0.00000 GB 

timer:                                 truncate     0.05s     0.05s 
wall time=133.74699 chunk=6 allK.size()=6 memory=0.00707 GB
timer:                             compute KPNO     3.35s     3.35s 
wall time=133.87243 chunk=6 allJ.size()=6 memory=0.00806 GB
timer:                             compute JPNO     0.13s     0.13s 
timer:                    compute Fock matrices     1.08s     1.08s 
timer:                             MRA compress     0.00s     0.00s 
timer:                          Transform Pairs     0.19s     0.19s 
timer:                             Canonicalize     0.19s     0.19s 
PNOPairs Memory Information
Total: 0.01407 GB 
PNO  : 0.00699 GB 
KPNO : 0.00707 GB 
W    : 0.00000 GB 

timer:                                 truncate     0.02s     0.02s 
mp2_pair21 is frozen: potential not computed
timer:                   Fluctuation Potentials     1.74s     1.74s 
timer:                       Fluctuation Matrix     0.13s     0.13s 
PNOPairs Memory Information
Total: 0.02478 GB 
PNO  : 0.00699 GB 
KPNO : 0.00707 GB 
W    : 0.01071 GB 

PNOPairs Memory Information
Total: 0.02478 GB 
PNO  : 0.00699 GB 
KPNO : 0.00707 GB 
W    : 0.01071 GB 

timer:                                 truncate     0.03s     0.03s 
timer:                             PNO Overlaps     0.06s     0.06s 
t_iter =  0  Hylleraas energy =  0.00000  ||R||_F =  0.24652  conv =  no
subspace solution [*]   1.00000000

t_iter =  1  Hylleraas energy =  -0.04481  ||R||_F =  0.00000  conv =  yes
=======================================================

Hylleraas MP2 Energies

=======================================================
    i    j      singlet      triplet        Total
=======================================================
    1    1  -2.04202e-02  0.00000e+00 -2.04202e-02
    2    1   0.00000e+00  0.00000e+00  0.00000e+00
    2    2  -2.43942e-02  0.00000e+00 -2.43942e-02
=======================================================
Hylleraas MP2 Energies (singlet): -4.48143e-02
Hylleraas MP2 Energies (triplet):  0.00000e+00
Hylleraas MP2 Energies (total)  : -4.48143e-02
=======================================================
-------------------------------------------
Total Reg Energy  =-4.48143e-02
Total F12 Energy  = 0.00000e+00
Sum Energies Total=-4.48143e-02
-------------------------------------------
timer:                         Solve Amplitudes     0.00s     0.00s 
pair11: density evals:
 [*]   0.00449332   0.00449332   0.01657757

pair22: density evals:
 [*]   0.00399689   0.00399689   0.03660078

timer:                            compress PNOs     0.00s     0.00s 
timer:                             MRA compress     0.00s     0.00s 
timer:                          Transform Pairs     0.35s     0.35s 
timer:                          PNO Compression     0.35s     0.35s 
Information About All Pairs:
mp2_pair11           number=0 rank=  3 frozen=false
mp2_pair21           number=1 rank=  0 frozen=true
mp2_pair22           number=2 rank=  3 frozen=false
number of pairs=3
average rank   =2 (2.00000e+00)
largest rank   =3
saving vector of functions mp2_pair11
saving vector of functions mp2_pair22
timer:                        save pnos on disc     0.13s     0.13s 
PNOPairs Memory Information
Total: 0.02478 GB 
PNO  : 0.00699 GB 
KPNO : 0.00707 GB 
W    : 0.01071 GB 

timer:                                 truncate     0.03s     0.03s 
timer:      compute densities for G application     0.00s     0.00s 
pair21 is frozen: no optimization
timer:                Prepare for G application     0.25s     0.25s 
timer:                                    add K     0.01s     0.01s 
size of all Vpsi potentials (without Vnuc and J) 0.00977 GB 
time=138.47950 chunk=6 Vpsi+Vnuc+J=0.02204 GB
time=138.54816 chunk=6 Vpsi+Vnuc+J=0.02114 GB (after truncation)
timer:                           Apply G to all     2.19s     2.19s 
timer:                       apply Q and update     0.00s     0.00s 
mp2_pair11 residual norms:
[0.01112, 0.01112, 0.02479]
mp2_pair11 scaled residual norms:
[0.00075, 0.00075, 0.00319]
mp2_pair22 residual norms:
[0.01622, 0.01622, 0.01673]
mp2_pair22 scaled residual norms:
[0.00103, 0.00103, 0.00320]
timer:                          update all PNOs     2.46s     2.46s 
frozen pair: no orthonormalization
timer:                                     RRCD     0.05s     0.05s 
timer:                             MRA compress     0.00s     0.00s 
timer:                          Transform Pairs     0.15s     0.15s 
saving vector of functions mp2_pair11
saving vector of functions mp2_pair22
timer:                        save pnos on disc     0.13s     0.13s 


No convergence yet. Energy change = 0.00039

timer:                        Whole Iteration 4    10.11s    10.11s 
Information About All Pairs:
mp2_pair11           number=0 rank=  3 frozen=false
mp2_pair21           number=1 rank=  0 frozen=true
mp2_pair22           number=2 rank=  3 frozen=false
number of pairs=3
average rank   =2 (2.00000)
largest rank   =3
PNOPairs Memory Information
Total: 0.00707 GB 
PNO  : 0.00707 GB 
KPNO : 0.00000 GB 
W    : 0.00000 GB 

timer:                                 truncate     0.02s     0.02s 
wall time=143.91861 chunk=6 allK.size()=6 memory=0.00707 GB
timer:                             compute KPNO     3.45s     3.45s 
wall time=144.06449 chunk=6 allJ.size()=6 memory=0.00806 GB
timer:                             compute JPNO     0.15s     0.15s 
timer:                    compute Fock matrices     1.09s     1.09s 
timer:                             MRA compress     0.00s     0.00s 
timer:                          Transform Pairs     0.20s     0.20s 
timer:                             Canonicalize     0.20s     0.20s 
PNOPairs Memory Information
Total: 0.01415 GB 
PNO  : 0.00707 GB 
KPNO : 0.00707 GB 
W    : 0.00000 GB 

timer:                                 truncate     0.02s     0.02s 
mp2_pair21 is frozen: potential not computed
timer:                   Fluctuation Potentials     1.81s     1.81s 
timer:                       Fluctuation Matrix     0.20s     0.20s 
PNOPairs Memory Information
Total: 0.02486 GB 
PNO  : 0.00707 GB 
KPNO : 0.00707 GB 
W    : 0.01071 GB 

PNOPairs Memory Information
Total: 0.02486 GB 
PNO  : 0.00707 GB 
KPNO : 0.00707 GB 
W    : 0.01071 GB 

timer:                                 truncate     0.04s     0.04s 
timer:                             PNO Overlaps     0.04s     0.04s 
t_iter =  0  Hylleraas energy =  0.00000  ||R||_F =  0.24854  conv =  no
subspace solution [*]   1.00000000

t_iter =  1  Hylleraas energy =  -0.04490  ||R||_F =  0.00000  conv =  yes
=======================================================

Hylleraas MP2 Energies

=======================================================
    i    j      singlet      triplet        Total
=======================================================
    1    1  -2.04626e-02  0.00000e+00 -2.04626e-02
    2    1   0.00000e+00  0.00000e+00  0.00000e+00
    2    2  -2.44325e-02  0.00000e+00 -2.44325e-02
=======================================================
Hylleraas MP2 Energies (singlet): -4.48952e-02
Hylleraas MP2 Energies (triplet):  0.00000e+00
Hylleraas MP2 Energies (total)  : -4.48952e-02
=======================================================
-------------------------------------------
Total Reg Energy  =-4.48952e-02
Total F12 Energy  = 0.00000e+00
Sum Energies Total=-4.48952e-02
-------------------------------------------
timer:                         Solve Amplitudes     0.00s     0.00s 
pair11: density evals:
 [*]   0.00444595   0.00444595   0.01633796

pair22: density evals:
 [*]   0.00393941   0.00393941   0.03616316

timer:                            compress PNOs     0.00s     0.00s 
timer:                             MRA compress     0.00s     0.00s 
timer:                          Transform Pairs     0.38s     0.38s 
timer:                          PNO Compression     0.38s     0.38s 
Information About All Pairs:
mp2_pair11           number=0 rank=  3 frozen=false
mp2_pair21           number=1 rank=  0 frozen=true
mp2_pair22           number=2 rank=  3 frozen=false
number of pairs=3
average rank   =2 (2.00000e+00)
largest rank   =3
saving vector of functions mp2_pair11
saving vector of functions mp2_pair22
timer:                        save pnos on disc     0.15s     0.15s 
PNOPairs Memory Information
Total: 0.02478 GB 
PNO  : 0.00699 GB 
KPNO : 0.00707 GB 
W    : 0.01071 GB 

timer:                                 truncate     0.06s     0.06s 
timer:      compute densities for G application     0.00s     0.00s 
pair21 is frozen: no optimization
timer:                Prepare for G application     0.36s     0.36s 
timer:                                    add K     0.03s     0.03s 
size of all Vpsi potentials (without Vnuc and J) 0.00977 GB 
time=149.01543 chunk=6 Vpsi+Vnuc+J=0.02204 GB
time=149.05625 chunk=6 Vpsi+Vnuc+J=0.02114 GB (after truncation)
timer:                           Apply G to all     2.23s     2.23s 
timer:                       apply Q and update     0.00s     0.00s 
mp2_pair11 residual norms:
[0.00446, 0.00446, 0.01281]
mp2_pair11 scaled residual norms:
[0.00030, 0.00030, 0.00164]
mp2_pair22 residual norms:
[0.00887, 0.00887, 0.00736]
mp2_pair22 scaled residual norms:
[0.00056, 0.00056, 0.00140]
timer:                          update all PNOs     2.63s     2.63s 
frozen pair: no orthonormalization
timer:                                     RRCD     0.03s     0.03s 
timer:                             MRA compress     0.00s     0.00s 
timer:                          Transform Pairs     0.05s     0.05s 
saving vector of functions mp2_pair11
saving vector of functions mp2_pair22
timer:                        save pnos on disc     0.13s     0.13s 


CONVERGED!
energy change = 0.00008

re-entering loop to compute the correct amplitudes and energies
timer:                        Whole Iteration 5    10.47s    10.47s 
Information About All Pairs:
mp2_pair11           number=0 rank=  3 frozen=false
mp2_pair21           number=1 rank=  0 frozen=true
mp2_pair22           number=2 rank=  3 frozen=false
number of pairs=3
average rank   =2 (2.00000)
largest rank   =3
PNOPairs Memory Information
Total: 0.00707 GB 
PNO  : 0.00707 GB 
KPNO : 0.00000 GB 
W    : 0.00000 GB 

timer:                                 truncate     0.04s     0.04s 
wall time=154.39805 chunk=6 allK.size()=6 memory=0.00707 GB
timer:                             compute KPNO     3.44s     3.44s 
wall time=154.54873 chunk=6 allJ.size()=6 memory=0.00806 GB
timer:                             compute JPNO     0.15s     0.15s 
timer:                    compute Fock matrices     1.24s     1.24s 
timer:                             MRA compress     0.00s     0.00s 
timer:                          Transform Pairs     0.23s     0.23s 
timer:                             Canonicalize     0.24s     0.24s 
PNOPairs Memory Information
Total: 0.01407 GB 
PNO  : 0.00699 GB 
KPNO : 0.00707 GB 
W    : 0.00000 GB 

timer:                                 truncate     0.04s     0.04s 
mp2_pair21 is frozen: potential not computed
timer:                   Fluctuation Potentials     1.77s     1.77s 
timer:                       Fluctuation Matrix     0.16s     0.16s 
PNOPairs Memory Information
Total: 0.02478 GB 
PNO  : 0.00699 GB 
KPNO : 0.00707 GB 
W    : 0.01071 GB 

PNOPairs Memory Information
Total: 0.02478 GB 
PNO  : 0.00699 GB 
KPNO : 0.00707 GB 
W    : 0.01071 GB 

timer:                                 truncate     0.05s     0.05s 
timer:                             PNO Overlaps     0.12s     0.12s 
t_iter =  0  Hylleraas energy =  0.00000  ||R||_F =  0.24940  conv =  no
subspace solution [*]   1.00000000

t_iter =  1  Hylleraas energy =  -0.04491  ||R||_F =  0.00000  conv =  yes
=======================================================

Hylleraas MP2 Energies

=======================================================
    i    j      singlet      triplet        Total
=======================================================
    1    1  -2.04730e-02  0.00000e+00 -2.04730e-02
    2    1   0.00000e+00  0.00000e+00  0.00000e+00
    2    2  -2.44398e-02  0.00000e+00 -2.44398e-02
=======================================================
Hylleraas MP2 Energies (singlet): -4.49128e-02
Hylleraas MP2 Energies (triplet):  0.00000e+00
Hylleraas MP2 Energies (total)  : -4.49128e-02
=======================================================
-------------------------------------------
Total Reg Energy  =-4.49128e-02
Total F12 Energy  = 0.00000e+00
Sum Energies Total=-4.49128e-02
-------------------------------------------
timer:                         Solve Amplitudes     0.00s     0.00s 
pair11: density evals:
 [*]   0.00442630   0.00442630   0.01622287

pair22: density evals:
 [*]   0.00390996   0.00390996   0.03595504

timer:                            compress PNOs     0.00s     0.00s 
timer:                             MRA compress     0.00s     0.00s 
timer:                          Transform Pairs     0.29s     0.29s 
timer:                          PNO Compression     0.29s     0.29s 
Information About All Pairs:
mp2_pair11           number=0 rank=  3 frozen=false
mp2_pair21           number=1 rank=  0 frozen=true
mp2_pair22           number=2 rank=  3 frozen=false
number of pairs=3
average rank   =2 (2.00000e+00)
largest rank   =3
saving vector of functions mp2_pair11
saving vector of functions mp2_pair22
timer:                        save pnos on disc     0.12s     0.12s 
exiting: Iterations converged
PNO ranks:
PNO Rank for pair pair11 = 3
PNO Rank for pair pair21 = 0
PNO Rank for pair pair22 = 3
average rank 2.00000e+00
timer:                               PNO::solve    63.87s    63.87s 

--------------------------------
ITERATE-PAIRS-INTERNAL-ENDED
--------------------------------
mp2_pair21 converged!


Adaptive Sovler:
 Current Energy=-4.4912760582e-02
 DeltaE        =-4.4912760582e-02
 max dE (pair) =-2.4439790287e-02 (2)
 all_pairs_conv=false




not converged yet

freeze pair mp2_pair21 (not further optimized: Energy below 1.0000000000e-05)
Maximum Rank of3 reached for all non-frozen pairs, no need to iterate further=======================================================

Final MP2 Energies

=======================================================
    i    j      singlet      triplet        Total
=======================================================
    1    1  -2.04730e-02  0.00000e+00 -2.04730e-02
    2    1   0.00000e+00  0.00000e+00  0.00000e+00
    2    2  -2.44398e-02  0.00000e+00 -2.44398e-02
=======================================================
Final MP2 Energies (singlet): -4.49128e-02
Final MP2 Energies (triplet):  0.00000e+00
Final MP2 Energies (total)  : -4.49128e-02
=======================================================
-------------------------------------------
Total Reg Energy  =-4.49128e-02
Total F12 Energy  = 0.00000e+00
Sum Energies Total=-4.49128e-02
-------------------------------------------
Average | Max Rank: 2 | 3



--------------------------------------------------
MRA-PNO-MP2-F12 ended 
--------------------------------------------------
                 time scf = 8.70439e+01
               energy scf = -1.56254e+01
--------------------------------------------------
restarting PNO to reload pairs that converged before and were frozen
PNO Parameters
pno
       rank_increase  15         # default   maximum rank to increase in every macroiteration
               chunk  100        # default   chunk of functions operated on in parallel when G or K is applied (prevent memory shortage)
               debug  false      # default   debug mode
              freeze  1          # derived   frozen core approximation
             maxrank  3          # defined   maximal pno rank for all pairs
           guesstype  exop       # derived   the guesstype: exop (recommended, multiply polynomial excitation operators onto the occupied orbitals), empty (don't compute a guess), scf (use the ao basis from the SCF solver), partial_wave (create s,p,d ..., type functions and place on atoms), predefined (same as partial_wave but for predefined sets)
                exop  multipole  # derived   this string defines which excitation operators can be used, use 'dipole', 'dipole+', 'quadrupole', 'ocopole', or 'multipole', need to set guesstype to 'exop' which is the default
          exop_trigo  true       # default   use trigonometric excitation operators ( x --> sin(x)
        partial_wave             # default   atom centered partial wave guess of format like 'h-2s1p-o-3s2p1d', need to set guesstype to 'partial_wave' and adaptive_solver to 'none'
          predefined             # default   predefined partial wave guesses of type pvxz with x=d,t,q,5,6, need to set guesstype to 'predefined' and adaptive_solver to 'none'
           maxiter_t  100        # default   maximal number of iterations in the amplitude solver
       maxiter_micro  10         # default   Maximum of iterations for every cycle in the adaptive solver
       maxiter_macro  10         # default   Maximum of iterations of cycles in the adaptive solver
                tpno  1.0000e-08 # default   PNO cutoff threshold
          tpno_tight  1.0000e-10 # derived   PNO cutoff for the first iteration
    canonicalize_pno  true       # default   canonicalize the pnos before the amplitude solver
              thresh  1.0000e-04 # defined   MRA threshold
         econv_micro  1.0000e-04 # derived   Energy convergence for microiterations (Greens function based optimization) in adaptive solver
         econv_pairs  1.0000e-05 # derived   ENergy convergence for individual pairs in adaptive solver. Converged pairs are frozen automatically
         econv_macro  1.0000e-04 # derived   Energy convergence for macroiterations in adaptive solver, no effect if adaptive_solver is deactivated
               dconv  1.0000e-01 # default   convergence of every PNO in the Green's function solver
           op_thresh  1.0000e-06 # default   MRA operator thresh
             restart  all        # defined   restart pairs of this type, use 'mp2', 'cispd', 'all' or 'none'
          no_compute  none       # default   do not compute the pairs of this type, use 'mp2', 'cispd', 'all' or 'none'
              no_opt  all        # defined   do not optimize the pnos of this type, use 'mp2', 'cispd', 'all' or 'none'
            no_guess  all        # defined   guess for this type will be empty, use 'mp2', 'cispd', 'all' or 'none'
     adaptive_solver  none       # defined   Use adaptive solver for those pairs, use 'mp2', 'cispd', 'all' or 'none', works only in combination with guesstype 'exop'
                kain  true       # default   use KAIN solver in amplitude solver
       kain_subspace  5          # default   subspace size of the KAIN solver (amplitudes)
                 f12  false      # defined   use explicit correlation
        cispd_number  -1         # default   CIS(D) excitation numbers, to read in correct functions
        cispd_energy  0.0000e+00 # default   CIS energy
        freeze_pairs  none       # default   frozen pairs will not be optimized: Expected format 'a b c d' will freeze pairs ab and cd
freeze_pairs_of_orbital  []         # default    All pairs which originate from this orbital will not be optimized
active_pairs_of_orbital  []         # default    All pairs which originate from this orbital will not be frozen all other pairs will, if this vector is not empty
no_opt_in_first_iteration  false      # default   Do not optimize in the first iteration (then the potentials do not have to be evaluated, use this for large guesses)
            exchange  full       # default   approximate exchange with 'neglect' or xc functional -> same syntax as moldft
           save_pnos  true       # default   Save the OBS-PNOs to a file, before and after orthonormalization.
            diagonal  true       # defined   Compute only diagonal PNOs

end

**********************
Solve PNO-MP2
*********************


**********************
Iterate Pairs
*********************


************************
Standard Solver
***********************

Initializing Pairs:
Restart demanded for mp2 pairs
loading vector of functions mp2_pair11
Found PNOs for mp2_pair11 with rank 3
loading vector of functions mp2_pair21
failed to find PNO mp2_pair21 initialize as zero function
nloading vector of functions mp2_pair22
Found PNOs for mp2_pair22 with rank 3
no guess was explicitly demanded for mp2

timer:                                     RRCD     0.05s     0.05s 
timer:                             MRA compress     0.00s     0.00s 
timer:                          Transform Pairs     0.09s     0.09s 
timer:          apply Q and orthonormalize PNOs     0.31s     0.31s 
Created Guess:
pair11 with 3 guess functions
pair21 with 0 guess functions
pair22 with 3 guess functions
guess pair11 size: 3.3324360847e-03 | 3.3324360847e-03 Gbyte (after truncation)
guess pair22 size: 3.6595463753e-03 | 3.6595463753e-03 Gbyte (after truncation)
timer:                           truncate guess     0.05s     0.05s 
timer:                         Initialize Pairs     0.37s     0.37s 
Information About All Pairs:
mp2_pair11           number=0 rank=  3 frozen=false
mp2_pair21           number=1 rank=  0 frozen=true
mp2_pair22           number=2 rank=  3 frozen=false
number of pairs=3
average rank   =2 (2.0000000000e+00)
largest rank   =3
SolveInternal: Parameters are assigned as
no_compute        = false
no_opt            = true
restart           = true
do_cispd          = false
econv             =1.0000000000e-04
maxrank (min,max) = (3,3)
Solving MP2 doubles
timer:          fock matrix     2.82s     2.82s
Information About All Pairs:
mp2_pair11           number=0 rank=  3 frozen=false
mp2_pair21           number=1 rank=  0 frozen=true
mp2_pair22           number=2 rank=  3 frozen=false
number of pairs=3
average rank   =2 (2.0000000000e+00)
largest rank   =3
PNOPairs Memory Information
Total: 0.0069919825 GB 
PNO  : 0.0069919825 GB 
KPNO : 0.0000000000 GB 
W    : 0.0000000000 GB 

timer:                                 truncate     0.01s     0.01s 
wall time=165.2108778954 chunk=6 allK.size()=6 memory=0.0070737600 GB
timer:                             compute KPNO     3.42s     3.42s 
wall time=165.3287460804 chunk=6 allJ.size()=6 memory=0.0079733133 GB
timer:                             compute JPNO     0.12s     0.12s 
timer:                    compute Fock matrices     1.22s     1.22s 
timer:                             MRA compress     0.00s     0.00s 
timer:                          Transform Pairs     0.19s     0.19s 
timer:                             Canonicalize     0.19s     0.19s 
PNOPairs Memory Information
Total: 0.0140657425 GB 
PNO  : 0.0069919825 GB 
KPNO : 0.0070737600 GB 
W    : 0.0000000000 GB 

timer:                                 truncate     0.05s     0.05s 
mp2_pair21 is frozen: potential not computed
timer:                   Fluctuation Potentials     1.82s     1.82s 
timer:                       Fluctuation Matrix     0.14s     0.14s 
PNOPairs Memory Information
Total: 0.0247786045 GB 
PNO  : 0.0069919825 GB 
KPNO : 0.0070737600 GB 
W    : 0.0107128620 GB 

PNOPairs Memory Information
Total: 0.0247786045 GB 
PNO  : 0.0069919825 GB 
KPNO : 0.0070737600 GB 
W    : 0.0107128620 GB 

timer:                                 truncate     0.03s     0.03s 
timer:                             PNO Overlaps     0.05s     0.05s 
t_iter =  0  Hylleraas energy =  0.0000000000  ||R||_F =  0.2493996296  conv =  no
subspace solution [*]   1.00000000

t_iter =  1  Hylleraas energy =  -0.0449128624  ||R||_F =  0.0000000012  conv =  yes
=======================================================

Hylleraas MP2 Energies

=======================================================
    i    j      singlet      triplet        Total
=======================================================
    1    1  -2.04730e-02  0.00000e+00 -2.04730e-02
    2    1   0.00000e+00  0.00000e+00  0.00000e+00
    2    2  -2.44399e-02  0.00000e+00 -2.44399e-02
=======================================================
Hylleraas MP2 Energies (singlet): -4.49129e-02
Hylleraas MP2 Energies (triplet):  0.00000e+00
Hylleraas MP2 Energies (total)  : -4.49129e-02
=======================================================
-------------------------------------------
Total Reg Energy  =-4.49129e-02
Total F12 Energy  = 0.00000e+00
Sum Energies Total=-4.49129e-02
-------------------------------------------
timer:                         Solve Amplitudes     0.00s     0.00s 
No optimization untill now: Compressing pno ranks with tighter threshold
1.00000e-10 instead of 1.00000e-08
pair11: density evals:
 [*]   0.00442631   0.00442631   0.01622290

pair22: density evals:
 [*]   0.00390996   0.00390996   0.03595523

timer:                            compress PNOs     0.00s     0.00s 
timer:                             MRA compress     0.00s     0.00s 
timer:                          Transform Pairs     0.29s     0.29s 
timer:                          PNO Compression     0.29s     0.29s 
Information About All Pairs:
mp2_pair11           number=0 rank=  3 frozen=false
mp2_pair21           number=1 rank=  0 frozen=true
mp2_pair22           number=2 rank=  3 frozen=false
number of pairs=3
average rank   =2 (2.00000e+00)
largest rank   =3
saving vector of functions mp2_pair11
saving vector of functions mp2_pair22
timer:                        save pnos on disc     0.13s     0.13s 
exiting: Found no_opt keyword
PNO ranks:
PNO Rank for pair pair11 = 3
PNO Rank for pair pair21 = 0
PNO Rank for pair pair22 = 3
average rank 2.00000e+00
timer:                               PNO::solve    10.31s    10.31s 

--------------------------------
ITERATE-PAIRS-INTERNAL-ENDED
--------------------------------
=======================================================

Final MP2 Energies

=======================================================
    i    j      singlet      triplet        Total
=======================================================
    1    1  -2.04730e-02  0.00000e+00 -2.04730e-02
    2    1   0.00000e+00  0.00000e+00  0.00000e+00
    2    2  -2.44399e-02  0.00000e+00 -2.44399e-02
=======================================================
Final MP2 Energies (singlet): -4.49129e-02
Final MP2 Energies (triplet):  0.00000e+00
Final MP2 Energies (total)  : -4.49129e-02
=======================================================
-------------------------------------------
Total Reg Energy  =-4.49129e-02
Total F12 Energy  = 0.00000e+00
Sum Energies Total=-4.49129e-02
-------------------------------------------
Average | Max Rank: 2 | 3
                 time pno = 7.07360e+01
               energy mp2 = -4.49129e-02
     average pno rank mp2 = 2
         max pno rank mp2 = 3
--------------------------------------------------
            energy(total) = -1.56703e+01
--------------------------------------------------



Orthonormalization technique used: symmetric
No CABS used.
Tightening thresholds to +0.00010000 for post-processing
Overlap Matrix of all PNOs:
+1.00000729 -0.31169343 +0.00000000 -0.00000000 +0.00000000 +0.00000000 
-0.31169343 +1.00000553 +0.00000000 -0.00000000 +0.00000000 +0.00000000 
+0.00000000 +0.00000000 +1.00000000 -0.00000000 +0.00078904 +0.08624500 
-0.00000000 -0.00000000 -0.00000000 +1.00000000 +0.08624500 -0.00078904 
+0.00000000 +0.00000000 +0.00078904 +0.08624500 +1.00000000 +0.00000000 
+0.00000000 +0.00000000 +0.08624500 -0.00078904 +0.00000000 +1.00000000 
Before cherry pick
rank is +0
all used occupation numbers:
[+0.03595523 +0.01622290 +0.00442631 +0.00442631 +0.00390996 +0.00390996 ]
corresponding to active pairs:
[(1,1) (0,0) (0,0) (0,0) (1,1) (1,1) ]
After cherry pick
all used occupation numbers:
[+0.03595523 +0.01622290 +0.00442631 +0.00442631 +0.00390996 +0.00390996 ]
corresponding to active pairs:
[(1,1) (0,0) (0,0) (0,0) (1,1) (1,1) ]
Overlap Matrix before symmetric
[+0,*]  +1.00000729  -0.31169343  +0.00000000  -0.00000000  +0.00000000  +0.00000000
[+1,*]  -0.31169343  +1.00000553  +0.00000000  -0.00000000  +0.00000000  +0.00000000
[+2,*]  +0.00000000  +0.00000000  +1.00000000  -0.00000000  +0.00078904  +0.08624500
[+3,*]  -0.00000000  -0.00000000  -0.00000000  +1.00000000  +0.08624500  -0.00078904
[+4,*]  +0.00000000  +0.00000000  +0.00078904  +0.08624500  +1.00000000  +0.00000000
[+5,*]  +0.00000000  +0.00000000  +0.08624500  -0.00078904  +0.00000000  +1.00000000
Overlap Matrix after symmetric
[+0,*]  +1.00000000  +0.00000000  -0.00000000  +0.00000000  +0.00000000  -0.00000000
[+1,*]  +0.00000000  +1.00000000  +0.00000000  +0.00000000  -0.00000000  -0.00000000
[+2,*]  -0.00000000  +0.00000000  +1.00000000  +0.00000000  +0.00000000  -0.00000000
[+3,*]  +0.00000000  +0.00000000  +0.00000000  +1.00000000  -0.00000000  -0.00000000
[+4,*]  +0.00000000  -0.00000000  +0.00000000  -0.00000000  +1.00000000  +0.00000000
[+5,*]  -0.00000000  -0.00000000  -0.00000000  -0.00000000  +0.00000000  +1.00000000
Adding 3 HF orbitals
Size before adding CABS: 9.
Size after adding CABS: 9.
Compute G and F Tensor:
Assemble g,f using symmetries...
non zero elements:
 g : +11111
 h : +37
Overlap over whole basis
[+0,*]  +1.00000000  -0.00000050  -0.00000140  -0.00001232  +0.00000469  +0.00000000  -0.00000000  -0.00000000  -0.00000000
[+1,*]  -0.00000050  +1.00000000  -0.00000053  +0.00000191  -0.00000073  +0.00000000  +0.00000000  +0.00000000  +0.00000000
[+2,*]  -0.00000140  -0.00000053  +1.00000000  -0.00000123  +0.00000045  -0.00000000  -0.00000000  -0.00000000  +0.00000000
[+3,*]  -0.00001232  +0.00000191  -0.00000123  +1.00000000  +0.00000000  -0.00000000  +0.00000000  -0.00000000  +0.00000000
[+4,*]  +0.00000469  -0.00000073  +0.00000045  +0.00000000  +1.00000000  -0.00000000  +0.00000000  +0.00000000  -0.00000000
[+5,*]  +0.00000000  +0.00000000  -0.00000000  -0.00000000  -0.00000000  +1.00000000  +0.00000000  +0.00000000  -0.00000000
[+6,*]  -0.00000000  +0.00000000  -0.00000000  +0.00000000  +0.00000000  +0.00000000  +1.00000000  -0.00000000  -0.00000000
[+7,*]  -0.00000000  +0.00000000  -0.00000000  -0.00000000  +0.00000000  +0.00000000  -0.00000000  +1.00000000  +0.00000000
[+8,*]  -0.00000000  +0.00000000  +0.00000000  +0.00000000  -0.00000000  -0.00000000  -0.00000000  +0.00000000  +1.00000000

||S-1||=+0.00001908
finished at time 247.9

    Parallel environment
    --------------------
                  #nodes    1
       #threads per node    11+main = 12
          #total threads    12

  RMI message statistics (min / avg / max)
  ----------------------
   #messages in server q    0.00e+00 / 0.00e+00 / 0.00e+00
 #messages sent per node    0.00e+00 / 0.00e+00 / 0.00e+00
    #bytes sent per node    0.00e+00 / 0.00e+00 / 0.00e+00
 #messages recv per node    0.00e+00 / 0.00e+00 / 0.00e+00
    #bytes recv per node    0.00e+00 / 0.00e+00 / 0.00e+00
        #msgs systemwide    0.00e+00
       #bytes systemwide    0.00e+00

  Thread pool statistics (min / avg / max)
  ----------------------
         #tasks per node    1.52e+07 / 1.52e+07 / 1.52e+07
     #max q len per node    1.23e+04 / 1.23e+04 / 1.23e+04
  #hi-pri tasks per node    4.60e+06 / 4.60e+06 / 4.60e+06

         Total wall time    247.8s
         Total  cpu time    247.8s

