MADNESS runtime initialized with 11 threads in the pool and affinity -1 -1 -1
starting at time 0.0

--------------------------------------------
   MADNESS 0.10.1 multiresolution suite
--------------------------------------------

   number of processors ... 1
    processor frequency ... 3.695895e+09
            host system ... Linux
          configured by ... kottmann
          configured on ... wittgenstein
          configured at ... 2021-02-10T21:25:26
                    CXX ... /usr/bin/c++
               CXXFLAGS ... -O3 -DNDEBUG -I/h/28/kottmann/install/numcpp/include/ -I/h/28/kottmann/install/boost/boost_1_72_0/include/ -std=c++1z
             tuning for ... default
                    MPI ... multiple
 multi-threaded runtime ... MADNESS ThreadPool
                   BLAS ... Intel MKL 66442 66442 MFLOP/s
               compiled ... 13:08:26  on  Feb 23 2021


-------------------------------------------------------------------------------------
SOLVING MRA-PNO-F12 as described in 
J.S. Kottmann, F.A. Bischoff, E.F. Valeev
Direct determination of optimal pair-natural orbitals in a real-space representation:
the second-order Møller-Plesset energy
Journal of Chemical Physics ... 2020
-------------------------------------------------------------------------------------


This script will run PNO-MP2 and print out tensors in binary
Call as: pno_integrals inputfileinput is input
ignoring unknown parameter in input file:  ncf

Angstrom being used to read input coordinates (1 Bohr = 1.88972613 Angstrom)


Asymptotic correction parameters
---------------------------------------
Atom vector is not empty: false
Using multipole approximation: false
Number of electrons = -1
Ionisation energy = 0.000000e+00
E(HOMO) = 0.000000e+00
R1 = 3.000000e+00
R2 = 4.000000e+00
DFT coefficient = 0.000000e+00
Interpolation scheme = linear
constructed symmetry operator for point group C1
dft
              charge  0.0000e+00 # defined   total molecular charge
                  xc  hf         # defined   XC input line
               smear  0.0000e+00 # default   smearing parameter
               econv  1.0000e-04 # defined   energy convergence
               dconv  5.0000e-04 # defined   density convergence
convergence_criteria  [bsh_residual, total_energy] # default   possible values are: bsh_residual, total_energy, each_energy, density
                   k  7          # defined   polynomial order
                   l  5.5134e+01 # derived   user coordinates box size
               deriv  abgv       # default   derivative method                            [abgv, bspline, ble]
           dft_deriv  abgv       # default   derivative method for gga potentials         [abgv, bspline, ble]
             maxrotn  2.5000e-01 # default   step restriction used in autoshift algorithm
             nvalpha  0          # default   number of alpha virtuals to compute
              nvbeta  0          # default   number of beta virtuals to compute
               nopen  0          # default   number of unpaired electrons = nalpha-nbeta
             maxiter  25         # default   maximum number of iterations
                 nio  1          # default   no. of io servers to use
     spin_restricted  true       # default   true if spin restricted
              plotlo  0          # default   range of MOs to print (for both spins if polarized
              plothi  -1         # default   range of MOs to print (for both spins if polarized
            plotdens  false      # default   If true print the density at convergence
            plotcoul  false      # default   If true plot the total coulomb potential at convergence
            localize  boys       # defined   localization method                          [pm, boys, new, canon]
          pointgroup  c1         # derived   use point (sub) group symmetry if not localized[c1, c2, ci, cs, c2v, c2h, d2, d2h]
             restart  false      # default   if true restart from orbitals on disk
           restartao  false      # default   if true restart from orbitals projected into AO basis (STO3G) on disk
          no_compute  false      # default   if true use orbitals on disk, set value to computed
           no_orient  false      # default   if true the molecule coordinates will not be reoriented
                save  true       # default   if true save orbitals to disk
              maxsub  10         # default   size of iterative subspace ... set to 0 or 1 to disable
        orbitalshift  0.0000e+00 # default   scf orbital shift: shift the occ orbitals to lower energies
            npt_plot  101        # default   no. of points to use in each dim for plots
           plot_cell  []         # default   lo hi in each dimension for plotting (default is all space)
             aobasis  6-31g      # derived   AO basis used for initial guess (6-31g or sto-3g)
           core_type  none       # default   core potential type                          [none, mpc]
         derivatives  false      # default   if true calculate nuclear derivatives
              dipole  false      # default   if true calculate dipole moment
      conv_only_dens  false      # default   if true remove bsh_residual from convergence criteria (deprecated)
            psp_calc  false      # default   pseudopotential calculation for all atoms
 print_dipole_matels  false      # default   if true output dipole matrix elements
            pcm_data  none       # default   do a PCM (solvent) calculation
             ac_data  none       # default   do a calculation with asymptotic correction (see ACParameters class in chem/AC.h for details)
             pure_ae  true       # default   pure all electron calculation with no pseudo-atoms
         print_level  3          # default   0: no output; 1: final energy; 2: iterations; 3: timings; 10: debug
              nalpha  3          # derived   number of alpha spin electrons
               nbeta  3          # derived   number of beta  spin electrons
           nmo_alpha  3          # derived   number of alpha spin molecular orbitals
            nmo_beta  3          # derived   number of beta spin molecular orbitals
                  lo  9.0905e-04 # derived   smallest length scale we need to resolve
            protocol  [1.0000e-04, 1.0000e-06] # derived   calculation protocol
                gopt  false      # default   geometry optimizer
                gtol  1.0000e-04 # default   geometry tolerance
               gtest  false      # default   geometry tolerance
                gval  1.0000e-05 # default   value precision
               gprec  1.0000e-04 # default   gradient precision
            gmaxiter  20         # default   optimization maxiter
    ginitial_hessian  false      # default   compute inital hessian for optimization
              algopt  bfgs       # default   algorithm used for optimization              [bfgs, cg]
            tdksprop  false      # default   time-dependent Kohn-Sham equation propagate
           nv_factor  1          # default   factor to multiply number of virtual orbitals with when automatically decreasing nvirt
           vnucextra  2          # default   load balance parameter for nuclear pot
        loadbalparts  2          # default   ??
            response  false      # default   response function calculation
       response_freq  0.0000e+00 # default   frequency for calculation response function
       response_axis  [1, 1, 1]  # default   response axis
           nonrotate  false      # default   if true do not molcule orient (redundant with no_orient
               rconv  1.0000e-06 # default   Response convergence
              efield  0.0000e+00 # default   eps for finite field
         efield_axis  0          # default   finite field axis                            [0, 1, 2]
              nwfile  none       # default   Base name of nwchem output files (.out and .movecs extensions) to read from
                 ncf  (none,1.0000e+00) # defined   nuclear correlation factor
             hessian  false      # default   compute the hessian matrix
           read_cphf  false      # default   read the converged orbital response for nuclear displacements from file
        restart_cphf  false      # default   read the guess orbital response for nuclear displacements from file
      purify_hessian  false      # default   symmetrize the hessian matrix based on atomic charges

end
              charge  0.0000e+00 # defined   total molecular charge
                  xc  hf         # defined   XC input line
               smear  0.0000e+00 # default   smearing parameter
               econv  1.0000e-04 # defined   energy convergence
               dconv  5.0000e-04 # defined   density convergence
convergence_criteria  [bsh_residual, total_energy] # default   possible values are: bsh_residual, total_energy, each_energy, density
                   k  7          # defined   polynomial order
                   l  5.5134e+01 # derived   user coordinates box size
               deriv  abgv       # default   derivative method                            [abgv, bspline, ble]
           dft_deriv  abgv       # default   derivative method for gga potentials         [abgv, bspline, ble]
             maxrotn  2.5000e-01 # default   step restriction used in autoshift algorithm
             nvalpha  0          # default   number of alpha virtuals to compute
              nvbeta  0          # default   number of beta virtuals to compute
               nopen  0          # default   number of unpaired electrons = nalpha-nbeta
             maxiter  25         # default   maximum number of iterations
                 nio  1          # default   no. of io servers to use
     spin_restricted  true       # default   true if spin restricted
              plotlo  0          # default   range of MOs to print (for both spins if polarized
              plothi  -1         # default   range of MOs to print (for both spins if polarized
            plotdens  false      # default   If true print the density at convergence
            plotcoul  false      # default   If true plot the total coulomb potential at convergence
            localize  boys       # defined   localization method                          [pm, boys, new, canon]
          pointgroup  c1         # derived   use point (sub) group symmetry if not localized[c1, c2, ci, cs, c2v, c2h, d2, d2h]
             restart  false      # default   if true restart from orbitals on disk
           restartao  false      # default   if true restart from orbitals projected into AO basis (STO3G) on disk
          no_compute  false      # default   if true use orbitals on disk, set value to computed
           no_orient  false      # default   if true the molecule coordinates will not be reoriented
                save  true       # default   if true save orbitals to disk
              maxsub  10         # default   size of iterative subspace ... set to 0 or 1 to disable
        orbitalshift  0.0000e+00 # default   scf orbital shift: shift the occ orbitals to lower energies
            npt_plot  101        # default   no. of points to use in each dim for plots
           plot_cell  []         # default   lo hi in each dimension for plotting (default is all space)
             aobasis  6-31g      # derived   AO basis used for initial guess (6-31g or sto-3g)
           core_type  none       # default   core potential type                          [none, mpc]
         derivatives  false      # default   if true calculate nuclear derivatives
              dipole  false      # default   if true calculate dipole moment
      conv_only_dens  false      # default   if true remove bsh_residual from convergence criteria (deprecated)
            psp_calc  false      # default   pseudopotential calculation for all atoms
 print_dipole_matels  false      # default   if true output dipole matrix elements
            pcm_data  none       # default   do a PCM (solvent) calculation
             ac_data  none       # default   do a calculation with asymptotic correction (see ACParameters class in chem/AC.h for details)
             pure_ae  true       # default   pure all electron calculation with no pseudo-atoms
         print_level  3          # default   0: no output; 1: final energy; 2: iterations; 3: timings; 10: debug
              nalpha  3          # derived   number of alpha spin electrons
               nbeta  3          # derived   number of beta  spin electrons
           nmo_alpha  3          # derived   number of alpha spin molecular orbitals
            nmo_beta  3          # derived   number of beta spin molecular orbitals
                  lo  9.0905e-04 # derived   smallest length scale we need to resolve
            protocol  [1.0000e-04, 1.0000e-06] # derived   calculation protocol
                gopt  false      # default   geometry optimizer
                gtol  1.0000e-04 # default   geometry tolerance
               gtest  false      # default   geometry tolerance
                gval  1.0000e-05 # default   value precision
               gprec  1.0000e-04 # default   gradient precision
            gmaxiter  20         # default   optimization maxiter
    ginitial_hessian  false      # default   compute inital hessian for optimization
              algopt  bfgs       # default   algorithm used for optimization              [bfgs, cg]
            tdksprop  false      # default   time-dependent Kohn-Sham equation propagate
           nv_factor  1          # default   factor to multiply number of virtual orbitals with when automatically decreasing nvirt
           vnucextra  2          # default   load balance parameter for nuclear pot
        loadbalparts  2          # default   ??
            response  false      # default   response function calculation
       response_freq  0.0000e+00 # default   frequency for calculation response function
       response_axis  [1, 1, 1]  # default   response axis
           nonrotate  false      # default   if true do not molcule orient (redundant with no_orient
               rconv  1.0000e-06 # default   Response convergence
              efield  0.0000e+00 # default   eps for finite field
         efield_axis  0          # default   finite field axis                            [0, 1, 2]
              nwfile  none       # default   Base name of nwchem output files (.out and .movecs extensions) to read from



 geometry
   eprec 1.0e-06
   units atomic
   Be            0.00000000           0.00000000           0.34644979
   H             0.00000000           0.00000000           3.74795683
   H             0.00000000           0.00000000          -5.13375599
 end

Solving NDIM= 3  with thresh 1.000000e-04     k 7    conv 5.000000e-04 

timer:     Project vnuclear     0.62s     0.62s
constructed nuclear correlation factor of the form
    R   =  1.000000e+00
with eprec  1.000000e-06
which means it's (nearly) a conventional calculation

timer:        reproject ncf     1.79s     1.79s
timer:        guess density     0.52s     0.52s
timer:   guess Coulomb potn     0.49s     0.49s
timer:       guess lda potn     0.23s     0.23s
timer:        guess overlap     0.09s     0.09s
timer:    KEmat reconstruct     0.06s     0.06s
timer:  KEmat differentiate     0.29s     0.29s
timer:       KEmat compress     0.10s     0.10s
timer: KEmat inner products     0.17s     0.17s
timer:     guess Kinet potn     0.63s     0.63s
timer:           guess fock     0.57s     0.57s
timer:      guess eigen sol     0.02s     0.02s
timer: guess orbital groupi     0.18s     0.18s

starting protocol at time      7.7s 
precision steps  1.000000e-04  -->  1.000000e-04
protocol: thresh 1.000000e-04 econv  1.000000e-04 dconv 5.000000e-04

ending protocol at time      7.7s 

Solving NDIM= 3  with thresh 1.000000e-04     k 7    conv 5.000000e-04 

timer:        Boys localize     0.88s     0.88s
orbital irreps []
timer:      reconstruct psi     0.17s     0.17s
timer:        compute Jnemo     0.68s     0.68s
timer:        compute Knemo     2.16s     2.16s
timer: compute Unemo 0.0152     0.29s     0.29s

  nuclear and kinetic     -23.72044390
         kinetic only      15.19248657
              coulomb       9.44042716
             exchange      -3.25049653
    nuclear-repulsion       2.01843985
   regularized energy     -15.51207343
  buggy if hybrid functionals are used..
timer:       compute energy     3.67s     3.67s
Norm of vector changes ab spin case : rms 1.004854e-01    max 1.657874e-01
convergence: bshresidual, energy change, max energy change, density change 1.2e-01 1.6e+01 1.6e+01 1.4e+00
finished iteration  0 at time     20.5s with energy  -15.51207343
timer:        Boys localize     0.98s     0.98s
orbital irreps []
timer:      reconstruct psi     0.14s     0.14s
timer:        compute Jnemo     0.62s     0.62s
timer:        compute Knemo     2.01s     2.01s
timer: compute Unemo 0.0151     0.18s     0.18s

  nuclear and kinetic     -23.83237255
         kinetic only      15.08990984
              coulomb       9.43077829
             exchange      -3.18408003
    nuclear-repulsion       2.01843985
   regularized energy     -15.56723444
  buggy if hybrid functionals are used..
timer:       compute energy     3.58s     3.58s
Norm of vector changes ab spin case : rms 3.620590e-02    max 5.751126e-02
convergence: bshresidual, energy change, max energy change, density change 2.9e-02 5.5e-02 1.1e-01 1.3e-02
finished iteration  1 at time     33.3s with energy  -15.56723444
timer:        Boys localize     1.04s     1.04s
orbital irreps []
timer:      reconstruct psi     0.12s     0.12s
timer:        compute Jnemo     0.66s     0.66s
timer:        compute Knemo     2.06s     2.06s
timer: compute Unemo 0.0149     0.22s     0.22s

  nuclear and kinetic     -23.90595550
         kinetic only      15.09590337
              coulomb       9.48225749
             exchange      -3.16875805
    nuclear-repulsion       2.01843985
   regularized energy     -15.57401621
  buggy if hybrid functionals are used..
timer:       compute energy     3.36s     3.36s
Norm of vector changes ab spin case : rms 1.853725e-02    max 3.057973e-02
convergence: bshresidual, energy change, max energy change, density change 9.6e-03 6.8e-03 7.4e-02 6.0e-03
finished iteration  2 at time     46.3s with energy  -15.57401621
timer:        Boys localize     1.12s     1.12s
orbital irreps []
timer:      reconstruct psi     0.12s     0.12s
timer:        compute Jnemo     0.61s     0.61s
timer:        compute Knemo     2.03s     2.03s
timer: compute Unemo 0.0150     0.17s     0.17s

  nuclear and kinetic     -23.95115101
         kinetic only      15.10226274
              coulomb       9.52027986
             exchange      -3.16293898
    nuclear-repulsion       2.01843985
   regularized energy     -15.57537029
  buggy if hybrid functionals are used..
timer:       compute energy     3.77s     3.77s
Norm of vector changes ab spin case : rms 8.608184e-03    max 1.324863e-02
convergence: bshresidual, energy change, max energy change, density change 3.5e-03 1.4e-03 4.5e-02 1.8e-03
finished iteration  3 at time     59.6s with energy  -15.57537029
timer:        Boys localize     0.97s     0.97s
orbital irreps []
timer:      reconstruct psi     0.21s     0.21s
timer:        compute Jnemo     0.77s     0.77s
timer:        compute Knemo     2.13s     2.13s
timer: compute Unemo 0.0150     0.23s     0.23s

  nuclear and kinetic     -23.96434935
         kinetic only      15.10227434
              coulomb       9.53198712
             exchange      -3.16166124
    nuclear-repulsion       2.01843985
   regularized energy     -15.57558362
  buggy if hybrid functionals are used..
timer:       compute energy     3.69s     3.69s
Norm of vector changes ab spin case : rms 2.411764e-03    max 3.380111e-03
convergence: bshresidual, energy change, max energy change, density change 1.0e-03 2.1e-04 1.3e-02 7.4e-04
finished iteration  4 at time     73.4s with energy  -15.57558362
timer:        Boys localize     0.97s     0.97s
orbital irreps []
timer:      reconstruct psi     0.20s     0.20s
timer:        compute Jnemo     0.60s     0.60s
timer:        compute Knemo     1.87s     1.87s
timer: compute Unemo 0.0150     0.21s     0.21s

  nuclear and kinetic     -23.96460013
         kinetic only      15.10146308
              coulomb       9.53235421
             exchange      -3.16179716
    nuclear-repulsion       2.01843985
   regularized energy     -15.57560324
  buggy if hybrid functionals are used..
timer:       compute energy     3.71s     3.71s
Norm of vector changes ab spin case : rms 9.011774e-04    max 1.285076e-03
convergence: bshresidual, energy change, max energy change, density change 4.3e-04 2.0e-05 8.1e-04 2.6e-04
finished iteration  5 at time     86.7s with energy  -15.57560324

Iterations converged


ending protocol at time     86.7s 

 Dipole Moment (a.u.)
 -----------

     x:  -2.466482e-14
     y:  -6.763035e-14
     z:  1.025661e+00
 Total Dipole Moment:  1.025661e+00 

timer:               dipole     0.09s     0.09s
Nemo Orbital Energies: [*]  -4.84340464  -0.45113513  -0.31720325

nemo energy:  -1.557560e+01
 at time 87.3
PNO Integrals evaluated as:
pnoint
       rank_increase  15         # default   maximum rank to increase in every macroiteration
               chunk  100        # default   chunk of functions operated on in parallel when G or K is applied (prevent memory shortage)
               debug  false      # default   debug mode
              freeze  1          # derived   frozen core approximation
             maxrank  3          # defined   maximal pno rank for all pairs
           guesstype  exop       # derived   the guesstype: exop (recommended, multiply polynomial excitation operators onto the occupied orbitals), empty (don't compute a guess), scf (use the ao basis from the SCF solver), partial_wave (create s,p,d ..., type functions and place on atoms), predefined (same as partial_wave but for predefined sets)
                exop  multipole  # derived   this string defines which excitation operators can be used, use 'dipole', 'dipole+', 'quadrupole', 'ocopole', or 'multipole', need to set guesstype to 'exop' which is the default
          exop_trigo  true       # default   use trigonometric excitation operators ( x --> sin(x)
        partial_wave             # default   atom centered partial wave guess of format like 'h-2s1p-o-3s2p1d', need to set guesstype to 'partial_wave' and adaptive_solver to 'none'
          predefined             # default   predefined partial wave guesses of type pvxz with x=d,t,q,5,6, need to set guesstype to 'predefined' and adaptive_solver to 'none'
           maxiter_t  100        # default   maximal number of iterations in the amplitude solver
       maxiter_micro  10         # default   Maximum of iterations for every cycle in the adaptive solver
       maxiter_macro  10         # default   Maximum of iterations of cycles in the adaptive solver
                tpno  1.0000e-08 # default   PNO cutoff threshold
          tpno_tight  1.0000e-10 # derived   PNO cutoff for the first iteration
    canonicalize_pno  true       # default   canonicalize the pnos before the amplitude solver
              thresh  1.0000e-04 # defined   MRA threshold
         econv_micro  1.0000e-04 # derived   Energy convergence for microiterations (Greens function based optimization) in adaptive solver
         econv_pairs  1.0000e-05 # derived   ENergy convergence for individual pairs in adaptive solver. Converged pairs are frozen automatically
         econv_macro  1.0000e-04 # derived   Energy convergence for macroiterations in adaptive solver, no effect if adaptive_solver is deactivated
               dconv  1.0000e-01 # default   convergence of every PNO in the Green's function solver
           op_thresh  1.0000e-06 # default   MRA operator thresh
             restart  none       # derived   restart pairs of this type, use 'mp2', 'cispd', 'all' or 'none'
          no_compute  none       # default   do not compute the pairs of this type, use 'mp2', 'cispd', 'all' or 'none'
              no_opt  none       # default   do not optimize the pnos of this type, use 'mp2', 'cispd', 'all' or 'none'
            no_guess  none       # derived   guess for this type will be empty, use 'mp2', 'cispd', 'all' or 'none'
     adaptive_solver  all        # default   Use adaptive solver for those pairs, use 'mp2', 'cispd', 'all' or 'none', works only in combination with guesstype 'exop'
                kain  true       # default   use KAIN solver in amplitude solver
       kain_subspace  5          # default   subspace size of the KAIN solver (amplitudes)
                 f12  false      # defined   use explicit correlation
        cispd_number  -1         # default   CIS(D) excitation numbers, to read in correct functions
        cispd_energy  0.0000e+00 # default   CIS energy
        freeze_pairs  none       # default   frozen pairs will not be optimized: Expected format 'a b c d' will freeze pairs ab and cd
freeze_pairs_of_orbital  []         # default    All pairs which originate from this orbital will not be optimized
active_pairs_of_orbital  []         # default    All pairs which originate from this orbital will not be frozen all other pairs will, if this vector is not empty
no_opt_in_first_iteration  false      # default   Do not optimize in the first iteration (then the potentials do not have to be evaluated, use this for large guesses)
            exchange  full       # default   approximate exchange with 'neglect' or xc functional -> same syntax as moldft
           save_pnos  true       # default   Save the OBS-PNOs to a file, before and after orthonormalization.
            diagonal  true       # defined   Compute only diagonal PNOs
              orthog  symmetric  # defined   orthogonalization method for PNO basis, also current default for a potential CABS. options: symmetric, canonical, cholesky, rr_cholesky,
         orthog_cabs  default    # default   orthogonalization method for CABS basis. options: symmetric, canonical, cholesky, rr_cholesky, uses same as orbitals basis if default.
               n_pno  6          # defined   desired size of PNO-basis (orbital space)
         cabs_option  none       # default   type of complementary auxiliary basis to be used. can be none ~ no CABS, gbs ~ Gaussian basis set as CABS, requires input via auxbas_file, pno ~ use superfluous PNOs as CABS, mixed ~ gbs&pno-option
       pno_cabs_size  -1         # default   size of a potential pno-cabs. defaults to -1 ~ all remaining PNOs, if pno-cabs or mixed-cabs
           only_diag  false      # default   use only diagonal elements PNOs
         cherry_pick  []         # default   cherry pick option to choose particular set of PNOs, not just blindly by occupation number. can be useful, if only a restricted number of PNOs can be used, to avoid separating degenerate pairs. can be envoked by passing a vector via [ elem1, elem2, ... ]
               gamma  1.4000e+00 # default   The f12 length scale, here to be used to compute f12-integrals
         cabs_thresh  1.0000e-04 # derived    thresh for cabs part
              auxbas  none       # default   atom centered partial wave guess of format like 'h-2s1p-o-3s2p1d'
         auxbas_file  none       # default   Use external comp. aux. basis in addition to the pnos as auxbasis. Give the filename as parameter. Give the auxbas in turbomole format. Don't use contractions. If a file is specified the auxbas parameter has no effect
   print_pno_overlap  true       # default   Print overlap matrix at certain steps in computation, for debugging purposes.
              n_virt  0          # defined   Compute this number of virtuals and include them in the integral construction, experimental and not robust!.
      hardcore_boson  false      # default   compute only integrals for hardcore boson hamiltonian (restricted to double occupations)

end
F12 Operators initialized right
timer:                    Testing F12 Operators     0.90s     0.90s 
timer:  Initializing (active) Exchange Orbitals     2.06s     2.06s 
Size of active mos and their exchange potentials:
K(acmos)=2.984881e-03 Gbyte
acmos   =2.616882e-03 Gbyte
PNO Parameters
pno
       rank_increase  15         # default   maximum rank to increase in every macroiteration
               chunk  100        # default   chunk of functions operated on in parallel when G or K is applied (prevent memory shortage)
               debug  false      # default   debug mode
              freeze  1          # derived   frozen core approximation
             maxrank  3          # defined   maximal pno rank for all pairs
           guesstype  exop       # derived   the guesstype: exop (recommended, multiply polynomial excitation operators onto the occupied orbitals), empty (don't compute a guess), scf (use the ao basis from the SCF solver), partial_wave (create s,p,d ..., type functions and place on atoms), predefined (same as partial_wave but for predefined sets)
                exop  multipole  # derived   this string defines which excitation operators can be used, use 'dipole', 'dipole+', 'quadrupole', 'ocopole', or 'multipole', need to set guesstype to 'exop' which is the default
          exop_trigo  true       # default   use trigonometric excitation operators ( x --> sin(x)
        partial_wave             # default   atom centered partial wave guess of format like 'h-2s1p-o-3s2p1d', need to set guesstype to 'partial_wave' and adaptive_solver to 'none'
          predefined             # default   predefined partial wave guesses of type pvxz with x=d,t,q,5,6, need to set guesstype to 'predefined' and adaptive_solver to 'none'
           maxiter_t  100        # default   maximal number of iterations in the amplitude solver
       maxiter_micro  10         # default   Maximum of iterations for every cycle in the adaptive solver
       maxiter_macro  10         # default   Maximum of iterations of cycles in the adaptive solver
                tpno  1.0000e-08 # default   PNO cutoff threshold
          tpno_tight  1.0000e-10 # derived   PNO cutoff for the first iteration
    canonicalize_pno  true       # default   canonicalize the pnos before the amplitude solver
              thresh  1.0000e-04 # defined   MRA threshold
         econv_micro  1.0000e-04 # derived   Energy convergence for microiterations (Greens function based optimization) in adaptive solver
         econv_pairs  1.0000e-05 # derived   ENergy convergence for individual pairs in adaptive solver. Converged pairs are frozen automatically
         econv_macro  1.0000e-04 # derived   Energy convergence for macroiterations in adaptive solver, no effect if adaptive_solver is deactivated
               dconv  1.0000e-01 # default   convergence of every PNO in the Green's function solver
           op_thresh  1.0000e-06 # default   MRA operator thresh
             restart  none       # derived   restart pairs of this type, use 'mp2', 'cispd', 'all' or 'none'
          no_compute  none       # default   do not compute the pairs of this type, use 'mp2', 'cispd', 'all' or 'none'
              no_opt  none       # default   do not optimize the pnos of this type, use 'mp2', 'cispd', 'all' or 'none'
            no_guess  none       # derived   guess for this type will be empty, use 'mp2', 'cispd', 'all' or 'none'
     adaptive_solver  all        # default   Use adaptive solver for those pairs, use 'mp2', 'cispd', 'all' or 'none', works only in combination with guesstype 'exop'
                kain  true       # default   use KAIN solver in amplitude solver
       kain_subspace  5          # default   subspace size of the KAIN solver (amplitudes)
                 f12  false      # defined   use explicit correlation
        cispd_number  -1         # default   CIS(D) excitation numbers, to read in correct functions
        cispd_energy  0.0000e+00 # default   CIS energy
        freeze_pairs  none       # default   frozen pairs will not be optimized: Expected format 'a b c d' will freeze pairs ab and cd
freeze_pairs_of_orbital  []         # default    All pairs which originate from this orbital will not be optimized
active_pairs_of_orbital  []         # default    All pairs which originate from this orbital will not be frozen all other pairs will, if this vector is not empty
no_opt_in_first_iteration  false      # default   Do not optimize in the first iteration (then the potentials do not have to be evaluated, use this for large guesses)
            exchange  full       # default   approximate exchange with 'neglect' or xc functional -> same syntax as moldft
           save_pnos  true       # default   Save the OBS-PNOs to a file, before and after orthonormalization.
            diagonal  true       # defined   Compute only diagonal PNOs

end

**********************
Solve PNO-MP2
*********************


**********************
Iterate Pairs
*********************


************************
Adaptive Solver
***********************

Initializing empty Pairs:
no guess was explicitly demanded for mp2

timer:                                     RRCD     0.00s     0.00s 
timer:                             MRA compress     0.00s     0.00s 
timer:                          Transform Pairs     0.00s     0.00s 
timer:          apply Q and orthonormalize PNOs     0.00s     0.00s 
Created Guess:
pair11 with 0 guess functions
pair21 with 0 guess functions
pair22 with 0 guess functions
guess pair11 size: 0.0000000000e+00 | 0.0000000000e+00 Gbyte (after truncation)
guess pair22 size: 0.0000000000e+00 | 0.0000000000e+00 Gbyte (after truncation)
timer:                           truncate guess     0.00s     0.00s 
timer:                         Initialize Pairs     0.00s     0.00s 
Keyword multipole is not known
Guess protocol for adaptively growing ranks is: [dipole+, quadrupole, big_fock_3, big_fock_3, big_fock_3, big_fock_3, big_fock_3, big_fock_3, big_fock_3, big_fock_3]


--------Adaptive Solver Macroiteration 0 from max 10 ----------

Growing ranks with exop=dipole+
Create guess functions by multiplying plane-waves to 1 functions 
Created 4 virtuals for pair11
pair21 is frozen: no growing
Create guess functions by multiplying plane-waves to 1 functions 
Created 4 virtuals for pair22
frozen pair: no orthonormalization
timer:                                     RRCD     0.06s     0.06s 
timer:                             MRA compress     0.00s     0.00s 
timer:                          Transform Pairs     0.15s     0.15s 
timer:                        grow PNO subspace     1.90s     1.90s 
SolveInternal: Parameters are assigned as
no_compute        = false
no_opt            = false
restart           = false
do_cispd          = false
econv             =1.0000000000e-04
maxrank (min,max) = (3,3)
Solving MP2 doubles
timer:          fock matrix     2.79s     2.79s
Information About All Pairs:
mp2_pair11           number=0 rank=  4 frozen=false
mp2_pair21           number=1 rank=  0 frozen=true
mp2_pair22           number=2 rank=  4 frozen=false
number of pairs=3
average rank   =2 (2.6666666667e+00)
largest rank   =4
PNOPairs Memory Information
Total: 0.0098950863 GB 
PNO  : 0.0098950863 GB 
KPNO : 0.0000000000 GB 
W    : 0.0000000000 GB 

timer:                                 truncate     0.04s     0.04s 
wall time=101.2408230305 chunk=8 allK.size()=8 memory=0.0094861984 GB
timer:                             compute KPNO     4.30s     4.30s 
wall time=101.4013619423 chunk=8 allJ.size()=8 memory=0.0107946396 GB
timer:                             compute JPNO     0.16s     0.16s 
timer:                    compute Fock matrices     1.43s     1.43s 
timer:                             MRA compress     0.00s     0.00s 
timer:                          Transform Pairs     0.27s     0.27s 
timer:                             Canonicalize     0.27s     0.27s 
PNOPairs Memory Information
Total: 0.0189723969 GB 
PNO  : 0.0098133087 GB 
KPNO : 0.0091590881 GB 
W    : 0.0000000000 GB 

timer:                                 truncate     0.06s     0.06s 
mp2_pair21 is frozen: potential not computed
timer:                   Fluctuation Potentials     2.20s     2.20s 
timer:                       Fluctuation Matrix     0.30s     0.30s 
PNOPairs Memory Information
Total: 0.0330381393 GB 
PNO  : 0.0098133087 GB 
KPNO : 0.0091590881 GB 
W    : 0.0140657425 GB 

PNOPairs Memory Information
Total: 0.0330381393 GB 
PNO  : 0.0098133087 GB 
KPNO : 0.0091590881 GB 
W    : 0.0140657425 GB 

timer:                                 truncate     0.08s     0.08s 
timer:                             PNO Overlaps     0.09s     0.09s 
t_iter =  0  Hylleraas energy =  0.0000000000  ||R||_F =  0.1662448193  conv =  no
subspace solution [*]   1.00000000

t_iter =  1  Hylleraas energy =  -0.0304055505  ||R||_F =  0.0000000709  conv =  yes
=======================================================

Hylleraas MP2 Energies

=======================================================
    i    j      singlet      triplet        Total
=======================================================
    1    1  -1.27165e-02  0.00000e+00 -1.27165e-02
    2    1   0.00000e+00  0.00000e+00  0.00000e+00
    2    2  -1.76890e-02  0.00000e+00 -1.76890e-02
=======================================================
Hylleraas MP2 Energies (singlet): -3.04056e-02
Hylleraas MP2 Energies (triplet):  0.00000e+00
Hylleraas MP2 Energies (total)  : -3.04056e-02
=======================================================
-------------------------------------------
Total Reg Energy  =-3.04056e-02
Total F12 Energy  = 0.00000e+00
Sum Energies Total=-3.04056e-02
-------------------------------------------
timer:                         Solve Amplitudes     0.00s     0.00s 
No optimization untill now: Compressing pno ranks with tighter threshold
1.00000e-10 instead of 1.00000e-08
pair11: density evals:
 [*]   0.00287978   0.00402597   0.00402597   0.01115465

pair11: # of PNOs reduced from  4  to  3  maxrank= 3
pair22: density evals:
 [*]   0.00263371   0.00333702   0.00333702   0.04202857

pair22: # of PNOs reduced from  4  to  3  maxrank= 3
timer:                            compress PNOs     0.00s     0.00s 
timer:                             MRA compress     0.00s     0.00s 
timer:                          Transform Pairs     0.33s     0.33s 
timer:                          PNO Compression     0.34s     0.34s 
Information About All Pairs:
mp2_pair11           number=0 rank=  3 frozen=false
mp2_pair21           number=1 rank=  0 frozen=true
mp2_pair22           number=2 rank=  3 frozen=false
number of pairs=3
average rank   =2 (2.00000e+00)
largest rank   =3
saving vector of functions mp2_pair11
saving vector of functions mp2_pair22
timer:                        save pnos on disc     0.19s     0.19s 
PNOPairs Memory Information
Total: 0.02388 GB 
PNO  : 0.00707 GB 
KPNO : 0.00658 GB 
W    : 0.01022 GB 

timer:                                 truncate     0.06s     0.06s 
timer:      compute densities for G application     0.00s     0.00s 
pair21 is frozen: no optimization
timer:                Prepare for G application     0.21s     0.21s 
timer:                                    add K     0.03s     0.03s 
size of all Vpsi potentials (without Vnuc and J) 0.00879 GB 
time=107.17876 chunk=6 Vpsi+Vnuc+J=0.02220 GB
time=107.23691 chunk=6 Vpsi+Vnuc+J=0.02204 GB (after truncation)
timer:                           Apply G to all     2.32s     2.32s 
timer:                       apply Q and update     0.00s     0.00s 
mp2_pair11 residual norms:
[0.35622, 0.35622, 0.41486]
mp2_pair11 scaled residual norms:
[0.02260, 0.02260, 0.04382]
mp2_pair22 residual norms:
[0.36334, 0.36334, 0.36204]
mp2_pair22 scaled residual norms:
[0.02099, 0.02099, 0.07422]
timer:                          update all PNOs     2.57s     2.57s 
frozen pair: no orthonormalization
timer:                                     RRCD     0.06s     0.06s 
timer:                             MRA compress     0.00s     0.00s 
timer:                          Transform Pairs     0.09s     0.09s 
saving vector of functions mp2_pair11
saving vector of functions mp2_pair22
timer:                        save pnos on disc     0.13s     0.13s 


No convergence yet. Energy change = 0.03041

timer:                        Whole Iteration 1    12.41s    12.41s 
Information About All Pairs:
mp2_pair11           number=0 rank=  3 frozen=false
mp2_pair21           number=1 rank=  0 frozen=true
mp2_pair22           number=2 rank=  3 frozen=false
number of pairs=3
average rank   =2 (2.00000)
largest rank   =3
PNOPairs Memory Information
Total: 0.00724 GB 
PNO  : 0.00724 GB 
KPNO : 0.00000 GB 
W    : 0.00000 GB 

timer:                                 truncate     0.01s     0.01s 
wall time=112.74674 chunk=6 allK.size()=6 memory=0.00691 GB
timer:                             compute KPNO     3.43s     3.43s 
wall time=112.90915 chunk=6 allJ.size()=6 memory=0.00756 GB
timer:                             compute JPNO     0.16s     0.16s 
timer:                    compute Fock matrices     1.17s     1.17s 
timer:                             MRA compress     0.00s     0.00s 
timer:                          Transform Pairs     0.16s     0.16s 
timer:                             Canonicalize     0.16s     0.16s 
PNOPairs Memory Information
Total: 0.01382 GB 
PNO  : 0.00699 GB 
KPNO : 0.00683 GB 
W    : 0.00000 GB 

timer:                                 truncate     0.05s     0.05s 
mp2_pair21 is frozen: potential not computed
timer:                   Fluctuation Potentials     1.77s     1.77s 
timer:                       Fluctuation Matrix     0.19s     0.19s 
PNOPairs Memory Information
Total: 0.02437 GB 
PNO  : 0.00699 GB 
KPNO : 0.00683 GB 
W    : 0.01055 GB 

PNOPairs Memory Information
Total: 0.02437 GB 
PNO  : 0.00699 GB 
KPNO : 0.00683 GB 
W    : 0.01055 GB 

timer:                                 truncate     0.05s     0.05s 
timer:                             PNO Overlaps     0.13s     0.13s 
t_iter =  0  Hylleraas energy =  0.00000  ||R||_F =  0.22081  conv =  no
subspace solution [*]   1.00000000

t_iter =  1  Hylleraas energy =  -0.04731  ||R||_F =  0.00000  conv =  yes
=======================================================

Hylleraas MP2 Energies

=======================================================
    i    j      singlet      triplet        Total
=======================================================
    1    1  -1.91203e-02  0.00000e+00 -1.91203e-02
    2    1   0.00000e+00  0.00000e+00  0.00000e+00
    2    2  -2.81893e-02  0.00000e+00 -2.81893e-02
=======================================================
Hylleraas MP2 Energies (singlet): -4.73096e-02
Hylleraas MP2 Energies (triplet):  0.00000e+00
Hylleraas MP2 Energies (total)  : -4.73096e-02
=======================================================
-------------------------------------------
Total Reg Energy  =-4.73096e-02
Total F12 Energy  = 0.00000e+00
Sum Energies Total=-4.73096e-02
-------------------------------------------
timer:                         Solve Amplitudes     0.00s     0.00s 
pair11: density evals:
 [*]   0.00483947   0.00483947   0.01797239

pair22: density evals:
 [*]   0.00388427   0.00388427   0.06915081

timer:                            compress PNOs     0.00s     0.00s 
timer:                             MRA compress     0.00s     0.00s 
timer:                          Transform Pairs     0.30s     0.30s 
timer:                          PNO Compression     0.30s     0.30s 
Information About All Pairs:
mp2_pair11           number=0 rank=  3 frozen=false
mp2_pair21           number=1 rank=  0 frozen=true
mp2_pair22           number=2 rank=  3 frozen=false
number of pairs=3
average rank   =2 (2.00000e+00)
largest rank   =3
saving vector of functions mp2_pair11
saving vector of functions mp2_pair22
timer:                        save pnos on disc     0.14s     0.14s 
PNOPairs Memory Information
Total: 0.02437 GB 
PNO  : 0.00699 GB 
KPNO : 0.00683 GB 
W    : 0.01055 GB 

timer:                                 truncate     0.06s     0.06s 
timer:      compute densities for G application     0.00s     0.00s 
pair21 is frozen: no optimization
timer:                Prepare for G application     0.30s     0.30s 
timer:                                    add K     0.03s     0.03s 
size of all Vpsi potentials (without Vnuc and J) 0.00961 GB 
time=117.82811 chunk=6 Vpsi+Vnuc+J=0.02081 GB
time=117.88021 chunk=6 Vpsi+Vnuc+J=0.02016 GB (after truncation)
timer:                           Apply G to all     2.29s     2.29s 
timer:                       apply Q and update     0.00s     0.00s 
mp2_pair11 residual norms:
[0.09126, 0.09126, 0.12529]
mp2_pair11 scaled residual norms:
[0.00635, 0.00635, 0.01680]
mp2_pair22 residual norms:
[0.09734, 0.09734, 0.08719]
mp2_pair22 scaled residual norms:
[0.00607, 0.00607, 0.02293]
timer:                          update all PNOs     2.62s     2.62s 
frozen pair: no orthonormalization
timer:                                     RRCD     0.10s     0.10s 
timer:                             MRA compress     0.00s     0.00s 
timer:                          Transform Pairs     0.09s     0.09s 
saving vector of functions mp2_pair11
saving vector of functions mp2_pair22
timer:                        save pnos on disc     0.13s     0.13s 


No convergence yet. Energy change = 0.01690

timer:                        Whole Iteration 2    10.58s    10.58s 
Information About All Pairs:
mp2_pair11           number=0 rank=  3 frozen=false
mp2_pair21           number=1 rank=  0 frozen=true
mp2_pair22           number=2 rank=  3 frozen=false
number of pairs=3
average rank   =2 (2.00000)
largest rank   =3
PNOPairs Memory Information
Total: 0.00699 GB 
PNO  : 0.00699 GB 
KPNO : 0.00000 GB 
W    : 0.00000 GB 

timer:                                 truncate     0.06s     0.06s 
wall time=123.58703 chunk=6 allK.size()=6 memory=0.00707 GB
timer:                             compute KPNO     3.63s     3.63s 
wall time=123.75319 chunk=6 allJ.size()=6 memory=0.00773 GB
timer:                             compute JPNO     0.17s     0.17s 
timer:                    compute Fock matrices     1.15s     1.15s 
timer:                             MRA compress     0.00s     0.00s 
timer:                          Transform Pairs     0.21s     0.21s 
timer:                             Canonicalize     0.21s     0.21s 
PNOPairs Memory Information
Total: 0.01407 GB 
PNO  : 0.00699 GB 
KPNO : 0.00707 GB 
W    : 0.00000 GB 

timer:                                 truncate     0.06s     0.06s 
mp2_pair21 is frozen: potential not computed
timer:                   Fluctuation Potentials     1.74s     1.74s 
timer:                       Fluctuation Matrix     0.14s     0.14s 
PNOPairs Memory Information
Total: 0.02478 GB 
PNO  : 0.00699 GB 
KPNO : 0.00707 GB 
W    : 0.01071 GB 

PNOPairs Memory Information
Total: 0.02478 GB 
PNO  : 0.00699 GB 
KPNO : 0.00707 GB 
W    : 0.01071 GB 

timer:                                 truncate     0.05s     0.05s 
timer:                             PNO Overlaps     0.12s     0.12s 
t_iter =  0  Hylleraas energy =  0.00000  ||R||_F =  0.23577  conv =  no
subspace solution [*]   1.00000000

t_iter =  1  Hylleraas energy =  -0.04987  ||R||_F =  0.00000  conv =  yes
=======================================================

Hylleraas MP2 Energies

=======================================================
    i    j      singlet      triplet        Total
=======================================================
    1    1  -2.03045e-02  0.00000e+00 -2.03045e-02
    2    1   0.00000e+00  0.00000e+00  0.00000e+00
    2    2  -2.95609e-02  0.00000e+00 -2.95609e-02
=======================================================
Hylleraas MP2 Energies (singlet): -4.98654e-02
Hylleraas MP2 Energies (triplet):  0.00000e+00
Hylleraas MP2 Energies (total)  : -4.98654e-02
=======================================================
-------------------------------------------
Total Reg Energy  =-4.98654e-02
Total F12 Energy  = 0.00000e+00
Sum Energies Total=-4.98654e-02
-------------------------------------------
timer:                         Solve Amplitudes     0.00s     0.00s 
pair11: density evals:
 [*]   0.00462642   0.00462642   0.01770018

pair22: density evals:
 [*]   0.00367005   0.00367005   0.06850345

timer:                            compress PNOs     0.00s     0.00s 
timer:                             MRA compress     0.00s     0.00s 
timer:                          Transform Pairs     0.33s     0.33s 
timer:                          PNO Compression     0.33s     0.33s 
Information About All Pairs:
mp2_pair11           number=0 rank=  3 frozen=false
mp2_pair21           number=1 rank=  0 frozen=true
mp2_pair22           number=2 rank=  3 frozen=false
number of pairs=3
average rank   =2 (2.00000e+00)
largest rank   =3
saving vector of functions mp2_pair11
saving vector of functions mp2_pair22
timer:                        save pnos on disc     0.13s     0.13s 
PNOPairs Memory Information
Total: 0.02478 GB 
PNO  : 0.00699 GB 
KPNO : 0.00707 GB 
W    : 0.01071 GB 

timer:                                 truncate     0.06s     0.06s 
timer:      compute densities for G application     0.00s     0.00s 
pair21 is frozen: no optimization
timer:                Prepare for G application     0.23s     0.23s 
timer:                                    add K     0.04s     0.04s 
size of all Vpsi potentials (without Vnuc and J) 0.01010 GB 
time=128.58057 chunk=6 Vpsi+Vnuc+J=0.02220 GB
time=128.64908 chunk=6 Vpsi+Vnuc+J=0.02106 GB (after truncation)
timer:                           Apply G to all     2.31s     2.31s 
timer:                       apply Q and update     0.00s     0.00s 
mp2_pair11 residual norms:
[0.03033, 0.03033, 0.05445]
mp2_pair11 scaled residual norms:
[0.00206, 0.00206, 0.00724]
mp2_pair22 residual norms:
[0.04536, 0.04536, 0.03357]
mp2_pair22 scaled residual norms:
[0.00275, 0.00275, 0.00879]
timer:                          update all PNOs     2.58s     2.58s 
frozen pair: no orthonormalization
timer:                                     RRCD     0.09s     0.09s 
timer:                             MRA compress     0.00s     0.00s 
timer:                          Transform Pairs     0.03s     0.03s 
saving vector of functions mp2_pair11
saving vector of functions mp2_pair22
timer:                        save pnos on disc     0.13s     0.13s 


No convergence yet. Energy change = 0.00256

timer:                        Whole Iteration 3    10.74s    10.74s 
Information About All Pairs:
mp2_pair11           number=0 rank=  3 frozen=false
mp2_pair21           number=1 rank=  0 frozen=true
mp2_pair22           number=2 rank=  3 frozen=false
number of pairs=3
average rank   =2 (2.00000)
largest rank   =3
PNOPairs Memory Information
Total: 0.00707 GB 
PNO  : 0.00707 GB 
KPNO : 0.00000 GB 
W    : 0.00000 GB 

timer:                                 truncate     0.01s     0.01s 
wall time=133.97916 chunk=6 allK.size()=6 memory=0.00724 GB
timer:                             compute KPNO     3.33s     3.33s 
wall time=134.09419 chunk=6 allJ.size()=6 memory=0.00781 GB
timer:                             compute JPNO     0.12s     0.12s 
timer:                    compute Fock matrices     1.16s     1.16s 
timer:                             MRA compress     0.00s     0.00s 
timer:                          Transform Pairs     0.19s     0.19s 
timer:                             Canonicalize     0.19s     0.19s 
PNOPairs Memory Information
Total: 0.01423 GB 
PNO  : 0.00707 GB 
KPNO : 0.00716 GB 
W    : 0.00000 GB 

timer:                                 truncate     0.05s     0.05s 
mp2_pair21 is frozen: potential not computed
timer:                   Fluctuation Potentials     1.80s     1.80s 
timer:                       Fluctuation Matrix     0.14s     0.14s 
PNOPairs Memory Information
Total: 0.02494 GB 
PNO  : 0.00707 GB 
KPNO : 0.00716 GB 
W    : 0.01071 GB 

PNOPairs Memory Information
Total: 0.02494 GB 
PNO  : 0.00707 GB 
KPNO : 0.00716 GB 
W    : 0.01071 GB 

timer:                                 truncate     0.03s     0.03s 
timer:                             PNO Overlaps     0.11s     0.11s 
t_iter =  0  Hylleraas energy =  0.00000  ||R||_F =  0.24096  conv =  no
subspace solution [*]   1.00000000

t_iter =  1  Hylleraas energy =  -0.05032  ||R||_F =  0.00000  conv =  yes
=======================================================

Hylleraas MP2 Energies

=======================================================
    i    j      singlet      triplet        Total
=======================================================
    1    1  -2.05226e-02  0.00000e+00 -2.05226e-02
    2    1   0.00000e+00  0.00000e+00  0.00000e+00
    2    2  -2.97998e-02  0.00000e+00 -2.97998e-02
=======================================================
Hylleraas MP2 Energies (singlet): -5.03224e-02
Hylleraas MP2 Energies (triplet):  0.00000e+00
Hylleraas MP2 Energies (total)  : -5.03224e-02
=======================================================
-------------------------------------------
Total Reg Energy  =-5.03224e-02
Total F12 Energy  = 0.00000e+00
Sum Energies Total=-5.03224e-02
-------------------------------------------
timer:                         Solve Amplitudes     0.00s     0.00s 
pair11: density evals:
 [*]   0.00451572   0.00451572   0.01722283

pair22: density evals:
 [*]   0.00354134   0.00354134   0.06718024

timer:                            compress PNOs     0.00s     0.00s 
timer:                             MRA compress     0.00s     0.00s 
timer:                          Transform Pairs     0.37s     0.37s 
timer:                          PNO Compression     0.40s     0.40s 
Information About All Pairs:
mp2_pair11           number=0 rank=  3 frozen=false
mp2_pair21           number=1 rank=  0 frozen=true
mp2_pair22           number=2 rank=  3 frozen=false
number of pairs=3
average rank   =2 (2.00000e+00)
largest rank   =3
saving vector of functions mp2_pair11
saving vector of functions mp2_pair22
timer:                        save pnos on disc     0.13s     0.13s 
PNOPairs Memory Information
Total: 0.02494 GB 
PNO  : 0.00707 GB 
KPNO : 0.00716 GB 
W    : 0.01071 GB 

timer:                                 truncate     0.05s     0.05s 
timer:      compute densities for G application     0.00s     0.00s 
pair21 is frozen: no optimization
timer:                Prepare for G application     0.28s     0.28s 
timer:                                    add K     0.03s     0.03s 
size of all Vpsi potentials (without Vnuc and J) 0.01002 GB 
time=139.14584 chunk=6 Vpsi+Vnuc+J=0.02237 GB
time=139.20992 chunk=6 Vpsi+Vnuc+J=0.02122 GB (after truncation)
timer:                           Apply G to all     2.39s     2.39s 
timer:                       apply Q and update     0.00s     0.00s 
mp2_pair11 residual norms:
[0.01097, 0.01097, 0.02565]
mp2_pair11 scaled residual norms:
[0.00074, 0.00074, 0.00337]
mp2_pair22 residual norms:
[0.02678, 0.02678, 0.01426]
mp2_pair22 scaled residual norms:
[0.00159, 0.00159, 0.00370]
timer:                          update all PNOs     2.70s     2.70s 
frozen pair: no orthonormalization
timer:                                     RRCD     0.02s     0.02s 
timer:                             MRA compress     0.00s     0.00s 
timer:                          Transform Pairs     0.15s     0.15s 
saving vector of functions mp2_pair11
saving vector of functions mp2_pair22
timer:                        save pnos on disc     0.13s     0.13s 


No convergence yet. Energy change = 0.00046

timer:                        Whole Iteration 4    10.53s    10.53s 
Information About All Pairs:
mp2_pair11           number=0 rank=  3 frozen=false
mp2_pair21           number=1 rank=  0 frozen=true
mp2_pair22           number=2 rank=  3 frozen=false
number of pairs=3
average rank   =2 (2.00000)
largest rank   =3
PNOPairs Memory Information
Total: 0.00716 GB 
PNO  : 0.00716 GB 
KPNO : 0.00000 GB 
W    : 0.00000 GB 

timer:                                 truncate     0.06s     0.06s 
wall time=144.57900 chunk=6 allK.size()=6 memory=0.00732 GB
timer:                             compute KPNO     3.35s     3.35s 
wall time=144.74116 chunk=6 allJ.size()=6 memory=0.00789 GB
timer:                             compute JPNO     0.16s     0.16s 
timer:                    compute Fock matrices     1.22s     1.22s 
timer:                             MRA compress     0.00s     0.00s 
timer:                          Transform Pairs     0.17s     0.17s 
timer:                             Canonicalize     0.17s     0.17s 
PNOPairs Memory Information
Total: 0.01431 GB 
PNO  : 0.00707 GB 
KPNO : 0.00724 GB 
W    : 0.00000 GB 

timer:                                 truncate     0.04s     0.04s 
mp2_pair21 is frozen: potential not computed
timer:                   Fluctuation Potentials     1.73s     1.73s 
timer:                       Fluctuation Matrix     0.14s     0.14s 
PNOPairs Memory Information
Total: 0.02502 GB 
PNO  : 0.00707 GB 
KPNO : 0.00724 GB 
W    : 0.01071 GB 

PNOPairs Memory Information
Total: 0.02502 GB 
PNO  : 0.00707 GB 
KPNO : 0.00724 GB 
W    : 0.01071 GB 

timer:                                 truncate     0.05s     0.05s 
timer:                             PNO Overlaps     0.10s     0.10s 
t_iter =  0  Hylleraas energy =  0.00000  ||R||_F =  0.24308  conv =  no
subspace solution [*]   1.00000000

t_iter =  1  Hylleraas energy =  -0.05042  ||R||_F =  0.00000  conv =  yes
=======================================================

Hylleraas MP2 Energies

=======================================================
    i    j      singlet      triplet        Total
=======================================================
    1    1  -2.05680e-02  0.00000e+00 -2.05680e-02
    2    1   0.00000e+00  0.00000e+00  0.00000e+00
    2    2  -2.98506e-02  0.00000e+00 -2.98506e-02
=======================================================
Hylleraas MP2 Energies (singlet): -5.04185e-02
Hylleraas MP2 Energies (triplet):  0.00000e+00
Hylleraas MP2 Energies (total)  : -5.04185e-02
=======================================================
-------------------------------------------
Total Reg Energy  =-5.04185e-02
Total F12 Energy  = 0.00000e+00
Sum Energies Total=-5.04185e-02
-------------------------------------------
timer:                         Solve Amplitudes     0.00s     0.00s 
pair11: density evals:
 [*]   0.00447013   0.00447013   0.01695327

pair22: density evals:
 [*]   0.00346746   0.00346746   0.06645906

timer:                            compress PNOs     0.00s     0.00s 
timer:                             MRA compress     0.00s     0.00s 
timer:                          Transform Pairs     0.37s     0.37s 
timer:                          PNO Compression     0.37s     0.37s 
Information About All Pairs:
mp2_pair11           number=0 rank=  3 frozen=false
mp2_pair21           number=1 rank=  0 frozen=true
mp2_pair22           number=2 rank=  3 frozen=false
number of pairs=3
average rank   =2 (2.00000e+00)
largest rank   =3
saving vector of functions mp2_pair11
saving vector of functions mp2_pair22
timer:                        save pnos on disc     0.12s     0.12s 
PNOPairs Memory Information
Total: 0.02502 GB 
PNO  : 0.00707 GB 
KPNO : 0.00724 GB 
W    : 0.01071 GB 

timer:                                 truncate     0.05s     0.05s 
timer:      compute densities for G application     0.00s     0.00s 
pair21 is frozen: no optimization
timer:                Prepare for G application     0.26s     0.26s 
timer:                                    add K     0.03s     0.03s 
size of all Vpsi potentials (without Vnuc and J) 0.01002 GB 
time=149.63843 chunk=6 Vpsi+Vnuc+J=0.02220 GB
time=149.70478 chunk=6 Vpsi+Vnuc+J=0.02106 GB (after truncation)
timer:                           Apply G to all     2.28s     2.28s 
timer:                       apply Q and update     0.00s     0.00s 
mp2_pair11 residual norms:
[0.00431, 0.00431, 0.01281]
mp2_pair11 scaled residual norms:
[0.00029, 0.00029, 0.00167]
mp2_pair22 residual norms:
[0.01721, 0.01721, 0.00632]
mp2_pair22 scaled residual norms:
[0.00101, 0.00101, 0.00163]
timer:                          update all PNOs     2.58s     2.58s 
frozen pair: no orthonormalization
timer:                                     RRCD     0.06s     0.06s 
timer:                             MRA compress     0.00s     0.00s 
timer:                          Transform Pairs     0.05s     0.05s 
saving vector of functions mp2_pair11
saving vector of functions mp2_pair22
timer:                        save pnos on disc     0.12s     0.12s 


CONVERGED!
energy change = 0.00010

re-entering loop to compute the correct amplitudes and energies
timer:                        Whole Iteration 5    10.40s    10.40s 
Information About All Pairs:
mp2_pair11           number=0 rank=  3 frozen=false
mp2_pair21           number=1 rank=  0 frozen=true
mp2_pair22           number=2 rank=  3 frozen=false
number of pairs=3
average rank   =2 (2.00000)
largest rank   =3
PNOPairs Memory Information
Total: 0.00707 GB 
PNO  : 0.00707 GB 
KPNO : 0.00000 GB 
W    : 0.00000 GB 

timer:                                 truncate     0.04s     0.04s 
wall time=154.91870 chunk=6 allK.size()=6 memory=0.00716 GB
timer:                             compute KPNO     3.30s     3.30s 
wall time=155.03340 chunk=6 allJ.size()=6 memory=0.00789 GB
timer:                             compute JPNO     0.11s     0.11s 
timer:                    compute Fock matrices     1.13s     1.13s 
timer:                             MRA compress     0.00s     0.00s 
timer:                          Transform Pairs     0.19s     0.19s 
timer:                             Canonicalize     0.19s     0.19s 
PNOPairs Memory Information
Total: 0.01407 GB 
PNO  : 0.00699 GB 
KPNO : 0.00707 GB 
W    : 0.00000 GB 

timer:                                 truncate     0.03s     0.03s 
mp2_pair21 is frozen: potential not computed
timer:                   Fluctuation Potentials     1.70s     1.70s 
timer:                       Fluctuation Matrix     0.08s     0.08s 
PNOPairs Memory Information
Total: 0.02478 GB 
PNO  : 0.00699 GB 
KPNO : 0.00707 GB 
W    : 0.01071 GB 

PNOPairs Memory Information
Total: 0.02478 GB 
PNO  : 0.00699 GB 
KPNO : 0.00707 GB 
W    : 0.01071 GB 

timer:                                 truncate     0.07s     0.07s 
timer:                             PNO Overlaps     0.06s     0.06s 
t_iter =  0  Hylleraas energy =  0.00000  ||R||_F =  0.24402  conv =  no
subspace solution [*]   1.00000000

t_iter =  1  Hylleraas energy =  -0.05044  ||R||_F =  0.00000  conv =  yes
=======================================================

Hylleraas MP2 Energies

=======================================================
    i    j      singlet      triplet        Total
=======================================================
    1    1  -2.05788e-02  0.00000e+00 -2.05788e-02
    2    1   0.00000e+00  0.00000e+00  0.00000e+00
    2    2  -2.98649e-02  0.00000e+00 -2.98649e-02
=======================================================
Hylleraas MP2 Energies (singlet): -5.04437e-02
Hylleraas MP2 Energies (triplet):  0.00000e+00
Hylleraas MP2 Energies (total)  : -5.04437e-02
=======================================================
-------------------------------------------
Total Reg Energy  =-5.04437e-02
Total F12 Energy  = 0.00000e+00
Sum Energies Total=-5.04437e-02
-------------------------------------------
timer:                         Solve Amplitudes     0.00s     0.00s 
pair11: density evals:
 [*]   0.00445139   0.00445139   0.01682366

pair22: density evals:
 [*]   0.00342244   0.00342244   0.06612225

timer:                            compress PNOs     0.00s     0.00s 
timer:                             MRA compress     0.00s     0.00s 
timer:                          Transform Pairs     0.35s     0.35s 
timer:                          PNO Compression     0.35s     0.35s 
Information About All Pairs:
mp2_pair11           number=0 rank=  3 frozen=false
mp2_pair21           number=1 rank=  0 frozen=true
mp2_pair22           number=2 rank=  3 frozen=false
number of pairs=3
average rank   =2 (2.00000e+00)
largest rank   =3
saving vector of functions mp2_pair11
saving vector of functions mp2_pair22
timer:                        save pnos on disc     0.14s     0.14s 
exiting: Iterations converged
PNO ranks:
PNO Rank for pair pair11 = 3
PNO Rank for pair pair21 = 0
PNO Rank for pair pair22 = 3
average rank 2.00000e+00
timer:                               PNO::solve    64.73s    64.73s 

--------------------------------
ITERATE-PAIRS-INTERNAL-ENDED
--------------------------------
mp2_pair21 converged!


Adaptive Sovler:
 Current Energy=-5.0443711777e-02
 DeltaE        =-5.0443711777e-02
 max dE (pair) =-2.9864886919e-02 (2)
 all_pairs_conv=false




not converged yet

freeze pair mp2_pair21 (not further optimized: Energy below 1.0000000000e-05)
Maximum Rank of3 reached for all non-frozen pairs, no need to iterate further=======================================================

Final MP2 Energies

=======================================================
    i    j      singlet      triplet        Total
=======================================================
    1    1  -2.05788e-02  0.00000e+00 -2.05788e-02
    2    1   0.00000e+00  0.00000e+00  0.00000e+00
    2    2  -2.98649e-02  0.00000e+00 -2.98649e-02
=======================================================
Final MP2 Energies (singlet): -5.04437e-02
Final MP2 Energies (triplet):  0.00000e+00
Final MP2 Energies (total)  : -5.04437e-02
=======================================================
-------------------------------------------
Total Reg Energy  =-5.04437e-02
Total F12 Energy  = 0.00000e+00
Sum Energies Total=-5.04437e-02
-------------------------------------------
Average | Max Rank: 2 | 3



--------------------------------------------------
MRA-PNO-MP2-F12 ended 
--------------------------------------------------
                 time scf = 8.65301e+01
               energy scf = -1.55756e+01
--------------------------------------------------
restarting PNO to reload pairs that converged before and were frozen
PNO Parameters
pno
       rank_increase  15         # default   maximum rank to increase in every macroiteration
               chunk  100        # default   chunk of functions operated on in parallel when G or K is applied (prevent memory shortage)
               debug  false      # default   debug mode
              freeze  1          # derived   frozen core approximation
             maxrank  3          # defined   maximal pno rank for all pairs
           guesstype  exop       # derived   the guesstype: exop (recommended, multiply polynomial excitation operators onto the occupied orbitals), empty (don't compute a guess), scf (use the ao basis from the SCF solver), partial_wave (create s,p,d ..., type functions and place on atoms), predefined (same as partial_wave but for predefined sets)
                exop  multipole  # derived   this string defines which excitation operators can be used, use 'dipole', 'dipole+', 'quadrupole', 'ocopole', or 'multipole', need to set guesstype to 'exop' which is the default
          exop_trigo  true       # default   use trigonometric excitation operators ( x --> sin(x)
        partial_wave             # default   atom centered partial wave guess of format like 'h-2s1p-o-3s2p1d', need to set guesstype to 'partial_wave' and adaptive_solver to 'none'
          predefined             # default   predefined partial wave guesses of type pvxz with x=d,t,q,5,6, need to set guesstype to 'predefined' and adaptive_solver to 'none'
           maxiter_t  100        # default   maximal number of iterations in the amplitude solver
       maxiter_micro  10         # default   Maximum of iterations for every cycle in the adaptive solver
       maxiter_macro  10         # default   Maximum of iterations of cycles in the adaptive solver
                tpno  1.0000e-08 # default   PNO cutoff threshold
          tpno_tight  1.0000e-10 # derived   PNO cutoff for the first iteration
    canonicalize_pno  true       # default   canonicalize the pnos before the amplitude solver
              thresh  1.0000e-04 # defined   MRA threshold
         econv_micro  1.0000e-04 # derived   Energy convergence for microiterations (Greens function based optimization) in adaptive solver
         econv_pairs  1.0000e-05 # derived   ENergy convergence for individual pairs in adaptive solver. Converged pairs are frozen automatically
         econv_macro  1.0000e-04 # derived   Energy convergence for macroiterations in adaptive solver, no effect if adaptive_solver is deactivated
               dconv  1.0000e-01 # default   convergence of every PNO in the Green's function solver
           op_thresh  1.0000e-06 # default   MRA operator thresh
             restart  all        # defined   restart pairs of this type, use 'mp2', 'cispd', 'all' or 'none'
          no_compute  none       # default   do not compute the pairs of this type, use 'mp2', 'cispd', 'all' or 'none'
              no_opt  all        # defined   do not optimize the pnos of this type, use 'mp2', 'cispd', 'all' or 'none'
            no_guess  all        # defined   guess for this type will be empty, use 'mp2', 'cispd', 'all' or 'none'
     adaptive_solver  none       # defined   Use adaptive solver for those pairs, use 'mp2', 'cispd', 'all' or 'none', works only in combination with guesstype 'exop'
                kain  true       # default   use KAIN solver in amplitude solver
       kain_subspace  5          # default   subspace size of the KAIN solver (amplitudes)
                 f12  false      # defined   use explicit correlation
        cispd_number  -1         # default   CIS(D) excitation numbers, to read in correct functions
        cispd_energy  0.0000e+00 # default   CIS energy
        freeze_pairs  none       # default   frozen pairs will not be optimized: Expected format 'a b c d' will freeze pairs ab and cd
freeze_pairs_of_orbital  []         # default    All pairs which originate from this orbital will not be optimized
active_pairs_of_orbital  []         # default    All pairs which originate from this orbital will not be frozen all other pairs will, if this vector is not empty
no_opt_in_first_iteration  false      # default   Do not optimize in the first iteration (then the potentials do not have to be evaluated, use this for large guesses)
            exchange  full       # default   approximate exchange with 'neglect' or xc functional -> same syntax as moldft
           save_pnos  true       # default   Save the OBS-PNOs to a file, before and after orthonormalization.
            diagonal  true       # defined   Compute only diagonal PNOs

end

**********************
Solve PNO-MP2
*********************


**********************
Iterate Pairs
*********************


************************
Standard Solver
***********************

Initializing Pairs:
Restart demanded for mp2 pairs
loading vector of functions mp2_pair11
Found PNOs for mp2_pair11 with rank 3
loading vector of functions mp2_pair21
failed to find PNO mp2_pair21 initialize as zero function
nloading vector of functions mp2_pair22
Found PNOs for mp2_pair22 with rank 3
no guess was explicitly demanded for mp2

timer:                                     RRCD     0.03s     0.03s 
timer:                             MRA compress     0.00s     0.00s 
timer:                          Transform Pairs     0.07s     0.07s 
timer:          apply Q and orthonormalize PNOs     0.24s     0.24s 
Created Guess:
pair11 with 3 guess functions
pair21 with 0 guess functions
pair22 with 3 guess functions
guess pair11 size: 3.3324360847e-03 | 3.3324360847e-03 Gbyte (after truncation)
guess pair22 size: 3.6595463753e-03 | 3.6595463753e-03 Gbyte (after truncation)
timer:                           truncate guess     0.04s     0.04s 
timer:                         Initialize Pairs     0.30s     0.30s 
Information About All Pairs:
mp2_pair11           number=0 rank=  3 frozen=false
mp2_pair21           number=1 rank=  0 frozen=true
mp2_pair22           number=2 rank=  3 frozen=false
number of pairs=3
average rank   =2 (2.0000000000e+00)
largest rank   =3
SolveInternal: Parameters are assigned as
no_compute        = false
no_opt            = true
restart           = true
do_cispd          = false
econv             =1.0000000000e-04
maxrank (min,max) = (3,3)
Solving MP2 doubles
timer:          fock matrix     2.96s     2.96s
Information About All Pairs:
mp2_pair11           number=0 rank=  3 frozen=false
mp2_pair21           number=1 rank=  0 frozen=true
mp2_pair22           number=2 rank=  3 frozen=false
number of pairs=3
average rank   =2 (2.0000000000e+00)
largest rank   =3
PNOPairs Memory Information
Total: 0.0069919825 GB 
PNO  : 0.0069919825 GB 
KPNO : 0.0000000000 GB 
W    : 0.0000000000 GB 

timer:                                 truncate     0.06s     0.06s 
wall time=165.5992329121 chunk=6 allK.size()=6 memory=0.0071555376 GB
timer:                             compute KPNO     3.44s     3.44s 
wall time=165.7331950665 chunk=6 allJ.size()=6 memory=0.0078097582 GB
timer:                             compute JPNO     0.13s     0.13s 
timer:                    compute Fock matrices     1.09s     1.09s 
timer:                             MRA compress     0.00s     0.00s 
timer:                          Transform Pairs     0.25s     0.25s 
timer:                             Canonicalize     0.25s     0.25s 
PNOPairs Memory Information
Total: 0.0140657425 GB 
PNO  : 0.0069919825 GB 
KPNO : 0.0070737600 GB 
W    : 0.0000000000 GB 

timer:                                 truncate     0.03s     0.03s 
mp2_pair21 is frozen: potential not computed
timer:                   Fluctuation Potentials     1.82s     1.82s 
timer:                       Fluctuation Matrix     0.12s     0.12s 
PNOPairs Memory Information
Total: 0.0247786045 GB 
PNO  : 0.0069919825 GB 
KPNO : 0.0070737600 GB 
W    : 0.0107128620 GB 

PNOPairs Memory Information
Total: 0.0247786045 GB 
PNO  : 0.0069919825 GB 
KPNO : 0.0070737600 GB 
W    : 0.0107128620 GB 

timer:                                 truncate     0.07s     0.07s 
timer:                             PNO Overlaps     0.14s     0.14s 
t_iter =  0  Hylleraas energy =  0.0000000000  ||R||_F =  0.2440244801  conv =  no
subspace solution [*]   1.00000000

t_iter =  1  Hylleraas energy =  -0.0504438010  ||R||_F =  0.0000000008  conv =  yes
=======================================================

Hylleraas MP2 Energies

=======================================================
    i    j      singlet      triplet        Total
=======================================================
    1    1  -2.05788e-02  0.00000e+00 -2.05788e-02
    2    1   0.00000e+00  0.00000e+00  0.00000e+00
    2    2  -2.98650e-02  0.00000e+00 -2.98650e-02
=======================================================
Hylleraas MP2 Energies (singlet): -5.04438e-02
Hylleraas MP2 Energies (triplet):  0.00000e+00
Hylleraas MP2 Energies (total)  : -5.04438e-02
=======================================================
-------------------------------------------
Total Reg Energy  =-5.04438e-02
Total F12 Energy  = 0.00000e+00
Sum Energies Total=-5.04438e-02
-------------------------------------------
timer:                         Solve Amplitudes     0.00s     0.00s 
No optimization untill now: Compressing pno ranks with tighter threshold
1.00000e-10 instead of 1.00000e-08
pair11: density evals:
 [*]   0.00445140   0.00445140   0.01682370

pair22: density evals:
 [*]   0.00342244   0.00342244   0.06612250

timer:                            compress PNOs     0.00s     0.00s 
timer:                             MRA compress     0.00s     0.00s 
timer:                          Transform Pairs     0.39s     0.39s 
timer:                          PNO Compression     0.39s     0.39s 
Information About All Pairs:
mp2_pair11           number=0 rank=  3 frozen=false
mp2_pair21           number=1 rank=  0 frozen=true
mp2_pair22           number=2 rank=  3 frozen=false
number of pairs=3
average rank   =2 (2.00000e+00)
largest rank   =3
saving vector of functions mp2_pair11
saving vector of functions mp2_pair22
timer:                        save pnos on disc     0.12s     0.12s 
exiting: Found no_opt keyword
PNO ranks:
PNO Rank for pair pair11 = 3
PNO Rank for pair pair21 = 0
PNO Rank for pair pair22 = 3
average rank 2.00000e+00
timer:                               PNO::solve    10.65s    10.65s 

--------------------------------
ITERATE-PAIRS-INTERNAL-ENDED
--------------------------------
=======================================================

Final MP2 Energies

=======================================================
    i    j      singlet      triplet        Total
=======================================================
    1    1  -2.05788e-02  0.00000e+00 -2.05788e-02
    2    1   0.00000e+00  0.00000e+00  0.00000e+00
    2    2  -2.98650e-02  0.00000e+00 -2.98650e-02
=======================================================
Final MP2 Energies (singlet): -5.04438e-02
Final MP2 Energies (triplet):  0.00000e+00
Final MP2 Energies (total)  : -5.04438e-02
=======================================================
-------------------------------------------
Total Reg Energy  =-5.04438e-02
Total F12 Energy  = 0.00000e+00
Sum Energies Total=-5.04438e-02
-------------------------------------------
Average | Max Rank: 2 | 3
                 time pno = 7.15636e+01
               energy mp2 = -5.04438e-02
     average pno rank mp2 = 2
         max pno rank mp2 = 3
--------------------------------------------------
            energy(total) = -1.56260e+01
--------------------------------------------------



Orthonormalization technique used: symmetric
No CABS used.
Tightening thresholds to +0.00010000 for post-processing
Overlap Matrix of all PNOs:
+1.00000201 -0.35565943 +0.00000000 -0.00000000 +0.00000000 +0.00000000 
-0.35565943 +1.00000551 +0.00000000 -0.00000000 -0.00000000 +0.00000000 
+0.00000000 +0.00000000 +1.00000000 +0.00000000 -0.08021092 +0.01956606 
-0.00000000 -0.00000000 +0.00000000 +1.00000000 +0.01956606 +0.08021092 
+0.00000000 -0.00000000 -0.08021092 +0.01956606 +1.00000000 -0.00000000 
+0.00000000 +0.00000000 +0.01956606 +0.08021092 -0.00000000 +1.00000000 
Before cherry pick
rank is +0
all used occupation numbers:
[+0.06612250 +0.01682370 +0.00445140 +0.00445140 +0.00342244 +0.00342244 ]
corresponding to active pairs:
[(1,1) (0,0) (0,0) (0,0) (1,1) (1,1) ]
After cherry pick
all used occupation numbers:
[+0.06612250 +0.01682370 +0.00445140 +0.00445140 +0.00342244 +0.00342244 ]
corresponding to active pairs:
[(1,1) (0,0) (0,0) (0,0) (1,1) (1,1) ]
Overlap Matrix before symmetric
[+0,*]  +1.00000201  -0.35565943  +0.00000000  -0.00000000  +0.00000000  +0.00000000
[+1,*]  -0.35565943  +1.00000551  +0.00000000  -0.00000000  -0.00000000  +0.00000000
[+2,*]  +0.00000000  +0.00000000  +1.00000000  +0.00000000  -0.08021092  +0.01956606
[+3,*]  -0.00000000  -0.00000000  +0.00000000  +1.00000000  +0.01956606  +0.08021092
[+4,*]  +0.00000000  -0.00000000  -0.08021092  +0.01956606  +1.00000000  -0.00000000
[+5,*]  +0.00000000  +0.00000000  +0.01956606  +0.08021092  -0.00000000  +1.00000000
Overlap Matrix after symmetric
[+0,*]  +1.00000000  +0.00000001  -0.00000000  -0.00000000  -0.00000000  +0.00000000
[+1,*]  +0.00000001  +1.00000000  -0.00000000  +0.00000000  -0.00000000  +0.00000000
[+2,*]  -0.00000000  -0.00000000  +1.00000000  +0.00000000  +0.00000000  -0.00000000
[+3,*]  -0.00000000  +0.00000000  +0.00000000  +1.00000000  -0.00000000  -0.00000000
[+4,*]  -0.00000000  -0.00000000  +0.00000000  -0.00000000  +1.00000000  -0.00000000
[+5,*]  +0.00000000  +0.00000000  -0.00000000  -0.00000000  -0.00000000  +1.00000000
Adding 3 HF orbitals
Size before adding CABS: 9.
Size after adding CABS: 9.
Compute G and F Tensor:
Assemble g,f using symmetries...
non zero elements:
 g : +11109
 h : +37
Overlap over whole basis
[+0,*]  +1.00000000  +0.00000035  -0.00000116  -0.00000354  +0.00000629  +0.00000000  -0.00000000  -0.00000000  -0.00000000
[+1,*]  +0.00000035  +1.00000000  +0.00000002  -0.00000060  +0.00000108  -0.00000000  +0.00000000  +0.00000000  -0.00000000
[+2,*]  -0.00000116  +0.00000002  +1.00000000  -0.00000041  +0.00000069  +0.00000000  -0.00000000  +0.00000000  -0.00000000
[+3,*]  -0.00000354  -0.00000060  -0.00000041  +1.00000000  +0.00000001  -0.00000000  +0.00000000  -0.00000000  +0.00000000
[+4,*]  +0.00000629  +0.00000108  +0.00000069  +0.00000001  +1.00000000  -0.00000000  -0.00000000  -0.00000000  +0.00000000
[+5,*]  +0.00000000  -0.00000000  +0.00000000  -0.00000000  -0.00000000  +1.00000000  +0.00000000  +0.00000000  -0.00000000
[+6,*]  -0.00000000  +0.00000000  -0.00000000  +0.00000000  -0.00000000  +0.00000000  +1.00000000  -0.00000000  -0.00000000
[+7,*]  -0.00000000  +0.00000000  +0.00000000  -0.00000000  -0.00000000  +0.00000000  -0.00000000  +1.00000000  -0.00000000
[+8,*]  -0.00000000  -0.00000000  -0.00000000  +0.00000000  +0.00000000  -0.00000000  -0.00000000  -0.00000000  +1.00000000

||S-1||=+0.00001056
finished at time 244.4

    Parallel environment
    --------------------
                  #nodes    1
       #threads per node    11+main = 12
          #total threads    12

  RMI message statistics (min / avg / max)
  ----------------------
   #messages in server q    0.00e+00 / 0.00e+00 / 0.00e+00
 #messages sent per node    0.00e+00 / 0.00e+00 / 0.00e+00
    #bytes sent per node    0.00e+00 / 0.00e+00 / 0.00e+00
 #messages recv per node    0.00e+00 / 0.00e+00 / 0.00e+00
    #bytes recv per node    0.00e+00 / 0.00e+00 / 0.00e+00
        #msgs systemwide    0.00e+00
       #bytes systemwide    0.00e+00

  Thread pool statistics (min / avg / max)
  ----------------------
         #tasks per node    1.51e+07 / 1.51e+07 / 1.51e+07
     #max q len per node    1.32e+04 / 1.32e+04 / 1.32e+04
  #hi-pri tasks per node    4.58e+06 / 4.58e+06 / 4.58e+06

         Total wall time    244.3s
         Total  cpu time    244.3s

