MADNESS runtime initialized with 11 threads in the pool and affinity -1 -1 -1
starting at time 0.1

--------------------------------------------
   MADNESS 0.10.1 multiresolution suite
--------------------------------------------

   number of processors ... 1
    processor frequency ... 3.695751e+09
            host system ... Linux
          configured by ... kottmann
          configured on ... wittgenstein
          configured at ... 2021-02-10T21:25:26
                    CXX ... /usr/bin/c++
               CXXFLAGS ... -O3 -DNDEBUG -I/h/28/kottmann/install/numcpp/include/ -I/h/28/kottmann/install/boost/boost_1_72_0/include/ -std=c++1z
             tuning for ... default
                    MPI ... multiple
 multi-threaded runtime ... MADNESS ThreadPool
                   BLAS ... Intel MKL 58487 58487 MFLOP/s
               compiled ... 13:08:26  on  Feb 23 2021


-------------------------------------------------------------------------------------
SOLVING MRA-PNO-F12 as described in 
J.S. Kottmann, F.A. Bischoff, E.F. Valeev
Direct determination of optimal pair-natural orbitals in a real-space representation:
the second-order Møller-Plesset energy
Journal of Chemical Physics ... 2020
-------------------------------------------------------------------------------------


This script will run PNO-MP2 and print out tensors in binary
Call as: pno_integrals inputfileinput is input
ignoring unknown parameter in input file:  ncf

Angstrom being used to read input coordinates (1 Bohr = 1.88972613 Angstrom)


Asymptotic correction parameters
---------------------------------------
Atom vector is not empty: false
Using multipole approximation: false
Number of electrons = -1
Ionisation energy = 0.000000e+00
E(HOMO) = 0.000000e+00
R1 = 3.000000e+00
R2 = 4.000000e+00
DFT coefficient = 0.000000e+00
Interpolation scheme = linear
constructed symmetry operator for point group C1
dft
              charge  0.0000e+00 # defined   total molecular charge
                  xc  hf         # defined   XC input line
               smear  0.0000e+00 # default   smearing parameter
               econv  1.0000e-04 # defined   energy convergence
               dconv  5.0000e-04 # defined   density convergence
convergence_criteria  [bsh_residual, total_energy] # default   possible values are: bsh_residual, total_energy, each_energy, density
                   k  7          # defined   polynomial order
                   l  5.5354e+01 # derived   user coordinates box size
               deriv  abgv       # default   derivative method                            [abgv, bspline, ble]
           dft_deriv  abgv       # default   derivative method for gga potentials         [abgv, bspline, ble]
             maxrotn  2.5000e-01 # default   step restriction used in autoshift algorithm
             nvalpha  0          # default   number of alpha virtuals to compute
              nvbeta  0          # default   number of beta virtuals to compute
               nopen  0          # default   number of unpaired electrons = nalpha-nbeta
             maxiter  25         # default   maximum number of iterations
                 nio  1          # default   no. of io servers to use
     spin_restricted  true       # default   true if spin restricted
              plotlo  0          # default   range of MOs to print (for both spins if polarized
              plothi  -1         # default   range of MOs to print (for both spins if polarized
            plotdens  false      # default   If true print the density at convergence
            plotcoul  false      # default   If true plot the total coulomb potential at convergence
            localize  boys       # defined   localization method                          [pm, boys, new, canon]
          pointgroup  c1         # derived   use point (sub) group symmetry if not localized[c1, c2, ci, cs, c2v, c2h, d2, d2h]
             restart  false      # default   if true restart from orbitals on disk
           restartao  false      # default   if true restart from orbitals projected into AO basis (STO3G) on disk
          no_compute  false      # default   if true use orbitals on disk, set value to computed
           no_orient  false      # default   if true the molecule coordinates will not be reoriented
                save  true       # default   if true save orbitals to disk
              maxsub  10         # default   size of iterative subspace ... set to 0 or 1 to disable
        orbitalshift  0.0000e+00 # default   scf orbital shift: shift the occ orbitals to lower energies
            npt_plot  101        # default   no. of points to use in each dim for plots
           plot_cell  []         # default   lo hi in each dimension for plotting (default is all space)
             aobasis  6-31g      # derived   AO basis used for initial guess (6-31g or sto-3g)
           core_type  none       # default   core potential type                          [none, mpc]
         derivatives  false      # default   if true calculate nuclear derivatives
              dipole  false      # default   if true calculate dipole moment
      conv_only_dens  false      # default   if true remove bsh_residual from convergence criteria (deprecated)
            psp_calc  false      # default   pseudopotential calculation for all atoms
 print_dipole_matels  false      # default   if true output dipole matrix elements
            pcm_data  none       # default   do a PCM (solvent) calculation
             ac_data  none       # default   do a calculation with asymptotic correction (see ACParameters class in chem/AC.h for details)
             pure_ae  true       # default   pure all electron calculation with no pseudo-atoms
         print_level  3          # default   0: no output; 1: final energy; 2: iterations; 3: timings; 10: debug
              nalpha  3          # derived   number of alpha spin electrons
               nbeta  3          # derived   number of beta  spin electrons
           nmo_alpha  3          # derived   number of alpha spin molecular orbitals
            nmo_beta  3          # derived   number of beta spin molecular orbitals
                  lo  9.0905e-04 # derived   smallest length scale we need to resolve
            protocol  [1.0000e-04, 1.0000e-06] # derived   calculation protocol
                gopt  false      # default   geometry optimizer
                gtol  1.0000e-04 # default   geometry tolerance
               gtest  false      # default   geometry tolerance
                gval  1.0000e-05 # default   value precision
               gprec  1.0000e-04 # default   gradient precision
            gmaxiter  20         # default   optimization maxiter
    ginitial_hessian  false      # default   compute inital hessian for optimization
              algopt  bfgs       # default   algorithm used for optimization              [bfgs, cg]
            tdksprop  false      # default   time-dependent Kohn-Sham equation propagate
           nv_factor  1          # default   factor to multiply number of virtual orbitals with when automatically decreasing nvirt
           vnucextra  2          # default   load balance parameter for nuclear pot
        loadbalparts  2          # default   ??
            response  false      # default   response function calculation
       response_freq  0.0000e+00 # default   frequency for calculation response function
       response_axis  [1, 1, 1]  # default   response axis
           nonrotate  false      # default   if true do not molcule orient (redundant with no_orient
               rconv  1.0000e-06 # default   Response convergence
              efield  0.0000e+00 # default   eps for finite field
         efield_axis  0          # default   finite field axis                            [0, 1, 2]
              nwfile  none       # default   Base name of nwchem output files (.out and .movecs extensions) to read from
                 ncf  (none,1.0000e+00) # defined   nuclear correlation factor
             hessian  false      # default   compute the hessian matrix
           read_cphf  false      # default   read the converged orbital response for nuclear displacements from file
        restart_cphf  false      # default   read the guess orbital response for nuclear displacements from file
      purify_hessian  false      # default   symmetrize the hessian matrix based on atomic charges

end
              charge  0.0000e+00 # defined   total molecular charge
                  xc  hf         # defined   XC input line
               smear  0.0000e+00 # default   smearing parameter
               econv  1.0000e-04 # defined   energy convergence
               dconv  5.0000e-04 # defined   density convergence
convergence_criteria  [bsh_residual, total_energy] # default   possible values are: bsh_residual, total_energy, each_energy, density
                   k  7          # defined   polynomial order
                   l  5.5354e+01 # derived   user coordinates box size
               deriv  abgv       # default   derivative method                            [abgv, bspline, ble]
           dft_deriv  abgv       # default   derivative method for gga potentials         [abgv, bspline, ble]
             maxrotn  2.5000e-01 # default   step restriction used in autoshift algorithm
             nvalpha  0          # default   number of alpha virtuals to compute
              nvbeta  0          # default   number of beta virtuals to compute
               nopen  0          # default   number of unpaired electrons = nalpha-nbeta
             maxiter  25         # default   maximum number of iterations
                 nio  1          # default   no. of io servers to use
     spin_restricted  true       # default   true if spin restricted
              plotlo  0          # default   range of MOs to print (for both spins if polarized
              plothi  -1         # default   range of MOs to print (for both spins if polarized
            plotdens  false      # default   If true print the density at convergence
            plotcoul  false      # default   If true plot the total coulomb potential at convergence
            localize  boys       # defined   localization method                          [pm, boys, new, canon]
          pointgroup  c1         # derived   use point (sub) group symmetry if not localized[c1, c2, ci, cs, c2v, c2h, d2, d2h]
             restart  false      # default   if true restart from orbitals on disk
           restartao  false      # default   if true restart from orbitals projected into AO basis (STO3G) on disk
          no_compute  false      # default   if true use orbitals on disk, set value to computed
           no_orient  false      # default   if true the molecule coordinates will not be reoriented
                save  true       # default   if true save orbitals to disk
              maxsub  10         # default   size of iterative subspace ... set to 0 or 1 to disable
        orbitalshift  0.0000e+00 # default   scf orbital shift: shift the occ orbitals to lower energies
            npt_plot  101        # default   no. of points to use in each dim for plots
           plot_cell  []         # default   lo hi in each dimension for plotting (default is all space)
             aobasis  6-31g      # derived   AO basis used for initial guess (6-31g or sto-3g)
           core_type  none       # default   core potential type                          [none, mpc]
         derivatives  false      # default   if true calculate nuclear derivatives
              dipole  false      # default   if true calculate dipole moment
      conv_only_dens  false      # default   if true remove bsh_residual from convergence criteria (deprecated)
            psp_calc  false      # default   pseudopotential calculation for all atoms
 print_dipole_matels  false      # default   if true output dipole matrix elements
            pcm_data  none       # default   do a PCM (solvent) calculation
             ac_data  none       # default   do a calculation with asymptotic correction (see ACParameters class in chem/AC.h for details)
             pure_ae  true       # default   pure all electron calculation with no pseudo-atoms
         print_level  3          # default   0: no output; 1: final energy; 2: iterations; 3: timings; 10: debug
              nalpha  3          # derived   number of alpha spin electrons
               nbeta  3          # derived   number of beta  spin electrons
           nmo_alpha  3          # derived   number of alpha spin molecular orbitals
            nmo_beta  3          # derived   number of beta spin molecular orbitals
                  lo  9.0905e-04 # derived   smallest length scale we need to resolve
            protocol  [1.0000e-04, 1.0000e-06] # derived   calculation protocol
                gopt  false      # default   geometry optimizer
                gtol  1.0000e-04 # default   geometry tolerance
               gtest  false      # default   geometry tolerance
                gval  1.0000e-05 # default   value precision
               gprec  1.0000e-04 # default   gradient precision
            gmaxiter  20         # default   optimization maxiter
    ginitial_hessian  false      # default   compute inital hessian for optimization
              algopt  bfgs       # default   algorithm used for optimization              [bfgs, cg]
            tdksprop  false      # default   time-dependent Kohn-Sham equation propagate
           nv_factor  1          # default   factor to multiply number of virtual orbitals with when automatically decreasing nvirt
           vnucextra  2          # default   load balance parameter for nuclear pot
        loadbalparts  2          # default   ??
            response  false      # default   response function calculation
       response_freq  0.0000e+00 # default   frequency for calculation response function
       response_axis  [1, 1, 1]  # default   response axis
           nonrotate  false      # default   if true do not molcule orient (redundant with no_orient
               rconv  1.0000e-06 # default   Response convergence
              efield  0.0000e+00 # default   eps for finite field
         efield_axis  0          # default   finite field axis                            [0, 1, 2]
              nwfile  none       # default   Base name of nwchem output files (.out and .movecs extensions) to read from



 geometry
   eprec 1.0e-06
   units atomic
   Be            0.00000000           0.00000000           0.31495436
   H             0.00000000           0.00000000           4.09440662
   H             0.00000000           0.00000000          -5.35422404
 end

Solving NDIM= 3  with thresh 1.000000e-04     k 7    conv 5.000000e-04 

timer:     Project vnuclear     0.60s     0.60s
constructed nuclear correlation factor of the form
    R   =  1.000000e+00
with eprec  1.000000e-06
which means it's (nearly) a conventional calculation

timer:        reproject ncf     1.92s     1.92s
timer:        guess density     0.52s     0.52s
timer:   guess Coulomb potn     0.47s     0.47s
timer:       guess lda potn     0.22s     0.22s
timer:        guess overlap     0.05s     0.05s
timer:    KEmat reconstruct     0.03s     0.03s
timer:  KEmat differentiate     0.27s     0.27s
timer:       KEmat compress     0.10s     0.10s
timer: KEmat inner products     0.30s     0.30s
timer:     guess Kinet potn     0.70s     0.70s
timer:           guess fock     0.47s     0.47s
timer:      guess eigen sol     0.03s     0.03s
timer: guess orbital groupi     0.12s     0.12s

starting protocol at time      7.6s 
precision steps  1.000000e-04  -->  1.000000e-04
protocol: thresh 1.000000e-04 econv  1.000000e-04 dconv 5.000000e-04

ending protocol at time      7.6s 

Solving NDIM= 3  with thresh 1.000000e-04     k 7    conv 5.000000e-04 

timer:        Boys localize     0.93s     0.93s
orbital irreps []
timer:      reconstruct psi     0.17s     0.17s
timer:        compute Jnemo     0.74s     0.74s
timer:        compute Knemo     2.12s     2.12s
timer: compute Unemo 0.0154     0.21s     0.21s

  nuclear and kinetic     -23.33774671
         kinetic only      15.14014410
              coulomb       9.22626980
             exchange      -3.22709537
    nuclear-repulsion       1.86975947
   regularized energy     -15.46881282
  buggy if hybrid functionals are used..
timer:       compute energy     3.47s     3.47s
Norm of vector changes ab spin case : rms 1.106387e-01    max 1.816675e-01
convergence: bshresidual, energy change, max energy change, density change 1.3e-01 1.5e+01 1.5e+01 1.4e+00
finished iteration  0 at time     20.1s with energy  -15.46881282
timer:        Boys localize     0.94s     0.94s
orbital irreps []
timer:      reconstruct psi     0.17s     0.17s
timer:        compute Jnemo     0.63s     0.63s
timer:        compute Knemo     1.89s     1.89s
timer: compute Unemo 0.0152     0.14s     0.14s

  nuclear and kinetic     -23.46409138
         kinetic only      15.02476746
              coulomb       9.21196703
             exchange      -3.14936116
    nuclear-repulsion       1.86975947
   regularized energy     -15.53172604
  buggy if hybrid functionals are used..
timer:       compute energy     3.86s     3.86s
Norm of vector changes ab spin case : rms 4.002469e-02    max 6.287617e-02
convergence: bshresidual, energy change, max energy change, density change 3.2e-02 6.3e-02 1.3e-01 1.4e-02
finished iteration  1 at time     33.2s with energy  -15.53172604
timer:        Boys localize     1.01s     1.01s
orbital irreps []
timer:      reconstruct psi     0.15s     0.15s
timer:        compute Jnemo     0.65s     0.65s
timer:        compute Knemo     2.07s     2.07s
timer: compute Unemo 0.0153     0.16s     0.16s

  nuclear and kinetic     -23.55045430
         kinetic only      15.03585974
              coulomb       9.27326450
             exchange      -3.13247386
    nuclear-repulsion       1.86975947
   regularized energy     -15.53990418
  buggy if hybrid functionals are used..
timer:       compute energy     3.65s     3.65s
Norm of vector changes ab spin case : rms 2.226690e-02    max 3.656245e-02
convergence: bshresidual, energy change, max energy change, density change 1.1e-02 8.2e-03 8.6e-02 6.7e-03
finished iteration  2 at time     46.4s with energy  -15.53990418
timer:        Boys localize     1.00s     1.00s
orbital irreps []
timer:      reconstruct psi     0.17s     0.17s
timer:        compute Jnemo     0.66s     0.66s
timer:        compute Knemo     2.09s     2.09s
timer: compute Unemo 0.0151     0.24s     0.24s

  nuclear and kinetic     -23.60563085
         kinetic only      15.04600477
              coulomb       9.31993826
             exchange      -3.12581319
    nuclear-repulsion       1.86975947
   regularized energy     -15.54174630
  buggy if hybrid functionals are used..
timer:       compute energy     3.89s     3.89s
Norm of vector changes ab spin case : rms 1.026465e-02    max 1.565176e-02
convergence: bshresidual, energy change, max energy change, density change 4.2e-03 1.8e-03 5.5e-02 2.0e-03
finished iteration  3 at time     60.1s with energy  -15.54174630
timer:        Boys localize     1.04s     1.04s
orbital irreps []
timer:      reconstruct psi     0.14s     0.14s
timer:        compute Jnemo     0.74s     0.74s
timer:        compute Knemo     2.16s     2.16s
timer: compute Unemo 0.0151     0.19s     0.19s

  nuclear and kinetic     -23.62045933
         kinetic only      15.04630590
              coulomb       9.33306084
             exchange      -3.12439022
    nuclear-repulsion       1.86975947
   regularized energy     -15.54202924
  buggy if hybrid functionals are used..
timer:       compute energy     3.70s     3.70s
Norm of vector changes ab spin case : rms 3.135399e-03    max 4.241491e-03
convergence: bshresidual, energy change, max energy change, density change 1.3e-03 2.8e-04 1.5e-02 8.7e-04
finished iteration  4 at time     73.5s with energy  -15.54202924
timer:        Boys localize     1.04s     1.04s
orbital irreps []
timer:      reconstruct psi     0.17s     0.17s
timer:        compute Jnemo     0.73s     0.73s
timer:        compute Knemo     2.09s     2.09s
timer: compute Unemo 0.0151     0.24s     0.24s

  nuclear and kinetic     -23.62124478
         kinetic only      15.04552769
              coulomb       9.33386488
             exchange      -3.12444715
    nuclear-repulsion       1.86975947
   regularized energy     -15.54206757
  buggy if hybrid functionals are used..
timer:       compute energy     3.72s     3.72s
Norm of vector changes ab spin case : rms 1.114229e-03    max 1.650552e-03
convergence: bshresidual, energy change, max energy change, density change 6.0e-04 3.8e-05 8.0e-04 3.3e-04
finished iteration  5 at time     87.8s with energy  -15.54206757
timer:        Boys localize     0.96s     0.96s
orbital irreps []
timer:      reconstruct psi     0.14s     0.14s
timer:        compute Jnemo     0.67s     0.67s
timer:        compute Knemo     2.01s     2.01s
timer: compute Unemo 0.0151     0.18s     0.18s

  nuclear and kinetic     -23.61937690
         kinetic only      15.04482954
              coulomb       9.33231845
             exchange      -3.12477231
    nuclear-repulsion       1.86975947
   regularized energy     -15.54207129
  buggy if hybrid functionals are used..
timer:       compute energy     3.68s     3.68s
Norm of vector changes ab spin case : rms 4.900972e-04    max 6.678771e-04
convergence: bshresidual, energy change, max energy change, density change 3.1e-04 3.7e-06 1.9e-03 6.3e-05
finished iteration  6 at time    101.9s with energy  -15.54207129

Iterations converged


ending protocol at time    101.9s 

 Dipole Moment (a.u.)
 -----------

     x:  -1.993859e-14
     y:  -6.089278e-14
     z:  9.229214e-01
 Total Dipole Moment:  9.229214e-01 

timer:               dipole     0.05s     0.05s
Nemo Orbital Energies: [*]  -4.86003168  -0.42618225  -0.31592838

nemo energy:  -1.554207e+01
 at time 102.4
PNO Integrals evaluated as:
pnoint
       rank_increase  15         # default   maximum rank to increase in every macroiteration
               chunk  100        # default   chunk of functions operated on in parallel when G or K is applied (prevent memory shortage)
               debug  false      # default   debug mode
              freeze  1          # derived   frozen core approximation
             maxrank  3          # defined   maximal pno rank for all pairs
           guesstype  exop       # derived   the guesstype: exop (recommended, multiply polynomial excitation operators onto the occupied orbitals), empty (don't compute a guess), scf (use the ao basis from the SCF solver), partial_wave (create s,p,d ..., type functions and place on atoms), predefined (same as partial_wave but for predefined sets)
                exop  multipole  # derived   this string defines which excitation operators can be used, use 'dipole', 'dipole+', 'quadrupole', 'ocopole', or 'multipole', need to set guesstype to 'exop' which is the default
          exop_trigo  true       # default   use trigonometric excitation operators ( x --> sin(x)
        partial_wave             # default   atom centered partial wave guess of format like 'h-2s1p-o-3s2p1d', need to set guesstype to 'partial_wave' and adaptive_solver to 'none'
          predefined             # default   predefined partial wave guesses of type pvxz with x=d,t,q,5,6, need to set guesstype to 'predefined' and adaptive_solver to 'none'
           maxiter_t  100        # default   maximal number of iterations in the amplitude solver
       maxiter_micro  10         # default   Maximum of iterations for every cycle in the adaptive solver
       maxiter_macro  10         # default   Maximum of iterations of cycles in the adaptive solver
                tpno  1.0000e-08 # default   PNO cutoff threshold
          tpno_tight  1.0000e-10 # derived   PNO cutoff for the first iteration
    canonicalize_pno  true       # default   canonicalize the pnos before the amplitude solver
              thresh  1.0000e-04 # defined   MRA threshold
         econv_micro  1.0000e-04 # derived   Energy convergence for microiterations (Greens function based optimization) in adaptive solver
         econv_pairs  1.0000e-05 # derived   ENergy convergence for individual pairs in adaptive solver. Converged pairs are frozen automatically
         econv_macro  1.0000e-04 # derived   Energy convergence for macroiterations in adaptive solver, no effect if adaptive_solver is deactivated
               dconv  1.0000e-01 # default   convergence of every PNO in the Green's function solver
           op_thresh  1.0000e-06 # default   MRA operator thresh
             restart  none       # derived   restart pairs of this type, use 'mp2', 'cispd', 'all' or 'none'
          no_compute  none       # default   do not compute the pairs of this type, use 'mp2', 'cispd', 'all' or 'none'
              no_opt  none       # default   do not optimize the pnos of this type, use 'mp2', 'cispd', 'all' or 'none'
            no_guess  none       # derived   guess for this type will be empty, use 'mp2', 'cispd', 'all' or 'none'
     adaptive_solver  all        # default   Use adaptive solver for those pairs, use 'mp2', 'cispd', 'all' or 'none', works only in combination with guesstype 'exop'
                kain  true       # default   use KAIN solver in amplitude solver
       kain_subspace  5          # default   subspace size of the KAIN solver (amplitudes)
                 f12  false      # defined   use explicit correlation
        cispd_number  -1         # default   CIS(D) excitation numbers, to read in correct functions
        cispd_energy  0.0000e+00 # default   CIS energy
        freeze_pairs  none       # default   frozen pairs will not be optimized: Expected format 'a b c d' will freeze pairs ab and cd
freeze_pairs_of_orbital  []         # default    All pairs which originate from this orbital will not be optimized
active_pairs_of_orbital  []         # default    All pairs which originate from this orbital will not be frozen all other pairs will, if this vector is not empty
no_opt_in_first_iteration  false      # default   Do not optimize in the first iteration (then the potentials do not have to be evaluated, use this for large guesses)
            exchange  full       # default   approximate exchange with 'neglect' or xc functional -> same syntax as moldft
           save_pnos  true       # default   Save the OBS-PNOs to a file, before and after orthonormalization.
            diagonal  true       # defined   Compute only diagonal PNOs
              orthog  symmetric  # defined   orthogonalization method for PNO basis, also current default for a potential CABS. options: symmetric, canonical, cholesky, rr_cholesky,
         orthog_cabs  default    # default   orthogonalization method for CABS basis. options: symmetric, canonical, cholesky, rr_cholesky, uses same as orbitals basis if default.
               n_pno  6          # defined   desired size of PNO-basis (orbital space)
         cabs_option  none       # default   type of complementary auxiliary basis to be used. can be none ~ no CABS, gbs ~ Gaussian basis set as CABS, requires input via auxbas_file, pno ~ use superfluous PNOs as CABS, mixed ~ gbs&pno-option
       pno_cabs_size  -1         # default   size of a potential pno-cabs. defaults to -1 ~ all remaining PNOs, if pno-cabs or mixed-cabs
           only_diag  false      # default   use only diagonal elements PNOs
         cherry_pick  []         # default   cherry pick option to choose particular set of PNOs, not just blindly by occupation number. can be useful, if only a restricted number of PNOs can be used, to avoid separating degenerate pairs. can be envoked by passing a vector via [ elem1, elem2, ... ]
               gamma  1.4000e+00 # default   The f12 length scale, here to be used to compute f12-integrals
         cabs_thresh  1.0000e-04 # derived    thresh for cabs part
              auxbas  none       # default   atom centered partial wave guess of format like 'h-2s1p-o-3s2p1d'
         auxbas_file  none       # default   Use external comp. aux. basis in addition to the pnos as auxbasis. Give the filename as parameter. Give the auxbas in turbomole format. Don't use contractions. If a file is specified the auxbas parameter has no effect
   print_pno_overlap  true       # default   Print overlap matrix at certain steps in computation, for debugging purposes.
              n_virt  0          # defined   Compute this number of virtuals and include them in the integral construction, experimental and not robust!.
      hardcore_boson  false      # default   compute only integrals for hardcore boson hamiltonian (restricted to double occupations)

end
F12 Operators initialized right
timer:                    Testing F12 Operators     0.76s     0.76s 
timer:  Initializing (active) Exchange Orbitals     2.20s     2.20s 
Size of active mos and their exchange potentials:
K(acmos)=3.066659e-03 Gbyte
acmos   =2.688438e-03 Gbyte
PNO Parameters
pno
       rank_increase  15         # default   maximum rank to increase in every macroiteration
               chunk  100        # default   chunk of functions operated on in parallel when G or K is applied (prevent memory shortage)
               debug  false      # default   debug mode
              freeze  1          # derived   frozen core approximation
             maxrank  3          # defined   maximal pno rank for all pairs
           guesstype  exop       # derived   the guesstype: exop (recommended, multiply polynomial excitation operators onto the occupied orbitals), empty (don't compute a guess), scf (use the ao basis from the SCF solver), partial_wave (create s,p,d ..., type functions and place on atoms), predefined (same as partial_wave but for predefined sets)
                exop  multipole  # derived   this string defines which excitation operators can be used, use 'dipole', 'dipole+', 'quadrupole', 'ocopole', or 'multipole', need to set guesstype to 'exop' which is the default
          exop_trigo  true       # default   use trigonometric excitation operators ( x --> sin(x)
        partial_wave             # default   atom centered partial wave guess of format like 'h-2s1p-o-3s2p1d', need to set guesstype to 'partial_wave' and adaptive_solver to 'none'
          predefined             # default   predefined partial wave guesses of type pvxz with x=d,t,q,5,6, need to set guesstype to 'predefined' and adaptive_solver to 'none'
           maxiter_t  100        # default   maximal number of iterations in the amplitude solver
       maxiter_micro  10         # default   Maximum of iterations for every cycle in the adaptive solver
       maxiter_macro  10         # default   Maximum of iterations of cycles in the adaptive solver
                tpno  1.0000e-08 # default   PNO cutoff threshold
          tpno_tight  1.0000e-10 # derived   PNO cutoff for the first iteration
    canonicalize_pno  true       # default   canonicalize the pnos before the amplitude solver
              thresh  1.0000e-04 # defined   MRA threshold
         econv_micro  1.0000e-04 # derived   Energy convergence for microiterations (Greens function based optimization) in adaptive solver
         econv_pairs  1.0000e-05 # derived   ENergy convergence for individual pairs in adaptive solver. Converged pairs are frozen automatically
         econv_macro  1.0000e-04 # derived   Energy convergence for macroiterations in adaptive solver, no effect if adaptive_solver is deactivated
               dconv  1.0000e-01 # default   convergence of every PNO in the Green's function solver
           op_thresh  1.0000e-06 # default   MRA operator thresh
             restart  none       # derived   restart pairs of this type, use 'mp2', 'cispd', 'all' or 'none'
          no_compute  none       # default   do not compute the pairs of this type, use 'mp2', 'cispd', 'all' or 'none'
              no_opt  none       # default   do not optimize the pnos of this type, use 'mp2', 'cispd', 'all' or 'none'
            no_guess  none       # derived   guess for this type will be empty, use 'mp2', 'cispd', 'all' or 'none'
     adaptive_solver  all        # default   Use adaptive solver for those pairs, use 'mp2', 'cispd', 'all' or 'none', works only in combination with guesstype 'exop'
                kain  true       # default   use KAIN solver in amplitude solver
       kain_subspace  5          # default   subspace size of the KAIN solver (amplitudes)
                 f12  false      # defined   use explicit correlation
        cispd_number  -1         # default   CIS(D) excitation numbers, to read in correct functions
        cispd_energy  0.0000e+00 # default   CIS energy
        freeze_pairs  none       # default   frozen pairs will not be optimized: Expected format 'a b c d' will freeze pairs ab and cd
freeze_pairs_of_orbital  []         # default    All pairs which originate from this orbital will not be optimized
active_pairs_of_orbital  []         # default    All pairs which originate from this orbital will not be frozen all other pairs will, if this vector is not empty
no_opt_in_first_iteration  false      # default   Do not optimize in the first iteration (then the potentials do not have to be evaluated, use this for large guesses)
            exchange  full       # default   approximate exchange with 'neglect' or xc functional -> same syntax as moldft
           save_pnos  true       # default   Save the OBS-PNOs to a file, before and after orthonormalization.
            diagonal  true       # defined   Compute only diagonal PNOs

end

**********************
Solve PNO-MP2
*********************


**********************
Iterate Pairs
*********************


************************
Adaptive Solver
***********************

Initializing empty Pairs:
no guess was explicitly demanded for mp2

timer:                                     RRCD     0.00s     0.00s 
timer:                             MRA compress     0.00s     0.00s 
timer:                          Transform Pairs     0.00s     0.00s 
timer:          apply Q and orthonormalize PNOs     0.00s     0.00s 
Created Guess:
pair11 with 0 guess functions
pair21 with 0 guess functions
pair22 with 0 guess functions
guess pair11 size: 0.0000000000e+00 | 0.0000000000e+00 Gbyte (after truncation)
guess pair22 size: 0.0000000000e+00 | 0.0000000000e+00 Gbyte (after truncation)
timer:                           truncate guess     0.00s     0.00s 
timer:                         Initialize Pairs     0.00s     0.00s 
Keyword multipole is not known
Guess protocol for adaptively growing ranks is: [dipole+, quadrupole, big_fock_3, big_fock_3, big_fock_3, big_fock_3, big_fock_3, big_fock_3, big_fock_3, big_fock_3]


--------Adaptive Solver Macroiteration 0 from max 10 ----------

Growing ranks with exop=dipole+
Create guess functions by multiplying plane-waves to 1 functions 
Created 4 virtuals for pair11
pair21 is frozen: no growing
Create guess functions by multiplying plane-waves to 1 functions 
Created 4 virtuals for pair22
frozen pair: no orthonormalization
timer:                                     RRCD     0.07s     0.07s 
timer:                             MRA compress     0.00s     0.00s 
timer:                          Transform Pairs     0.15s     0.15s 
timer:                        grow PNO subspace     1.82s     1.82s 
SolveInternal: Parameters are assigned as
no_compute        = false
no_opt            = false
restart           = false
do_cispd          = false
econv             =1.0000000000e-04
maxrank (min,max) = (3,3)
Solving MP2 doubles
timer:          fock matrix     2.97s     2.97s
Information About All Pairs:
mp2_pair11           number=0 rank=  4 frozen=false
mp2_pair21           number=1 rank=  0 frozen=true
mp2_pair22           number=2 rank=  4 frozen=false
number of pairs=3
average rank   =2 (2.6666666667e+00)
largest rank   =4
PNOPairs Memory Information
Total: 0.0102221966 GB 
PNO  : 0.0102221966 GB 
KPNO : 0.0000000000 GB 
W    : 0.0000000000 GB 

timer:                                 truncate     0.04s     0.04s 
wall time=116.1546900272 chunk=8 allK.size()=8 memory=0.0096497536 GB
timer:                             compute KPNO     3.98s     3.98s 
wall time=116.3080389500 chunk=8 allJ.size()=8 memory=0.0111217499 GB
timer:                             compute JPNO     0.15s     0.15s 
timer:                    compute Fock matrices     1.50s     1.50s 
timer:                             MRA compress     0.00s     0.00s 
timer:                          Transform Pairs     0.34s     0.34s 
timer:                             Canonicalize     0.34s     0.34s 
PNOPairs Memory Information
Total: 0.0191359520 GB 
PNO  : 0.0098950863 GB 
KPNO : 0.0092408657 GB 
W    : 0.0000000000 GB 

timer:                                 truncate     0.03s     0.03s 
mp2_pair21 is frozen: potential not computed
timer:                   Fluctuation Potentials     2.21s     2.21s 
timer:                       Fluctuation Matrix     0.14s     0.14s 
PNOPairs Memory Information
Total: 0.0333652496 GB 
PNO  : 0.0098950863 GB 
KPNO : 0.0092408657 GB 
W    : 0.0142292976 GB 

PNOPairs Memory Information
Total: 0.0333652496 GB 
PNO  : 0.0098950863 GB 
KPNO : 0.0092408657 GB 
W    : 0.0142292976 GB 

timer:                                 truncate     0.05s     0.05s 
timer:                             PNO Overlaps     0.07s     0.07s 
t_iter =  0  Hylleraas energy =  0.0000000000  ||R||_F =  0.1616795866  conv =  no
subspace solution [*]   1.00000000

t_iter =  1  Hylleraas energy =  -0.0314151354  ||R||_F =  0.0000000545  conv =  yes
=======================================================

Hylleraas MP2 Energies

=======================================================
    i    j      singlet      triplet        Total
=======================================================
    1    1  -1.30189e-02  0.00000e+00 -1.30189e-02
    2    1   0.00000e+00  0.00000e+00  0.00000e+00
    2    2  -1.83962e-02  0.00000e+00 -1.83962e-02
=======================================================
Hylleraas MP2 Energies (singlet): -3.14151e-02
Hylleraas MP2 Energies (triplet):  0.00000e+00
Hylleraas MP2 Energies (total)  : -3.14151e-02
=======================================================
-------------------------------------------
Total Reg Energy  =-3.14151e-02
Total F12 Energy  = 0.00000e+00
Sum Energies Total=-3.14151e-02
-------------------------------------------
timer:                         Solve Amplitudes     0.00s     0.00s 
No optimization untill now: Compressing pno ranks with tighter threshold
1.00000e-10 instead of 1.00000e-08
pair11: density evals:
 [*]   0.00275307   0.00388549   0.00388549   0.01499298

pair11: # of PNOs reduced from  4  to  3  maxrank= 3
pair22: density evals:
 [*]   0.00251491   0.00321392   0.00321392   0.04816161

pair22: # of PNOs reduced from  4  to  3  maxrank= 3
timer:                            compress PNOs     0.00s     0.00s 
timer:                             MRA compress     0.00s     0.00s 
timer:                          Transform Pairs     0.44s     0.44s 
timer:                          PNO Compression     0.44s     0.44s 
Information About All Pairs:
mp2_pair11           number=0 rank=  3 frozen=false
mp2_pair21           number=1 rank=  0 frozen=true
mp2_pair22           number=2 rank=  3 frozen=false
number of pairs=3
average rank   =2 (2.00000e+00)
largest rank   =3
saving vector of functions mp2_pair11
saving vector of functions mp2_pair22
timer:                        save pnos on disc     0.15s     0.15s 
PNOPairs Memory Information
Total: 0.02396 GB 
PNO  : 0.00707 GB 
KPNO : 0.00666 GB 
W    : 0.01022 GB 

timer:                                 truncate     0.04s     0.04s 
timer:      compute densities for G application     0.00s     0.00s 
pair21 is frozen: no optimization
timer:                Prepare for G application     0.21s     0.21s 
timer:                                    add K     0.01s     0.01s 
size of all Vpsi potentials (without Vnuc and J) 0.00871 GB 
time=122.16107 chunk=6 Vpsi+Vnuc+J=0.02204 GB
time=122.19702 chunk=6 Vpsi+Vnuc+J=0.02188 GB (after truncation)
timer:                           Apply G to all     2.38s     2.38s 
timer:                       apply Q and update     0.00s     0.00s 
mp2_pair11 residual norms:
[0.35518, 0.35518, 0.40599]
mp2_pair11 scaled residual norms:
[0.02214, 0.02214, 0.04971]
mp2_pair22 residual norms:
[0.36103, 0.36103, 0.36007]
mp2_pair22 scaled residual norms:
[0.02047, 0.02047, 0.07902]
timer:                          update all PNOs     2.63s     2.63s 
frozen pair: no orthonormalization
timer:                                     RRCD     0.11s     0.11s 
timer:                             MRA compress     0.00s     0.00s 
timer:                          Transform Pairs     0.06s     0.06s 
saving vector of functions mp2_pair11
saving vector of functions mp2_pair22
timer:                        save pnos on disc     0.16s     0.16s 


No convergence yet. Energy change = 0.03142

timer:                        Whole Iteration 1    12.14s    12.14s 
Information About All Pairs:
mp2_pair11           number=0 rank=  3 frozen=false
mp2_pair21           number=1 rank=  0 frozen=true
mp2_pair22           number=2 rank=  3 frozen=false
number of pairs=3
average rank   =2 (2.00000)
largest rank   =3
PNOPairs Memory Information
Total: 0.00740 GB 
PNO  : 0.00740 GB 
KPNO : 0.00000 GB 
W    : 0.00000 GB 

timer:                                 truncate     0.05s     0.05s 
wall time=127.60190 chunk=6 allK.size()=6 memory=0.00707 GB
timer:                             compute KPNO     3.29s     3.29s 
wall time=127.74597 chunk=6 allJ.size()=6 memory=0.00773 GB
timer:                             compute JPNO     0.14s     0.14s 
timer:                    compute Fock matrices     1.24s     1.24s 
timer:                             MRA compress     0.00s     0.00s 
timer:                          Transform Pairs     0.17s     0.17s 
timer:                             Canonicalize     0.17s     0.17s 
PNOPairs Memory Information
Total: 0.01415 GB 
PNO  : 0.00724 GB 
KPNO : 0.00691 GB 
W    : 0.00000 GB 

timer:                                 truncate     0.03s     0.03s 
mp2_pair21 is frozen: potential not computed
timer:                   Fluctuation Potentials     1.81s     1.81s 
timer:                       Fluctuation Matrix     0.17s     0.17s 
PNOPairs Memory Information
Total: 0.02535 GB 
PNO  : 0.00724 GB 
KPNO : 0.00691 GB 
W    : 0.01120 GB 

PNOPairs Memory Information
Total: 0.02535 GB 
PNO  : 0.00724 GB 
KPNO : 0.00691 GB 
W    : 0.01120 GB 

timer:                                 truncate     0.06s     0.06s 
timer:                             PNO Overlaps     0.11s     0.11s 
t_iter =  0  Hylleraas energy =  0.00000  ||R||_F =  0.21494  conv =  no
subspace solution [*]   1.00000000

t_iter =  1  Hylleraas energy =  -0.05007  ||R||_F =  0.00000  conv =  yes
=======================================================

Hylleraas MP2 Energies

=======================================================
    i    j      singlet      triplet        Total
=======================================================
    1    1  -2.02369e-02  0.00000e+00 -2.02369e-02
    2    1   0.00000e+00  0.00000e+00  0.00000e+00
    2    2  -2.98338e-02  0.00000e+00 -2.98338e-02
=======================================================
Hylleraas MP2 Energies (singlet): -5.00708e-02
Hylleraas MP2 Energies (triplet):  0.00000e+00
Hylleraas MP2 Energies (total)  : -5.00708e-02
=======================================================
-------------------------------------------
Total Reg Energy  =-5.00708e-02
Total F12 Energy  = 0.00000e+00
Sum Energies Total=-5.00708e-02
-------------------------------------------
timer:                         Solve Amplitudes     0.00s     0.00s 
pair11: density evals:
 [*]   0.00466832   0.00466832   0.02473891

pair22: density evals:
 [*]   0.00375331   0.00375331   0.08070095

timer:                            compress PNOs     0.00s     0.00s 
timer:                             MRA compress     0.00s     0.00s 
timer:                          Transform Pairs     0.48s     0.48s 
timer:                          PNO Compression     0.48s     0.48s 
Information About All Pairs:
mp2_pair11           number=0 rank=  3 frozen=false
mp2_pair21           number=1 rank=  0 frozen=true
mp2_pair22           number=2 rank=  3 frozen=false
number of pairs=3
average rank   =2 (2.00000e+00)
largest rank   =3
saving vector of functions mp2_pair11
saving vector of functions mp2_pair22
timer:                        save pnos on disc     0.15s     0.15s 
PNOPairs Memory Information
Total: 0.02535 GB 
PNO  : 0.00724 GB 
KPNO : 0.00691 GB 
W    : 0.01120 GB 

timer:                                 truncate     0.03s     0.03s 
timer:      compute densities for G application     0.00s     0.00s 
pair21 is frozen: no optimization
timer:                Prepare for G application     0.26s     0.26s 
timer:                                    add K     0.03s     0.03s 
size of all Vpsi potentials (without Vnuc and J) 0.00985 GB 
time=132.91892 chunk=6 Vpsi+Vnuc+J=0.02130 GB
time=132.97192 chunk=6 Vpsi+Vnuc+J=0.02065 GB (after truncation)
timer:                           Apply G to all     2.35s     2.35s 
timer:                       apply Q and update     0.00s     0.00s 
mp2_pair11 residual norms:
[0.08924, 0.08924, 0.12046]
mp2_pair11 scaled residual norms:
[0.00610, 0.00610, 0.01895]
mp2_pair22 residual norms:
[0.09714, 0.09714, 0.08698]
mp2_pair22 scaled residual norms:
[0.00595, 0.00595, 0.02471]
timer:                          update all PNOs     2.64s     2.64s 
frozen pair: no orthonormalization
timer:                                     RRCD     0.11s     0.11s 
timer:                             MRA compress     0.00s     0.00s 
timer:                          Transform Pairs     0.07s     0.07s 
saving vector of functions mp2_pair11
saving vector of functions mp2_pair22
timer:                        save pnos on disc     0.13s     0.13s 


No convergence yet. Energy change = 0.01866

timer:                        Whole Iteration 2    10.69s    10.69s 
Information About All Pairs:
mp2_pair11           number=0 rank=  3 frozen=false
mp2_pair21           number=1 rank=  0 frozen=true
mp2_pair22           number=2 rank=  3 frozen=false
number of pairs=3
average rank   =2 (2.00000)
largest rank   =3
PNOPairs Memory Information
Total: 0.00716 GB 
PNO  : 0.00716 GB 
KPNO : 0.00000 GB 
W    : 0.00000 GB 

timer:                                 truncate     0.04s     0.04s 
wall time=138.51010 chunk=6 allK.size()=6 memory=0.00716 GB
timer:                             compute KPNO     3.51s     3.51s 
wall time=138.62813 chunk=6 allJ.size()=6 memory=0.00806 GB
timer:                             compute JPNO     0.12s     0.12s 
timer:                    compute Fock matrices     1.20s     1.20s 
timer:                             MRA compress     0.00s     0.00s 
timer:                          Transform Pairs     0.21s     0.21s 
timer:                             Canonicalize     0.21s     0.21s 
PNOPairs Memory Information
Total: 0.01423 GB 
PNO  : 0.00707 GB 
KPNO : 0.00716 GB 
W    : 0.00000 GB 

timer:                                 truncate     0.03s     0.03s 
mp2_pair21 is frozen: potential not computed
timer:                   Fluctuation Potentials     1.77s     1.77s 
timer:                       Fluctuation Matrix     0.12s     0.12s 
PNOPairs Memory Information
Total: 0.02560 GB 
PNO  : 0.00707 GB 
KPNO : 0.00716 GB 
W    : 0.01137 GB 

PNOPairs Memory Information
Total: 0.02560 GB 
PNO  : 0.00707 GB 
KPNO : 0.00716 GB 
W    : 0.01137 GB 

timer:                                 truncate     0.03s     0.03s 
timer:                             PNO Overlaps     0.07s     0.07s 
t_iter =  0  Hylleraas energy =  0.00000  ||R||_F =  0.22923  conv =  no
subspace solution [*]   1.00000000

t_iter =  1  Hylleraas energy =  -0.05285  ||R||_F =  0.00000  conv =  yes
=======================================================

Hylleraas MP2 Energies

=======================================================
    i    j      singlet      triplet        Total
=======================================================
    1    1  -2.15153e-02  0.00000e+00 -2.15153e-02
    2    1   0.00000e+00  0.00000e+00  0.00000e+00
    2    2  -3.13375e-02  0.00000e+00 -3.13375e-02
=======================================================
Hylleraas MP2 Energies (singlet): -5.28528e-02
Hylleraas MP2 Energies (triplet):  0.00000e+00
Hylleraas MP2 Energies (total)  : -5.28528e-02
=======================================================
-------------------------------------------
Total Reg Energy  =-5.28528e-02
Total F12 Energy  = 0.00000e+00
Sum Energies Total=-5.28528e-02
-------------------------------------------
timer:                         Solve Amplitudes     0.00s     0.00s 
pair11: density evals:
 [*]   0.00446741   0.00446741   0.02445077

pair22: density evals:
 [*]   0.00355063   0.00355063   0.08017448

timer:                            compress PNOs     0.00s     0.00s 
timer:                             MRA compress     0.00s     0.00s 
timer:                          Transform Pairs     0.37s     0.37s 
timer:                          PNO Compression     0.38s     0.38s 
Information About All Pairs:
mp2_pair11           number=0 rank=  3 frozen=false
mp2_pair21           number=1 rank=  0 frozen=true
mp2_pair22           number=2 rank=  3 frozen=false
number of pairs=3
average rank   =2 (2.00000e+00)
largest rank   =3
saving vector of functions mp2_pair11
saving vector of functions mp2_pair22
timer:                        save pnos on disc     0.13s     0.13s 
PNOPairs Memory Information
Total: 0.02560 GB 
PNO  : 0.00707 GB 
KPNO : 0.00716 GB 
W    : 0.01137 GB 

timer:                                 truncate     0.05s     0.05s 
timer:      compute densities for G application     0.00s     0.00s 
pair21 is frozen: no optimization
timer:                Prepare for G application     0.17s     0.17s 
timer:                                    add K     0.04s     0.04s 
size of all Vpsi potentials (without Vnuc and J) 0.01002 GB 
time=143.37505 chunk=6 Vpsi+Vnuc+J=0.02188 GB
time=143.43584 chunk=6 Vpsi+Vnuc+J=0.02098 GB (after truncation)
timer:                           Apply G to all     2.28s     2.28s 
timer:                       apply Q and update     0.00s     0.00s 
mp2_pair11 residual norms:
[0.02963, 0.02963, 0.05121]
mp2_pair11 scaled residual norms:
[0.00198, 0.00198, 0.00801]
mp2_pair22 residual norms:
[0.04651, 0.04651, 0.03397]
mp2_pair22 scaled residual norms:
[0.00277, 0.00277, 0.00962]
timer:                          update all PNOs     2.50s     2.50s 
frozen pair: no orthonormalization
timer:                                     RRCD     0.07s     0.07s 
timer:                             MRA compress     0.00s     0.00s 
timer:                          Transform Pairs     0.08s     0.08s 
saving vector of functions mp2_pair11
saving vector of functions mp2_pair22
timer:                        save pnos on disc     0.12s     0.12s 


No convergence yet. Energy change = 0.00278

timer:                        Whole Iteration 3    10.48s    10.48s 
Information About All Pairs:
mp2_pair11           number=0 rank=  3 frozen=false
mp2_pair21           number=1 rank=  0 frozen=true
mp2_pair22           number=2 rank=  3 frozen=false
number of pairs=3
average rank   =2 (2.00000)
largest rank   =3
PNOPairs Memory Information
Total: 0.00732 GB 
PNO  : 0.00732 GB 
KPNO : 0.00000 GB 
W    : 0.00000 GB 

timer:                                 truncate     0.05s     0.05s 
wall time=149.04853 chunk=6 allK.size()=6 memory=0.00716 GB
timer:                             compute KPNO     3.56s     3.56s 
wall time=149.15985 chunk=6 allJ.size()=6 memory=0.00806 GB
timer:                             compute JPNO     0.11s     0.11s 
timer:                    compute Fock matrices     1.11s     1.11s 
timer:                             MRA compress     0.00s     0.00s 
timer:                          Transform Pairs     0.19s     0.19s 
timer:                             Canonicalize     0.19s     0.19s 
PNOPairs Memory Information
Total: 0.01439 GB 
PNO  : 0.00724 GB 
KPNO : 0.00716 GB 
W    : 0.00000 GB 

timer:                                 truncate     0.04s     0.04s 
mp2_pair21 is frozen: potential not computed
timer:                   Fluctuation Potentials     1.83s     1.83s 
timer:                       Fluctuation Matrix     0.12s     0.12s 
PNOPairs Memory Information
Total: 0.02576 GB 
PNO  : 0.00724 GB 
KPNO : 0.00716 GB 
W    : 0.01137 GB 

PNOPairs Memory Information
Total: 0.02576 GB 
PNO  : 0.00724 GB 
KPNO : 0.00716 GB 
W    : 0.01137 GB 

timer:                                 truncate     0.10s     0.10s 
timer:                             PNO Overlaps     0.11s     0.11s 
t_iter =  0  Hylleraas energy =  0.00000  ||R||_F =  0.23426  conv =  no
subspace solution [*]   1.00000000

t_iter =  1  Hylleraas energy =  -0.05335  ||R||_F =  0.00000  conv =  yes
=======================================================

Hylleraas MP2 Energies

=======================================================
    i    j      singlet      triplet        Total
=======================================================
    1    1  -2.17471e-02  0.00000e+00 -2.17471e-02
    2    1   0.00000e+00  0.00000e+00  0.00000e+00
    2    2  -3.16078e-02  0.00000e+00 -3.16078e-02
=======================================================
Hylleraas MP2 Energies (singlet): -5.33549e-02
Hylleraas MP2 Energies (triplet):  0.00000e+00
Hylleraas MP2 Energies (total)  : -5.33549e-02
=======================================================
-------------------------------------------
Total Reg Energy  =-5.33549e-02
Total F12 Energy  = 0.00000e+00
Sum Energies Total=-5.33549e-02
-------------------------------------------
timer:                         Solve Amplitudes     0.00s     0.00s 
pair11: density evals:
 [*]   0.00436349   0.00436349   0.02380404

pair22: density evals:
 [*]   0.00342496   0.00342496   0.07867156

timer:                            compress PNOs     0.00s     0.00s 
timer:                             MRA compress     0.00s     0.00s 
timer:                          Transform Pairs     0.39s     0.39s 
timer:                          PNO Compression     0.39s     0.39s 
Information About All Pairs:
mp2_pair11           number=0 rank=  3 frozen=false
mp2_pair21           number=1 rank=  0 frozen=true
mp2_pair22           number=2 rank=  3 frozen=false
number of pairs=3
average rank   =2 (2.00000e+00)
largest rank   =3
saving vector of functions mp2_pair11
saving vector of functions mp2_pair22
timer:                        save pnos on disc     0.13s     0.13s 
PNOPairs Memory Information
Total: 0.02576 GB 
PNO  : 0.00724 GB 
KPNO : 0.00716 GB 
W    : 0.01137 GB 

timer:                                 truncate     0.03s     0.03s 
timer:      compute densities for G application     0.00s     0.00s 
pair21 is frozen: no optimization
timer:                Prepare for G application     0.40s     0.40s 
timer:                                    add K     0.01s     0.01s 
size of all Vpsi potentials (without Vnuc and J) 0.01002 GB 
time=154.20144 chunk=6 Vpsi+Vnuc+J=0.02204 GB
time=154.25578 chunk=6 Vpsi+Vnuc+J=0.02106 GB (after truncation)
timer:                           Apply G to all     2.26s     2.26s 
timer:                       apply Q and update     0.00s     0.00s 
mp2_pair11 residual norms:
[0.01098, 0.01098, 0.02307]
mp2_pair11 scaled residual norms:
[0.00073, 0.00073, 0.00356]
mp2_pair22 residual norms:
[0.02845, 0.02845, 0.01481]
mp2_pair22 scaled residual norms:
[0.00166, 0.00166, 0.00415]
timer:                          update all PNOs     2.69s     2.69s 
frozen pair: no orthonormalization
timer:                                     RRCD     0.07s     0.07s 
timer:                             MRA compress     0.00s     0.00s 
timer:                          Transform Pairs     0.10s     0.10s 
saving vector of functions mp2_pair11
saving vector of functions mp2_pair22
timer:                        save pnos on disc     0.16s     0.16s 


No convergence yet. Energy change = 0.00050

timer:                        Whole Iteration 4    10.83s    10.83s 
Information About All Pairs:
mp2_pair11           number=0 rank=  3 frozen=false
mp2_pair21           number=1 rank=  0 frozen=true
mp2_pair22           number=2 rank=  3 frozen=false
number of pairs=3
average rank   =2 (2.00000)
largest rank   =3
PNOPairs Memory Information
Total: 0.00740 GB 
PNO  : 0.00740 GB 
KPNO : 0.00000 GB 
W    : 0.00000 GB 

timer:                                 truncate     0.03s     0.03s 
wall time=159.75018 chunk=6 allK.size()=6 memory=0.00724 GB
timer:                             compute KPNO     3.45s     3.45s 
wall time=159.90337 chunk=6 allJ.size()=6 memory=0.00822 GB
timer:                             compute JPNO     0.15s     0.15s 
timer:                    compute Fock matrices     1.34s     1.34s 
timer:                             MRA compress     0.00s     0.00s 
timer:                          Transform Pairs     0.19s     0.19s 
timer:                             Canonicalize     0.19s     0.19s 
PNOPairs Memory Information
Total: 0.01447 GB 
PNO  : 0.00732 GB 
KPNO : 0.00716 GB 
W    : 0.00000 GB 

timer:                                 truncate     0.08s     0.08s 
mp2_pair21 is frozen: potential not computed
timer:                   Fluctuation Potentials     1.78s     1.78s 
timer:                       Fluctuation Matrix     0.10s     0.10s 
PNOPairs Memory Information
Total: 0.02584 GB 
PNO  : 0.00732 GB 
KPNO : 0.00716 GB 
W    : 0.01137 GB 

PNOPairs Memory Information
Total: 0.02584 GB 
PNO  : 0.00732 GB 
KPNO : 0.00716 GB 
W    : 0.01137 GB 

timer:                                 truncate     0.04s     0.04s 
timer:                             PNO Overlaps     0.08s     0.08s 
t_iter =  0  Hylleraas energy =  0.00000  ||R||_F =  0.23634  conv =  no
subspace solution [*]   1.00000000

t_iter =  1  Hylleraas energy =  -0.05346  ||R||_F =  0.00000  conv =  yes
=======================================================

Hylleraas MP2 Energies

=======================================================
    i    j      singlet      triplet        Total
=======================================================
    1    1  -2.17925e-02  0.00000e+00 -2.17925e-02
    2    1   0.00000e+00  0.00000e+00  0.00000e+00
    2    2  -3.16692e-02  0.00000e+00 -3.16692e-02
=======================================================
Hylleraas MP2 Energies (singlet): -5.34618e-02
Hylleraas MP2 Energies (triplet):  0.00000e+00
Hylleraas MP2 Energies (total)  : -5.34618e-02
=======================================================
-------------------------------------------
Total Reg Energy  =-5.34618e-02
Total F12 Energy  = 0.00000e+00
Sum Energies Total=-5.34618e-02
-------------------------------------------
timer:                         Solve Amplitudes     0.00s     0.00s 
pair11: density evals:
 [*]   0.00431999   0.00431999   0.02343031

pair22: density evals:
 [*]   0.00335033   0.00335033   0.07783613

timer:                            compress PNOs     0.00s     0.00s 
timer:                             MRA compress     0.00s     0.00s 
timer:                          Transform Pairs     0.33s     0.33s 
timer:                          PNO Compression     0.33s     0.33s 
Information About All Pairs:
mp2_pair11           number=0 rank=  3 frozen=false
mp2_pair21           number=1 rank=  0 frozen=true
mp2_pair22           number=2 rank=  3 frozen=false
number of pairs=3
average rank   =2 (2.00000e+00)
largest rank   =3
saving vector of functions mp2_pair11
saving vector of functions mp2_pair22
timer:                        save pnos on disc     0.12s     0.12s 
PNOPairs Memory Information
Total: 0.02584 GB 
PNO  : 0.00732 GB 
KPNO : 0.00716 GB 
W    : 0.01137 GB 

timer:                                 truncate     0.04s     0.04s 
timer:      compute densities for G application     0.00s     0.00s 
pair21 is frozen: no optimization
timer:                Prepare for G application     0.20s     0.20s 
timer:                                    add K     0.01s     0.01s 
size of all Vpsi potentials (without Vnuc and J) 0.01018 GB 
time=164.77632 chunk=6 Vpsi+Vnuc+J=0.02212 GB
time=164.81984 chunk=6 Vpsi+Vnuc+J=0.02130 GB (after truncation)
timer:                           Apply G to all     2.39s     2.39s 
timer:                       apply Q and update     0.00s     0.00s 
mp2_pair11 residual norms:
[0.00458, 0.00458, 0.01060]
mp2_pair11 scaled residual norms:
[0.00030, 0.00030, 0.00162]
mp2_pair22 residual norms:
[0.01896, 0.01896, 0.00681]
mp2_pair22 scaled residual norms:
[0.00110, 0.00110, 0.00190]
timer:                          update all PNOs     2.61s     2.61s 
frozen pair: no orthonormalization
timer:                                     RRCD     0.03s     0.03s 
timer:                             MRA compress     0.00s     0.00s 
timer:                          Transform Pairs     0.08s     0.08s 
saving vector of functions mp2_pair11
saving vector of functions mp2_pair22
timer:                        save pnos on disc     0.13s     0.13s 


No convergence yet. Energy change = 0.00011

timer:                        Whole Iteration 5    10.61s    10.61s 
Information About All Pairs:
mp2_pair11           number=0 rank=  3 frozen=false
mp2_pair21           number=1 rank=  0 frozen=true
mp2_pair22           number=2 rank=  3 frozen=false
number of pairs=3
average rank   =2 (2.00000)
largest rank   =3
PNOPairs Memory Information
Total: 0.00740 GB 
PNO  : 0.00740 GB 
KPNO : 0.00000 GB 
W    : 0.00000 GB 

timer:                                 truncate     0.02s     0.02s 
wall time=170.50186 chunk=6 allK.size()=6 memory=0.00724 GB
timer:                             compute KPNO     3.61s     3.61s 
wall time=170.64395 chunk=6 allJ.size()=6 memory=0.00822 GB
timer:                             compute JPNO     0.14s     0.14s 
timer:                    compute Fock matrices     1.26s     1.26s 
timer:                             MRA compress     0.00s     0.00s 
timer:                          Transform Pairs     0.28s     0.28s 
timer:                             Canonicalize     0.29s     0.29s 
PNOPairs Memory Information
Total: 0.01447 GB 
PNO  : 0.00732 GB 
KPNO : 0.00716 GB 
W    : 0.00000 GB 

timer:                                 truncate     0.04s     0.04s 
mp2_pair21 is frozen: potential not computed
timer:                   Fluctuation Potentials     1.67s     1.67s 
timer:                       Fluctuation Matrix     0.14s     0.14s 
PNOPairs Memory Information
Total: 0.02584 GB 
PNO  : 0.00732 GB 
KPNO : 0.00716 GB 
W    : 0.01137 GB 

PNOPairs Memory Information
Total: 0.02584 GB 
PNO  : 0.00732 GB 
KPNO : 0.00716 GB 
W    : 0.01137 GB 

timer:                                 truncate     0.03s     0.03s 
timer:                             PNO Overlaps     0.11s     0.11s 
t_iter =  0  Hylleraas energy =  0.00000  ||R||_F =  0.23729  conv =  no
subspace solution [*]   1.00000000

t_iter =  1  Hylleraas energy =  -0.05349  ||R||_F =  0.00000  conv =  yes
=======================================================

Hylleraas MP2 Energies

=======================================================
    i    j      singlet      triplet        Total
=======================================================
    1    1  -2.18023e-02  0.00000e+00 -2.18023e-02
    2    1   0.00000e+00  0.00000e+00  0.00000e+00
    2    2  -3.16870e-02  0.00000e+00 -3.16870e-02
=======================================================
Hylleraas MP2 Energies (singlet): -5.34893e-02
Hylleraas MP2 Energies (triplet):  0.00000e+00
Hylleraas MP2 Energies (total)  : -5.34893e-02
=======================================================
-------------------------------------------
Total Reg Energy  =-5.34893e-02
Total F12 Energy  = 0.00000e+00
Sum Energies Total=-5.34893e-02
-------------------------------------------
timer:                         Solve Amplitudes     0.00s     0.00s 
pair11: density evals:
 [*]   0.00430140   0.00430140   0.02324889

pair22: density evals:
 [*]   0.00330313   0.00330313   0.07743348

timer:                            compress PNOs     0.00s     0.00s 
timer:                             MRA compress     0.00s     0.00s 
timer:                          Transform Pairs     0.48s     0.48s 
timer:                          PNO Compression     0.48s     0.48s 
Information About All Pairs:
mp2_pair11           number=0 rank=  3 frozen=false
mp2_pair21           number=1 rank=  0 frozen=true
mp2_pair22           number=2 rank=  3 frozen=false
number of pairs=3
average rank   =2 (2.00000e+00)
largest rank   =3
saving vector of functions mp2_pair11
saving vector of functions mp2_pair22
timer:                        save pnos on disc     0.14s     0.14s 
PNOPairs Memory Information
Total: 0.02584 GB 
PNO  : 0.00732 GB 
KPNO : 0.00716 GB 
W    : 0.01137 GB 

timer:                                 truncate     0.06s     0.06s 
timer:      compute densities for G application     0.00s     0.00s 
pair21 is frozen: no optimization
timer:                Prepare for G application     0.32s     0.32s 
timer:                                    add K     0.03s     0.03s 
size of all Vpsi potentials (without Vnuc and J) 0.01018 GB 
time=175.82865 chunk=6 Vpsi+Vnuc+J=0.02237 GB
time=175.89605 chunk=6 Vpsi+Vnuc+J=0.02163 GB (after truncation)
timer:                           Apply G to all     2.38s     2.38s 
timer:                       apply Q and update     0.00s     0.00s 
mp2_pair11 residual norms:
[0.00217, 0.00217, 0.00492]
mp2_pair11 scaled residual norms:
[0.00014, 0.00014, 0.00075]
mp2_pair22 residual norms:
[0.01303, 0.01303, 0.00318]
mp2_pair22 scaled residual norms:
[0.00075, 0.00075, 0.00088]
timer:                          update all PNOs     2.74s     2.74s 
frozen pair: no orthonormalization
timer:                                     RRCD     0.06s     0.06s 
timer:                             MRA compress     0.00s     0.00s 
timer:                          Transform Pairs     0.06s     0.06s 
saving vector of functions mp2_pair11
saving vector of functions mp2_pair22
timer:                        save pnos on disc     0.12s     0.12s 


CONVERGED!
energy change = 0.00003

re-entering loop to compute the correct amplitudes and energies
timer:                        Whole Iteration 6    10.99s    11.00s 
Information About All Pairs:
mp2_pair11           number=0 rank=  3 frozen=false
mp2_pair21           number=1 rank=  0 frozen=true
mp2_pair22           number=2 rank=  3 frozen=false
number of pairs=3
average rank   =2 (2.00000)
largest rank   =3
PNOPairs Memory Information
Total: 0.00748 GB 
PNO  : 0.00748 GB 
KPNO : 0.00000 GB 
W    : 0.00000 GB 

timer:                                 truncate     0.03s     0.03s 
wall time=181.38988 chunk=6 allK.size()=6 memory=0.00732 GB
timer:                             compute KPNO     3.49s     3.49s 
wall time=181.50791 chunk=6 allJ.size()=6 memory=0.00838 GB
timer:                             compute JPNO     0.12s     0.12s 
timer:                    compute Fock matrices     1.20s     1.20s 
timer:                             MRA compress     0.00s     0.00s 
timer:                          Transform Pairs     0.20s     0.20s 
timer:                             Canonicalize     0.20s     0.20s 
PNOPairs Memory Information
Total: 0.01464 GB 
PNO  : 0.00740 GB 
KPNO : 0.00724 GB 
W    : 0.00000 GB 

timer:                                 truncate     0.05s     0.05s 
mp2_pair21 is frozen: potential not computed
timer:                   Fluctuation Potentials     1.92s     1.92s 
timer:                       Fluctuation Matrix     0.16s     0.16s 
PNOPairs Memory Information
Total: 0.02601 GB 
PNO  : 0.00740 GB 
KPNO : 0.00724 GB 
W    : 0.01137 GB 

PNOPairs Memory Information
Total: 0.02601 GB 
PNO  : 0.00740 GB 
KPNO : 0.00724 GB 
W    : 0.01137 GB 

timer:                                 truncate     0.04s     0.04s 
timer:                             PNO Overlaps     0.05s     0.05s 
t_iter =  0  Hylleraas energy =  0.00000  ||R||_F =  0.23776  conv =  no
subspace solution [*]   1.00000000

t_iter =  1  Hylleraas energy =  -0.05349  ||R||_F =  0.00000  conv =  yes
=======================================================

Hylleraas MP2 Energies

=======================================================
    i    j      singlet      triplet        Total
=======================================================
    1    1  -2.18044e-02  0.00000e+00 -2.18044e-02
    2    1   0.00000e+00  0.00000e+00  0.00000e+00
    2    2  -3.16890e-02  0.00000e+00 -3.16890e-02
=======================================================
Hylleraas MP2 Energies (singlet): -5.34935e-02
Hylleraas MP2 Energies (triplet):  0.00000e+00
Hylleraas MP2 Energies (total)  : -5.34935e-02
=======================================================
-------------------------------------------
Total Reg Energy  =-5.34935e-02
Total F12 Energy  = 0.00000e+00
Sum Energies Total=-5.34935e-02
-------------------------------------------
timer:                         Solve Amplitudes     0.00s     0.00s 
pair11: density evals:
 [*]   0.00429293   0.00429293   0.02316441

pair22: density evals:
 [*]   0.00327217   0.00327217   0.07723004

timer:                            compress PNOs     0.00s     0.00s 
timer:                             MRA compress     0.00s     0.00s 
timer:                          Transform Pairs     0.23s     0.23s 
timer:                          PNO Compression     0.23s     0.23s 
Information About All Pairs:
mp2_pair11           number=0 rank=  3 frozen=false
mp2_pair21           number=1 rank=  0 frozen=true
mp2_pair22           number=2 rank=  3 frozen=false
number of pairs=3
average rank   =2 (2.00000e+00)
largest rank   =3
saving vector of functions mp2_pair11
saving vector of functions mp2_pair22
timer:                        save pnos on disc     0.14s     0.14s 
exiting: Iterations converged
PNO ranks:
PNO Rank for pair pair11 = 3
PNO Rank for pair pair21 = 0
PNO Rank for pair pair22 = 3
average rank 2.00000e+00
timer:                               PNO::solve    76.36s    76.36s 

--------------------------------
ITERATE-PAIRS-INTERNAL-ENDED
--------------------------------
mp2_pair21 converged!


Adaptive Sovler:
 Current Energy=-5.3493457000e-02
 DeltaE        =-5.3493457000e-02
 max dE (pair) =-3.1689042742e-02 (2)
 all_pairs_conv=false




not converged yet

freeze pair mp2_pair21 (not further optimized: Energy below 1.0000000000e-05)
Maximum Rank of3 reached for all non-frozen pairs, no need to iterate further=======================================================

Final MP2 Energies

=======================================================
    i    j      singlet      triplet        Total
=======================================================
    1    1  -2.18044e-02  0.00000e+00 -2.18044e-02
    2    1   0.00000e+00  0.00000e+00  0.00000e+00
    2    2  -3.16890e-02  0.00000e+00 -3.16890e-02
=======================================================
Final MP2 Energies (singlet): -5.34935e-02
Final MP2 Energies (triplet):  0.00000e+00
Final MP2 Energies (total)  : -5.34935e-02
=======================================================
-------------------------------------------
Total Reg Energy  =-5.34935e-02
Total F12 Energy  = 0.00000e+00
Sum Energies Total=-5.34935e-02
-------------------------------------------
Average | Max Rank: 2 | 3



--------------------------------------------------
MRA-PNO-MP2-F12 ended 
--------------------------------------------------
                 time scf = 1.01699e+02
               energy scf = -1.55421e+01
--------------------------------------------------
restarting PNO to reload pairs that converged before and were frozen
PNO Parameters
pno
       rank_increase  15         # default   maximum rank to increase in every macroiteration
               chunk  100        # default   chunk of functions operated on in parallel when G or K is applied (prevent memory shortage)
               debug  false      # default   debug mode
              freeze  1          # derived   frozen core approximation
             maxrank  3          # defined   maximal pno rank for all pairs
           guesstype  exop       # derived   the guesstype: exop (recommended, multiply polynomial excitation operators onto the occupied orbitals), empty (don't compute a guess), scf (use the ao basis from the SCF solver), partial_wave (create s,p,d ..., type functions and place on atoms), predefined (same as partial_wave but for predefined sets)
                exop  multipole  # derived   this string defines which excitation operators can be used, use 'dipole', 'dipole+', 'quadrupole', 'ocopole', or 'multipole', need to set guesstype to 'exop' which is the default
          exop_trigo  true       # default   use trigonometric excitation operators ( x --> sin(x)
        partial_wave             # default   atom centered partial wave guess of format like 'h-2s1p-o-3s2p1d', need to set guesstype to 'partial_wave' and adaptive_solver to 'none'
          predefined             # default   predefined partial wave guesses of type pvxz with x=d,t,q,5,6, need to set guesstype to 'predefined' and adaptive_solver to 'none'
           maxiter_t  100        # default   maximal number of iterations in the amplitude solver
       maxiter_micro  10         # default   Maximum of iterations for every cycle in the adaptive solver
       maxiter_macro  10         # default   Maximum of iterations of cycles in the adaptive solver
                tpno  1.0000e-08 # default   PNO cutoff threshold
          tpno_tight  1.0000e-10 # derived   PNO cutoff for the first iteration
    canonicalize_pno  true       # default   canonicalize the pnos before the amplitude solver
              thresh  1.0000e-04 # defined   MRA threshold
         econv_micro  1.0000e-04 # derived   Energy convergence for microiterations (Greens function based optimization) in adaptive solver
         econv_pairs  1.0000e-05 # derived   ENergy convergence for individual pairs in adaptive solver. Converged pairs are frozen automatically
         econv_macro  1.0000e-04 # derived   Energy convergence for macroiterations in adaptive solver, no effect if adaptive_solver is deactivated
               dconv  1.0000e-01 # default   convergence of every PNO in the Green's function solver
           op_thresh  1.0000e-06 # default   MRA operator thresh
             restart  all        # defined   restart pairs of this type, use 'mp2', 'cispd', 'all' or 'none'
          no_compute  none       # default   do not compute the pairs of this type, use 'mp2', 'cispd', 'all' or 'none'
              no_opt  all        # defined   do not optimize the pnos of this type, use 'mp2', 'cispd', 'all' or 'none'
            no_guess  all        # defined   guess for this type will be empty, use 'mp2', 'cispd', 'all' or 'none'
     adaptive_solver  none       # defined   Use adaptive solver for those pairs, use 'mp2', 'cispd', 'all' or 'none', works only in combination with guesstype 'exop'
                kain  true       # default   use KAIN solver in amplitude solver
       kain_subspace  5          # default   subspace size of the KAIN solver (amplitudes)
                 f12  false      # defined   use explicit correlation
        cispd_number  -1         # default   CIS(D) excitation numbers, to read in correct functions
        cispd_energy  0.0000e+00 # default   CIS energy
        freeze_pairs  none       # default   frozen pairs will not be optimized: Expected format 'a b c d' will freeze pairs ab and cd
freeze_pairs_of_orbital  []         # default    All pairs which originate from this orbital will not be optimized
active_pairs_of_orbital  []         # default    All pairs which originate from this orbital will not be frozen all other pairs will, if this vector is not empty
no_opt_in_first_iteration  false      # default   Do not optimize in the first iteration (then the potentials do not have to be evaluated, use this for large guesses)
            exchange  full       # default   approximate exchange with 'neglect' or xc functional -> same syntax as moldft
           save_pnos  true       # default   Save the OBS-PNOs to a file, before and after orthonormalization.
            diagonal  true       # defined   Compute only diagonal PNOs

end

**********************
Solve PNO-MP2
*********************


**********************
Iterate Pairs
*********************


************************
Standard Solver
***********************

Initializing Pairs:
Restart demanded for mp2 pairs
loading vector of functions mp2_pair11
Found PNOs for mp2_pair11 with rank 3
loading vector of functions mp2_pair21
failed to find PNO mp2_pair21 initialize as zero function
nloading vector of functions mp2_pair22
Found PNOs for mp2_pair22 with rank 3
no guess was explicitly demanded for mp2

timer:                                     RRCD     0.11s     0.11s 
timer:                             MRA compress     0.00s     0.00s 
timer:                          Transform Pairs     0.12s     0.12s 
timer:          apply Q and orthonormalize PNOs     0.34s     0.34s 
Created Guess:
pair11 with 3 guess functions
pair21 with 0 guess functions
pair22 with 3 guess functions
guess pair11 size: 3.6595463753e-03 | 3.6595463753e-03 Gbyte (after truncation)
guess pair22 size: 3.7413239479e-03 | 3.7413239479e-03 Gbyte (after truncation)
timer:                           truncate guess     0.03s     0.03s 
timer:                         Initialize Pairs     0.39s     0.39s 
Information About All Pairs:
mp2_pair11           number=0 rank=  3 frozen=false
mp2_pair21           number=1 rank=  0 frozen=true
mp2_pair22           number=2 rank=  3 frozen=false
number of pairs=3
average rank   =2 (2.0000000000e+00)
largest rank   =3
SolveInternal: Parameters are assigned as
no_compute        = false
no_opt            = true
restart           = true
do_cispd          = false
econv             =1.0000000000e-04
maxrank (min,max) = (3,3)
Solving MP2 doubles
timer:          fock matrix     2.84s     2.84s
Information About All Pairs:
mp2_pair11           number=0 rank=  3 frozen=false
mp2_pair21           number=1 rank=  0 frozen=true
mp2_pair22           number=2 rank=  3 frozen=false
number of pairs=3
average rank   =2 (2.0000000000e+00)
largest rank   =3
PNOPairs Memory Information
Total: 0.0074008703 GB 
PNO  : 0.0074008703 GB 
KPNO : 0.0000000000 GB 
W    : 0.0000000000 GB 

timer:                                 truncate     0.04s     0.04s 
wall time=192.3816800117 chunk=6 allK.size()=6 memory=0.0072373152 GB
timer:                             compute KPNO     3.59s     3.59s 
wall time=192.5161590576 chunk=6 allJ.size()=6 memory=0.0082186460 GB
timer:                             compute JPNO     0.13s     0.13s 
timer:                    compute Fock matrices     1.11s     1.11s 
timer:                             MRA compress     0.00s     0.00s 
timer:                          Transform Pairs     0.18s     0.18s 
timer:                             Canonicalize     0.18s     0.18s 
PNOPairs Memory Information
Total: 0.0144746304 GB 
PNO  : 0.0073190928 GB 
KPNO : 0.0071555376 GB 
W    : 0.0000000000 GB 

timer:                                 truncate     0.07s     0.07s 
mp2_pair21 is frozen: potential not computed
timer:                   Fluctuation Potentials     1.81s     1.81s 
timer:                       Fluctuation Matrix     0.19s     0.19s 
PNOPairs Memory Information
Total: 0.0258417130 GB 
PNO  : 0.0073190928 GB 
KPNO : 0.0071555376 GB 
W    : 0.0113670826 GB 

PNOPairs Memory Information
Total: 0.0258417130 GB 
PNO  : 0.0073190928 GB 
KPNO : 0.0071555376 GB 
W    : 0.0113670826 GB 

timer:                                 truncate     0.04s     0.04s 
timer:                             PNO Overlaps     0.16s     0.16s 
t_iter =  0  Hylleraas energy =  0.0000000000  ||R||_F =  0.2377630162  conv =  no
subspace solution [*]   1.00000000

t_iter =  1  Hylleraas energy =  -0.0534945845  ||R||_F =  0.0000000040  conv =  yes
=======================================================

Hylleraas MP2 Energies

=======================================================
    i    j      singlet      triplet        Total
=======================================================
    1    1  -2.18044e-02  0.00000e+00 -2.18044e-02
    2    1   0.00000e+00  0.00000e+00  0.00000e+00
    2    2  -3.16901e-02  0.00000e+00 -3.16901e-02
=======================================================
Hylleraas MP2 Energies (singlet): -5.34946e-02
Hylleraas MP2 Energies (triplet):  0.00000e+00
Hylleraas MP2 Energies (total)  : -5.34946e-02
=======================================================
-------------------------------------------
Total Reg Energy  =-5.34946e-02
Total F12 Energy  = 0.00000e+00
Sum Energies Total=-5.34946e-02
-------------------------------------------
timer:                         Solve Amplitudes     0.00s     0.00s 
No optimization untill now: Compressing pno ranks with tighter threshold
1.00000e-10 instead of 1.00000e-08
pair11: density evals:
 [*]   0.00429289   0.00429289   0.02316453

pair22: density evals:
 [*]   0.00327217   0.00327217   0.07723345

timer:                            compress PNOs     0.00s     0.00s 
timer:                             MRA compress     0.00s     0.00s 
timer:                          Transform Pairs     0.35s     0.35s 
timer:                          PNO Compression     0.35s     0.35s 
Information About All Pairs:
mp2_pair11           number=0 rank=  3 frozen=false
mp2_pair21           number=1 rank=  0 frozen=true
mp2_pair22           number=2 rank=  3 frozen=false
number of pairs=3
average rank   =2 (2.00000e+00)
largest rank   =3
saving vector of functions mp2_pair11
saving vector of functions mp2_pair22
timer:                        save pnos on disc     0.19s     0.19s 
exiting: Found no_opt keyword
PNO ranks:
PNO Rank for pair pair11 = 3
PNO Rank for pair pair21 = 0
PNO Rank for pair pair22 = 3
average rank 2.00000e+00
timer:                               PNO::solve    10.74s    10.74s 

--------------------------------
ITERATE-PAIRS-INTERNAL-ENDED
--------------------------------
=======================================================

Final MP2 Energies

=======================================================
    i    j      singlet      triplet        Total
=======================================================
    1    1  -2.18044e-02  0.00000e+00 -2.18044e-02
    2    1   0.00000e+00  0.00000e+00  0.00000e+00
    2    2  -3.16901e-02  0.00000e+00 -3.16901e-02
=======================================================
Final MP2 Energies (singlet): -5.34946e-02
Final MP2 Energies (triplet):  0.00000e+00
Final MP2 Energies (total)  : -5.34946e-02
=======================================================
-------------------------------------------
Total Reg Energy  =-5.34946e-02
Total F12 Energy  = 0.00000e+00
Sum Energies Total=-5.34946e-02
-------------------------------------------
Average | Max Rank: 2 | 3
                 time pno = 8.31025e+01
               energy mp2 = -5.34946e-02
     average pno rank mp2 = 2
         max pno rank mp2 = 3
--------------------------------------------------
            energy(total) = -1.55956e+01
--------------------------------------------------



Orthonormalization technique used: symmetric
No CABS used.
Tightening thresholds to +0.00010000 for post-processing
Overlap Matrix of all PNOs:
+1.00000961 -0.39951503 +0.00000000 +0.00000000 -0.00000000 -0.00000000 
-0.39951503 +1.00000447 +0.00000000 -0.00000000 -0.00000000 +0.00000000 
+0.00000000 +0.00000000 +0.99999996 -0.00000000 -0.04429492 +0.07489694 
+0.00000000 -0.00000000 -0.00000000 +0.99999996 -0.07489694 -0.04429492 
-0.00000000 -0.00000000 -0.04429492 -0.07489694 +1.00000000 -0.00000000 
-0.00000000 +0.00000000 +0.07489694 -0.04429492 -0.00000000 +1.00000000 
Before cherry pick
rank is +0
all used occupation numbers:
[+0.07723345 +0.02316453 +0.00429289 +0.00429289 +0.00327217 +0.00327217 ]
corresponding to active pairs:
[(1,1) (0,0) (0,0) (0,0) (1,1) (1,1) ]
After cherry pick
all used occupation numbers:
[+0.07723345 +0.02316453 +0.00429289 +0.00429289 +0.00327217 +0.00327217 ]
corresponding to active pairs:
[(1,1) (0,0) (0,0) (0,0) (1,1) (1,1) ]
Overlap Matrix before symmetric
[+0,*]  +1.00000961  -0.39951503  +0.00000000  +0.00000000  -0.00000000  -0.00000000
[+1,*]  -0.39951503  +1.00000447  +0.00000000  -0.00000000  -0.00000000  +0.00000000
[+2,*]  +0.00000000  +0.00000000  +0.99999996  -0.00000000  -0.04429492  +0.07489694
[+3,*]  +0.00000000  -0.00000000  -0.00000000  +0.99999996  -0.07489694  -0.04429492
[+4,*]  -0.00000000  -0.00000000  -0.04429492  -0.07489694  +1.00000000  -0.00000000
[+5,*]  -0.00000000  +0.00000000  +0.07489694  -0.04429492  -0.00000000  +1.00000000
Overlap Matrix after symmetric
[+0,*]  +1.00000000  -0.00000000  -0.00000000  -0.00000000  +0.00000000  +0.00000000
[+1,*]  -0.00000000  +1.00000000  -0.00000000  -0.00000000  -0.00000000  -0.00000000
[+2,*]  -0.00000000  -0.00000000  +1.00000000  +0.00000000  +0.00000000  -0.00000000
[+3,*]  -0.00000000  -0.00000000  +0.00000000  +1.00000000  +0.00000000  +0.00000000
[+4,*]  +0.00000000  -0.00000000  +0.00000000  +0.00000000  +1.00000000  +0.00000000
[+5,*]  +0.00000000  -0.00000000  -0.00000000  +0.00000000  +0.00000000  +1.00000000
Adding 3 HF orbitals
Size before adding CABS: 9.
Size after adding CABS: 9.
Compute G and F Tensor:
Assemble g,f using symmetries...
non zero elements:
 g : +11110
 h : +37
Overlap over whole basis
[+0,*]  +1.00000000  -0.00000031  +0.00000042  +0.00002283  -0.00000086  +0.00000000  -0.00000000  -0.00000000  -0.00000000
[+1,*]  -0.00000031  +1.00000000  +0.00000007  -0.00000340  +0.00000015  -0.00000000  -0.00000000  +0.00000000  +0.00000000
[+2,*]  +0.00000042  +0.00000007  +1.00000000  -0.00000320  -0.00000002  -0.00000000  -0.00000000  +0.00000000  -0.00000000
[+3,*]  +0.00002283  -0.00000340  -0.00000320  +1.00000000  -0.00000000  -0.00000000  -0.00000000  -0.00000000  -0.00000000
[+4,*]  -0.00000086  +0.00000015  -0.00000002  -0.00000000  +1.00000000  -0.00000000  -0.00000000  -0.00000000  +0.00000000
[+5,*]  +0.00000000  -0.00000000  -0.00000000  -0.00000000  -0.00000000  +1.00000000  +0.00000000  +0.00000000  -0.00000000
[+6,*]  -0.00000000  -0.00000000  -0.00000000  -0.00000000  -0.00000000  +0.00000000  +1.00000000  +0.00000000  +0.00000000
[+7,*]  -0.00000000  +0.00000000  +0.00000000  -0.00000000  -0.00000000  +0.00000000  +0.00000000  +1.00000000  +0.00000000
[+8,*]  -0.00000000  +0.00000000  -0.00000000  -0.00000000  +0.00000000  -0.00000000  +0.00000000  +0.00000000  +1.00000000

||S-1||=+0.00003299
finished at time 273.1

    Parallel environment
    --------------------
                  #nodes    1
       #threads per node    11+main = 12
          #total threads    12

  RMI message statistics (min / avg / max)
  ----------------------
   #messages in server q    0.00e+00 / 0.00e+00 / 0.00e+00
 #messages sent per node    0.00e+00 / 0.00e+00 / 0.00e+00
    #bytes sent per node    0.00e+00 / 0.00e+00 / 0.00e+00
 #messages recv per node    0.00e+00 / 0.00e+00 / 0.00e+00
    #bytes recv per node    0.00e+00 / 0.00e+00 / 0.00e+00
        #msgs systemwide    0.00e+00
       #bytes systemwide    0.00e+00

  Thread pool statistics (min / avg / max)
  ----------------------
         #tasks per node    1.73e+07 / 1.73e+07 / 1.73e+07
     #max q len per node    1.23e+04 / 1.23e+04 / 1.23e+04
  #hi-pri tasks per node    5.30e+06 / 5.30e+06 / 5.30e+06

         Total wall time    273.1s
         Total  cpu time    273.1s

