MADNESS runtime initialized with 11 threads in the pool and affinity -1 -1 -1
starting at time 0.0

--------------------------------------------
   MADNESS 0.10.1 multiresolution suite
--------------------------------------------

   number of processors ... 1
    processor frequency ... 3.695850e+09
            host system ... Linux
          configured by ... kottmann
          configured on ... wittgenstein
          configured at ... 2021-02-10T21:25:26
                    CXX ... /usr/bin/c++
               CXXFLAGS ... -O3 -DNDEBUG -I/h/28/kottmann/install/numcpp/include/ -I/h/28/kottmann/install/boost/boost_1_72_0/include/ -std=c++1z
             tuning for ... default
                    MPI ... multiple
 multi-threaded runtime ... MADNESS ThreadPool
                   BLAS ... Intel MKL 1794 1794 MFLOP/s
               compiled ... 13:08:26  on  Feb 23 2021


-------------------------------------------------------------------------------------
SOLVING MRA-PNO-F12 as described in 
J.S. Kottmann, F.A. Bischoff, E.F. Valeev
Direct determination of optimal pair-natural orbitals in a real-space representation:
the second-order Møller-Plesset energy
Journal of Chemical Physics ... 2020
-------------------------------------------------------------------------------------


This script will run PNO-MP2 and print out tensors in binary
Call as: pno_integrals inputfileinput is input
ignoring unknown parameter in input file:  ncf

Angstrom being used to read input coordinates (1 Bohr = 1.88972613 Angstrom)


Asymptotic correction parameters
---------------------------------------
Atom vector is not empty: false
Using multipole approximation: false
Number of electrons = -1
Ionisation energy = 0.000000e+00
E(HOMO) = 0.000000e+00
R1 = 3.000000e+00
R2 = 4.000000e+00
DFT coefficient = 0.000000e+00
Interpolation scheme = linear
constructed symmetry operator for point group C1
dft
              charge  0.0000e+00 # defined   total molecular charge
                  xc  hf         # defined   XC input line
               smear  0.0000e+00 # default   smearing parameter
               econv  1.0000e-04 # defined   energy convergence
               dconv  5.0000e-04 # defined   density convergence
convergence_criteria  [bsh_residual, total_energy] # default   possible values are: bsh_residual, total_energy, each_energy, density
                   k  7          # defined   polynomial order
                   l  5.3811e+01 # derived   user coordinates box size
               deriv  abgv       # default   derivative method                            [abgv, bspline, ble]
           dft_deriv  abgv       # default   derivative method for gga potentials         [abgv, bspline, ble]
             maxrotn  2.5000e-01 # default   step restriction used in autoshift algorithm
             nvalpha  0          # default   number of alpha virtuals to compute
              nvbeta  0          # default   number of beta virtuals to compute
               nopen  0          # default   number of unpaired electrons = nalpha-nbeta
             maxiter  25         # default   maximum number of iterations
                 nio  1          # default   no. of io servers to use
     spin_restricted  true       # default   true if spin restricted
              plotlo  0          # default   range of MOs to print (for both spins if polarized
              plothi  -1         # default   range of MOs to print (for both spins if polarized
            plotdens  false      # default   If true print the density at convergence
            plotcoul  false      # default   If true plot the total coulomb potential at convergence
            localize  boys       # defined   localization method                          [pm, boys, new, canon]
          pointgroup  c1         # derived   use point (sub) group symmetry if not localized[c1, c2, ci, cs, c2v, c2h, d2, d2h]
             restart  false      # default   if true restart from orbitals on disk
           restartao  false      # default   if true restart from orbitals projected into AO basis (STO3G) on disk
          no_compute  false      # default   if true use orbitals on disk, set value to computed
           no_orient  false      # default   if true the molecule coordinates will not be reoriented
                save  true       # default   if true save orbitals to disk
              maxsub  10         # default   size of iterative subspace ... set to 0 or 1 to disable
        orbitalshift  0.0000e+00 # default   scf orbital shift: shift the occ orbitals to lower energies
            npt_plot  101        # default   no. of points to use in each dim for plots
           plot_cell  []         # default   lo hi in each dimension for plotting (default is all space)
             aobasis  6-31g      # derived   AO basis used for initial guess (6-31g or sto-3g)
           core_type  none       # default   core potential type                          [none, mpc]
         derivatives  false      # default   if true calculate nuclear derivatives
              dipole  false      # default   if true calculate dipole moment
      conv_only_dens  false      # default   if true remove bsh_residual from convergence criteria (deprecated)
            psp_calc  false      # default   pseudopotential calculation for all atoms
 print_dipole_matels  false      # default   if true output dipole matrix elements
            pcm_data  none       # default   do a PCM (solvent) calculation
             ac_data  none       # default   do a calculation with asymptotic correction (see ACParameters class in chem/AC.h for details)
             pure_ae  true       # default   pure all electron calculation with no pseudo-atoms
         print_level  3          # default   0: no output; 1: final energy; 2: iterations; 3: timings; 10: debug
              nalpha  3          # derived   number of alpha spin electrons
               nbeta  3          # derived   number of beta  spin electrons
           nmo_alpha  3          # derived   number of alpha spin molecular orbitals
            nmo_beta  3          # derived   number of beta spin molecular orbitals
                  lo  9.0905e-04 # derived   smallest length scale we need to resolve
            protocol  [1.0000e-04, 1.0000e-06] # derived   calculation protocol
                gopt  false      # default   geometry optimizer
                gtol  1.0000e-04 # default   geometry tolerance
               gtest  false      # default   geometry tolerance
                gval  1.0000e-05 # default   value precision
               gprec  1.0000e-04 # default   gradient precision
            gmaxiter  20         # default   optimization maxiter
    ginitial_hessian  false      # default   compute inital hessian for optimization
              algopt  bfgs       # default   algorithm used for optimization              [bfgs, cg]
            tdksprop  false      # default   time-dependent Kohn-Sham equation propagate
           nv_factor  1          # default   factor to multiply number of virtual orbitals with when automatically decreasing nvirt
           vnucextra  2          # default   load balance parameter for nuclear pot
        loadbalparts  2          # default   ??
            response  false      # default   response function calculation
       response_freq  0.0000e+00 # default   frequency for calculation response function
       response_axis  [1, 1, 1]  # default   response axis
           nonrotate  false      # default   if true do not molcule orient (redundant with no_orient
               rconv  1.0000e-06 # default   Response convergence
              efield  0.0000e+00 # default   eps for finite field
         efield_axis  0          # default   finite field axis                            [0, 1, 2]
              nwfile  none       # default   Base name of nwchem output files (.out and .movecs extensions) to read from
                 ncf  (none,1.0000e+00) # defined   nuclear correlation factor
             hessian  false      # default   compute the hessian matrix
           read_cphf  false      # default   read the converged orbital response for nuclear displacements from file
        restart_cphf  false      # default   read the guess orbital response for nuclear displacements from file
      purify_hessian  false      # default   symmetrize the hessian matrix based on atomic charges

end
              charge  0.0000e+00 # defined   total molecular charge
                  xc  hf         # defined   XC input line
               smear  0.0000e+00 # default   smearing parameter
               econv  1.0000e-04 # defined   energy convergence
               dconv  5.0000e-04 # defined   density convergence
convergence_criteria  [bsh_residual, total_energy] # default   possible values are: bsh_residual, total_energy, each_energy, density
                   k  7          # defined   polynomial order
                   l  5.3811e+01 # derived   user coordinates box size
               deriv  abgv       # default   derivative method                            [abgv, bspline, ble]
           dft_deriv  abgv       # default   derivative method for gga potentials         [abgv, bspline, ble]
             maxrotn  2.5000e-01 # default   step restriction used in autoshift algorithm
             nvalpha  0          # default   number of alpha virtuals to compute
              nvbeta  0          # default   number of beta virtuals to compute
               nopen  0          # default   number of unpaired electrons = nalpha-nbeta
             maxiter  25         # default   maximum number of iterations
                 nio  1          # default   no. of io servers to use
     spin_restricted  true       # default   true if spin restricted
              plotlo  0          # default   range of MOs to print (for both spins if polarized
              plothi  -1         # default   range of MOs to print (for both spins if polarized
            plotdens  false      # default   If true print the density at convergence
            plotcoul  false      # default   If true plot the total coulomb potential at convergence
            localize  boys       # defined   localization method                          [pm, boys, new, canon]
          pointgroup  c1         # derived   use point (sub) group symmetry if not localized[c1, c2, ci, cs, c2v, c2h, d2, d2h]
             restart  false      # default   if true restart from orbitals on disk
           restartao  false      # default   if true restart from orbitals projected into AO basis (STO3G) on disk
          no_compute  false      # default   if true use orbitals on disk, set value to computed
           no_orient  false      # default   if true the molecule coordinates will not be reoriented
                save  true       # default   if true save orbitals to disk
              maxsub  10         # default   size of iterative subspace ... set to 0 or 1 to disable
        orbitalshift  0.0000e+00 # default   scf orbital shift: shift the occ orbitals to lower energies
            npt_plot  101        # default   no. of points to use in each dim for plots
           plot_cell  []         # default   lo hi in each dimension for plotting (default is all space)
             aobasis  6-31g      # derived   AO basis used for initial guess (6-31g or sto-3g)
           core_type  none       # default   core potential type                          [none, mpc]
         derivatives  false      # default   if true calculate nuclear derivatives
              dipole  false      # default   if true calculate dipole moment
      conv_only_dens  false      # default   if true remove bsh_residual from convergence criteria (deprecated)
            psp_calc  false      # default   pseudopotential calculation for all atoms
 print_dipole_matels  false      # default   if true output dipole matrix elements
            pcm_data  none       # default   do a PCM (solvent) calculation
             ac_data  none       # default   do a calculation with asymptotic correction (see ACParameters class in chem/AC.h for details)
             pure_ae  true       # default   pure all electron calculation with no pseudo-atoms
         print_level  3          # default   0: no output; 1: final energy; 2: iterations; 3: timings; 10: debug
              nalpha  3          # derived   number of alpha spin electrons
               nbeta  3          # derived   number of beta  spin electrons
           nmo_alpha  3          # derived   number of alpha spin molecular orbitals
            nmo_beta  3          # derived   number of beta spin molecular orbitals
                  lo  9.0905e-04 # derived   smallest length scale we need to resolve
            protocol  [1.0000e-04, 1.0000e-06] # derived   calculation protocol
                gopt  false      # default   geometry optimizer
                gtol  1.0000e-04 # default   geometry tolerance
               gtest  false      # default   geometry tolerance
                gval  1.0000e-05 # default   value precision
               gprec  1.0000e-04 # default   gradient precision
            gmaxiter  20         # default   optimization maxiter
    ginitial_hessian  false      # default   compute inital hessian for optimization
              algopt  bfgs       # default   algorithm used for optimization              [bfgs, cg]
            tdksprop  false      # default   time-dependent Kohn-Sham equation propagate
           nv_factor  1          # default   factor to multiply number of virtual orbitals with when automatically decreasing nvirt
           vnucextra  2          # default   load balance parameter for nuclear pot
        loadbalparts  2          # default   ??
            response  false      # default   response function calculation
       response_freq  0.0000e+00 # default   frequency for calculation response function
       response_axis  [1, 1, 1]  # default   response axis
           nonrotate  false      # default   if true do not molcule orient (redundant with no_orient
               rconv  1.0000e-06 # default   Response convergence
              efield  0.0000e+00 # default   eps for finite field
         efield_axis  0          # default   finite field axis                            [0, 1, 2]
              nwfile  none       # default   Base name of nwchem output files (.out and .movecs extensions) to read from



 geometry
   eprec 1.0e-06
   units atomic
   Be            0.00000000           0.00000000           0.34644979
   H             0.00000000           0.00000000           2.42514854
   H             0.00000000           0.00000000          -3.81094770
 end

Solving NDIM= 3  with thresh 1.000000e-04     k 7    conv 5.000000e-04 

timer:     Project vnuclear     0.65s     0.65s
constructed nuclear correlation factor of the form
    R   =  1.000000e+00
with eprec  1.000000e-06
which means it's (nearly) a conventional calculation

timer:        reproject ncf     1.78s     1.78s
timer:        guess density     0.54s     0.54s
timer:   guess Coulomb potn     0.50s     0.50s
timer:       guess lda potn     0.24s     0.24s
timer:        guess overlap     0.04s     0.04s
timer:    KEmat reconstruct     0.07s     0.07s
timer:  KEmat differentiate     0.28s     0.28s
timer:       KEmat compress     0.12s     0.12s
timer: KEmat inner products     0.17s     0.17s
timer:     guess Kinet potn     0.64s     0.64s
timer:           guess fock     0.56s     0.56s
timer:      guess eigen sol     0.02s     0.02s
timer: guess orbital groupi     0.13s     0.13s

starting protocol at time      7.6s 
precision steps  1.000000e-04  -->  1.000000e-04
protocol: thresh 1.000000e-04 econv  1.000000e-04 dconv 5.000000e-04

ending protocol at time      7.6s 

Solving NDIM= 3  with thresh 1.000000e-04     k 7    conv 5.000000e-04 

timer:        Boys localize     1.00s     1.00s
orbital irreps []
timer:      reconstruct psi     0.19s     0.19s
timer:        compute Jnemo     0.59s     0.59s
timer:        compute Knemo     2.17s     2.17s
timer: compute Unemo 0.0159     0.25s     0.25s

  nuclear and kinetic     -26.13786869
         kinetic only      15.78737587
              coulomb      10.87396965
             exchange      -3.41859391
    nuclear-repulsion       3.04677787
   regularized energy     -15.63571509
  buggy if hybrid functionals are used..
timer:       compute energy     3.59s     3.59s
Norm of vector changes ab spin case : rms 5.276907e-02    max 7.378494e-02
convergence: bshresidual, energy change, max energy change, density change 5.8e-02 1.6e+01 1.6e+01 1.5e+00
finished iteration  0 at time     20.3s with energy  -15.63571509
timer:        Boys localize     1.07s     1.07s
orbital irreps []
timer:      reconstruct psi     0.19s     0.19s
timer:        compute Jnemo     0.66s     0.66s
timer:        compute Knemo     2.24s     2.24s
timer: compute Unemo 0.0155     0.21s     0.21s

  nuclear and kinetic     -26.13080299
         kinetic only      15.68123124
              coulomb      10.80533088
             exchange      -3.38567240
    nuclear-repulsion       3.04677787
   regularized energy     -15.66436664
  buggy if hybrid functionals are used..
timer:       compute energy     3.61s     3.61s
Norm of vector changes ab spin case : rms 2.080975e-02    max 2.951920e-02
convergence: bshresidual, energy change, max energy change, density change 1.6e-02 2.9e-02 1.1e-01 9.6e-03
finished iteration  1 at time     33.3s with energy  -15.66436664
timer:        Boys localize     1.03s     1.03s
orbital irreps []
timer:      reconstruct psi     0.17s     0.17s
timer:        compute Jnemo     0.60s     0.60s
timer:        compute Knemo     2.04s     2.04s
timer: compute Unemo 0.0155     0.19s     0.19s

  nuclear and kinetic     -26.13412510
         kinetic only      15.65473058
              coulomb      10.79418485
             exchange      -3.37418097
    nuclear-repulsion       3.04677787
   regularized energy     -15.66734335
  buggy if hybrid functionals are used..
timer:       compute energy     3.64s     3.64s
Norm of vector changes ab spin case : rms 3.306993e-03    max 4.599535e-03
convergence: bshresidual, energy change, max energy change, density change 2.2e-03 3.0e-03 2.7e-02 1.9e-03
finished iteration  2 at time     46.4s with energy  -15.66734335
timer:        Boys localize     0.93s     0.93s
orbital irreps []
timer:      reconstruct psi     0.14s     0.14s
timer:        compute Jnemo     0.61s     0.61s
timer:        compute Knemo     2.09s     2.09s
timer: compute Unemo 0.0155     0.18s     0.18s

  nuclear and kinetic     -26.14087720
         kinetic only      15.65307883
              coulomb      10.79926023
             exchange      -3.37262117
    nuclear-repulsion       3.04677787
   regularized energy     -15.66746028
  buggy if hybrid functionals are used..
timer:       compute energy     3.58s     3.58s
Norm of vector changes ab spin case : rms 1.191844e-03    max 1.612151e-03
convergence: bshresidual, energy change, max energy change, density change 7.1e-04 1.2e-04 6.8e-03 4.9e-04
finished iteration  3 at time     59.5s with energy  -15.66746028
timer:        Boys localize     0.87s     0.87s
orbital irreps []
timer:      reconstruct psi     0.19s     0.19s
timer:        compute Jnemo     0.64s     0.64s
timer:        compute Knemo     2.19s     2.19s
timer: compute Unemo 0.0155     0.19s     0.19s

  nuclear and kinetic     -26.14463129
         kinetic only      15.65355853
              coulomb      10.80282639
             exchange      -3.37244427
    nuclear-repulsion       3.04677787
   regularized energy     -15.66747130
  buggy if hybrid functionals are used..
timer:       compute energy     3.59s     3.59s
Norm of vector changes ab spin case : rms 4.545215e-04    max 5.851628e-04
convergence: bshresidual, energy change, max energy change, density change 2.9e-04 1.1e-05 3.8e-03 1.3e-04
finished iteration  4 at time     72.8s with energy  -15.66747130

Iterations converged


ending protocol at time     72.8s 

 Dipole Moment (a.u.)
 -----------

     x:  -7.772147e-14
     y:  -2.984824e-14
     z:  8.734841e-01
 Total Dipole Moment:  8.734841e-01 

timer:               dipole     0.06s     0.06s
Nemo Orbital Energies: [*]  -4.73399739  -0.55303268  -0.35490345

nemo energy:  -1.566747e+01
 at time 73.3
PNO Integrals evaluated as:
pnoint
       rank_increase  15         # default   maximum rank to increase in every macroiteration
               chunk  100        # default   chunk of functions operated on in parallel when G or K is applied (prevent memory shortage)
               debug  false      # default   debug mode
              freeze  1          # derived   frozen core approximation
             maxrank  3          # defined   maximal pno rank for all pairs
           guesstype  exop       # derived   the guesstype: exop (recommended, multiply polynomial excitation operators onto the occupied orbitals), empty (don't compute a guess), scf (use the ao basis from the SCF solver), partial_wave (create s,p,d ..., type functions and place on atoms), predefined (same as partial_wave but for predefined sets)
                exop  multipole  # derived   this string defines which excitation operators can be used, use 'dipole', 'dipole+', 'quadrupole', 'ocopole', or 'multipole', need to set guesstype to 'exop' which is the default
          exop_trigo  true       # default   use trigonometric excitation operators ( x --> sin(x)
        partial_wave             # default   atom centered partial wave guess of format like 'h-2s1p-o-3s2p1d', need to set guesstype to 'partial_wave' and adaptive_solver to 'none'
          predefined             # default   predefined partial wave guesses of type pvxz with x=d,t,q,5,6, need to set guesstype to 'predefined' and adaptive_solver to 'none'
           maxiter_t  100        # default   maximal number of iterations in the amplitude solver
       maxiter_micro  10         # default   Maximum of iterations for every cycle in the adaptive solver
       maxiter_macro  10         # default   Maximum of iterations of cycles in the adaptive solver
                tpno  1.0000e-08 # default   PNO cutoff threshold
          tpno_tight  1.0000e-10 # derived   PNO cutoff for the first iteration
    canonicalize_pno  true       # default   canonicalize the pnos before the amplitude solver
              thresh  1.0000e-04 # defined   MRA threshold
         econv_micro  1.0000e-04 # derived   Energy convergence for microiterations (Greens function based optimization) in adaptive solver
         econv_pairs  1.0000e-05 # derived   ENergy convergence for individual pairs in adaptive solver. Converged pairs are frozen automatically
         econv_macro  1.0000e-04 # derived   Energy convergence for macroiterations in adaptive solver, no effect if adaptive_solver is deactivated
               dconv  1.0000e-01 # default   convergence of every PNO in the Green's function solver
           op_thresh  1.0000e-06 # default   MRA operator thresh
             restart  none       # derived   restart pairs of this type, use 'mp2', 'cispd', 'all' or 'none'
          no_compute  none       # default   do not compute the pairs of this type, use 'mp2', 'cispd', 'all' or 'none'
              no_opt  none       # default   do not optimize the pnos of this type, use 'mp2', 'cispd', 'all' or 'none'
            no_guess  none       # derived   guess for this type will be empty, use 'mp2', 'cispd', 'all' or 'none'
     adaptive_solver  all        # default   Use adaptive solver for those pairs, use 'mp2', 'cispd', 'all' or 'none', works only in combination with guesstype 'exop'
                kain  true       # default   use KAIN solver in amplitude solver
       kain_subspace  5          # default   subspace size of the KAIN solver (amplitudes)
                 f12  false      # defined   use explicit correlation
        cispd_number  -1         # default   CIS(D) excitation numbers, to read in correct functions
        cispd_energy  0.0000e+00 # default   CIS energy
        freeze_pairs  none       # default   frozen pairs will not be optimized: Expected format 'a b c d' will freeze pairs ab and cd
freeze_pairs_of_orbital  []         # default    All pairs which originate from this orbital will not be optimized
active_pairs_of_orbital  []         # default    All pairs which originate from this orbital will not be frozen all other pairs will, if this vector is not empty
no_opt_in_first_iteration  false      # default   Do not optimize in the first iteration (then the potentials do not have to be evaluated, use this for large guesses)
            exchange  full       # default   approximate exchange with 'neglect' or xc functional -> same syntax as moldft
           save_pnos  true       # default   Save the OBS-PNOs to a file, before and after orthonormalization.
            diagonal  true       # defined   Compute only diagonal PNOs
              orthog  symmetric  # defined   orthogonalization method for PNO basis, also current default for a potential CABS. options: symmetric, canonical, cholesky, rr_cholesky,
         orthog_cabs  default    # default   orthogonalization method for CABS basis. options: symmetric, canonical, cholesky, rr_cholesky, uses same as orbitals basis if default.
               n_pno  6          # defined   desired size of PNO-basis (orbital space)
         cabs_option  none       # default   type of complementary auxiliary basis to be used. can be none ~ no CABS, gbs ~ Gaussian basis set as CABS, requires input via auxbas_file, pno ~ use superfluous PNOs as CABS, mixed ~ gbs&pno-option
       pno_cabs_size  -1         # default   size of a potential pno-cabs. defaults to -1 ~ all remaining PNOs, if pno-cabs or mixed-cabs
           only_diag  false      # default   use only diagonal elements PNOs
         cherry_pick  []         # default   cherry pick option to choose particular set of PNOs, not just blindly by occupation number. can be useful, if only a restricted number of PNOs can be used, to avoid separating degenerate pairs. can be envoked by passing a vector via [ elem1, elem2, ... ]
               gamma  1.4000e+00 # default   The f12 length scale, here to be used to compute f12-integrals
         cabs_thresh  1.0000e-04 # derived    thresh for cabs part
              auxbas  none       # default   atom centered partial wave guess of format like 'h-2s1p-o-3s2p1d'
         auxbas_file  none       # default   Use external comp. aux. basis in addition to the pnos as auxbasis. Give the filename as parameter. Give the auxbas in turbomole format. Don't use contractions. If a file is specified the auxbas parameter has no effect
   print_pno_overlap  true       # default   Print overlap matrix at certain steps in computation, for debugging purposes.
              n_virt  0          # defined   Compute this number of virtuals and include them in the integral construction, experimental and not robust!.
      hardcore_boson  false      # default   compute only integrals for hardcore boson hamiltonian (restricted to double occupations)

end
F12 Operators initialized right
timer:                    Testing F12 Operators     0.71s     0.71s 
timer:  Initializing (active) Exchange Orbitals     1.81s     1.81s 
Size of active mos and their exchange potentials:
K(acmos)=2.821326e-03 Gbyte
acmos   =2.473772e-03 Gbyte
PNO Parameters
pno
       rank_increase  15         # default   maximum rank to increase in every macroiteration
               chunk  100        # default   chunk of functions operated on in parallel when G or K is applied (prevent memory shortage)
               debug  false      # default   debug mode
              freeze  1          # derived   frozen core approximation
             maxrank  3          # defined   maximal pno rank for all pairs
           guesstype  exop       # derived   the guesstype: exop (recommended, multiply polynomial excitation operators onto the occupied orbitals), empty (don't compute a guess), scf (use the ao basis from the SCF solver), partial_wave (create s,p,d ..., type functions and place on atoms), predefined (same as partial_wave but for predefined sets)
                exop  multipole  # derived   this string defines which excitation operators can be used, use 'dipole', 'dipole+', 'quadrupole', 'ocopole', or 'multipole', need to set guesstype to 'exop' which is the default
          exop_trigo  true       # default   use trigonometric excitation operators ( x --> sin(x)
        partial_wave             # default   atom centered partial wave guess of format like 'h-2s1p-o-3s2p1d', need to set guesstype to 'partial_wave' and adaptive_solver to 'none'
          predefined             # default   predefined partial wave guesses of type pvxz with x=d,t,q,5,6, need to set guesstype to 'predefined' and adaptive_solver to 'none'
           maxiter_t  100        # default   maximal number of iterations in the amplitude solver
       maxiter_micro  10         # default   Maximum of iterations for every cycle in the adaptive solver
       maxiter_macro  10         # default   Maximum of iterations of cycles in the adaptive solver
                tpno  1.0000e-08 # default   PNO cutoff threshold
          tpno_tight  1.0000e-10 # derived   PNO cutoff for the first iteration
    canonicalize_pno  true       # default   canonicalize the pnos before the amplitude solver
              thresh  1.0000e-04 # defined   MRA threshold
         econv_micro  1.0000e-04 # derived   Energy convergence for microiterations (Greens function based optimization) in adaptive solver
         econv_pairs  1.0000e-05 # derived   ENergy convergence for individual pairs in adaptive solver. Converged pairs are frozen automatically
         econv_macro  1.0000e-04 # derived   Energy convergence for macroiterations in adaptive solver, no effect if adaptive_solver is deactivated
               dconv  1.0000e-01 # default   convergence of every PNO in the Green's function solver
           op_thresh  1.0000e-06 # default   MRA operator thresh
             restart  none       # derived   restart pairs of this type, use 'mp2', 'cispd', 'all' or 'none'
          no_compute  none       # default   do not compute the pairs of this type, use 'mp2', 'cispd', 'all' or 'none'
              no_opt  none       # default   do not optimize the pnos of this type, use 'mp2', 'cispd', 'all' or 'none'
            no_guess  none       # derived   guess for this type will be empty, use 'mp2', 'cispd', 'all' or 'none'
     adaptive_solver  all        # default   Use adaptive solver for those pairs, use 'mp2', 'cispd', 'all' or 'none', works only in combination with guesstype 'exop'
                kain  true       # default   use KAIN solver in amplitude solver
       kain_subspace  5          # default   subspace size of the KAIN solver (amplitudes)
                 f12  false      # defined   use explicit correlation
        cispd_number  -1         # default   CIS(D) excitation numbers, to read in correct functions
        cispd_energy  0.0000e+00 # default   CIS energy
        freeze_pairs  none       # default   frozen pairs will not be optimized: Expected format 'a b c d' will freeze pairs ab and cd
freeze_pairs_of_orbital  []         # default    All pairs which originate from this orbital will not be optimized
active_pairs_of_orbital  []         # default    All pairs which originate from this orbital will not be frozen all other pairs will, if this vector is not empty
no_opt_in_first_iteration  false      # default   Do not optimize in the first iteration (then the potentials do not have to be evaluated, use this for large guesses)
            exchange  full       # default   approximate exchange with 'neglect' or xc functional -> same syntax as moldft
           save_pnos  true       # default   Save the OBS-PNOs to a file, before and after orthonormalization.
            diagonal  true       # defined   Compute only diagonal PNOs

end

**********************
Solve PNO-MP2
*********************


**********************
Iterate Pairs
*********************


************************
Adaptive Solver
***********************

Initializing empty Pairs:
no guess was explicitly demanded for mp2

timer:                                     RRCD     0.00s     0.00s 
timer:                             MRA compress     0.00s     0.00s 
timer:                          Transform Pairs     0.00s     0.00s 
timer:          apply Q and orthonormalize PNOs     0.00s     0.00s 
Created Guess:
pair11 with 0 guess functions
pair21 with 0 guess functions
pair22 with 0 guess functions
guess pair11 size: 0.0000000000e+00 | 0.0000000000e+00 Gbyte (after truncation)
guess pair22 size: 0.0000000000e+00 | 0.0000000000e+00 Gbyte (after truncation)
timer:                           truncate guess     0.00s     0.00s 
timer:                         Initialize Pairs     0.00s     0.00s 
Keyword multipole is not known
Guess protocol for adaptively growing ranks is: [dipole+, quadrupole, big_fock_3, big_fock_3, big_fock_3, big_fock_3, big_fock_3, big_fock_3, big_fock_3, big_fock_3]


--------Adaptive Solver Macroiteration 0 from max 10 ----------

Growing ranks with exop=dipole+
Create guess functions by multiplying plane-waves to 1 functions 
Created 4 virtuals for pair11
pair21 is frozen: no growing
Create guess functions by multiplying plane-waves to 1 functions 
Created 4 virtuals for pair22
frozen pair: no orthonormalization
timer:                                     RRCD     0.08s     0.08s 
timer:                             MRA compress     0.00s     0.00s 
timer:                          Transform Pairs     0.06s     0.06s 
timer:                        grow PNO subspace     1.73s     1.73s 
SolveInternal: Parameters are assigned as
no_compute        = false
no_opt            = false
restart           = false
do_cispd          = false
econv             =1.0000000000e-04
maxrank (min,max) = (3,3)
Solving MP2 doubles
timer:          fock matrix     2.86s     2.86s
Information About All Pairs:
mp2_pair11           number=0 rank=  4 frozen=false
mp2_pair21           number=1 rank=  0 frozen=true
mp2_pair22           number=2 rank=  4 frozen=false
number of pairs=3
average rank   =2 (2.6666666667e+00)
largest rank   =4
PNOPairs Memory Information
Total: 0.0093226433 GB 
PNO  : 0.0093226433 GB 
KPNO : 0.0000000000 GB 
W    : 0.0000000000 GB 

timer:                                 truncate     0.06s     0.06s 
wall time=86.7217328548 chunk=8 allK.size()=8 memory=0.0094044209 GB
timer:                             compute KPNO     4.26s     4.26s 
wall time=86.9195029736 chunk=8 allJ.size()=8 memory=0.0104675293 GB
timer:                             compute JPNO     0.20s     0.20s 
timer:                    compute Fock matrices     1.42s     1.42s 
timer:                             MRA compress     0.00s     0.00s 
timer:                          Transform Pairs     0.25s     0.25s 
timer:                             Canonicalize     0.25s     0.25s 
PNOPairs Memory Information
Total: 0.0182363987 GB 
PNO  : 0.0091590881 GB 
KPNO : 0.0090773106 GB 
W    : 0.0000000000 GB 

timer:                                 truncate     0.05s     0.05s 
mp2_pair21 is frozen: potential not computed
timer:                   Fluctuation Potentials     2.00s     2.00s 
timer:                       Fluctuation Matrix     0.16s     0.16s 
PNOPairs Memory Information
Total: 0.0324656963 GB 
PNO  : 0.0091590881 GB 
KPNO : 0.0090773106 GB 
W    : 0.0142292976 GB 

PNOPairs Memory Information
Total: 0.0324656963 GB 
PNO  : 0.0091590881 GB 
KPNO : 0.0090773106 GB 
W    : 0.0142292976 GB 

timer:                                 truncate     0.04s     0.04s 
timer:                             PNO Overlaps     0.10s     0.10s 
t_iter =  0  Hylleraas energy =  0.0000000000  ||R||_F =  0.1919455621  conv =  no
subspace solution [*]   1.00000000

t_iter =  1  Hylleraas energy =  -0.0274986622  ||R||_F =  0.0000000311  conv =  yes
=======================================================

Hylleraas MP2 Energies

=======================================================
    i    j      singlet      triplet        Total
=======================================================
    1    1  -1.30311e-02  0.00000e+00 -1.30311e-02
    2    1   0.00000e+00  0.00000e+00  0.00000e+00
    2    2  -1.44676e-02  0.00000e+00 -1.44676e-02
=======================================================
Hylleraas MP2 Energies (singlet): -2.74987e-02
Hylleraas MP2 Energies (triplet):  0.00000e+00
Hylleraas MP2 Energies (total)  : -2.74987e-02
=======================================================
-------------------------------------------
Total Reg Energy  =-2.74987e-02
Total F12 Energy  = 0.00000e+00
Sum Energies Total=-2.74987e-02
-------------------------------------------
timer:                         Solve Amplitudes     0.00s     0.00s 
No optimization untill now: Compressing pno ranks with tighter threshold
1.00000e-10 instead of 1.00000e-08
pair11: density evals:
 [*]   0.00314669   0.00393743   0.00415424   0.00415424

pair11: # of PNOs reduced from  4  to  3  maxrank= 3
pair22: density evals:
 [*]   0.00330112   0.00391469   0.00391469   0.01770235

pair22: # of PNOs reduced from  4  to  3  maxrank= 3
timer:                            compress PNOs     0.00s     0.00s 
timer:                             MRA compress     0.00s     0.00s 
timer:                          Transform Pairs     0.40s     0.40s 
timer:                          PNO Compression     0.40s     0.40s 
Information About All Pairs:
mp2_pair11           number=0 rank=  3 frozen=false
mp2_pair21           number=1 rank=  0 frozen=true
mp2_pair22           number=2 rank=  3 frozen=false
number of pairs=3
average rank   =2 (2.00000e+00)
largest rank   =3
saving vector of functions mp2_pair11
saving vector of functions mp2_pair22
timer:                        save pnos on disc     0.14s     0.14s 
PNOPairs Memory Information
Total: 0.02265 GB 
PNO  : 0.00650 GB 
KPNO : 0.00626 GB 
W    : 0.00990 GB 

timer:                                 truncate     0.05s     0.05s 
timer:      compute densities for G application     0.00s     0.00s 
pair21 is frozen: no optimization
timer:                Prepare for G application     0.29s     0.29s 
timer:                                    add K     0.00s     0.00s 
size of all Vpsi potentials (without Vnuc and J) 0.00789 GB 
time=92.46489 chunk=6 Vpsi+Vnuc+J=0.02040 GB
time=92.51199 chunk=6 Vpsi+Vnuc+J=0.02040 GB (after truncation)
timer:                           Apply G to all     2.31s     2.31s 
timer:                       apply Q and update     0.00s     0.00s 
mp2_pair11 residual norms:
[0.48684, 0.36822, 0.36822]
mp2_pair11 scaled residual norms:
[0.03055, 0.02373, 0.02373]
mp2_pair22 residual norms:
[0.37105, 0.37105, 0.37837]
mp2_pair22 scaled residual norms:
[0.02322, 0.02322, 0.05034]
timer:                          update all PNOs     2.60s     2.60s 
frozen pair: no orthonormalization
timer:                                     RRCD     0.05s     0.05s 
timer:                             MRA compress     0.00s     0.00s 
timer:                          Transform Pairs     0.07s     0.07s 
saving vector of functions mp2_pair11
saving vector of functions mp2_pair22
timer:                        save pnos on disc     0.13s     0.13s 


No convergence yet. Energy change = 0.02750

timer:                        Whole Iteration 1    12.04s    12.04s 
Information About All Pairs:
mp2_pair11           number=0 rank=  3 frozen=false
mp2_pair21           number=1 rank=  0 frozen=true
mp2_pair22           number=2 rank=  3 frozen=false
number of pairs=3
average rank   =2 (2.00000)
largest rank   =3
PNOPairs Memory Information
Total: 0.00707 GB 
PNO  : 0.00707 GB 
KPNO : 0.00000 GB 
W    : 0.00000 GB 

timer:                                 truncate     0.03s     0.03s 
wall time=97.81348 chunk=6 allK.size()=6 memory=0.00666 GB
timer:                             compute KPNO     3.34s     3.34s 
wall time=97.93506 chunk=6 allJ.size()=6 memory=0.00765 GB
timer:                             compute JPNO     0.12s     0.12s 
timer:                    compute Fock matrices     1.16s     1.16s 
timer:                             MRA compress     0.00s     0.00s 
timer:                          Transform Pairs     0.13s     0.13s 
timer:                             Canonicalize     0.13s     0.13s 
PNOPairs Memory Information
Total: 0.01349 GB 
PNO  : 0.00699 GB 
KPNO : 0.00650 GB 
W    : 0.00000 GB 

timer:                                 truncate     0.05s     0.05s 
mp2_pair21 is frozen: potential not computed
timer:                   Fluctuation Potentials     1.73s     1.73s 
timer:                       Fluctuation Matrix     0.20s     0.20s 
PNOPairs Memory Information
Total: 0.02437 GB 
PNO  : 0.00699 GB 
KPNO : 0.00650 GB 
W    : 0.01088 GB 

PNOPairs Memory Information
Total: 0.02437 GB 
PNO  : 0.00699 GB 
KPNO : 0.00650 GB 
W    : 0.01088 GB 

timer:                                 truncate     0.03s     0.03s 
timer:                             PNO Overlaps     0.09s     0.09s 
t_iter =  0  Hylleraas energy =  0.00000  ||R||_F =  0.25390  conv =  no
subspace solution [*]   1.00000000

t_iter =  1  Hylleraas energy =  -0.03903  ||R||_F =  0.00000  conv =  yes
=======================================================

Hylleraas MP2 Energies

=======================================================
    i    j      singlet      triplet        Total
=======================================================
    1    1  -1.79500e-02  0.00000e+00 -1.79500e-02
    2    1   0.00000e+00  0.00000e+00  0.00000e+00
    2    2  -2.10750e-02  0.00000e+00 -2.10750e-02
=======================================================
Hylleraas MP2 Energies (singlet): -3.90250e-02
Hylleraas MP2 Energies (triplet):  0.00000e+00
Hylleraas MP2 Energies (total)  : -3.90250e-02
=======================================================
-------------------------------------------
Total Reg Energy  =-3.90250e-02
Total F12 Energy  = 0.00000e+00
Sum Energies Total=-3.90250e-02
-------------------------------------------
timer:                         Solve Amplitudes     0.00s     0.00s 
pair11: density evals:
 [*]   0.00508884   0.00508884   0.00624010

pair22: density evals:
 [*]   0.00456407   0.00456407   0.02696510

timer:                            compress PNOs     0.00s     0.00s 
timer:                             MRA compress     0.00s     0.00s 
timer:                          Transform Pairs     0.38s     0.38s 
timer:                          PNO Compression     0.38s     0.38s 
Information About All Pairs:
mp2_pair11           number=0 rank=  3 frozen=false
mp2_pair21           number=1 rank=  0 frozen=true
mp2_pair22           number=2 rank=  3 frozen=false
number of pairs=3
average rank   =2 (2.00000e+00)
largest rank   =3
saving vector of functions mp2_pair11
saving vector of functions mp2_pair22
timer:                        save pnos on disc     0.14s     0.14s 
PNOPairs Memory Information
Total: 0.02437 GB 
PNO  : 0.00699 GB 
KPNO : 0.00650 GB 
W    : 0.01088 GB 

timer:                                 truncate     0.08s     0.08s 
timer:      compute densities for G application     0.00s     0.00s 
pair21 is frozen: no optimization
timer:                Prepare for G application     0.28s     0.28s 
timer:                                    add K     0.03s     0.03s 
size of all Vpsi potentials (without Vnuc and J) 0.00895 GB 
time=102.84081 chunk=6 Vpsi+Vnuc+J=0.02040 GB
time=102.89089 chunk=6 Vpsi+Vnuc+J=0.01950 GB (after truncation)
timer:                           Apply G to all     2.27s     2.27s 
timer:                       apply Q and update     0.00s     0.00s 
mp2_pair11 residual norms:
[0.10123, 0.10123, 0.12924]
mp2_pair11 scaled residual norms:
[0.00722, 0.00722, 0.01021]
mp2_pair22 residual norms:
[0.09330, 0.09330, 0.09565]
mp2_pair22 scaled residual norms:
[0.00630, 0.00630, 0.01571]
timer:                          update all PNOs     2.59s     2.59s 
frozen pair: no orthonormalization
timer:                                     RRCD     0.09s     0.09s 
timer:                             MRA compress     0.00s     0.00s 
timer:                          Transform Pairs     0.11s     0.11s 
saving vector of functions mp2_pair11
saving vector of functions mp2_pair22
timer:                        save pnos on disc     0.12s     0.12s 


No convergence yet. Energy change = 0.01153

timer:                        Whole Iteration 2    10.41s    10.41s 
Information About All Pairs:
mp2_pair11           number=0 rank=  3 frozen=false
mp2_pair21           number=1 rank=  0 frozen=true
mp2_pair22           number=2 rank=  3 frozen=false
number of pairs=3
average rank   =2 (2.00000)
largest rank   =3
PNOPairs Memory Information
Total: 0.00675 GB 
PNO  : 0.00675 GB 
KPNO : 0.00000 GB 
W    : 0.00000 GB 

timer:                                 truncate     0.06s     0.06s 
wall time=108.34565 chunk=6 allK.size()=6 memory=0.00691 GB
timer:                             compute KPNO     3.44s     3.44s 
wall time=108.43535 chunk=6 allJ.size()=6 memory=0.00773 GB
timer:                             compute JPNO     0.09s     0.09s 
timer:                    compute Fock matrices     1.16s     1.16s 
timer:                             MRA compress     0.00s     0.00s 
timer:                          Transform Pairs     0.17s     0.17s 
timer:                             Canonicalize     0.17s     0.17s 
PNOPairs Memory Information
Total: 0.01349 GB 
PNO  : 0.00675 GB 
KPNO : 0.00675 GB 
W    : 0.00000 GB 

timer:                                 truncate     0.02s     0.02s 
mp2_pair21 is frozen: potential not computed
timer:                   Fluctuation Potentials     1.90s     1.90s 
timer:                       Fluctuation Matrix     0.17s     0.17s 
PNOPairs Memory Information
Total: 0.02437 GB 
PNO  : 0.00675 GB 
KPNO : 0.00675 GB 
W    : 0.01088 GB 

PNOPairs Memory Information
Total: 0.02437 GB 
PNO  : 0.00675 GB 
KPNO : 0.00675 GB 
W    : 0.01088 GB 

timer:                                 truncate     0.05s     0.05s 
timer:                             PNO Overlaps     0.07s     0.07s 
t_iter =  0  Hylleraas energy =  0.00000  ||R||_F =  0.27287  conv =  no
subspace solution [*]   1.00000000

t_iter =  1  Hylleraas energy =  -0.04095  ||R||_F =  0.00000  conv =  yes
=======================================================

Hylleraas MP2 Energies

=======================================================
    i    j      singlet      triplet        Total
=======================================================
    1    1  -1.89158e-02  0.00000e+00 -1.89158e-02
    2    1   0.00000e+00  0.00000e+00  0.00000e+00
    2    2  -2.20302e-02  0.00000e+00 -2.20302e-02
=======================================================
Hylleraas MP2 Energies (singlet): -4.09460e-02
Hylleraas MP2 Energies (triplet):  0.00000e+00
Hylleraas MP2 Energies (total)  : -4.09460e-02
=======================================================
-------------------------------------------
Total Reg Energy  =-4.09460e-02
Total F12 Energy  = 0.00000e+00
Sum Energies Total=-4.09460e-02
-------------------------------------------
timer:                         Solve Amplitudes     0.00s     0.00s 
pair11: density evals:
 [*]   0.00485794   0.00485794   0.00586066

pair22: density evals:
 [*]   0.00431303   0.00431303   0.02640175

timer:                            compress PNOs     0.00s     0.00s 
timer:                             MRA compress     0.00s     0.00s 
timer:                          Transform Pairs     0.25s     0.25s 
timer:                          PNO Compression     0.25s     0.25s 
Information About All Pairs:
mp2_pair11           number=0 rank=  3 frozen=false
mp2_pair21           number=1 rank=  0 frozen=true
mp2_pair22           number=2 rank=  3 frozen=false
number of pairs=3
average rank   =2 (2.00000e+00)
largest rank   =3
saving vector of functions mp2_pair11
saving vector of functions mp2_pair22
timer:                        save pnos on disc     0.12s     0.12s 
PNOPairs Memory Information
Total: 0.02437 GB 
PNO  : 0.00675 GB 
KPNO : 0.00675 GB 
W    : 0.01088 GB 

timer:                                 truncate     0.06s     0.06s 
timer:      compute densities for G application     0.00s     0.00s 
pair21 is frozen: no optimization
timer:                Prepare for G application     0.29s     0.29s 
timer:                                    add K     0.03s     0.03s 
size of all Vpsi potentials (without Vnuc and J) 0.00920 GB 
time=113.30603 chunk=6 Vpsi+Vnuc+J=0.02130 GB
time=113.34997 chunk=6 Vpsi+Vnuc+J=0.02032 GB (after truncation)
timer:                           Apply G to all     2.42s     2.42s 
timer:                       apply Q and update     0.00s     0.00s 
mp2_pair11 residual norms:
[0.03537, 0.03537, 0.05201]
mp2_pair11 scaled residual norms:
[0.00246, 0.00246, 0.00398]
mp2_pair22 residual norms:
[0.03426, 0.03426, 0.03752]
mp2_pair22 scaled residual norms:
[0.00225, 0.00225, 0.00610]
timer:                          update all PNOs     2.76s     2.76s 
frozen pair: no orthonormalization
timer:                                     RRCD     0.07s     0.07s 
timer:                             MRA compress     0.00s     0.00s 
timer:                          Transform Pairs     0.07s     0.07s 
saving vector of functions mp2_pair11
saving vector of functions mp2_pair22
timer:                        save pnos on disc     0.12s     0.12s 


No convergence yet. Energy change = 0.00192

timer:                        Whole Iteration 3    10.59s    10.59s 
Information About All Pairs:
mp2_pair11           number=0 rank=  3 frozen=false
mp2_pair21           number=1 rank=  0 frozen=true
mp2_pair22           number=2 rank=  3 frozen=false
number of pairs=3
average rank   =2 (2.00000)
largest rank   =3
PNOPairs Memory Information
Total: 0.00707 GB 
PNO  : 0.00707 GB 
KPNO : 0.00000 GB 
W    : 0.00000 GB 

timer:                                 truncate     0.03s     0.03s 
wall time=118.86538 chunk=6 allK.size()=6 memory=0.00707 GB
timer:                             compute KPNO     3.40s     3.40s 
wall time=119.02748 chunk=6 allJ.size()=6 memory=0.00789 GB
timer:                             compute JPNO     0.16s     0.16s 
timer:                    compute Fock matrices     1.25s     1.25s 
timer:                             MRA compress     0.00s     0.00s 
timer:                          Transform Pairs     0.24s     0.24s 
timer:                             Canonicalize     0.24s     0.24s 
PNOPairs Memory Information
Total: 0.01398 GB 
PNO  : 0.00707 GB 
KPNO : 0.00691 GB 
W    : 0.00000 GB 

timer:                                 truncate     0.10s     0.10s 
mp2_pair21 is frozen: potential not computed
timer:                   Fluctuation Potentials     1.70s     1.70s 
timer:                       Fluctuation Matrix     0.16s     0.16s 
PNOPairs Memory Information
Total: 0.02486 GB 
PNO  : 0.00707 GB 
KPNO : 0.00691 GB 
W    : 0.01088 GB 

PNOPairs Memory Information
Total: 0.02486 GB 
PNO  : 0.00707 GB 
KPNO : 0.00691 GB 
W    : 0.01088 GB 

timer:                                 truncate     0.04s     0.04s 
timer:                             PNO Overlaps     0.05s     0.05s 
t_iter =  0  Hylleraas energy =  0.00000  ||R||_F =  0.27923  conv =  no
subspace solution [*]   1.00000000

t_iter =  1  Hylleraas energy =  -0.04125  ||R||_F =  0.00000  conv =  yes
=======================================================

Hylleraas MP2 Energies

=======================================================
    i    j      singlet      triplet        Total
=======================================================
    1    1  -1.90652e-02  0.00000e+00 -1.90652e-02
    2    1   0.00000e+00  0.00000e+00  0.00000e+00
    2    2  -2.21844e-02  0.00000e+00 -2.21844e-02
=======================================================
Hylleraas MP2 Energies (singlet): -4.12496e-02
Hylleraas MP2 Energies (triplet):  0.00000e+00
Hylleraas MP2 Energies (total)  : -4.12496e-02
=======================================================
-------------------------------------------
Total Reg Energy  =-4.12496e-02
Total F12 Energy  = 0.00000e+00
Sum Energies Total=-4.12496e-02
-------------------------------------------
timer:                         Solve Amplitudes     0.00s     0.00s 
pair11: density evals:
 [*]   0.00472418   0.00472418   0.00561207

pair22: density evals:
 [*]   0.00418393   0.00418393   0.02581152

timer:                            compress PNOs     0.00s     0.00s 
timer:                             MRA compress     0.00s     0.00s 
timer:                          Transform Pairs     0.33s     0.33s 
timer:                          PNO Compression     0.33s     0.33s 
Information About All Pairs:
mp2_pair11           number=0 rank=  3 frozen=false
mp2_pair21           number=1 rank=  0 frozen=true
mp2_pair22           number=2 rank=  3 frozen=false
number of pairs=3
average rank   =2 (2.00000e+00)
largest rank   =3
saving vector of functions mp2_pair11
saving vector of functions mp2_pair22
timer:                        save pnos on disc     0.13s     0.13s 
PNOPairs Memory Information
Total: 0.02486 GB 
PNO  : 0.00707 GB 
KPNO : 0.00691 GB 
W    : 0.01088 GB 

timer:                                 truncate     0.05s     0.05s 
timer:      compute densities for G application     0.00s     0.00s 
pair21 is frozen: no optimization
timer:                Prepare for G application     0.29s     0.29s 
timer:                                    add K     0.03s     0.03s 
size of all Vpsi potentials (without Vnuc and J) 0.00953 GB 
time=124.04596 chunk=6 Vpsi+Vnuc+J=0.02138 GB
time=124.12797 chunk=6 Vpsi+Vnuc+J=0.02040 GB (after truncation)
timer:                           Apply G to all     2.16s     2.16s 
timer:                       apply Q and update     0.00s     0.00s 
mp2_pair11 residual norms:
[0.01301, 0.01301, 0.02573]
mp2_pair11 scaled residual norms:
[0.00089, 0.00089, 0.00193]
mp2_pair22 residual norms:
[0.01516, 0.01516, 0.01689]
mp2_pair22 scaled residual norms:
[0.00098, 0.00098, 0.00271]
timer:                          update all PNOs     2.48s     2.48s 
frozen pair: no orthonormalization
timer:                                     RRCD     0.05s     0.05s 
timer:                             MRA compress     0.00s     0.00s 
timer:                          Transform Pairs     0.06s     0.06s 
saving vector of functions mp2_pair11
saving vector of functions mp2_pair22
timer:                        save pnos on disc     0.14s     0.14s 


No convergence yet. Energy change = 0.00030

timer:                        Whole Iteration 4    10.43s    10.43s 
Information About All Pairs:
mp2_pair11           number=0 rank=  3 frozen=false
mp2_pair21           number=1 rank=  0 frozen=true
mp2_pair22           number=2 rank=  3 frozen=false
number of pairs=3
average rank   =2 (2.00000)
largest rank   =3
PNOPairs Memory Information
Total: 0.00716 GB 
PNO  : 0.00716 GB 
KPNO : 0.00000 GB 
W    : 0.00000 GB 

timer:                                 truncate     0.02s     0.02s 
wall time=129.18914 chunk=6 allK.size()=6 memory=0.00707 GB
timer:                             compute KPNO     3.30s     3.30s 
wall time=129.39940 chunk=6 allJ.size()=6 memory=0.00806 GB
timer:                             compute JPNO     0.21s     0.21s 
timer:                    compute Fock matrices     1.12s     1.12s 
timer:                             MRA compress     0.00s     0.00s 
timer:                          Transform Pairs     0.22s     0.22s 
timer:                             Canonicalize     0.22s     0.22s 
PNOPairs Memory Information
Total: 0.01415 GB 
PNO  : 0.00716 GB 
KPNO : 0.00699 GB 
W    : 0.00000 GB 

timer:                                 truncate     0.05s     0.05s 
mp2_pair21 is frozen: potential not computed
timer:                   Fluctuation Potentials     1.60s     1.60s 
timer:                       Fluctuation Matrix     0.13s     0.13s 
PNOPairs Memory Information
Total: 0.02502 GB 
PNO  : 0.00716 GB 
KPNO : 0.00699 GB 
W    : 0.01088 GB 

PNOPairs Memory Information
Total: 0.02502 GB 
PNO  : 0.00716 GB 
KPNO : 0.00699 GB 
W    : 0.01088 GB 

timer:                                 truncate     0.04s     0.04s 
timer:                             PNO Overlaps     0.07s     0.07s 
t_iter =  0  Hylleraas energy =  0.00000  ||R||_F =  0.28171  conv =  no
subspace solution [*]   1.00000000

t_iter =  1  Hylleraas energy =  -0.04131  ||R||_F =  0.00000  conv =  yes
=======================================================

Hylleraas MP2 Energies

=======================================================
    i    j      singlet      triplet        Total
=======================================================
    1    1  -1.90964e-02  0.00000e+00 -1.90964e-02
    2    1   0.00000e+00  0.00000e+00  0.00000e+00
    2    2  -2.22151e-02  0.00000e+00 -2.22151e-02
=======================================================
Hylleraas MP2 Energies (singlet): -4.13115e-02
Hylleraas MP2 Energies (triplet):  0.00000e+00
Hylleraas MP2 Energies (total)  : -4.13115e-02
=======================================================
-------------------------------------------
Total Reg Energy  =-4.13115e-02
Total F12 Energy  = 0.00000e+00
Sum Energies Total=-4.13115e-02
-------------------------------------------
timer:                         Solve Amplitudes     0.00s     0.00s 
pair11: density evals:
 [*]   0.00466699   0.00466699   0.00549819

pair22: density evals:
 [*]   0.00412487   0.00412487   0.02551195

timer:                            compress PNOs     0.00s     0.00s 
timer:                             MRA compress     0.00s     0.00s 
timer:                          Transform Pairs     0.34s     0.34s 
timer:                          PNO Compression     0.34s     0.34s 
Information About All Pairs:
mp2_pair11           number=0 rank=  3 frozen=false
mp2_pair21           number=1 rank=  0 frozen=true
mp2_pair22           number=2 rank=  3 frozen=false
number of pairs=3
average rank   =2 (2.00000e+00)
largest rank   =3
saving vector of functions mp2_pair11
saving vector of functions mp2_pair22
timer:                        save pnos on disc     0.13s     0.13s 
PNOPairs Memory Information
Total: 0.02511 GB 
PNO  : 0.00716 GB 
KPNO : 0.00691 GB 
W    : 0.01104 GB 

timer:                                 truncate     0.06s     0.06s 
timer:      compute densities for G application     0.00s     0.00s 
pair21 is frozen: no optimization
timer:                Prepare for G application     0.27s     0.27s 
timer:                                    add K     0.01s     0.01s 
size of all Vpsi potentials (without Vnuc and J) 0.00969 GB 
time=134.21512 chunk=6 Vpsi+Vnuc+J=0.02188 GB
time=134.27132 chunk=6 Vpsi+Vnuc+J=0.02073 GB (after truncation)
timer:                           Apply G to all     2.48s     2.48s 
timer:                       apply Q and update     0.00s     0.00s 
mp2_pair11 residual norms:
[0.00491, 0.00491, 0.01654]
mp2_pair11 scaled residual norms:
[0.00034, 0.00034, 0.00123]
mp2_pair22 residual norms:
[0.00759, 0.00759, 0.00817]
mp2_pair22 scaled residual norms:
[0.00049, 0.00049, 0.00131]
timer:                          update all PNOs     2.78s     2.78s 
frozen pair: no orthonormalization
timer:                                     RRCD     0.04s     0.04s 
timer:                             MRA compress     0.00s     0.00s 
timer:                          Transform Pairs     0.07s     0.07s 
saving vector of functions mp2_pair11
saving vector of functions mp2_pair22
timer:                        save pnos on disc     0.11s     0.11s 


CONVERGED!
energy change = 0.00006

re-entering loop to compute the correct amplitudes and energies
timer:                        Whole Iteration 5    10.34s    10.34s 
Information About All Pairs:
mp2_pair11           number=0 rank=  3 frozen=false
mp2_pair21           number=1 rank=  0 frozen=true
mp2_pair22           number=2 rank=  3 frozen=false
number of pairs=3
average rank   =2 (2.00000)
largest rank   =3
PNOPairs Memory Information
Total: 0.00732 GB 
PNO  : 0.00732 GB 
KPNO : 0.00000 GB 
W    : 0.00000 GB 

timer:                                 truncate     0.03s     0.03s 
wall time=139.62590 chunk=6 allK.size()=6 memory=0.00707 GB
timer:                             compute KPNO     3.39s     3.39s 
wall time=139.77941 chunk=6 allJ.size()=6 memory=0.00806 GB
timer:                             compute JPNO     0.15s     0.15s 
timer:                    compute Fock matrices     1.27s     1.27s 
timer:                             MRA compress     0.00s     0.00s 
timer:                          Transform Pairs     0.14s     0.14s 
timer:                             Canonicalize     0.15s     0.15s 
PNOPairs Memory Information
Total: 0.01423 GB 
PNO  : 0.00724 GB 
KPNO : 0.00699 GB 
W    : 0.00000 GB 

timer:                                 truncate     0.04s     0.04s 
mp2_pair21 is frozen: potential not computed
timer:                   Fluctuation Potentials     1.83s     1.83s 
timer:                       Fluctuation Matrix     0.13s     0.13s 
PNOPairs Memory Information
Total: 0.02511 GB 
PNO  : 0.00724 GB 
KPNO : 0.00699 GB 
W    : 0.01088 GB 

PNOPairs Memory Information
Total: 0.02511 GB 
PNO  : 0.00724 GB 
KPNO : 0.00699 GB 
W    : 0.01088 GB 

timer:                                 truncate     0.06s     0.06s 
timer:                             PNO Overlaps     0.10s     0.10s 
t_iter =  0  Hylleraas energy =  0.00000  ||R||_F =  0.28276  conv =  no
subspace solution [*]   1.00000000

t_iter =  1  Hylleraas energy =  -0.04133  ||R||_F =  0.00000  conv =  yes
=======================================================

Hylleraas MP2 Energies

=======================================================
    i    j      singlet      triplet        Total
=======================================================
    1    1  -1.91075e-02  0.00000e+00 -1.91075e-02
    2    1   0.00000e+00  0.00000e+00  0.00000e+00
    2    2  -2.22223e-02  0.00000e+00 -2.22223e-02
=======================================================
Hylleraas MP2 Energies (singlet): -4.13298e-02
Hylleraas MP2 Energies (triplet):  0.00000e+00
Hylleraas MP2 Energies (total)  : -4.13298e-02
=======================================================
-------------------------------------------
Total Reg Energy  =-4.13298e-02
Total F12 Energy  = 0.00000e+00
Sum Energies Total=-4.13298e-02
-------------------------------------------
timer:                         Solve Amplitudes     0.00s     0.00s 
pair11: density evals:
 [*]   0.00464378   0.00464378   0.00544877

pair22: density evals:
 [*]   0.00409678   0.00409678   0.02537410

timer:                            compress PNOs     0.00s     0.00s 
timer:                             MRA compress     0.00s     0.00s 
timer:                          Transform Pairs     0.46s     0.46s 
timer:                          PNO Compression     0.47s     0.47s 
Information About All Pairs:
mp2_pair11           number=0 rank=  3 frozen=false
mp2_pair21           number=1 rank=  0 frozen=true
mp2_pair22           number=2 rank=  3 frozen=false
number of pairs=3
average rank   =2 (2.00000e+00)
largest rank   =3
saving vector of functions mp2_pair11
saving vector of functions mp2_pair22
timer:                        save pnos on disc     0.12s     0.12s 
exiting: Iterations converged
PNO ranks:
PNO Rank for pair pair11 = 3
PNO Rank for pair pair21 = 0
PNO Rank for pair pair22 = 3
average rank 2.00000e+00
timer:                               PNO::solve    64.42s    64.43s 

--------------------------------
ITERATE-PAIRS-INTERNAL-ENDED
--------------------------------
mp2_pair21 converged!


Adaptive Sovler:
 Current Energy=-4.1329827619e-02
 DeltaE        =-4.1329827619e-02
 max dE (pair) =-2.2222289266e-02 (2)
 all_pairs_conv=false




not converged yet

freeze pair mp2_pair21 (not further optimized: Energy below 1.0000000000e-05)
Maximum Rank of3 reached for all non-frozen pairs, no need to iterate further=======================================================

Final MP2 Energies

=======================================================
    i    j      singlet      triplet        Total
=======================================================
    1    1  -1.91075e-02  0.00000e+00 -1.91075e-02
    2    1   0.00000e+00  0.00000e+00  0.00000e+00
    2    2  -2.22223e-02  0.00000e+00 -2.22223e-02
=======================================================
Final MP2 Energies (singlet): -4.13298e-02
Final MP2 Energies (triplet):  0.00000e+00
Final MP2 Energies (total)  : -4.13298e-02
=======================================================
-------------------------------------------
Total Reg Energy  =-4.13298e-02
Total F12 Energy  = 0.00000e+00
Sum Energies Total=-4.13298e-02
-------------------------------------------
Average | Max Rank: 2 | 3



--------------------------------------------------
MRA-PNO-MP2-F12 ended 
--------------------------------------------------
                 time scf = 7.26892e+01
               energy scf = -1.56675e+01
--------------------------------------------------
restarting PNO to reload pairs that converged before and were frozen
PNO Parameters
pno
       rank_increase  15         # default   maximum rank to increase in every macroiteration
               chunk  100        # default   chunk of functions operated on in parallel when G or K is applied (prevent memory shortage)
               debug  false      # default   debug mode
              freeze  1          # derived   frozen core approximation
             maxrank  3          # defined   maximal pno rank for all pairs
           guesstype  exop       # derived   the guesstype: exop (recommended, multiply polynomial excitation operators onto the occupied orbitals), empty (don't compute a guess), scf (use the ao basis from the SCF solver), partial_wave (create s,p,d ..., type functions and place on atoms), predefined (same as partial_wave but for predefined sets)
                exop  multipole  # derived   this string defines which excitation operators can be used, use 'dipole', 'dipole+', 'quadrupole', 'ocopole', or 'multipole', need to set guesstype to 'exop' which is the default
          exop_trigo  true       # default   use trigonometric excitation operators ( x --> sin(x)
        partial_wave             # default   atom centered partial wave guess of format like 'h-2s1p-o-3s2p1d', need to set guesstype to 'partial_wave' and adaptive_solver to 'none'
          predefined             # default   predefined partial wave guesses of type pvxz with x=d,t,q,5,6, need to set guesstype to 'predefined' and adaptive_solver to 'none'
           maxiter_t  100        # default   maximal number of iterations in the amplitude solver
       maxiter_micro  10         # default   Maximum of iterations for every cycle in the adaptive solver
       maxiter_macro  10         # default   Maximum of iterations of cycles in the adaptive solver
                tpno  1.0000e-08 # default   PNO cutoff threshold
          tpno_tight  1.0000e-10 # derived   PNO cutoff for the first iteration
    canonicalize_pno  true       # default   canonicalize the pnos before the amplitude solver
              thresh  1.0000e-04 # defined   MRA threshold
         econv_micro  1.0000e-04 # derived   Energy convergence for microiterations (Greens function based optimization) in adaptive solver
         econv_pairs  1.0000e-05 # derived   ENergy convergence for individual pairs in adaptive solver. Converged pairs are frozen automatically
         econv_macro  1.0000e-04 # derived   Energy convergence for macroiterations in adaptive solver, no effect if adaptive_solver is deactivated
               dconv  1.0000e-01 # default   convergence of every PNO in the Green's function solver
           op_thresh  1.0000e-06 # default   MRA operator thresh
             restart  all        # defined   restart pairs of this type, use 'mp2', 'cispd', 'all' or 'none'
          no_compute  none       # default   do not compute the pairs of this type, use 'mp2', 'cispd', 'all' or 'none'
              no_opt  all        # defined   do not optimize the pnos of this type, use 'mp2', 'cispd', 'all' or 'none'
            no_guess  all        # defined   guess for this type will be empty, use 'mp2', 'cispd', 'all' or 'none'
     adaptive_solver  none       # defined   Use adaptive solver for those pairs, use 'mp2', 'cispd', 'all' or 'none', works only in combination with guesstype 'exop'
                kain  true       # default   use KAIN solver in amplitude solver
       kain_subspace  5          # default   subspace size of the KAIN solver (amplitudes)
                 f12  false      # defined   use explicit correlation
        cispd_number  -1         # default   CIS(D) excitation numbers, to read in correct functions
        cispd_energy  0.0000e+00 # default   CIS energy
        freeze_pairs  none       # default   frozen pairs will not be optimized: Expected format 'a b c d' will freeze pairs ab and cd
freeze_pairs_of_orbital  []         # default    All pairs which originate from this orbital will not be optimized
active_pairs_of_orbital  []         # default    All pairs which originate from this orbital will not be frozen all other pairs will, if this vector is not empty
no_opt_in_first_iteration  false      # default   Do not optimize in the first iteration (then the potentials do not have to be evaluated, use this for large guesses)
            exchange  full       # default   approximate exchange with 'neglect' or xc functional -> same syntax as moldft
           save_pnos  true       # default   Save the OBS-PNOs to a file, before and after orthonormalization.
            diagonal  true       # defined   Compute only diagonal PNOs

end

**********************
Solve PNO-MP2
*********************


**********************
Iterate Pairs
*********************


************************
Standard Solver
***********************

Initializing Pairs:
Restart demanded for mp2 pairs
loading vector of functions mp2_pair11
Found PNOs for mp2_pair11 with rank 3
loading vector of functions mp2_pair21
failed to find PNO mp2_pair21 initialize as zero function
nloading vector of functions mp2_pair22
Found PNOs for mp2_pair22 with rank 3
no guess was explicitly demanded for mp2

timer:                                     RRCD     0.07s     0.07s 
timer:                             MRA compress     0.00s     0.00s 
timer:                          Transform Pairs     0.08s     0.08s 
timer:          apply Q and orthonormalize PNOs     0.33s     0.33s 
Created Guess:
pair11 with 3 guess functions
pair21 with 0 guess functions
pair22 with 3 guess functions
guess pair11 size: 3.5777688026e-03 | 3.5777688026e-03 Gbyte (after truncation)
guess pair22 size: 3.5777688026e-03 | 3.5777688026e-03 Gbyte (after truncation)
timer:                           truncate guess     0.05s     0.05s 
timer:                         Initialize Pairs     0.38s     0.38s 
Information About All Pairs:
mp2_pair11           number=0 rank=  3 frozen=false
mp2_pair21           number=1 rank=  0 frozen=true
mp2_pair22           number=2 rank=  3 frozen=false
number of pairs=3
average rank   =2 (2.0000000000e+00)
largest rank   =3
SolveInternal: Parameters are assigned as
no_compute        = false
no_opt            = true
restart           = true
do_cispd          = false
econv             =1.0000000000e-04
maxrank (min,max) = (3,3)
Solving MP2 doubles
timer:          fock matrix     3.12s     3.12s
Information About All Pairs:
mp2_pair11           number=0 rank=  3 frozen=false
mp2_pair21           number=1 rank=  0 frozen=true
mp2_pair22           number=2 rank=  3 frozen=false
number of pairs=3
average rank   =2 (2.0000000000e+00)
largest rank   =3
PNOPairs Memory Information
Total: 0.0071555376 GB 
PNO  : 0.0071555376 GB 
KPNO : 0.0000000000 GB 
W    : 0.0000000000 GB 

timer:                                 truncate     0.03s     0.03s 
wall time=150.8578209877 chunk=6 allK.size()=6 memory=0.0070737600 GB
timer:                             compute KPNO     3.35s     3.35s 
wall time=151.0153360367 chunk=6 allJ.size()=6 memory=0.0080550909 GB
timer:                             compute JPNO     0.16s     0.16s 
timer:                    compute Fock matrices     1.38s     1.38s 
timer:                             MRA compress     0.00s     0.00s 
timer:                          Transform Pairs     0.24s     0.24s 
timer:                             Canonicalize     0.25s     0.25s 
PNOPairs Memory Information
Total: 0.0141475201 GB 
PNO  : 0.0071555376 GB 
KPNO : 0.0069919825 GB 
W    : 0.0000000000 GB 

timer:                                 truncate     0.03s     0.03s 
mp2_pair21 is frozen: potential not computed
timer:                   Fluctuation Potentials     1.58s     1.58s 
timer:                       Fluctuation Matrix     0.11s     0.11s 
PNOPairs Memory Information
Total: 0.0250239372 GB 
PNO  : 0.0071555376 GB 
KPNO : 0.0069919825 GB 
W    : 0.0108764172 GB 

PNOPairs Memory Information
Total: 0.0250239372 GB 
PNO  : 0.0071555376 GB 
KPNO : 0.0069919825 GB 
W    : 0.0108764172 GB 

timer:                                 truncate     0.05s     0.05s 
timer:                             PNO Overlaps     0.06s     0.06s 
t_iter =  0  Hylleraas energy =  0.0000000000  ||R||_F =  0.2827628200  conv =  no
subspace solution [*]   1.00000000

t_iter =  1  Hylleraas energy =  -0.0413298765  ||R||_F =  0.0000000010  conv =  yes
=======================================================

Hylleraas MP2 Energies

=======================================================
    i    j      singlet      triplet        Total
=======================================================
    1    1  -1.91075e-02  0.00000e+00 -1.91075e-02
    2    1   0.00000e+00  0.00000e+00  0.00000e+00
    2    2  -2.22224e-02  0.00000e+00 -2.22224e-02
=======================================================
Hylleraas MP2 Energies (singlet): -4.13299e-02
Hylleraas MP2 Energies (triplet):  0.00000e+00
Hylleraas MP2 Energies (total)  : -4.13299e-02
=======================================================
-------------------------------------------
Total Reg Energy  =-4.13299e-02
Total F12 Energy  = 0.00000e+00
Sum Energies Total=-4.13299e-02
-------------------------------------------
timer:                         Solve Amplitudes     0.00s     0.00s 
No optimization untill now: Compressing pno ranks with tighter threshold
1.00000e-10 instead of 1.00000e-08
pair11: density evals:
 [*]   0.00464375   0.00464375   0.00544877

pair22: density evals:
 [*]   0.00409678   0.00409678   0.02537426

timer:                            compress PNOs     0.00s     0.00s 
timer:                             MRA compress     0.00s     0.00s 
timer:                          Transform Pairs     0.27s     0.27s 
timer:                          PNO Compression     0.27s     0.27s 
Information About All Pairs:
mp2_pair11           number=0 rank=  3 frozen=false
mp2_pair21           number=1 rank=  0 frozen=true
mp2_pair22           number=2 rank=  3 frozen=false
number of pairs=3
average rank   =2 (2.00000e+00)
largest rank   =3
saving vector of functions mp2_pair11
saving vector of functions mp2_pair22
timer:                        save pnos on disc     0.27s     0.27s 
exiting: Found no_opt keyword
PNO ranks:
PNO Rank for pair pair11 = 3
PNO Rank for pair pair21 = 0
PNO Rank for pair pair22 = 3
average rank 2.00000e+00
timer:                               PNO::solve    10.70s    10.70s 

--------------------------------
ITERATE-PAIRS-INTERNAL-ENDED
--------------------------------
=======================================================

Final MP2 Energies

=======================================================
    i    j      singlet      triplet        Total
=======================================================
    1    1  -1.91075e-02  0.00000e+00 -1.91075e-02
    2    1   0.00000e+00  0.00000e+00  0.00000e+00
    2    2  -2.22224e-02  0.00000e+00 -2.22224e-02
=======================================================
Final MP2 Energies (singlet): -4.13299e-02
Final MP2 Energies (triplet):  0.00000e+00
Final MP2 Energies (total)  : -4.13299e-02
=======================================================
-------------------------------------------
Total Reg Energy  =-4.13299e-02
Total F12 Energy  = 0.00000e+00
Sum Energies Total=-4.13299e-02
-------------------------------------------
Average | Max Rank: 2 | 3
                 time pno = 7.06218e+01
               energy mp2 = -4.13299e-02
     average pno rank mp2 = 2
         max pno rank mp2 = 3
--------------------------------------------------
            energy(total) = -1.57088e+01
--------------------------------------------------



Orthonormalization technique used: symmetric
No CABS used.
Tightening thresholds to +0.00010000 for post-processing
Overlap Matrix of all PNOs:
+1.00000137 +0.28418788 +0.00000000 +0.00000000 -0.00000000 +0.00000000 
+0.28418788 +0.99999979 -0.00000000 -0.00000000 -0.00000000 +0.00000000 
+0.00000000 -0.00000000 +1.00000000 +0.00000000 -0.00681546 -0.08244781 
+0.00000000 -0.00000000 +0.00000000 +1.00000000 +0.08244781 -0.00681546 
-0.00000000 -0.00000000 -0.00681546 +0.08244781 +1.00000000 -0.00000000 
+0.00000000 +0.00000000 -0.08244781 -0.00681546 -0.00000000 +1.00000000 
Before cherry pick
rank is +0
all used occupation numbers:
[+0.02537426 +0.00544877 +0.00464375 +0.00464375 +0.00409678 +0.00409678 ]
corresponding to active pairs:
[(1,1) (0,0) (0,0) (0,0) (1,1) (1,1) ]
After cherry pick
all used occupation numbers:
[+0.02537426 +0.00544877 +0.00464375 +0.00464375 +0.00409678 +0.00409678 ]
corresponding to active pairs:
[(1,1) (0,0) (0,0) (0,0) (1,1) (1,1) ]
Overlap Matrix before symmetric
[+0,*]  +1.00000137  +0.28418788  +0.00000000  +0.00000000  -0.00000000  +0.00000000
[+1,*]  +0.28418788  +0.99999979  -0.00000000  -0.00000000  -0.00000000  +0.00000000
[+2,*]  +0.00000000  -0.00000000  +1.00000000  +0.00000000  -0.00681546  -0.08244781
[+3,*]  +0.00000000  -0.00000000  +0.00000000  +1.00000000  +0.08244781  -0.00681546
[+4,*]  -0.00000000  -0.00000000  -0.00681546  +0.08244781  +1.00000000  -0.00000000
[+5,*]  +0.00000000  +0.00000000  -0.08244781  -0.00681546  -0.00000000  +1.00000000
Overlap Matrix after symmetric
[+0,*]  +1.00000000  -0.00000000  -0.00000000  -0.00000000  -0.00000000  -0.00000000
[+1,*]  -0.00000000  +1.00000000  +0.00000000  -0.00000000  +0.00000000  +0.00000000
[+2,*]  -0.00000000  +0.00000000  +1.00000000  -0.00000000  +0.00000000  -0.00000000
[+3,*]  -0.00000000  -0.00000000  -0.00000000  +1.00000000  +0.00000000  +0.00000000
[+4,*]  -0.00000000  +0.00000000  +0.00000000  +0.00000000  +1.00000000  +0.00000000
[+5,*]  -0.00000000  +0.00000000  -0.00000000  +0.00000000  +0.00000000  +1.00000000
Adding 3 HF orbitals
Size before adding CABS: 9.
Size after adding CABS: 9.
Compute G and F Tensor:
Assemble g,f using symmetries...
non zero elements:
 g : +11109
 h : +37
Overlap over whole basis
[+0,*]  +1.00000000  -0.00000338  +0.00000163  +0.00000410  -0.00000397  -0.00000000  +0.00000000  -0.00000000  +0.00000000
[+1,*]  -0.00000338  +1.00000000  -0.00000100  -0.00000129  +0.00000126  +0.00000000  -0.00000000  +0.00000000  -0.00000000
[+2,*]  +0.00000163  -0.00000100  +1.00000000  -0.00000029  +0.00000027  +0.00000000  -0.00000000  -0.00000000  -0.00000000
[+3,*]  +0.00000410  -0.00000129  -0.00000029  +1.00000000  -0.00000000  -0.00000000  -0.00000000  -0.00000000  -0.00000000
[+4,*]  -0.00000397  +0.00000126  +0.00000027  -0.00000000  +1.00000000  -0.00000000  -0.00000000  +0.00000000  +0.00000000
[+5,*]  -0.00000000  +0.00000000  +0.00000000  -0.00000000  -0.00000000  +1.00000000  +0.00000000  +0.00000000  -0.00000000
[+6,*]  +0.00000000  -0.00000000  -0.00000000  -0.00000000  -0.00000000  +0.00000000  +1.00000000  +0.00000000  +0.00000000
[+7,*]  -0.00000000  +0.00000000  -0.00000000  -0.00000000  +0.00000000  +0.00000000  +0.00000000  +1.00000000  +0.00000000
[+8,*]  +0.00000000  -0.00000000  -0.00000000  -0.00000000  +0.00000000  -0.00000000  +0.00000000  +0.00000000  +1.00000000

||S-1||=+0.00001010
finished at time 231.0

    Parallel environment
    --------------------
                  #nodes    1
       #threads per node    11+main = 12
          #total threads    12

  RMI message statistics (min / avg / max)
  ----------------------
   #messages in server q    0.00e+00 / 0.00e+00 / 0.00e+00
 #messages sent per node    0.00e+00 / 0.00e+00 / 0.00e+00
    #bytes sent per node    0.00e+00 / 0.00e+00 / 0.00e+00
 #messages recv per node    0.00e+00 / 0.00e+00 / 0.00e+00
    #bytes recv per node    0.00e+00 / 0.00e+00 / 0.00e+00
        #msgs systemwide    0.00e+00
       #bytes systemwide    0.00e+00

  Thread pool statistics (min / avg / max)
  ----------------------
         #tasks per node    1.41e+07 / 1.41e+07 / 1.41e+07
     #max q len per node    1.07e+04 / 1.07e+04 / 1.07e+04
  #hi-pri tasks per node    4.23e+06 / 4.23e+06 / 4.23e+06

         Total wall time    231.0s
         Total  cpu time    231.0s

