MADNESS runtime initialized with 11 threads in the pool and affinity -1 -1 -1
starting at time 0.0

--------------------------------------------
   MADNESS 0.10.1 multiresolution suite
--------------------------------------------

   number of processors ... 1
    processor frequency ... 3.695925e+09
            host system ... Linux
          configured by ... kottmann
          configured on ... wittgenstein
          configured at ... 2021-02-10T21:25:26
                    CXX ... /usr/bin/c++
               CXXFLAGS ... -O3 -DNDEBUG -I/h/28/kottmann/install/numcpp/include/ -I/h/28/kottmann/install/boost/boost_1_72_0/include/ -std=c++1z
             tuning for ... default
                    MPI ... multiple
 multi-threaded runtime ... MADNESS ThreadPool
                   BLAS ... Intel MKL 66456 66456 MFLOP/s
               compiled ... 13:08:26  on  Feb 23 2021


-------------------------------------------------------------------------------------
SOLVING MRA-PNO-F12 as described in 
J.S. Kottmann, F.A. Bischoff, E.F. Valeev
Direct determination of optimal pair-natural orbitals in a real-space representation:
the second-order Møller-Plesset energy
Journal of Chemical Physics ... 2020
-------------------------------------------------------------------------------------


This script will run PNO-MP2 and print out tensors in binary
Call as: pno_integrals inputfileinput is input
ignoring unknown parameter in input file:  ncf

Angstrom being used to read input coordinates (1 Bohr = 1.88972613 Angstrom)


Asymptotic correction parameters
---------------------------------------
Atom vector is not empty: false
Using multipole approximation: false
Number of electrons = -1
Ionisation energy = 0.000000e+00
E(HOMO) = 0.000000e+00
R1 = 3.000000e+00
R2 = 4.000000e+00
DFT coefficient = 0.000000e+00
Interpolation scheme = linear
constructed symmetry operator for point group C1
dft
              charge  0.0000e+00 # defined   total molecular charge
                  xc  hf         # defined   XC input line
               smear  0.0000e+00 # default   smearing parameter
               econv  1.0000e-04 # defined   energy convergence
               dconv  5.0000e-04 # defined   density convergence
convergence_criteria  [bsh_residual, total_energy] # default   possible values are: bsh_residual, total_energy, each_energy, density
                   k  7          # defined   polynomial order
                   l  5.5386e+01 # derived   user coordinates box size
               deriv  abgv       # default   derivative method                            [abgv, bspline, ble]
           dft_deriv  abgv       # default   derivative method for gga potentials         [abgv, bspline, ble]
             maxrotn  2.5000e-01 # default   step restriction used in autoshift algorithm
             nvalpha  0          # default   number of alpha virtuals to compute
              nvbeta  0          # default   number of beta virtuals to compute
               nopen  0          # default   number of unpaired electrons = nalpha-nbeta
             maxiter  25         # default   maximum number of iterations
                 nio  1          # default   no. of io servers to use
     spin_restricted  true       # default   true if spin restricted
              plotlo  0          # default   range of MOs to print (for both spins if polarized
              plothi  -1         # default   range of MOs to print (for both spins if polarized
            plotdens  false      # default   If true print the density at convergence
            plotcoul  false      # default   If true plot the total coulomb potential at convergence
            localize  boys       # defined   localization method                          [pm, boys, new, canon]
          pointgroup  c1         # derived   use point (sub) group symmetry if not localized[c1, c2, ci, cs, c2v, c2h, d2, d2h]
             restart  false      # default   if true restart from orbitals on disk
           restartao  false      # default   if true restart from orbitals projected into AO basis (STO3G) on disk
          no_compute  false      # default   if true use orbitals on disk, set value to computed
           no_orient  false      # default   if true the molecule coordinates will not be reoriented
                save  true       # default   if true save orbitals to disk
              maxsub  10         # default   size of iterative subspace ... set to 0 or 1 to disable
        orbitalshift  0.0000e+00 # default   scf orbital shift: shift the occ orbitals to lower energies
            npt_plot  101        # default   no. of points to use in each dim for plots
           plot_cell  []         # default   lo hi in each dimension for plotting (default is all space)
             aobasis  6-31g      # derived   AO basis used for initial guess (6-31g or sto-3g)
           core_type  none       # default   core potential type                          [none, mpc]
         derivatives  false      # default   if true calculate nuclear derivatives
              dipole  false      # default   if true calculate dipole moment
      conv_only_dens  false      # default   if true remove bsh_residual from convergence criteria (deprecated)
            psp_calc  false      # default   pseudopotential calculation for all atoms
 print_dipole_matels  false      # default   if true output dipole matrix elements
            pcm_data  none       # default   do a PCM (solvent) calculation
             ac_data  none       # default   do a calculation with asymptotic correction (see ACParameters class in chem/AC.h for details)
             pure_ae  true       # default   pure all electron calculation with no pseudo-atoms
         print_level  3          # default   0: no output; 1: final energy; 2: iterations; 3: timings; 10: debug
              nalpha  3          # derived   number of alpha spin electrons
               nbeta  3          # derived   number of beta  spin electrons
           nmo_alpha  3          # derived   number of alpha spin molecular orbitals
            nmo_beta  3          # derived   number of beta spin molecular orbitals
                  lo  9.0905e-04 # derived   smallest length scale we need to resolve
            protocol  [1.0000e-04, 1.0000e-06] # derived   calculation protocol
                gopt  false      # default   geometry optimizer
                gtol  1.0000e-04 # default   geometry tolerance
               gtest  false      # default   geometry tolerance
                gval  1.0000e-05 # default   value precision
               gprec  1.0000e-04 # default   gradient precision
            gmaxiter  20         # default   optimization maxiter
    ginitial_hessian  false      # default   compute inital hessian for optimization
              algopt  bfgs       # default   algorithm used for optimization              [bfgs, cg]
            tdksprop  false      # default   time-dependent Kohn-Sham equation propagate
           nv_factor  1          # default   factor to multiply number of virtual orbitals with when automatically decreasing nvirt
           vnucextra  2          # default   load balance parameter for nuclear pot
        loadbalparts  2          # default   ??
            response  false      # default   response function calculation
       response_freq  0.0000e+00 # default   frequency for calculation response function
       response_axis  [1, 1, 1]  # default   response axis
           nonrotate  false      # default   if true do not molcule orient (redundant with no_orient
               rconv  1.0000e-06 # default   Response convergence
              efield  0.0000e+00 # default   eps for finite field
         efield_axis  0          # default   finite field axis                            [0, 1, 2]
              nwfile  none       # default   Base name of nwchem output files (.out and .movecs extensions) to read from
                 ncf  (none,1.0000e+00) # defined   nuclear correlation factor
             hessian  false      # default   compute the hessian matrix
           read_cphf  false      # default   read the converged orbital response for nuclear displacements from file
        restart_cphf  false      # default   read the guess orbital response for nuclear displacements from file
      purify_hessian  false      # default   symmetrize the hessian matrix based on atomic charges

end
              charge  0.0000e+00 # defined   total molecular charge
                  xc  hf         # defined   XC input line
               smear  0.0000e+00 # default   smearing parameter
               econv  1.0000e-04 # defined   energy convergence
               dconv  5.0000e-04 # defined   density convergence
convergence_criteria  [bsh_residual, total_energy] # default   possible values are: bsh_residual, total_energy, each_energy, density
                   k  7          # defined   polynomial order
                   l  5.5386e+01 # derived   user coordinates box size
               deriv  abgv       # default   derivative method                            [abgv, bspline, ble]
           dft_deriv  abgv       # default   derivative method for gga potentials         [abgv, bspline, ble]
             maxrotn  2.5000e-01 # default   step restriction used in autoshift algorithm
             nvalpha  0          # default   number of alpha virtuals to compute
              nvbeta  0          # default   number of beta virtuals to compute
               nopen  0          # default   number of unpaired electrons = nalpha-nbeta
             maxiter  25         # default   maximum number of iterations
                 nio  1          # default   no. of io servers to use
     spin_restricted  true       # default   true if spin restricted
              plotlo  0          # default   range of MOs to print (for both spins if polarized
              plothi  -1         # default   range of MOs to print (for both spins if polarized
            plotdens  false      # default   If true print the density at convergence
            plotcoul  false      # default   If true plot the total coulomb potential at convergence
            localize  boys       # defined   localization method                          [pm, boys, new, canon]
          pointgroup  c1         # derived   use point (sub) group symmetry if not localized[c1, c2, ci, cs, c2v, c2h, d2, d2h]
             restart  false      # default   if true restart from orbitals on disk
           restartao  false      # default   if true restart from orbitals projected into AO basis (STO3G) on disk
          no_compute  false      # default   if true use orbitals on disk, set value to computed
           no_orient  false      # default   if true the molecule coordinates will not be reoriented
                save  true       # default   if true save orbitals to disk
              maxsub  10         # default   size of iterative subspace ... set to 0 or 1 to disable
        orbitalshift  0.0000e+00 # default   scf orbital shift: shift the occ orbitals to lower energies
            npt_plot  101        # default   no. of points to use in each dim for plots
           plot_cell  []         # default   lo hi in each dimension for plotting (default is all space)
             aobasis  6-31g      # derived   AO basis used for initial guess (6-31g or sto-3g)
           core_type  none       # default   core potential type                          [none, mpc]
         derivatives  false      # default   if true calculate nuclear derivatives
              dipole  false      # default   if true calculate dipole moment
      conv_only_dens  false      # default   if true remove bsh_residual from convergence criteria (deprecated)
            psp_calc  false      # default   pseudopotential calculation for all atoms
 print_dipole_matels  false      # default   if true output dipole matrix elements
            pcm_data  none       # default   do a PCM (solvent) calculation
             ac_data  none       # default   do a calculation with asymptotic correction (see ACParameters class in chem/AC.h for details)
             pure_ae  true       # default   pure all electron calculation with no pseudo-atoms
         print_level  3          # default   0: no output; 1: final energy; 2: iterations; 3: timings; 10: debug
              nalpha  3          # derived   number of alpha spin electrons
               nbeta  3          # derived   number of beta  spin electrons
           nmo_alpha  3          # derived   number of alpha spin molecular orbitals
            nmo_beta  3          # derived   number of beta spin molecular orbitals
                  lo  9.0905e-04 # derived   smallest length scale we need to resolve
            protocol  [1.0000e-04, 1.0000e-06] # derived   calculation protocol
                gopt  false      # default   geometry optimizer
                gtol  1.0000e-04 # default   geometry tolerance
               gtest  false      # default   geometry tolerance
                gval  1.0000e-05 # default   value precision
               gprec  1.0000e-04 # default   gradient precision
            gmaxiter  20         # default   optimization maxiter
    ginitial_hessian  false      # default   compute inital hessian for optimization
              algopt  bfgs       # default   algorithm used for optimization              [bfgs, cg]
            tdksprop  false      # default   time-dependent Kohn-Sham equation propagate
           nv_factor  1          # default   factor to multiply number of virtual orbitals with when automatically decreasing nvirt
           vnucextra  2          # default   load balance parameter for nuclear pot
        loadbalparts  2          # default   ??
            response  false      # default   response function calculation
       response_freq  0.0000e+00 # default   frequency for calculation response function
       response_axis  [1, 1, 1]  # default   response axis
           nonrotate  false      # default   if true do not molcule orient (redundant with no_orient
               rconv  1.0000e-06 # default   Response convergence
              efield  0.0000e+00 # default   eps for finite field
         efield_axis  0          # default   finite field axis                            [0, 1, 2]
              nwfile  none       # default   Base name of nwchem output files (.out and .movecs extensions) to read from



 geometry
   eprec 1.0e-06
   units atomic
   Be            0.00000000           0.00000000           0.09448631
   H             0.00000000           0.00000000           5.00777425
   H             0.00000000           0.00000000          -5.38571948
 end

Solving NDIM= 3  with thresh 1.000000e-04     k 7    conv 5.000000e-04 

timer:     Project vnuclear     0.46s     0.46s
constructed nuclear correlation factor of the form
    R   =  1.000000e+00
with eprec  1.000000e-06
which means it's (nearly) a conventional calculation

timer:        reproject ncf     1.38s     1.38s
timer:        guess density     0.45s     0.45s
timer:   guess Coulomb potn     0.41s     0.41s
timer:       guess lda potn     0.26s     0.26s
timer:        guess overlap     0.03s     0.03s
timer:    KEmat reconstruct     0.07s     0.07s
timer:  KEmat differentiate     0.28s     0.28s
timer:       KEmat compress     0.11s     0.11s
timer: KEmat inner products     0.25s     0.25s
timer:     guess Kinet potn     0.71s     0.71s
timer:           guess fock     0.40s     0.40s
timer:      guess eigen sol     0.05s     0.05s
timer: guess orbital groupi     0.13s     0.13s

starting protocol at time      6.4s 
precision steps  1.000000e-04  -->  1.000000e-04
protocol: thresh 1.000000e-04 econv  1.000000e-04 dconv 5.000000e-04

ending protocol at time      6.4s 

Solving NDIM= 3  with thresh 1.000000e-04     k 7    conv 5.000000e-04 

timer:        Boys localize     0.87s     0.87s
orbital irreps []
timer:      reconstruct psi     0.15s     0.15s
timer:        compute Jnemo     0.60s     0.60s
timer:        compute Knemo     1.86s     1.86s
timer: compute Unemo 0.0149     0.26s     0.26s

  nuclear and kinetic     -22.77772869
         kinetic only      15.08207938
              coulomb       8.90789147
             exchange      -3.17433468
    nuclear-repulsion       1.64023242
   regularized energy     -15.40393948
  buggy if hybrid functionals are used..
timer:       compute energy     3.31s     3.31s
Norm of vector changes ab spin case : rms 1.062052e-01    max 1.508939e-01
convergence: bshresidual, energy change, max energy change, density change 1.2e-01 1.5e+01 1.5e+01 1.4e+00
finished iteration  0 at time     17.8s with energy  -15.40393948
timer:        Boys localize     0.84s     0.84s
orbital irreps []
timer:      reconstruct psi     0.16s     0.16s
timer:        compute Jnemo     0.66s     0.66s
timer:        compute Knemo     1.76s     1.76s
timer: compute Unemo 0.0149     0.17s     0.17s

  nuclear and kinetic     -22.93030759
         kinetic only      14.97457779
              coulomb       8.91376784
             exchange      -3.09391688
    nuclear-repulsion       1.64023242
   regularized energy     -15.47022420
  buggy if hybrid functionals are used..
timer:       compute energy     3.51s     3.51s
Norm of vector changes ab spin case : rms 4.763894e-02    max 6.469248e-02
convergence: bshresidual, energy change, max energy change, density change 3.5e-02 6.6e-02 1.5e-01 1.8e-02
finished iteration  1 at time     29.6s with energy  -15.47022420
timer:        Boys localize     0.95s     0.95s
orbital irreps []
timer:      reconstruct psi     0.17s     0.17s
timer:        compute Jnemo     0.64s     0.64s
timer:        compute Knemo     1.96s     1.96s
timer: compute Unemo 0.0149     0.20s     0.20s

  nuclear and kinetic     -23.03171941
         kinetic only      14.97556926
              coulomb       8.98048166
             exchange      -3.06941527
    nuclear-repulsion       1.64023242
   regularized energy     -15.48042060
  buggy if hybrid functionals are used..
timer:       compute energy     3.81s     3.81s
Norm of vector changes ab spin case : rms 1.552026e-02    max 2.265474e-02
convergence: bshresidual, energy change, max energy change, density change 8.8e-03 1.0e-02 1.0e-01 5.5e-03
finished iteration  2 at time     42.6s with energy  -15.48042060
timer:        Boys localize     0.87s     0.87s
orbital irreps []
timer:      reconstruct psi     0.12s     0.12s
timer:        compute Jnemo     0.79s     0.79s
timer:        compute Knemo     1.94s     1.94s
timer: compute Unemo 0.0149     0.18s     0.18s

  nuclear and kinetic     -23.07513771
         kinetic only      14.98169597
              coulomb       9.01725669
             exchange      -3.06405626
    nuclear-repulsion       1.64023242
   regularized energy     -15.48170487
  buggy if hybrid functionals are used..
timer:       compute energy     3.31s     3.31s
Norm of vector changes ab spin case : rms 6.772354e-03    max 1.018002e-02
convergence: bshresidual, energy change, max energy change, density change 3.0e-03 1.3e-03 4.3e-02 1.5e-03
finished iteration  3 at time     55.2s with energy  -15.48170487
timer:        Boys localize     0.83s     0.83s
orbital irreps []
timer:      reconstruct psi     0.14s     0.14s
timer:        compute Jnemo     0.67s     0.67s
timer:        compute Knemo     1.69s     1.69s
timer: compute Unemo 0.0149     0.20s     0.20s

  nuclear and kinetic     -23.08956295
         kinetic only      14.98315455
              coulomb       9.03040979
             exchange      -3.06299751
    nuclear-repulsion       1.64023242
   regularized energy     -15.48191825
  buggy if hybrid functionals are used..
timer:       compute energy     3.30s     3.30s
Norm of vector changes ab spin case : rms 1.855208e-03    max 2.519882e-03
convergence: bshresidual, energy change, max energy change, density change 9.1e-04 2.1e-04 1.4e-02 4.2e-04
finished iteration  4 at time     67.4s with energy  -15.48191825
timer:        Boys localize     0.94s     0.94s
orbital irreps []
timer:      reconstruct psi     0.14s     0.14s
timer:        compute Jnemo     0.60s     0.60s
timer:        compute Knemo     1.85s     1.85s
timer: compute Unemo 0.0149     0.17s     0.17s

  nuclear and kinetic     -23.08980939
         kinetic only      14.98237455
              coulomb       9.03065844
             exchange      -3.06301900
    nuclear-repulsion       1.64023242
   regularized energy     -15.48193753
  buggy if hybrid functionals are used..
timer:       compute energy     3.44s     3.44s
Norm of vector changes ab spin case : rms 2.121379e-03    max 3.033744e-03
convergence: bshresidual, energy change, max energy change, density change 5.7e-04 1.9e-05 7.8e-04 3.8e-04
finished iteration  5 at time     80.4s with energy  -15.48193753
timer:        Boys localize     0.93s     0.93s
orbital irreps []
timer:      reconstruct psi     0.14s     0.14s
timer:        compute Jnemo     0.65s     0.65s
timer:        compute Knemo     1.99s     1.99s
timer: compute Unemo 0.0149     0.19s     0.19s

  nuclear and kinetic     -23.08829757
         kinetic only      14.98115974
              coulomb       9.02947291
             exchange      -3.06335235
    nuclear-repulsion       1.64023242
   regularized energy     -15.48194460
  buggy if hybrid functionals are used..
timer:       compute energy     3.42s     3.42s
Norm of vector changes ab spin case : rms 4.081575e-04    max 5.053218e-04
convergence: bshresidual, energy change, max energy change, density change 2.8e-04 7.1e-06 1.5e-03 9.5e-05
finished iteration  6 at time     93.7s with energy  -15.48194460

Iterations converged


ending protocol at time     93.7s 

 Dipole Moment (a.u.)
 -----------

     x:  2.767879e-14
     y:  3.996586e-14
     z:  2.577507e-01
 Total Dipole Moment:  2.577507e-01 

timer:               dipole     0.04s     0.04s
Nemo Orbital Energies: [*]  -4.87994133  -0.36273621  -0.33535070

nemo energy:  -1.548194e+01
 at time 94.2
PNO Integrals evaluated as:
pnoint
       rank_increase  15         # default   maximum rank to increase in every macroiteration
               chunk  100        # default   chunk of functions operated on in parallel when G or K is applied (prevent memory shortage)
               debug  false      # default   debug mode
              freeze  1          # derived   frozen core approximation
             maxrank  4          # defined   maximal pno rank for all pairs
           guesstype  exop       # derived   the guesstype: exop (recommended, multiply polynomial excitation operators onto the occupied orbitals), empty (don't compute a guess), scf (use the ao basis from the SCF solver), partial_wave (create s,p,d ..., type functions and place on atoms), predefined (same as partial_wave but for predefined sets)
                exop  multipole  # derived   this string defines which excitation operators can be used, use 'dipole', 'dipole+', 'quadrupole', 'ocopole', or 'multipole', need to set guesstype to 'exop' which is the default
          exop_trigo  true       # default   use trigonometric excitation operators ( x --> sin(x)
        partial_wave             # default   atom centered partial wave guess of format like 'h-2s1p-o-3s2p1d', need to set guesstype to 'partial_wave' and adaptive_solver to 'none'
          predefined             # default   predefined partial wave guesses of type pvxz with x=d,t,q,5,6, need to set guesstype to 'predefined' and adaptive_solver to 'none'
           maxiter_t  100        # default   maximal number of iterations in the amplitude solver
       maxiter_micro  10         # default   Maximum of iterations for every cycle in the adaptive solver
       maxiter_macro  10         # default   Maximum of iterations of cycles in the adaptive solver
                tpno  1.0000e-08 # default   PNO cutoff threshold
          tpno_tight  1.0000e-10 # derived   PNO cutoff for the first iteration
    canonicalize_pno  true       # default   canonicalize the pnos before the amplitude solver
              thresh  1.0000e-04 # defined   MRA threshold
         econv_micro  1.0000e-04 # derived   Energy convergence for microiterations (Greens function based optimization) in adaptive solver
         econv_pairs  1.0000e-05 # derived   ENergy convergence for individual pairs in adaptive solver. Converged pairs are frozen automatically
         econv_macro  1.0000e-04 # derived   Energy convergence for macroiterations in adaptive solver, no effect if adaptive_solver is deactivated
               dconv  1.0000e-01 # default   convergence of every PNO in the Green's function solver
           op_thresh  1.0000e-06 # default   MRA operator thresh
             restart  none       # derived   restart pairs of this type, use 'mp2', 'cispd', 'all' or 'none'
          no_compute  none       # default   do not compute the pairs of this type, use 'mp2', 'cispd', 'all' or 'none'
              no_opt  none       # default   do not optimize the pnos of this type, use 'mp2', 'cispd', 'all' or 'none'
            no_guess  none       # derived   guess for this type will be empty, use 'mp2', 'cispd', 'all' or 'none'
     adaptive_solver  all        # default   Use adaptive solver for those pairs, use 'mp2', 'cispd', 'all' or 'none', works only in combination with guesstype 'exop'
                kain  true       # default   use KAIN solver in amplitude solver
       kain_subspace  5          # default   subspace size of the KAIN solver (amplitudes)
                 f12  false      # defined   use explicit correlation
        cispd_number  -1         # default   CIS(D) excitation numbers, to read in correct functions
        cispd_energy  0.0000e+00 # default   CIS energy
        freeze_pairs  none       # default   frozen pairs will not be optimized: Expected format 'a b c d' will freeze pairs ab and cd
freeze_pairs_of_orbital  []         # default    All pairs which originate from this orbital will not be optimized
active_pairs_of_orbital  []         # default    All pairs which originate from this orbital will not be frozen all other pairs will, if this vector is not empty
no_opt_in_first_iteration  false      # default   Do not optimize in the first iteration (then the potentials do not have to be evaluated, use this for large guesses)
            exchange  full       # default   approximate exchange with 'neglect' or xc functional -> same syntax as moldft
           save_pnos  true       # default   Save the OBS-PNOs to a file, before and after orthonormalization.
            diagonal  true       # defined   Compute only diagonal PNOs
              orthog  symmetric  # defined   orthogonalization method for PNO basis, also current default for a potential CABS. options: symmetric, canonical, cholesky, rr_cholesky,
         orthog_cabs  default    # default   orthogonalization method for CABS basis. options: symmetric, canonical, cholesky, rr_cholesky, uses same as orbitals basis if default.
               n_pno  4          # defined   desired size of PNO-basis (orbital space)
         cabs_option  none       # default   type of complementary auxiliary basis to be used. can be none ~ no CABS, gbs ~ Gaussian basis set as CABS, requires input via auxbas_file, pno ~ use superfluous PNOs as CABS, mixed ~ gbs&pno-option
       pno_cabs_size  -1         # default   size of a potential pno-cabs. defaults to -1 ~ all remaining PNOs, if pno-cabs or mixed-cabs
           only_diag  false      # default   use only diagonal elements PNOs
         cherry_pick  []         # default   cherry pick option to choose particular set of PNOs, not just blindly by occupation number. can be useful, if only a restricted number of PNOs can be used, to avoid separating degenerate pairs. can be envoked by passing a vector via [ elem1, elem2, ... ]
               gamma  1.4000e+00 # default   The f12 length scale, here to be used to compute f12-integrals
         cabs_thresh  1.0000e-04 # derived    thresh for cabs part
              auxbas  none       # default   atom centered partial wave guess of format like 'h-2s1p-o-3s2p1d'
         auxbas_file  none       # default   Use external comp. aux. basis in addition to the pnos as auxbasis. Give the filename as parameter. Give the auxbas in turbomole format. Don't use contractions. If a file is specified the auxbas parameter has no effect
   print_pno_overlap  true       # default   Print overlap matrix at certain steps in computation, for debugging purposes.
              n_virt  0          # defined   Compute this number of virtuals and include them in the integral construction, experimental and not robust!.
      hardcore_boson  false      # default   compute only integrals for hardcore boson hamiltonian (restricted to double occupations)

end
F12 Operators initialized right
timer:                    Testing F12 Operators     0.72s     0.72s 
timer:  Initializing (active) Exchange Orbitals     2.01s     2.01s 
Size of active mos and their exchange potentials:
K(acmos)=3.230214e-03 Gbyte
acmos   =2.903104e-03 Gbyte
PNO Parameters
pno
       rank_increase  15         # default   maximum rank to increase in every macroiteration
               chunk  100        # default   chunk of functions operated on in parallel when G or K is applied (prevent memory shortage)
               debug  false      # default   debug mode
              freeze  1          # derived   frozen core approximation
             maxrank  4          # defined   maximal pno rank for all pairs
           guesstype  exop       # derived   the guesstype: exop (recommended, multiply polynomial excitation operators onto the occupied orbitals), empty (don't compute a guess), scf (use the ao basis from the SCF solver), partial_wave (create s,p,d ..., type functions and place on atoms), predefined (same as partial_wave but for predefined sets)
                exop  multipole  # derived   this string defines which excitation operators can be used, use 'dipole', 'dipole+', 'quadrupole', 'ocopole', or 'multipole', need to set guesstype to 'exop' which is the default
          exop_trigo  true       # default   use trigonometric excitation operators ( x --> sin(x)
        partial_wave             # default   atom centered partial wave guess of format like 'h-2s1p-o-3s2p1d', need to set guesstype to 'partial_wave' and adaptive_solver to 'none'
          predefined             # default   predefined partial wave guesses of type pvxz with x=d,t,q,5,6, need to set guesstype to 'predefined' and adaptive_solver to 'none'
           maxiter_t  100        # default   maximal number of iterations in the amplitude solver
       maxiter_micro  10         # default   Maximum of iterations for every cycle in the adaptive solver
       maxiter_macro  10         # default   Maximum of iterations of cycles in the adaptive solver
                tpno  1.0000e-08 # default   PNO cutoff threshold
          tpno_tight  1.0000e-10 # derived   PNO cutoff for the first iteration
    canonicalize_pno  true       # default   canonicalize the pnos before the amplitude solver
              thresh  1.0000e-04 # defined   MRA threshold
         econv_micro  1.0000e-04 # derived   Energy convergence for microiterations (Greens function based optimization) in adaptive solver
         econv_pairs  1.0000e-05 # derived   ENergy convergence for individual pairs in adaptive solver. Converged pairs are frozen automatically
         econv_macro  1.0000e-04 # derived   Energy convergence for macroiterations in adaptive solver, no effect if adaptive_solver is deactivated
               dconv  1.0000e-01 # default   convergence of every PNO in the Green's function solver
           op_thresh  1.0000e-06 # default   MRA operator thresh
             restart  none       # derived   restart pairs of this type, use 'mp2', 'cispd', 'all' or 'none'
          no_compute  none       # default   do not compute the pairs of this type, use 'mp2', 'cispd', 'all' or 'none'
              no_opt  none       # default   do not optimize the pnos of this type, use 'mp2', 'cispd', 'all' or 'none'
            no_guess  none       # derived   guess for this type will be empty, use 'mp2', 'cispd', 'all' or 'none'
     adaptive_solver  all        # default   Use adaptive solver for those pairs, use 'mp2', 'cispd', 'all' or 'none', works only in combination with guesstype 'exop'
                kain  true       # default   use KAIN solver in amplitude solver
       kain_subspace  5          # default   subspace size of the KAIN solver (amplitudes)
                 f12  false      # defined   use explicit correlation
        cispd_number  -1         # default   CIS(D) excitation numbers, to read in correct functions
        cispd_energy  0.0000e+00 # default   CIS energy
        freeze_pairs  none       # default   frozen pairs will not be optimized: Expected format 'a b c d' will freeze pairs ab and cd
freeze_pairs_of_orbital  []         # default    All pairs which originate from this orbital will not be optimized
active_pairs_of_orbital  []         # default    All pairs which originate from this orbital will not be frozen all other pairs will, if this vector is not empty
no_opt_in_first_iteration  false      # default   Do not optimize in the first iteration (then the potentials do not have to be evaluated, use this for large guesses)
            exchange  full       # default   approximate exchange with 'neglect' or xc functional -> same syntax as moldft
           save_pnos  true       # default   Save the OBS-PNOs to a file, before and after orthonormalization.
            diagonal  true       # defined   Compute only diagonal PNOs

end

**********************
Solve PNO-MP2
*********************


**********************
Iterate Pairs
*********************


************************
Adaptive Solver
***********************

Initializing empty Pairs:
no guess was explicitly demanded for mp2

timer:                                     RRCD     0.00s     0.00s 
timer:                             MRA compress     0.00s     0.00s 
timer:                          Transform Pairs     0.00s     0.00s 
timer:          apply Q and orthonormalize PNOs     0.00s     0.00s 
Created Guess:
pair11 with 0 guess functions
pair21 with 0 guess functions
pair22 with 0 guess functions
guess pair11 size: 0.0000000000e+00 | 0.0000000000e+00 Gbyte (after truncation)
guess pair22 size: 0.0000000000e+00 | 0.0000000000e+00 Gbyte (after truncation)
timer:                           truncate guess     0.00s     0.00s 
timer:                         Initialize Pairs     0.00s     0.00s 
Keyword multipole is not known
Guess protocol for adaptively growing ranks is: [dipole+, quadrupole, big_fock_3, big_fock_3, big_fock_3, big_fock_3, big_fock_3, big_fock_3, big_fock_3, big_fock_3]


--------Adaptive Solver Macroiteration 0 from max 10 ----------

Growing ranks with exop=dipole+
Create guess functions by multiplying plane-waves to 1 functions 
Created 4 virtuals for pair11
pair21 is frozen: no growing
Create guess functions by multiplying plane-waves to 1 functions 
Created 4 virtuals for pair22
frozen pair: no orthonormalization
timer:                                     RRCD     0.08s     0.08s 
timer:                             MRA compress     0.00s     0.00s 
timer:                          Transform Pairs     0.10s     0.10s 
timer:                        grow PNO subspace     1.97s     1.97s 
SolveInternal: Parameters are assigned as
no_compute        = false
no_opt            = false
restart           = false
do_cispd          = false
econv             =1.0000000000e-04
maxrank (min,max) = (4,4)
Solving MP2 doubles
timer:          fock matrix     2.92s     2.92s
Information About All Pairs:
mp2_pair11           number=0 rank=  4 frozen=false
mp2_pair21           number=1 rank=  0 frozen=true
mp2_pair22           number=2 rank=  4 frozen=false
number of pairs=3
average rank   =2 (2.6666666667e+00)
largest rank   =4
PNOPairs Memory Information
Total: 0.0108764172 GB 
PNO  : 0.0108764172 GB 
KPNO : 0.0000000000 GB 
W    : 0.0000000000 GB 

timer:                                 truncate     0.03s     0.03s 
wall time=107.0171151161 chunk=8 allK.size()=8 memory=0.0099768639 GB
timer:                             compute KPNO     3.55s     3.55s 
wall time=107.1467850208 chunk=8 allJ.size()=8 memory=0.0120213032 GB
timer:                             compute JPNO     0.13s     0.13s 
timer:                    compute Fock matrices     1.28s     1.28s 
timer:                             MRA compress     0.00s     0.00s 
timer:                          Transform Pairs     0.33s     0.33s 
timer:                             Canonicalize     0.33s     0.33s 
PNOPairs Memory Information
Total: 0.0200355053 GB 
PNO  : 0.0103039742 GB 
KPNO : 0.0097315311 GB 
W    : 0.0000000000 GB 

timer:                                 truncate     0.03s     0.03s 
mp2_pair21 is frozen: potential not computed
timer:                   Fluctuation Potentials     1.85s     1.85s 
timer:                       Fluctuation Matrix     0.16s     0.16s 
PNOPairs Memory Information
Total: 0.0342648029 GB 
PNO  : 0.0103039742 GB 
KPNO : 0.0097315311 GB 
W    : 0.0142292976 GB 

PNOPairs Memory Information
Total: 0.0342648029 GB 
PNO  : 0.0103039742 GB 
KPNO : 0.0097315311 GB 
W    : 0.0142292976 GB 

timer:                                 truncate     0.03s     0.03s 
timer:                             PNO Overlaps     0.03s     0.03s 
t_iter =  0  Hylleraas energy =  0.0000000000  ||R||_F =  0.1540650517  conv =  no
subspace solution [*]   1.00000000

t_iter =  1  Hylleraas energy =  -0.0330351981  ||R||_F =  0.0000000473  conv =  yes
=======================================================

Hylleraas MP2 Energies

=======================================================
    i    j      singlet      triplet        Total
=======================================================
    1    1  -1.54499e-02  0.00000e+00 -1.54499e-02
    2    1   0.00000e+00  0.00000e+00  0.00000e+00
    2    2  -1.75853e-02  0.00000e+00 -1.75853e-02
=======================================================
Hylleraas MP2 Energies (singlet): -3.30352e-02
Hylleraas MP2 Energies (triplet):  0.00000e+00
Hylleraas MP2 Energies (total)  : -3.30352e-02
=======================================================
-------------------------------------------
Total Reg Energy  =-3.30352e-02
Total F12 Energy  = 0.00000e+00
Sum Energies Total=-3.30352e-02
-------------------------------------------
timer:                         Solve Amplitudes     0.00s     0.00s 
No optimization untill now: Compressing pno ranks with tighter threshold
1.00000e-10 instead of 1.00000e-08
pair11: density evals:
 [*]   0.00254061   0.00336160   0.00336160   0.03343550

pair22: density evals:
 [*]   0.00245821   0.00314575   0.00314575   0.04668300

timer:                            compress PNOs     0.00s     0.00s 
timer:                             MRA compress     0.00s     0.00s 
timer:                          Transform Pairs     0.47s     0.47s 
timer:                          PNO Compression     0.47s     0.47s 
Information About All Pairs:
mp2_pair11           number=0 rank=  4 frozen=false
mp2_pair21           number=1 rank=  0 frozen=true
mp2_pair22           number=2 rank=  4 frozen=false
number of pairs=3
average rank   =2 (2.66667e+00)
largest rank   =4
saving vector of functions mp2_pair11
saving vector of functions mp2_pair22
timer:                        save pnos on disc     0.16s     0.16s 
PNOPairs Memory Information
Total: 0.03353 GB 
PNO  : 0.00990 GB 
KPNO : 0.00957 GB 
W    : 0.01407 GB 

timer:                                 truncate     0.05s     0.05s 
timer:      compute densities for G application     0.00s     0.00s 
pair21 is frozen: no optimization
timer:                Prepare for G application     0.35s     0.35s 
timer:                                    add K     0.03s     0.03s 
size of all Vpsi potentials (without Vnuc and J) 0.01300 GB 
time=112.63235 chunk=8 Vpsi+Vnuc+J=0.03296 GB
time=112.68788 chunk=8 Vpsi+Vnuc+J=0.03247 GB (after truncation)
timer:                           Apply G to all     2.77s     2.77s 
timer:                       apply Q and update     0.00s     0.00s 
mp2_pair11 residual norms:
[0.47401, 0.35472, 0.35472, 0.37745]
mp2_pair11 scaled residual norms:
[0.02389, 0.02057, 0.02057, 0.06902]
mp2_pair22 residual norms:
[0.46393, 0.35581, 0.35581, 0.36465]
mp2_pair22 scaled residual norms:
[0.02300, 0.01996, 0.01996, 0.07879]
timer:                          update all PNOs     3.16s     3.16s 
frozen pair: no orthonormalization
timer:                                     RRCD     0.07s     0.07s 
timer:                             MRA compress     0.00s     0.00s 
timer:                          Transform Pairs     0.09s     0.09s 
saving vector of functions mp2_pair11
saving vector of functions mp2_pair22
timer:                        save pnos on disc     0.15s     0.15s 


No convergence yet. Energy change = 0.03304

timer:                        Whole Iteration 1    11.64s    11.64s 
Information About All Pairs:
mp2_pair11           number=0 rank=  4 frozen=false
mp2_pair21           number=1 rank=  0 frozen=true
mp2_pair22           number=2 rank=  4 frozen=false
number of pairs=3
average rank   =2 (2.66667)
largest rank   =4
PNOPairs Memory Information
Total: 0.00998 GB 
PNO  : 0.00998 GB 
KPNO : 0.00000 GB 
W    : 0.00000 GB 

timer:                                 truncate     0.02s     0.02s 
wall time=118.69783 chunk=8 allK.size()=8 memory=0.00924 GB
timer:                             compute KPNO     3.60s     3.60s 
wall time=118.87068 chunk=8 allJ.size()=8 memory=0.01112 GB
timer:                             compute JPNO     0.17s     0.17s 
timer:                    compute Fock matrices     1.12s     1.12s 
timer:                             MRA compress     0.00s     0.00s 
timer:                          Transform Pairs     0.30s     0.30s 
timer:                             Canonicalize     0.30s     0.30s 
PNOPairs Memory Information
Total: 0.01914 GB 
PNO  : 0.00973 GB 
KPNO : 0.00940 GB 
W    : 0.00000 GB 

timer:                                 truncate     0.05s     0.05s 
mp2_pair21 is frozen: potential not computed
timer:                   Fluctuation Potentials     1.98s     1.98s 
timer:                       Fluctuation Matrix     0.15s     0.15s 
PNOPairs Memory Information
Total: 0.03337 GB 
PNO  : 0.00973 GB 
KPNO : 0.00940 GB 
W    : 0.01423 GB 

PNOPairs Memory Information
Total: 0.03337 GB 
PNO  : 0.00973 GB 
KPNO : 0.00940 GB 
W    : 0.01423 GB 

timer:                                 truncate     0.04s     0.04s 
timer:                             PNO Overlaps     0.08s     0.08s 
t_iter =  0  Hylleraas energy =  0.00000  ||R||_F =  0.21943  conv =  no
subspace solution [*]   1.00000000

t_iter =  1  Hylleraas energy =  -0.05957  ||R||_F =  0.00000  conv =  yes
=======================================================

Hylleraas MP2 Energies

=======================================================
    i    j      singlet      triplet        Total
=======================================================
    1    1  -2.80506e-02  0.00000e+00 -2.80506e-02
    2    1   0.00000e+00  0.00000e+00  0.00000e+00
    2    2  -3.15166e-02  0.00000e+00 -3.15166e-02
=======================================================
Hylleraas MP2 Energies (singlet): -5.95672e-02
Hylleraas MP2 Energies (triplet):  0.00000e+00
Hylleraas MP2 Energies (total)  : -5.95672e-02
=======================================================
-------------------------------------------
Total Reg Energy  =-5.95672e-02
Total F12 Energy  = 0.00000e+00
Sum Energies Total=-5.95672e-02
-------------------------------------------
timer:                         Solve Amplitudes     0.00s     0.00s 
pair11: density evals:
 [*]   0.00382631   0.00402834   0.00402834   0.05784555

pair22: density evals:
 [*]   0.00361066   0.00373783   0.00373783   0.08085573

timer:                            compress PNOs     0.00s     0.00s 
timer:                             MRA compress     0.00s     0.00s 
timer:                          Transform Pairs     0.54s     0.54s 
timer:                          PNO Compression     0.54s     0.54s 
Information About All Pairs:
mp2_pair11           number=0 rank=  4 frozen=false
mp2_pair21           number=1 rank=  0 frozen=true
mp2_pair22           number=2 rank=  4 frozen=false
number of pairs=3
average rank   =2 (2.66667e+00)
largest rank   =4
saving vector of functions mp2_pair11
saving vector of functions mp2_pair22
timer:                        save pnos on disc     0.16s     0.16s 
PNOPairs Memory Information
Total: 0.03312 GB 
PNO  : 0.00965 GB 
KPNO : 0.00924 GB 
W    : 0.01423 GB 

timer:                                 truncate     0.03s     0.03s 
timer:      compute densities for G application     0.00s     0.00s 
pair21 is frozen: no optimization
timer:                Prepare for G application     0.32s     0.32s 
timer:                                    add K     0.03s     0.03s 
size of all Vpsi potentials (without Vnuc and J) 0.01374 GB 
time=124.27683 chunk=8 Vpsi+Vnuc+J=0.03099 GB
time=124.33194 chunk=8 Vpsi+Vnuc+J=0.03009 GB (after truncation)
timer:                           Apply G to all     2.57s     2.57s 
timer:                       apply Q and update     0.00s     0.00s 
mp2_pair11 residual norms:
[0.11650, 0.08609, 0.08609, 0.10060]
mp2_pair11 scaled residual norms:
[0.00721, 0.00546, 0.00546, 0.02420]
mp2_pair22 residual norms:
[0.12241, 0.08911, 0.08911, 0.09170]
mp2_pair22 scaled residual norms:
[0.00736, 0.00545, 0.00545, 0.02608]
timer:                          update all PNOs     2.91s     2.91s 
frozen pair: no orthonormalization
timer:                                     RRCD     0.04s     0.04s 
timer:                             MRA compress     0.00s     0.00s 
timer:                          Transform Pairs     0.10s     0.10s 
saving vector of functions mp2_pair11
saving vector of functions mp2_pair22
timer:                        save pnos on disc     0.16s     0.16s 


No convergence yet. Energy change = 0.02653

timer:                        Whole Iteration 2    11.49s    11.49s 
Information About All Pairs:
mp2_pair11           number=0 rank=  4 frozen=false
mp2_pair21           number=1 rank=  0 frozen=true
mp2_pair22           number=2 rank=  4 frozen=false
number of pairs=3
average rank   =2 (2.66667)
largest rank   =4
PNOPairs Memory Information
Total: 0.00990 GB 
PNO  : 0.00990 GB 
KPNO : 0.00000 GB 
W    : 0.00000 GB 

timer:                                 truncate     0.02s     0.02s 
wall time=130.40959 chunk=8 allK.size()=8 memory=0.00965 GB
timer:                             compute KPNO     3.82s     3.82s 
wall time=130.55462 chunk=8 allJ.size()=8 memory=0.01137 GB
timer:                             compute JPNO     0.15s     0.15s 
timer:                    compute Fock matrices     1.24s     1.24s 
timer:                             MRA compress     0.00s     0.00s 
timer:                          Transform Pairs     0.38s     0.38s 
timer:                             Canonicalize     0.38s     0.38s 
PNOPairs Memory Information
Total: 0.01946 GB 
PNO  : 0.00990 GB 
KPNO : 0.00957 GB 
W    : 0.00000 GB 

timer:                                 truncate     0.06s     0.06s 
mp2_pair21 is frozen: potential not computed
timer:                   Fluctuation Potentials     1.79s     1.79s 
timer:                       Fluctuation Matrix     0.12s     0.12s 
PNOPairs Memory Information
Total: 0.03369 GB 
PNO  : 0.00990 GB 
KPNO : 0.00957 GB 
W    : 0.01423 GB 

PNOPairs Memory Information
Total: 0.03369 GB 
PNO  : 0.00990 GB 
KPNO : 0.00957 GB 
W    : 0.01423 GB 

timer:                                 truncate     0.04s     0.04s 
timer:                             PNO Overlaps     0.09s     0.09s 
t_iter =  0  Hylleraas energy =  0.00000  ||R||_F =  0.23372  conv =  no
subspace solution [*]   1.00000000

t_iter =  1  Hylleraas energy =  -0.06297  ||R||_F =  0.00000  conv =  yes
=======================================================

Hylleraas MP2 Energies

=======================================================
    i    j      singlet      triplet        Total
=======================================================
    1    1  -2.96990e-02  0.00000e+00 -2.96990e-02
    2    1   0.00000e+00  0.00000e+00  0.00000e+00
    2    2  -3.32746e-02  0.00000e+00 -3.32746e-02
=======================================================
Hylleraas MP2 Energies (singlet): -6.29736e-02
Hylleraas MP2 Energies (triplet):  0.00000e+00
Hylleraas MP2 Energies (total)  : -6.29736e-02
=======================================================
-------------------------------------------
Total Reg Energy  =-6.29736e-02
Total F12 Energy  = 0.00000e+00
Sum Energies Total=-6.29736e-02
-------------------------------------------
timer:                         Solve Amplitudes     0.00s     0.00s 
pair11: density evals:
 [*]   0.00364929   0.00385560   0.00385560   0.05724125

pair22: density evals:
 [*]   0.00345735   0.00356224   0.00356224   0.08032364

timer:                            compress PNOs     0.00s     0.00s 
timer:                             MRA compress     0.00s     0.00s 
timer:                          Transform Pairs     0.54s     0.54s 
timer:                          PNO Compression     0.54s     0.54s 
Information About All Pairs:
mp2_pair11           number=0 rank=  4 frozen=false
mp2_pair21           number=1 rank=  0 frozen=true
mp2_pair22           number=2 rank=  4 frozen=false
number of pairs=3
average rank   =2 (2.66667e+00)
largest rank   =4
saving vector of functions mp2_pair11
saving vector of functions mp2_pair22
timer:                        save pnos on disc     0.16s     0.16s 
PNOPairs Memory Information
Total: 0.03377 GB 
PNO  : 0.00990 GB 
KPNO : 0.00965 GB 
W    : 0.01423 GB 

timer:                                 truncate     0.04s     0.04s 
timer:      compute densities for G application     0.00s     0.00s 
pair21 is frozen: no optimization
timer:                Prepare for G application     0.40s     0.40s 
timer:                                    add K     0.02s     0.02s 
size of all Vpsi potentials (without Vnuc and J) 0.01439 GB 
time=136.07759 chunk=8 Vpsi+Vnuc+J=0.03157 GB
time=136.12062 chunk=8 Vpsi+Vnuc+J=0.03009 GB (after truncation)
timer:                           Apply G to all     2.51s     2.51s 
timer:                       apply Q and update     0.00s     0.00s 
mp2_pair11 residual norms:
[0.05591, 0.03116, 0.03116, 0.04308]
mp2_pair11 scaled residual norms:
[0.00338, 0.00193, 0.00193, 0.01031]
mp2_pair22 residual norms:
[0.06426, 0.03747, 0.03747, 0.03865]
mp2_pair22 scaled residual norms:
[0.00378, 0.00224, 0.00224, 0.01095]
timer:                          update all PNOs     2.94s     2.94s 
frozen pair: no orthonormalization
timer:                                     RRCD     0.02s     0.02s 
timer:                             MRA compress     0.00s     0.00s 
timer:                          Transform Pairs     0.12s     0.12s 
saving vector of functions mp2_pair11
saving vector of functions mp2_pair22
timer:                        save pnos on disc     0.16s     0.16s 


No convergence yet. Energy change = 0.00341

timer:                        Whole Iteration 3    11.77s    11.77s 
Information About All Pairs:
mp2_pair11           number=0 rank=  4 frozen=false
mp2_pair21           number=1 rank=  0 frozen=true
mp2_pair22           number=2 rank=  4 frozen=false
number of pairs=3
average rank   =2 (2.66667)
largest rank   =4
PNOPairs Memory Information
Total: 0.01014 GB 
PNO  : 0.01014 GB 
KPNO : 0.00000 GB 
W    : 0.00000 GB 

timer:                                 truncate     0.05s     0.05s 
wall time=141.97733 chunk=8 allK.size()=8 memory=0.00990 GB
timer:                             compute KPNO     3.59s     3.59s 
wall time=142.09800 chunk=8 allJ.size()=8 memory=0.01153 GB
timer:                             compute JPNO     0.12s     0.12s 
timer:                    compute Fock matrices     1.28s     1.28s 
timer:                             MRA compress     0.00s     0.00s 
timer:                          Transform Pairs     0.34s     0.34s 
timer:                             Canonicalize     0.34s     0.34s 
PNOPairs Memory Information
Total: 0.01995 GB 
PNO  : 0.01014 GB 
KPNO : 0.00981 GB 
W    : 0.00000 GB 

timer:                                 truncate     0.06s     0.06s 
mp2_pair21 is frozen: potential not computed
timer:                   Fluctuation Potentials     1.93s     1.93s 
timer:                       Fluctuation Matrix     0.16s     0.16s 
PNOPairs Memory Information
Total: 0.03418 GB 
PNO  : 0.01014 GB 
KPNO : 0.00981 GB 
W    : 0.01423 GB 

PNOPairs Memory Information
Total: 0.03418 GB 
PNO  : 0.01014 GB 
KPNO : 0.00981 GB 
W    : 0.01423 GB 

timer:                                 truncate     0.05s     0.05s 
timer:                             PNO Overlaps     0.06s     0.06s 
t_iter =  0  Hylleraas energy =  0.00000  ||R||_F =  0.23914  conv =  no
subspace solution [*]   1.00000000

t_iter =  1  Hylleraas energy =  -0.06366  ||R||_F =  0.00000  conv =  yes
=======================================================

Hylleraas MP2 Energies

=======================================================
    i    j      singlet      triplet        Total
=======================================================
    1    1  -3.00261e-02  0.00000e+00 -3.00261e-02
    2    1   0.00000e+00  0.00000e+00  0.00000e+00
    2    2  -3.36343e-02  0.00000e+00 -3.36343e-02
=======================================================
Hylleraas MP2 Energies (singlet): -6.36605e-02
Hylleraas MP2 Energies (triplet):  0.00000e+00
Hylleraas MP2 Energies (total)  : -6.36605e-02
=======================================================
-------------------------------------------
Total Reg Energy  =-6.36605e-02
Total F12 Energy  = 0.00000e+00
Sum Energies Total=-6.36605e-02
-------------------------------------------
timer:                         Solve Amplitudes     0.00s     0.00s 
pair11: density evals:
 [*]   0.00352329   0.00376057   0.00376057   0.05587647

pair22: density evals:
 [*]   0.00334160   0.00345702   0.00345702   0.07868629

timer:                            compress PNOs     0.00s     0.00s 
timer:                             MRA compress     0.00s     0.00s 
timer:                          Transform Pairs     0.70s     0.70s 
timer:                          PNO Compression     0.70s     0.70s 
Information About All Pairs:
mp2_pair11           number=0 rank=  4 frozen=false
mp2_pair21           number=1 rank=  0 frozen=true
mp2_pair22           number=2 rank=  4 frozen=false
number of pairs=3
average rank   =2 (2.66667e+00)
largest rank   =4
saving vector of functions mp2_pair11
saving vector of functions mp2_pair22
timer:                        save pnos on disc     0.18s     0.18s 
PNOPairs Memory Information
Total: 0.03402 GB 
PNO  : 0.01014 GB 
KPNO : 0.00981 GB 
W    : 0.01407 GB 

timer:                                 truncate     0.07s     0.07s 
timer:      compute densities for G application     0.00s     0.00s 
pair21 is frozen: no optimization
timer:                Prepare for G application     0.33s     0.33s 
timer:                                    add K     0.03s     0.03s 
size of all Vpsi potentials (without Vnuc and J) 0.01447 GB 
time=147.93037 chunk=8 Vpsi+Vnuc+J=0.03148 GB
time=147.97634 chunk=8 Vpsi+Vnuc+J=0.02985 GB (after truncation)
timer:                           Apply G to all     2.39s     2.39s 
timer:                       apply Q and update     0.00s     0.00s 
mp2_pair11 residual norms:
[0.03423, 0.01448, 0.01448, 0.02034]
mp2_pair11 scaled residual norms:
[0.00203, 0.00089, 0.00089, 0.00481]
mp2_pair22 residual norms:
[0.04151, 0.02121, 0.02121, 0.01823]
mp2_pair22 scaled residual norms:
[0.00240, 0.00125, 0.00125, 0.00511]
timer:                          update all PNOs     2.75s     2.75s 
frozen pair: no orthonormalization
timer:                                     RRCD     0.03s     0.03s 
timer:                             MRA compress     0.00s     0.00s 
timer:                          Transform Pairs     0.12s     0.12s 
saving vector of functions mp2_pair11
saving vector of functions mp2_pair22
timer:                        save pnos on disc     0.17s     0.17s 


No convergence yet. Energy change = 0.00069

timer:                        Whole Iteration 4    11.70s    11.70s 
Information About All Pairs:
mp2_pair11           number=0 rank=  4 frozen=false
mp2_pair21           number=1 rank=  0 frozen=true
mp2_pair22           number=2 rank=  4 frozen=false
number of pairs=3
average rank   =2 (2.66667)
largest rank   =4
PNOPairs Memory Information
Total: 0.01039 GB 
PNO  : 0.01039 GB 
KPNO : 0.00000 GB 
W    : 0.00000 GB 

timer:                                 truncate     0.03s     0.03s 
wall time=153.72541 chunk=8 allK.size()=8 memory=0.01006 GB
timer:                             compute KPNO     3.66s     3.66s 
wall time=153.88658 chunk=8 allJ.size()=8 memory=0.01153 GB
timer:                             compute JPNO     0.16s     0.16s 
timer:                    compute Fock matrices     1.20s     1.20s 
timer:                             MRA compress     0.00s     0.00s 
timer:                          Transform Pairs     0.33s     0.33s 
timer:                             Canonicalize     0.33s     0.33s 
PNOPairs Memory Information
Total: 0.02036 GB 
PNO  : 0.01039 GB 
KPNO : 0.00998 GB 
W    : 0.00000 GB 

timer:                                 truncate     0.03s     0.03s 
mp2_pair21 is frozen: potential not computed
timer:                   Fluctuation Potentials     1.74s     1.74s 
timer:                       Fluctuation Matrix     0.20s     0.20s 
PNOPairs Memory Information
Total: 0.03443 GB 
PNO  : 0.01039 GB 
KPNO : 0.00998 GB 
W    : 0.01407 GB 

PNOPairs Memory Information
Total: 0.03443 GB 
PNO  : 0.01039 GB 
KPNO : 0.00998 GB 
W    : 0.01407 GB 

timer:                                 truncate     0.05s     0.05s 
timer:                             PNO Overlaps     0.07s     0.07s 
t_iter =  0  Hylleraas energy =  0.00000  ||R||_F =  0.24162  conv =  no
subspace solution [*]   1.00000000

t_iter =  1  Hylleraas energy =  -0.06383  ||R||_F =  0.00000  conv =  yes
=======================================================

Hylleraas MP2 Energies

=======================================================
    i    j      singlet      triplet        Total
=======================================================
    1    1  -3.01031e-02  0.00000e+00 -3.01031e-02
    2    1   0.00000e+00  0.00000e+00  0.00000e+00
    2    2  -3.37264e-02  0.00000e+00 -3.37264e-02
=======================================================
Hylleraas MP2 Energies (singlet): -6.38295e-02
Hylleraas MP2 Energies (triplet):  0.00000e+00
Hylleraas MP2 Energies (total)  : -6.38295e-02
=======================================================
-------------------------------------------
Total Reg Energy  =-6.38295e-02
Total F12 Energy  = 0.00000e+00
Sum Energies Total=-6.38295e-02
-------------------------------------------
timer:                         Solve Amplitudes     0.00s     0.00s 
pair11: density evals:
 [*]   0.00344833   0.00371369   0.00371369   0.05505563

pair22: density evals:
 [*]   0.00326797   0.00339726   0.00339726   0.07769955

timer:                            compress PNOs     0.00s     0.00s 
timer:                             MRA compress     0.00s     0.00s 
timer:                          Transform Pairs     0.35s     0.35s 
timer:                          PNO Compression     0.35s     0.35s 
Information About All Pairs:
mp2_pair11           number=0 rank=  4 frozen=false
mp2_pair21           number=1 rank=  0 frozen=true
mp2_pair22           number=2 rank=  4 frozen=false
number of pairs=3
average rank   =2 (2.66667e+00)
largest rank   =4
saving vector of functions mp2_pair11
saving vector of functions mp2_pair22
timer:                        save pnos on disc     0.18s     0.18s 
PNOPairs Memory Information
Total: 0.03443 GB 
PNO  : 0.01039 GB 
KPNO : 0.00998 GB 
W    : 0.01407 GB 

timer:                                 truncate     0.06s     0.06s 
timer:      compute densities for G application     0.00s     0.00s 
pair21 is frozen: no optimization
timer:                Prepare for G application     0.41s     0.41s 
timer:                                    add K     0.01s     0.01s 
size of all Vpsi potentials (without Vnuc and J) 0.01464 GB 
time=159.15973 chunk=8 Vpsi+Vnuc+J=0.03148 GB
time=159.22395 chunk=8 Vpsi+Vnuc+J=0.03001 GB (after truncation)
timer:                           Apply G to all     2.42s     2.42s 
timer:                       apply Q and update     0.00s     0.00s 
mp2_pair11 residual norms:
[0.02236, 0.00822, 0.00822, 0.00997]
mp2_pair11 scaled residual norms:
[0.00131, 0.00050, 0.00050, 0.00234]
mp2_pair22 residual norms:
[0.02784, 0.01399, 0.01399, 0.00898]
mp2_pair22 scaled residual norms:
[0.00159, 0.00082, 0.00082, 0.00250]
timer:                          update all PNOs     2.85s     2.85s 
frozen pair: no orthonormalization
timer:                                     RRCD     0.04s     0.04s 
timer:                             MRA compress     0.00s     0.00s 
timer:                          Transform Pairs     0.12s     0.12s 
saving vector of functions mp2_pair11
saving vector of functions mp2_pair22
timer:                        save pnos on disc     0.15s     0.15s 


No convergence yet. Energy change = 0.00017

timer:                        Whole Iteration 5    11.26s    11.26s 
Information About All Pairs:
mp2_pair11           number=0 rank=  4 frozen=false
mp2_pair21           number=1 rank=  0 frozen=true
mp2_pair22           number=2 rank=  4 frozen=false
number of pairs=3
average rank   =2 (2.66667)
largest rank   =4
PNOPairs Memory Information
Total: 0.01039 GB 
PNO  : 0.01039 GB 
KPNO : 0.00000 GB 
W    : 0.00000 GB 

timer:                                 truncate     0.03s     0.03s 
wall time=164.66883 chunk=8 allK.size()=8 memory=0.01014 GB
timer:                             compute KPNO     3.35s     3.35s 
wall time=164.85457 chunk=8 allJ.size()=8 memory=0.01145 GB
timer:                             compute JPNO     0.19s     0.19s 
timer:                    compute Fock matrices     1.16s     1.16s 
timer:                             MRA compress     0.00s     0.00s 
timer:                          Transform Pairs     0.26s     0.26s 
timer:                             Canonicalize     0.29s     0.29s 
PNOPairs Memory Information
Total: 0.02044 GB 
PNO  : 0.01039 GB 
KPNO : 0.01006 GB 
W    : 0.00000 GB 

timer:                                 truncate     0.04s     0.04s 
mp2_pair21 is frozen: potential not computed
timer:                   Fluctuation Potentials     1.86s     1.86s 
timer:                       Fluctuation Matrix     0.14s     0.14s 
PNOPairs Memory Information
Total: 0.03451 GB 
PNO  : 0.01039 GB 
KPNO : 0.01006 GB 
W    : 0.01407 GB 

PNOPairs Memory Information
Total: 0.03451 GB 
PNO  : 0.01039 GB 
KPNO : 0.01006 GB 
W    : 0.01407 GB 

timer:                                 truncate     0.03s     0.03s 
timer:                             PNO Overlaps     0.05s     0.05s 
t_iter =  0  Hylleraas energy =  0.00000  ||R||_F =  0.24288  conv =  no
subspace solution [*]   1.00000000

t_iter =  1  Hylleraas energy =  -0.06389  ||R||_F =  0.00000  conv =  yes
=======================================================

Hylleraas MP2 Energies

=======================================================
    i    j      singlet      triplet        Total
=======================================================
    1    1  -3.01312e-02  0.00000e+00 -3.01312e-02
    2    1   0.00000e+00  0.00000e+00  0.00000e+00
    2    2  -3.37565e-02  0.00000e+00 -3.37565e-02
=======================================================
Hylleraas MP2 Energies (singlet): -6.38877e-02
Hylleraas MP2 Energies (triplet):  0.00000e+00
Hylleraas MP2 Energies (total)  : -6.38877e-02
=======================================================
-------------------------------------------
Total Reg Energy  =-6.38877e-02
Total F12 Energy  = 0.00000e+00
Sum Energies Total=-6.38877e-02
-------------------------------------------
timer:                         Solve Amplitudes     0.00s     0.00s 
pair11: density evals:
 [*]   0.00340421   0.00368833   0.00368833   0.05465993

pair22: density evals:
 [*]   0.00321926   0.00336051   0.00336051   0.07720159

timer:                            compress PNOs     0.00s     0.00s 
timer:                             MRA compress     0.00s     0.00s 
timer:                          Transform Pairs     0.35s     0.35s 
timer:                          PNO Compression     0.35s     0.35s 
Information About All Pairs:
mp2_pair11           number=0 rank=  4 frozen=false
mp2_pair21           number=1 rank=  0 frozen=true
mp2_pair22           number=2 rank=  4 frozen=false
number of pairs=3
average rank   =2 (2.66667e+00)
largest rank   =4
saving vector of functions mp2_pair11
saving vector of functions mp2_pair22
timer:                        save pnos on disc     0.18s     0.18s 
PNOPairs Memory Information
Total: 0.03443 GB 
PNO  : 0.01039 GB 
KPNO : 0.00998 GB 
W    : 0.01407 GB 

timer:                                 truncate     0.07s     0.07s 
timer:      compute densities for G application     0.00s     0.00s 
pair21 is frozen: no optimization
timer:                Prepare for G application     0.32s     0.32s 
timer:                                    add K     0.02s     0.02s 
size of all Vpsi potentials (without Vnuc and J) 0.01456 GB 
time=169.94451 chunk=8 Vpsi+Vnuc+J=0.03198 GB
time=170.00349 chunk=8 Vpsi+Vnuc+J=0.03042 GB (after truncation)
timer:                           Apply G to all     2.58s     2.58s 
timer:                       apply Q and update     0.00s     0.00s 
mp2_pair11 residual norms:
[0.01446, 0.00520, 0.00520, 0.00497]
mp2_pair11 scaled residual norms:
[0.00084, 0.00032, 0.00032, 0.00116]
mp2_pair22 residual norms:
[0.01884, 0.00979, 0.00979, 0.00454]
mp2_pair22 scaled residual norms:
[0.00107, 0.00057, 0.00057, 0.00126]
timer:                          update all PNOs     2.93s     2.93s 
frozen pair: no orthonormalization
timer:                                     RRCD     0.03s     0.03s 
timer:                             MRA compress     0.00s     0.00s 
timer:                          Transform Pairs     0.14s     0.14s 
saving vector of functions mp2_pair11
saving vector of functions mp2_pair22
timer:                        save pnos on disc     0.17s     0.17s 


CONVERGED!
energy change = 0.00006

re-entering loop to compute the correct amplitudes and energies
timer:                        Whole Iteration 6    11.05s    11.05s 
Information About All Pairs:
mp2_pair11           number=0 rank=  4 frozen=false
mp2_pair21           number=1 rank=  0 frozen=true
mp2_pair22           number=2 rank=  4 frozen=false
number of pairs=3
average rank   =2 (2.66667)
largest rank   =4
PNOPairs Memory Information
Total: 0.01039 GB 
PNO  : 0.01039 GB 
KPNO : 0.00000 GB 
W    : 0.00000 GB 

timer:                                 truncate     0.03s     0.03s 
wall time=175.93286 chunk=8 allK.size()=8 memory=0.01022 GB
timer:                             compute KPNO     3.56s     3.56s 
wall time=176.05459 chunk=8 allJ.size()=8 memory=0.01145 GB
timer:                             compute JPNO     0.12s     0.12s 
timer:                    compute Fock matrices     1.16s     1.16s 
timer:                             MRA compress     0.00s     0.00s 
timer:                          Transform Pairs     0.29s     0.29s 
timer:                             Canonicalize     0.29s     0.29s 
PNOPairs Memory Information
Total: 0.02053 GB 
PNO  : 0.01039 GB 
KPNO : 0.01014 GB 
W    : 0.00000 GB 

timer:                                 truncate     0.04s     0.04s 
mp2_pair21 is frozen: potential not computed
timer:                   Fluctuation Potentials     1.72s     1.72s 
timer:                       Fluctuation Matrix     0.18s     0.18s 
PNOPairs Memory Information
Total: 0.03459 GB 
PNO  : 0.01039 GB 
KPNO : 0.01014 GB 
W    : 0.01407 GB 

PNOPairs Memory Information
Total: 0.03459 GB 
PNO  : 0.01039 GB 
KPNO : 0.01014 GB 
W    : 0.01407 GB 

timer:                                 truncate     0.04s     0.04s 
timer:                             PNO Overlaps     0.11s     0.11s 
t_iter =  0  Hylleraas energy =  0.00000  ||R||_F =  0.24357  conv =  no
subspace solution [*]   1.00000000

t_iter =  1  Hylleraas energy =  -0.06391  ||R||_F =  0.00000  conv =  yes
=======================================================

Hylleraas MP2 Energies

=======================================================
    i    j      singlet      triplet        Total
=======================================================
    1    1  -3.01375e-02  0.00000e+00 -3.01375e-02
    2    1   0.00000e+00  0.00000e+00  0.00000e+00
    2    2  -3.37690e-02  0.00000e+00 -3.37690e-02
=======================================================
Hylleraas MP2 Energies (singlet): -6.39065e-02
Hylleraas MP2 Energies (triplet):  0.00000e+00
Hylleraas MP2 Energies (total)  : -6.39065e-02
=======================================================
-------------------------------------------
Total Reg Energy  =-6.39065e-02
Total F12 Energy  = 0.00000e+00
Sum Energies Total=-6.39065e-02
-------------------------------------------
timer:                         Solve Amplitudes     0.00s     0.00s 
pair11: density evals:
 [*]   0.00337343   0.00367323   0.00367323   0.05444927

pair22: density evals:
 [*]   0.00318625   0.00333561   0.00333561   0.07696245

timer:                            compress PNOs     0.00s     0.00s 
timer:                             MRA compress     0.00s     0.00s 
timer:                          Transform Pairs     0.60s     0.60s 
timer:                          PNO Compression     0.60s     0.60s 
Information About All Pairs:
mp2_pair11           number=0 rank=  4 frozen=false
mp2_pair21           number=1 rank=  0 frozen=true
mp2_pair22           number=2 rank=  4 frozen=false
number of pairs=3
average rank   =2 (2.66667e+00)
largest rank   =4
saving vector of functions mp2_pair11
saving vector of functions mp2_pair22
timer:                        save pnos on disc     0.17s     0.17s 
exiting: Iterations converged
PNO ranks:
PNO Rank for pair pair11 = 4
PNO Rank for pair pair21 = 0
PNO Rank for pair pair22 = 4
average rank 2.66667e+00
timer:                               PNO::solve    79.90s    79.90s 

--------------------------------
ITERATE-PAIRS-INTERNAL-ENDED
--------------------------------
mp2_pair21 converged!


Adaptive Sovler:
 Current Energy=-6.3906498868e-02
 DeltaE        =-6.3906498868e-02
 max dE (pair) =-3.3768996229e-02 (2)
 all_pairs_conv=false




not converged yet

freeze pair mp2_pair21 (not further optimized: Energy below 1.0000000000e-05)
Maximum Rank of4 reached for all non-frozen pairs, no need to iterate further=======================================================

Final MP2 Energies

=======================================================
    i    j      singlet      triplet        Total
=======================================================
    1    1  -3.01375e-02  0.00000e+00 -3.01375e-02
    2    1   0.00000e+00  0.00000e+00  0.00000e+00
    2    2  -3.37690e-02  0.00000e+00 -3.37690e-02
=======================================================
Final MP2 Energies (singlet): -6.39065e-02
Final MP2 Energies (triplet):  0.00000e+00
Final MP2 Energies (total)  : -6.39065e-02
=======================================================
-------------------------------------------
Total Reg Energy  =-6.39065e-02
Total F12 Energy  = 0.00000e+00
Sum Energies Total=-6.39065e-02
-------------------------------------------
Average | Max Rank: 2 | 4



--------------------------------------------------
MRA-PNO-MP2-F12 ended 
--------------------------------------------------
                 time scf = 9.36793e+01
               energy scf = -1.54819e+01
--------------------------------------------------
restarting PNO to reload pairs that converged before and were frozen
PNO Parameters
pno
       rank_increase  15         # default   maximum rank to increase in every macroiteration
               chunk  100        # default   chunk of functions operated on in parallel when G or K is applied (prevent memory shortage)
               debug  false      # default   debug mode
              freeze  1          # derived   frozen core approximation
             maxrank  4          # defined   maximal pno rank for all pairs
           guesstype  exop       # derived   the guesstype: exop (recommended, multiply polynomial excitation operators onto the occupied orbitals), empty (don't compute a guess), scf (use the ao basis from the SCF solver), partial_wave (create s,p,d ..., type functions and place on atoms), predefined (same as partial_wave but for predefined sets)
                exop  multipole  # derived   this string defines which excitation operators can be used, use 'dipole', 'dipole+', 'quadrupole', 'ocopole', or 'multipole', need to set guesstype to 'exop' which is the default
          exop_trigo  true       # default   use trigonometric excitation operators ( x --> sin(x)
        partial_wave             # default   atom centered partial wave guess of format like 'h-2s1p-o-3s2p1d', need to set guesstype to 'partial_wave' and adaptive_solver to 'none'
          predefined             # default   predefined partial wave guesses of type pvxz with x=d,t,q,5,6, need to set guesstype to 'predefined' and adaptive_solver to 'none'
           maxiter_t  100        # default   maximal number of iterations in the amplitude solver
       maxiter_micro  10         # default   Maximum of iterations for every cycle in the adaptive solver
       maxiter_macro  10         # default   Maximum of iterations of cycles in the adaptive solver
                tpno  1.0000e-08 # default   PNO cutoff threshold
          tpno_tight  1.0000e-10 # derived   PNO cutoff for the first iteration
    canonicalize_pno  true       # default   canonicalize the pnos before the amplitude solver
              thresh  1.0000e-04 # defined   MRA threshold
         econv_micro  1.0000e-04 # derived   Energy convergence for microiterations (Greens function based optimization) in adaptive solver
         econv_pairs  1.0000e-05 # derived   ENergy convergence for individual pairs in adaptive solver. Converged pairs are frozen automatically
         econv_macro  1.0000e-04 # derived   Energy convergence for macroiterations in adaptive solver, no effect if adaptive_solver is deactivated
               dconv  1.0000e-01 # default   convergence of every PNO in the Green's function solver
           op_thresh  1.0000e-06 # default   MRA operator thresh
             restart  all        # defined   restart pairs of this type, use 'mp2', 'cispd', 'all' or 'none'
          no_compute  none       # default   do not compute the pairs of this type, use 'mp2', 'cispd', 'all' or 'none'
              no_opt  all        # defined   do not optimize the pnos of this type, use 'mp2', 'cispd', 'all' or 'none'
            no_guess  all        # defined   guess for this type will be empty, use 'mp2', 'cispd', 'all' or 'none'
     adaptive_solver  none       # defined   Use adaptive solver for those pairs, use 'mp2', 'cispd', 'all' or 'none', works only in combination with guesstype 'exop'
                kain  true       # default   use KAIN solver in amplitude solver
       kain_subspace  5          # default   subspace size of the KAIN solver (amplitudes)
                 f12  false      # defined   use explicit correlation
        cispd_number  -1         # default   CIS(D) excitation numbers, to read in correct functions
        cispd_energy  0.0000e+00 # default   CIS energy
        freeze_pairs  none       # default   frozen pairs will not be optimized: Expected format 'a b c d' will freeze pairs ab and cd
freeze_pairs_of_orbital  []         # default    All pairs which originate from this orbital will not be optimized
active_pairs_of_orbital  []         # default    All pairs which originate from this orbital will not be frozen all other pairs will, if this vector is not empty
no_opt_in_first_iteration  false      # default   Do not optimize in the first iteration (then the potentials do not have to be evaluated, use this for large guesses)
            exchange  full       # default   approximate exchange with 'neglect' or xc functional -> same syntax as moldft
           save_pnos  true       # default   Save the OBS-PNOs to a file, before and after orthonormalization.
            diagonal  true       # defined   Compute only diagonal PNOs

end

**********************
Solve PNO-MP2
*********************


**********************
Iterate Pairs
*********************


************************
Standard Solver
***********************

Initializing Pairs:
Restart demanded for mp2 pairs
loading vector of functions mp2_pair11
Found PNOs for mp2_pair11 with rank 4
loading vector of functions mp2_pair21
failed to find PNO mp2_pair21 initialize as zero function
nloading vector of functions mp2_pair22
Found PNOs for mp2_pair22 with rank 4
no guess was explicitly demanded for mp2

timer:                                     RRCD     0.06s     0.06s 
timer:                             MRA compress     0.00s     0.00s 
timer:                          Transform Pairs     0.15s     0.15s 
timer:          apply Q and orthonormalize PNOs     0.45s     0.45s 
Created Guess:
pair11 with 4 guess functions
pair21 with 0 guess functions
pair22 with 4 guess functions
guess pair11 size: 5.1519870758e-03 | 5.1519870758e-03 Gbyte (after truncation)
guess pair22 size: 5.2337646484e-03 | 5.2337646484e-03 Gbyte (after truncation)
timer:                           truncate guess     0.07s     0.07s 
timer:                         Initialize Pairs     0.53s     0.53s 
Information About All Pairs:
mp2_pair11           number=0 rank=  4 frozen=false
mp2_pair21           number=1 rank=  0 frozen=true
mp2_pair22           number=2 rank=  4 frozen=false
number of pairs=3
average rank   =2 (2.6666666667e+00)
largest rank   =4
SolveInternal: Parameters are assigned as
no_compute        = false
no_opt            = true
restart           = true
do_cispd          = false
econv             =1.0000000000e-04
maxrank (min,max) = (4,4)
Solving MP2 doubles
timer:          fock matrix     2.95s     2.95s
Information About All Pairs:
mp2_pair11           number=0 rank=  4 frozen=false
mp2_pair21           number=1 rank=  0 frozen=true
mp2_pair22           number=2 rank=  4 frozen=false
number of pairs=3
average rank   =2 (2.6666666667e+00)
largest rank   =4
PNOPairs Memory Information
Total: 0.0103857517 GB 
PNO  : 0.0103857517 GB 
KPNO : 0.0000000000 GB 
W    : 0.0000000000 GB 

timer:                                 truncate     0.08s     0.08s 
wall time=187.7214181423 chunk=8 allK.size()=8 memory=0.0102221966 GB
timer:                             compute KPNO     3.74s     3.74s 
wall time=187.8467571735 chunk=8 allJ.size()=8 memory=0.0114488602 GB
timer:                             compute JPNO     0.13s     0.13s 
timer:                    compute Fock matrices     1.06s     1.06s 
timer:                             MRA compress     0.00s     0.00s 
timer:                          Transform Pairs     0.26s     0.26s 
timer:                             Canonicalize     0.26s     0.26s 
PNOPairs Memory Information
Total: 0.0205261707 GB 
PNO  : 0.0103857517 GB 
KPNO : 0.0101404190 GB 
W    : 0.0000000000 GB 

timer:                                 truncate     0.04s     0.04s 
mp2_pair21 is frozen: potential not computed
timer:                   Fluctuation Potentials     1.87s     1.87s 
timer:                       Fluctuation Matrix     0.21s     0.21s 
PNOPairs Memory Information
Total: 0.0345919132 GB 
PNO  : 0.0103857517 GB 
KPNO : 0.0101404190 GB 
W    : 0.0140657425 GB 

PNOPairs Memory Information
Total: 0.0345919132 GB 
PNO  : 0.0103857517 GB 
KPNO : 0.0101404190 GB 
W    : 0.0140657425 GB 

timer:                                 truncate     0.02s     0.02s 
timer:                             PNO Overlaps     0.07s     0.07s 
t_iter =  0  Hylleraas energy =  0.0000000000  ||R||_F =  0.2435652220  conv =  no
subspace solution [*]   1.00000000

t_iter =  1  Hylleraas energy =  -0.0639066846  ||R||_F =  0.0000003889  conv =  yes
=======================================================

Hylleraas MP2 Energies

=======================================================
    i    j      singlet      triplet        Total
=======================================================
    1    1  -3.01377e-02  0.00000e+00 -3.01377e-02
    2    1   0.00000e+00  0.00000e+00  0.00000e+00
    2    2  -3.37690e-02  0.00000e+00 -3.37690e-02
=======================================================
Hylleraas MP2 Energies (singlet): -6.39067e-02
Hylleraas MP2 Energies (triplet):  0.00000e+00
Hylleraas MP2 Energies (total)  : -6.39067e-02
=======================================================
-------------------------------------------
Total Reg Energy  =-6.39067e-02
Total F12 Energy  = 0.00000e+00
Sum Energies Total=-6.39067e-02
-------------------------------------------
timer:                         Solve Amplitudes     0.00s     0.00s 
No optimization untill now: Compressing pno ranks with tighter threshold
1.00000e-10 instead of 1.00000e-08
pair11: density evals:
 [*]   0.00337343   0.00367323   0.00367323   0.05444967

pair22: density evals:
 [*]   0.00318623   0.00333561   0.00333561   0.07696264

timer:                            compress PNOs     0.00s     0.00s 
timer:                             MRA compress     0.00s     0.00s 
timer:                          Transform Pairs     0.56s     0.56s 
timer:                          PNO Compression     0.56s     0.56s 
Information About All Pairs:
mp2_pair11           number=0 rank=  4 frozen=false
mp2_pair21           number=1 rank=  0 frozen=true
mp2_pair22           number=2 rank=  4 frozen=false
number of pairs=3
average rank   =2 (2.66667e+00)
largest rank   =4
saving vector of functions mp2_pair11
saving vector of functions mp2_pair22
timer:                        save pnos on disc     0.17s     0.17s 
exiting: Found no_opt keyword
PNO ranks:
PNO Rank for pair pair11 = 4
PNO Rank for pair pair21 = 0
PNO Rank for pair pair22 = 4
average rank 2.66667e+00
timer:                               PNO::solve    11.21s    11.21s 

--------------------------------
ITERATE-PAIRS-INTERNAL-ENDED
--------------------------------
=======================================================

Final MP2 Energies

=======================================================
    i    j      singlet      triplet        Total
=======================================================
    1    1  -3.01377e-02  0.00000e+00 -3.01377e-02
    2    1   0.00000e+00  0.00000e+00  0.00000e+00
    2    2  -3.37690e-02  0.00000e+00 -3.37690e-02
=======================================================
Final MP2 Energies (singlet): -6.39067e-02
Final MP2 Energies (triplet):  0.00000e+00
Final MP2 Energies (total)  : -6.39067e-02
=======================================================
-------------------------------------------
Total Reg Energy  =-6.39067e-02
Total F12 Energy  = 0.00000e+00
Sum Energies Total=-6.39067e-02
-------------------------------------------
Average | Max Rank: 2 | 4
                 time pno = 8.62236e+01
               energy mp2 = -6.39067e-02
     average pno rank mp2 = 2
         max pno rank mp2 = 4
--------------------------------------------------
            energy(total) = -1.55459e+01
--------------------------------------------------



Orthonormalization technique used: symmetric
No CABS used.
Tightening thresholds to +0.00010000 for post-processing
Overlap Matrix of all PNOs:
+1.00000308 -0.51750046 -0.00000000 +0.00000000 
-0.51750046 +1.00001047 -0.00000000 +0.00000000 
-0.00000000 -0.00000000 +1.00000000 +0.00000000 
+0.00000000 +0.00000000 +0.00000000 +1.00000000 
Before cherry pick
rank is +0
all used occupation numbers:
[+0.07696264 +0.05444967 +0.00367323 +0.00367323 ]
corresponding to active pairs:
[(1,1) (0,0) (0,0) (0,0) ]
After cherry pick
all used occupation numbers:
[+0.07696264 +0.05444967 +0.00367323 +0.00367323 ]
corresponding to active pairs:
[(1,1) (0,0) (0,0) (0,0) ]
Overlap Matrix before symmetric
[+0,*]  +1.00000308  -0.51750046  -0.00000000  +0.00000000
[+1,*]  -0.51750046  +1.00001047  -0.00000000  +0.00000000
[+2,*]  -0.00000000  -0.00000000  +1.00000000  +0.00000000
[+3,*]  +0.00000000  +0.00000000  +0.00000000  +1.00000000
Overlap Matrix after symmetric
[+0,*]  +1.00000000  -0.00000001  +0.00000000  +0.00000000
[+1,*]  -0.00000001  +1.00000000  -0.00000000  -0.00000000
[+2,*]  +0.00000000  -0.00000000  +1.00000000  +0.00000000
[+3,*]  +0.00000000  -0.00000000  +0.00000000  +1.00000000
Adding 3 HF orbitals
Size before adding CABS: 7.
Size after adding CABS: 7.
Compute G and F Tensor:
Assemble g,f using symmetries...
non zero elements:
 g : +4102
 h : +27
Overlap over whole basis
[+0,*]  +1.00000000  +0.00000006  -0.00000109  +0.00000133  -0.00001511  +0.00000000  -0.00000000
[+1,*]  +0.00000006  +1.00000000  +0.00000007  +0.00000016  -0.00000210  +0.00000000  -0.00000000
[+2,*]  -0.00000109  +0.00000007  +1.00000000  +0.00000023  -0.00000210  +0.00000000  -0.00000000
[+3,*]  +0.00000133  +0.00000016  +0.00000023  +1.00000000  -0.00000001  +0.00000000  +0.00000000
[+4,*]  -0.00001511  -0.00000210  -0.00000210  -0.00000001  +1.00000000  +0.00000000  +0.00000000
[+5,*]  +0.00000000  +0.00000000  +0.00000000  +0.00000000  +0.00000000  +1.00000000  -0.00000000
[+6,*]  -0.00000000  -0.00000000  -0.00000000  +0.00000000  +0.00000000  -0.00000000  +1.00000000

||S-1||=+0.00002191
finished at time 233.9

    Parallel environment
    --------------------
                  #nodes    1
       #threads per node    11+main = 12
          #total threads    12

  RMI message statistics (min / avg / max)
  ----------------------
   #messages in server q    0.00e+00 / 0.00e+00 / 0.00e+00
 #messages sent per node    0.00e+00 / 0.00e+00 / 0.00e+00
    #bytes sent per node    0.00e+00 / 0.00e+00 / 0.00e+00
 #messages recv per node    0.00e+00 / 0.00e+00 / 0.00e+00
    #bytes recv per node    0.00e+00 / 0.00e+00 / 0.00e+00
        #msgs systemwide    0.00e+00
       #bytes systemwide    0.00e+00

  Thread pool statistics (min / avg / max)
  ----------------------
         #tasks per node    1.76e+07 / 1.76e+07 / 1.76e+07
     #max q len per node    8.62e+03 / 8.62e+03 / 8.62e+03
  #hi-pri tasks per node    6.11e+06 / 6.11e+06 / 6.11e+06

         Total wall time    233.9s
         Total  cpu time    233.9s

