MADNESS runtime initialized with 11 threads in the pool and affinity -1 -1 -1
starting at time 0.0

--------------------------------------------
   MADNESS 0.10.1 multiresolution suite
--------------------------------------------

   number of processors ... 1
    processor frequency ... 3.695920e+09
            host system ... Linux
          configured by ... kottmann
          configured on ... wittgenstein
          configured at ... 2021-02-10T21:25:26
                    CXX ... /usr/bin/c++
               CXXFLAGS ... -O3 -DNDEBUG -I/h/28/kottmann/install/numcpp/include/ -I/h/28/kottmann/install/boost/boost_1_72_0/include/ -std=c++1z
             tuning for ... default
                    MPI ... multiple
 multi-threaded runtime ... MADNESS ThreadPool
                   BLAS ... Intel MKL 66420 66420 MFLOP/s
               compiled ... 13:08:26  on  Feb 23 2021


-------------------------------------------------------------------------------------
SOLVING MRA-PNO-F12 as described in 
J.S. Kottmann, F.A. Bischoff, E.F. Valeev
Direct determination of optimal pair-natural orbitals in a real-space representation:
the second-order Møller-Plesset energy
Journal of Chemical Physics ... 2020
-------------------------------------------------------------------------------------


This script will run PNO-MP2 and print out tensors in binary
Call as: pno_integrals inputfileinput is input
ignoring unknown parameter in input file:  ncf

Angstrom being used to read input coordinates (1 Bohr = 1.88972613 Angstrom)


Asymptotic correction parameters
---------------------------------------
Atom vector is not empty: false
Using multipole approximation: false
Number of electrons = -1
Ionisation energy = 0.000000e+00
E(HOMO) = 0.000000e+00
R1 = 3.000000e+00
R2 = 4.000000e+00
DFT coefficient = 0.000000e+00
Interpolation scheme = linear
constructed symmetry operator for point group C1
dft
              charge  0.0000e+00 # defined   total molecular charge
                  xc  hf         # defined   XC input line
               smear  0.0000e+00 # default   smearing parameter
               econv  1.0000e-04 # defined   energy convergence
               dconv  5.0000e-04 # defined   density convergence
convergence_criteria  [bsh_residual, total_energy] # default   possible values are: bsh_residual, total_energy, each_energy, density
                   k  7          # defined   polynomial order
                   l  5.3905e+01 # derived   user coordinates box size
               deriv  abgv       # default   derivative method                            [abgv, bspline, ble]
           dft_deriv  abgv       # default   derivative method for gga potentials         [abgv, bspline, ble]
             maxrotn  2.5000e-01 # default   step restriction used in autoshift algorithm
             nvalpha  0          # default   number of alpha virtuals to compute
              nvbeta  0          # default   number of beta virtuals to compute
               nopen  0          # default   number of unpaired electrons = nalpha-nbeta
             maxiter  25         # default   maximum number of iterations
                 nio  1          # default   no. of io servers to use
     spin_restricted  true       # default   true if spin restricted
              plotlo  0          # default   range of MOs to print (for both spins if polarized
              plothi  -1         # default   range of MOs to print (for both spins if polarized
            plotdens  false      # default   If true print the density at convergence
            plotcoul  false      # default   If true plot the total coulomb potential at convergence
            localize  boys       # defined   localization method                          [pm, boys, new, canon]
          pointgroup  c1         # derived   use point (sub) group symmetry if not localized[c1, c2, ci, cs, c2v, c2h, d2, d2h]
             restart  false      # default   if true restart from orbitals on disk
           restartao  false      # default   if true restart from orbitals projected into AO basis (STO3G) on disk
          no_compute  false      # default   if true use orbitals on disk, set value to computed
           no_orient  false      # default   if true the molecule coordinates will not be reoriented
                save  true       # default   if true save orbitals to disk
              maxsub  10         # default   size of iterative subspace ... set to 0 or 1 to disable
        orbitalshift  0.0000e+00 # default   scf orbital shift: shift the occ orbitals to lower energies
            npt_plot  101        # default   no. of points to use in each dim for plots
           plot_cell  []         # default   lo hi in each dimension for plotting (default is all space)
             aobasis  6-31g      # derived   AO basis used for initial guess (6-31g or sto-3g)
           core_type  none       # default   core potential type                          [none, mpc]
         derivatives  false      # default   if true calculate nuclear derivatives
              dipole  false      # default   if true calculate dipole moment
      conv_only_dens  false      # default   if true remove bsh_residual from convergence criteria (deprecated)
            psp_calc  false      # default   pseudopotential calculation for all atoms
 print_dipole_matels  false      # default   if true output dipole matrix elements
            pcm_data  none       # default   do a PCM (solvent) calculation
             ac_data  none       # default   do a calculation with asymptotic correction (see ACParameters class in chem/AC.h for details)
             pure_ae  true       # default   pure all electron calculation with no pseudo-atoms
         print_level  3          # default   0: no output; 1: final energy; 2: iterations; 3: timings; 10: debug
              nalpha  3          # derived   number of alpha spin electrons
               nbeta  3          # derived   number of beta  spin electrons
           nmo_alpha  3          # derived   number of alpha spin molecular orbitals
            nmo_beta  3          # derived   number of beta spin molecular orbitals
                  lo  9.0905e-04 # derived   smallest length scale we need to resolve
            protocol  [1.0000e-04, 1.0000e-06] # derived   calculation protocol
                gopt  false      # default   geometry optimizer
                gtol  1.0000e-04 # default   geometry tolerance
               gtest  false      # default   geometry tolerance
                gval  1.0000e-05 # default   value precision
               gprec  1.0000e-04 # default   gradient precision
            gmaxiter  20         # default   optimization maxiter
    ginitial_hessian  false      # default   compute inital hessian for optimization
              algopt  bfgs       # default   algorithm used for optimization              [bfgs, cg]
            tdksprop  false      # default   time-dependent Kohn-Sham equation propagate
           nv_factor  1          # default   factor to multiply number of virtual orbitals with when automatically decreasing nvirt
           vnucextra  2          # default   load balance parameter for nuclear pot
        loadbalparts  2          # default   ??
            response  false      # default   response function calculation
       response_freq  0.0000e+00 # default   frequency for calculation response function
       response_axis  [1, 1, 1]  # default   response axis
           nonrotate  false      # default   if true do not molcule orient (redundant with no_orient
               rconv  1.0000e-06 # default   Response convergence
              efield  0.0000e+00 # default   eps for finite field
         efield_axis  0          # default   finite field axis                            [0, 1, 2]
              nwfile  none       # default   Base name of nwchem output files (.out and .movecs extensions) to read from
                 ncf  (none,1.0000e+00) # defined   nuclear correlation factor
             hessian  false      # default   compute the hessian matrix
           read_cphf  false      # default   read the converged orbital response for nuclear displacements from file
        restart_cphf  false      # default   read the guess orbital response for nuclear displacements from file
      purify_hessian  false      # default   symmetrize the hessian matrix based on atomic charges

end
              charge  0.0000e+00 # defined   total molecular charge
                  xc  hf         # defined   XC input line
               smear  0.0000e+00 # default   smearing parameter
               econv  1.0000e-04 # defined   energy convergence
               dconv  5.0000e-04 # defined   density convergence
convergence_criteria  [bsh_residual, total_energy] # default   possible values are: bsh_residual, total_energy, each_energy, density
                   k  7          # defined   polynomial order
                   l  5.3905e+01 # derived   user coordinates box size
               deriv  abgv       # default   derivative method                            [abgv, bspline, ble]
           dft_deriv  abgv       # default   derivative method for gga potentials         [abgv, bspline, ble]
             maxrotn  2.5000e-01 # default   step restriction used in autoshift algorithm
             nvalpha  0          # default   number of alpha virtuals to compute
              nvbeta  0          # default   number of beta virtuals to compute
               nopen  0          # default   number of unpaired electrons = nalpha-nbeta
             maxiter  25         # default   maximum number of iterations
                 nio  1          # default   no. of io servers to use
     spin_restricted  true       # default   true if spin restricted
              plotlo  0          # default   range of MOs to print (for both spins if polarized
              plothi  -1         # default   range of MOs to print (for both spins if polarized
            plotdens  false      # default   If true print the density at convergence
            plotcoul  false      # default   If true plot the total coulomb potential at convergence
            localize  boys       # defined   localization method                          [pm, boys, new, canon]
          pointgroup  c1         # derived   use point (sub) group symmetry if not localized[c1, c2, ci, cs, c2v, c2h, d2, d2h]
             restart  false      # default   if true restart from orbitals on disk
           restartao  false      # default   if true restart from orbitals projected into AO basis (STO3G) on disk
          no_compute  false      # default   if true use orbitals on disk, set value to computed
           no_orient  false      # default   if true the molecule coordinates will not be reoriented
                save  true       # default   if true save orbitals to disk
              maxsub  10         # default   size of iterative subspace ... set to 0 or 1 to disable
        orbitalshift  0.0000e+00 # default   scf orbital shift: shift the occ orbitals to lower energies
            npt_plot  101        # default   no. of points to use in each dim for plots
           plot_cell  []         # default   lo hi in each dimension for plotting (default is all space)
             aobasis  6-31g      # derived   AO basis used for initial guess (6-31g or sto-3g)
           core_type  none       # default   core potential type                          [none, mpc]
         derivatives  false      # default   if true calculate nuclear derivatives
              dipole  false      # default   if true calculate dipole moment
      conv_only_dens  false      # default   if true remove bsh_residual from convergence criteria (deprecated)
            psp_calc  false      # default   pseudopotential calculation for all atoms
 print_dipole_matels  false      # default   if true output dipole matrix elements
            pcm_data  none       # default   do a PCM (solvent) calculation
             ac_data  none       # default   do a calculation with asymptotic correction (see ACParameters class in chem/AC.h for details)
             pure_ae  true       # default   pure all electron calculation with no pseudo-atoms
         print_level  3          # default   0: no output; 1: final energy; 2: iterations; 3: timings; 10: debug
              nalpha  3          # derived   number of alpha spin electrons
               nbeta  3          # derived   number of beta  spin electrons
           nmo_alpha  3          # derived   number of alpha spin molecular orbitals
            nmo_beta  3          # derived   number of beta spin molecular orbitals
                  lo  9.0905e-04 # derived   smallest length scale we need to resolve
            protocol  [1.0000e-04, 1.0000e-06] # derived   calculation protocol
                gopt  false      # default   geometry optimizer
                gtol  1.0000e-04 # default   geometry tolerance
               gtest  false      # default   geometry tolerance
                gval  1.0000e-05 # default   value precision
               gprec  1.0000e-04 # default   gradient precision
            gmaxiter  20         # default   optimization maxiter
    ginitial_hessian  false      # default   compute inital hessian for optimization
              algopt  bfgs       # default   algorithm used for optimization              [bfgs, cg]
            tdksprop  false      # default   time-dependent Kohn-Sham equation propagate
           nv_factor  1          # default   factor to multiply number of virtual orbitals with when automatically decreasing nvirt
           vnucextra  2          # default   load balance parameter for nuclear pot
        loadbalparts  2          # default   ??
            response  false      # default   response function calculation
       response_freq  0.0000e+00 # default   frequency for calculation response function
       response_axis  [1, 1, 1]  # default   response axis
           nonrotate  false      # default   if true do not molcule orient (redundant with no_orient
               rconv  1.0000e-06 # default   Response convergence
              efield  0.0000e+00 # default   eps for finite field
         efield_axis  0          # default   finite field axis                            [0, 1, 2]
              nwfile  none       # default   Base name of nwchem output files (.out and .movecs extensions) to read from



 geometry
   eprec 1.0e-06
   units atomic
   Be            0.00000000           0.00000000           0.25196348
   H             0.00000000           0.00000000           2.89758007
   H             0.00000000           0.00000000          -3.90543401
 end

Solving NDIM= 3  with thresh 1.000000e-04     k 7    conv 5.000000e-04 

timer:     Project vnuclear     0.62s     0.62s
constructed nuclear correlation factor of the form
    R   =  1.000000e+00
with eprec  1.000000e-06
which means it's (nearly) a conventional calculation

timer:        reproject ncf     1.77s     1.77s
timer:        guess density     0.50s     0.50s
timer:   guess Coulomb potn     0.48s     0.48s
timer:       guess lda potn     0.29s     0.29s
timer:        guess overlap     0.01s     0.01s
timer:    KEmat reconstruct     0.04s     0.04s
timer:  KEmat differentiate     0.26s     0.26s
timer:       KEmat compress     0.11s     0.11s
timer: KEmat inner products     0.16s     0.16s
timer:     guess Kinet potn     0.57s     0.57s
timer:           guess fock     0.46s     0.46s
timer:      guess eigen sol     0.03s     0.03s
timer: guess orbital groupi     0.07s     0.07s

starting protocol at time      7.2s 
precision steps  1.000000e-04  -->  1.000000e-04
protocol: thresh 1.000000e-04 econv  1.000000e-04 dconv 5.000000e-04

ending protocol at time      7.2s 

Solving NDIM= 3  with thresh 1.000000e-04     k 7    conv 5.000000e-04 

timer:        Boys localize     1.02s     1.02s
orbital irreps []
timer:      reconstruct psi     0.13s     0.13s
timer:        compute Jnemo     0.56s     0.56s
timer:        compute Knemo     2.15s     2.15s
timer: compute Unemo 0.0157     0.23s     0.23s

  nuclear and kinetic     -25.31027469
         kinetic only      15.44178690
              coulomb      10.36422494
             exchange      -3.33304821
    nuclear-repulsion       2.62106893
   regularized energy     -15.65802903
  buggy if hybrid functionals are used..
timer:       compute energy     3.48s     3.48s
Norm of vector changes ab spin case : rms 5.026715e-02    max 7.375500e-02
convergence: bshresidual, energy change, max energy change, density change 5.5e-02 1.6e+01 1.6e+01 1.4e+00
finished iteration  0 at time     19.9s with energy  -15.65802903
timer:        Boys localize     0.94s     0.94s
orbital irreps []
timer:      reconstruct psi     0.14s     0.14s
timer:        compute Jnemo     0.71s     0.71s
timer:        compute Knemo     1.89s     1.89s
timer: compute Unemo 0.0153     0.19s     0.19s

  nuclear and kinetic     -25.33816414
         kinetic only      15.38358982
              coulomb      10.34351568
             exchange      -3.30976670
    nuclear-repulsion       2.62106893
   regularized energy     -15.68334623
  buggy if hybrid functionals are used..
timer:       compute energy     3.30s     3.30s
Norm of vector changes ab spin case : rms 2.167982e-02    max 3.148133e-02
convergence: bshresidual, energy change, max energy change, density change 1.6e-02 2.5e-02 5.8e-02 1.0e-02
finished iteration  1 at time     32.3s with energy  -15.68334623
timer:        Boys localize     0.97s     0.97s
orbital irreps []
timer:      reconstruct psi     0.21s     0.21s
timer:        compute Jnemo     0.65s     0.65s
timer:        compute Knemo     2.09s     2.09s
timer: compute Unemo 0.0152     0.27s     0.27s

  nuclear and kinetic     -25.35546645
         kinetic only      15.37009743
              coulomb      10.34865884
             exchange      -3.30055459
    nuclear-repulsion       2.62106893
   regularized energy     -15.68629326
  buggy if hybrid functionals are used..
timer:       compute energy     3.52s     3.52s
Norm of vector changes ab spin case : rms 4.187361e-03    max 6.273818e-03
convergence: bshresidual, energy change, max energy change, density change 2.6e-03 2.9e-03 1.7e-02 2.2e-03
finished iteration  2 at time     45.1s with energy  -15.68629326
timer:        Boys localize     1.09s     1.09s
orbital irreps []
timer:      reconstruct psi     0.22s     0.22s
timer:        compute Jnemo     0.61s     0.61s
timer:        compute Knemo     2.08s     2.08s
timer: compute Unemo 0.0152     0.18s     0.18s

  nuclear and kinetic     -25.36503646
         kinetic only      15.36788640
              coulomb      10.35627318
             exchange      -3.29875674
    nuclear-repulsion       2.62106893
   regularized energy     -15.68645109
  buggy if hybrid functionals are used..
timer:       compute energy     3.18s     3.18s
Norm of vector changes ab spin case : rms 1.928807e-03    max 2.802068e-03
convergence: bshresidual, energy change, max energy change, density change 9.6e-04 1.6e-04 9.6e-03 5.7e-04
finished iteration  3 at time     57.7s with energy  -15.68645109
timer:        Boys localize     0.99s     0.99s
orbital irreps []
timer:      reconstruct psi     0.16s     0.16s
timer:        compute Jnemo     0.64s     0.64s
timer:        compute Knemo     1.91s     1.91s
timer: compute Unemo 0.0152     0.22s     0.22s

  nuclear and kinetic     -25.36953132
         kinetic only      15.36747942
              coulomb      10.36044669
             exchange      -3.29845713
    nuclear-repulsion       2.62106893
   regularized energy     -15.68647283
  buggy if hybrid functionals are used..
timer:       compute energy     3.50s     3.50s
Norm of vector changes ab spin case : rms 6.241722e-04    max 8.312659e-04
convergence: bshresidual, energy change, max energy change, density change 3.3e-04 2.2e-05 4.5e-03 1.6e-04
finished iteration  4 at time     70.5s with energy  -15.68647283

Iterations converged


ending protocol at time     70.5s 

 Dipole Moment (a.u.)
 -----------

     x:  -2.139426e-14
     y:  -5.274986e-14
     z:  6.878926e-01
 Total Dipole Moment:  6.878926e-01 

timer:               dipole     0.03s     0.03s
Nemo Orbital Energies: [*]  -4.76581003  -0.49532660  -0.36163947

nemo energy:  -1.568647e+01
 at time 71.0
PNO Integrals evaluated as:
pnoint
       rank_increase  15         # default   maximum rank to increase in every macroiteration
               chunk  100        # default   chunk of functions operated on in parallel when G or K is applied (prevent memory shortage)
               debug  false      # default   debug mode
              freeze  1          # derived   frozen core approximation
             maxrank  3          # defined   maximal pno rank for all pairs
           guesstype  exop       # derived   the guesstype: exop (recommended, multiply polynomial excitation operators onto the occupied orbitals), empty (don't compute a guess), scf (use the ao basis from the SCF solver), partial_wave (create s,p,d ..., type functions and place on atoms), predefined (same as partial_wave but for predefined sets)
                exop  multipole  # derived   this string defines which excitation operators can be used, use 'dipole', 'dipole+', 'quadrupole', 'ocopole', or 'multipole', need to set guesstype to 'exop' which is the default
          exop_trigo  true       # default   use trigonometric excitation operators ( x --> sin(x)
        partial_wave             # default   atom centered partial wave guess of format like 'h-2s1p-o-3s2p1d', need to set guesstype to 'partial_wave' and adaptive_solver to 'none'
          predefined             # default   predefined partial wave guesses of type pvxz with x=d,t,q,5,6, need to set guesstype to 'predefined' and adaptive_solver to 'none'
           maxiter_t  100        # default   maximal number of iterations in the amplitude solver
       maxiter_micro  10         # default   Maximum of iterations for every cycle in the adaptive solver
       maxiter_macro  10         # default   Maximum of iterations of cycles in the adaptive solver
                tpno  1.0000e-08 # default   PNO cutoff threshold
          tpno_tight  1.0000e-10 # derived   PNO cutoff for the first iteration
    canonicalize_pno  true       # default   canonicalize the pnos before the amplitude solver
              thresh  1.0000e-04 # defined   MRA threshold
         econv_micro  1.0000e-04 # derived   Energy convergence for microiterations (Greens function based optimization) in adaptive solver
         econv_pairs  1.0000e-05 # derived   ENergy convergence for individual pairs in adaptive solver. Converged pairs are frozen automatically
         econv_macro  1.0000e-04 # derived   Energy convergence for macroiterations in adaptive solver, no effect if adaptive_solver is deactivated
               dconv  1.0000e-01 # default   convergence of every PNO in the Green's function solver
           op_thresh  1.0000e-06 # default   MRA operator thresh
             restart  none       # derived   restart pairs of this type, use 'mp2', 'cispd', 'all' or 'none'
          no_compute  none       # default   do not compute the pairs of this type, use 'mp2', 'cispd', 'all' or 'none'
              no_opt  none       # default   do not optimize the pnos of this type, use 'mp2', 'cispd', 'all' or 'none'
            no_guess  none       # derived   guess for this type will be empty, use 'mp2', 'cispd', 'all' or 'none'
     adaptive_solver  all        # default   Use adaptive solver for those pairs, use 'mp2', 'cispd', 'all' or 'none', works only in combination with guesstype 'exop'
                kain  true       # default   use KAIN solver in amplitude solver
       kain_subspace  5          # default   subspace size of the KAIN solver (amplitudes)
                 f12  false      # defined   use explicit correlation
        cispd_number  -1         # default   CIS(D) excitation numbers, to read in correct functions
        cispd_energy  0.0000e+00 # default   CIS energy
        freeze_pairs  none       # default   frozen pairs will not be optimized: Expected format 'a b c d' will freeze pairs ab and cd
freeze_pairs_of_orbital  []         # default    All pairs which originate from this orbital will not be optimized
active_pairs_of_orbital  []         # default    All pairs which originate from this orbital will not be frozen all other pairs will, if this vector is not empty
no_opt_in_first_iteration  false      # default   Do not optimize in the first iteration (then the potentials do not have to be evaluated, use this for large guesses)
            exchange  full       # default   approximate exchange with 'neglect' or xc functional -> same syntax as moldft
           save_pnos  true       # default   Save the OBS-PNOs to a file, before and after orthonormalization.
            diagonal  true       # defined   Compute only diagonal PNOs
              orthog  symmetric  # defined   orthogonalization method for PNO basis, also current default for a potential CABS. options: symmetric, canonical, cholesky, rr_cholesky,
         orthog_cabs  default    # default   orthogonalization method for CABS basis. options: symmetric, canonical, cholesky, rr_cholesky, uses same as orbitals basis if default.
               n_pno  6          # defined   desired size of PNO-basis (orbital space)
         cabs_option  none       # default   type of complementary auxiliary basis to be used. can be none ~ no CABS, gbs ~ Gaussian basis set as CABS, requires input via auxbas_file, pno ~ use superfluous PNOs as CABS, mixed ~ gbs&pno-option
       pno_cabs_size  -1         # default   size of a potential pno-cabs. defaults to -1 ~ all remaining PNOs, if pno-cabs or mixed-cabs
           only_diag  false      # default   use only diagonal elements PNOs
         cherry_pick  []         # default   cherry pick option to choose particular set of PNOs, not just blindly by occupation number. can be useful, if only a restricted number of PNOs can be used, to avoid separating degenerate pairs. can be envoked by passing a vector via [ elem1, elem2, ... ]
               gamma  1.4000e+00 # default   The f12 length scale, here to be used to compute f12-integrals
         cabs_thresh  1.0000e-04 # derived    thresh for cabs part
              auxbas  none       # default   atom centered partial wave guess of format like 'h-2s1p-o-3s2p1d'
         auxbas_file  none       # default   Use external comp. aux. basis in addition to the pnos as auxbasis. Give the filename as parameter. Give the auxbas in turbomole format. Don't use contractions. If a file is specified the auxbas parameter has no effect
   print_pno_overlap  true       # default   Print overlap matrix at certain steps in computation, for debugging purposes.
              n_virt  0          # defined   Compute this number of virtuals and include them in the integral construction, experimental and not robust!.
      hardcore_boson  false      # default   compute only integrals for hardcore boson hamiltonian (restricted to double occupations)

end
F12 Operators initialized right
timer:                    Testing F12 Operators     0.72s     0.72s 
timer:  Initializing (active) Exchange Orbitals     1.93s     1.93s 
Size of active mos and their exchange potentials:
K(acmos)=3.066659e-03 Gbyte
acmos   =2.473772e-03 Gbyte
PNO Parameters
pno
       rank_increase  15         # default   maximum rank to increase in every macroiteration
               chunk  100        # default   chunk of functions operated on in parallel when G or K is applied (prevent memory shortage)
               debug  false      # default   debug mode
              freeze  1          # derived   frozen core approximation
             maxrank  3          # defined   maximal pno rank for all pairs
           guesstype  exop       # derived   the guesstype: exop (recommended, multiply polynomial excitation operators onto the occupied orbitals), empty (don't compute a guess), scf (use the ao basis from the SCF solver), partial_wave (create s,p,d ..., type functions and place on atoms), predefined (same as partial_wave but for predefined sets)
                exop  multipole  # derived   this string defines which excitation operators can be used, use 'dipole', 'dipole+', 'quadrupole', 'ocopole', or 'multipole', need to set guesstype to 'exop' which is the default
          exop_trigo  true       # default   use trigonometric excitation operators ( x --> sin(x)
        partial_wave             # default   atom centered partial wave guess of format like 'h-2s1p-o-3s2p1d', need to set guesstype to 'partial_wave' and adaptive_solver to 'none'
          predefined             # default   predefined partial wave guesses of type pvxz with x=d,t,q,5,6, need to set guesstype to 'predefined' and adaptive_solver to 'none'
           maxiter_t  100        # default   maximal number of iterations in the amplitude solver
       maxiter_micro  10         # default   Maximum of iterations for every cycle in the adaptive solver
       maxiter_macro  10         # default   Maximum of iterations of cycles in the adaptive solver
                tpno  1.0000e-08 # default   PNO cutoff threshold
          tpno_tight  1.0000e-10 # derived   PNO cutoff for the first iteration
    canonicalize_pno  true       # default   canonicalize the pnos before the amplitude solver
              thresh  1.0000e-04 # defined   MRA threshold
         econv_micro  1.0000e-04 # derived   Energy convergence for microiterations (Greens function based optimization) in adaptive solver
         econv_pairs  1.0000e-05 # derived   ENergy convergence for individual pairs in adaptive solver. Converged pairs are frozen automatically
         econv_macro  1.0000e-04 # derived   Energy convergence for macroiterations in adaptive solver, no effect if adaptive_solver is deactivated
               dconv  1.0000e-01 # default   convergence of every PNO in the Green's function solver
           op_thresh  1.0000e-06 # default   MRA operator thresh
             restart  none       # derived   restart pairs of this type, use 'mp2', 'cispd', 'all' or 'none'
          no_compute  none       # default   do not compute the pairs of this type, use 'mp2', 'cispd', 'all' or 'none'
              no_opt  none       # default   do not optimize the pnos of this type, use 'mp2', 'cispd', 'all' or 'none'
            no_guess  none       # derived   guess for this type will be empty, use 'mp2', 'cispd', 'all' or 'none'
     adaptive_solver  all        # default   Use adaptive solver for those pairs, use 'mp2', 'cispd', 'all' or 'none', works only in combination with guesstype 'exop'
                kain  true       # default   use KAIN solver in amplitude solver
       kain_subspace  5          # default   subspace size of the KAIN solver (amplitudes)
                 f12  false      # defined   use explicit correlation
        cispd_number  -1         # default   CIS(D) excitation numbers, to read in correct functions
        cispd_energy  0.0000e+00 # default   CIS energy
        freeze_pairs  none       # default   frozen pairs will not be optimized: Expected format 'a b c d' will freeze pairs ab and cd
freeze_pairs_of_orbital  []         # default    All pairs which originate from this orbital will not be optimized
active_pairs_of_orbital  []         # default    All pairs which originate from this orbital will not be frozen all other pairs will, if this vector is not empty
no_opt_in_first_iteration  false      # default   Do not optimize in the first iteration (then the potentials do not have to be evaluated, use this for large guesses)
            exchange  full       # default   approximate exchange with 'neglect' or xc functional -> same syntax as moldft
           save_pnos  true       # default   Save the OBS-PNOs to a file, before and after orthonormalization.
            diagonal  true       # defined   Compute only diagonal PNOs

end

**********************
Solve PNO-MP2
*********************


**********************
Iterate Pairs
*********************


************************
Adaptive Solver
***********************

Initializing empty Pairs:
no guess was explicitly demanded for mp2

timer:                                     RRCD     0.00s     0.00s 
timer:                             MRA compress     0.00s     0.00s 
timer:                          Transform Pairs     0.00s     0.00s 
timer:          apply Q and orthonormalize PNOs     0.00s     0.00s 
Created Guess:
pair11 with 0 guess functions
pair21 with 0 guess functions
pair22 with 0 guess functions
guess pair11 size: 0.0000000000e+00 | 0.0000000000e+00 Gbyte (after truncation)
guess pair22 size: 0.0000000000e+00 | 0.0000000000e+00 Gbyte (after truncation)
timer:                           truncate guess     0.00s     0.00s 
timer:                         Initialize Pairs     0.00s     0.00s 
Keyword multipole is not known
Guess protocol for adaptively growing ranks is: [dipole+, quadrupole, big_fock_3, big_fock_3, big_fock_3, big_fock_3, big_fock_3, big_fock_3, big_fock_3, big_fock_3]


--------Adaptive Solver Macroiteration 0 from max 10 ----------

Growing ranks with exop=dipole+
Create guess functions by multiplying plane-waves to 1 functions 
Created 4 virtuals for pair11
pair21 is frozen: no growing
Create guess functions by multiplying plane-waves to 1 functions 
Created 4 virtuals for pair22
frozen pair: no orthonormalization
timer:                                     RRCD     0.03s     0.03s 
timer:                             MRA compress     0.00s     0.00s 
timer:                          Transform Pairs     0.14s     0.14s 
timer:                        grow PNO subspace     1.74s     1.74s 
SolveInternal: Parameters are assigned as
no_compute        = false
no_opt            = false
restart           = false
do_cispd          = false
econv             =1.0000000000e-04
maxrank (min,max) = (3,3)
Solving MP2 doubles
timer:          fock matrix     2.93s     2.93s
Information About All Pairs:
mp2_pair11           number=0 rank=  4 frozen=false
mp2_pair21           number=1 rank=  0 frozen=true
mp2_pair22           number=2 rank=  4 frozen=false
number of pairs=3
average rank   =2 (2.6666666667e+00)
largest rank   =4
PNOPairs Memory Information
Total: 0.0094861984 GB 
PNO  : 0.0094861984 GB 
KPNO : 0.0000000000 GB 
W    : 0.0000000000 GB 

timer:                                 truncate     0.02s     0.02s 
wall time=84.3250019550 chunk=8 allK.size()=8 memory=0.0098133087 GB
timer:                             compute KPNO     4.06s     4.06s 
wall time=84.4945819378 chunk=8 allJ.size()=8 memory=0.0104675293 GB
timer:                             compute JPNO     0.17s     0.17s 
timer:                    compute Fock matrices     1.33s     1.33s 
timer:                             MRA compress     0.00s     0.00s 
timer:                          Transform Pairs     0.27s     0.27s 
timer:                             Canonicalize     0.27s     0.27s 
PNOPairs Memory Information
Total: 0.0190541744 GB 
PNO  : 0.0095679760 GB 
KPNO : 0.0094861984 GB 
W    : 0.0000000000 GB 

timer:                                 truncate     0.08s     0.08s 
mp2_pair21 is frozen: potential not computed
timer:                   Fluctuation Potentials     2.33s     2.33s 
timer:                       Fluctuation Matrix     0.13s     0.13s 
PNOPairs Memory Information
Total: 0.0334470272 GB 
PNO  : 0.0095679760 GB 
KPNO : 0.0094861984 GB 
W    : 0.0143928528 GB 

PNOPairs Memory Information
Total: 0.0334470272 GB 
PNO  : 0.0095679760 GB 
KPNO : 0.0094861984 GB 
W    : 0.0143928528 GB 

timer:                                 truncate     0.05s     0.05s 
timer:                             PNO Overlaps     0.18s     0.18s 
t_iter =  0  Hylleraas energy =  0.0000000000  ||R||_F =  0.1822744168  conv =  no
subspace solution [*]   1.00000000

t_iter =  1  Hylleraas energy =  -0.0271492645  ||R||_F =  0.0000000409  conv =  yes
=======================================================

Hylleraas MP2 Energies

=======================================================
    i    j      singlet      triplet        Total
=======================================================
    1    1  -1.27991e-02  0.00000e+00 -1.27991e-02
    2    1   0.00000e+00  0.00000e+00  0.00000e+00
    2    2  -1.43502e-02  0.00000e+00 -1.43502e-02
=======================================================
Hylleraas MP2 Energies (singlet): -2.71493e-02
Hylleraas MP2 Energies (triplet):  0.00000e+00
Hylleraas MP2 Energies (total)  : -2.71493e-02
=======================================================
-------------------------------------------
Total Reg Energy  =-2.71493e-02
Total F12 Energy  = 0.00000e+00
Sum Energies Total=-2.71493e-02
-------------------------------------------
timer:                         Solve Amplitudes     0.00s     0.00s 
No optimization untill now: Compressing pno ranks with tighter threshold
1.00000e-10 instead of 1.00000e-08
pair11: density evals:
 [*]   0.00334240   0.00418411   0.00418411   0.00581751

pair11: # of PNOs reduced from  4  to  3  maxrank= 3
pair22: density evals:
 [*]   0.00318039   0.00389257   0.00389257   0.01785775

pair22: # of PNOs reduced from  4  to  3  maxrank= 3
timer:                            compress PNOs     0.00s     0.00s 
timer:                             MRA compress     0.00s     0.00s 
timer:                          Transform Pairs     0.35s     0.35s 
timer:                          PNO Compression     0.35s     0.35s 
Information About All Pairs:
mp2_pair11           number=0 rank=  3 frozen=false
mp2_pair21           number=1 rank=  0 frozen=true
mp2_pair22           number=2 rank=  3 frozen=false
number of pairs=3
average rank   =2 (2.00000e+00)
largest rank   =3
saving vector of functions mp2_pair11
saving vector of functions mp2_pair22
timer:                        save pnos on disc     0.14s     0.14s 
PNOPairs Memory Information
Total: 0.02363 GB 
PNO  : 0.00683 GB 
KPNO : 0.00675 GB 
W    : 0.01006 GB 

timer:                                 truncate     0.04s     0.04s 
timer:      compute densities for G application     0.00s     0.00s 
pair21 is frozen: no optimization
timer:                Prepare for G application     0.24s     0.24s 
timer:                                    add K     0.02s     0.02s 
size of all Vpsi potentials (without Vnuc and J) 0.00871 GB 
time=90.32344 chunk=6 Vpsi+Vnuc+J=0.02089 GB
time=90.35449 chunk=6 Vpsi+Vnuc+J=0.02089 GB (after truncation)
timer:                           Apply G to all     2.28s     2.28s 
timer:                       apply Q and update     0.00s     0.00s 
mp2_pair11 residual norms:
[0.36309, 0.36309, 0.43322]
mp2_pair11 scaled residual norms:
[0.02349, 0.02349, 0.03304]
mp2_pair22 residual norms:
[0.36751, 0.36751, 0.38422]
mp2_pair22 scaled residual norms:
[0.02293, 0.02293, 0.05134]
timer:                          update all PNOs     2.54s     2.54s 
frozen pair: no orthonormalization
timer:                                     RRCD     0.05s     0.05s 
timer:                             MRA compress     0.00s     0.00s 
timer:                          Transform Pairs     0.09s     0.09s 
saving vector of functions mp2_pair11
saving vector of functions mp2_pair22
timer:                        save pnos on disc     0.13s     0.13s 


No convergence yet. Energy change = 0.02715

timer:                        Whole Iteration 1    12.04s    12.04s 
Information About All Pairs:
mp2_pair11           number=0 rank=  3 frozen=false
mp2_pair21           number=1 rank=  0 frozen=true
mp2_pair22           number=2 rank=  3 frozen=false
number of pairs=3
average rank   =2 (2.00000)
largest rank   =3
PNOPairs Memory Information
Total: 0.00699 GB 
PNO  : 0.00699 GB 
KPNO : 0.00000 GB 
W    : 0.00000 GB 

timer:                                 truncate     0.03s     0.03s 
wall time=95.66841 chunk=6 allK.size()=6 memory=0.00716 GB
timer:                             compute KPNO     3.36s     3.36s 
wall time=95.84646 chunk=6 allJ.size()=6 memory=0.00748 GB
timer:                             compute JPNO     0.18s     0.18s 
timer:                    compute Fock matrices     1.13s     1.13s 
timer:                             MRA compress     0.00s     0.00s 
timer:                          Transform Pairs     0.11s     0.11s 
timer:                             Canonicalize     0.13s     0.13s 
PNOPairs Memory Information
Total: 0.01415 GB 
PNO  : 0.00699 GB 
KPNO : 0.00716 GB 
W    : 0.00000 GB 

timer:                                 truncate     0.05s     0.05s 
mp2_pair21 is frozen: potential not computed
timer:                   Fluctuation Potentials     1.65s     1.65s 
timer:                       Fluctuation Matrix     0.12s     0.12s 
PNOPairs Memory Information
Total: 0.02535 GB 
PNO  : 0.00699 GB 
KPNO : 0.00716 GB 
W    : 0.01120 GB 

PNOPairs Memory Information
Total: 0.02535 GB 
PNO  : 0.00699 GB 
KPNO : 0.00716 GB 
W    : 0.01120 GB 

timer:                                 truncate     0.04s     0.04s 
timer:                             PNO Overlaps     0.09s     0.09s 
t_iter =  0  Hylleraas energy =  0.00000  ||R||_F =  0.24101  conv =  no
subspace solution [*]   1.00000000

t_iter =  1  Hylleraas energy =  -0.03890  ||R||_F =  0.00000  conv =  yes
=======================================================

Hylleraas MP2 Energies

=======================================================
    i    j      singlet      triplet        Total
=======================================================
    1    1  -1.76861e-02  0.00000e+00 -1.76861e-02
    2    1   0.00000e+00  0.00000e+00  0.00000e+00
    2    2  -2.12185e-02  0.00000e+00 -2.12185e-02
=======================================================
Hylleraas MP2 Energies (singlet): -3.89046e-02
Hylleraas MP2 Energies (triplet):  0.00000e+00
Hylleraas MP2 Energies (total)  : -3.89046e-02
=======================================================
-------------------------------------------
Total Reg Energy  =-3.89046e-02
Total F12 Energy  = 0.00000e+00
Sum Energies Total=-3.89046e-02
-------------------------------------------
timer:                         Solve Amplitudes     0.00s     0.00s 
pair11: density evals:
 [*]   0.00503793   0.00503793   0.00888625

pair22: density evals:
 [*]   0.00454730   0.00454730   0.02773658

timer:                            compress PNOs     0.00s     0.00s 
timer:                             MRA compress     0.00s     0.00s 
timer:                          Transform Pairs     0.41s     0.41s 
timer:                          PNO Compression     0.41s     0.41s 
Information About All Pairs:
mp2_pair11           number=0 rank=  3 frozen=false
mp2_pair21           number=1 rank=  0 frozen=true
mp2_pair22           number=2 rank=  3 frozen=false
number of pairs=3
average rank   =2 (2.00000e+00)
largest rank   =3
saving vector of functions mp2_pair11
saving vector of functions mp2_pair22
timer:                        save pnos on disc     0.14s     0.14s 
PNOPairs Memory Information
Total: 0.02535 GB 
PNO  : 0.00699 GB 
KPNO : 0.00716 GB 
W    : 0.01120 GB 

timer:                                 truncate     0.08s     0.08s 
timer:      compute densities for G application     0.00s     0.00s 
pair21 is frozen: no optimization
timer:                Prepare for G application     0.19s     0.19s 
timer:                                    add K     0.04s     0.04s 
size of all Vpsi potentials (without Vnuc and J) 0.00969 GB 
time=100.61270 chunk=6 Vpsi+Vnuc+J=0.02089 GB
time=100.69026 chunk=6 Vpsi+Vnuc+J=0.02032 GB (after truncation)
timer:                           Apply G to all     2.33s     2.33s 
timer:                       apply Q and update     0.00s     0.00s 
mp2_pair11 residual norms:
[0.09610, 0.09610, 0.12804]
mp2_pair11 scaled residual norms:
[0.00682, 0.00682, 0.01207]
mp2_pair22 residual norms:
[0.09191, 0.09191, 0.09869]
mp2_pair22 scaled residual norms:
[0.00620, 0.00620, 0.01644]
timer:                          update all PNOs     2.55s     2.55s 
frozen pair: no orthonormalization
timer:                                     RRCD     0.02s     0.02s 
timer:                             MRA compress     0.00s     0.00s 
timer:                          Transform Pairs     0.12s     0.12s 
saving vector of functions mp2_pair11
saving vector of functions mp2_pair22
timer:                        save pnos on disc     0.12s     0.12s 


No convergence yet. Energy change = 0.01176

timer:                        Whole Iteration 2    10.25s    10.25s 
Information About All Pairs:
mp2_pair11           number=0 rank=  3 frozen=false
mp2_pair21           number=1 rank=  0 frozen=true
mp2_pair22           number=2 rank=  3 frozen=false
number of pairs=3
average rank   =2 (2.00000)
largest rank   =3
PNOPairs Memory Information
Total: 0.00675 GB 
PNO  : 0.00675 GB 
KPNO : 0.00000 GB 
W    : 0.00000 GB 

timer:                                 truncate     0.08s     0.08s 
wall time=105.66823 chunk=6 allK.size()=6 memory=0.00716 GB
timer:                             compute KPNO     3.06s     3.06s 
wall time=105.86243 chunk=6 allJ.size()=6 memory=0.00773 GB
timer:                             compute JPNO     0.19s     0.19s 
timer:                    compute Fock matrices     1.05s     1.05s 
timer:                             MRA compress     0.00s     0.00s 
timer:                          Transform Pairs     0.21s     0.21s 
timer:                             Canonicalize     0.21s     0.21s 
PNOPairs Memory Information
Total: 0.01390 GB 
PNO  : 0.00675 GB 
KPNO : 0.00716 GB 
W    : 0.00000 GB 

timer:                                 truncate     0.03s     0.03s 
mp2_pair21 is frozen: potential not computed
timer:                   Fluctuation Potentials     1.73s     1.73s 
timer:                       Fluctuation Matrix     0.19s     0.19s 
PNOPairs Memory Information
Total: 0.02511 GB 
PNO  : 0.00675 GB 
KPNO : 0.00716 GB 
W    : 0.01120 GB 

PNOPairs Memory Information
Total: 0.02511 GB 
PNO  : 0.00675 GB 
KPNO : 0.00716 GB 
W    : 0.01120 GB 

timer:                                 truncate     0.06s     0.06s 
timer:                             PNO Overlaps     0.10s     0.10s 
t_iter =  0  Hylleraas energy =  0.00000  ||R||_F =  0.25805  conv =  no
subspace solution [*]   1.00000000

t_iter =  1  Hylleraas energy =  -0.04089  ||R||_F =  0.00000  conv =  yes
=======================================================

Hylleraas MP2 Energies

=======================================================
    i    j      singlet      triplet        Total
=======================================================
    1    1  -1.86659e-02  0.00000e+00 -1.86659e-02
    2    1   0.00000e+00  0.00000e+00  0.00000e+00
    2    2  -2.22251e-02  0.00000e+00 -2.22251e-02
=======================================================
Hylleraas MP2 Energies (singlet): -4.08910e-02
Hylleraas MP2 Energies (triplet):  0.00000e+00
Hylleraas MP2 Energies (total)  : -4.08910e-02
=======================================================
-------------------------------------------
Total Reg Energy  =-4.08910e-02
Total F12 Energy  = 0.00000e+00
Sum Energies Total=-4.08910e-02
-------------------------------------------
timer:                         Solve Amplitudes     0.00s     0.00s 
pair11: density evals:
 [*]   0.00480146   0.00480146   0.00862108

pair22: density evals:
 [*]   0.00430358   0.00430358   0.02721385

timer:                            compress PNOs     0.00s     0.00s 
timer:                             MRA compress     0.00s     0.00s 
timer:                          Transform Pairs     0.42s     0.42s 
timer:                          PNO Compression     0.42s     0.42s 
Information About All Pairs:
mp2_pair11           number=0 rank=  3 frozen=false
mp2_pair21           number=1 rank=  0 frozen=true
mp2_pair22           number=2 rank=  3 frozen=false
number of pairs=3
average rank   =2 (2.00000e+00)
largest rank   =3
saving vector of functions mp2_pair11
saving vector of functions mp2_pair22
timer:                        save pnos on disc     0.14s     0.14s 
PNOPairs Memory Information
Total: 0.02511 GB 
PNO  : 0.00675 GB 
KPNO : 0.00716 GB 
W    : 0.01120 GB 

timer:                                 truncate     0.05s     0.05s 
timer:      compute densities for G application     0.00s     0.00s 
pair21 is frozen: no optimization
timer:                Prepare for G application     0.25s     0.25s 
timer:                                    add K     0.01s     0.01s 
size of all Vpsi potentials (without Vnuc and J) 0.00969 GB 
time=110.66697 chunk=6 Vpsi+Vnuc+J=0.02138 GB
time=110.73025 chunk=6 Vpsi+Vnuc+J=0.02065 GB (after truncation)
timer:                           Apply G to all     2.28s     2.28s 
timer:                       apply Q and update     0.00s     0.00s 
mp2_pair11 residual norms:
[0.03257, 0.03257, 0.05820]
mp2_pair11 scaled residual norms:
[0.00226, 0.00226, 0.00540]
mp2_pair22 residual norms:
[0.03336, 0.03336, 0.03901]
mp2_pair22 scaled residual norms:
[0.00219, 0.00219, 0.00644]
timer:                          update all PNOs     2.57s     2.57s 
frozen pair: no orthonormalization
timer:                                     RRCD     0.05s     0.05s 
timer:                             MRA compress     0.00s     0.00s 
timer:                          Transform Pairs     0.09s     0.09s 
saving vector of functions mp2_pair11
saving vector of functions mp2_pair22
timer:                        save pnos on disc     0.26s     0.26s 


No convergence yet. Energy change = 0.00199

timer:                        Whole Iteration 3    10.31s    10.31s 
Information About All Pairs:
mp2_pair11           number=0 rank=  3 frozen=false
mp2_pair21           number=1 rank=  0 frozen=true
mp2_pair22           number=2 rank=  3 frozen=false
number of pairs=3
average rank   =2 (2.00000)
largest rank   =3
PNOPairs Memory Information
Total: 0.00699 GB 
PNO  : 0.00699 GB 
KPNO : 0.00000 GB 
W    : 0.00000 GB 

timer:                                 truncate     0.04s     0.04s 
wall time=116.38435 chunk=6 allK.size()=6 memory=0.00716 GB
timer:                             compute KPNO     3.50s     3.50s 
wall time=116.54248 chunk=6 allJ.size()=6 memory=0.00789 GB
timer:                             compute JPNO     0.16s     0.16s 
timer:                    compute Fock matrices     1.35s     1.35s 
timer:                             MRA compress     0.00s     0.00s 
timer:                          Transform Pairs     0.11s     0.11s 
timer:                             Canonicalize     0.12s     0.12s 
PNOPairs Memory Information
Total: 0.01407 GB 
PNO  : 0.00691 GB 
KPNO : 0.00716 GB 
W    : 0.00000 GB 

timer:                                 truncate     0.06s     0.06s 
mp2_pair21 is frozen: potential not computed
timer:                   Fluctuation Potentials     1.68s     1.68s 
timer:                       Fluctuation Matrix     0.17s     0.17s 
PNOPairs Memory Information
Total: 0.02543 GB 
PNO  : 0.00691 GB 
KPNO : 0.00716 GB 
W    : 0.01137 GB 

PNOPairs Memory Information
Total: 0.02543 GB 
PNO  : 0.00691 GB 
KPNO : 0.00716 GB 
W    : 0.01137 GB 

timer:                                 truncate     0.07s     0.07s 
timer:                             PNO Overlaps     0.07s     0.07s 
t_iter =  0  Hylleraas energy =  0.00000  ||R||_F =  0.26378  conv =  no
subspace solution [*]   1.00000000

t_iter =  1  Hylleraas energy =  -0.04124  ||R||_F =  0.00000  conv =  yes
=======================================================

Hylleraas MP2 Energies

=======================================================
    i    j      singlet      triplet        Total
=======================================================
    1    1  -1.88490e-02  0.00000e+00 -1.88490e-02
    2    1   0.00000e+00  0.00000e+00  0.00000e+00
    2    2  -2.23889e-02  0.00000e+00 -2.23889e-02
=======================================================
Hylleraas MP2 Energies (singlet): -4.12379e-02
Hylleraas MP2 Energies (triplet):  0.00000e+00
Hylleraas MP2 Energies (total)  : -4.12379e-02
=======================================================
-------------------------------------------
Total Reg Energy  =-4.12379e-02
Total F12 Energy  = 0.00000e+00
Sum Energies Total=-4.12379e-02
-------------------------------------------
timer:                         Solve Amplitudes     0.00s     0.00s 
pair11: density evals:
 [*]   0.00467526   0.00467526   0.00837155

pair22: density evals:
 [*]   0.00417859   0.00417859   0.02660057

timer:                            compress PNOs     0.00s     0.00s 
timer:                             MRA compress     0.00s     0.00s 
timer:                          Transform Pairs     0.33s     0.33s 
timer:                          PNO Compression     0.33s     0.33s 
Information About All Pairs:
mp2_pair11           number=0 rank=  3 frozen=false
mp2_pair21           number=1 rank=  0 frozen=true
mp2_pair22           number=2 rank=  3 frozen=false
number of pairs=3
average rank   =2 (2.00000e+00)
largest rank   =3
saving vector of functions mp2_pair11
saving vector of functions mp2_pair22
timer:                        save pnos on disc     0.59s     0.59s 
PNOPairs Memory Information
Total: 0.02543 GB 
PNO  : 0.00691 GB 
KPNO : 0.00716 GB 
W    : 0.01137 GB 

timer:                                 truncate     0.04s     0.04s 
timer:      compute densities for G application     0.00s     0.00s 
pair21 is frozen: no optimization
timer:                Prepare for G application     0.27s     0.27s 
timer:                                    add K     0.03s     0.03s 
size of all Vpsi potentials (without Vnuc and J) 0.00977 GB 
time=121.92498 chunk=6 Vpsi+Vnuc+J=0.02163 GB
time=121.99412 chunk=6 Vpsi+Vnuc+J=0.02089 GB (after truncation)
timer:                           Apply G to all     2.25s     2.25s 
timer:                       apply Q and update     0.00s     0.00s 
mp2_pair11 residual norms:
[0.01172, 0.01172, 0.03277]
mp2_pair11 scaled residual norms:
[0.00080, 0.00080, 0.00300]
mp2_pair22 residual norms:
[0.01463, 0.01463, 0.01736]
mp2_pair22 scaled residual norms:
[0.00095, 0.00095, 0.00283]
timer:                          update all PNOs     2.56s     2.56s 
frozen pair: no orthonormalization
timer:                                     RRCD     0.08s     0.08s 
timer:                             MRA compress     0.00s     0.00s 
timer:                          Transform Pairs     0.04s     0.04s 
saving vector of functions mp2_pair11
saving vector of functions mp2_pair22
timer:                        save pnos on disc     0.39s     0.39s 


No convergence yet. Energy change = 0.00035

timer:                        Whole Iteration 4    11.27s    11.27s 
Information About All Pairs:
mp2_pair11           number=0 rank=  3 frozen=false
mp2_pair21           number=1 rank=  0 frozen=true
mp2_pair22           number=2 rank=  3 frozen=false
number of pairs=3
average rank   =2 (2.00000)
largest rank   =3
PNOPairs Memory Information
Total: 0.00691 GB 
PNO  : 0.00691 GB 
KPNO : 0.00000 GB 
W    : 0.00000 GB 

timer:                                 truncate     0.08s     0.08s 
wall time=127.48423 chunk=6 allK.size()=6 memory=0.00724 GB
timer:                             compute KPNO     3.30s     3.30s 
wall time=127.65848 chunk=6 allJ.size()=6 memory=0.00797 GB
timer:                             compute JPNO     0.17s     0.17s 
timer:                    compute Fock matrices     1.36s     1.36s 
timer:                             MRA compress     0.00s     0.00s 
timer:                          Transform Pairs     0.09s     0.09s 
timer:                             Canonicalize     0.09s     0.09s 
PNOPairs Memory Information
Total: 0.01407 GB 
PNO  : 0.00683 GB 
KPNO : 0.00724 GB 
W    : 0.00000 GB 

timer:                                 truncate     0.05s     0.05s 
mp2_pair21 is frozen: potential not computed
timer:                   Fluctuation Potentials     1.75s     1.75s 
timer:                       Fluctuation Matrix     0.11s     0.11s 
PNOPairs Memory Information
Total: 0.02543 GB 
PNO  : 0.00683 GB 
KPNO : 0.00724 GB 
W    : 0.01137 GB 

PNOPairs Memory Information
Total: 0.02543 GB 
PNO  : 0.00683 GB 
KPNO : 0.00724 GB 
W    : 0.01137 GB 

timer:                                 truncate     0.02s     0.02s 
timer:                             PNO Overlaps     0.24s     0.24s 
t_iter =  0  Hylleraas energy =  0.00000  ||R||_F =  0.26603  conv =  no
subspace solution [*]   1.00000000

t_iter =  1  Hylleraas energy =  -0.04132  ||R||_F =  0.00000  conv =  yes
=======================================================

Hylleraas MP2 Energies

=======================================================
    i    j      singlet      triplet        Total
=======================================================
    1    1  -1.88988e-02  0.00000e+00 -1.88988e-02
    2    1   0.00000e+00  0.00000e+00  0.00000e+00
    2    2  -2.24207e-02  0.00000e+00 -2.24207e-02
=======================================================
Hylleraas MP2 Energies (singlet): -4.13195e-02
Hylleraas MP2 Energies (triplet):  0.00000e+00
Hylleraas MP2 Energies (total)  : -4.13195e-02
=======================================================
-------------------------------------------
Total Reg Energy  =-4.13195e-02
Total F12 Energy  = 0.00000e+00
Sum Energies Total=-4.13195e-02
-------------------------------------------
timer:                         Solve Amplitudes     0.00s     0.00s 
pair11: density evals:
 [*]   0.00462320   0.00462320   0.00824910

pair22: density evals:
 [*]   0.00412166   0.00412166   0.02628315

timer:                            compress PNOs     0.00s     0.00s 
timer:                             MRA compress     0.00s     0.00s 
timer:                          Transform Pairs     0.45s     0.45s 
timer:                          PNO Compression     0.45s     0.45s 
Information About All Pairs:
mp2_pair11           number=0 rank=  3 frozen=false
mp2_pair21           number=1 rank=  0 frozen=true
mp2_pair22           number=2 rank=  3 frozen=false
number of pairs=3
average rank   =2 (2.00000e+00)
largest rank   =3
saving vector of functions mp2_pair11
saving vector of functions mp2_pair22
timer:                        save pnos on disc     0.13s     0.13s 
PNOPairs Memory Information
Total: 0.02543 GB 
PNO  : 0.00683 GB 
KPNO : 0.00724 GB 
W    : 0.01137 GB 

timer:                                 truncate     0.05s     0.05s 
timer:      compute densities for G application     0.00s     0.00s 
pair21 is frozen: no optimization
timer:                Prepare for G application     0.19s     0.19s 
timer:                                    add K     0.03s     0.03s 
size of all Vpsi potentials (without Vnuc and J) 0.00961 GB 
time=132.72078 chunk=6 Vpsi+Vnuc+J=0.02179 GB
time=132.76193 chunk=6 Vpsi+Vnuc+J=0.02106 GB (after truncation)
timer:                           Apply G to all     2.21s     2.21s 
timer:                       apply Q and update     0.00s     0.00s 
mp2_pair11 residual norms:
[0.00439, 0.00439, 0.02207]
mp2_pair11 scaled residual norms:
[0.00030, 0.00030, 0.00200]
mp2_pair22 residual norms:
[0.00733, 0.00733, 0.00820]
mp2_pair22 scaled residual norms:
[0.00047, 0.00047, 0.00133]
timer:                          update all PNOs     2.44s     2.44s 
frozen pair: no orthonormalization
timer:                                     RRCD     0.03s     0.03s 
timer:                             MRA compress     0.00s     0.00s 
timer:                          Transform Pairs     0.03s     0.03s 
saving vector of functions mp2_pair11
saving vector of functions mp2_pair22
timer:                        save pnos on disc     0.12s     0.12s 


CONVERGED!
energy change = 0.00008

re-entering loop to compute the correct amplitudes and energies
timer:                        Whole Iteration 5    10.47s    10.47s 
Information About All Pairs:
mp2_pair11           number=0 rank=  3 frozen=false
mp2_pair21           number=1 rank=  0 frozen=true
mp2_pair22           number=2 rank=  3 frozen=false
number of pairs=3
average rank   =2 (2.00000)
largest rank   =3
PNOPairs Memory Information
Total: 0.00691 GB 
PNO  : 0.00691 GB 
KPNO : 0.00000 GB 
W    : 0.00000 GB 

timer:                                 truncate     0.02s     0.02s 
wall time=138.03192 chunk=6 allK.size()=6 memory=0.00724 GB
timer:                             compute KPNO     3.43s     3.43s 
wall time=138.13839 chunk=6 allJ.size()=6 memory=0.00806 GB
timer:                             compute JPNO     0.11s     0.11s 
timer:                    compute Fock matrices     0.94s     0.94s 
timer:                             MRA compress     0.00s     0.00s 
timer:                          Transform Pairs     0.18s     0.18s 
timer:                             Canonicalize     0.18s     0.18s 
PNOPairs Memory Information
Total: 0.01407 GB 
PNO  : 0.00683 GB 
KPNO : 0.00724 GB 
W    : 0.00000 GB 

timer:                                 truncate     0.04s     0.04s 
mp2_pair21 is frozen: potential not computed
timer:                   Fluctuation Potentials     1.70s     1.70s 
timer:                       Fluctuation Matrix     0.08s     0.08s 
PNOPairs Memory Information
Total: 0.02543 GB 
PNO  : 0.00683 GB 
KPNO : 0.00724 GB 
W    : 0.01137 GB 

PNOPairs Memory Information
Total: 0.02543 GB 
PNO  : 0.00683 GB 
KPNO : 0.00724 GB 
W    : 0.01137 GB 

timer:                                 truncate     0.04s     0.04s 
timer:                             PNO Overlaps     0.09s     0.09s 
t_iter =  0  Hylleraas energy =  0.00000  ||R||_F =  0.26699  conv =  no
subspace solution [*]   1.00000000

t_iter =  1  Hylleraas energy =  -0.04135  ||R||_F =  0.00000  conv =  yes
=======================================================

Hylleraas MP2 Energies

=======================================================
    i    j      singlet      triplet        Total
=======================================================
    1    1  -1.89194e-02  0.00000e+00 -1.89194e-02
    2    1   0.00000e+00  0.00000e+00  0.00000e+00
    2    2  -2.24279e-02  0.00000e+00 -2.24279e-02
=======================================================
Hylleraas MP2 Energies (singlet): -4.13473e-02
Hylleraas MP2 Energies (triplet):  0.00000e+00
Hylleraas MP2 Energies (total)  : -4.13473e-02
=======================================================
-------------------------------------------
Total Reg Energy  =-4.13473e-02
Total F12 Energy  = 0.00000e+00
Sum Energies Total=-4.13473e-02
-------------------------------------------
timer:                         Solve Amplitudes     0.00s     0.00s 
pair11: density evals:
 [*]   0.00460240   0.00460240   0.00819606

pair22: density evals:
 [*]   0.00409458   0.00409458   0.02613702

timer:                            compress PNOs     0.00s     0.00s 
timer:                             MRA compress     0.00s     0.00s 
timer:                          Transform Pairs     0.32s     0.32s 
timer:                          PNO Compression     0.32s     0.32s 
Information About All Pairs:
mp2_pair11           number=0 rank=  3 frozen=false
mp2_pair21           number=1 rank=  0 frozen=true
mp2_pair22           number=2 rank=  3 frozen=false
number of pairs=3
average rank   =2 (2.00000e+00)
largest rank   =3
saving vector of functions mp2_pair11
saving vector of functions mp2_pair22
timer:                        save pnos on disc     0.14s     0.14s 
exiting: Iterations converged
PNO ranks:
PNO Rank for pair pair11 = 3
PNO Rank for pair pair21 = 0
PNO Rank for pair pair22 = 3
average rank 2.00000e+00
timer:                               PNO::solve    64.38s    64.38s 

--------------------------------
ITERATE-PAIRS-INTERNAL-ENDED
--------------------------------
mp2_pair21 converged!


Adaptive Sovler:
 Current Energy=-4.1347260117e-02
 DeltaE        =-4.1347260117e-02
 max dE (pair) =-2.2427872482e-02 (2)
 all_pairs_conv=false




not converged yet

freeze pair mp2_pair21 (not further optimized: Energy below 1.0000000000e-05)
Maximum Rank of3 reached for all non-frozen pairs, no need to iterate further=======================================================

Final MP2 Energies

=======================================================
    i    j      singlet      triplet        Total
=======================================================
    1    1  -1.89194e-02  0.00000e+00 -1.89194e-02
    2    1   0.00000e+00  0.00000e+00  0.00000e+00
    2    2  -2.24279e-02  0.00000e+00 -2.24279e-02
=======================================================
Final MP2 Energies (singlet): -4.13473e-02
Final MP2 Energies (triplet):  0.00000e+00
Final MP2 Energies (total)  : -4.13473e-02
=======================================================
-------------------------------------------
Total Reg Energy  =-4.13473e-02
Total F12 Energy  = 0.00000e+00
Sum Energies Total=-4.13473e-02
-------------------------------------------
Average | Max Rank: 2 | 3



--------------------------------------------------
MRA-PNO-MP2-F12 ended 
--------------------------------------------------
                 time scf = 7.03448e+01
               energy scf = -1.56865e+01
--------------------------------------------------
restarting PNO to reload pairs that converged before and were frozen
PNO Parameters
pno
       rank_increase  15         # default   maximum rank to increase in every macroiteration
               chunk  100        # default   chunk of functions operated on in parallel when G or K is applied (prevent memory shortage)
               debug  false      # default   debug mode
              freeze  1          # derived   frozen core approximation
             maxrank  3          # defined   maximal pno rank for all pairs
           guesstype  exop       # derived   the guesstype: exop (recommended, multiply polynomial excitation operators onto the occupied orbitals), empty (don't compute a guess), scf (use the ao basis from the SCF solver), partial_wave (create s,p,d ..., type functions and place on atoms), predefined (same as partial_wave but for predefined sets)
                exop  multipole  # derived   this string defines which excitation operators can be used, use 'dipole', 'dipole+', 'quadrupole', 'ocopole', or 'multipole', need to set guesstype to 'exop' which is the default
          exop_trigo  true       # default   use trigonometric excitation operators ( x --> sin(x)
        partial_wave             # default   atom centered partial wave guess of format like 'h-2s1p-o-3s2p1d', need to set guesstype to 'partial_wave' and adaptive_solver to 'none'
          predefined             # default   predefined partial wave guesses of type pvxz with x=d,t,q,5,6, need to set guesstype to 'predefined' and adaptive_solver to 'none'
           maxiter_t  100        # default   maximal number of iterations in the amplitude solver
       maxiter_micro  10         # default   Maximum of iterations for every cycle in the adaptive solver
       maxiter_macro  10         # default   Maximum of iterations of cycles in the adaptive solver
                tpno  1.0000e-08 # default   PNO cutoff threshold
          tpno_tight  1.0000e-10 # derived   PNO cutoff for the first iteration
    canonicalize_pno  true       # default   canonicalize the pnos before the amplitude solver
              thresh  1.0000e-04 # defined   MRA threshold
         econv_micro  1.0000e-04 # derived   Energy convergence for microiterations (Greens function based optimization) in adaptive solver
         econv_pairs  1.0000e-05 # derived   ENergy convergence for individual pairs in adaptive solver. Converged pairs are frozen automatically
         econv_macro  1.0000e-04 # derived   Energy convergence for macroiterations in adaptive solver, no effect if adaptive_solver is deactivated
               dconv  1.0000e-01 # default   convergence of every PNO in the Green's function solver
           op_thresh  1.0000e-06 # default   MRA operator thresh
             restart  all        # defined   restart pairs of this type, use 'mp2', 'cispd', 'all' or 'none'
          no_compute  none       # default   do not compute the pairs of this type, use 'mp2', 'cispd', 'all' or 'none'
              no_opt  all        # defined   do not optimize the pnos of this type, use 'mp2', 'cispd', 'all' or 'none'
            no_guess  all        # defined   guess for this type will be empty, use 'mp2', 'cispd', 'all' or 'none'
     adaptive_solver  none       # defined   Use adaptive solver for those pairs, use 'mp2', 'cispd', 'all' or 'none', works only in combination with guesstype 'exop'
                kain  true       # default   use KAIN solver in amplitude solver
       kain_subspace  5          # default   subspace size of the KAIN solver (amplitudes)
                 f12  false      # defined   use explicit correlation
        cispd_number  -1         # default   CIS(D) excitation numbers, to read in correct functions
        cispd_energy  0.0000e+00 # default   CIS energy
        freeze_pairs  none       # default   frozen pairs will not be optimized: Expected format 'a b c d' will freeze pairs ab and cd
freeze_pairs_of_orbital  []         # default    All pairs which originate from this orbital will not be optimized
active_pairs_of_orbital  []         # default    All pairs which originate from this orbital will not be frozen all other pairs will, if this vector is not empty
no_opt_in_first_iteration  false      # default   Do not optimize in the first iteration (then the potentials do not have to be evaluated, use this for large guesses)
            exchange  full       # default   approximate exchange with 'neglect' or xc functional -> same syntax as moldft
           save_pnos  true       # default   Save the OBS-PNOs to a file, before and after orthonormalization.
            diagonal  true       # defined   Compute only diagonal PNOs

end

**********************
Solve PNO-MP2
*********************


**********************
Iterate Pairs
*********************


************************
Standard Solver
***********************

Initializing Pairs:
Restart demanded for mp2 pairs
loading vector of functions mp2_pair11
Found PNOs for mp2_pair11 with rank 3
loading vector of functions mp2_pair21
failed to find PNO mp2_pair21 initialize as zero function
nloading vector of functions mp2_pair22
Found PNOs for mp2_pair22 with rank 3
no guess was explicitly demanded for mp2

timer:                                     RRCD     0.05s     0.05s 
timer:                             MRA compress     0.00s     0.00s 
timer:                          Transform Pairs     0.07s     0.07s 
timer:          apply Q and orthonormalize PNOs     0.27s     0.27s 
Created Guess:
pair11 with 3 guess functions
pair21 with 0 guess functions
pair22 with 3 guess functions
guess pair11 size: 3.3324360847e-03 | 3.3324360847e-03 Gbyte (after truncation)
guess pair22 size: 3.4959912300e-03 | 3.4959912300e-03 Gbyte (after truncation)
timer:                           truncate guess     0.01s     0.01s 
timer:                         Initialize Pairs     0.29s     0.29s 
Information About All Pairs:
mp2_pair11           number=0 rank=  3 frozen=false
mp2_pair21           number=1 rank=  0 frozen=true
mp2_pair22           number=2 rank=  3 frozen=false
number of pairs=3
average rank   =2 (2.0000000000e+00)
largest rank   =3
SolveInternal: Parameters are assigned as
no_compute        = false
no_opt            = true
restart           = true
do_cispd          = false
econv             =1.0000000000e-04
maxrank (min,max) = (3,3)
Solving MP2 doubles
timer:          fock matrix     2.83s     2.83s
Information About All Pairs:
mp2_pair11           number=0 rank=  3 frozen=false
mp2_pair21           number=1 rank=  0 frozen=true
mp2_pair22           number=2 rank=  3 frozen=false
number of pairs=3
average rank   =2 (2.0000000000e+00)
largest rank   =3
PNOPairs Memory Information
Total: 0.0068284273 GB 
PNO  : 0.0068284273 GB 
KPNO : 0.0000000000 GB 
W    : 0.0000000000 GB 

timer:                                 truncate     0.03s     0.03s 
wall time=148.3721139431 chunk=6 allK.size()=6 memory=0.0072373152 GB
timer:                             compute KPNO     3.53s     3.53s 
wall time=148.4863598347 chunk=6 allJ.size()=6 memory=0.0079733133 GB
timer:                             compute JPNO     0.11s     0.11s 
timer:                    compute Fock matrices     1.12s     1.12s 
timer:                             MRA compress     0.00s     0.00s 
timer:                          Transform Pairs     0.21s     0.21s 
timer:                             Canonicalize     0.21s     0.21s 
PNOPairs Memory Information
Total: 0.0140657425 GB 
PNO  : 0.0068284273 GB 
KPNO : 0.0072373152 GB 
W    : 0.0000000000 GB 

timer:                                 truncate     0.05s     0.05s 
mp2_pair21 is frozen: potential not computed
timer:                   Fluctuation Potentials     1.64s     1.64s 
timer:                       Fluctuation Matrix     0.13s     0.13s 
PNOPairs Memory Information
Total: 0.0254328251 GB 
PNO  : 0.0068284273 GB 
KPNO : 0.0072373152 GB 
W    : 0.0113670826 GB 

PNOPairs Memory Information
Total: 0.0254328251 GB 
PNO  : 0.0068284273 GB 
KPNO : 0.0072373152 GB 
W    : 0.0113670826 GB 

timer:                                 truncate     0.06s     0.06s 
timer:                             PNO Overlaps     0.11s     0.11s 
t_iter =  0  Hylleraas energy =  0.0000000000  ||R||_F =  0.2669876673  conv =  no
subspace solution [*]   1.00000000

t_iter =  1  Hylleraas energy =  -0.0413473584  ||R||_F =  0.0000000012  conv =  yes
=======================================================

Hylleraas MP2 Energies

=======================================================
    i    j      singlet      triplet        Total
=======================================================
    1    1  -1.89194e-02  0.00000e+00 -1.89194e-02
    2    1   0.00000e+00  0.00000e+00  0.00000e+00
    2    2  -2.24280e-02  0.00000e+00 -2.24280e-02
=======================================================
Hylleraas MP2 Energies (singlet): -4.13474e-02
Hylleraas MP2 Energies (triplet):  0.00000e+00
Hylleraas MP2 Energies (total)  : -4.13474e-02
=======================================================
-------------------------------------------
Total Reg Energy  =-4.13474e-02
Total F12 Energy  = 0.00000e+00
Sum Energies Total=-4.13474e-02
-------------------------------------------
timer:                         Solve Amplitudes     0.00s     0.00s 
No optimization untill now: Compressing pno ranks with tighter threshold
1.00000e-10 instead of 1.00000e-08
pair11: density evals:
 [*]   0.00460240   0.00460240   0.00819608

pair22: density evals:
 [*]   0.00409458   0.00409458   0.02613717

timer:                            compress PNOs     0.00s     0.00s 
timer:                             MRA compress     0.00s     0.00s 
timer:                          Transform Pairs     0.36s     0.36s 
timer:                          PNO Compression     0.36s     0.36s 
Information About All Pairs:
mp2_pair11           number=0 rank=  3 frozen=false
mp2_pair21           number=1 rank=  0 frozen=true
mp2_pair22           number=2 rank=  3 frozen=false
number of pairs=3
average rank   =2 (2.00000e+00)
largest rank   =3
saving vector of functions mp2_pair11
saving vector of functions mp2_pair22
timer:                        save pnos on disc     0.14s     0.14s 
exiting: Found no_opt keyword
PNO ranks:
PNO Rank for pair pair11 = 3
PNO Rank for pair pair21 = 0
PNO Rank for pair pair22 = 3
average rank 2.00000e+00
timer:                               PNO::solve    10.37s    10.37s 

--------------------------------
ITERATE-PAIRS-INTERNAL-ENDED
--------------------------------
=======================================================

Final MP2 Energies

=======================================================
    i    j      singlet      triplet        Total
=======================================================
    1    1  -1.89194e-02  0.00000e+00 -1.89194e-02
    2    1   0.00000e+00  0.00000e+00  0.00000e+00
    2    2  -2.24280e-02  0.00000e+00 -2.24280e-02
=======================================================
Final MP2 Energies (singlet): -4.13474e-02
Final MP2 Energies (triplet):  0.00000e+00
Final MP2 Energies (total)  : -4.13474e-02
=======================================================
-------------------------------------------
Total Reg Energy  =-4.13474e-02
Total F12 Energy  = 0.00000e+00
Sum Energies Total=-4.13474e-02
-------------------------------------------
Average | Max Rank: 2 | 3
                 time pno = 7.07176e+01
               energy mp2 = -4.13474e-02
     average pno rank mp2 = 2
         max pno rank mp2 = 3
--------------------------------------------------
            energy(total) = -1.57278e+01
--------------------------------------------------



Orthonormalization technique used: symmetric
No CABS used.
Tightening thresholds to +0.00010000 for post-processing
Overlap Matrix of all PNOs:
+1.00000170 -0.26356527 +0.00000000 -0.00000000 -0.00000000 -0.00000000 
-0.26356527 +1.00000256 +0.00000000 -0.00000000 +0.00000000 -0.00000000 
+0.00000000 +0.00000000 +1.00000000 -0.00000000 +0.08156731 -0.01855025 
-0.00000000 -0.00000000 -0.00000000 +1.00000000 +0.01855025 +0.08156731 
-0.00000000 +0.00000000 +0.08156731 +0.01855025 +1.00000000 -0.00000000 
-0.00000000 -0.00000000 -0.01855025 +0.08156731 -0.00000000 +1.00000000 
Before cherry pick
rank is +0
all used occupation numbers:
[+0.02613717 +0.00819608 +0.00460240 +0.00460240 +0.00409458 +0.00409458 ]
corresponding to active pairs:
[(1,1) (0,0) (0,0) (0,0) (1,1) (1,1) ]
After cherry pick
all used occupation numbers:
[+0.02613717 +0.00819608 +0.00460240 +0.00460240 +0.00409458 +0.00409458 ]
corresponding to active pairs:
[(1,1) (0,0) (0,0) (0,0) (1,1) (1,1) ]
Overlap Matrix before symmetric
[+0,*]  +1.00000170  -0.26356527  +0.00000000  -0.00000000  -0.00000000  -0.00000000
[+1,*]  -0.26356527  +1.00000256  +0.00000000  -0.00000000  +0.00000000  -0.00000000
[+2,*]  +0.00000000  +0.00000000  +1.00000000  -0.00000000  +0.08156731  -0.01855025
[+3,*]  -0.00000000  -0.00000000  -0.00000000  +1.00000000  +0.01855025  +0.08156731
[+4,*]  -0.00000000  +0.00000000  +0.08156731  +0.01855025  +1.00000000  -0.00000000
[+5,*]  -0.00000000  -0.00000000  -0.01855025  +0.08156731  -0.00000000  +1.00000000
Overlap Matrix after symmetric
[+0,*]  +1.00000000  +0.00000001  -0.00000000  -0.00000000  -0.00000000  +0.00000000
[+1,*]  +0.00000001  +1.00000000  +0.00000000  -0.00000000  -0.00000000  -0.00000000
[+2,*]  -0.00000000  +0.00000000  +1.00000000  -0.00000000  -0.00000000  +0.00000000
[+3,*]  -0.00000000  -0.00000000  -0.00000000  +1.00000000  -0.00000000  -0.00000000
[+4,*]  -0.00000000  -0.00000000  -0.00000000  -0.00000000  +1.00000000  +0.00000000
[+5,*]  +0.00000000  -0.00000000  +0.00000000  -0.00000000  +0.00000000  +1.00000000
Adding 3 HF orbitals
Size before adding CABS: 9.
Size after adding CABS: 9.
Compute G and F Tensor:
Assemble g,f using symmetries...
non zero elements:
 g : +11109
 h : +37
Overlap over whole basis
[+0,*]  +1.00000000  -0.00000139  +0.00000103  -0.00000307  +0.00000311  +0.00000000  -0.00000000  +0.00000000  +0.00000000
[+1,*]  -0.00000139  +1.00000000  +0.00000085  +0.00000070  -0.00000072  -0.00000000  +0.00000000  -0.00000000  -0.00000000
[+2,*]  +0.00000103  +0.00000085  +1.00000000  +0.00000027  -0.00000025  -0.00000000  +0.00000000  -0.00000000  +0.00000000
[+3,*]  -0.00000307  +0.00000070  +0.00000027  +1.00000000  +0.00000001  -0.00000000  -0.00000000  -0.00000000  +0.00000000
[+4,*]  +0.00000311  -0.00000072  -0.00000025  +0.00000001  +1.00000000  +0.00000000  -0.00000000  -0.00000000  -0.00000000
[+5,*]  +0.00000000  -0.00000000  -0.00000000  -0.00000000  +0.00000000  +1.00000000  -0.00000000  -0.00000000  +0.00000000
[+6,*]  -0.00000000  +0.00000000  +0.00000000  -0.00000000  -0.00000000  -0.00000000  +1.00000000  -0.00000000  -0.00000000
[+7,*]  +0.00000000  -0.00000000  -0.00000000  -0.00000000  -0.00000000  -0.00000000  -0.00000000  +1.00000000  -0.00000000
[+8,*]  +0.00000000  -0.00000000  +0.00000000  +0.00000000  -0.00000000  +0.00000000  -0.00000000  -0.00000000  +1.00000000

||S-1||=+0.00000692
finished at time 229.9

    Parallel environment
    --------------------
                  #nodes    1
       #threads per node    11+main = 12
          #total threads    12

  RMI message statistics (min / avg / max)
  ----------------------
   #messages in server q    0.00e+00 / 0.00e+00 / 0.00e+00
 #messages sent per node    0.00e+00 / 0.00e+00 / 0.00e+00
    #bytes sent per node    0.00e+00 / 0.00e+00 / 0.00e+00
 #messages recv per node    0.00e+00 / 0.00e+00 / 0.00e+00
    #bytes recv per node    0.00e+00 / 0.00e+00 / 0.00e+00
        #msgs systemwide    0.00e+00
       #bytes systemwide    0.00e+00

  Thread pool statistics (min / avg / max)
  ----------------------
         #tasks per node    1.41e+07 / 1.41e+07 / 1.41e+07
     #max q len per node    9.89e+03 / 9.89e+03 / 9.89e+03
  #hi-pri tasks per node    4.24e+06 / 4.24e+06 / 4.24e+06

         Total wall time    229.8s
         Total  cpu time    229.8s

