MADNESS runtime initialized with 11 threads in the pool and affinity -1 -1 -1
starting at time 0.0

--------------------------------------------
   MADNESS 0.10.1 multiresolution suite
--------------------------------------------

   number of processors ... 1
    processor frequency ... 3.695722e+09
            host system ... Linux
          configured by ... kottmann
          configured on ... wittgenstein
          configured at ... 2021-02-10T21:25:26
                    CXX ... /usr/bin/c++
               CXXFLAGS ... -O3 -DNDEBUG -I/h/28/kottmann/install/numcpp/include/ -I/h/28/kottmann/install/boost/boost_1_72_0/include/ -std=c++1z
             tuning for ... default
                    MPI ... multiple
 multi-threaded runtime ... MADNESS ThreadPool
                   BLAS ... Intel MKL 2866 2866 MFLOP/s
               compiled ... 13:08:26  on  Feb 23 2021


-------------------------------------------------------------------------------------
SOLVING MRA-PNO-F12 as described in 
J.S. Kottmann, F.A. Bischoff, E.F. Valeev
Direct determination of optimal pair-natural orbitals in a real-space representation:
the second-order Møller-Plesset energy
Journal of Chemical Physics ... 2020
-------------------------------------------------------------------------------------


This script will run PNO-MP2 and print out tensors in binary
Call as: pno_integrals inputfileinput is input
ignoring unknown parameter in input file:  ncf

Angstrom being used to read input coordinates (1 Bohr = 1.88972613 Angstrom)


Asymptotic correction parameters
---------------------------------------
Atom vector is not empty: false
Using multipole approximation: false
Number of electrons = -1
Ionisation energy = 0.000000e+00
E(HOMO) = 0.000000e+00
R1 = 3.000000e+00
R2 = 4.000000e+00
DFT coefficient = 0.000000e+00
Interpolation scheme = linear
constructed symmetry operator for point group C1
dft
              charge  0.0000e+00 # defined   total molecular charge
                  xc  hf         # defined   XC input line
               smear  0.0000e+00 # default   smearing parameter
               econv  1.0000e-04 # defined   energy convergence
               dconv  5.0000e-04 # defined   density convergence
convergence_criteria  [bsh_residual, total_energy] # default   possible values are: bsh_residual, total_energy, each_energy, density
                   k  7          # defined   polynomial order
                   l  5.2929e+01 # derived   user coordinates box size
               deriv  abgv       # default   derivative method                            [abgv, bspline, ble]
           dft_deriv  abgv       # default   derivative method for gga potentials         [abgv, bspline, ble]
             maxrotn  2.5000e-01 # default   step restriction used in autoshift algorithm
             nvalpha  0          # default   number of alpha virtuals to compute
              nvbeta  0          # default   number of beta virtuals to compute
               nopen  0          # default   number of unpaired electrons = nalpha-nbeta
             maxiter  25         # default   maximum number of iterations
                 nio  1          # default   no. of io servers to use
     spin_restricted  true       # default   true if spin restricted
              plotlo  0          # default   range of MOs to print (for both spins if polarized
              plothi  -1         # default   range of MOs to print (for both spins if polarized
            plotdens  false      # default   If true print the density at convergence
            plotcoul  false      # default   If true plot the total coulomb potential at convergence
            localize  boys       # defined   localization method                          [pm, boys, new, canon]
          pointgroup  c1         # derived   use point (sub) group symmetry if not localized[c1, c2, ci, cs, c2v, c2h, d2, d2h]
             restart  false      # default   if true restart from orbitals on disk
           restartao  false      # default   if true restart from orbitals projected into AO basis (STO3G) on disk
          no_compute  false      # default   if true use orbitals on disk, set value to computed
           no_orient  false      # default   if true the molecule coordinates will not be reoriented
                save  true       # default   if true save orbitals to disk
              maxsub  10         # default   size of iterative subspace ... set to 0 or 1 to disable
        orbitalshift  0.0000e+00 # default   scf orbital shift: shift the occ orbitals to lower energies
            npt_plot  101        # default   no. of points to use in each dim for plots
           plot_cell  []         # default   lo hi in each dimension for plotting (default is all space)
             aobasis  6-31g      # derived   AO basis used for initial guess (6-31g or sto-3g)
           core_type  none       # default   core potential type                          [none, mpc]
         derivatives  false      # default   if true calculate nuclear derivatives
              dipole  false      # default   if true calculate dipole moment
      conv_only_dens  false      # default   if true remove bsh_residual from convergence criteria (deprecated)
            psp_calc  false      # default   pseudopotential calculation for all atoms
 print_dipole_matels  false      # default   if true output dipole matrix elements
            pcm_data  none       # default   do a PCM (solvent) calculation
             ac_data  none       # default   do a calculation with asymptotic correction (see ACParameters class in chem/AC.h for details)
             pure_ae  true       # default   pure all electron calculation with no pseudo-atoms
         print_level  3          # default   0: no output; 1: final energy; 2: iterations; 3: timings; 10: debug
              nalpha  3          # derived   number of alpha spin electrons
               nbeta  3          # derived   number of beta  spin electrons
           nmo_alpha  3          # derived   number of alpha spin molecular orbitals
            nmo_beta  3          # derived   number of beta spin molecular orbitals
                  lo  9.0905e-04 # derived   smallest length scale we need to resolve
            protocol  [1.0000e-04, 1.0000e-06] # derived   calculation protocol
                gopt  false      # default   geometry optimizer
                gtol  1.0000e-04 # default   geometry tolerance
               gtest  false      # default   geometry tolerance
                gval  1.0000e-05 # default   value precision
               gprec  1.0000e-04 # default   gradient precision
            gmaxiter  20         # default   optimization maxiter
    ginitial_hessian  false      # default   compute inital hessian for optimization
              algopt  bfgs       # default   algorithm used for optimization              [bfgs, cg]
            tdksprop  false      # default   time-dependent Kohn-Sham equation propagate
           nv_factor  1          # default   factor to multiply number of virtual orbitals with when automatically decreasing nvirt
           vnucextra  2          # default   load balance parameter for nuclear pot
        loadbalparts  2          # default   ??
            response  false      # default   response function calculation
       response_freq  0.0000e+00 # default   frequency for calculation response function
       response_axis  [1, 1, 1]  # default   response axis
           nonrotate  false      # default   if true do not molcule orient (redundant with no_orient
               rconv  1.0000e-06 # default   Response convergence
              efield  0.0000e+00 # default   eps for finite field
         efield_axis  0          # default   finite field axis                            [0, 1, 2]
              nwfile  none       # default   Base name of nwchem output files (.out and .movecs extensions) to read from
                 ncf  (none,1.0000e+00) # defined   nuclear correlation factor
             hessian  false      # default   compute the hessian matrix
           read_cphf  false      # default   read the converged orbital response for nuclear displacements from file
        restart_cphf  false      # default   read the guess orbital response for nuclear displacements from file
      purify_hessian  false      # default   symmetrize the hessian matrix based on atomic charges

end
              charge  0.0000e+00 # defined   total molecular charge
                  xc  hf         # defined   XC input line
               smear  0.0000e+00 # default   smearing parameter
               econv  1.0000e-04 # defined   energy convergence
               dconv  5.0000e-04 # defined   density convergence
convergence_criteria  [bsh_residual, total_energy] # default   possible values are: bsh_residual, total_energy, each_energy, density
                   k  7          # defined   polynomial order
                   l  5.2929e+01 # derived   user coordinates box size
               deriv  abgv       # default   derivative method                            [abgv, bspline, ble]
           dft_deriv  abgv       # default   derivative method for gga potentials         [abgv, bspline, ble]
             maxrotn  2.5000e-01 # default   step restriction used in autoshift algorithm
             nvalpha  0          # default   number of alpha virtuals to compute
              nvbeta  0          # default   number of beta virtuals to compute
               nopen  0          # default   number of unpaired electrons = nalpha-nbeta
             maxiter  25         # default   maximum number of iterations
                 nio  1          # default   no. of io servers to use
     spin_restricted  true       # default   true if spin restricted
              plotlo  0          # default   range of MOs to print (for both spins if polarized
              plothi  -1         # default   range of MOs to print (for both spins if polarized
            plotdens  false      # default   If true print the density at convergence
            plotcoul  false      # default   If true plot the total coulomb potential at convergence
            localize  boys       # defined   localization method                          [pm, boys, new, canon]
          pointgroup  c1         # derived   use point (sub) group symmetry if not localized[c1, c2, ci, cs, c2v, c2h, d2, d2h]
             restart  false      # default   if true restart from orbitals on disk
           restartao  false      # default   if true restart from orbitals projected into AO basis (STO3G) on disk
          no_compute  false      # default   if true use orbitals on disk, set value to computed
           no_orient  false      # default   if true the molecule coordinates will not be reoriented
                save  true       # default   if true save orbitals to disk
              maxsub  10         # default   size of iterative subspace ... set to 0 or 1 to disable
        orbitalshift  0.0000e+00 # default   scf orbital shift: shift the occ orbitals to lower energies
            npt_plot  101        # default   no. of points to use in each dim for plots
           plot_cell  []         # default   lo hi in each dimension for plotting (default is all space)
             aobasis  6-31g      # derived   AO basis used for initial guess (6-31g or sto-3g)
           core_type  none       # default   core potential type                          [none, mpc]
         derivatives  false      # default   if true calculate nuclear derivatives
              dipole  false      # default   if true calculate dipole moment
      conv_only_dens  false      # default   if true remove bsh_residual from convergence criteria (deprecated)
            psp_calc  false      # default   pseudopotential calculation for all atoms
 print_dipole_matels  false      # default   if true output dipole matrix elements
            pcm_data  none       # default   do a PCM (solvent) calculation
             ac_data  none       # default   do a calculation with asymptotic correction (see ACParameters class in chem/AC.h for details)
             pure_ae  true       # default   pure all electron calculation with no pseudo-atoms
         print_level  3          # default   0: no output; 1: final energy; 2: iterations; 3: timings; 10: debug
              nalpha  3          # derived   number of alpha spin electrons
               nbeta  3          # derived   number of beta  spin electrons
           nmo_alpha  3          # derived   number of alpha spin molecular orbitals
            nmo_beta  3          # derived   number of beta spin molecular orbitals
                  lo  9.0905e-04 # derived   smallest length scale we need to resolve
            protocol  [1.0000e-04, 1.0000e-06] # derived   calculation protocol
                gopt  false      # default   geometry optimizer
                gtol  1.0000e-04 # default   geometry tolerance
               gtest  false      # default   geometry tolerance
                gval  1.0000e-05 # default   value precision
               gprec  1.0000e-04 # default   gradient precision
            gmaxiter  20         # default   optimization maxiter
    ginitial_hessian  false      # default   compute inital hessian for optimization
              algopt  bfgs       # default   algorithm used for optimization              [bfgs, cg]
            tdksprop  false      # default   time-dependent Kohn-Sham equation propagate
           nv_factor  1          # default   factor to multiply number of virtual orbitals with when automatically decreasing nvirt
           vnucextra  2          # default   load balance parameter for nuclear pot
        loadbalparts  2          # default   ??
            response  false      # default   response function calculation
       response_freq  0.0000e+00 # default   frequency for calculation response function
       response_axis  [1, 1, 1]  # default   response axis
           nonrotate  false      # default   if true do not molcule orient (redundant with no_orient
               rconv  1.0000e-06 # default   Response convergence
              efield  0.0000e+00 # default   eps for finite field
         efield_axis  0          # default   finite field axis                            [0, 1, 2]
              nwfile  none       # default   Base name of nwchem output files (.out and .movecs extensions) to read from



 geometry
   eprec 1.0e-06
   units atomic
   Be            0.00000000           0.00000000           0.09448631
   H             0.00000000           0.00000000           2.55113028
   H             0.00000000           0.00000000          -2.92907551
 end

Solving NDIM= 3  with thresh 1.000000e-04     k 7    conv 5.000000e-04 

timer:     Project vnuclear     0.68s     0.68s
constructed nuclear correlation factor of the form
    R   =  1.000000e+00
with eprec  1.000000e-06
which means it's (nearly) a conventional calculation

timer:        reproject ncf     1.80s     1.80s
timer:        guess density     0.50s     0.50s
timer:   guess Coulomb potn     0.43s     0.43s
timer:       guess lda potn     0.30s     0.30s
timer:        guess overlap     0.05s     0.05s
timer:    KEmat reconstruct     0.05s     0.05s
timer:  KEmat differentiate     0.26s     0.26s
timer:       KEmat compress     0.08s     0.08s
timer: KEmat inner products     0.16s     0.16s
timer:     guess Kinet potn     0.55s     0.55s
timer:           guess fock     0.54s     0.54s
timer:      guess eigen sol     0.06s     0.06s
timer: guess orbital groupi     0.12s     0.12s

starting protocol at time      7.3s 
precision steps  1.000000e-04  -->  1.000000e-04
protocol: thresh 1.000000e-04 econv  1.000000e-04 dconv 5.000000e-04

ending protocol at time      7.3s 

Solving NDIM= 3  with thresh 1.000000e-04     k 7    conv 5.000000e-04 

timer:        Boys localize     0.86s     0.86s
orbital irreps []
timer:      reconstruct psi     0.15s     0.15s
timer:        compute Jnemo     0.75s     0.75s
timer:        compute Knemo     2.16s     2.16s
timer: compute Unemo 0.0152     0.25s     0.25s

  nuclear and kinetic     -26.58396623
         kinetic only      15.72970061
              coulomb      11.14649105
             exchange      -3.43021917
    nuclear-repulsion       3.13365549
   regularized energy     -15.73403887
  buggy if hybrid functionals are used..
timer:       compute energy     3.65s     3.65s
Norm of vector changes ab spin case : rms 4.017904e-02    max 4.906026e-02
convergence: bshresidual, energy change, max energy change, density change 4.3e-02 1.6e+01 1.6e+01 1.5e+00
finished iteration  0 at time     20.3s with energy  -15.73403887
timer:        Boys localize     0.92s     0.92s
orbital irreps []
timer:      reconstruct psi     0.19s     0.19s
timer:        compute Jnemo     0.77s     0.77s
timer:        compute Knemo     1.91s     1.91s
timer: compute Unemo 0.0152     0.22s     0.22s

  nuclear and kinetic     -26.55448369
         kinetic only      15.64914913
              coulomb      11.07654787
             exchange      -3.41120257
    nuclear-repulsion       3.13365549
   regularized energy     -15.75548291
  buggy if hybrid functionals are used..
timer:       compute energy     3.63s     3.63s
Norm of vector changes ab spin case : rms 1.513112e-02    max 1.876956e-02
convergence: bshresidual, energy change, max energy change, density change 1.2e-02 2.1e-02 8.1e-02 7.1e-03
finished iteration  1 at time     32.8s with energy  -15.75548291
timer:        Boys localize     0.95s     0.95s
orbital irreps []
timer:      reconstruct psi     0.16s     0.16s
timer:        compute Jnemo     0.66s     0.66s
timer:        compute Knemo     1.94s     1.94s
timer: compute Unemo 0.0149     0.18s     0.18s

  nuclear and kinetic     -26.54771996
         kinetic only      15.62959142
              coulomb      11.06152732
             exchange      -3.40488748
    nuclear-repulsion       3.13365549
   regularized energy     -15.75742465
  buggy if hybrid functionals are used..
timer:       compute energy     3.42s     3.42s
Norm of vector changes ab spin case : rms 2.263984e-03    max 2.780906e-03
convergence: bshresidual, energy change, max energy change, density change 1.6e-03 1.9e-03 2.0e-02 1.3e-03
finished iteration  2 at time     45.6s with energy  -15.75742465
timer:        Boys localize     1.00s     1.00s
orbital irreps []
timer:      reconstruct psi     0.21s     0.21s
timer:        compute Jnemo     0.64s     0.64s
timer:        compute Knemo     1.98s     1.98s
timer: compute Unemo 0.0149     0.16s     0.16s

  nuclear and kinetic     -26.55096731
         kinetic only      15.62787107
              coulomb      11.06379727
             exchange      -3.40397918
    nuclear-repulsion       3.13365549
   regularized energy     -15.75749374
  buggy if hybrid functionals are used..
timer:       compute energy     3.46s     3.46s
Norm of vector changes ab spin case : rms 8.228511e-04    max 1.145725e-03
convergence: bshresidual, energy change, max energy change, density change 4.9e-04 6.9e-05 3.2e-03 3.6e-04
finished iteration  3 at time     58.5s with energy  -15.75749374

Iterations converged


ending protocol at time     58.5s 

 Dipole Moment (a.u.)
 -----------

     x:  -5.251325e-14
     y:  -5.166546e-14
     z:  2.207161e-01
 Total Dipole Moment:  2.207161e-01 

timer:               dipole     0.14s     0.14s
Nemo Orbital Energies: [*]  -4.69613892  -0.48941507  -0.43011158

nemo energy:  -1.575749e+01
 at time 59.0
PNO Integrals evaluated as:
pnoint
       rank_increase  15         # default   maximum rank to increase in every macroiteration
               chunk  100        # default   chunk of functions operated on in parallel when G or K is applied (prevent memory shortage)
               debug  false      # default   debug mode
              freeze  1          # derived   frozen core approximation
             maxrank  4          # defined   maximal pno rank for all pairs
           guesstype  exop       # derived   the guesstype: exop (recommended, multiply polynomial excitation operators onto the occupied orbitals), empty (don't compute a guess), scf (use the ao basis from the SCF solver), partial_wave (create s,p,d ..., type functions and place on atoms), predefined (same as partial_wave but for predefined sets)
                exop  multipole  # derived   this string defines which excitation operators can be used, use 'dipole', 'dipole+', 'quadrupole', 'ocopole', or 'multipole', need to set guesstype to 'exop' which is the default
          exop_trigo  true       # default   use trigonometric excitation operators ( x --> sin(x)
        partial_wave             # default   atom centered partial wave guess of format like 'h-2s1p-o-3s2p1d', need to set guesstype to 'partial_wave' and adaptive_solver to 'none'
          predefined             # default   predefined partial wave guesses of type pvxz with x=d,t,q,5,6, need to set guesstype to 'predefined' and adaptive_solver to 'none'
           maxiter_t  100        # default   maximal number of iterations in the amplitude solver
       maxiter_micro  10         # default   Maximum of iterations for every cycle in the adaptive solver
       maxiter_macro  10         # default   Maximum of iterations of cycles in the adaptive solver
                tpno  1.0000e-08 # default   PNO cutoff threshold
          tpno_tight  1.0000e-10 # derived   PNO cutoff for the first iteration
    canonicalize_pno  true       # default   canonicalize the pnos before the amplitude solver
              thresh  1.0000e-04 # defined   MRA threshold
         econv_micro  1.0000e-04 # derived   Energy convergence for microiterations (Greens function based optimization) in adaptive solver
         econv_pairs  1.0000e-05 # derived   ENergy convergence for individual pairs in adaptive solver. Converged pairs are frozen automatically
         econv_macro  1.0000e-04 # derived   Energy convergence for macroiterations in adaptive solver, no effect if adaptive_solver is deactivated
               dconv  1.0000e-01 # default   convergence of every PNO in the Green's function solver
           op_thresh  1.0000e-06 # default   MRA operator thresh
             restart  none       # derived   restart pairs of this type, use 'mp2', 'cispd', 'all' or 'none'
          no_compute  none       # default   do not compute the pairs of this type, use 'mp2', 'cispd', 'all' or 'none'
              no_opt  none       # default   do not optimize the pnos of this type, use 'mp2', 'cispd', 'all' or 'none'
            no_guess  none       # derived   guess for this type will be empty, use 'mp2', 'cispd', 'all' or 'none'
     adaptive_solver  all        # default   Use adaptive solver for those pairs, use 'mp2', 'cispd', 'all' or 'none', works only in combination with guesstype 'exop'
                kain  true       # default   use KAIN solver in amplitude solver
       kain_subspace  5          # default   subspace size of the KAIN solver (amplitudes)
                 f12  false      # defined   use explicit correlation
        cispd_number  -1         # default   CIS(D) excitation numbers, to read in correct functions
        cispd_energy  0.0000e+00 # default   CIS energy
        freeze_pairs  none       # default   frozen pairs will not be optimized: Expected format 'a b c d' will freeze pairs ab and cd
freeze_pairs_of_orbital  []         # default    All pairs which originate from this orbital will not be optimized
active_pairs_of_orbital  []         # default    All pairs which originate from this orbital will not be frozen all other pairs will, if this vector is not empty
no_opt_in_first_iteration  false      # default   Do not optimize in the first iteration (then the potentials do not have to be evaluated, use this for large guesses)
            exchange  full       # default   approximate exchange with 'neglect' or xc functional -> same syntax as moldft
           save_pnos  true       # default   Save the OBS-PNOs to a file, before and after orthonormalization.
            diagonal  true       # defined   Compute only diagonal PNOs
              orthog  symmetric  # defined   orthogonalization method for PNO basis, also current default for a potential CABS. options: symmetric, canonical, cholesky, rr_cholesky,
         orthog_cabs  default    # default   orthogonalization method for CABS basis. options: symmetric, canonical, cholesky, rr_cholesky, uses same as orbitals basis if default.
               n_pno  4          # defined   desired size of PNO-basis (orbital space)
         cabs_option  none       # default   type of complementary auxiliary basis to be used. can be none ~ no CABS, gbs ~ Gaussian basis set as CABS, requires input via auxbas_file, pno ~ use superfluous PNOs as CABS, mixed ~ gbs&pno-option
       pno_cabs_size  -1         # default   size of a potential pno-cabs. defaults to -1 ~ all remaining PNOs, if pno-cabs or mixed-cabs
           only_diag  false      # default   use only diagonal elements PNOs
         cherry_pick  []         # default   cherry pick option to choose particular set of PNOs, not just blindly by occupation number. can be useful, if only a restricted number of PNOs can be used, to avoid separating degenerate pairs. can be envoked by passing a vector via [ elem1, elem2, ... ]
               gamma  1.4000e+00 # default   The f12 length scale, here to be used to compute f12-integrals
         cabs_thresh  1.0000e-04 # derived    thresh for cabs part
              auxbas  none       # default   atom centered partial wave guess of format like 'h-2s1p-o-3s2p1d'
         auxbas_file  none       # default   Use external comp. aux. basis in addition to the pnos as auxbasis. Give the filename as parameter. Give the auxbas in turbomole format. Don't use contractions. If a file is specified the auxbas parameter has no effect
   print_pno_overlap  true       # default   Print overlap matrix at certain steps in computation, for debugging purposes.
              n_virt  0          # defined   Compute this number of virtuals and include them in the integral construction, experimental and not robust!.
      hardcore_boson  false      # default   compute only integrals for hardcore boson hamiltonian (restricted to double occupations)

end
F12 Operators initialized right
timer:                    Testing F12 Operators     0.85s     0.85s 
timer:  Initializing (active) Exchange Orbitals     2.04s     2.04s 
Size of active mos and their exchange potentials:
K(acmos)=2.903104e-03 Gbyte
acmos   =2.402216e-03 Gbyte
PNO Parameters
pno
       rank_increase  15         # default   maximum rank to increase in every macroiteration
               chunk  100        # default   chunk of functions operated on in parallel when G or K is applied (prevent memory shortage)
               debug  false      # default   debug mode
              freeze  1          # derived   frozen core approximation
             maxrank  4          # defined   maximal pno rank for all pairs
           guesstype  exop       # derived   the guesstype: exop (recommended, multiply polynomial excitation operators onto the occupied orbitals), empty (don't compute a guess), scf (use the ao basis from the SCF solver), partial_wave (create s,p,d ..., type functions and place on atoms), predefined (same as partial_wave but for predefined sets)
                exop  multipole  # derived   this string defines which excitation operators can be used, use 'dipole', 'dipole+', 'quadrupole', 'ocopole', or 'multipole', need to set guesstype to 'exop' which is the default
          exop_trigo  true       # default   use trigonometric excitation operators ( x --> sin(x)
        partial_wave             # default   atom centered partial wave guess of format like 'h-2s1p-o-3s2p1d', need to set guesstype to 'partial_wave' and adaptive_solver to 'none'
          predefined             # default   predefined partial wave guesses of type pvxz with x=d,t,q,5,6, need to set guesstype to 'predefined' and adaptive_solver to 'none'
           maxiter_t  100        # default   maximal number of iterations in the amplitude solver
       maxiter_micro  10         # default   Maximum of iterations for every cycle in the adaptive solver
       maxiter_macro  10         # default   Maximum of iterations of cycles in the adaptive solver
                tpno  1.0000e-08 # default   PNO cutoff threshold
          tpno_tight  1.0000e-10 # derived   PNO cutoff for the first iteration
    canonicalize_pno  true       # default   canonicalize the pnos before the amplitude solver
              thresh  1.0000e-04 # defined   MRA threshold
         econv_micro  1.0000e-04 # derived   Energy convergence for microiterations (Greens function based optimization) in adaptive solver
         econv_pairs  1.0000e-05 # derived   ENergy convergence for individual pairs in adaptive solver. Converged pairs are frozen automatically
         econv_macro  1.0000e-04 # derived   Energy convergence for macroiterations in adaptive solver, no effect if adaptive_solver is deactivated
               dconv  1.0000e-01 # default   convergence of every PNO in the Green's function solver
           op_thresh  1.0000e-06 # default   MRA operator thresh
             restart  none       # derived   restart pairs of this type, use 'mp2', 'cispd', 'all' or 'none'
          no_compute  none       # default   do not compute the pairs of this type, use 'mp2', 'cispd', 'all' or 'none'
              no_opt  none       # default   do not optimize the pnos of this type, use 'mp2', 'cispd', 'all' or 'none'
            no_guess  none       # derived   guess for this type will be empty, use 'mp2', 'cispd', 'all' or 'none'
     adaptive_solver  all        # default   Use adaptive solver for those pairs, use 'mp2', 'cispd', 'all' or 'none', works only in combination with guesstype 'exop'
                kain  true       # default   use KAIN solver in amplitude solver
       kain_subspace  5          # default   subspace size of the KAIN solver (amplitudes)
                 f12  false      # defined   use explicit correlation
        cispd_number  -1         # default   CIS(D) excitation numbers, to read in correct functions
        cispd_energy  0.0000e+00 # default   CIS energy
        freeze_pairs  none       # default   frozen pairs will not be optimized: Expected format 'a b c d' will freeze pairs ab and cd
freeze_pairs_of_orbital  []         # default    All pairs which originate from this orbital will not be optimized
active_pairs_of_orbital  []         # default    All pairs which originate from this orbital will not be frozen all other pairs will, if this vector is not empty
no_opt_in_first_iteration  false      # default   Do not optimize in the first iteration (then the potentials do not have to be evaluated, use this for large guesses)
            exchange  full       # default   approximate exchange with 'neglect' or xc functional -> same syntax as moldft
           save_pnos  true       # default   Save the OBS-PNOs to a file, before and after orthonormalization.
            diagonal  true       # defined   Compute only diagonal PNOs

end

**********************
Solve PNO-MP2
*********************


**********************
Iterate Pairs
*********************


************************
Adaptive Solver
***********************

Initializing empty Pairs:
no guess was explicitly demanded for mp2

timer:                                     RRCD     0.00s     0.00s 
timer:                             MRA compress     0.00s     0.00s 
timer:                          Transform Pairs     0.00s     0.00s 
timer:          apply Q and orthonormalize PNOs     0.00s     0.00s 
Created Guess:
pair11 with 0 guess functions
pair21 with 0 guess functions
pair22 with 0 guess functions
guess pair11 size: 0.0000000000e+00 | 0.0000000000e+00 Gbyte (after truncation)
guess pair22 size: 0.0000000000e+00 | 0.0000000000e+00 Gbyte (after truncation)
timer:                           truncate guess     0.00s     0.00s 
timer:                         Initialize Pairs     0.00s     0.00s 
Keyword multipole is not known
Guess protocol for adaptively growing ranks is: [dipole+, quadrupole, big_fock_3, big_fock_3, big_fock_3, big_fock_3, big_fock_3, big_fock_3, big_fock_3, big_fock_3]


--------Adaptive Solver Macroiteration 0 from max 10 ----------

Growing ranks with exop=dipole+
Create guess functions by multiplying plane-waves to 1 functions 
Created 4 virtuals for pair11
pair21 is frozen: no growing
Create guess functions by multiplying plane-waves to 1 functions 
Created 4 virtuals for pair22
frozen pair: no orthonormalization
timer:                                     RRCD     0.04s     0.04s 
timer:                             MRA compress     0.00s     0.00s 
timer:                          Transform Pairs     0.07s     0.07s 
timer:                        grow PNO subspace     1.74s     1.74s 
SolveInternal: Parameters are assigned as
no_compute        = false
no_opt            = false
restart           = false
do_cispd          = false
econv             =1.0000000000e-04
maxrank (min,max) = (4,4)
Solving MP2 doubles
timer:          fock matrix     2.66s     2.66s
Information About All Pairs:
mp2_pair11           number=0 rank=  4 frozen=false
mp2_pair21           number=1 rank=  0 frozen=true
mp2_pair22           number=2 rank=  4 frozen=false
number of pairs=3
average rank   =2 (2.6666666667e+00)
largest rank   =4
PNOPairs Memory Information
Total: 0.0093226433 GB 
PNO  : 0.0093226433 GB 
KPNO : 0.0000000000 GB 
W    : 0.0000000000 GB 

timer:                                 truncate     0.03s     0.03s 
wall time=72.4916739464 chunk=8 allK.size()=8 memory=0.0094861984 GB
timer:                             compute KPNO     4.17s     4.17s 
wall time=72.6371150017 chunk=8 allJ.size()=8 memory=0.0103857517 GB
timer:                             compute JPNO     0.15s     0.15s 
timer:                    compute Fock matrices     1.27s     1.27s 
timer:                             MRA compress     0.00s     0.00s 
timer:                          Transform Pairs     0.28s     0.28s 
timer:                             Canonicalize     0.28s     0.28s 
PNOPairs Memory Information
Total: 0.0182363987 GB 
PNO  : 0.0091590881 GB 
KPNO : 0.0090773106 GB 
W    : 0.0000000000 GB 

timer:                                 truncate     0.06s     0.06s 
mp2_pair21 is frozen: potential not computed
timer:                   Fluctuation Potentials     2.00s     2.00s 
timer:                       Fluctuation Matrix     0.15s     0.15s 
PNOPairs Memory Information
Total: 0.0319750309 GB 
PNO  : 0.0091590881 GB 
KPNO : 0.0090773106 GB 
W    : 0.0137386322 GB 

PNOPairs Memory Information
Total: 0.0319750309 GB 
PNO  : 0.0091590881 GB 
KPNO : 0.0090773106 GB 
W    : 0.0137386322 GB 

timer:                                 truncate     0.08s     0.08s 
timer:                             PNO Overlaps     0.03s     0.03s 
t_iter =  0  Hylleraas energy =  0.0000000000  ||R||_F =  0.1941746790  conv =  no
subspace solution [*]   1.00000000

t_iter =  1  Hylleraas energy =  -0.0261590842  ||R||_F =  0.0000000296  conv =  yes
=======================================================

Hylleraas MP2 Energies

=======================================================
    i    j      singlet      triplet        Total
=======================================================
    1    1  -1.30038e-02  0.00000e+00 -1.30038e-02
    2    1   0.00000e+00  0.00000e+00  0.00000e+00
    2    2  -1.31553e-02  0.00000e+00 -1.31553e-02
=======================================================
Hylleraas MP2 Energies (singlet): -2.61591e-02
Hylleraas MP2 Energies (triplet):  0.00000e+00
Hylleraas MP2 Energies (total)  : -2.61591e-02
=======================================================
-------------------------------------------
Total Reg Energy  =-2.61591e-02
Total F12 Energy  = 0.00000e+00
Sum Energies Total=-2.61591e-02
-------------------------------------------
timer:                         Solve Amplitudes     0.00s     0.00s 
No optimization untill now: Compressing pno ranks with tighter threshold
1.00000e-10 instead of 1.00000e-08
pair11: density evals:
 [*]   0.00360712   0.00418971   0.00418971   0.00488051

pair22: density evals:
 [*]   0.00357249   0.00416485   0.00416485   0.00775845

timer:                            compress PNOs     0.00s     0.00s 
timer:                             MRA compress     0.00s     0.00s 
timer:                          Transform Pairs     0.45s     0.45s 
timer:                          PNO Compression     0.46s     0.46s 
Information About All Pairs:
mp2_pair11           number=0 rank=  4 frozen=false
mp2_pair21           number=1 rank=  0 frozen=true
mp2_pair22           number=2 rank=  4 frozen=false
number of pairs=3
average rank   =2 (2.66667e+00)
largest rank   =4
saving vector of functions mp2_pair11
saving vector of functions mp2_pair22
timer:                        save pnos on disc     0.17s     0.17s 
PNOPairs Memory Information
Total: 0.03287 GB 
PNO  : 0.00940 GB 
KPNO : 0.00940 GB 
W    : 0.01407 GB 

timer:                                 truncate     0.04s     0.04s 
timer:      compute densities for G application     0.00s     0.00s 
pair21 is frozen: no optimization
timer:                Prepare for G application     0.43s     0.43s 
timer:                                    add K     0.03s     0.03s 
size of all Vpsi potentials (without Vnuc and J) 0.01161 GB 
time=78.44077 chunk=8 Vpsi+Vnuc+J=0.03173 GB
time=78.51410 chunk=8 Vpsi+Vnuc+J=0.03173 GB (after truncation)
timer:                           Apply G to all     3.32s     3.32s 
timer:                       apply Q and update     0.00s     0.00s 
mp2_pair11 residual norms:
[0.42600, 0.36966, 0.36966, 0.43797]
mp2_pair11 scaled residual norms:
[0.02559, 0.02393, 0.02393, 0.03060]
mp2_pair22 residual norms:
[0.44026, 0.37007, 0.37007, 0.40779]
mp2_pair22 scaled residual norms:
[0.02631, 0.02388, 0.02388, 0.03592]
timer:                          update all PNOs     3.81s     3.81s 
frozen pair: no orthonormalization
timer:                                     RRCD     0.04s     0.04s 
timer:                             MRA compress     0.00s     0.00s 
timer:                          Transform Pairs     0.10s     0.10s 
saving vector of functions mp2_pair11
saving vector of functions mp2_pair22
timer:                        save pnos on disc     0.16s     0.16s 


No convergence yet. Energy change = 0.02616

timer:                        Whole Iteration 1    13.08s    13.08s 
Information About All Pairs:
mp2_pair11           number=0 rank=  4 frozen=false
mp2_pair21           number=1 rank=  0 frozen=true
mp2_pair22           number=2 rank=  4 frozen=false
number of pairs=3
average rank   =2 (2.66667)
largest rank   =4
PNOPairs Memory Information
Total: 0.00981 GB 
PNO  : 0.00981 GB 
KPNO : 0.00000 GB 
W    : 0.00000 GB 

timer:                                 truncate     0.01s     0.01s 
wall time=85.50794 chunk=8 allK.size()=8 memory=0.00940 GB
timer:                             compute KPNO     4.13s     4.13s 
wall time=85.71709 chunk=8 allJ.size()=8 memory=0.01079 GB
timer:                             compute JPNO     0.21s     0.21s 
timer:                    compute Fock matrices     1.40s     1.40s 
timer:                             MRA compress     0.00s     0.00s 
timer:                          Transform Pairs     0.26s     0.26s 
timer:                             Canonicalize     0.26s     0.26s 
PNOPairs Memory Information
Total: 0.01914 GB 
PNO  : 0.00973 GB 
KPNO : 0.00940 GB 
W    : 0.00000 GB 

timer:                                 truncate     0.06s     0.06s 
mp2_pair21 is frozen: potential not computed
timer:                   Fluctuation Potentials     2.26s     2.26s 
timer:                       Fluctuation Matrix     0.15s     0.15s 
PNOPairs Memory Information
Total: 0.03337 GB 
PNO  : 0.00973 GB 
KPNO : 0.00940 GB 
W    : 0.01423 GB 

PNOPairs Memory Information
Total: 0.03337 GB 
PNO  : 0.00973 GB 
KPNO : 0.00940 GB 
W    : 0.01423 GB 

timer:                                 truncate     0.03s     0.03s 
timer:                             PNO Overlaps     0.10s     0.10s 
t_iter =  0  Hylleraas energy =  0.00000  ||R||_F =  0.29172  conv =  no
subspace solution [*]   1.00000000

t_iter =  1  Hylleraas energy =  -0.04505  ||R||_F =  0.00000  conv =  yes
=======================================================

Hylleraas MP2 Energies

=======================================================
    i    j      singlet      triplet        Total
=======================================================
    1    1  -2.24958e-02  0.00000e+00 -2.24958e-02
    2    1   0.00000e+00  0.00000e+00  0.00000e+00
    2    2  -2.25511e-02  0.00000e+00 -2.25511e-02
=======================================================
Hylleraas MP2 Energies (singlet): -4.50469e-02
Hylleraas MP2 Energies (triplet):  0.00000e+00
Hylleraas MP2 Energies (total)  : -4.50469e-02
=======================================================
-------------------------------------------
Total Reg Energy  =-4.50469e-02
Total F12 Energy  = 0.00000e+00
Sum Energies Total=-4.50469e-02
-------------------------------------------
timer:                         Solve Amplitudes     0.00s     0.00s 
pair11: density evals:
 [*]   0.00452352   0.00503732   0.00503732   0.00747281

pair22: density evals:
 [*]   0.00455186   0.00493235   0.00493235   0.01165387

timer:                            compress PNOs     0.00s     0.00s 
timer:                             MRA compress     0.00s     0.00s 
timer:                          Transform Pairs     0.49s     0.49s 
timer:                          PNO Compression     0.49s     0.49s 
Information About All Pairs:
mp2_pair11           number=0 rank=  4 frozen=false
mp2_pair21           number=1 rank=  0 frozen=true
mp2_pair22           number=2 rank=  4 frozen=false
number of pairs=3
average rank   =2 (2.66667e+00)
largest rank   =4
saving vector of functions mp2_pair11
saving vector of functions mp2_pair22
timer:                        save pnos on disc     0.15s     0.15s 
PNOPairs Memory Information
Total: 0.03320 GB 
PNO  : 0.00957 GB 
KPNO : 0.00940 GB 
W    : 0.01423 GB 

timer:                                 truncate     0.07s     0.07s 
timer:      compute densities for G application     0.00s     0.00s 
pair21 is frozen: no optimization
timer:                Prepare for G application     0.54s     0.54s 
timer:                                    add K     0.03s     0.03s 
size of all Vpsi potentials (without Vnuc and J) 0.01284 GB 
time=92.06126 chunk=8 Vpsi+Vnuc+J=0.03230 GB
time=92.12986 chunk=8 Vpsi+Vnuc+J=0.03132 GB (after truncation)
timer:                           Apply G to all     3.00s     3.00s 
timer:                       apply Q and update     0.00s     0.00s 
mp2_pair11 residual norms:
[0.10924, 0.09780, 0.09780, 0.12531]
mp2_pair11 scaled residual norms:
[0.00735, 0.00694, 0.00694, 0.01083]
mp2_pair22 residual norms:
[0.11034, 0.09447, 0.09447, 0.11138]
mp2_pair22 scaled residual norms:
[0.00744, 0.00663, 0.00663, 0.01202]
timer:                          update all PNOs     3.58s     3.58s 
frozen pair: no orthonormalization
timer:                                     RRCD     0.06s     0.06s 
timer:                             MRA compress     0.00s     0.00s 
timer:                          Transform Pairs     0.09s     0.09s 
saving vector of functions mp2_pair11
saving vector of functions mp2_pair22
timer:                        save pnos on disc     0.15s     0.15s 


No convergence yet. Energy change = 0.01889

timer:                        Whole Iteration 2    13.30s    13.31s 
Information About All Pairs:
mp2_pair11           number=0 rank=  4 frozen=false
mp2_pair21           number=1 rank=  0 frozen=true
mp2_pair22           number=2 rank=  4 frozen=false
number of pairs=3
average rank   =2 (2.66667)
largest rank   =4
PNOPairs Memory Information
Total: 0.00940 GB 
PNO  : 0.00940 GB 
KPNO : 0.00000 GB 
W    : 0.00000 GB 

timer:                                 truncate     0.03s     0.03s 
wall time=98.71938 chunk=8 allK.size()=8 memory=0.00990 GB
timer:                             compute KPNO     4.02s     4.02s 
wall time=98.83310 chunk=8 allJ.size()=8 memory=0.01088 GB
timer:                             compute JPNO     0.11s     0.11s 
timer:                    compute Fock matrices     1.39s     1.39s 
timer:                             MRA compress     0.00s     0.00s 
timer:                          Transform Pairs     0.30s     0.30s 
timer:                             Canonicalize     0.30s     0.30s 
PNOPairs Memory Information
Total: 0.01889 GB 
PNO  : 0.00932 GB 
KPNO : 0.00957 GB 
W    : 0.00000 GB 

timer:                                 truncate     0.05s     0.05s 
mp2_pair21 is frozen: potential not computed
timer:                   Fluctuation Potentials     1.99s     1.99s 
timer:                       Fluctuation Matrix     0.19s     0.19s 
PNOPairs Memory Information
Total: 0.03328 GB 
PNO  : 0.00932 GB 
KPNO : 0.00957 GB 
W    : 0.01439 GB 

PNOPairs Memory Information
Total: 0.03328 GB 
PNO  : 0.00932 GB 
KPNO : 0.00957 GB 
W    : 0.01439 GB 

timer:                                 truncate     0.06s     0.06s 
timer:                             PNO Overlaps     0.10s     0.10s 
t_iter =  0  Hylleraas energy =  0.00000  ||R||_F =  0.31380  conv =  no
subspace solution [*]   1.00000000

t_iter =  1  Hylleraas energy =  -0.04723  ||R||_F =  0.00000  conv =  yes
=======================================================

Hylleraas MP2 Energies

=======================================================
    i    j      singlet      triplet        Total
=======================================================
    1    1  -2.36225e-02  0.00000e+00 -2.36225e-02
    2    1   0.00000e+00  0.00000e+00  0.00000e+00
    2    2  -2.36108e-02  0.00000e+00 -2.36108e-02
=======================================================
Hylleraas MP2 Energies (singlet): -4.72333e-02
Hylleraas MP2 Energies (triplet):  0.00000e+00
Hylleraas MP2 Energies (total)  : -4.72333e-02
=======================================================
-------------------------------------------
Total Reg Energy  =-4.72333e-02
Total F12 Energy  = 0.00000e+00
Sum Energies Total=-4.72333e-02
-------------------------------------------
timer:                         Solve Amplitudes     0.00s     0.00s 
pair11: density evals:
 [*]   0.00424482   0.00478975   0.00478975   0.00712497

pair22: density evals:
 [*]   0.00424988   0.00467735   0.00467735   0.01126138

timer:                            compress PNOs     0.00s     0.00s 
timer:                             MRA compress     0.00s     0.00s 
timer:                          Transform Pairs     0.32s     0.32s 
timer:                          PNO Compression     0.32s     0.32s 
Information About All Pairs:
mp2_pair11           number=0 rank=  4 frozen=false
mp2_pair21           number=1 rank=  0 frozen=true
mp2_pair22           number=2 rank=  4 frozen=false
number of pairs=3
average rank   =2 (2.66667e+00)
largest rank   =4
saving vector of functions mp2_pair11
saving vector of functions mp2_pair22
timer:                        save pnos on disc     0.28s     0.28s 
PNOPairs Memory Information
Total: 0.03328 GB 
PNO  : 0.00932 GB 
KPNO : 0.00957 GB 
W    : 0.01439 GB 

timer:                                 truncate     0.05s     0.05s 
timer:      compute densities for G application     0.00s     0.00s 
pair21 is frozen: no optimization
timer:                Prepare for G application     0.40s     0.40s 
timer:                                    add K     0.03s     0.03s 
size of all Vpsi potentials (without Vnuc and J) 0.01292 GB 
time=104.71193 chunk=8 Vpsi+Vnuc+J=0.03214 GB
time=104.81310 chunk=8 Vpsi+Vnuc+J=0.03116 GB (after truncation)
timer:                           Apply G to all     3.13s     3.13s 
timer:                       apply Q and update     0.00s     0.00s 
mp2_pair11 residual norms:
[0.03785, 0.03340, 0.03340, 0.04780]
mp2_pair11 scaled residual norms:
[0.00247, 0.00231, 0.00231, 0.00403]
mp2_pair22 residual norms:
[0.03801, 0.03184, 0.03184, 0.04120]
mp2_pair22 scaled residual norms:
[0.00248, 0.00218, 0.00218, 0.00437]
timer:                          update all PNOs     3.56s     3.56s 
frozen pair: no orthonormalization
timer:                                     RRCD     0.06s     0.06s 
timer:                             MRA compress     0.00s     0.00s 
timer:                          Transform Pairs     0.07s     0.07s 
saving vector of functions mp2_pair11
saving vector of functions mp2_pair22
timer:                        save pnos on disc     0.18s     0.18s 


No convergence yet. Energy change = 0.00219

timer:                        Whole Iteration 3    12.84s    12.85s 
Information About All Pairs:
mp2_pair11           number=0 rank=  4 frozen=false
mp2_pair21           number=1 rank=  0 frozen=true
mp2_pair22           number=2 rank=  4 frozen=false
number of pairs=3
average rank   =2 (2.66667)
largest rank   =4
PNOPairs Memory Information
Total: 0.00990 GB 
PNO  : 0.00990 GB 
KPNO : 0.00000 GB 
W    : 0.00000 GB 

timer:                                 truncate     0.03s     0.03s 
wall time=111.67750 chunk=8 allK.size()=8 memory=0.00990 GB
timer:                             compute KPNO     4.12s     4.12s 
wall time=111.80469 chunk=8 allJ.size()=8 memory=0.01104 GB
timer:                             compute JPNO     0.13s     0.13s 
timer:                    compute Fock matrices     1.45s     1.45s 
timer:                             MRA compress     0.00s     0.00s 
timer:                          Transform Pairs     0.24s     0.24s 
timer:                             Canonicalize     0.24s     0.24s 
PNOPairs Memory Information
Total: 0.01914 GB 
PNO  : 0.00940 GB 
KPNO : 0.00973 GB 
W    : 0.00000 GB 

timer:                                 truncate     0.03s     0.03s 
mp2_pair21 is frozen: potential not computed
timer:                   Fluctuation Potentials     2.29s     2.29s 
timer:                       Fluctuation Matrix     0.17s     0.17s 
PNOPairs Memory Information
Total: 0.03353 GB 
PNO  : 0.00940 GB 
KPNO : 0.00973 GB 
W    : 0.01439 GB 

PNOPairs Memory Information
Total: 0.03353 GB 
PNO  : 0.00940 GB 
KPNO : 0.00973 GB 
W    : 0.01439 GB 

timer:                                 truncate     0.09s     0.09s 
timer:                             PNO Overlaps     0.10s     0.10s 
t_iter =  0  Hylleraas energy =  0.00000  ||R||_F =  0.32085  conv =  no
subspace solution [*]   1.00000000

t_iter =  1  Hylleraas energy =  -0.04753  ||R||_F =  0.00000  conv =  yes
=======================================================

Hylleraas MP2 Energies

=======================================================
    i    j      singlet      triplet        Total
=======================================================
    1    1  -2.37800e-02  0.00000e+00 -2.37800e-02
    2    1   0.00000e+00  0.00000e+00  0.00000e+00
    2    2  -2.37544e-02  0.00000e+00 -2.37544e-02
=======================================================
Hylleraas MP2 Energies (singlet): -4.75343e-02
Hylleraas MP2 Energies (triplet):  0.00000e+00
Hylleraas MP2 Energies (total)  : -4.75343e-02
=======================================================
-------------------------------------------
Total Reg Energy  =-4.75343e-02
Total F12 Energy  = 0.00000e+00
Sum Energies Total=-4.75343e-02
-------------------------------------------
timer:                         Solve Amplitudes     0.00s     0.00s 
pair11: density evals:
 [*]   0.00410087   0.00465765   0.00465765   0.00686542

pair22: density evals:
 [*]   0.00410121   0.00454854   0.00454854   0.01093724

timer:                            compress PNOs     0.00s     0.00s 
timer:                             MRA compress     0.00s     0.00s 
timer:                          Transform Pairs     0.43s     0.43s 
timer:                          PNO Compression     0.43s     0.43s 
Information About All Pairs:
mp2_pair11           number=0 rank=  4 frozen=false
mp2_pair21           number=1 rank=  0 frozen=true
mp2_pair22           number=2 rank=  4 frozen=false
number of pairs=3
average rank   =2 (2.66667e+00)
largest rank   =4
saving vector of functions mp2_pair11
saving vector of functions mp2_pair22
timer:                        save pnos on disc     0.16s     0.16s 
PNOPairs Memory Information
Total: 0.03361 GB 
PNO  : 0.00957 GB 
KPNO : 0.00965 GB 
W    : 0.01439 GB 

timer:                                 truncate     0.06s     0.06s 
timer:      compute densities for G application     0.00s     0.00s 
pair21 is frozen: no optimization
timer:                Prepare for G application     0.51s     0.51s 
timer:                                    add K     0.05s     0.05s 
size of all Vpsi potentials (without Vnuc and J) 0.01317 GB 
time=118.08039 chunk=8 Vpsi+Vnuc+J=0.03263 GB
time=118.13204 chunk=8 Vpsi+Vnuc+J=0.03165 GB (after truncation)
timer:                           Apply G to all     3.03s     3.03s 
timer:                       apply Q and update     0.00s     0.00s 
mp2_pair11 residual norms:
[0.01374, 0.01210, 0.01210, 0.01935]
mp2_pair11 scaled residual norms:
[0.00088, 0.00083, 0.00083, 0.00160]
mp2_pair22 residual norms:
[0.01426, 0.01167, 0.01167, 0.01596]
mp2_pair22 scaled residual norms:
[0.00091, 0.00079, 0.00079, 0.00167]
timer:                          update all PNOs     3.59s     3.59s 
frozen pair: no orthonormalization
timer:                                     RRCD     0.06s     0.06s 
timer:                             MRA compress     0.00s     0.00s 
timer:                          Transform Pairs     0.13s     0.13s 
saving vector of functions mp2_pair11
saving vector of functions mp2_pair22
timer:                        save pnos on disc     0.17s     0.17s 


No convergence yet. Energy change = 0.00030

timer:                        Whole Iteration 4    13.33s    13.33s 
Information About All Pairs:
mp2_pair11           number=0 rank=  4 frozen=false
mp2_pair21           number=1 rank=  0 frozen=true
mp2_pair22           number=2 rank=  4 frozen=false
number of pairs=3
average rank   =2 (2.66667)
largest rank   =4
PNOPairs Memory Information
Total: 0.01006 GB 
PNO  : 0.01006 GB 
KPNO : 0.00000 GB 
W    : 0.00000 GB 

timer:                                 truncate     0.03s     0.03s 
wall time=125.02378 chunk=8 allK.size()=8 memory=0.00998 GB
timer:                             compute KPNO     4.15s     4.15s 
wall time=125.15702 chunk=8 allJ.size()=8 memory=0.01112 GB
timer:                             compute JPNO     0.13s     0.13s 
timer:                    compute Fock matrices     1.36s     1.36s 
timer:                             MRA compress     0.00s     0.00s 
timer:                          Transform Pairs     0.28s     0.28s 
timer:                             Canonicalize     0.28s     0.28s 
PNOPairs Memory Information
Total: 0.01946 GB 
PNO  : 0.00957 GB 
KPNO : 0.00990 GB 
W    : 0.00000 GB 

timer:                                 truncate     0.08s     0.08s 
mp2_pair21 is frozen: potential not computed
timer:                   Fluctuation Potentials     2.12s     2.12s 
timer:                       Fluctuation Matrix     0.14s     0.14s 
PNOPairs Memory Information
Total: 0.03369 GB 
PNO  : 0.00957 GB 
KPNO : 0.00990 GB 
W    : 0.01423 GB 

PNOPairs Memory Information
Total: 0.03369 GB 
PNO  : 0.00957 GB 
KPNO : 0.00990 GB 
W    : 0.01423 GB 

timer:                                 truncate     0.04s     0.04s 
timer:                             PNO Overlaps     0.09s     0.09s 
t_iter =  0  Hylleraas energy =  0.00000  ||R||_F =  0.32340  conv =  no
subspace solution [*]   1.00000000

t_iter =  1  Hylleraas energy =  -0.04758  ||R||_F =  0.00000  conv =  yes
=======================================================

Hylleraas MP2 Energies

=======================================================
    i    j      singlet      triplet        Total
=======================================================
    1    1  -2.38037e-02  0.00000e+00 -2.38037e-02
    2    1   0.00000e+00  0.00000e+00  0.00000e+00
    2    2  -2.37756e-02  0.00000e+00 -2.37756e-02
=======================================================
Hylleraas MP2 Energies (singlet): -4.75793e-02
Hylleraas MP2 Energies (triplet):  0.00000e+00
Hylleraas MP2 Energies (total)  : -4.75793e-02
=======================================================
-------------------------------------------
Total Reg Energy  =-4.75793e-02
Total F12 Energy  = 0.00000e+00
Sum Energies Total=-4.75793e-02
-------------------------------------------
timer:                         Solve Amplitudes     0.00s     0.00s 
pair11: density evals:
 [*]   0.00404278   0.00460293   0.00460293   0.00674455

pair22: density evals:
 [*]   0.00404153   0.00449551   0.00449551   0.01078938

timer:                            compress PNOs     0.00s     0.00s 
timer:                             MRA compress     0.00s     0.00s 
timer:                          Transform Pairs     0.44s     0.44s 
timer:                          PNO Compression     0.44s     0.44s 
Information About All Pairs:
mp2_pair11           number=0 rank=  4 frozen=false
mp2_pair21           number=1 rank=  0 frozen=true
mp2_pair22           number=2 rank=  4 frozen=false
number of pairs=3
average rank   =2 (2.66667e+00)
largest rank   =4
saving vector of functions mp2_pair11
saving vector of functions mp2_pair22
timer:                        save pnos on disc     0.19s     0.19s 
PNOPairs Memory Information
Total: 0.03386 GB 
PNO  : 0.00973 GB 
KPNO : 0.00973 GB 
W    : 0.01439 GB 

timer:                                 truncate     0.04s     0.04s 
timer:      compute densities for G application     0.00s     0.00s 
pair21 is frozen: no optimization
timer:                Prepare for G application     0.44s     0.44s 
timer:                                    add K     0.06s     0.06s 
size of all Vpsi potentials (without Vnuc and J) 0.01317 GB 
time=131.15874 chunk=8 Vpsi+Vnuc+J=0.03263 GB
time=131.23521 chunk=8 Vpsi+Vnuc+J=0.03165 GB (after truncation)
timer:                           Apply G to all     3.03s     3.03s 
timer:                       apply Q and update     0.00s     0.00s 
mp2_pair11 residual norms:
[0.00514, 0.00454, 0.00454, 0.00795]
mp2_pair11 scaled residual norms:
[0.00033, 0.00031, 0.00031, 0.00065]
mp2_pair22 residual norms:
[0.00565, 0.00457, 0.00457, 0.00629]
mp2_pair22 scaled residual norms:
[0.00036, 0.00031, 0.00031, 0.00065]
timer:                          update all PNOs     3.53s     3.53s 
frozen pair: no orthonormalization
timer:                                     RRCD     0.07s     0.07s 
timer:                             MRA compress     0.00s     0.00s 
timer:                          Transform Pairs     0.06s     0.06s 
saving vector of functions mp2_pair11
saving vector of functions mp2_pair22
timer:                        save pnos on disc     0.15s     0.15s 


CONVERGED!
energy change = 0.00004

re-entering loop to compute the correct amplitudes and energies
timer:                        Whole Iteration 5    13.00s    13.00s 
Information About All Pairs:
mp2_pair11           number=0 rank=  4 frozen=false
mp2_pair21           number=1 rank=  0 frozen=true
mp2_pair22           number=2 rank=  4 frozen=false
number of pairs=3
average rank   =2 (2.66667)
largest rank   =4
PNOPairs Memory Information
Total: 0.01006 GB 
PNO  : 0.01006 GB 
KPNO : 0.00000 GB 
W    : 0.00000 GB 

timer:                                 truncate     0.07s     0.07s 
wall time=138.10368 chunk=8 allK.size()=8 memory=0.00998 GB
timer:                             compute KPNO     4.19s     4.19s 
wall time=138.30983 chunk=8 allJ.size()=8 memory=0.01112 GB
timer:                             compute JPNO     0.21s     0.21s 
timer:                    compute Fock matrices     1.33s     1.33s 
timer:                             MRA compress     0.00s     0.00s 
timer:                          Transform Pairs     0.22s     0.22s 
timer:                             Canonicalize     0.22s     0.22s 
PNOPairs Memory Information
Total: 0.01938 GB 
PNO  : 0.00957 GB 
KPNO : 0.00981 GB 
W    : 0.00000 GB 

timer:                                 truncate     0.05s     0.05s 
mp2_pair21 is frozen: potential not computed
timer:                   Fluctuation Potentials     2.03s     2.03s 
timer:                       Fluctuation Matrix     0.20s     0.20s 
PNOPairs Memory Information
Total: 0.03361 GB 
PNO  : 0.00957 GB 
KPNO : 0.00981 GB 
W    : 0.01423 GB 

PNOPairs Memory Information
Total: 0.03361 GB 
PNO  : 0.00957 GB 
KPNO : 0.00981 GB 
W    : 0.01423 GB 

timer:                                 truncate     0.06s     0.06s 
timer:                             PNO Overlaps     0.10s     0.10s 
t_iter =  0  Hylleraas energy =  0.00000  ||R||_F =  0.32438  conv =  no
subspace solution [*]   1.00000000

t_iter =  1  Hylleraas energy =  -0.04759  ||R||_F =  0.00000  conv =  yes
=======================================================

Hylleraas MP2 Energies

=======================================================
    i    j      singlet      triplet        Total
=======================================================
    1    1  -2.38075e-02  0.00000e+00 -2.38075e-02
    2    1   0.00000e+00  0.00000e+00  0.00000e+00
    2    2  -2.37790e-02  0.00000e+00 -2.37790e-02
=======================================================
Hylleraas MP2 Energies (singlet): -4.75865e-02
Hylleraas MP2 Energies (triplet):  0.00000e+00
Hylleraas MP2 Energies (total)  : -4.75865e-02
=======================================================
-------------------------------------------
Total Reg Energy  =-4.75865e-02
Total F12 Energy  = 0.00000e+00
Sum Energies Total=-4.75865e-02
-------------------------------------------
timer:                         Solve Amplitudes     0.00s     0.00s 
pair11: density evals:
 [*]   0.00402040   0.00458104   0.00458104   0.00669251

pair22: density evals:
 [*]   0.00401807   0.00447393   0.00447393   0.01072812

timer:                            compress PNOs     0.00s     0.00s 
timer:                             MRA compress     0.00s     0.00s 
timer:                          Transform Pairs     0.52s     0.52s 
timer:                          PNO Compression     0.52s     0.52s 
Information About All Pairs:
mp2_pair11           number=0 rank=  4 frozen=false
mp2_pair21           number=1 rank=  0 frozen=true
mp2_pair22           number=2 rank=  4 frozen=false
number of pairs=3
average rank   =2 (2.66667e+00)
largest rank   =4
saving vector of functions mp2_pair11
saving vector of functions mp2_pair22
timer:                        save pnos on disc     0.19s     0.19s 
exiting: Iterations converged
PNO ranks:
PNO Rank for pair pair11 = 4
PNO Rank for pair pair21 = 0
PNO Rank for pair pair22 = 4
average rank 2.66667e+00
timer:                               PNO::solve    77.47s    77.47s 

--------------------------------
ITERATE-PAIRS-INTERNAL-ENDED
--------------------------------
mp2_pair21 converged!


Adaptive Sovler:
 Current Energy=-4.7586521542e-02
 DeltaE        =-4.7586521542e-02
 max dE (pair) =-2.3779022437e-02 (2)
 all_pairs_conv=false




not converged yet

freeze pair mp2_pair21 (not further optimized: Energy below 1.0000000000e-05)
Maximum Rank of4 reached for all non-frozen pairs, no need to iterate further=======================================================

Final MP2 Energies

=======================================================
    i    j      singlet      triplet        Total
=======================================================
    1    1  -2.38075e-02  0.00000e+00 -2.38075e-02
    2    1   0.00000e+00  0.00000e+00  0.00000e+00
    2    2  -2.37790e-02  0.00000e+00 -2.37790e-02
=======================================================
Final MP2 Energies (singlet): -4.75865e-02
Final MP2 Energies (triplet):  0.00000e+00
Final MP2 Energies (total)  : -4.75865e-02
=======================================================
-------------------------------------------
Total Reg Energy  =-4.75865e-02
Total F12 Energy  = 0.00000e+00
Sum Energies Total=-4.75865e-02
-------------------------------------------
Average | Max Rank: 2 | 4



--------------------------------------------------
MRA-PNO-MP2-F12 ended 
--------------------------------------------------
                 time scf = 5.83156e+01
               energy scf = -1.57575e+01
--------------------------------------------------
restarting PNO to reload pairs that converged before and were frozen
PNO Parameters
pno
       rank_increase  15         # default   maximum rank to increase in every macroiteration
               chunk  100        # default   chunk of functions operated on in parallel when G or K is applied (prevent memory shortage)
               debug  false      # default   debug mode
              freeze  1          # derived   frozen core approximation
             maxrank  4          # defined   maximal pno rank for all pairs
           guesstype  exop       # derived   the guesstype: exop (recommended, multiply polynomial excitation operators onto the occupied orbitals), empty (don't compute a guess), scf (use the ao basis from the SCF solver), partial_wave (create s,p,d ..., type functions and place on atoms), predefined (same as partial_wave but for predefined sets)
                exop  multipole  # derived   this string defines which excitation operators can be used, use 'dipole', 'dipole+', 'quadrupole', 'ocopole', or 'multipole', need to set guesstype to 'exop' which is the default
          exop_trigo  true       # default   use trigonometric excitation operators ( x --> sin(x)
        partial_wave             # default   atom centered partial wave guess of format like 'h-2s1p-o-3s2p1d', need to set guesstype to 'partial_wave' and adaptive_solver to 'none'
          predefined             # default   predefined partial wave guesses of type pvxz with x=d,t,q,5,6, need to set guesstype to 'predefined' and adaptive_solver to 'none'
           maxiter_t  100        # default   maximal number of iterations in the amplitude solver
       maxiter_micro  10         # default   Maximum of iterations for every cycle in the adaptive solver
       maxiter_macro  10         # default   Maximum of iterations of cycles in the adaptive solver
                tpno  1.0000e-08 # default   PNO cutoff threshold
          tpno_tight  1.0000e-10 # derived   PNO cutoff for the first iteration
    canonicalize_pno  true       # default   canonicalize the pnos before the amplitude solver
              thresh  1.0000e-04 # defined   MRA threshold
         econv_micro  1.0000e-04 # derived   Energy convergence for microiterations (Greens function based optimization) in adaptive solver
         econv_pairs  1.0000e-05 # derived   ENergy convergence for individual pairs in adaptive solver. Converged pairs are frozen automatically
         econv_macro  1.0000e-04 # derived   Energy convergence for macroiterations in adaptive solver, no effect if adaptive_solver is deactivated
               dconv  1.0000e-01 # default   convergence of every PNO in the Green's function solver
           op_thresh  1.0000e-06 # default   MRA operator thresh
             restart  all        # defined   restart pairs of this type, use 'mp2', 'cispd', 'all' or 'none'
          no_compute  none       # default   do not compute the pairs of this type, use 'mp2', 'cispd', 'all' or 'none'
              no_opt  all        # defined   do not optimize the pnos of this type, use 'mp2', 'cispd', 'all' or 'none'
            no_guess  all        # defined   guess for this type will be empty, use 'mp2', 'cispd', 'all' or 'none'
     adaptive_solver  none       # defined   Use adaptive solver for those pairs, use 'mp2', 'cispd', 'all' or 'none', works only in combination with guesstype 'exop'
                kain  true       # default   use KAIN solver in amplitude solver
       kain_subspace  5          # default   subspace size of the KAIN solver (amplitudes)
                 f12  false      # defined   use explicit correlation
        cispd_number  -1         # default   CIS(D) excitation numbers, to read in correct functions
        cispd_energy  0.0000e+00 # default   CIS energy
        freeze_pairs  none       # default   frozen pairs will not be optimized: Expected format 'a b c d' will freeze pairs ab and cd
freeze_pairs_of_orbital  []         # default    All pairs which originate from this orbital will not be optimized
active_pairs_of_orbital  []         # default    All pairs which originate from this orbital will not be frozen all other pairs will, if this vector is not empty
no_opt_in_first_iteration  false      # default   Do not optimize in the first iteration (then the potentials do not have to be evaluated, use this for large guesses)
            exchange  full       # default   approximate exchange with 'neglect' or xc functional -> same syntax as moldft
           save_pnos  true       # default   Save the OBS-PNOs to a file, before and after orthonormalization.
            diagonal  true       # defined   Compute only diagonal PNOs

end

**********************
Solve PNO-MP2
*********************


**********************
Iterate Pairs
*********************


************************
Standard Solver
***********************

Initializing Pairs:
Restart demanded for mp2 pairs
loading vector of functions mp2_pair11
Found PNOs for mp2_pair11 with rank 4
loading vector of functions mp2_pair21
failed to find PNO mp2_pair21 initialize as zero function
nloading vector of functions mp2_pair22
Found PNOs for mp2_pair22 with rank 4
no guess was explicitly demanded for mp2

timer:                                     RRCD     0.06s     0.06s 
timer:                             MRA compress     0.00s     0.00s 
timer:                          Transform Pairs     0.08s     0.08s 
timer:          apply Q and orthonormalize PNOs     0.56s     0.56s 
Created Guess:
pair11 with 4 guess functions
pair21 with 0 guess functions
pair22 with 4 guess functions
guess pair11 size: 4.8248767853e-03 | 4.8248767853e-03 Gbyte (after truncation)
guess pair22 size: 4.9066543579e-03 | 4.9066543579e-03 Gbyte (after truncation)
timer:                           truncate guess     0.06s     0.06s 
timer:                         Initialize Pairs     0.65s     0.65s 
Information About All Pairs:
mp2_pair11           number=0 rank=  4 frozen=false
mp2_pair21           number=1 rank=  0 frozen=true
mp2_pair22           number=2 rank=  4 frozen=false
number of pairs=3
average rank   =2 (2.6666666667e+00)
largest rank   =4
SolveInternal: Parameters are assigned as
no_compute        = false
no_opt            = true
restart           = true
do_cispd          = false
econv             =1.0000000000e-04
maxrank (min,max) = (4,4)
Solving MP2 doubles
timer:          fock matrix     2.78s     2.78s
Information About All Pairs:
mp2_pair11           number=0 rank=  4 frozen=false
mp2_pair21           number=1 rank=  0 frozen=true
mp2_pair22           number=2 rank=  4 frozen=false
number of pairs=3
average rank   =2 (2.6666666667e+00)
largest rank   =4
PNOPairs Memory Information
Total: 0.0097315311 GB 
PNO  : 0.0097315311 GB 
KPNO : 0.0000000000 GB 
W    : 0.0000000000 GB 

timer:                                 truncate     0.07s     0.07s 
wall time=151.1235411167 chunk=8 allK.size()=8 memory=0.0099768639 GB
timer:                             compute KPNO     4.52s     4.52s 
wall time=151.2730810642 chunk=8 allJ.size()=8 memory=0.0108764172 GB
timer:                             compute JPNO     0.15s     0.15s 
timer:                    compute Fock matrices     1.35s     1.35s 
timer:                             MRA compress     0.00s     0.00s 
timer:                          Transform Pairs     0.16s     0.16s 
timer:                             Canonicalize     0.16s     0.16s 
PNOPairs Memory Information
Total: 0.0193812847 GB 
PNO  : 0.0095679760 GB 
KPNO : 0.0098133087 GB 
W    : 0.0000000000 GB 

timer:                                 truncate     0.05s     0.05s 
mp2_pair21 is frozen: potential not computed
timer:                   Fluctuation Potentials     2.15s     2.15s 
timer:                       Fluctuation Matrix     0.18s     0.18s 
PNOPairs Memory Information
Total: 0.0336105824 GB 
PNO  : 0.0095679760 GB 
KPNO : 0.0098133087 GB 
W    : 0.0142292976 GB 

PNOPairs Memory Information
Total: 0.0336105824 GB 
PNO  : 0.0095679760 GB 
KPNO : 0.0098133087 GB 
W    : 0.0142292976 GB 

timer:                                 truncate     0.11s     0.11s 
timer:                             PNO Overlaps     0.15s     0.15s 
t_iter =  0  Hylleraas energy =  0.0000000000  ||R||_F =  0.3243849660  conv =  no
subspace solution [*]   1.00000000

t_iter =  1  Hylleraas energy =  -0.0475863915  ||R||_F =  0.0000000346  conv =  yes
=======================================================

Hylleraas MP2 Energies

=======================================================
    i    j      singlet      triplet        Total
=======================================================
    1    1  -2.38074e-02  0.00000e+00 -2.38074e-02
    2    1   0.00000e+00  0.00000e+00  0.00000e+00
    2    2  -2.37790e-02  0.00000e+00 -2.37790e-02
=======================================================
Hylleraas MP2 Energies (singlet): -4.75864e-02
Hylleraas MP2 Energies (triplet):  0.00000e+00
Hylleraas MP2 Energies (total)  : -4.75864e-02
=======================================================
-------------------------------------------
Total Reg Energy  =-4.75864e-02
Total F12 Energy  = 0.00000e+00
Sum Energies Total=-4.75864e-02
-------------------------------------------
timer:                         Solve Amplitudes     0.00s     0.00s 
No optimization untill now: Compressing pno ranks with tighter threshold
1.00000e-10 instead of 1.00000e-08
pair11: density evals:
 [*]   0.00402037   0.00458104   0.00458104   0.00669233

pair22: density evals:
 [*]   0.00401758   0.00447393   0.00447393   0.01072859

timer:                            compress PNOs     0.00s     0.00s 
timer:                             MRA compress     0.00s     0.00s 
timer:                          Transform Pairs     0.41s     0.41s 
timer:                          PNO Compression     0.42s     0.42s 
Information About All Pairs:
mp2_pair11           number=0 rank=  4 frozen=false
mp2_pair21           number=1 rank=  0 frozen=true
mp2_pair22           number=2 rank=  4 frozen=false
number of pairs=3
average rank   =2 (2.66667e+00)
largest rank   =4
saving vector of functions mp2_pair11
saving vector of functions mp2_pair22
timer:                        save pnos on disc     0.17s     0.17s 
exiting: Found no_opt keyword
PNO ranks:
PNO Rank for pair pair11 = 4
PNO Rank for pair pair21 = 0
PNO Rank for pair pair22 = 4
average rank 2.66667e+00
timer:                               PNO::solve    12.29s    12.29s 

--------------------------------
ITERATE-PAIRS-INTERNAL-ENDED
--------------------------------
=======================================================

Final MP2 Energies

=======================================================
    i    j      singlet      triplet        Total
=======================================================
    1    1  -2.38074e-02  0.00000e+00 -2.38074e-02
    2    1   0.00000e+00  0.00000e+00  0.00000e+00
    2    2  -2.37790e-02  0.00000e+00 -2.37790e-02
=======================================================
Final MP2 Energies (singlet): -4.75864e-02
Final MP2 Energies (triplet):  0.00000e+00
Final MP2 Energies (total)  : -4.75864e-02
=======================================================
-------------------------------------------
Total Reg Energy  =-4.75864e-02
Total F12 Energy  = 0.00000e+00
Sum Energies Total=-4.75864e-02
-------------------------------------------
Average | Max Rank: 2 | 4
                 time pno = 8.41121e+01
               energy mp2 = -4.75864e-02
     average pno rank mp2 = 2
         max pno rank mp2 = 4
--------------------------------------------------
            energy(total) = -1.58051e+01
--------------------------------------------------



Orthonormalization technique used: symmetric
No CABS used.
Tightening thresholds to +0.00010000 for post-processing
Overlap Matrix of all PNOs:
+1.00000778 -0.25255671 +0.00000000 +0.00000000 
-0.25255671 +1.00001263 +0.00000000 +0.00000000 
+0.00000000 +0.00000000 +1.00000000 +0.00000000 
+0.00000000 +0.00000000 +0.00000000 +1.00000000 
Before cherry pick
rank is +0
all used occupation numbers:
[+0.01072859 +0.00669233 +0.00458104 +0.00458104 ]
corresponding to active pairs:
[(1,1) (0,0) (0,0) (0,0) ]
After cherry pick
all used occupation numbers:
[+0.01072859 +0.00669233 +0.00458104 +0.00458104 ]
corresponding to active pairs:
[(1,1) (0,0) (0,0) (0,0) ]
Overlap Matrix before symmetric
[+0,*]  +1.00000778  -0.25255671  +0.00000000  +0.00000000
[+1,*]  -0.25255671  +1.00001263  +0.00000000  +0.00000000
[+2,*]  +0.00000000  +0.00000000  +1.00000000  +0.00000000
[+3,*]  +0.00000000  +0.00000000  +0.00000000  +1.00000000
Overlap Matrix after symmetric
[+0,*]  +1.00000000  +0.00000001  -0.00000000  -0.00000000
[+1,*]  +0.00000001  +1.00000000  -0.00000000  -0.00000000
[+2,*]  -0.00000000  -0.00000000  +1.00000000  -0.00000000
[+3,*]  -0.00000000  -0.00000000  -0.00000000  +1.00000000
Adding 3 HF orbitals
Size before adding CABS: 7.
Size after adding CABS: 7.
Compute G and F Tensor:
Assemble g,f using symmetries...
non zero elements:
 g : +4104
 h : +27
Overlap over whole basis
[+0,*]  +1.00000000  +0.00000110  +0.00000102  -0.00001067  +0.00002208  +0.00000000  +0.00000000
[+1,*]  +0.00000110  +1.00000000  +0.00000065  -0.00000238  +0.00000504  +0.00000000  +0.00000000
[+2,*]  +0.00000102  +0.00000065  +1.00000000  -0.00000145  +0.00000289  +0.00000000  +0.00000000
[+3,*]  -0.00001067  -0.00000238  -0.00000145  +1.00000000  +0.00000001  -0.00000000  -0.00000000
[+4,*]  +0.00002208  +0.00000504  +0.00000289  +0.00000001  +1.00000000  -0.00000000  +0.00000000
[+5,*]  +0.00000000  +0.00000000  +0.00000000  -0.00000000  -0.00000000  +1.00000000  +0.00000000
[+6,*]  +0.00000000  +0.00000000  +0.00000000  -0.00000000  +0.00000000  +0.00000000  +1.00000000

||S-1||=+0.00003594
finished at time 195.8

    Parallel environment
    --------------------
                  #nodes    1
       #threads per node    11+main = 12
          #total threads    12

  RMI message statistics (min / avg / max)
  ----------------------
   #messages in server q    0.00e+00 / 0.00e+00 / 0.00e+00
 #messages sent per node    0.00e+00 / 0.00e+00 / 0.00e+00
    #bytes sent per node    0.00e+00 / 0.00e+00 / 0.00e+00
 #messages recv per node    0.00e+00 / 0.00e+00 / 0.00e+00
    #bytes recv per node    0.00e+00 / 0.00e+00 / 0.00e+00
        #msgs systemwide    0.00e+00
       #bytes systemwide    0.00e+00

  Thread pool statistics (min / avg / max)
  ----------------------
         #tasks per node    1.26e+07 / 1.26e+07 / 1.26e+07
     #max q len per node    9.10e+03 / 9.10e+03 / 9.10e+03
  #hi-pri tasks per node    4.41e+06 / 4.41e+06 / 4.41e+06

         Total wall time    195.8s
         Total  cpu time    195.8s

