MADNESS runtime initialized with 11 threads in the pool and affinity -1 -1 -1
starting at time 0.0

--------------------------------------------
   MADNESS 0.10.1 multiresolution suite
--------------------------------------------

   number of processors ... 1
    processor frequency ... 3.695783e+09
            host system ... Linux
          configured by ... kottmann
          configured on ... wittgenstein
          configured at ... 2021-02-10T21:25:26
                    CXX ... /usr/bin/c++
               CXXFLAGS ... -O3 -DNDEBUG -I/h/28/kottmann/install/numcpp/include/ -I/h/28/kottmann/install/boost/boost_1_72_0/include/ -std=c++1z
             tuning for ... default
                    MPI ... multiple
 multi-threaded runtime ... MADNESS ThreadPool
                   BLAS ... Intel MKL 66590 66590 MFLOP/s
               compiled ... 13:08:26  on  Feb 23 2021


-------------------------------------------------------------------------------------
SOLVING MRA-PNO-F12 as described in 
J.S. Kottmann, F.A. Bischoff, E.F. Valeev
Direct determination of optimal pair-natural orbitals in a real-space representation:
the second-order Møller-Plesset energy
Journal of Chemical Physics ... 2020
-------------------------------------------------------------------------------------


This script will run PNO-MP2 and print out tensors in binary
Call as: pno_integrals inputfileinput is input
ignoring unknown parameter in input file:  ncf

Angstrom being used to read input coordinates (1 Bohr = 1.88972613 Angstrom)


Asymptotic correction parameters
---------------------------------------
Atom vector is not empty: false
Using multipole approximation: false
Number of electrons = -1
Ionisation energy = 0.000000e+00
E(HOMO) = 0.000000e+00
R1 = 3.000000e+00
R2 = 4.000000e+00
DFT coefficient = 0.000000e+00
Interpolation scheme = linear
constructed symmetry operator for point group C1
dft
              charge  0.0000e+00 # defined   total molecular charge
                  xc  hf         # defined   XC input line
               smear  0.0000e+00 # default   smearing parameter
               econv  1.0000e-04 # defined   energy convergence
               dconv  5.0000e-04 # defined   density convergence
convergence_criteria  [bsh_residual, total_energy] # default   possible values are: bsh_residual, total_energy, each_energy, density
                   k  7          # defined   polynomial order
                   l  5.5480e+01 # derived   user coordinates box size
               deriv  abgv       # default   derivative method                            [abgv, bspline, ble]
           dft_deriv  abgv       # default   derivative method for gga potentials         [abgv, bspline, ble]
             maxrotn  2.5000e-01 # default   step restriction used in autoshift algorithm
             nvalpha  0          # default   number of alpha virtuals to compute
              nvbeta  0          # default   number of beta virtuals to compute
               nopen  0          # default   number of unpaired electrons = nalpha-nbeta
             maxiter  25         # default   maximum number of iterations
                 nio  1          # default   no. of io servers to use
     spin_restricted  true       # default   true if spin restricted
              plotlo  0          # default   range of MOs to print (for both spins if polarized
              plothi  -1         # default   range of MOs to print (for both spins if polarized
            plotdens  false      # default   If true print the density at convergence
            plotcoul  false      # default   If true plot the total coulomb potential at convergence
            localize  boys       # defined   localization method                          [pm, boys, new, canon]
          pointgroup  c1         # derived   use point (sub) group symmetry if not localized[c1, c2, ci, cs, c2v, c2h, d2, d2h]
             restart  false      # default   if true restart from orbitals on disk
           restartao  false      # default   if true restart from orbitals projected into AO basis (STO3G) on disk
          no_compute  false      # default   if true use orbitals on disk, set value to computed
           no_orient  false      # default   if true the molecule coordinates will not be reoriented
                save  true       # default   if true save orbitals to disk
              maxsub  10         # default   size of iterative subspace ... set to 0 or 1 to disable
        orbitalshift  0.0000e+00 # default   scf orbital shift: shift the occ orbitals to lower energies
            npt_plot  101        # default   no. of points to use in each dim for plots
           plot_cell  []         # default   lo hi in each dimension for plotting (default is all space)
             aobasis  6-31g      # derived   AO basis used for initial guess (6-31g or sto-3g)
           core_type  none       # default   core potential type                          [none, mpc]
         derivatives  false      # default   if true calculate nuclear derivatives
              dipole  false      # default   if true calculate dipole moment
      conv_only_dens  false      # default   if true remove bsh_residual from convergence criteria (deprecated)
            psp_calc  false      # default   pseudopotential calculation for all atoms
 print_dipole_matels  false      # default   if true output dipole matrix elements
            pcm_data  none       # default   do a PCM (solvent) calculation
             ac_data  none       # default   do a calculation with asymptotic correction (see ACParameters class in chem/AC.h for details)
             pure_ae  true       # default   pure all electron calculation with no pseudo-atoms
         print_level  3          # default   0: no output; 1: final energy; 2: iterations; 3: timings; 10: debug
              nalpha  3          # derived   number of alpha spin electrons
               nbeta  3          # derived   number of beta  spin electrons
           nmo_alpha  3          # derived   number of alpha spin molecular orbitals
            nmo_beta  3          # derived   number of beta spin molecular orbitals
                  lo  9.0905e-04 # derived   smallest length scale we need to resolve
            protocol  [1.0000e-04, 1.0000e-06] # derived   calculation protocol
                gopt  false      # default   geometry optimizer
                gtol  1.0000e-04 # default   geometry tolerance
               gtest  false      # default   geometry tolerance
                gval  1.0000e-05 # default   value precision
               gprec  1.0000e-04 # default   gradient precision
            gmaxiter  20         # default   optimization maxiter
    ginitial_hessian  false      # default   compute inital hessian for optimization
              algopt  bfgs       # default   algorithm used for optimization              [bfgs, cg]
            tdksprop  false      # default   time-dependent Kohn-Sham equation propagate
           nv_factor  1          # default   factor to multiply number of virtual orbitals with when automatically decreasing nvirt
           vnucextra  2          # default   load balance parameter for nuclear pot
        loadbalparts  2          # default   ??
            response  false      # default   response function calculation
       response_freq  0.0000e+00 # default   frequency for calculation response function
       response_axis  [1, 1, 1]  # default   response axis
           nonrotate  false      # default   if true do not molcule orient (redundant with no_orient
               rconv  1.0000e-06 # default   Response convergence
              efield  0.0000e+00 # default   eps for finite field
         efield_axis  0          # default   finite field axis                            [0, 1, 2]
              nwfile  none       # default   Base name of nwchem output files (.out and .movecs extensions) to read from
                 ncf  (none,1.0000e+00) # defined   nuclear correlation factor
             hessian  false      # default   compute the hessian matrix
           read_cphf  false      # default   read the converged orbital response for nuclear displacements from file
        restart_cphf  false      # default   read the guess orbital response for nuclear displacements from file
      purify_hessian  false      # default   symmetrize the hessian matrix based on atomic charges

end
              charge  0.0000e+00 # defined   total molecular charge
                  xc  hf         # defined   XC input line
               smear  0.0000e+00 # default   smearing parameter
               econv  1.0000e-04 # defined   energy convergence
               dconv  5.0000e-04 # defined   density convergence
convergence_criteria  [bsh_residual, total_energy] # default   possible values are: bsh_residual, total_energy, each_energy, density
                   k  7          # defined   polynomial order
                   l  5.5480e+01 # derived   user coordinates box size
               deriv  abgv       # default   derivative method                            [abgv, bspline, ble]
           dft_deriv  abgv       # default   derivative method for gga potentials         [abgv, bspline, ble]
             maxrotn  2.5000e-01 # default   step restriction used in autoshift algorithm
             nvalpha  0          # default   number of alpha virtuals to compute
              nvbeta  0          # default   number of beta virtuals to compute
               nopen  0          # default   number of unpaired electrons = nalpha-nbeta
             maxiter  25         # default   maximum number of iterations
                 nio  1          # default   no. of io servers to use
     spin_restricted  true       # default   true if spin restricted
              plotlo  0          # default   range of MOs to print (for both spins if polarized
              plothi  -1         # default   range of MOs to print (for both spins if polarized
            plotdens  false      # default   If true print the density at convergence
            plotcoul  false      # default   If true plot the total coulomb potential at convergence
            localize  boys       # defined   localization method                          [pm, boys, new, canon]
          pointgroup  c1         # derived   use point (sub) group symmetry if not localized[c1, c2, ci, cs, c2v, c2h, d2, d2h]
             restart  false      # default   if true restart from orbitals on disk
           restartao  false      # default   if true restart from orbitals projected into AO basis (STO3G) on disk
          no_compute  false      # default   if true use orbitals on disk, set value to computed
           no_orient  false      # default   if true the molecule coordinates will not be reoriented
                save  true       # default   if true save orbitals to disk
              maxsub  10         # default   size of iterative subspace ... set to 0 or 1 to disable
        orbitalshift  0.0000e+00 # default   scf orbital shift: shift the occ orbitals to lower energies
            npt_plot  101        # default   no. of points to use in each dim for plots
           plot_cell  []         # default   lo hi in each dimension for plotting (default is all space)
             aobasis  6-31g      # derived   AO basis used for initial guess (6-31g or sto-3g)
           core_type  none       # default   core potential type                          [none, mpc]
         derivatives  false      # default   if true calculate nuclear derivatives
              dipole  false      # default   if true calculate dipole moment
      conv_only_dens  false      # default   if true remove bsh_residual from convergence criteria (deprecated)
            psp_calc  false      # default   pseudopotential calculation for all atoms
 print_dipole_matels  false      # default   if true output dipole matrix elements
            pcm_data  none       # default   do a PCM (solvent) calculation
             ac_data  none       # default   do a calculation with asymptotic correction (see ACParameters class in chem/AC.h for details)
             pure_ae  true       # default   pure all electron calculation with no pseudo-atoms
         print_level  3          # default   0: no output; 1: final energy; 2: iterations; 3: timings; 10: debug
              nalpha  3          # derived   number of alpha spin electrons
               nbeta  3          # derived   number of beta  spin electrons
           nmo_alpha  3          # derived   number of alpha spin molecular orbitals
            nmo_beta  3          # derived   number of beta spin molecular orbitals
                  lo  9.0905e-04 # derived   smallest length scale we need to resolve
            protocol  [1.0000e-04, 1.0000e-06] # derived   calculation protocol
                gopt  false      # default   geometry optimizer
                gtol  1.0000e-04 # default   geometry tolerance
               gtest  false      # default   geometry tolerance
                gval  1.0000e-05 # default   value precision
               gprec  1.0000e-04 # default   gradient precision
            gmaxiter  20         # default   optimization maxiter
    ginitial_hessian  false      # default   compute inital hessian for optimization
              algopt  bfgs       # default   algorithm used for optimization              [bfgs, cg]
            tdksprop  false      # default   time-dependent Kohn-Sham equation propagate
           nv_factor  1          # default   factor to multiply number of virtual orbitals with when automatically decreasing nvirt
           vnucextra  2          # default   load balance parameter for nuclear pot
        loadbalparts  2          # default   ??
            response  false      # default   response function calculation
       response_freq  0.0000e+00 # default   frequency for calculation response function
       response_axis  [1, 1, 1]  # default   response axis
           nonrotate  false      # default   if true do not molcule orient (redundant with no_orient
               rconv  1.0000e-06 # default   Response convergence
              efield  0.0000e+00 # default   eps for finite field
         efield_axis  0          # default   finite field axis                            [0, 1, 2]
              nwfile  none       # default   Base name of nwchem output files (.out and .movecs extensions) to read from



 geometry
   eprec 1.0e-06
   units atomic
   Be            0.00000000           0.00000000           0.18897261
   H             0.00000000           0.00000000           4.72431533
   H             0.00000000           0.00000000          -5.48020579
 end

Solving NDIM= 3  with thresh 1.000000e-04     k 7    conv 5.000000e-04 

timer:     Project vnuclear     0.42s     0.42s
constructed nuclear correlation factor of the form
    R   =  1.000000e+00
with eprec  1.000000e-06
which means it's (nearly) a conventional calculation

timer:        reproject ncf     1.15s     1.15s
timer:        guess density     0.26s     0.26s
timer:   guess Coulomb potn     0.32s     0.32s
timer:       guess lda potn     0.12s     0.12s
timer:        guess overlap     0.04s     0.04s
timer:    KEmat reconstruct     0.04s     0.04s
timer:  KEmat differentiate     0.21s     0.21s
timer:       KEmat compress     0.11s     0.11s
timer: KEmat inner products     0.13s     0.13s
timer:     guess Kinet potn     0.49s     0.49s
timer:           guess fock     0.30s     0.30s
timer:      guess eigen sol     0.02s     0.02s
timer: guess orbital groupi     0.16s     0.16s

starting protocol at time      4.7s 
precision steps  1.000000e-04  -->  1.000000e-04
protocol: thresh 1.000000e-04 econv  1.000000e-04 dconv 5.000000e-04

ending protocol at time      4.7s 

Solving NDIM= 3  with thresh 1.000000e-04     k 7    conv 5.000000e-04 

timer:        Boys localize     0.83s     0.83s
orbital irreps []
timer:      reconstruct psi     0.14s     0.14s
timer:        compute Jnemo     0.50s     0.50s
timer:        compute Knemo     1.36s     1.36s
timer: compute Unemo 0.0152     0.25s     0.25s

  nuclear and kinetic     -22.88139316
         kinetic only      15.09109099
              coulomb       8.96946759
             exchange      -3.18848367
    nuclear-repulsion       1.68552741
   regularized energy     -15.41488184
  buggy if hybrid functionals are used..
timer:       compute energy     2.73s     2.73s
Norm of vector changes ab spin case : rms 1.115695e-01    max 1.733238e-01
convergence: bshresidual, energy change, max energy change, density change 1.3e-01 1.5e+01 1.5e+01 1.4e+00
finished iteration  0 at time     14.9s with energy  -15.41488184
timer:        Boys localize     0.71s     0.71s
orbital irreps []
timer:      reconstruct psi     0.12s     0.12s
timer:        compute Jnemo     0.54s     0.54s
timer:        compute Knemo     1.43s     1.43s
timer: compute Unemo 0.0150     0.18s     0.18s

  nuclear and kinetic     -23.02744427
         kinetic only      14.97504639
              coulomb       8.96400851
             exchange      -3.10488116
    nuclear-repulsion       1.68552741
   regularized energy     -15.48278951
  buggy if hybrid functionals are used..
timer:       compute energy     3.15s     3.15s
Norm of vector changes ab spin case : rms 4.560049e-02    max 6.688186e-02
convergence: bshresidual, energy change, max energy change, density change 3.5e-02 6.8e-02 1.5e-01 1.6e-02
finished iteration  1 at time     25.2s with energy  -15.48278951
timer:        Boys localize     0.82s     0.82s
orbital irreps []
timer:      reconstruct psi     0.14s     0.14s
timer:        compute Jnemo     0.59s     0.59s
timer:        compute Knemo     1.48s     1.48s
timer: compute Unemo 0.0150     0.18s     0.18s

  nuclear and kinetic     -23.12654594
         kinetic only      14.98263169
              coulomb       9.03147707
             exchange      -3.08311442
    nuclear-repulsion       1.68552741
   regularized energy     -15.49265589
  buggy if hybrid functionals are used..
timer:       compute energy     3.16s     3.16s
Norm of vector changes ab spin case : rms 1.994146e-02    max 3.137105e-02
convergence: bshresidual, energy change, max energy change, density change 1.1e-02 9.9e-03 9.9e-02 6.4e-03
finished iteration  2 at time     35.8s with energy  -15.49265589
timer:        Boys localize     0.96s     0.96s
orbital irreps []
timer:      reconstruct psi     0.14s     0.14s
timer:        compute Jnemo     0.56s     0.56s
timer:        compute Knemo     1.41s     1.41s
timer: compute Unemo 0.0150     0.13s     0.13s

  nuclear and kinetic     -23.17867107
         kinetic only      14.99155251
              coulomb       9.07550372
             exchange      -3.07673365
    nuclear-repulsion       1.68552741
   regularized energy     -15.49437358
  buggy if hybrid functionals are used..
timer:       compute energy     3.37s     3.37s
Norm of vector changes ab spin case : rms 9.411097e-03    max 1.444641e-02
convergence: bshresidual, energy change, max energy change, density change 3.9e-03 1.7e-03 5.2e-02 1.8e-03
finished iteration  3 at time     46.9s with energy  -15.49437358
timer:        Boys localize     0.91s     0.91s
orbital irreps []
timer:      reconstruct psi     0.14s     0.14s
timer:        compute Jnemo     0.60s     0.60s
timer:        compute Knemo     1.46s     1.46s
timer: compute Unemo 0.0151     0.15s     0.15s

  nuclear and kinetic     -23.19445276
         kinetic only      14.99287784
              coulomb       9.08973888
             exchange      -3.07546986
    nuclear-repulsion       1.68552741
   regularized energy     -15.49465634
  buggy if hybrid functionals are used..
timer:       compute energy     3.20s     3.20s
Norm of vector changes ab spin case : rms 2.764908e-03    max 3.840949e-03
convergence: bshresidual, energy change, max energy change, density change 1.2e-03 2.8e-04 1.6e-02 7.1e-04
finished iteration  4 at time     57.4s with energy  -15.49465634
timer:        Boys localize     0.82s     0.82s
orbital irreps []
timer:      reconstruct psi     0.12s     0.12s
timer:        compute Jnemo     0.61s     0.61s
timer:        compute Knemo     1.45s     1.45s
timer: compute Unemo 0.0150     0.15s     0.15s

  nuclear and kinetic     -23.19456867
         kinetic only      14.99200689
              coulomb       9.08988370
             exchange      -3.07552514
    nuclear-repulsion       1.68552741
   regularized energy     -15.49468271
  buggy if hybrid functionals are used..
timer:       compute energy     3.23s     3.23s
Norm of vector changes ab spin case : rms 1.815940e-03    max 2.734185e-03
convergence: bshresidual, energy change, max energy change, density change 6.2e-04 2.6e-05 8.7e-04 4.4e-04
finished iteration  5 at time     69.1s with energy  -15.49468271
timer:        Boys localize     0.78s     0.78s
orbital irreps []
timer:      reconstruct psi     0.12s     0.12s
timer:        compute Jnemo     0.57s     0.57s
timer:        compute Knemo     1.43s     1.43s
timer: compute Unemo 0.0150     0.18s     0.18s

  nuclear and kinetic     -23.19234000
         kinetic only      14.99097478
              coulomb       9.08803224
             exchange      -3.07590914
    nuclear-repulsion       1.68552741
   regularized energy     -15.49468950
  buggy if hybrid functionals are used..
timer:       compute energy     3.21s     3.21s
Norm of vector changes ab spin case : rms 5.196664e-04    max 6.364315e-04
convergence: bshresidual, energy change, max energy change, density change 2.7e-04 6.8e-06 2.2e-03 9.7e-05
finished iteration  6 at time     80.9s with energy  -15.49468950

Iterations converged


ending protocol at time     80.9s 

 Dipole Moment (a.u.)
 -----------

     x:  -5.855979e-14
     y:  -8.287146e-14
     z:  5.286274e-01
 Total Dipole Moment:  5.286274e-01 

timer:               dipole     0.04s     0.04s
Nemo Orbital Energies: [*]  -4.87689657  -0.38220445  -0.32494589

nemo energy:  -1.549469e+01
 at time 81.4
PNO Integrals evaluated as:
pnoint
       rank_increase  15         # default   maximum rank to increase in every macroiteration
               chunk  100        # default   chunk of functions operated on in parallel when G or K is applied (prevent memory shortage)
               debug  false      # default   debug mode
              freeze  1          # derived   frozen core approximation
             maxrank  2          # defined   maximal pno rank for all pairs
           guesstype  exop       # derived   the guesstype: exop (recommended, multiply polynomial excitation operators onto the occupied orbitals), empty (don't compute a guess), scf (use the ao basis from the SCF solver), partial_wave (create s,p,d ..., type functions and place on atoms), predefined (same as partial_wave but for predefined sets)
                exop  multipole  # derived   this string defines which excitation operators can be used, use 'dipole', 'dipole+', 'quadrupole', 'ocopole', or 'multipole', need to set guesstype to 'exop' which is the default
          exop_trigo  true       # default   use trigonometric excitation operators ( x --> sin(x)
        partial_wave             # default   atom centered partial wave guess of format like 'h-2s1p-o-3s2p1d', need to set guesstype to 'partial_wave' and adaptive_solver to 'none'
          predefined             # default   predefined partial wave guesses of type pvxz with x=d,t,q,5,6, need to set guesstype to 'predefined' and adaptive_solver to 'none'
           maxiter_t  100        # default   maximal number of iterations in the amplitude solver
       maxiter_micro  10         # default   Maximum of iterations for every cycle in the adaptive solver
       maxiter_macro  10         # default   Maximum of iterations of cycles in the adaptive solver
                tpno  1.0000e-08 # default   PNO cutoff threshold
          tpno_tight  1.0000e-10 # derived   PNO cutoff for the first iteration
    canonicalize_pno  true       # default   canonicalize the pnos before the amplitude solver
              thresh  1.0000e-04 # defined   MRA threshold
         econv_micro  1.0000e-04 # derived   Energy convergence for microiterations (Greens function based optimization) in adaptive solver
         econv_pairs  1.0000e-05 # derived   ENergy convergence for individual pairs in adaptive solver. Converged pairs are frozen automatically
         econv_macro  1.0000e-04 # derived   Energy convergence for macroiterations in adaptive solver, no effect if adaptive_solver is deactivated
               dconv  1.0000e-01 # default   convergence of every PNO in the Green's function solver
           op_thresh  1.0000e-06 # default   MRA operator thresh
             restart  none       # derived   restart pairs of this type, use 'mp2', 'cispd', 'all' or 'none'
          no_compute  none       # default   do not compute the pairs of this type, use 'mp2', 'cispd', 'all' or 'none'
              no_opt  none       # default   do not optimize the pnos of this type, use 'mp2', 'cispd', 'all' or 'none'
            no_guess  none       # derived   guess for this type will be empty, use 'mp2', 'cispd', 'all' or 'none'
     adaptive_solver  all        # default   Use adaptive solver for those pairs, use 'mp2', 'cispd', 'all' or 'none', works only in combination with guesstype 'exop'
                kain  true       # default   use KAIN solver in amplitude solver
       kain_subspace  5          # default   subspace size of the KAIN solver (amplitudes)
                 f12  false      # defined   use explicit correlation
        cispd_number  -1         # default   CIS(D) excitation numbers, to read in correct functions
        cispd_energy  0.0000e+00 # default   CIS energy
        freeze_pairs  none       # default   frozen pairs will not be optimized: Expected format 'a b c d' will freeze pairs ab and cd
freeze_pairs_of_orbital  []         # default    All pairs which originate from this orbital will not be optimized
active_pairs_of_orbital  []         # default    All pairs which originate from this orbital will not be frozen all other pairs will, if this vector is not empty
no_opt_in_first_iteration  false      # default   Do not optimize in the first iteration (then the potentials do not have to be evaluated, use this for large guesses)
            exchange  full       # default   approximate exchange with 'neglect' or xc functional -> same syntax as moldft
           save_pnos  true       # default   Save the OBS-PNOs to a file, before and after orthonormalization.
            diagonal  true       # defined   Compute only diagonal PNOs
              orthog  symmetric  # defined   orthogonalization method for PNO basis, also current default for a potential CABS. options: symmetric, canonical, cholesky, rr_cholesky,
         orthog_cabs  default    # default   orthogonalization method for CABS basis. options: symmetric, canonical, cholesky, rr_cholesky, uses same as orbitals basis if default.
               n_pno  2          # defined   desired size of PNO-basis (orbital space)
         cabs_option  none       # default   type of complementary auxiliary basis to be used. can be none ~ no CABS, gbs ~ Gaussian basis set as CABS, requires input via auxbas_file, pno ~ use superfluous PNOs as CABS, mixed ~ gbs&pno-option
       pno_cabs_size  -1         # default   size of a potential pno-cabs. defaults to -1 ~ all remaining PNOs, if pno-cabs or mixed-cabs
           only_diag  false      # default   use only diagonal elements PNOs
         cherry_pick  []         # default   cherry pick option to choose particular set of PNOs, not just blindly by occupation number. can be useful, if only a restricted number of PNOs can be used, to avoid separating degenerate pairs. can be envoked by passing a vector via [ elem1, elem2, ... ]
               gamma  1.4000e+00 # default   The f12 length scale, here to be used to compute f12-integrals
         cabs_thresh  1.0000e-04 # derived    thresh for cabs part
              auxbas  none       # default   atom centered partial wave guess of format like 'h-2s1p-o-3s2p1d'
         auxbas_file  none       # default   Use external comp. aux. basis in addition to the pnos as auxbasis. Give the filename as parameter. Give the auxbas in turbomole format. Don't use contractions. If a file is specified the auxbas parameter has no effect
   print_pno_overlap  true       # default   Print overlap matrix at certain steps in computation, for debugging purposes.
              n_virt  0          # defined   Compute this number of virtuals and include them in the integral construction, experimental and not robust!.
      hardcore_boson  false      # default   compute only integrals for hardcore boson hamiltonian (restricted to double occupations)

end
F12 Operators initialized right
timer:                    Testing F12 Operators     0.65s     0.65s 
timer:  Initializing (active) Exchange Orbitals     1.74s     1.74s 
Size of active mos and their exchange potentials:
K(acmos)=3.230214e-03 Gbyte
acmos   =2.831548e-03 Gbyte
PNO Parameters
pno
       rank_increase  15         # default   maximum rank to increase in every macroiteration
               chunk  100        # default   chunk of functions operated on in parallel when G or K is applied (prevent memory shortage)
               debug  false      # default   debug mode
              freeze  1          # derived   frozen core approximation
             maxrank  2          # defined   maximal pno rank for all pairs
           guesstype  exop       # derived   the guesstype: exop (recommended, multiply polynomial excitation operators onto the occupied orbitals), empty (don't compute a guess), scf (use the ao basis from the SCF solver), partial_wave (create s,p,d ..., type functions and place on atoms), predefined (same as partial_wave but for predefined sets)
                exop  multipole  # derived   this string defines which excitation operators can be used, use 'dipole', 'dipole+', 'quadrupole', 'ocopole', or 'multipole', need to set guesstype to 'exop' which is the default
          exop_trigo  true       # default   use trigonometric excitation operators ( x --> sin(x)
        partial_wave             # default   atom centered partial wave guess of format like 'h-2s1p-o-3s2p1d', need to set guesstype to 'partial_wave' and adaptive_solver to 'none'
          predefined             # default   predefined partial wave guesses of type pvxz with x=d,t,q,5,6, need to set guesstype to 'predefined' and adaptive_solver to 'none'
           maxiter_t  100        # default   maximal number of iterations in the amplitude solver
       maxiter_micro  10         # default   Maximum of iterations for every cycle in the adaptive solver
       maxiter_macro  10         # default   Maximum of iterations of cycles in the adaptive solver
                tpno  1.0000e-08 # default   PNO cutoff threshold
          tpno_tight  1.0000e-10 # derived   PNO cutoff for the first iteration
    canonicalize_pno  true       # default   canonicalize the pnos before the amplitude solver
              thresh  1.0000e-04 # defined   MRA threshold
         econv_micro  1.0000e-04 # derived   Energy convergence for microiterations (Greens function based optimization) in adaptive solver
         econv_pairs  1.0000e-05 # derived   ENergy convergence for individual pairs in adaptive solver. Converged pairs are frozen automatically
         econv_macro  1.0000e-04 # derived   Energy convergence for macroiterations in adaptive solver, no effect if adaptive_solver is deactivated
               dconv  1.0000e-01 # default   convergence of every PNO in the Green's function solver
           op_thresh  1.0000e-06 # default   MRA operator thresh
             restart  none       # derived   restart pairs of this type, use 'mp2', 'cispd', 'all' or 'none'
          no_compute  none       # default   do not compute the pairs of this type, use 'mp2', 'cispd', 'all' or 'none'
              no_opt  none       # default   do not optimize the pnos of this type, use 'mp2', 'cispd', 'all' or 'none'
            no_guess  none       # derived   guess for this type will be empty, use 'mp2', 'cispd', 'all' or 'none'
     adaptive_solver  all        # default   Use adaptive solver for those pairs, use 'mp2', 'cispd', 'all' or 'none', works only in combination with guesstype 'exop'
                kain  true       # default   use KAIN solver in amplitude solver
       kain_subspace  5          # default   subspace size of the KAIN solver (amplitudes)
                 f12  false      # defined   use explicit correlation
        cispd_number  -1         # default   CIS(D) excitation numbers, to read in correct functions
        cispd_energy  0.0000e+00 # default   CIS energy
        freeze_pairs  none       # default   frozen pairs will not be optimized: Expected format 'a b c d' will freeze pairs ab and cd
freeze_pairs_of_orbital  []         # default    All pairs which originate from this orbital will not be optimized
active_pairs_of_orbital  []         # default    All pairs which originate from this orbital will not be frozen all other pairs will, if this vector is not empty
no_opt_in_first_iteration  false      # default   Do not optimize in the first iteration (then the potentials do not have to be evaluated, use this for large guesses)
            exchange  full       # default   approximate exchange with 'neglect' or xc functional -> same syntax as moldft
           save_pnos  true       # default   Save the OBS-PNOs to a file, before and after orthonormalization.
            diagonal  true       # defined   Compute only diagonal PNOs

end

**********************
Solve PNO-MP2
*********************


**********************
Iterate Pairs
*********************


************************
Adaptive Solver
***********************

Initializing empty Pairs:
no guess was explicitly demanded for mp2

timer:                                     RRCD     0.00s     0.00s 
timer:                             MRA compress     0.00s     0.00s 
timer:                          Transform Pairs     0.00s     0.00s 
timer:          apply Q and orthonormalize PNOs     0.00s     0.00s 
Created Guess:
pair11 with 0 guess functions
pair21 with 0 guess functions
pair22 with 0 guess functions
guess pair11 size: 0.0000000000e+00 | 0.0000000000e+00 Gbyte (after truncation)
guess pair22 size: 0.0000000000e+00 | 0.0000000000e+00 Gbyte (after truncation)
timer:                           truncate guess     0.00s     0.00s 
timer:                         Initialize Pairs     0.00s     0.00s 
Keyword multipole is not known
Guess protocol for adaptively growing ranks is: [dipole+, quadrupole, big_fock_3, big_fock_3, big_fock_3, big_fock_3, big_fock_3, big_fock_3, big_fock_3, big_fock_3]


--------Adaptive Solver Macroiteration 0 from max 10 ----------

Growing ranks with exop=dipole+
Create guess functions by multiplying plane-waves to 1 functions 
Created 4 virtuals for pair11
pair21 is frozen: no growing
Create guess functions by multiplying plane-waves to 1 functions 
Created 4 virtuals for pair22
frozen pair: no orthonormalization
timer:                                     RRCD     0.01s     0.01s 
timer:                             MRA compress     0.00s     0.00s 
timer:                          Transform Pairs     0.16s     0.16s 
timer:                        grow PNO subspace     2.01s     2.01s 
SolveInternal: Parameters are assigned as
no_compute        = false
no_opt            = false
restart           = false
do_cispd          = false
econv             =1.0000000000e-04
maxrank (min,max) = (2,2)
Solving MP2 doubles
timer:          fock matrix     2.50s     2.50s
Information About All Pairs:
mp2_pair11           number=0 rank=  4 frozen=false
mp2_pair21           number=1 rank=  0 frozen=true
mp2_pair22           number=2 rank=  4 frozen=false
number of pairs=3
average rank   =2 (2.6666666667e+00)
largest rank   =4
PNOPairs Memory Information
Total: 0.0111217499 GB 
PNO  : 0.0111217499 GB 
KPNO : 0.0000000000 GB 
W    : 0.0000000000 GB 

timer:                                 truncate     0.03s     0.03s 
wall time=92.8577759266 chunk=8 allK.size()=8 memory=0.0099768639 GB
timer:                             compute KPNO     3.15s     3.15s 
wall time=92.9919250011 chunk=8 allJ.size()=8 memory=0.0120213032 GB
timer:                             compute JPNO     0.13s     0.13s 
timer:                    compute Fock matrices     1.00s     1.00s 
timer:                             MRA compress     0.00s     0.00s 
timer:                          Transform Pairs     0.29s     0.29s 
timer:                             Canonicalize     0.29s     0.29s 
PNOPairs Memory Information
Total: 0.0206897259 GB 
PNO  : 0.0107946396 GB 
KPNO : 0.0098950863 GB 
W    : 0.0000000000 GB 

timer:                                 truncate     0.02s     0.02s 
mp2_pair21 is frozen: potential not computed
timer:                   Fluctuation Potentials     1.53s     1.53s 
timer:                       Fluctuation Matrix     0.18s     0.18s 
PNOPairs Memory Information
Total: 0.0350825787 GB 
PNO  : 0.0107946396 GB 
KPNO : 0.0098950863 GB 
W    : 0.0143928528 GB 

PNOPairs Memory Information
Total: 0.0350825787 GB 
PNO  : 0.0107946396 GB 
KPNO : 0.0098950863 GB 
W    : 0.0143928528 GB 

timer:                                 truncate     0.06s     0.06s 
timer:                             PNO Overlaps     0.03s     0.03s 
t_iter =  0  Hylleraas energy =  0.0000000000  ||R||_F =  0.1556537564  conv =  no
subspace solution [*]   1.00000000

t_iter =  1  Hylleraas energy =  -0.0327536498  ||R||_F =  0.0000001747  conv =  yes
=======================================================

Hylleraas MP2 Energies

=======================================================
    i    j      singlet      triplet        Total
=======================================================
    1    1  -1.43604e-02  0.00000e+00 -1.43604e-02
    2    1   0.00000e+00  0.00000e+00  0.00000e+00
    2    2  -1.83932e-02  0.00000e+00 -1.83932e-02
=======================================================
Hylleraas MP2 Energies (singlet): -3.27536e-02
Hylleraas MP2 Energies (triplet):  0.00000e+00
Hylleraas MP2 Energies (total)  : -3.27536e-02
=======================================================
-------------------------------------------
Total Reg Energy  =-3.27536e-02
Total F12 Energy  = 0.00000e+00
Sum Energies Total=-3.27536e-02
-------------------------------------------
timer:                         Solve Amplitudes     0.00s     0.00s 
No optimization untill now: Compressing pno ranks with tighter threshold
1.00000e-10 instead of 1.00000e-08
pair11: density evals:
 [*]   0.00259399   0.00353790   0.00353790   0.02597609

pair11: # of PNOs reduced from  4  to  2  maxrank= 2
pair22: density evals:
 [*]   0.00243648   0.00311040   0.00311040   0.05097662

pair22: # of PNOs reduced from  4  to  2  maxrank= 2
timer:                            compress PNOs     0.00s     0.00s 
timer:                             MRA compress     0.00s     0.00s 
timer:                          Transform Pairs     0.46s     0.46s 
timer:                          PNO Compression     0.46s     0.46s 
Information About All Pairs:
mp2_pair11           number=0 rank=  2 frozen=false
mp2_pair21           number=1 rank=  0 frozen=true
mp2_pair22           number=2 rank=  2 frozen=false
number of pairs=3
average rank   =1 (1.33333e+00)
largest rank   =2
saving vector of functions mp2_pair11
saving vector of functions mp2_pair22
timer:                        save pnos on disc     0.10s     0.10s 
PNOPairs Memory Information
Total: 0.01828 GB 
PNO  : 0.00548 GB 
KPNO : 0.00511 GB 
W    : 0.00769 GB 

timer:                                 truncate     0.03s     0.03s 
timer:      compute densities for G application     0.00s     0.00s 
pair21 is frozen: no optimization
timer:                Prepare for G application     0.13s     0.13s 
timer:                                    add K     0.02s     0.02s 
size of all Vpsi potentials (without Vnuc and J) 0.00646 GB 
time=97.30182 chunk=4 Vpsi+Vnuc+J=0.01672 GB
time=97.36569 chunk=4 Vpsi+Vnuc+J=0.01652 GB (after truncation)
timer:                           Apply G to all     1.26s     1.26s 
timer:                       apply Q and update     0.00s     0.00s 
mp2_pair11 residual norms:
[0.35454, 0.38692]
mp2_pair11 scaled residual norms:
[0.02109, 0.06236]
mp2_pair22 residual norms:
[0.35716, 0.36086]
mp2_pair22 scaled residual norms:
[0.01992, 0.08147]
timer:                          update all PNOs     1.40s     1.40s 
frozen pair: no orthonormalization
timer:                                     RRCD     0.01s     0.01s 
timer:                             MRA compress     0.00s     0.00s 
timer:                          Transform Pairs     0.04s     0.04s 
saving vector of functions mp2_pair11
saving vector of functions mp2_pair22
timer:                        save pnos on disc     0.11s     0.11s 


No convergence yet. Energy change = 0.03275

timer:                        Whole Iteration 1     8.62s     8.62s 
Information About All Pairs:
mp2_pair11           number=0 rank=  2 frozen=false
mp2_pair21           number=1 rank=  0 frozen=true
mp2_pair22           number=2 rank=  2 frozen=false
number of pairs=3
average rank   =1 (1.33333)
largest rank   =2
PNOPairs Memory Information
Total: 0.00556 GB 
PNO  : 0.00556 GB 
KPNO : 0.00000 GB 
W    : 0.00000 GB 

timer:                                 truncate     0.04s     0.04s 
wall time=100.58017 chunk=4 allK.size()=4 memory=0.00515 GB
timer:                             compute KPNO     2.23s     2.23s 
wall time=100.72290 chunk=4 allJ.size()=4 memory=0.00593 GB
timer:                             compute JPNO     0.14s     0.14s 
timer:                    compute Fock matrices     0.75s     0.75s 
timer:                             MRA compress     0.00s     0.00s 
timer:                          Transform Pairs     0.15s     0.15s 
timer:                             Canonicalize     0.15s     0.15s 
PNOPairs Memory Information
Total: 0.01071 GB 
PNO  : 0.00556 GB 
KPNO : 0.00515 GB 
W    : 0.00000 GB 

timer:                                 truncate     0.03s     0.03s 
mp2_pair21 is frozen: potential not computed
timer:                   Fluctuation Potentials     1.06s     1.06s 
timer:                       Fluctuation Matrix     0.14s     0.14s 
PNOPairs Memory Information
Total: 0.01856 GB 
PNO  : 0.00556 GB 
KPNO : 0.00515 GB 
W    : 0.00785 GB 

PNOPairs Memory Information
Total: 0.01856 GB 
PNO  : 0.00556 GB 
KPNO : 0.00515 GB 
W    : 0.00785 GB 

timer:                                 truncate     0.03s     0.03s 
timer:                             PNO Overlaps     0.03s     0.03s 
t_iter =  0  Hylleraas energy =  0.00000  ||R||_F =  0.18984  conv =  no
subspace solution [*]   1.00000000

t_iter =  1  Hylleraas energy =  -0.04871  ||R||_F =  0.00000  conv =  yes
=======================================================

Hylleraas MP2 Energies

=======================================================
    i    j      singlet      triplet        Total
=======================================================
    1    1  -2.05183e-02  0.00000e+00 -2.05183e-02
    2    1   0.00000e+00  0.00000e+00  0.00000e+00
    2    2  -2.81966e-02  0.00000e+00 -2.81966e-02
=======================================================
Hylleraas MP2 Energies (singlet): -4.87150e-02
Hylleraas MP2 Energies (triplet):  0.00000e+00
Hylleraas MP2 Energies (total)  : -4.87150e-02
=======================================================
-------------------------------------------
Total Reg Energy  =-4.87150e-02
Total F12 Energy  = 0.00000e+00
Sum Energies Total=-4.87150e-02
-------------------------------------------
timer:                         Solve Amplitudes     0.00s     0.00s 
pair11: density evals:
 [*]   0.00424798   0.04433674

pair22: density evals:
 [*]   0.00367304   0.08756398

timer:                            compress PNOs     0.00s     0.00s 
timer:                             MRA compress     0.00s     0.00s 
timer:                          Transform Pairs     0.41s     0.41s 
timer:                          PNO Compression     0.41s     0.41s 
Information About All Pairs:
mp2_pair11           number=0 rank=  2 frozen=false
mp2_pair21           number=1 rank=  0 frozen=true
mp2_pair22           number=2 rank=  2 frozen=false
number of pairs=3
average rank   =1 (1.33333e+00)
largest rank   =2
saving vector of functions mp2_pair11
saving vector of functions mp2_pair22
timer:                        save pnos on disc     0.10s     0.10s 
PNOPairs Memory Information
Total: 0.01856 GB 
PNO  : 0.00556 GB 
KPNO : 0.00515 GB 
W    : 0.00785 GB 

timer:                                 truncate     0.03s     0.03s 
timer:      compute densities for G application     0.00s     0.00s 
pair21 is frozen: no optimization
timer:                Prepare for G application     0.09s     0.09s 
timer:                                    add K     0.00s     0.00s 
size of all Vpsi potentials (without Vnuc and J) 0.00687 GB 
time=103.85988 chunk=4 Vpsi+Vnuc+J=0.01640 GB
time=103.87733 chunk=4 Vpsi+Vnuc+J=0.01578 GB (after truncation)
timer:                           Apply G to all     1.20s     1.20s 
timer:                       apply Q and update     0.00s     0.00s 
mp2_pair11 residual norms:
[0.08637, 0.10818]
mp2_pair11 scaled residual norms:
[0.00563, 0.02278]
mp2_pair22 residual norms:
[0.09237, 0.08941]
mp2_pair22 scaled residual norms:
[0.00560, 0.02646]
timer:                          update all PNOs     1.30s     1.30s 
frozen pair: no orthonormalization
timer:                                     RRCD     0.03s     0.03s 
timer:                             MRA compress     0.00s     0.00s 
timer:                          Transform Pairs     0.05s     0.05s 
saving vector of functions mp2_pair11
saving vector of functions mp2_pair22
timer:                        save pnos on disc     0.09s     0.09s 


No convergence yet. Energy change = 0.01596

timer:                        Whole Iteration 2     6.63s     6.63s 
Information About All Pairs:
mp2_pair11           number=0 rank=  2 frozen=false
mp2_pair21           number=1 rank=  0 frozen=true
mp2_pair22           number=2 rank=  2 frozen=false
number of pairs=3
average rank   =1 (1.33333)
largest rank   =2
PNOPairs Memory Information
Total: 0.00532 GB 
PNO  : 0.00532 GB 
KPNO : 0.00000 GB 
W    : 0.00000 GB 

timer:                                 truncate     0.02s     0.02s 
wall time=107.18423 chunk=4 allK.size()=4 memory=0.00523 GB
timer:                             compute KPNO     2.22s     2.22s 
wall time=107.30304 chunk=4 allJ.size()=4 memory=0.00597 GB
timer:                             compute JPNO     0.12s     0.12s 
timer:                    compute Fock matrices     0.76s     0.76s 
timer:                             MRA compress     0.00s     0.00s 
timer:                          Transform Pairs     0.16s     0.16s 
timer:                             Canonicalize     0.16s     0.16s 
PNOPairs Memory Information
Total: 0.01055 GB 
PNO  : 0.00532 GB 
KPNO : 0.00523 GB 
W    : 0.00000 GB 

timer:                                 truncate     0.02s     0.02s 
mp2_pair21 is frozen: potential not computed
timer:                   Fluctuation Potentials     1.15s     1.15s 
timer:                       Fluctuation Matrix     0.12s     0.12s 
PNOPairs Memory Information
Total: 0.01840 GB 
PNO  : 0.00532 GB 
KPNO : 0.00523 GB 
W    : 0.00785 GB 

PNOPairs Memory Information
Total: 0.01840 GB 
PNO  : 0.00532 GB 
KPNO : 0.00523 GB 
W    : 0.00785 GB 

timer:                                 truncate     0.07s     0.07s 
timer:                             PNO Overlaps     0.03s     0.03s 
t_iter =  0  Hylleraas energy =  0.00000  ||R||_F =  0.20231  conv =  no
subspace solution [*]   1.00000000

t_iter =  1  Hylleraas energy =  -0.05164  ||R||_F =  0.00000  conv =  yes
=======================================================

Hylleraas MP2 Energies

=======================================================
    i    j      singlet      triplet        Total
=======================================================
    1    1  -2.18841e-02  0.00000e+00 -2.18841e-02
    2    1   0.00000e+00  0.00000e+00  0.00000e+00
    2    2  -2.97559e-02  0.00000e+00 -2.97559e-02
=======================================================
Hylleraas MP2 Energies (singlet): -5.16401e-02
Hylleraas MP2 Energies (triplet):  0.00000e+00
Hylleraas MP2 Energies (total)  : -5.16401e-02
=======================================================
-------------------------------------------
Total Reg Energy  =-5.16401e-02
Total F12 Energy  = 0.00000e+00
Sum Energies Total=-5.16401e-02
-------------------------------------------
timer:                         Solve Amplitudes     0.00s     0.00s 
pair11: density evals:
 [*]   0.00406929   0.04397956

pair22: density evals:
 [*]   0.00348893   0.08720985

timer:                            compress PNOs     0.00s     0.00s 
timer:                             MRA compress     0.00s     0.00s 
timer:                          Transform Pairs     0.40s     0.40s 
timer:                          PNO Compression     0.40s     0.40s 
Information About All Pairs:
mp2_pair11           number=0 rank=  2 frozen=false
mp2_pair21           number=1 rank=  0 frozen=true
mp2_pair22           number=2 rank=  2 frozen=false
number of pairs=3
average rank   =1 (1.33333e+00)
largest rank   =2
saving vector of functions mp2_pair11
saving vector of functions mp2_pair22
timer:                        save pnos on disc     0.09s     0.09s 
PNOPairs Memory Information
Total: 0.01840 GB 
PNO  : 0.00532 GB 
KPNO : 0.00523 GB 
W    : 0.00785 GB 

timer:                                 truncate     0.06s     0.06s 
timer:      compute densities for G application     0.00s     0.00s 
pair21 is frozen: no optimization
timer:                Prepare for G application     0.11s     0.11s 
timer:                                    add K     0.00s     0.00s 
size of all Vpsi potentials (without Vnuc and J) 0.00679 GB 
time=110.59117 chunk=4 Vpsi+Vnuc+J=0.01640 GB
time=110.62568 chunk=4 Vpsi+Vnuc+J=0.01582 GB (after truncation)
timer:                           Apply G to all     1.22s     1.22s 
timer:                       apply Q and update     0.00s     0.00s 
mp2_pair11 residual norms:
[0.02969, 0.04509]
mp2_pair11 scaled residual norms:
[0.00189, 0.00946]
mp2_pair22 residual norms:
[0.04199, 0.03606]
mp2_pair22 scaled residual norms:
[0.00248, 0.01065]
timer:                          update all PNOs     1.34s     1.34s 
frozen pair: no orthonormalization
timer:                                     RRCD     0.03s     0.03s 
timer:                             MRA compress     0.00s     0.00s 
timer:                          Transform Pairs     0.05s     0.05s 
saving vector of functions mp2_pair11
saving vector of functions mp2_pair22
timer:                        save pnos on disc     0.10s     0.10s 


No convergence yet. Energy change = 0.00293

timer:                        Whole Iteration 3     6.76s     6.76s 
Information About All Pairs:
mp2_pair11           number=0 rank=  2 frozen=false
mp2_pair21           number=1 rank=  0 frozen=true
mp2_pair22           number=2 rank=  2 frozen=false
number of pairs=3
average rank   =1 (1.33333)
largest rank   =2
PNOPairs Memory Information
Total: 0.00523 GB 
PNO  : 0.00523 GB 
KPNO : 0.00000 GB 
W    : 0.00000 GB 

timer:                                 truncate     0.04s     0.04s 
wall time=113.81637 chunk=4 allK.size()=4 memory=0.00523 GB
timer:                             compute KPNO     2.07s     2.07s 
wall time=113.95892 chunk=4 allJ.size()=4 memory=0.00589 GB
timer:                             compute JPNO     0.14s     0.14s 
timer:                    compute Fock matrices     0.92s     0.92s 
timer:                             MRA compress     0.00s     0.00s 
timer:                          Transform Pairs     0.28s     0.28s 
timer:                             Canonicalize     0.28s     0.28s 
PNOPairs Memory Information
Total: 0.01047 GB 
PNO  : 0.00523 GB 
KPNO : 0.00523 GB 
W    : 0.00000 GB 

timer:                                 truncate     0.05s     0.05s 
mp2_pair21 is frozen: potential not computed
timer:                   Fluctuation Potentials     1.15s     1.15s 
timer:                       Fluctuation Matrix     0.11s     0.11s 
PNOPairs Memory Information
Total: 0.01832 GB 
PNO  : 0.00523 GB 
KPNO : 0.00523 GB 
W    : 0.00785 GB 

PNOPairs Memory Information
Total: 0.01832 GB 
PNO  : 0.00523 GB 
KPNO : 0.00523 GB 
W    : 0.00785 GB 

timer:                                 truncate     0.06s     0.06s 
timer:                             PNO Overlaps     0.09s     0.09s 
t_iter =  0  Hylleraas energy =  0.00000  ||R||_F =  0.20675  conv =  no
subspace solution [*]   1.00000000

t_iter =  1  Hylleraas energy =  -0.05218  ||R||_F =  0.00000  conv =  yes
=======================================================

Hylleraas MP2 Energies

=======================================================
    i    j      singlet      triplet        Total
=======================================================
    1    1  -2.21374e-02  0.00000e+00 -2.21374e-02
    2    1   0.00000e+00  0.00000e+00  0.00000e+00
    2    2  -3.00433e-02  0.00000e+00 -3.00433e-02
=======================================================
Hylleraas MP2 Energies (singlet): -5.21807e-02
Hylleraas MP2 Energies (triplet):  0.00000e+00
Hylleraas MP2 Energies (total)  : -5.21807e-02
=======================================================
-------------------------------------------
Total Reg Energy  =-5.21807e-02
Total F12 Energy  = 0.00000e+00
Sum Energies Total=-5.21807e-02
-------------------------------------------
timer:                         Solve Amplitudes     0.00s     0.00s 
pair11: density evals:
 [*]   0.00397450   0.04289348

pair22: density evals:
 [*]   0.00337547   0.08554081

timer:                            compress PNOs     0.00s     0.00s 
timer:                             MRA compress     0.00s     0.00s 
timer:                          Transform Pairs     0.30s     0.30s 
timer:                          PNO Compression     0.30s     0.30s 
Information About All Pairs:
mp2_pair11           number=0 rank=  2 frozen=false
mp2_pair21           number=1 rank=  0 frozen=true
mp2_pair22           number=2 rank=  2 frozen=false
number of pairs=3
average rank   =1 (1.33333e+00)
largest rank   =2
saving vector of functions mp2_pair11
saving vector of functions mp2_pair22
timer:                        save pnos on disc     0.09s     0.09s 
PNOPairs Memory Information
Total: 0.01832 GB 
PNO  : 0.00523 GB 
KPNO : 0.00523 GB 
W    : 0.00785 GB 

timer:                                 truncate     0.04s     0.04s 
timer:      compute densities for G application     0.00s     0.00s 
pair21 is frozen: no optimization
timer:                Prepare for G application     0.08s     0.08s 
timer:                                    add K     0.00s     0.00s 
size of all Vpsi potentials (without Vnuc and J) 0.00662 GB 
time=117.42712 chunk=4 Vpsi+Vnuc+J=0.01656 GB
time=117.47422 chunk=4 Vpsi+Vnuc+J=0.01607 GB (after truncation)
timer:                           Apply G to all     1.27s     1.27s 
timer:                       apply Q and update     0.00s     0.00s 
mp2_pair11 residual norms:
[0.01239, 0.02041]
mp2_pair11 scaled residual norms:
[0.00078, 0.00423]
mp2_pair22 residual norms:
[0.02533, 0.01654]
mp2_pair22 scaled residual norms:
[0.00147, 0.00484]
timer:                          update all PNOs     1.35s     1.35s 
frozen pair: no orthonormalization
timer:                                     RRCD     0.05s     0.05s 
timer:                             MRA compress     0.00s     0.00s 
timer:                          Transform Pairs     0.14s     0.14s 
saving vector of functions mp2_pair11
saving vector of functions mp2_pair22
timer:                        save pnos on disc     0.10s     0.10s 


No convergence yet. Energy change = 0.00054

timer:                        Whole Iteration 4     7.00s     7.00s 
Information About All Pairs:
mp2_pair11           number=0 rank=  2 frozen=false
mp2_pair21           number=1 rank=  0 frozen=true
mp2_pair22           number=2 rank=  2 frozen=false
number of pairs=3
average rank   =1 (1.33333)
largest rank   =2
PNOPairs Memory Information
Total: 0.00523 GB 
PNO  : 0.00523 GB 
KPNO : 0.00000 GB 
W    : 0.00000 GB 

timer:                                 truncate     0.03s     0.03s 
wall time=121.14820 chunk=4 allK.size()=4 memory=0.00523 GB
timer:                             compute KPNO     2.41s     2.41s 
wall time=121.23944 chunk=4 allJ.size()=4 memory=0.00581 GB
timer:                             compute JPNO     0.09s     0.09s 
timer:                    compute Fock matrices     0.66s     0.66s 
timer:                             MRA compress     0.00s     0.00s 
timer:                          Transform Pairs     0.22s     0.22s 
timer:                             Canonicalize     0.23s     0.23s 
PNOPairs Memory Information
Total: 0.01047 GB 
PNO  : 0.00523 GB 
KPNO : 0.00523 GB 
W    : 0.00000 GB 

timer:                                 truncate     0.01s     0.01s 
mp2_pair21 is frozen: potential not computed
timer:                   Fluctuation Potentials     1.09s     1.09s 
timer:                       Fluctuation Matrix     0.11s     0.11s 
PNOPairs Memory Information
Total: 0.01832 GB 
PNO  : 0.00523 GB 
KPNO : 0.00523 GB 
W    : 0.00785 GB 

PNOPairs Memory Information
Total: 0.01832 GB 
PNO  : 0.00523 GB 
KPNO : 0.00523 GB 
W    : 0.00785 GB 

timer:                                 truncate     0.02s     0.02s 
timer:                             PNO Overlaps     0.07s     0.07s 
t_iter =  0  Hylleraas energy =  0.00000  ||R||_F =  0.20861  conv =  no
subspace solution [*]   1.00000000

t_iter =  1  Hylleraas energy =  -0.05230  ||R||_F =  0.00000  conv =  yes
=======================================================

Hylleraas MP2 Energies

=======================================================
    i    j      singlet      triplet        Total
=======================================================
    1    1  -2.21907e-02  0.00000e+00 -2.21907e-02
    2    1   0.00000e+00  0.00000e+00  0.00000e+00
    2    2  -3.01099e-02  0.00000e+00 -3.01099e-02
=======================================================
Hylleraas MP2 Energies (singlet): -5.23006e-02
Hylleraas MP2 Energies (triplet):  0.00000e+00
Hylleraas MP2 Energies (total)  : -5.23006e-02
=======================================================
-------------------------------------------
Total Reg Energy  =-5.23006e-02
Total F12 Energy  = 0.00000e+00
Sum Energies Total=-5.23006e-02
-------------------------------------------
timer:                         Solve Amplitudes     0.00s     0.00s 
pair11: density evals:
 [*]   0.00393116   0.04225757

pair22: density evals:
 [*]   0.00330811   0.08457388

timer:                            compress PNOs     0.00s     0.00s 
timer:                             MRA compress     0.00s     0.00s 
timer:                          Transform Pairs     0.41s     0.41s 
timer:                          PNO Compression     0.41s     0.41s 
Information About All Pairs:
mp2_pair11           number=0 rank=  2 frozen=false
mp2_pair21           number=1 rank=  0 frozen=true
mp2_pair22           number=2 rank=  2 frozen=false
number of pairs=3
average rank   =1 (1.33333e+00)
largest rank   =2
saving vector of functions mp2_pair11
saving vector of functions mp2_pair22
timer:                        save pnos on disc     0.10s     0.10s 
PNOPairs Memory Information
Total: 0.01832 GB 
PNO  : 0.00523 GB 
KPNO : 0.00523 GB 
W    : 0.00785 GB 

timer:                                 truncate     0.06s     0.06s 
timer:      compute densities for G application     0.00s     0.00s 
pair21 is frozen: no optimization
timer:                Prepare for G application     0.10s     0.10s 
timer:                                    add K     0.00s     0.00s 
size of all Vpsi potentials (without Vnuc and J) 0.00662 GB 
time=124.48694 chunk=4 Vpsi+Vnuc+J=0.01656 GB
time=124.54948 chunk=4 Vpsi+Vnuc+J=0.01607 GB (after truncation)
timer:                           Apply G to all     1.45s     1.45s 
timer:                       apply Q and update     0.00s     0.00s 
mp2_pair11 residual norms:
[0.00626, 0.00961]
mp2_pair11 scaled residual norms:
[0.00039, 0.00198]
mp2_pair22 residual norms:
[0.01721, 0.00806]
mp2_pair22 scaled residual norms:
[0.00099, 0.00234]
timer:                          update all PNOs     1.55s     1.55s 
frozen pair: no orthonormalization
timer:                                     RRCD     0.01s     0.01s 
timer:                             MRA compress     0.00s     0.00s 
timer:                          Transform Pairs     0.05s     0.05s 
saving vector of functions mp2_pair11
saving vector of functions mp2_pair22
timer:                        save pnos on disc     0.10s     0.10s 


No convergence yet. Energy change = 0.00012

timer:                        Whole Iteration 5     7.02s     7.02s 
Information About All Pairs:
mp2_pair11           number=0 rank=  2 frozen=false
mp2_pair21           number=1 rank=  0 frozen=true
mp2_pair22           number=2 rank=  2 frozen=false
number of pairs=3
average rank   =1 (1.33333)
largest rank   =2
PNOPairs Memory Information
Total: 0.00536 GB 
PNO  : 0.00536 GB 
KPNO : 0.00000 GB 
W    : 0.00000 GB 

timer:                                 truncate     0.04s     0.04s 
wall time=128.06403 chunk=4 allK.size()=4 memory=0.00523 GB
timer:                             compute KPNO     2.31s     2.31s 
wall time=128.16699 chunk=4 allJ.size()=4 memory=0.00589 GB
timer:                             compute JPNO     0.10s     0.10s 
timer:                    compute Fock matrices     0.85s     0.85s 
timer:                             MRA compress     0.00s     0.00s 
timer:                          Transform Pairs     0.13s     0.13s 
timer:                             Canonicalize     0.13s     0.13s 
PNOPairs Memory Information
Total: 0.01059 GB 
PNO  : 0.00536 GB 
KPNO : 0.00523 GB 
W    : 0.00000 GB 

timer:                                 truncate     0.02s     0.02s 
mp2_pair21 is frozen: potential not computed
timer:                   Fluctuation Potentials     1.08s     1.08s 
timer:                       Fluctuation Matrix     0.07s     0.07s 
PNOPairs Memory Information
Total: 0.01844 GB 
PNO  : 0.00536 GB 
KPNO : 0.00523 GB 
W    : 0.00785 GB 

PNOPairs Memory Information
Total: 0.01844 GB 
PNO  : 0.00536 GB 
KPNO : 0.00523 GB 
W    : 0.00785 GB 

timer:                                 truncate     0.03s     0.03s 
timer:                             PNO Overlaps     0.06s     0.06s 
t_iter =  0  Hylleraas energy =  0.00000  ||R||_F =  0.20947  conv =  no
subspace solution [*]   1.00000000

t_iter =  1  Hylleraas energy =  -0.05233  ||R||_F =  0.00000  conv =  yes
=======================================================

Hylleraas MP2 Energies

=======================================================
    i    j      singlet      triplet        Total
=======================================================
    1    1  -2.22026e-02  0.00000e+00 -2.22026e-02
    2    1   0.00000e+00  0.00000e+00  0.00000e+00
    2    2  -3.01283e-02  0.00000e+00 -3.01283e-02
=======================================================
Hylleraas MP2 Energies (singlet): -5.23309e-02
Hylleraas MP2 Energies (triplet):  0.00000e+00
Hylleraas MP2 Energies (total)  : -5.23309e-02
=======================================================
-------------------------------------------
Total Reg Energy  =-5.23309e-02
Total F12 Energy  = 0.00000e+00
Sum Energies Total=-5.23309e-02
-------------------------------------------
timer:                         Solve Amplitudes     0.00s     0.00s 
pair11: density evals:
 [*]   0.00390986   0.04193630

pair22: density evals:
 [*]   0.00326494   0.08409117

timer:                            compress PNOs     0.00s     0.00s 
timer:                             MRA compress     0.00s     0.00s 
timer:                          Transform Pairs     0.50s     0.50s 
timer:                          PNO Compression     0.50s     0.50s 
Information About All Pairs:
mp2_pair11           number=0 rank=  2 frozen=false
mp2_pair21           number=1 rank=  0 frozen=true
mp2_pair22           number=2 rank=  2 frozen=false
number of pairs=3
average rank   =1 (1.33333e+00)
largest rank   =2
saving vector of functions mp2_pair11
saving vector of functions mp2_pair22
timer:                        save pnos on disc     0.09s     0.09s 
PNOPairs Memory Information
Total: 0.01844 GB 
PNO  : 0.00536 GB 
KPNO : 0.00523 GB 
W    : 0.00785 GB 

timer:                                 truncate     0.03s     0.03s 
timer:      compute densities for G application     0.00s     0.00s 
pair21 is frozen: no optimization
timer:                Prepare for G application     0.09s     0.09s 
timer:                                    add K     0.02s     0.02s 
size of all Vpsi potentials (without Vnuc and J) 0.00671 GB 
time=131.52396 chunk=4 Vpsi+Vnuc+J=0.01668 GB
time=131.56641 chunk=4 Vpsi+Vnuc+J=0.01619 GB (after truncation)
timer:                           Apply G to all     1.37s     1.37s 
timer:                       apply Q and update     0.00s     0.00s 
mp2_pair11 residual norms:
[0.00362, 0.00464]
mp2_pair11 scaled residual norms:
[0.00023, 0.00095]
mp2_pair22 residual norms:
[0.01219, 0.00405]
mp2_pair22 scaled residual norms:
[0.00070, 0.00118]
timer:                          update all PNOs     1.47s     1.47s 
frozen pair: no orthonormalization
timer:                                     RRCD     0.01s     0.01s 
timer:                             MRA compress     0.00s     0.00s 
timer:                          Transform Pairs     0.03s     0.03s 
saving vector of functions mp2_pair11
saving vector of functions mp2_pair22
timer:                        save pnos on disc     0.09s     0.09s 


CONVERGED!
energy change = 0.00003

re-entering loop to compute the correct amplitudes and energies
timer:                        Whole Iteration 6     6.94s     6.94s 
Information About All Pairs:
mp2_pair11           number=0 rank=  2 frozen=false
mp2_pair21           number=1 rank=  0 frozen=true
mp2_pair22           number=2 rank=  2 frozen=false
number of pairs=3
average rank   =1 (1.33333)
largest rank   =2
PNOPairs Memory Information
Total: 0.00536 GB 
PNO  : 0.00536 GB 
KPNO : 0.00000 GB 
W    : 0.00000 GB 

timer:                                 truncate     0.03s     0.03s 
wall time=134.99248 chunk=4 allK.size()=4 memory=0.00523 GB
timer:                             compute KPNO     2.30s     2.30s 
wall time=135.07494 chunk=4 allJ.size()=4 memory=0.00589 GB
timer:                             compute JPNO     0.08s     0.08s 
timer:                    compute Fock matrices     0.95s     0.95s 
timer:                             MRA compress     0.00s     0.00s 
timer:                          Transform Pairs     0.24s     0.24s 
timer:                             Canonicalize     0.24s     0.24s 
PNOPairs Memory Information
Total: 0.01059 GB 
PNO  : 0.00536 GB 
KPNO : 0.00523 GB 
W    : 0.00000 GB 

timer:                                 truncate     0.05s     0.05s 
mp2_pair21 is frozen: potential not computed
timer:                   Fluctuation Potentials     1.11s     1.11s 
timer:                       Fluctuation Matrix     0.11s     0.11s 
PNOPairs Memory Information
Total: 0.01844 GB 
PNO  : 0.00536 GB 
KPNO : 0.00523 GB 
W    : 0.00785 GB 

PNOPairs Memory Information
Total: 0.01844 GB 
PNO  : 0.00536 GB 
KPNO : 0.00523 GB 
W    : 0.00785 GB 

timer:                                 truncate     0.04s     0.04s 
timer:                             PNO Overlaps     0.03s     0.03s 
t_iter =  0  Hylleraas energy =  0.00000  ||R||_F =  0.20989  conv =  no
subspace solution [*]   1.00000000

t_iter =  1  Hylleraas energy =  -0.05233  ||R||_F =  0.00000  conv =  yes
=======================================================

Hylleraas MP2 Energies

=======================================================
    i    j      singlet      triplet        Total
=======================================================
    1    1  -2.22046e-02  0.00000e+00 -2.22046e-02
    2    1   0.00000e+00  0.00000e+00  0.00000e+00
    2    2  -3.01296e-02  0.00000e+00 -3.01296e-02
=======================================================
Hylleraas MP2 Energies (singlet): -5.23342e-02
Hylleraas MP2 Energies (triplet):  0.00000e+00
Hylleraas MP2 Energies (total)  : -5.23342e-02
=======================================================
-------------------------------------------
Total Reg Energy  =-5.23342e-02
Total F12 Energy  = 0.00000e+00
Sum Energies Total=-5.23342e-02
-------------------------------------------
timer:                         Solve Amplitudes     0.00s     0.00s 
pair11: density evals:
 [*]   0.00389831   0.04177748

pair22: density evals:
 [*]   0.00323561   0.08383482

timer:                            compress PNOs     0.00s     0.00s 
timer:                             MRA compress     0.00s     0.00s 
timer:                          Transform Pairs     0.33s     0.33s 
timer:                          PNO Compression     0.33s     0.33s 
Information About All Pairs:
mp2_pair11           number=0 rank=  2 frozen=false
mp2_pair21           number=1 rank=  0 frozen=true
mp2_pair22           number=2 rank=  2 frozen=false
number of pairs=3
average rank   =1 (1.33333e+00)
largest rank   =2
saving vector of functions mp2_pair11
saving vector of functions mp2_pair22
timer:                        save pnos on disc     0.10s     0.10s 
exiting: Iterations converged
PNO ranks:
PNO Rank for pair pair11 = 2
PNO Rank for pair pair21 = 0
PNO Rank for pair pair22 = 2
average rank 1.33333e+00
timer:                               PNO::solve    50.88s    50.89s 

--------------------------------
ITERATE-PAIRS-INTERNAL-ENDED
--------------------------------
mp2_pair21 converged!


Adaptive Sovler:
 Current Energy=-5.2334218772e-02
 DeltaE        =-5.2334218772e-02
 max dE (pair) =-3.0129570073e-02 (2)
 all_pairs_conv=false




not converged yet

freeze pair mp2_pair21 (not further optimized: Energy below 1.0000000000e-05)
Maximum Rank of2 reached for all non-frozen pairs, no need to iterate further=======================================================

Final MP2 Energies

=======================================================
    i    j      singlet      triplet        Total
=======================================================
    1    1  -2.22046e-02  0.00000e+00 -2.22046e-02
    2    1   0.00000e+00  0.00000e+00  0.00000e+00
    2    2  -3.01296e-02  0.00000e+00 -3.01296e-02
=======================================================
Final MP2 Energies (singlet): -5.23342e-02
Final MP2 Energies (triplet):  0.00000e+00
Final MP2 Energies (total)  : -5.23342e-02
=======================================================
-------------------------------------------
Total Reg Energy  =-5.23342e-02
Total F12 Energy  = 0.00000e+00
Sum Energies Total=-5.23342e-02
-------------------------------------------
Average | Max Rank: 1 | 2



--------------------------------------------------
MRA-PNO-MP2-F12 ended 
--------------------------------------------------
                 time scf = 8.10530e+01
               energy scf = -1.54947e+01
--------------------------------------------------
restarting PNO to reload pairs that converged before and were frozen
PNO Parameters
pno
       rank_increase  15         # default   maximum rank to increase in every macroiteration
               chunk  100        # default   chunk of functions operated on in parallel when G or K is applied (prevent memory shortage)
               debug  false      # default   debug mode
              freeze  1          # derived   frozen core approximation
             maxrank  2          # defined   maximal pno rank for all pairs
           guesstype  exop       # derived   the guesstype: exop (recommended, multiply polynomial excitation operators onto the occupied orbitals), empty (don't compute a guess), scf (use the ao basis from the SCF solver), partial_wave (create s,p,d ..., type functions and place on atoms), predefined (same as partial_wave but for predefined sets)
                exop  multipole  # derived   this string defines which excitation operators can be used, use 'dipole', 'dipole+', 'quadrupole', 'ocopole', or 'multipole', need to set guesstype to 'exop' which is the default
          exop_trigo  true       # default   use trigonometric excitation operators ( x --> sin(x)
        partial_wave             # default   atom centered partial wave guess of format like 'h-2s1p-o-3s2p1d', need to set guesstype to 'partial_wave' and adaptive_solver to 'none'
          predefined             # default   predefined partial wave guesses of type pvxz with x=d,t,q,5,6, need to set guesstype to 'predefined' and adaptive_solver to 'none'
           maxiter_t  100        # default   maximal number of iterations in the amplitude solver
       maxiter_micro  10         # default   Maximum of iterations for every cycle in the adaptive solver
       maxiter_macro  10         # default   Maximum of iterations of cycles in the adaptive solver
                tpno  1.0000e-08 # default   PNO cutoff threshold
          tpno_tight  1.0000e-10 # derived   PNO cutoff for the first iteration
    canonicalize_pno  true       # default   canonicalize the pnos before the amplitude solver
              thresh  1.0000e-04 # defined   MRA threshold
         econv_micro  1.0000e-04 # derived   Energy convergence for microiterations (Greens function based optimization) in adaptive solver
         econv_pairs  1.0000e-05 # derived   ENergy convergence for individual pairs in adaptive solver. Converged pairs are frozen automatically
         econv_macro  1.0000e-04 # derived   Energy convergence for macroiterations in adaptive solver, no effect if adaptive_solver is deactivated
               dconv  1.0000e-01 # default   convergence of every PNO in the Green's function solver
           op_thresh  1.0000e-06 # default   MRA operator thresh
             restart  all        # defined   restart pairs of this type, use 'mp2', 'cispd', 'all' or 'none'
          no_compute  none       # default   do not compute the pairs of this type, use 'mp2', 'cispd', 'all' or 'none'
              no_opt  all        # defined   do not optimize the pnos of this type, use 'mp2', 'cispd', 'all' or 'none'
            no_guess  all        # defined   guess for this type will be empty, use 'mp2', 'cispd', 'all' or 'none'
     adaptive_solver  none       # defined   Use adaptive solver for those pairs, use 'mp2', 'cispd', 'all' or 'none', works only in combination with guesstype 'exop'
                kain  true       # default   use KAIN solver in amplitude solver
       kain_subspace  5          # default   subspace size of the KAIN solver (amplitudes)
                 f12  false      # defined   use explicit correlation
        cispd_number  -1         # default   CIS(D) excitation numbers, to read in correct functions
        cispd_energy  0.0000e+00 # default   CIS energy
        freeze_pairs  none       # default   frozen pairs will not be optimized: Expected format 'a b c d' will freeze pairs ab and cd
freeze_pairs_of_orbital  []         # default    All pairs which originate from this orbital will not be optimized
active_pairs_of_orbital  []         # default    All pairs which originate from this orbital will not be frozen all other pairs will, if this vector is not empty
no_opt_in_first_iteration  false      # default   Do not optimize in the first iteration (then the potentials do not have to be evaluated, use this for large guesses)
            exchange  full       # default   approximate exchange with 'neglect' or xc functional -> same syntax as moldft
           save_pnos  true       # default   Save the OBS-PNOs to a file, before and after orthonormalization.
            diagonal  true       # defined   Compute only diagonal PNOs

end

**********************
Solve PNO-MP2
*********************


**********************
Iterate Pairs
*********************


************************
Standard Solver
***********************

Initializing Pairs:
Restart demanded for mp2 pairs
loading vector of functions mp2_pair11
Found PNOs for mp2_pair11 with rank 2
loading vector of functions mp2_pair21
failed to find PNO mp2_pair21 initialize as zero function
nloading vector of functions mp2_pair22
Found PNOs for mp2_pair22 with rank 2
no guess was explicitly demanded for mp2

timer:                                     RRCD     0.01s     0.01s 
timer:                             MRA compress     0.00s     0.00s 
timer:                          Transform Pairs     0.15s     0.15s 
timer:          apply Q and orthonormalize PNOs     0.33s     0.33s 
Created Guess:
pair11 with 2 guess functions
pair21 with 0 guess functions
pair22 with 2 guess functions
guess pair11 size: 2.6168823242e-03 | 2.6168823242e-03 Gbyte (after truncation)
guess pair22 size: 2.7395486832e-03 | 2.7395486832e-03 Gbyte (after truncation)
timer:                           truncate guess     0.05s     0.06s 
timer:                         Initialize Pairs     0.39s     0.39s 
Information About All Pairs:
mp2_pair11           number=0 rank=  2 frozen=false
mp2_pair21           number=1 rank=  0 frozen=true
mp2_pair22           number=2 rank=  2 frozen=false
number of pairs=3
average rank   =1 (1.3333333333e+00)
largest rank   =2
SolveInternal: Parameters are assigned as
no_compute        = false
no_opt            = true
restart           = true
do_cispd          = false
econv             =1.0000000000e-04
maxrank (min,max) = (2,2)
Solving MP2 doubles
timer:          fock matrix     2.72s     2.72s
Information About All Pairs:
mp2_pair11           number=0 rank=  2 frozen=false
mp2_pair21           number=1 rank=  0 frozen=true
mp2_pair22           number=2 rank=  2 frozen=false
number of pairs=3
average rank   =1 (1.3333333333e+00)
largest rank   =2
PNOPairs Memory Information
Total: 0.0053564310 GB 
PNO  : 0.0053564310 GB 
KPNO : 0.0000000000 GB 
W    : 0.0000000000 GB 

timer:                                 truncate     0.03s     0.03s 
wall time=143.2961521149 chunk=4 allK.size()=4 memory=0.0052337646 GB
timer:                             compute KPNO     2.09s     2.09s 
wall time=143.3989560604 chunk=4 allJ.size()=4 memory=0.0058879852 GB
timer:                             compute JPNO     0.10s     0.10s 
timer:                    compute Fock matrices     0.74s     0.74s 
timer:                             MRA compress     0.00s     0.00s 
timer:                          Transform Pairs     0.20s     0.20s 
timer:                             Canonicalize     0.20s     0.20s 
PNOPairs Memory Information
Total: 0.0105901957 GB 
PNO  : 0.0053564310 GB 
KPNO : 0.0052337646 GB 
W    : 0.0000000000 GB 

timer:                                 truncate     0.03s     0.03s 
mp2_pair21 is frozen: potential not computed
timer:                   Fluctuation Potentials     1.17s     1.17s 
timer:                       Fluctuation Matrix     0.10s     0.10s 
PNOPairs Memory Information
Total: 0.0184408426 GB 
PNO  : 0.0053564310 GB 
KPNO : 0.0052337646 GB 
W    : 0.0078506470 GB 

PNOPairs Memory Information
Total: 0.0184408426 GB 
PNO  : 0.0053564310 GB 
KPNO : 0.0052337646 GB 
W    : 0.0078506470 GB 

timer:                                 truncate     0.03s     0.03s 
timer:                             PNO Overlaps     0.05s     0.05s 
t_iter =  0  Hylleraas energy =  0.0000000000  ||R||_F =  0.2098914142  conv =  no
subspace solution [*]   1.00000000

t_iter =  1  Hylleraas energy =  -0.0523353826  ||R||_F =  0.0000000000  conv =  yes
=======================================================

Hylleraas MP2 Energies

=======================================================
    i    j      singlet      triplet        Total
=======================================================
    1    1  -2.22048e-02  0.00000e+00 -2.22048e-02
    2    1   0.00000e+00  0.00000e+00  0.00000e+00
    2    2  -3.01306e-02  0.00000e+00 -3.01306e-02
=======================================================
Hylleraas MP2 Energies (singlet): -5.23354e-02
Hylleraas MP2 Energies (triplet):  0.00000e+00
Hylleraas MP2 Energies (total)  : -5.23354e-02
=======================================================
-------------------------------------------
Total Reg Energy  =-5.23354e-02
Total F12 Energy  = 0.00000e+00
Sum Energies Total=-5.23354e-02
-------------------------------------------
timer:                         Solve Amplitudes     0.00s     0.00s 
No optimization untill now: Compressing pno ranks with tighter threshold
1.00000e-10 instead of 1.00000e-08
pair11: density evals:
 [*]   0.00389831   0.04177779

pair22: density evals:
 [*]   0.00323561   0.08383822

timer:                            compress PNOs     0.00s     0.00s 
timer:                             MRA compress     0.00s     0.00s 
timer:                          Transform Pairs     0.34s     0.34s 
timer:                          PNO Compression     0.34s     0.34s 
Information About All Pairs:
mp2_pair11           number=0 rank=  2 frozen=false
mp2_pair21           number=1 rank=  0 frozen=true
mp2_pair22           number=2 rank=  2 frozen=false
number of pairs=3
average rank   =1 (1.33333e+00)
largest rank   =2
saving vector of functions mp2_pair11
saving vector of functions mp2_pair22
timer:                        save pnos on disc     0.09s     0.09s 
exiting: Found no_opt keyword
PNO ranks:
PNO Rank for pair pair11 = 2
PNO Rank for pair pair21 = 0
PNO Rank for pair pair22 = 2
average rank 1.33333e+00
timer:                               PNO::solve     7.72s     7.72s 

--------------------------------
ITERATE-PAIRS-INTERNAL-ENDED
--------------------------------
=======================================================

Final MP2 Energies

=======================================================
    i    j      singlet      triplet        Total
=======================================================
    1    1  -2.22048e-02  0.00000e+00 -2.22048e-02
    2    1   0.00000e+00  0.00000e+00  0.00000e+00
    2    2  -3.01306e-02  0.00000e+00 -3.01306e-02
=======================================================
Final MP2 Energies (singlet): -5.23354e-02
Final MP2 Energies (triplet):  0.00000e+00
Final MP2 Energies (total)  : -5.23354e-02
=======================================================
-------------------------------------------
Total Reg Energy  =-5.23354e-02
Total F12 Energy  = 0.00000e+00
Sum Energies Total=-5.23354e-02
-------------------------------------------
Average | Max Rank: 1 | 2
                 time pno = 5.67025e+01
               energy mp2 = -5.23354e-02
     average pno rank mp2 = 1
         max pno rank mp2 = 2
--------------------------------------------------
            energy(total) = -1.55470e+01
--------------------------------------------------



Orthonormalization technique used: symmetric
No CABS used.
Tightening thresholds to +0.00010000 for post-processing
Overlap Matrix of all PNOs:
+1.00001591 -0.48880765 
-0.48880765 +1.00001119 
Before cherry pick
rank is +0
all used occupation numbers:
[+0.08383822 +0.04177779 ]
corresponding to active pairs:
[(1,1) (0,0) ]
After cherry pick
all used occupation numbers:
[+0.08383822 +0.04177779 ]
corresponding to active pairs:
[(1,1) (0,0) ]
Overlap Matrix before symmetric
[+0,*]  +1.00001591  -0.48880765
[+1,*]  -0.48880765  +1.00001119
Overlap Matrix after symmetric
[+0,*]  +0.99999999  -0.00000001
[+1,*]  -0.00000001  +0.99999999
Adding 3 HF orbitals
Size before adding CABS: 5.
Size after adding CABS: 5.
Compute G and F Tensor:
Assemble g,f using symmetries...
non zero elements:
 g : +1185
 h : +25
Overlap over whole basis
[+0,*]  +1.00000000  +0.00000019  -0.00000093  +0.00003041  -0.00000716
[+1,*]  +0.00000019  +1.00000000  +0.00000015  +0.00000396  -0.00000102
[+2,*]  -0.00000093  +0.00000015  +1.00000000  +0.00000473  -0.00000086
[+3,*]  +0.00003041  +0.00000396  +0.00000473  +0.99999999  -0.00000001
[+4,*]  -0.00000716  -0.00000102  -0.00000086  -0.00000001  +0.99999999

||S-1||=+0.00004510
finished at time 163.9

    Parallel environment
    --------------------
                  #nodes    1
       #threads per node    11+main = 12
          #total threads    12

  RMI message statistics (min / avg / max)
  ----------------------
   #messages in server q    0.00e+00 / 0.00e+00 / 0.00e+00
 #messages sent per node    0.00e+00 / 0.00e+00 / 0.00e+00
    #bytes sent per node    0.00e+00 / 0.00e+00 / 0.00e+00
 #messages recv per node    0.00e+00 / 0.00e+00 / 0.00e+00
    #bytes recv per node    0.00e+00 / 0.00e+00 / 0.00e+00
        #msgs systemwide    0.00e+00
       #bytes systemwide    0.00e+00

  Thread pool statistics (min / avg / max)
  ----------------------
         #tasks per node    1.32e+07 / 1.32e+07 / 1.32e+07
     #max q len per node    1.05e+04 / 1.05e+04 / 1.05e+04
  #hi-pri tasks per node    4.39e+06 / 4.39e+06 / 4.39e+06

         Total wall time    163.9s
         Total  cpu time    163.9s

