MADNESS runtime initialized with 11 threads in the pool and affinity -1 -1 -1
starting at time 0.0

--------------------------------------------
   MADNESS 0.10.1 multiresolution suite
--------------------------------------------

   number of processors ... 1
    processor frequency ... 3.695782e+09
            host system ... Linux
          configured by ... kottmann
          configured on ... wittgenstein
          configured at ... 2021-02-10T21:25:26
                    CXX ... /usr/bin/c++
               CXXFLAGS ... -O3 -DNDEBUG -I/h/28/kottmann/install/numcpp/include/ -I/h/28/kottmann/install/boost/boost_1_72_0/include/ -std=c++1z
             tuning for ... default
                    MPI ... multiple
 multi-threaded runtime ... MADNESS ThreadPool
                   BLAS ... Intel MKL 4391 4391 MFLOP/s
               compiled ... 13:08:26  on  Feb 23 2021


-------------------------------------------------------------------------------------
SOLVING MRA-PNO-F12 as described in 
J.S. Kottmann, F.A. Bischoff, E.F. Valeev
Direct determination of optimal pair-natural orbitals in a real-space representation:
the second-order Møller-Plesset energy
Journal of Chemical Physics ... 2020
-------------------------------------------------------------------------------------


This script will run PNO-MP2 and print out tensors in binary
Call as: pno_integrals inputfileinput is input
ignoring unknown parameter in input file:  ncf

Angstrom being used to read input coordinates (1 Bohr = 1.88972613 Angstrom)


Asymptotic correction parameters
---------------------------------------
Atom vector is not empty: false
Using multipole approximation: false
Number of electrons = -1
Ionisation energy = 0.000000e+00
E(HOMO) = 0.000000e+00
R1 = 3.000000e+00
R2 = 4.000000e+00
DFT coefficient = 0.000000e+00
Interpolation scheme = linear
constructed symmetry operator for point group C1
dft
              charge  0.0000e+00 # defined   total molecular charge
                  xc  hf         # defined   XC input line
               smear  0.0000e+00 # default   smearing parameter
               econv  1.0000e-04 # defined   energy convergence
               dconv  5.0000e-04 # defined   density convergence
convergence_criteria  [bsh_residual, total_energy] # default   possible values are: bsh_residual, total_energy, each_energy, density
                   k  7          # defined   polynomial order
                   l  5.3402e+01 # derived   user coordinates box size
               deriv  abgv       # default   derivative method                            [abgv, bspline, ble]
           dft_deriv  abgv       # default   derivative method for gga potentials         [abgv, bspline, ble]
             maxrotn  2.5000e-01 # default   step restriction used in autoshift algorithm
             nvalpha  0          # default   number of alpha virtuals to compute
              nvbeta  0          # default   number of beta virtuals to compute
               nopen  0          # default   number of unpaired electrons = nalpha-nbeta
             maxiter  25         # default   maximum number of iterations
                 nio  1          # default   no. of io servers to use
     spin_restricted  true       # default   true if spin restricted
              plotlo  0          # default   range of MOs to print (for both spins if polarized
              plothi  -1         # default   range of MOs to print (for both spins if polarized
            plotdens  false      # default   If true print the density at convergence
            plotcoul  false      # default   If true plot the total coulomb potential at convergence
            localize  boys       # defined   localization method                          [pm, boys, new, canon]
          pointgroup  c1         # derived   use point (sub) group symmetry if not localized[c1, c2, ci, cs, c2v, c2h, d2, d2h]
             restart  false      # default   if true restart from orbitals on disk
           restartao  false      # default   if true restart from orbitals projected into AO basis (STO3G) on disk
          no_compute  false      # default   if true use orbitals on disk, set value to computed
           no_orient  false      # default   if true the molecule coordinates will not be reoriented
                save  true       # default   if true save orbitals to disk
              maxsub  10         # default   size of iterative subspace ... set to 0 or 1 to disable
        orbitalshift  0.0000e+00 # default   scf orbital shift: shift the occ orbitals to lower energies
            npt_plot  101        # default   no. of points to use in each dim for plots
           plot_cell  []         # default   lo hi in each dimension for plotting (default is all space)
             aobasis  6-31g      # derived   AO basis used for initial guess (6-31g or sto-3g)
           core_type  none       # default   core potential type                          [none, mpc]
         derivatives  false      # default   if true calculate nuclear derivatives
              dipole  false      # default   if true calculate dipole moment
      conv_only_dens  false      # default   if true remove bsh_residual from convergence criteria (deprecated)
            psp_calc  false      # default   pseudopotential calculation for all atoms
 print_dipole_matels  false      # default   if true output dipole matrix elements
            pcm_data  none       # default   do a PCM (solvent) calculation
             ac_data  none       # default   do a calculation with asymptotic correction (see ACParameters class in chem/AC.h for details)
             pure_ae  true       # default   pure all electron calculation with no pseudo-atoms
         print_level  3          # default   0: no output; 1: final energy; 2: iterations; 3: timings; 10: debug
              nalpha  3          # derived   number of alpha spin electrons
               nbeta  3          # derived   number of beta  spin electrons
           nmo_alpha  3          # derived   number of alpha spin molecular orbitals
            nmo_beta  3          # derived   number of beta spin molecular orbitals
                  lo  9.0905e-04 # derived   smallest length scale we need to resolve
            protocol  [1.0000e-04, 1.0000e-06] # derived   calculation protocol
                gopt  false      # default   geometry optimizer
                gtol  1.0000e-04 # default   geometry tolerance
               gtest  false      # default   geometry tolerance
                gval  1.0000e-05 # default   value precision
               gprec  1.0000e-04 # default   gradient precision
            gmaxiter  20         # default   optimization maxiter
    ginitial_hessian  false      # default   compute inital hessian for optimization
              algopt  bfgs       # default   algorithm used for optimization              [bfgs, cg]
            tdksprop  false      # default   time-dependent Kohn-Sham equation propagate
           nv_factor  1          # default   factor to multiply number of virtual orbitals with when automatically decreasing nvirt
           vnucextra  2          # default   load balance parameter for nuclear pot
        loadbalparts  2          # default   ??
            response  false      # default   response function calculation
       response_freq  0.0000e+00 # default   frequency for calculation response function
       response_axis  [1, 1, 1]  # default   response axis
           nonrotate  false      # default   if true do not molcule orient (redundant with no_orient
               rconv  1.0000e-06 # default   Response convergence
              efield  0.0000e+00 # default   eps for finite field
         efield_axis  0          # default   finite field axis                            [0, 1, 2]
              nwfile  none       # default   Base name of nwchem output files (.out and .movecs extensions) to read from
                 ncf  (none,1.0000e+00) # defined   nuclear correlation factor
             hessian  false      # default   compute the hessian matrix
           read_cphf  false      # default   read the converged orbital response for nuclear displacements from file
        restart_cphf  false      # default   read the guess orbital response for nuclear displacements from file
      purify_hessian  false      # default   symmetrize the hessian matrix based on atomic charges

end
              charge  0.0000e+00 # defined   total molecular charge
                  xc  hf         # defined   XC input line
               smear  0.0000e+00 # default   smearing parameter
               econv  1.0000e-04 # defined   energy convergence
               dconv  5.0000e-04 # defined   density convergence
convergence_criteria  [bsh_residual, total_energy] # default   possible values are: bsh_residual, total_energy, each_energy, density
                   k  7          # defined   polynomial order
                   l  5.3402e+01 # derived   user coordinates box size
               deriv  abgv       # default   derivative method                            [abgv, bspline, ble]
           dft_deriv  abgv       # default   derivative method for gga potentials         [abgv, bspline, ble]
             maxrotn  2.5000e-01 # default   step restriction used in autoshift algorithm
             nvalpha  0          # default   number of alpha virtuals to compute
              nvbeta  0          # default   number of beta virtuals to compute
               nopen  0          # default   number of unpaired electrons = nalpha-nbeta
             maxiter  25         # default   maximum number of iterations
                 nio  1          # default   no. of io servers to use
     spin_restricted  true       # default   true if spin restricted
              plotlo  0          # default   range of MOs to print (for both spins if polarized
              plothi  -1         # default   range of MOs to print (for both spins if polarized
            plotdens  false      # default   If true print the density at convergence
            plotcoul  false      # default   If true plot the total coulomb potential at convergence
            localize  boys       # defined   localization method                          [pm, boys, new, canon]
          pointgroup  c1         # derived   use point (sub) group symmetry if not localized[c1, c2, ci, cs, c2v, c2h, d2, d2h]
             restart  false      # default   if true restart from orbitals on disk
           restartao  false      # default   if true restart from orbitals projected into AO basis (STO3G) on disk
          no_compute  false      # default   if true use orbitals on disk, set value to computed
           no_orient  false      # default   if true the molecule coordinates will not be reoriented
                save  true       # default   if true save orbitals to disk
              maxsub  10         # default   size of iterative subspace ... set to 0 or 1 to disable
        orbitalshift  0.0000e+00 # default   scf orbital shift: shift the occ orbitals to lower energies
            npt_plot  101        # default   no. of points to use in each dim for plots
           plot_cell  []         # default   lo hi in each dimension for plotting (default is all space)
             aobasis  6-31g      # derived   AO basis used for initial guess (6-31g or sto-3g)
           core_type  none       # default   core potential type                          [none, mpc]
         derivatives  false      # default   if true calculate nuclear derivatives
              dipole  false      # default   if true calculate dipole moment
      conv_only_dens  false      # default   if true remove bsh_residual from convergence criteria (deprecated)
            psp_calc  false      # default   pseudopotential calculation for all atoms
 print_dipole_matels  false      # default   if true output dipole matrix elements
            pcm_data  none       # default   do a PCM (solvent) calculation
             ac_data  none       # default   do a calculation with asymptotic correction (see ACParameters class in chem/AC.h for details)
             pure_ae  true       # default   pure all electron calculation with no pseudo-atoms
         print_level  3          # default   0: no output; 1: final energy; 2: iterations; 3: timings; 10: debug
              nalpha  3          # derived   number of alpha spin electrons
               nbeta  3          # derived   number of beta  spin electrons
           nmo_alpha  3          # derived   number of alpha spin molecular orbitals
            nmo_beta  3          # derived   number of beta spin molecular orbitals
                  lo  9.0905e-04 # derived   smallest length scale we need to resolve
            protocol  [1.0000e-04, 1.0000e-06] # derived   calculation protocol
                gopt  false      # default   geometry optimizer
                gtol  1.0000e-04 # default   geometry tolerance
               gtest  false      # default   geometry tolerance
                gval  1.0000e-05 # default   value precision
               gprec  1.0000e-04 # default   gradient precision
            gmaxiter  20         # default   optimization maxiter
    ginitial_hessian  false      # default   compute inital hessian for optimization
              algopt  bfgs       # default   algorithm used for optimization              [bfgs, cg]
            tdksprop  false      # default   time-dependent Kohn-Sham equation propagate
           nv_factor  1          # default   factor to multiply number of virtual orbitals with when automatically decreasing nvirt
           vnucextra  2          # default   load balance parameter for nuclear pot
        loadbalparts  2          # default   ??
            response  false      # default   response function calculation
       response_freq  0.0000e+00 # default   frequency for calculation response function
       response_axis  [1, 1, 1]  # default   response axis
           nonrotate  false      # default   if true do not molcule orient (redundant with no_orient
               rconv  1.0000e-06 # default   Response convergence
              efield  0.0000e+00 # default   eps for finite field
         efield_axis  0          # default   finite field axis                            [0, 1, 2]
              nwfile  none       # default   Base name of nwchem output files (.out and .movecs extensions) to read from



 geometry
   eprec 1.0e-06
   units atomic
   Be            0.00000000           0.00000000           0.18897261
   H             0.00000000           0.00000000           2.64561659
   H             0.00000000           0.00000000          -3.40150704
 end

Solving NDIM= 3  with thresh 1.000000e-04     k 7    conv 5.000000e-04 

timer:     Project vnuclear     0.60s     0.60s
constructed nuclear correlation factor of the form
    R   =  1.000000e+00
with eprec  1.000000e-06
which means it's (nearly) a conventional calculation

timer:        reproject ncf     1.79s     1.79s
timer:        guess density     0.60s     0.60s
timer:   guess Coulomb potn     0.49s     0.49s
timer:       guess lda potn     0.24s     0.24s
timer:        guess overlap     0.03s     0.03s
timer:    KEmat reconstruct     0.05s     0.05s
timer:  KEmat differentiate     0.25s     0.25s
timer:       KEmat compress     0.09s     0.09s
timer: KEmat inner products     0.13s     0.13s
timer:     guess Kinet potn     0.53s     0.53s
timer:           guess fock     0.47s     0.47s
timer:      guess eigen sol     0.10s     0.10s
timer: guess orbital groupi     0.15s     0.15s

starting protocol at time      7.3s 
precision steps  1.000000e-04  -->  1.000000e-04
protocol: thresh 1.000000e-04 econv  1.000000e-04 dconv 5.000000e-04

ending protocol at time      7.3s 

Solving NDIM= 3  with thresh 1.000000e-04     k 7    conv 5.000000e-04 

timer:        Boys localize     1.03s     1.03s
orbital irreps []
timer:      reconstruct psi     0.14s     0.14s
timer:        compute Jnemo     0.69s     0.69s
timer:        compute Knemo     1.82s     1.82s
timer: compute Unemo 0.0151     0.23s     0.23s

  nuclear and kinetic     -26.01783375
         kinetic only      15.60023037
              coulomb      10.79553236
             exchange      -3.38492919
    nuclear-repulsion       2.90766272
   regularized energy     -15.69956786
  buggy if hybrid functionals are used..
timer:       compute energy     3.50s     3.50s
Norm of vector changes ab spin case : rms 4.262886e-02    max 5.501740e-02
convergence: bshresidual, energy change, max energy change, density change 4.6e-02 1.6e+01 1.6e+01 1.4e+00
finished iteration  0 at time     19.7s with energy  -15.69956786
timer:        Boys localize     1.08s     1.08s
orbital irreps []
timer:      reconstruct psi     0.16s     0.16s
timer:        compute Jnemo     0.63s     0.63s
timer:        compute Knemo     1.98s     1.98s
timer: compute Unemo 0.0147     0.21s     0.21s

  nuclear and kinetic     -26.01293480
         kinetic only      15.53291336
              coulomb      10.74951568
             exchange      -3.36600392
    nuclear-repulsion       2.90766272
   regularized energy     -15.72176032
  buggy if hybrid functionals are used..
timer:       compute energy     3.58s     3.58s
Norm of vector changes ab spin case : rms 1.758849e-02    max 2.338894e-02
convergence: bshresidual, energy change, max energy change, density change 1.3e-02 2.2e-02 6.7e-02 8.3e-03
finished iteration  1 at time     32.3s with energy  -15.72176032
timer:        Boys localize     0.97s     0.97s
orbital irreps []
timer:      reconstruct psi     0.20s     0.20s
timer:        compute Jnemo     0.70s     0.70s
timer:        compute Knemo     2.08s     2.08s
timer: compute Unemo 0.0146     0.18s     0.18s

  nuclear and kinetic     -26.01493257
         kinetic only      15.51603349
              coulomb      10.74216925
             exchange      -3.35887262
    nuclear-repulsion       2.90766272
   regularized energy     -15.72397322
  buggy if hybrid functionals are used..
timer:       compute energy     3.72s     3.72s
Norm of vector changes ab spin case : rms 2.679466e-03    max 3.556235e-03
convergence: bshresidual, energy change, max energy change, density change 1.8e-03 2.2e-03 1.7e-02 1.6e-03
finished iteration  2 at time     45.6s with energy  -15.72397322
timer:        Boys localize     0.95s     0.95s
orbital irreps []
timer:      reconstruct psi     0.12s     0.12s
timer:        compute Jnemo     0.67s     0.67s
timer:        compute Knemo     1.94s     1.94s
timer: compute Unemo 0.0146     0.21s     0.21s

  nuclear and kinetic     -26.01998922
         kinetic only      15.51415353
              coulomb      10.74601492
             exchange      -3.35773877
    nuclear-repulsion       2.90766272
   regularized energy     -15.72405036
  buggy if hybrid functionals are used..
timer:       compute energy     3.54s     3.54s
Norm of vector changes ab spin case : rms 1.112749e-03    max 1.407505e-03
convergence: bshresidual, energy change, max energy change, density change 6.3e-04 7.7e-05 5.1e-03 4.4e-04
finished iteration  3 at time     58.8s with energy  -15.72405036
timer:        Boys localize     1.02s     1.02s
orbital irreps []
timer:      reconstruct psi     0.14s     0.14s
timer:        compute Jnemo     0.73s     0.73s
timer:        compute Knemo     2.11s     2.11s
timer: compute Unemo 0.0146     0.19s     0.19s

  nuclear and kinetic     -26.02292257
         kinetic only      15.51397953
              coulomb      10.74876817
             exchange      -3.35756996
    nuclear-repulsion       2.90766272
   regularized energy     -15.72406164
  buggy if hybrid functionals are used..
timer:       compute energy     3.51s     3.51s
Norm of vector changes ab spin case : rms 4.085678e-04    max 5.698377e-04
convergence: bshresidual, energy change, max energy change, density change 2.8e-04 1.1e-05 2.9e-03 1.1e-04
finished iteration  4 at time     72.3s with energy  -15.72406164

Iterations converged


ending protocol at time     72.3s 

 Dipole Moment (a.u.)
 -----------

     x:  -1.029791e-14
     y:  -3.646044e-14
     z:  4.775742e-01
 Total Dipole Moment:  4.775742e-01 

timer:               dipole     0.07s     0.07s
Nemo Orbital Energies: [*]  -4.72757883  -0.50179422  -0.39089003

nemo energy:  -1.572406e+01
 at time 72.8
PNO Integrals evaluated as:
pnoint
       rank_increase  15         # default   maximum rank to increase in every macroiteration
               chunk  100        # default   chunk of functions operated on in parallel when G or K is applied (prevent memory shortage)
               debug  false      # default   debug mode
              freeze  1          # derived   frozen core approximation
             maxrank  4          # defined   maximal pno rank for all pairs
           guesstype  exop       # derived   the guesstype: exop (recommended, multiply polynomial excitation operators onto the occupied orbitals), empty (don't compute a guess), scf (use the ao basis from the SCF solver), partial_wave (create s,p,d ..., type functions and place on atoms), predefined (same as partial_wave but for predefined sets)
                exop  multipole  # derived   this string defines which excitation operators can be used, use 'dipole', 'dipole+', 'quadrupole', 'ocopole', or 'multipole', need to set guesstype to 'exop' which is the default
          exop_trigo  true       # default   use trigonometric excitation operators ( x --> sin(x)
        partial_wave             # default   atom centered partial wave guess of format like 'h-2s1p-o-3s2p1d', need to set guesstype to 'partial_wave' and adaptive_solver to 'none'
          predefined             # default   predefined partial wave guesses of type pvxz with x=d,t,q,5,6, need to set guesstype to 'predefined' and adaptive_solver to 'none'
           maxiter_t  100        # default   maximal number of iterations in the amplitude solver
       maxiter_micro  10         # default   Maximum of iterations for every cycle in the adaptive solver
       maxiter_macro  10         # default   Maximum of iterations of cycles in the adaptive solver
                tpno  1.0000e-08 # default   PNO cutoff threshold
          tpno_tight  1.0000e-10 # derived   PNO cutoff for the first iteration
    canonicalize_pno  true       # default   canonicalize the pnos before the amplitude solver
              thresh  1.0000e-04 # defined   MRA threshold
         econv_micro  1.0000e-04 # derived   Energy convergence for microiterations (Greens function based optimization) in adaptive solver
         econv_pairs  1.0000e-05 # derived   ENergy convergence for individual pairs in adaptive solver. Converged pairs are frozen automatically
         econv_macro  1.0000e-04 # derived   Energy convergence for macroiterations in adaptive solver, no effect if adaptive_solver is deactivated
               dconv  1.0000e-01 # default   convergence of every PNO in the Green's function solver
           op_thresh  1.0000e-06 # default   MRA operator thresh
             restart  none       # derived   restart pairs of this type, use 'mp2', 'cispd', 'all' or 'none'
          no_compute  none       # default   do not compute the pairs of this type, use 'mp2', 'cispd', 'all' or 'none'
              no_opt  none       # default   do not optimize the pnos of this type, use 'mp2', 'cispd', 'all' or 'none'
            no_guess  none       # derived   guess for this type will be empty, use 'mp2', 'cispd', 'all' or 'none'
     adaptive_solver  all        # default   Use adaptive solver for those pairs, use 'mp2', 'cispd', 'all' or 'none', works only in combination with guesstype 'exop'
                kain  true       # default   use KAIN solver in amplitude solver
       kain_subspace  5          # default   subspace size of the KAIN solver (amplitudes)
                 f12  false      # defined   use explicit correlation
        cispd_number  -1         # default   CIS(D) excitation numbers, to read in correct functions
        cispd_energy  0.0000e+00 # default   CIS energy
        freeze_pairs  none       # default   frozen pairs will not be optimized: Expected format 'a b c d' will freeze pairs ab and cd
freeze_pairs_of_orbital  []         # default    All pairs which originate from this orbital will not be optimized
active_pairs_of_orbital  []         # default    All pairs which originate from this orbital will not be frozen all other pairs will, if this vector is not empty
no_opt_in_first_iteration  false      # default   Do not optimize in the first iteration (then the potentials do not have to be evaluated, use this for large guesses)
            exchange  full       # default   approximate exchange with 'neglect' or xc functional -> same syntax as moldft
           save_pnos  true       # default   Save the OBS-PNOs to a file, before and after orthonormalization.
            diagonal  true       # defined   Compute only diagonal PNOs
              orthog  symmetric  # defined   orthogonalization method for PNO basis, also current default for a potential CABS. options: symmetric, canonical, cholesky, rr_cholesky,
         orthog_cabs  default    # default   orthogonalization method for CABS basis. options: symmetric, canonical, cholesky, rr_cholesky, uses same as orbitals basis if default.
               n_pno  4          # defined   desired size of PNO-basis (orbital space)
         cabs_option  none       # default   type of complementary auxiliary basis to be used. can be none ~ no CABS, gbs ~ Gaussian basis set as CABS, requires input via auxbas_file, pno ~ use superfluous PNOs as CABS, mixed ~ gbs&pno-option
       pno_cabs_size  -1         # default   size of a potential pno-cabs. defaults to -1 ~ all remaining PNOs, if pno-cabs or mixed-cabs
           only_diag  false      # default   use only diagonal elements PNOs
         cherry_pick  []         # default   cherry pick option to choose particular set of PNOs, not just blindly by occupation number. can be useful, if only a restricted number of PNOs can be used, to avoid separating degenerate pairs. can be envoked by passing a vector via [ elem1, elem2, ... ]
               gamma  1.4000e+00 # default   The f12 length scale, here to be used to compute f12-integrals
         cabs_thresh  1.0000e-04 # derived    thresh for cabs part
              auxbas  none       # default   atom centered partial wave guess of format like 'h-2s1p-o-3s2p1d'
         auxbas_file  none       # default   Use external comp. aux. basis in addition to the pnos as auxbasis. Give the filename as parameter. Give the auxbas in turbomole format. Don't use contractions. If a file is specified the auxbas parameter has no effect
   print_pno_overlap  true       # default   Print overlap matrix at certain steps in computation, for debugging purposes.
              n_virt  0          # defined   Compute this number of virtuals and include them in the integral construction, experimental and not robust!.
      hardcore_boson  false      # default   compute only integrals for hardcore boson hamiltonian (restricted to double occupations)

end
F12 Operators initialized right
timer:                    Testing F12 Operators     0.79s     0.79s 
timer:  Initializing (active) Exchange Orbitals     1.93s     1.93s 
Size of active mos and their exchange potentials:
K(acmos)=2.739549e-03 Gbyte
acmos   =2.402216e-03 Gbyte
PNO Parameters
pno
       rank_increase  15         # default   maximum rank to increase in every macroiteration
               chunk  100        # default   chunk of functions operated on in parallel when G or K is applied (prevent memory shortage)
               debug  false      # default   debug mode
              freeze  1          # derived   frozen core approximation
             maxrank  4          # defined   maximal pno rank for all pairs
           guesstype  exop       # derived   the guesstype: exop (recommended, multiply polynomial excitation operators onto the occupied orbitals), empty (don't compute a guess), scf (use the ao basis from the SCF solver), partial_wave (create s,p,d ..., type functions and place on atoms), predefined (same as partial_wave but for predefined sets)
                exop  multipole  # derived   this string defines which excitation operators can be used, use 'dipole', 'dipole+', 'quadrupole', 'ocopole', or 'multipole', need to set guesstype to 'exop' which is the default
          exop_trigo  true       # default   use trigonometric excitation operators ( x --> sin(x)
        partial_wave             # default   atom centered partial wave guess of format like 'h-2s1p-o-3s2p1d', need to set guesstype to 'partial_wave' and adaptive_solver to 'none'
          predefined             # default   predefined partial wave guesses of type pvxz with x=d,t,q,5,6, need to set guesstype to 'predefined' and adaptive_solver to 'none'
           maxiter_t  100        # default   maximal number of iterations in the amplitude solver
       maxiter_micro  10         # default   Maximum of iterations for every cycle in the adaptive solver
       maxiter_macro  10         # default   Maximum of iterations of cycles in the adaptive solver
                tpno  1.0000e-08 # default   PNO cutoff threshold
          tpno_tight  1.0000e-10 # derived   PNO cutoff for the first iteration
    canonicalize_pno  true       # default   canonicalize the pnos before the amplitude solver
              thresh  1.0000e-04 # defined   MRA threshold
         econv_micro  1.0000e-04 # derived   Energy convergence for microiterations (Greens function based optimization) in adaptive solver
         econv_pairs  1.0000e-05 # derived   ENergy convergence for individual pairs in adaptive solver. Converged pairs are frozen automatically
         econv_macro  1.0000e-04 # derived   Energy convergence for macroiterations in adaptive solver, no effect if adaptive_solver is deactivated
               dconv  1.0000e-01 # default   convergence of every PNO in the Green's function solver
           op_thresh  1.0000e-06 # default   MRA operator thresh
             restart  none       # derived   restart pairs of this type, use 'mp2', 'cispd', 'all' or 'none'
          no_compute  none       # default   do not compute the pairs of this type, use 'mp2', 'cispd', 'all' or 'none'
              no_opt  none       # default   do not optimize the pnos of this type, use 'mp2', 'cispd', 'all' or 'none'
            no_guess  none       # derived   guess for this type will be empty, use 'mp2', 'cispd', 'all' or 'none'
     adaptive_solver  all        # default   Use adaptive solver for those pairs, use 'mp2', 'cispd', 'all' or 'none', works only in combination with guesstype 'exop'
                kain  true       # default   use KAIN solver in amplitude solver
       kain_subspace  5          # default   subspace size of the KAIN solver (amplitudes)
                 f12  false      # defined   use explicit correlation
        cispd_number  -1         # default   CIS(D) excitation numbers, to read in correct functions
        cispd_energy  0.0000e+00 # default   CIS energy
        freeze_pairs  none       # default   frozen pairs will not be optimized: Expected format 'a b c d' will freeze pairs ab and cd
freeze_pairs_of_orbital  []         # default    All pairs which originate from this orbital will not be optimized
active_pairs_of_orbital  []         # default    All pairs which originate from this orbital will not be frozen all other pairs will, if this vector is not empty
no_opt_in_first_iteration  false      # default   Do not optimize in the first iteration (then the potentials do not have to be evaluated, use this for large guesses)
            exchange  full       # default   approximate exchange with 'neglect' or xc functional -> same syntax as moldft
           save_pnos  true       # default   Save the OBS-PNOs to a file, before and after orthonormalization.
            diagonal  true       # defined   Compute only diagonal PNOs

end

**********************
Solve PNO-MP2
*********************


**********************
Iterate Pairs
*********************


************************
Adaptive Solver
***********************

Initializing empty Pairs:
no guess was explicitly demanded for mp2

timer:                                     RRCD     0.00s     0.00s 
timer:                             MRA compress     0.00s     0.00s 
timer:                          Transform Pairs     0.00s     0.00s 
timer:          apply Q and orthonormalize PNOs     0.00s     0.00s 
Created Guess:
pair11 with 0 guess functions
pair21 with 0 guess functions
pair22 with 0 guess functions
guess pair11 size: 0.0000000000e+00 | 0.0000000000e+00 Gbyte (after truncation)
guess pair22 size: 0.0000000000e+00 | 0.0000000000e+00 Gbyte (after truncation)
timer:                           truncate guess     0.00s     0.00s 
timer:                         Initialize Pairs     0.00s     0.00s 
Keyword multipole is not known
Guess protocol for adaptively growing ranks is: [dipole+, quadrupole, big_fock_3, big_fock_3, big_fock_3, big_fock_3, big_fock_3, big_fock_3, big_fock_3, big_fock_3]


--------Adaptive Solver Macroiteration 0 from max 10 ----------

Growing ranks with exop=dipole+
Create guess functions by multiplying plane-waves to 1 functions 
Created 4 virtuals for pair11
pair21 is frozen: no growing
Create guess functions by multiplying plane-waves to 1 functions 
Created 4 virtuals for pair22
frozen pair: no orthonormalization
timer:                                     RRCD     0.05s     0.05s 
timer:                             MRA compress     0.00s     0.00s 
timer:                          Transform Pairs     0.09s     0.09s 
timer:                        grow PNO subspace     1.64s     1.64s 
SolveInternal: Parameters are assigned as
no_compute        = false
no_opt            = false
restart           = false
do_cispd          = false
econv             =1.0000000000e-04
maxrank (min,max) = (4,4)
Solving MP2 doubles
timer:          fock matrix     2.74s     2.74s
Information About All Pairs:
mp2_pair11           number=0 rank=  4 frozen=false
mp2_pair21           number=1 rank=  0 frozen=true
mp2_pair22           number=2 rank=  4 frozen=false
number of pairs=3
average rank   =2 (2.6666666667e+00)
largest rank   =4
PNOPairs Memory Information
Total: 0.0091590881 GB 
PNO  : 0.0091590881 GB 
KPNO : 0.0000000000 GB 
W    : 0.0000000000 GB 

timer:                                 truncate     0.04s     0.04s 
wall time=85.6917269230 chunk=8 allK.size()=8 memory=0.0090773106 GB
timer:                             compute KPNO     3.75s     3.75s 
wall time=85.8416168690 chunk=8 allJ.size()=8 memory=0.0101404190 GB
timer:                             compute JPNO     0.15s     0.15s 
timer:                    compute Fock matrices     1.38s     1.38s 
timer:                             MRA compress     0.00s     0.00s 
timer:                          Transform Pairs     0.22s     0.22s 
timer:                             Canonicalize     0.22s     0.22s 
PNOPairs Memory Information
Total: 0.0182363987 GB 
PNO  : 0.0090773106 GB 
KPNO : 0.0091590881 GB 
W    : 0.0000000000 GB 

timer:                                 truncate     0.06s     0.06s 
mp2_pair21 is frozen: potential not computed
timer:                   Fluctuation Potentials     2.07s     2.07s 
timer:                       Fluctuation Matrix     0.21s     0.21s 
PNOPairs Memory Information
Total: 0.0324656963 GB 
PNO  : 0.0090773106 GB 
KPNO : 0.0091590881 GB 
W    : 0.0142292976 GB 

PNOPairs Memory Information
Total: 0.0324656963 GB 
PNO  : 0.0090773106 GB 
KPNO : 0.0091590881 GB 
W    : 0.0142292976 GB 

timer:                                 truncate     0.04s     0.04s 
timer:                             PNO Overlaps     0.07s     0.07s 
t_iter =  0  Hylleraas energy =  0.0000000000  ||R||_F =  0.1890936449  conv =  no
subspace solution [*]   1.00000000

t_iter =  1  Hylleraas energy =  -0.0265168838  ||R||_F =  0.0000000342  conv =  yes
=======================================================

Hylleraas MP2 Energies

=======================================================
    i    j      singlet      triplet        Total
=======================================================
    1    1  -1.29274e-02  0.00000e+00 -1.29274e-02
    2    1   0.00000e+00  0.00000e+00  0.00000e+00
    2    2  -1.35895e-02  0.00000e+00 -1.35895e-02
=======================================================
Hylleraas MP2 Energies (singlet): -2.65169e-02
Hylleraas MP2 Energies (triplet):  0.00000e+00
Hylleraas MP2 Energies (total)  : -2.65169e-02
=======================================================
-------------------------------------------
Total Reg Energy  =-2.65169e-02
Total F12 Energy  = 0.00000e+00
Sum Energies Total=-2.65169e-02
-------------------------------------------
timer:                         Solve Amplitudes     0.00s     0.00s 
No optimization untill now: Compressing pno ranks with tighter threshold
1.00000e-10 instead of 1.00000e-08
pair11: density evals:
 [*]   0.00349908   0.00418847   0.00418847   0.00490602

pair22: density evals:
 [*]   0.00339449   0.00406099   0.00406099   0.01196701

timer:                            compress PNOs     0.00s     0.00s 
timer:                             MRA compress     0.00s     0.00s 
timer:                          Transform Pairs     0.50s     0.50s 
timer:                          PNO Compression     0.50s     0.50s 
Information About All Pairs:
mp2_pair11           number=0 rank=  4 frozen=false
mp2_pair21           number=1 rank=  0 frozen=true
mp2_pair22           number=2 rank=  4 frozen=false
number of pairs=3
average rank   =2 (2.66667e+00)
largest rank   =4
saving vector of functions mp2_pair11
saving vector of functions mp2_pair22
timer:                        save pnos on disc     0.16s     0.16s 
PNOPairs Memory Information
Total: 0.03230 GB 
PNO  : 0.00932 GB 
KPNO : 0.00908 GB 
W    : 0.01390 GB 

timer:                                 truncate     0.07s     0.07s 
timer:      compute densities for G application     0.00s     0.00s 
pair21 is frozen: no optimization
timer:                Prepare for G application     0.48s     0.48s 
timer:                                    add K     0.03s     0.03s 
size of all Vpsi potentials (without Vnuc and J) 0.01071 GB 
time=91.90592 chunk=8 Vpsi+Vnuc+J=0.03173 GB
time=91.95007 chunk=8 Vpsi+Vnuc+J=0.03173 GB (after truncation)
timer:                           Apply G to all     2.98s     2.98s 
timer:                       apply Q and update     0.00s     0.00s 
mp2_pair11 residual norms:
[0.43025, 0.36679, 0.36679, 0.44130]
mp2_pair11 scaled residual norms:
[0.02545, 0.02374, 0.02374, 0.03091]
mp2_pair22 residual norms:
[0.44302, 0.36897, 0.36897, 0.39463]
mp2_pair22 scaled residual norms:
[0.02581, 0.02351, 0.02351, 0.04317]
timer:                          update all PNOs     3.50s     3.50s 
frozen pair: no orthonormalization
timer:                                     RRCD     0.04s     0.04s 
timer:                             MRA compress     0.00s     0.00s 
timer:                          Transform Pairs     0.15s     0.15s 
saving vector of functions mp2_pair11
saving vector of functions mp2_pair22
timer:                        save pnos on disc     0.18s     0.18s 


No convergence yet. Energy change = 0.02652

timer:                        Whole Iteration 1    12.68s    12.68s 
Information About All Pairs:
mp2_pair11           number=0 rank=  4 frozen=false
mp2_pair21           number=1 rank=  0 frozen=true
mp2_pair22           number=2 rank=  4 frozen=false
number of pairs=3
average rank   =2 (2.66667)
largest rank   =4
PNOPairs Memory Information
Total: 0.00957 GB 
PNO  : 0.00957 GB 
KPNO : 0.00000 GB 
W    : 0.00000 GB 

timer:                                 truncate     0.06s     0.06s 
wall time=98.65577 chunk=8 allK.size()=8 memory=0.00900 GB
timer:                             compute KPNO     4.02s     4.02s 
wall time=98.77742 chunk=8 allJ.size()=8 memory=0.01039 GB
timer:                             compute JPNO     0.12s     0.12s 
timer:                    compute Fock matrices     1.24s     1.24s 
timer:                             MRA compress     0.00s     0.00s 
timer:                          Transform Pairs     0.24s     0.24s 
timer:                             Canonicalize     0.25s     0.25s 
PNOPairs Memory Information
Total: 0.01856 GB 
PNO  : 0.00957 GB 
KPNO : 0.00900 GB 
W    : 0.00000 GB 

timer:                                 truncate     0.04s     0.04s 
mp2_pair21 is frozen: potential not computed
timer:                   Fluctuation Potentials     2.07s     2.07s 
timer:                       Fluctuation Matrix     0.14s     0.14s 
PNOPairs Memory Information
Total: 0.03279 GB 
PNO  : 0.00957 GB 
KPNO : 0.00900 GB 
W    : 0.01423 GB 

PNOPairs Memory Information
Total: 0.03279 GB 
PNO  : 0.00957 GB 
KPNO : 0.00900 GB 
W    : 0.01423 GB 

timer:                                 truncate     0.04s     0.04s 
timer:                             PNO Overlaps     0.12s     0.12s 
t_iter =  0  Hylleraas energy =  0.00000  ||R||_F =  0.28279  conv =  no
subspace solution [*]   1.00000000

t_iter =  1  Hylleraas energy =  -0.04577  ||R||_F =  0.00000  conv =  yes
=======================================================

Hylleraas MP2 Energies

=======================================================
    i    j      singlet      triplet        Total
=======================================================
    1    1  -2.24960e-02  0.00000e+00 -2.24960e-02
    2    1   0.00000e+00  0.00000e+00  0.00000e+00
    2    2  -2.32716e-02  0.00000e+00 -2.32716e-02
=======================================================
Hylleraas MP2 Energies (singlet): -4.57676e-02
Hylleraas MP2 Energies (triplet):  0.00000e+00
Hylleraas MP2 Energies (total)  : -4.57676e-02
=======================================================
-------------------------------------------
Total Reg Energy  =-4.57676e-02
Total F12 Energy  = 0.00000e+00
Sum Energies Total=-4.57676e-02
-------------------------------------------
timer:                         Solve Amplitudes     0.00s     0.00s 
pair11: density evals:
 [*]   0.00444085   0.00505017   0.00505017   0.00763175

pair22: density evals:
 [*]   0.00434242   0.00476926   0.00476926   0.01826977

timer:                            compress PNOs     0.00s     0.00s 
timer:                             MRA compress     0.00s     0.00s 
timer:                          Transform Pairs     0.48s     0.48s 
timer:                          PNO Compression     0.48s     0.48s 
Information About All Pairs:
mp2_pair11           number=0 rank=  4 frozen=false
mp2_pair21           number=1 rank=  0 frozen=true
mp2_pair22           number=2 rank=  4 frozen=false
number of pairs=3
average rank   =2 (2.66667e+00)
largest rank   =4
saving vector of functions mp2_pair11
saving vector of functions mp2_pair22
timer:                        save pnos on disc     0.18s     0.18s 
PNOPairs Memory Information
Total: 0.03263 GB 
PNO  : 0.00940 GB 
KPNO : 0.00900 GB 
W    : 0.01423 GB 

timer:                                 truncate     0.04s     0.04s 
timer:      compute densities for G application     0.00s     0.00s 
pair21 is frozen: no optimization
timer:                Prepare for G application     0.63s     0.63s 
timer:                                    add K     0.03s     0.03s 
size of all Vpsi potentials (without Vnuc and J) 0.01218 GB 
time=104.78853 chunk=8 Vpsi+Vnuc+J=0.03140 GB
time=104.83430 chunk=8 Vpsi+Vnuc+J=0.03050 GB (after truncation)
timer:                           Apply G to all     2.85s     2.85s 
timer:                       apply Q and update     0.00s     0.00s 
mp2_pair11 residual norms:
[0.10891, 0.09764, 0.09764, 0.12784]
mp2_pair11 scaled residual norms:
[0.00726, 0.00694, 0.00694, 0.01117]
mp2_pair22 residual norms:
[0.11072, 0.09244, 0.09244, 0.10239]
mp2_pair22 scaled residual norms:
[0.00730, 0.00638, 0.00638, 0.01384]
timer:                          update all PNOs     3.52s     3.52s 
frozen pair: no orthonormalization
timer:                                     RRCD     0.03s     0.03s 
timer:                             MRA compress     0.00s     0.00s 
timer:                          Transform Pairs     0.12s     0.12s 
saving vector of functions mp2_pair11
saving vector of functions mp2_pair22
timer:                        save pnos on disc     0.15s     0.15s 


No convergence yet. Energy change = 0.01925

timer:                        Whole Iteration 2    12.72s    12.72s 
Information About All Pairs:
mp2_pair11           number=0 rank=  4 frozen=false
mp2_pair21           number=1 rank=  0 frozen=true
mp2_pair22           number=2 rank=  4 frozen=false
number of pairs=3
average rank   =2 (2.66667)
largest rank   =4
PNOPairs Memory Information
Total: 0.00940 GB 
PNO  : 0.00940 GB 
KPNO : 0.00000 GB 
W    : 0.00000 GB 

timer:                                 truncate     0.02s     0.02s 
wall time=111.22777 chunk=8 allK.size()=8 memory=0.00924 GB
timer:                             compute KPNO     3.91s     3.91s 
wall time=111.37340 chunk=8 allJ.size()=8 memory=0.01071 GB
timer:                             compute JPNO     0.15s     0.15s 
timer:                    compute Fock matrices     1.43s     1.43s 
timer:                             MRA compress     0.00s     0.00s 
timer:                          Transform Pairs     0.30s     0.30s 
timer:                             Canonicalize     0.30s     0.30s 
PNOPairs Memory Information
Total: 0.01832 GB 
PNO  : 0.00924 GB 
KPNO : 0.00908 GB 
W    : 0.00000 GB 

timer:                                 truncate     0.03s     0.03s 
mp2_pair21 is frozen: potential not computed
timer:                   Fluctuation Potentials     2.11s     2.11s 
timer:                       Fluctuation Matrix     0.15s     0.15s 
PNOPairs Memory Information
Total: 0.03255 GB 
PNO  : 0.00924 GB 
KPNO : 0.00908 GB 
W    : 0.01423 GB 

PNOPairs Memory Information
Total: 0.03255 GB 
PNO  : 0.00924 GB 
KPNO : 0.00908 GB 
W    : 0.01423 GB 

timer:                                 truncate     0.04s     0.04s 
timer:                             PNO Overlaps     0.08s     0.08s 
t_iter =  0  Hylleraas energy =  0.00000  ||R||_F =  0.30387  conv =  no
subspace solution [*]   1.00000000

t_iter =  1  Hylleraas energy =  -0.04798  ||R||_F =  0.00000  conv =  yes
=======================================================

Hylleraas MP2 Energies

=======================================================
    i    j      singlet      triplet        Total
=======================================================
    1    1  -2.36468e-02  0.00000e+00 -2.36468e-02
    2    1   0.00000e+00  0.00000e+00  0.00000e+00
    2    2  -2.43310e-02  0.00000e+00 -2.43310e-02
=======================================================
Hylleraas MP2 Energies (singlet): -4.79777e-02
Hylleraas MP2 Energies (triplet):  0.00000e+00
Hylleraas MP2 Energies (total)  : -4.79777e-02
=======================================================
-------------------------------------------
Total Reg Energy  =-4.79777e-02
Total F12 Energy  = 0.00000e+00
Sum Energies Total=-4.79777e-02
-------------------------------------------
timer:                         Solve Amplitudes     0.00s     0.00s 
pair11: density evals:
 [*]   0.00417143   0.00480855   0.00480855   0.00727512

pair22: density evals:
 [*]   0.00405889   0.00451746   0.00451746   0.01776877

timer:                            compress PNOs     0.00s     0.00s 
timer:                             MRA compress     0.00s     0.00s 
timer:                          Transform Pairs     0.39s     0.39s 
timer:                          PNO Compression     0.39s     0.39s 
Information About All Pairs:
mp2_pair11           number=0 rank=  4 frozen=false
mp2_pair21           number=1 rank=  0 frozen=true
mp2_pair22           number=2 rank=  4 frozen=false
number of pairs=3
average rank   =2 (2.66667e+00)
largest rank   =4
saving vector of functions mp2_pair11
saving vector of functions mp2_pair22
timer:                        save pnos on disc     0.18s     0.18s 
PNOPairs Memory Information
Total: 0.03263 GB 
PNO  : 0.00916 GB 
KPNO : 0.00908 GB 
W    : 0.01439 GB 

timer:                                 truncate     0.05s     0.05s 
timer:      compute densities for G application     0.00s     0.00s 
pair21 is frozen: no optimization
timer:                Prepare for G application     0.58s     0.58s 
timer:                                    add K     0.03s     0.03s 
size of all Vpsi potentials (without Vnuc and J) 0.01259 GB 
time=117.53994 chunk=8 Vpsi+Vnuc+J=0.03214 GB
time=117.60271 chunk=8 Vpsi+Vnuc+J=0.03116 GB (after truncation)
timer:                           Apply G to all     3.18s     3.18s 
timer:                       apply Q and update     0.00s     0.00s 
mp2_pair11 residual norms:
[0.03774, 0.03335, 0.03335, 0.04953]
mp2_pair11 scaled residual norms:
[0.00244, 0.00231, 0.00231, 0.00422]
mp2_pair22 residual norms:
[0.03942, 0.03171, 0.03171, 0.03708]
mp2_pair22 scaled residual norms:
[0.00251, 0.00213, 0.00213, 0.00494]
timer:                          update all PNOs     3.78s     3.79s 
frozen pair: no orthonormalization
timer:                                     RRCD     0.04s     0.04s 
timer:                             MRA compress     0.00s     0.00s 
timer:                          Transform Pairs     0.10s     0.10s 
saving vector of functions mp2_pair11
saving vector of functions mp2_pair22
timer:                        save pnos on disc     0.18s     0.18s 


No convergence yet. Energy change = 0.00221

timer:                        Whole Iteration 3    12.99s    12.99s 
Information About All Pairs:
mp2_pair11           number=0 rank=  4 frozen=false
mp2_pair21           number=1 rank=  0 frozen=true
mp2_pair22           number=2 rank=  4 frozen=false
number of pairs=3
average rank   =2 (2.66667)
largest rank   =4
PNOPairs Memory Information
Total: 0.00965 GB 
PNO  : 0.00965 GB 
KPNO : 0.00000 GB 
W    : 0.00000 GB 

timer:                                 truncate     0.01s     0.01s 
wall time=124.34750 chunk=8 allK.size()=8 memory=0.00924 GB
timer:                             compute KPNO     4.06s     4.06s 
wall time=124.47809 chunk=8 allJ.size()=8 memory=0.01088 GB
timer:                             compute JPNO     0.13s     0.13s 
timer:                    compute Fock matrices     1.48s     1.48s 
timer:                             MRA compress     0.00s     0.00s 
timer:                          Transform Pairs     0.19s     0.19s 
timer:                             Canonicalize     0.19s     0.19s 
PNOPairs Memory Information
Total: 0.01865 GB 
PNO  : 0.00949 GB 
KPNO : 0.00916 GB 
W    : 0.00000 GB 

timer:                                 truncate     0.08s     0.08s 
mp2_pair21 is frozen: potential not computed
timer:                   Fluctuation Potentials     2.18s     2.18s 
timer:                       Fluctuation Matrix     0.14s     0.14s 
PNOPairs Memory Information
Total: 0.03304 GB 
PNO  : 0.00949 GB 
KPNO : 0.00916 GB 
W    : 0.01439 GB 

PNOPairs Memory Information
Total: 0.03304 GB 
PNO  : 0.00949 GB 
KPNO : 0.00916 GB 
W    : 0.01439 GB 

timer:                                 truncate     0.04s     0.04s 
timer:                             PNO Overlaps     0.08s     0.08s 
t_iter =  0  Hylleraas energy =  0.00000  ||R||_F =  0.31065  conv =  no
subspace solution [*]   1.00000000

t_iter =  1  Hylleraas energy =  -0.04829  ||R||_F =  0.00000  conv =  yes
=======================================================

Hylleraas MP2 Energies

=======================================================
    i    j      singlet      triplet        Total
=======================================================
    1    1  -2.38108e-02  0.00000e+00 -2.38108e-02
    2    1   0.00000e+00  0.00000e+00  0.00000e+00
    2    2  -2.44775e-02  0.00000e+00 -2.44775e-02
=======================================================
Hylleraas MP2 Energies (singlet): -4.82883e-02
Hylleraas MP2 Energies (triplet):  0.00000e+00
Hylleraas MP2 Energies (total)  : -4.82883e-02
=======================================================
-------------------------------------------
Total Reg Energy  =-4.82883e-02
Total F12 Energy  = 0.00000e+00
Sum Energies Total=-4.82883e-02
-------------------------------------------
timer:                         Solve Amplitudes     0.00s     0.00s 
pair11: density evals:
 [*]   0.00403129   0.00467828   0.00467828   0.00700257

pair22: density evals:
 [*]   0.00391836   0.00439151   0.00439151   0.01732800

timer:                            compress PNOs     0.00s     0.00s 
timer:                             MRA compress     0.00s     0.00s 
timer:                          Transform Pairs     0.47s     0.47s 
timer:                          PNO Compression     0.48s     0.48s 
Information About All Pairs:
mp2_pair11           number=0 rank=  4 frozen=false
mp2_pair21           number=1 rank=  0 frozen=true
mp2_pair22           number=2 rank=  4 frozen=false
number of pairs=3
average rank   =2 (2.66667e+00)
largest rank   =4
saving vector of functions mp2_pair11
saving vector of functions mp2_pair22
timer:                        save pnos on disc     0.18s     0.18s 
PNOPairs Memory Information
Total: 0.03271 GB 
PNO  : 0.00949 GB 
KPNO : 0.00916 GB 
W    : 0.01407 GB 

timer:                                 truncate     0.05s     0.05s 
timer:      compute densities for G application     0.00s     0.00s 
pair21 is frozen: no optimization
timer:                Prepare for G application     0.41s     0.41s 
timer:                                    add K     0.03s     0.03s 
size of all Vpsi potentials (without Vnuc and J) 0.01268 GB 
time=130.60198 chunk=8 Vpsi+Vnuc+J=0.03214 GB
time=130.69037 chunk=8 Vpsi+Vnuc+J=0.03116 GB (after truncation)
timer:                           Apply G to all     3.14s     3.14s 
timer:                       apply Q and update     0.00s     0.00s 
mp2_pair11 residual norms:
[0.01374, 0.01206, 0.01206, 0.02039]
mp2_pair11 scaled residual norms:
[0.00087, 0.00082, 0.00082, 0.00171]
mp2_pair22 residual norms:
[0.01583, 0.01239, 0.01239, 0.01424]
mp2_pair22 scaled residual norms:
[0.00099, 0.00082, 0.00082, 0.00187]
timer:                          update all PNOs     3.60s     3.60s 
frozen pair: no orthonormalization
timer:                                     RRCD     0.05s     0.05s 
timer:                             MRA compress     0.00s     0.00s 
timer:                          Transform Pairs     0.13s     0.13s 
saving vector of functions mp2_pair11
saving vector of functions mp2_pair22
timer:                        save pnos on disc     0.18s     0.18s 


No convergence yet. Energy change = 0.00031

timer:                        Whole Iteration 4    13.08s    13.09s 
Information About All Pairs:
mp2_pair11           number=0 rank=  4 frozen=false
mp2_pair21           number=1 rank=  0 frozen=true
mp2_pair22           number=2 rank=  4 frozen=false
number of pairs=3
average rank   =2 (2.66667)
largest rank   =4
PNOPairs Memory Information
Total: 0.00965 GB 
PNO  : 0.00965 GB 
KPNO : 0.00000 GB 
W    : 0.00000 GB 

timer:                                 truncate     0.06s     0.06s 
wall time=137.59185 chunk=8 allK.size()=8 memory=0.00924 GB
timer:                             compute KPNO     4.17s     4.17s 
wall time=137.71756 chunk=8 allJ.size()=8 memory=0.01088 GB
timer:                             compute JPNO     0.13s     0.13s 
timer:                    compute Fock matrices     1.47s     1.47s 
timer:                             MRA compress     0.00s     0.00s 
timer:                          Transform Pairs     0.32s     0.32s 
timer:                             Canonicalize     0.32s     0.32s 
PNOPairs Memory Information
Total: 0.01856 GB 
PNO  : 0.00949 GB 
KPNO : 0.00908 GB 
W    : 0.00000 GB 

timer:                                 truncate     0.06s     0.06s 
mp2_pair21 is frozen: potential not computed
timer:                   Fluctuation Potentials     1.98s     1.98s 
timer:                       Fluctuation Matrix     0.17s     0.17s 
PNOPairs Memory Information
Total: 0.03296 GB 
PNO  : 0.00949 GB 
KPNO : 0.00908 GB 
W    : 0.01439 GB 

PNOPairs Memory Information
Total: 0.03296 GB 
PNO  : 0.00949 GB 
KPNO : 0.00908 GB 
W    : 0.01439 GB 

timer:                                 truncate     0.05s     0.05s 
timer:                             PNO Overlaps     0.08s     0.08s 
t_iter =  0  Hylleraas energy =  0.00000  ||R||_F =  0.31313  conv =  no
subspace solution [*]   1.00000000

t_iter =  1  Hylleraas energy =  -0.04834  ||R||_F =  0.00000  conv =  yes
=======================================================

Hylleraas MP2 Energies

=======================================================
    i    j      singlet      triplet        Total
=======================================================
    1    1  -2.38360e-02  0.00000e+00 -2.38360e-02
    2    1   0.00000e+00  0.00000e+00  0.00000e+00
    2    2  -2.44999e-02  0.00000e+00 -2.44999e-02
=======================================================
Hylleraas MP2 Energies (singlet): -4.83360e-02
Hylleraas MP2 Energies (triplet):  0.00000e+00
Hylleraas MP2 Energies (total)  : -4.83360e-02
=======================================================
-------------------------------------------
Total Reg Energy  =-4.83360e-02
Total F12 Energy  = 0.00000e+00
Sum Energies Total=-4.83360e-02
-------------------------------------------
timer:                         Solve Amplitudes     0.00s     0.00s 
pair11: density evals:
 [*]   0.00397439   0.00462424   0.00462424   0.00687320

pair22: density evals:
 [*]   0.00385956   0.00433792   0.00433792   0.01712538

timer:                            compress PNOs     0.00s     0.00s 
timer:                             MRA compress     0.00s     0.00s 
timer:                          Transform Pairs     0.42s     0.42s 
timer:                          PNO Compression     0.42s     0.42s 
Information About All Pairs:
mp2_pair11           number=0 rank=  4 frozen=false
mp2_pair21           number=1 rank=  0 frozen=true
mp2_pair22           number=2 rank=  4 frozen=false
number of pairs=3
average rank   =2 (2.66667e+00)
largest rank   =4
saving vector of functions mp2_pair11
saving vector of functions mp2_pair22
timer:                        save pnos on disc     0.16s     0.16s 
PNOPairs Memory Information
Total: 0.03287 GB 
PNO  : 0.00949 GB 
KPNO : 0.00916 GB 
W    : 0.01423 GB 

timer:                                 truncate     0.04s     0.04s 
timer:      compute densities for G application     0.00s     0.00s 
pair21 is frozen: no optimization
timer:                Prepare for G application     0.45s     0.45s 
timer:                                    add K     0.04s     0.04s 
size of all Vpsi potentials (without Vnuc and J) 0.01268 GB 
time=143.83317 chunk=8 Vpsi+Vnuc+J=0.03230 GB
time=143.89168 chunk=8 Vpsi+Vnuc+J=0.03132 GB (after truncation)
timer:                           Apply G to all     3.16s     3.16s 
timer:                       apply Q and update     0.00s     0.00s 
mp2_pair11 residual norms:
[0.00515, 0.00452, 0.00452, 0.00849]
mp2_pair11 scaled residual norms:
[0.00032, 0.00031, 0.00031, 0.00070]
mp2_pair22 residual norms:
[0.00689, 0.00541, 0.00541, 0.00557]
mp2_pair22 scaled residual norms:
[0.00043, 0.00036, 0.00036, 0.00073]
timer:                          update all PNOs     3.66s     3.66s 
frozen pair: no orthonormalization
timer:                                     RRCD     0.03s     0.03s 
timer:                             MRA compress     0.00s     0.00s 
timer:                          Transform Pairs     0.09s     0.09s 
saving vector of functions mp2_pair11
saving vector of functions mp2_pair22
timer:                        save pnos on disc     0.18s     0.18s 


CONVERGED!
energy change = 0.00005

re-entering loop to compute the correct amplitudes and energies
timer:                        Whole Iteration 5    13.19s    13.19s 
Information About All Pairs:
mp2_pair11           number=0 rank=  4 frozen=false
mp2_pair21           number=1 rank=  0 frozen=true
mp2_pair22           number=2 rank=  4 frozen=false
number of pairs=3
average rank   =2 (2.66667)
largest rank   =4
PNOPairs Memory Information
Total: 0.00973 GB 
PNO  : 0.00973 GB 
KPNO : 0.00000 GB 
W    : 0.00000 GB 

timer:                                 truncate     0.04s     0.04s 
wall time=150.91791 chunk=8 allK.size()=8 memory=0.00924 GB
timer:                             compute KPNO     4.33s     4.33s 
wall time=151.08960 chunk=8 allJ.size()=8 memory=0.01088 GB
timer:                             compute JPNO     0.17s     0.17s 
timer:                    compute Fock matrices     1.39s     1.39s 
timer:                             MRA compress     0.00s     0.00s 
timer:                          Transform Pairs     0.26s     0.26s 
timer:                             Canonicalize     0.26s     0.26s 
PNOPairs Memory Information
Total: 0.01856 GB 
PNO  : 0.00949 GB 
KPNO : 0.00908 GB 
W    : 0.00000 GB 

timer:                                 truncate     0.03s     0.03s 
mp2_pair21 is frozen: potential not computed
timer:                   Fluctuation Potentials     2.04s     2.04s 
timer:                       Fluctuation Matrix     0.20s     0.20s 
PNOPairs Memory Information
Total: 0.03296 GB 
PNO  : 0.00949 GB 
KPNO : 0.00908 GB 
W    : 0.01439 GB 

PNOPairs Memory Information
Total: 0.03296 GB 
PNO  : 0.00949 GB 
KPNO : 0.00908 GB 
W    : 0.01439 GB 

timer:                                 truncate     0.04s     0.04s 
timer:                             PNO Overlaps     0.11s     0.11s 
t_iter =  0  Hylleraas energy =  0.00000  ||R||_F =  0.31410  conv =  no
subspace solution [*]   1.00000000

t_iter =  1  Hylleraas energy =  -0.04834  ||R||_F =  0.00000  conv =  yes
=======================================================

Hylleraas MP2 Energies

=======================================================
    i    j      singlet      triplet        Total
=======================================================
    1    1  -2.38401e-02  0.00000e+00 -2.38401e-02
    2    1   0.00000e+00  0.00000e+00  0.00000e+00
    2    2  -2.45032e-02  0.00000e+00 -2.45032e-02
=======================================================
Hylleraas MP2 Energies (singlet): -4.83433e-02
Hylleraas MP2 Energies (triplet):  0.00000e+00
Hylleraas MP2 Energies (total)  : -4.83433e-02
=======================================================
-------------------------------------------
Total Reg Energy  =-4.83433e-02
Total F12 Energy  = 0.00000e+00
Sum Energies Total=-4.83433e-02
-------------------------------------------
timer:                         Solve Amplitudes     0.00s     0.00s 
pair11: density evals:
 [*]   0.00395225   0.00460267   0.00460267   0.00681682

pair22: density evals:
 [*]   0.00383522   0.00431475   0.00431475   0.01704077

timer:                            compress PNOs     0.00s     0.00s 
timer:                             MRA compress     0.00s     0.00s 
timer:                          Transform Pairs     0.42s     0.42s 
timer:                          PNO Compression     0.42s     0.42s 
Information About All Pairs:
mp2_pair11           number=0 rank=  4 frozen=false
mp2_pair21           number=1 rank=  0 frozen=true
mp2_pair22           number=2 rank=  4 frozen=false
number of pairs=3
average rank   =2 (2.66667e+00)
largest rank   =4
saving vector of functions mp2_pair11
saving vector of functions mp2_pair22
timer:                        save pnos on disc     0.15s     0.15s 
exiting: Iterations converged
PNO ranks:
PNO Rank for pair pair11 = 4
PNO Rank for pair pair21 = 0
PNO Rank for pair pair22 = 4
average rank 2.66667e+00
timer:                               PNO::solve    76.66s    76.66s 

--------------------------------
ITERATE-PAIRS-INTERNAL-ENDED
--------------------------------
mp2_pair21 converged!


Adaptive Sovler:
 Current Energy=-4.8343302049e-02
 DeltaE        =-4.8343302049e-02
 max dE (pair) =-2.4503223311e-02 (2)
 all_pairs_conv=false




not converged yet

freeze pair mp2_pair21 (not further optimized: Energy below 1.0000000000e-05)
Maximum Rank of4 reached for all non-frozen pairs, no need to iterate further=======================================================

Final MP2 Energies

=======================================================
    i    j      singlet      triplet        Total
=======================================================
    1    1  -2.38401e-02  0.00000e+00 -2.38401e-02
    2    1   0.00000e+00  0.00000e+00  0.00000e+00
    2    2  -2.45032e-02  0.00000e+00 -2.45032e-02
=======================================================
Final MP2 Energies (singlet): -4.83433e-02
Final MP2 Energies (triplet):  0.00000e+00
Final MP2 Energies (total)  : -4.83433e-02
=======================================================
-------------------------------------------
Total Reg Energy  =-4.83433e-02
Total F12 Energy  = 0.00000e+00
Sum Energies Total=-4.83433e-02
-------------------------------------------
Average | Max Rank: 2 | 4



--------------------------------------------------
MRA-PNO-MP2-F12 ended 
--------------------------------------------------
                 time scf = 7.22359e+01
               energy scf = -1.57241e+01
--------------------------------------------------
restarting PNO to reload pairs that converged before and were frozen
PNO Parameters
pno
       rank_increase  15         # default   maximum rank to increase in every macroiteration
               chunk  100        # default   chunk of functions operated on in parallel when G or K is applied (prevent memory shortage)
               debug  false      # default   debug mode
              freeze  1          # derived   frozen core approximation
             maxrank  4          # defined   maximal pno rank for all pairs
           guesstype  exop       # derived   the guesstype: exop (recommended, multiply polynomial excitation operators onto the occupied orbitals), empty (don't compute a guess), scf (use the ao basis from the SCF solver), partial_wave (create s,p,d ..., type functions and place on atoms), predefined (same as partial_wave but for predefined sets)
                exop  multipole  # derived   this string defines which excitation operators can be used, use 'dipole', 'dipole+', 'quadrupole', 'ocopole', or 'multipole', need to set guesstype to 'exop' which is the default
          exop_trigo  true       # default   use trigonometric excitation operators ( x --> sin(x)
        partial_wave             # default   atom centered partial wave guess of format like 'h-2s1p-o-3s2p1d', need to set guesstype to 'partial_wave' and adaptive_solver to 'none'
          predefined             # default   predefined partial wave guesses of type pvxz with x=d,t,q,5,6, need to set guesstype to 'predefined' and adaptive_solver to 'none'
           maxiter_t  100        # default   maximal number of iterations in the amplitude solver
       maxiter_micro  10         # default   Maximum of iterations for every cycle in the adaptive solver
       maxiter_macro  10         # default   Maximum of iterations of cycles in the adaptive solver
                tpno  1.0000e-08 # default   PNO cutoff threshold
          tpno_tight  1.0000e-10 # derived   PNO cutoff for the first iteration
    canonicalize_pno  true       # default   canonicalize the pnos before the amplitude solver
              thresh  1.0000e-04 # defined   MRA threshold
         econv_micro  1.0000e-04 # derived   Energy convergence for microiterations (Greens function based optimization) in adaptive solver
         econv_pairs  1.0000e-05 # derived   ENergy convergence for individual pairs in adaptive solver. Converged pairs are frozen automatically
         econv_macro  1.0000e-04 # derived   Energy convergence for macroiterations in adaptive solver, no effect if adaptive_solver is deactivated
               dconv  1.0000e-01 # default   convergence of every PNO in the Green's function solver
           op_thresh  1.0000e-06 # default   MRA operator thresh
             restart  all        # defined   restart pairs of this type, use 'mp2', 'cispd', 'all' or 'none'
          no_compute  none       # default   do not compute the pairs of this type, use 'mp2', 'cispd', 'all' or 'none'
              no_opt  all        # defined   do not optimize the pnos of this type, use 'mp2', 'cispd', 'all' or 'none'
            no_guess  all        # defined   guess for this type will be empty, use 'mp2', 'cispd', 'all' or 'none'
     adaptive_solver  none       # defined   Use adaptive solver for those pairs, use 'mp2', 'cispd', 'all' or 'none', works only in combination with guesstype 'exop'
                kain  true       # default   use KAIN solver in amplitude solver
       kain_subspace  5          # default   subspace size of the KAIN solver (amplitudes)
                 f12  false      # defined   use explicit correlation
        cispd_number  -1         # default   CIS(D) excitation numbers, to read in correct functions
        cispd_energy  0.0000e+00 # default   CIS energy
        freeze_pairs  none       # default   frozen pairs will not be optimized: Expected format 'a b c d' will freeze pairs ab and cd
freeze_pairs_of_orbital  []         # default    All pairs which originate from this orbital will not be optimized
active_pairs_of_orbital  []         # default    All pairs which originate from this orbital will not be frozen all other pairs will, if this vector is not empty
no_opt_in_first_iteration  false      # default   Do not optimize in the first iteration (then the potentials do not have to be evaluated, use this for large guesses)
            exchange  full       # default   approximate exchange with 'neglect' or xc functional -> same syntax as moldft
           save_pnos  true       # default   Save the OBS-PNOs to a file, before and after orthonormalization.
            diagonal  true       # defined   Compute only diagonal PNOs

end

**********************
Solve PNO-MP2
*********************


**********************
Iterate Pairs
*********************


************************
Standard Solver
***********************

Initializing Pairs:
Restart demanded for mp2 pairs
loading vector of functions mp2_pair11
Found PNOs for mp2_pair11 with rank 4
loading vector of functions mp2_pair21
failed to find PNO mp2_pair21 initialize as zero function
nloading vector of functions mp2_pair22
Found PNOs for mp2_pair22 with rank 4
no guess was explicitly demanded for mp2

timer:                                     RRCD     0.03s     0.03s 
timer:                             MRA compress     0.00s     0.00s 
timer:                          Transform Pairs     0.14s     0.14s 
timer:          apply Q and orthonormalize PNOs     0.42s     0.42s 
Created Guess:
pair11 with 4 guess functions
pair21 with 0 guess functions
pair22 with 4 guess functions
guess pair11 size: 4.8248767853e-03 | 4.8248767853e-03 Gbyte (after truncation)
guess pair22 size: 4.7430992126e-03 | 4.7430992126e-03 Gbyte (after truncation)
timer:                           truncate guess     0.03s     0.03s 
timer:                         Initialize Pairs     0.47s     0.47s 
Information About All Pairs:
mp2_pair11           number=0 rank=  4 frozen=false
mp2_pair21           number=1 rank=  0 frozen=true
mp2_pair22           number=2 rank=  4 frozen=false
number of pairs=3
average rank   =2 (2.6666666667e+00)
largest rank   =4
SolveInternal: Parameters are assigned as
no_compute        = false
no_opt            = true
restart           = true
do_cispd          = false
econv             =1.0000000000e-04
maxrank (min,max) = (4,4)
Solving MP2 doubles
timer:          fock matrix     3.06s     3.06s
Information About All Pairs:
mp2_pair11           number=0 rank=  4 frozen=false
mp2_pair21           number=1 rank=  0 frozen=true
mp2_pair22           number=2 rank=  4 frozen=false
number of pairs=3
average rank   =2 (2.6666666667e+00)
largest rank   =4
PNOPairs Memory Information
Total: 0.0095679760 GB 
PNO  : 0.0095679760 GB 
KPNO : 0.0000000000 GB 
W    : 0.0000000000 GB 

timer:                                 truncate     0.07s     0.07s 
wall time=163.5607810020 chunk=8 allK.size()=8 memory=0.0092408657 GB
timer:                             compute KPNO     4.15s     4.15s 
wall time=163.7215170860 chunk=8 allJ.size()=8 memory=0.0107946396 GB
timer:                             compute JPNO     0.16s     0.16s 
timer:                    compute Fock matrices     1.34s     1.34s 
timer:                             MRA compress     0.00s     0.00s 
timer:                          Transform Pairs     0.26s     0.26s 
timer:                             Canonicalize     0.26s     0.26s 
PNOPairs Memory Information
Total: 0.0185635090 GB 
PNO  : 0.0094861984 GB 
KPNO : 0.0090773106 GB 
W    : 0.0000000000 GB 

timer:                                 truncate     0.06s     0.06s 
mp2_pair21 is frozen: potential not computed
timer:                   Fluctuation Potentials     2.24s     2.24s 
timer:                       Fluctuation Matrix     0.13s     0.13s 
PNOPairs Memory Information
Total: 0.0329563618 GB 
PNO  : 0.0094861984 GB 
KPNO : 0.0090773106 GB 
W    : 0.0143928528 GB 

PNOPairs Memory Information
Total: 0.0329563618 GB 
PNO  : 0.0094861984 GB 
KPNO : 0.0090773106 GB 
W    : 0.0143928528 GB 

timer:                                 truncate     0.08s     0.08s 
timer:                             PNO Overlaps     0.09s     0.09s 
t_iter =  0  Hylleraas energy =  0.0000000000  ||R||_F =  0.3140963830  conv =  no
subspace solution [*]   1.00000000

t_iter =  1  Hylleraas energy =  -0.0483433387  ||R||_F =  0.0000000242  conv =  yes
=======================================================

Hylleraas MP2 Energies

=======================================================
    i    j      singlet      triplet        Total
=======================================================
    1    1  -2.38400e-02  0.00000e+00 -2.38400e-02
    2    1   0.00000e+00  0.00000e+00  0.00000e+00
    2    2  -2.45033e-02  0.00000e+00 -2.45033e-02
=======================================================
Hylleraas MP2 Energies (singlet): -4.83433e-02
Hylleraas MP2 Energies (triplet):  0.00000e+00
Hylleraas MP2 Energies (total)  : -4.83433e-02
=======================================================
-------------------------------------------
Total Reg Energy  =-4.83433e-02
Total F12 Energy  = 0.00000e+00
Sum Energies Total=-4.83433e-02
-------------------------------------------
timer:                         Solve Amplitudes     0.00s     0.00s 
No optimization untill now: Compressing pno ranks with tighter threshold
1.00000e-10 instead of 1.00000e-08
pair11: density evals:
 [*]   0.00395226   0.00460264   0.00460264   0.00681680

pair22: density evals:
 [*]   0.00383514   0.00431475   0.00431475   0.01704096

timer:                            compress PNOs     0.00s     0.00s 
timer:                             MRA compress     0.00s     0.00s 
timer:                          Transform Pairs     0.37s     0.37s 
timer:                          PNO Compression     0.37s     0.37s 
Information About All Pairs:
mp2_pair11           number=0 rank=  4 frozen=false
mp2_pair21           number=1 rank=  0 frozen=true
mp2_pair22           number=2 rank=  4 frozen=false
number of pairs=3
average rank   =2 (2.66667e+00)
largest rank   =4
saving vector of functions mp2_pair11
saving vector of functions mp2_pair22
timer:                        save pnos on disc     0.19s     0.19s 
exiting: Found no_opt keyword
PNO ranks:
PNO Rank for pair pair11 = 4
PNO Rank for pair pair21 = 0
PNO Rank for pair pair22 = 4
average rank 2.66667e+00
timer:                               PNO::solve    12.25s    12.25s 

--------------------------------
ITERATE-PAIRS-INTERNAL-ENDED
--------------------------------
=======================================================

Final MP2 Energies

=======================================================
    i    j      singlet      triplet        Total
=======================================================
    1    1  -2.38400e-02  0.00000e+00 -2.38400e-02
    2    1   0.00000e+00  0.00000e+00  0.00000e+00
    2    2  -2.45033e-02  0.00000e+00 -2.45033e-02
=======================================================
Final MP2 Energies (singlet): -4.83433e-02
Final MP2 Energies (triplet):  0.00000e+00
Final MP2 Energies (total)  : -4.83433e-02
=======================================================
-------------------------------------------
Total Reg Energy  =-4.83433e-02
Total F12 Energy  = 0.00000e+00
Sum Energies Total=-4.83433e-02
-------------------------------------------
Average | Max Rank: 2 | 4
                 time pno = 8.30392e+01
               energy mp2 = -4.83433e-02
     average pno rank mp2 = 2
         max pno rank mp2 = 4
--------------------------------------------------
            energy(total) = -1.57724e+01
--------------------------------------------------



Orthonormalization technique used: symmetric
No CABS used.
Tightening thresholds to +0.00010000 for post-processing
Overlap Matrix of all PNOs:
+1.00000899 +0.25859827 +0.00000000 -0.00000000 
+0.25859827 +1.00000724 +0.00000000 -0.00000000 
+0.00000000 +0.00000000 +1.00000000 -0.00000000 
-0.00000000 -0.00000000 -0.00000000 +1.00000000 
Before cherry pick
rank is +0
all used occupation numbers:
[+0.01704096 +0.00681680 +0.00460264 +0.00460264 ]
corresponding to active pairs:
[(1,1) (0,0) (0,0) (0,0) ]
After cherry pick
all used occupation numbers:
[+0.01704096 +0.00681680 +0.00460264 +0.00460264 ]
corresponding to active pairs:
[(1,1) (0,0) (0,0) (0,0) ]
Overlap Matrix before symmetric
[+0,*]  +1.00000899  +0.25859827  +0.00000000  -0.00000000
[+1,*]  +0.25859827  +1.00000724  +0.00000000  -0.00000000
[+2,*]  +0.00000000  +0.00000000  +1.00000000  -0.00000000
[+3,*]  -0.00000000  -0.00000000  -0.00000000  +1.00000000
Overlap Matrix after symmetric
[+0,*]  +1.00000000  +0.00000000  +0.00000000  +0.00000000
[+1,*]  +0.00000000  +1.00000000  -0.00000000  -0.00000000
[+2,*]  +0.00000000  -0.00000000  +1.00000000  +0.00000000
[+3,*]  +0.00000000  -0.00000000  +0.00000000  +1.00000000
Adding 3 HF orbitals
Size before adding CABS: 7.
Size after adding CABS: 7.
Compute G and F Tensor:
Assemble g,f using symmetries...
non zero elements:
 g : +4102
 h : +27
Overlap over whole basis
[+0,*]  +1.00000000  +0.00000309  -0.00000045  -0.00001555  -0.00001033  -0.00000000  +0.00000000
[+1,*]  +0.00000309  +1.00000000  +0.00000069  -0.00000378  -0.00000255  -0.00000000  +0.00000000
[+2,*]  -0.00000045  +0.00000069  +1.00000000  -0.00000151  -0.00000097  -0.00000000  +0.00000000
[+3,*]  -0.00001555  -0.00000378  -0.00000151  +1.00000000  +0.00000000  +0.00000000  +0.00000000
[+4,*]  -0.00001033  -0.00000255  -0.00000097  +0.00000000  +1.00000000  +0.00000000  +0.00000000
[+5,*]  -0.00000000  -0.00000000  -0.00000000  +0.00000000  +0.00000000  +1.00000000  +0.00000000
[+6,*]  +0.00000000  +0.00000000  +0.00000000  +0.00000000  +0.00000000  +0.00000000  +1.00000000

||S-1||=+0.00002766
finished at time 208.0

    Parallel environment
    --------------------
                  #nodes    1
       #threads per node    11+main = 12
          #total threads    12

  RMI message statistics (min / avg / max)
  ----------------------
   #messages in server q    0.00e+00 / 0.00e+00 / 0.00e+00
 #messages sent per node    0.00e+00 / 0.00e+00 / 0.00e+00
    #bytes sent per node    0.00e+00 / 0.00e+00 / 0.00e+00
 #messages recv per node    0.00e+00 / 0.00e+00 / 0.00e+00
    #bytes recv per node    0.00e+00 / 0.00e+00 / 0.00e+00
        #msgs systemwide    0.00e+00
       #bytes systemwide    0.00e+00

  Thread pool statistics (min / avg / max)
  ----------------------
         #tasks per node    1.38e+07 / 1.38e+07 / 1.38e+07
     #max q len per node    8.89e+03 / 8.89e+03 / 8.89e+03
  #hi-pri tasks per node    4.75e+06 / 4.75e+06 / 4.75e+06

         Total wall time    208.0s
         Total  cpu time    208.0s

