MADNESS runtime initialized with 11 threads in the pool and affinity -1 -1 -1
starting at time 0.0

--------------------------------------------
   MADNESS 0.10.1 multiresolution suite
--------------------------------------------

   number of processors ... 1
    processor frequency ... 3.695915e+09
            host system ... Linux
          configured by ... kottmann
          configured on ... wittgenstein
          configured at ... 2021-02-10T21:25:26
                    CXX ... /usr/bin/c++
               CXXFLAGS ... -O3 -DNDEBUG -I/h/28/kottmann/install/numcpp/include/ -I/h/28/kottmann/install/boost/boost_1_72_0/include/ -std=c++1z
             tuning for ... default
                    MPI ... multiple
 multi-threaded runtime ... MADNESS ThreadPool
                   BLAS ... Intel MKL 66719 66719 MFLOP/s
               compiled ... 13:08:26  on  Feb 23 2021


-------------------------------------------------------------------------------------
SOLVING MRA-PNO-F12 as described in 
J.S. Kottmann, F.A. Bischoff, E.F. Valeev
Direct determination of optimal pair-natural orbitals in a real-space representation:
the second-order Møller-Plesset energy
Journal of Chemical Physics ... 2020
-------------------------------------------------------------------------------------


This script will run PNO-MP2 and print out tensors in binary
Call as: pno_integrals inputfileinput is input
ignoring unknown parameter in input file:  ncf

Angstrom being used to read input coordinates (1 Bohr = 1.88972613 Angstrom)


Asymptotic correction parameters
---------------------------------------
Atom vector is not empty: false
Using multipole approximation: false
Number of electrons = -1
Ionisation energy = 0.000000e+00
E(HOMO) = 0.000000e+00
R1 = 3.000000e+00
R2 = 4.000000e+00
DFT coefficient = 0.000000e+00
Interpolation scheme = linear
constructed symmetry operator for point group C1
dft
              charge  0.0000e+00 # defined   total molecular charge
                  xc  hf         # defined   XC input line
               smear  0.0000e+00 # default   smearing parameter
               econv  1.0000e-04 # defined   energy convergence
               dconv  5.0000e-04 # defined   density convergence
convergence_criteria  [bsh_residual, total_energy] # default   possible values are: bsh_residual, total_energy, each_energy, density
                   k  7          # defined   polynomial order
                   l  5.2992e+01 # derived   user coordinates box size
               deriv  abgv       # default   derivative method                            [abgv, bspline, ble]
           dft_deriv  abgv       # default   derivative method for gga potentials         [abgv, bspline, ble]
             maxrotn  2.5000e-01 # default   step restriction used in autoshift algorithm
             nvalpha  0          # default   number of alpha virtuals to compute
              nvbeta  0          # default   number of beta virtuals to compute
               nopen  0          # default   number of unpaired electrons = nalpha-nbeta
             maxiter  25         # default   maximum number of iterations
                 nio  1          # default   no. of io servers to use
     spin_restricted  true       # default   true if spin restricted
              plotlo  0          # default   range of MOs to print (for both spins if polarized
              plothi  -1         # default   range of MOs to print (for both spins if polarized
            plotdens  false      # default   If true print the density at convergence
            plotcoul  false      # default   If true plot the total coulomb potential at convergence
            localize  boys       # defined   localization method                          [pm, boys, new, canon]
          pointgroup  c1         # derived   use point (sub) group symmetry if not localized[c1, c2, ci, cs, c2v, c2h, d2, d2h]
             restart  false      # default   if true restart from orbitals on disk
           restartao  false      # default   if true restart from orbitals projected into AO basis (STO3G) on disk
          no_compute  false      # default   if true use orbitals on disk, set value to computed
           no_orient  false      # default   if true the molecule coordinates will not be reoriented
                save  true       # default   if true save orbitals to disk
              maxsub  10         # default   size of iterative subspace ... set to 0 or 1 to disable
        orbitalshift  0.0000e+00 # default   scf orbital shift: shift the occ orbitals to lower energies
            npt_plot  101        # default   no. of points to use in each dim for plots
           plot_cell  []         # default   lo hi in each dimension for plotting (default is all space)
             aobasis  6-31g      # derived   AO basis used for initial guess (6-31g or sto-3g)
           core_type  none       # default   core potential type                          [none, mpc]
         derivatives  false      # default   if true calculate nuclear derivatives
              dipole  false      # default   if true calculate dipole moment
      conv_only_dens  false      # default   if true remove bsh_residual from convergence criteria (deprecated)
            psp_calc  false      # default   pseudopotential calculation for all atoms
 print_dipole_matels  false      # default   if true output dipole matrix elements
            pcm_data  none       # default   do a PCM (solvent) calculation
             ac_data  none       # default   do a calculation with asymptotic correction (see ACParameters class in chem/AC.h for details)
             pure_ae  true       # default   pure all electron calculation with no pseudo-atoms
         print_level  3          # default   0: no output; 1: final energy; 2: iterations; 3: timings; 10: debug
              nalpha  3          # derived   number of alpha spin electrons
               nbeta  3          # derived   number of beta  spin electrons
           nmo_alpha  3          # derived   number of alpha spin molecular orbitals
            nmo_beta  3          # derived   number of beta spin molecular orbitals
                  lo  9.0905e-04 # derived   smallest length scale we need to resolve
            protocol  [1.0000e-04, 1.0000e-06] # derived   calculation protocol
                gopt  false      # default   geometry optimizer
                gtol  1.0000e-04 # default   geometry tolerance
               gtest  false      # default   geometry tolerance
                gval  1.0000e-05 # default   value precision
               gprec  1.0000e-04 # default   gradient precision
            gmaxiter  20         # default   optimization maxiter
    ginitial_hessian  false      # default   compute inital hessian for optimization
              algopt  bfgs       # default   algorithm used for optimization              [bfgs, cg]
            tdksprop  false      # default   time-dependent Kohn-Sham equation propagate
           nv_factor  1          # default   factor to multiply number of virtual orbitals with when automatically decreasing nvirt
           vnucextra  2          # default   load balance parameter for nuclear pot
        loadbalparts  2          # default   ??
            response  false      # default   response function calculation
       response_freq  0.0000e+00 # default   frequency for calculation response function
       response_axis  [1, 1, 1]  # default   response axis
           nonrotate  false      # default   if true do not molcule orient (redundant with no_orient
               rconv  1.0000e-06 # default   Response convergence
              efield  0.0000e+00 # default   eps for finite field
         efield_axis  0          # default   finite field axis                            [0, 1, 2]
              nwfile  none       # default   Base name of nwchem output files (.out and .movecs extensions) to read from
                 ncf  (none,1.0000e+00) # defined   nuclear correlation factor
             hessian  false      # default   compute the hessian matrix
           read_cphf  false      # default   read the converged orbital response for nuclear displacements from file
        restart_cphf  false      # default   read the guess orbital response for nuclear displacements from file
      purify_hessian  false      # default   symmetrize the hessian matrix based on atomic charges

end
              charge  0.0000e+00 # defined   total molecular charge
                  xc  hf         # defined   XC input line
               smear  0.0000e+00 # default   smearing parameter
               econv  1.0000e-04 # defined   energy convergence
               dconv  5.0000e-04 # defined   density convergence
convergence_criteria  [bsh_residual, total_energy] # default   possible values are: bsh_residual, total_energy, each_energy, density
                   k  7          # defined   polynomial order
                   l  5.2992e+01 # derived   user coordinates box size
               deriv  abgv       # default   derivative method                            [abgv, bspline, ble]
           dft_deriv  abgv       # default   derivative method for gga potentials         [abgv, bspline, ble]
             maxrotn  2.5000e-01 # default   step restriction used in autoshift algorithm
             nvalpha  0          # default   number of alpha virtuals to compute
              nvbeta  0          # default   number of beta virtuals to compute
               nopen  0          # default   number of unpaired electrons = nalpha-nbeta
             maxiter  25         # default   maximum number of iterations
                 nio  1          # default   no. of io servers to use
     spin_restricted  true       # default   true if spin restricted
              plotlo  0          # default   range of MOs to print (for both spins if polarized
              plothi  -1         # default   range of MOs to print (for both spins if polarized
            plotdens  false      # default   If true print the density at convergence
            plotcoul  false      # default   If true plot the total coulomb potential at convergence
            localize  boys       # defined   localization method                          [pm, boys, new, canon]
          pointgroup  c1         # derived   use point (sub) group symmetry if not localized[c1, c2, ci, cs, c2v, c2h, d2, d2h]
             restart  false      # default   if true restart from orbitals on disk
           restartao  false      # default   if true restart from orbitals projected into AO basis (STO3G) on disk
          no_compute  false      # default   if true use orbitals on disk, set value to computed
           no_orient  false      # default   if true the molecule coordinates will not be reoriented
                save  true       # default   if true save orbitals to disk
              maxsub  10         # default   size of iterative subspace ... set to 0 or 1 to disable
        orbitalshift  0.0000e+00 # default   scf orbital shift: shift the occ orbitals to lower energies
            npt_plot  101        # default   no. of points to use in each dim for plots
           plot_cell  []         # default   lo hi in each dimension for plotting (default is all space)
             aobasis  6-31g      # derived   AO basis used for initial guess (6-31g or sto-3g)
           core_type  none       # default   core potential type                          [none, mpc]
         derivatives  false      # default   if true calculate nuclear derivatives
              dipole  false      # default   if true calculate dipole moment
      conv_only_dens  false      # default   if true remove bsh_residual from convergence criteria (deprecated)
            psp_calc  false      # default   pseudopotential calculation for all atoms
 print_dipole_matels  false      # default   if true output dipole matrix elements
            pcm_data  none       # default   do a PCM (solvent) calculation
             ac_data  none       # default   do a calculation with asymptotic correction (see ACParameters class in chem/AC.h for details)
             pure_ae  true       # default   pure all electron calculation with no pseudo-atoms
         print_level  3          # default   0: no output; 1: final energy; 2: iterations; 3: timings; 10: debug
              nalpha  3          # derived   number of alpha spin electrons
               nbeta  3          # derived   number of beta  spin electrons
           nmo_alpha  3          # derived   number of alpha spin molecular orbitals
            nmo_beta  3          # derived   number of beta spin molecular orbitals
                  lo  9.0905e-04 # derived   smallest length scale we need to resolve
            protocol  [1.0000e-04, 1.0000e-06] # derived   calculation protocol
                gopt  false      # default   geometry optimizer
                gtol  1.0000e-04 # default   geometry tolerance
               gtest  false      # default   geometry tolerance
                gval  1.0000e-05 # default   value precision
               gprec  1.0000e-04 # default   gradient precision
            gmaxiter  20         # default   optimization maxiter
    ginitial_hessian  false      # default   compute inital hessian for optimization
              algopt  bfgs       # default   algorithm used for optimization              [bfgs, cg]
            tdksprop  false      # default   time-dependent Kohn-Sham equation propagate
           nv_factor  1          # default   factor to multiply number of virtual orbitals with when automatically decreasing nvirt
           vnucextra  2          # default   load balance parameter for nuclear pot
        loadbalparts  2          # default   ??
            response  false      # default   response function calculation
       response_freq  0.0000e+00 # default   frequency for calculation response function
       response_axis  [1, 1, 1]  # default   response axis
           nonrotate  false      # default   if true do not molcule orient (redundant with no_orient
               rconv  1.0000e-06 # default   Response convergence
              efield  0.0000e+00 # default   eps for finite field
         efield_axis  0          # default   finite field axis                            [0, 1, 2]
              nwfile  none       # default   Base name of nwchem output files (.out and .movecs extensions) to read from



 geometry
   eprec 1.0e-06
   units atomic
   Be            0.00000000           0.00000000           0.22046805
   H             0.00000000           0.00000000           2.11019418
   H             0.00000000           0.00000000          -2.99206638
 end

Solving NDIM= 3  with thresh 1.000000e-04     k 7    conv 5.000000e-04 

timer:     Project vnuclear     0.60s     0.60s
constructed nuclear correlation factor of the form
    R   =  1.000000e+00
with eprec  1.000000e-06
which means it's (nearly) a conventional calculation

timer:        reproject ncf     1.66s     1.66s
timer:        guess density     0.50s     0.50s
timer:   guess Coulomb potn     0.48s     0.48s
timer:       guess lda potn     0.28s     0.28s
timer:        guess overlap     0.03s     0.03s
timer:    KEmat reconstruct     0.07s     0.07s
timer:  KEmat differentiate     0.25s     0.25s
timer:       KEmat compress     0.10s     0.10s
timer: KEmat inner products     0.13s     0.13s
timer:     guess Kinet potn     0.54s     0.54s
timer:           guess fock     0.58s     0.58s
timer:      guess eigen sol     0.04s     0.04s
timer: guess orbital groupi     0.12s     0.12s

starting protocol at time      7.1s 
precision steps  1.000000e-04  -->  1.000000e-04
protocol: thresh 1.000000e-04 econv  1.000000e-04 dconv 5.000000e-04

ending protocol at time      7.1s 

Solving NDIM= 3  with thresh 1.000000e-04     k 7    conv 5.000000e-04 

timer:        Boys localize     0.82s     0.82s
orbital irreps []
timer:      reconstruct psi     0.15s     0.15s
timer:        compute Jnemo     0.67s     0.67s
timer:        compute Knemo     1.82s     1.82s
timer: compute Unemo 0.0149     0.19s     0.19s

  nuclear and kinetic     -27.31680851
         kinetic only      16.10695771
              coulomb      11.60133847
             exchange      -3.50801684
    nuclear-repulsion       3.55782324
   regularized energy     -15.66566364
  buggy if hybrid functionals are used..
timer:       compute energy     3.22s     3.22s
Norm of vector changes ab spin case : rms 4.678585e-02    max 6.081938e-02
convergence: bshresidual, energy change, max energy change, density change 5.1e-02 1.6e+01 1.6e+01 1.5e+00
finished iteration  0 at time     18.7s with energy  -15.66566364
timer:        Boys localize     1.11s     1.11s
orbital irreps []
timer:      reconstruct psi     0.17s     0.17s
timer:        compute Jnemo     0.62s     0.62s
timer:        compute Knemo     1.94s     1.94s
timer: compute Unemo 0.0149     0.17s     0.17s

  nuclear and kinetic     -27.25073424
         kinetic only      15.96067292
              coulomb      11.47507156
             exchange      -3.47476833
    nuclear-repulsion       3.55782324
   regularized energy     -15.69260777
  buggy if hybrid functionals are used..
timer:       compute energy     3.20s     3.20s
Norm of vector changes ab spin case : rms 1.599175e-02    max 1.986477e-02
convergence: bshresidual, energy change, max energy change, density change 1.3e-02 2.7e-02 1.5e-01 7.5e-03
finished iteration  1 at time     30.5s with energy  -15.69260777
timer:        Boys localize     0.94s     0.94s
orbital irreps []
timer:      reconstruct psi     0.14s     0.14s
timer:        compute Jnemo     0.63s     0.63s
timer:        compute Knemo     1.98s     1.98s
timer: compute Unemo 0.0150     0.20s     0.20s

  nuclear and kinetic     -27.23395780
         kinetic only      15.92389443
              coulomb      11.44634976
             exchange      -3.46521370
    nuclear-repulsion       3.55782324
   regularized energy     -15.69499850
  buggy if hybrid functionals are used..
timer:       compute energy     3.24s     3.24s
Norm of vector changes ab spin case : rms 2.771075e-03    max 3.461738e-03
convergence: bshresidual, energy change, max energy change, density change 1.9e-03 2.4e-03 3.7e-02 1.5e-03
finished iteration  2 at time     42.2s with energy  -15.69499850
timer:        Boys localize     0.90s     0.90s
orbital irreps []
timer:      reconstruct psi     0.17s     0.17s
timer:        compute Jnemo     0.69s     0.69s
timer:        compute Knemo     1.98s     1.98s
timer: compute Unemo 0.0149     0.18s     0.18s

  nuclear and kinetic     -27.23539773
         kinetic only      15.92098614
              coulomb      11.44651809
             exchange      -3.46404113
    nuclear-repulsion       3.55782324
   regularized energy     -15.69509752
  buggy if hybrid functionals are used..
timer:       compute energy     3.29s     3.29s
Norm of vector changes ab spin case : rms 8.290574e-04    max 1.309688e-03
convergence: bshresidual, energy change, max energy change, density change 5.3e-04 9.9e-05 2.9e-03 3.8e-04
finished iteration  3 at time     54.9s with energy  -15.69509752
timer:        Boys localize     0.94s     0.94s
orbital irreps []
timer:      reconstruct psi     0.14s     0.14s
timer:        compute Jnemo     0.67s     0.67s
timer:        compute Knemo     1.96s     1.96s
timer: compute Unemo 0.0149     0.16s     0.16s

  nuclear and kinetic     -27.23738833
         kinetic only      15.92196951
              coulomb      11.44859066
             exchange      -3.46412943
    nuclear-repulsion       3.55782324
   regularized energy     -15.69510387
  buggy if hybrid functionals are used..
timer:       compute energy     3.60s     3.60s
Norm of vector changes ab spin case : rms 2.662140e-04    max 3.979117e-04
convergence: bshresidual, energy change, max energy change, density change 2.1e-04 6.3e-06 2.1e-03 1.0e-04
finished iteration  4 at time     68.0s with energy  -15.69510387

Iterations converged


ending protocol at time     68.1s 

 Dipole Moment (a.u.)
 -----------

     x:  -9.865433e-14
     y:  -1.732180e-14
     z:  4.651777e-01
 Total Dipole Moment:  4.651777e-01 

timer:               dipole     0.05s     0.05s
Nemo Orbital Energies: [*]  -4.67492508  -0.55076144  -0.40854642

nemo energy:  -1.569510e+01
 at time 68.5
PNO Integrals evaluated as:
pnoint
       rank_increase  15         # default   maximum rank to increase in every macroiteration
               chunk  100        # default   chunk of functions operated on in parallel when G or K is applied (prevent memory shortage)
               debug  false      # default   debug mode
              freeze  1          # derived   frozen core approximation
             maxrank  4          # defined   maximal pno rank for all pairs
           guesstype  exop       # derived   the guesstype: exop (recommended, multiply polynomial excitation operators onto the occupied orbitals), empty (don't compute a guess), scf (use the ao basis from the SCF solver), partial_wave (create s,p,d ..., type functions and place on atoms), predefined (same as partial_wave but for predefined sets)
                exop  multipole  # derived   this string defines which excitation operators can be used, use 'dipole', 'dipole+', 'quadrupole', 'ocopole', or 'multipole', need to set guesstype to 'exop' which is the default
          exop_trigo  true       # default   use trigonometric excitation operators ( x --> sin(x)
        partial_wave             # default   atom centered partial wave guess of format like 'h-2s1p-o-3s2p1d', need to set guesstype to 'partial_wave' and adaptive_solver to 'none'
          predefined             # default   predefined partial wave guesses of type pvxz with x=d,t,q,5,6, need to set guesstype to 'predefined' and adaptive_solver to 'none'
           maxiter_t  100        # default   maximal number of iterations in the amplitude solver
       maxiter_micro  10         # default   Maximum of iterations for every cycle in the adaptive solver
       maxiter_macro  10         # default   Maximum of iterations of cycles in the adaptive solver
                tpno  1.0000e-08 # default   PNO cutoff threshold
          tpno_tight  1.0000e-10 # derived   PNO cutoff for the first iteration
    canonicalize_pno  true       # default   canonicalize the pnos before the amplitude solver
              thresh  1.0000e-04 # defined   MRA threshold
         econv_micro  1.0000e-04 # derived   Energy convergence for microiterations (Greens function based optimization) in adaptive solver
         econv_pairs  1.0000e-05 # derived   ENergy convergence for individual pairs in adaptive solver. Converged pairs are frozen automatically
         econv_macro  1.0000e-04 # derived   Energy convergence for macroiterations in adaptive solver, no effect if adaptive_solver is deactivated
               dconv  1.0000e-01 # default   convergence of every PNO in the Green's function solver
           op_thresh  1.0000e-06 # default   MRA operator thresh
             restart  none       # derived   restart pairs of this type, use 'mp2', 'cispd', 'all' or 'none'
          no_compute  none       # default   do not compute the pairs of this type, use 'mp2', 'cispd', 'all' or 'none'
              no_opt  none       # default   do not optimize the pnos of this type, use 'mp2', 'cispd', 'all' or 'none'
            no_guess  none       # derived   guess for this type will be empty, use 'mp2', 'cispd', 'all' or 'none'
     adaptive_solver  all        # default   Use adaptive solver for those pairs, use 'mp2', 'cispd', 'all' or 'none', works only in combination with guesstype 'exop'
                kain  true       # default   use KAIN solver in amplitude solver
       kain_subspace  5          # default   subspace size of the KAIN solver (amplitudes)
                 f12  false      # defined   use explicit correlation
        cispd_number  -1         # default   CIS(D) excitation numbers, to read in correct functions
        cispd_energy  0.0000e+00 # default   CIS energy
        freeze_pairs  none       # default   frozen pairs will not be optimized: Expected format 'a b c d' will freeze pairs ab and cd
freeze_pairs_of_orbital  []         # default    All pairs which originate from this orbital will not be optimized
active_pairs_of_orbital  []         # default    All pairs which originate from this orbital will not be frozen all other pairs will, if this vector is not empty
no_opt_in_first_iteration  false      # default   Do not optimize in the first iteration (then the potentials do not have to be evaluated, use this for large guesses)
            exchange  full       # default   approximate exchange with 'neglect' or xc functional -> same syntax as moldft
           save_pnos  true       # default   Save the OBS-PNOs to a file, before and after orthonormalization.
            diagonal  true       # defined   Compute only diagonal PNOs
              orthog  symmetric  # defined   orthogonalization method for PNO basis, also current default for a potential CABS. options: symmetric, canonical, cholesky, rr_cholesky,
         orthog_cabs  default    # default   orthogonalization method for CABS basis. options: symmetric, canonical, cholesky, rr_cholesky, uses same as orbitals basis if default.
               n_pno  8          # defined   desired size of PNO-basis (orbital space)
         cabs_option  none       # default   type of complementary auxiliary basis to be used. can be none ~ no CABS, gbs ~ Gaussian basis set as CABS, requires input via auxbas_file, pno ~ use superfluous PNOs as CABS, mixed ~ gbs&pno-option
       pno_cabs_size  -1         # default   size of a potential pno-cabs. defaults to -1 ~ all remaining PNOs, if pno-cabs or mixed-cabs
           only_diag  false      # default   use only diagonal elements PNOs
         cherry_pick  []         # default   cherry pick option to choose particular set of PNOs, not just blindly by occupation number. can be useful, if only a restricted number of PNOs can be used, to avoid separating degenerate pairs. can be envoked by passing a vector via [ elem1, elem2, ... ]
               gamma  1.4000e+00 # default   The f12 length scale, here to be used to compute f12-integrals
         cabs_thresh  1.0000e-04 # derived    thresh for cabs part
              auxbas  none       # default   atom centered partial wave guess of format like 'h-2s1p-o-3s2p1d'
         auxbas_file  none       # default   Use external comp. aux. basis in addition to the pnos as auxbasis. Give the filename as parameter. Give the auxbas in turbomole format. Don't use contractions. If a file is specified the auxbas parameter has no effect
   print_pno_overlap  true       # default   Print overlap matrix at certain steps in computation, for debugging purposes.
              n_virt  0          # defined   Compute this number of virtuals and include them in the integral construction, experimental and not robust!.
      hardcore_boson  false      # default   compute only integrals for hardcore boson hamiltonian (restricted to double occupations)

end
F12 Operators initialized right
timer:                    Testing F12 Operators     0.77s     0.77s 
timer:  Initializing (active) Exchange Orbitals     2.11s     2.11s 
Size of active mos and their exchange potentials:
K(acmos)=2.739549e-03 Gbyte
acmos   =2.330661e-03 Gbyte
PNO Parameters
pno
       rank_increase  15         # default   maximum rank to increase in every macroiteration
               chunk  100        # default   chunk of functions operated on in parallel when G or K is applied (prevent memory shortage)
               debug  false      # default   debug mode
              freeze  1          # derived   frozen core approximation
             maxrank  4          # defined   maximal pno rank for all pairs
           guesstype  exop       # derived   the guesstype: exop (recommended, multiply polynomial excitation operators onto the occupied orbitals), empty (don't compute a guess), scf (use the ao basis from the SCF solver), partial_wave (create s,p,d ..., type functions and place on atoms), predefined (same as partial_wave but for predefined sets)
                exop  multipole  # derived   this string defines which excitation operators can be used, use 'dipole', 'dipole+', 'quadrupole', 'ocopole', or 'multipole', need to set guesstype to 'exop' which is the default
          exop_trigo  true       # default   use trigonometric excitation operators ( x --> sin(x)
        partial_wave             # default   atom centered partial wave guess of format like 'h-2s1p-o-3s2p1d', need to set guesstype to 'partial_wave' and adaptive_solver to 'none'
          predefined             # default   predefined partial wave guesses of type pvxz with x=d,t,q,5,6, need to set guesstype to 'predefined' and adaptive_solver to 'none'
           maxiter_t  100        # default   maximal number of iterations in the amplitude solver
       maxiter_micro  10         # default   Maximum of iterations for every cycle in the adaptive solver
       maxiter_macro  10         # default   Maximum of iterations of cycles in the adaptive solver
                tpno  1.0000e-08 # default   PNO cutoff threshold
          tpno_tight  1.0000e-10 # derived   PNO cutoff for the first iteration
    canonicalize_pno  true       # default   canonicalize the pnos before the amplitude solver
              thresh  1.0000e-04 # defined   MRA threshold
         econv_micro  1.0000e-04 # derived   Energy convergence for microiterations (Greens function based optimization) in adaptive solver
         econv_pairs  1.0000e-05 # derived   ENergy convergence for individual pairs in adaptive solver. Converged pairs are frozen automatically
         econv_macro  1.0000e-04 # derived   Energy convergence for macroiterations in adaptive solver, no effect if adaptive_solver is deactivated
               dconv  1.0000e-01 # default   convergence of every PNO in the Green's function solver
           op_thresh  1.0000e-06 # default   MRA operator thresh
             restart  none       # derived   restart pairs of this type, use 'mp2', 'cispd', 'all' or 'none'
          no_compute  none       # default   do not compute the pairs of this type, use 'mp2', 'cispd', 'all' or 'none'
              no_opt  none       # default   do not optimize the pnos of this type, use 'mp2', 'cispd', 'all' or 'none'
            no_guess  none       # derived   guess for this type will be empty, use 'mp2', 'cispd', 'all' or 'none'
     adaptive_solver  all        # default   Use adaptive solver for those pairs, use 'mp2', 'cispd', 'all' or 'none', works only in combination with guesstype 'exop'
                kain  true       # default   use KAIN solver in amplitude solver
       kain_subspace  5          # default   subspace size of the KAIN solver (amplitudes)
                 f12  false      # defined   use explicit correlation
        cispd_number  -1         # default   CIS(D) excitation numbers, to read in correct functions
        cispd_energy  0.0000e+00 # default   CIS energy
        freeze_pairs  none       # default   frozen pairs will not be optimized: Expected format 'a b c d' will freeze pairs ab and cd
freeze_pairs_of_orbital  []         # default    All pairs which originate from this orbital will not be optimized
active_pairs_of_orbital  []         # default    All pairs which originate from this orbital will not be frozen all other pairs will, if this vector is not empty
no_opt_in_first_iteration  false      # default   Do not optimize in the first iteration (then the potentials do not have to be evaluated, use this for large guesses)
            exchange  full       # default   approximate exchange with 'neglect' or xc functional -> same syntax as moldft
           save_pnos  true       # default   Save the OBS-PNOs to a file, before and after orthonormalization.
            diagonal  true       # defined   Compute only diagonal PNOs

end

**********************
Solve PNO-MP2
*********************


**********************
Iterate Pairs
*********************


************************
Adaptive Solver
***********************

Initializing empty Pairs:
no guess was explicitly demanded for mp2

timer:                                     RRCD     0.00s     0.00s 
timer:                             MRA compress     0.00s     0.00s 
timer:                          Transform Pairs     0.00s     0.00s 
timer:          apply Q and orthonormalize PNOs     0.00s     0.00s 
Created Guess:
pair11 with 0 guess functions
pair21 with 0 guess functions
pair22 with 0 guess functions
guess pair11 size: 0.0000000000e+00 | 0.0000000000e+00 Gbyte (after truncation)
guess pair22 size: 0.0000000000e+00 | 0.0000000000e+00 Gbyte (after truncation)
timer:                           truncate guess     0.00s     0.00s 
timer:                         Initialize Pairs     0.00s     0.00s 
Keyword multipole is not known
Guess protocol for adaptively growing ranks is: [dipole+, quadrupole, big_fock_3, big_fock_3, big_fock_3, big_fock_3, big_fock_3, big_fock_3, big_fock_3, big_fock_3]


--------Adaptive Solver Macroiteration 0 from max 10 ----------

Growing ranks with exop=dipole+
Create guess functions by multiplying plane-waves to 1 functions 
Created 4 virtuals for pair11
pair21 is frozen: no growing
Create guess functions by multiplying plane-waves to 1 functions 
Created 4 virtuals for pair22
frozen pair: no orthonormalization
timer:                                     RRCD     0.05s     0.05s 
timer:                             MRA compress     0.00s     0.00s 
timer:                          Transform Pairs     0.09s     0.09s 
timer:                        grow PNO subspace     1.82s     1.82s 
SolveInternal: Parameters are assigned as
no_compute        = false
no_opt            = false
restart           = false
do_cispd          = false
econv             =1.0000000000e-04
maxrank (min,max) = (4,4)
Solving MP2 doubles
timer:          fock matrix     2.75s     2.75s
Information About All Pairs:
mp2_pair11           number=0 rank=  4 frozen=false
mp2_pair21           number=1 rank=  0 frozen=true
mp2_pair22           number=2 rank=  4 frozen=false
number of pairs=3
average rank   =2 (2.6666666667e+00)
largest rank   =4
PNOPairs Memory Information
Total: 0.0092408657 GB 
PNO  : 0.0092408657 GB 
KPNO : 0.0000000000 GB 
W    : 0.0000000000 GB 

timer:                                 truncate     0.02s     0.02s 
wall time=81.9600358009 chunk=8 allK.size()=8 memory=0.0089955330 GB
timer:                             compute KPNO     4.18s     4.18s 
wall time=82.0816159248 chunk=8 allJ.size()=8 memory=0.0103039742 GB
timer:                             compute JPNO     0.12s     0.12s 
timer:                    compute Fock matrices     1.28s     1.28s 
timer:                             MRA compress     0.00s     0.00s 
timer:                          Transform Pairs     0.28s     0.28s 
timer:                             Canonicalize     0.28s     0.28s 
PNOPairs Memory Information
Total: 0.0178275108 GB 
PNO  : 0.0090773106 GB 
KPNO : 0.0087502003 GB 
W    : 0.0000000000 GB 

timer:                                 truncate     0.03s     0.03s 
mp2_pair21 is frozen: potential not computed
timer:                   Fluctuation Potentials     1.97s     1.97s 
timer:                       Fluctuation Matrix     0.15s     0.15s 
PNOPairs Memory Information
Total: 0.0317296982 GB 
PNO  : 0.0090773106 GB 
KPNO : 0.0087502003 GB 
W    : 0.0139021873 GB 

PNOPairs Memory Information
Total: 0.0317296982 GB 
PNO  : 0.0090773106 GB 
KPNO : 0.0087502003 GB 
W    : 0.0139021873 GB 

timer:                                 truncate     0.09s     0.09s 
timer:                             PNO Overlaps     0.06s     0.06s 
t_iter =  0  Hylleraas energy =  0.0000000000  ||R||_F =  0.2013938667  conv =  no
subspace solution [*]   1.00000000

t_iter =  1  Hylleraas energy =  -0.0265664599  ||R||_F =  0.0000001128  conv =  yes
=======================================================

Hylleraas MP2 Energies

=======================================================
    i    j      singlet      triplet        Total
=======================================================
    1    1  -1.32236e-02  0.00000e+00 -1.32236e-02
    2    1   0.00000e+00  0.00000e+00  0.00000e+00
    2    2  -1.33428e-02  0.00000e+00 -1.33428e-02
=======================================================
Hylleraas MP2 Energies (singlet): -2.65665e-02
Hylleraas MP2 Energies (triplet):  0.00000e+00
Hylleraas MP2 Energies (total)  : -2.65665e-02
=======================================================
-------------------------------------------
Total Reg Energy  =-2.65665e-02
Total F12 Energy  = 0.00000e+00
Sum Energies Total=-2.65665e-02
-------------------------------------------
timer:                         Solve Amplitudes     0.00s     0.00s 
No optimization untill now: Compressing pno ranks with tighter threshold
1.00000e-10 instead of 1.00000e-08
pair11: density evals:
 [*]   0.00268403   0.00406992   0.00411170   0.00411170

pair22: density evals:
 [*]   0.00360757   0.00413812   0.00413812   0.00901946

timer:                            compress PNOs     0.00s     0.00s 
timer:                             MRA compress     0.00s     0.00s 
timer:                          Transform Pairs     0.45s     0.45s 
timer:                          PNO Compression     0.45s     0.45s 
Information About All Pairs:
mp2_pair11           number=0 rank=  4 frozen=false
mp2_pair21           number=1 rank=  0 frozen=true
mp2_pair22           number=2 rank=  4 frozen=false
number of pairs=3
average rank   =2 (2.66667e+00)
largest rank   =4
saving vector of functions mp2_pair11
saving vector of functions mp2_pair22
timer:                        save pnos on disc     0.18s     0.18s 
PNOPairs Memory Information
Total: 0.03157 GB 
PNO  : 0.00908 GB 
KPNO : 0.00875 GB 
W    : 0.01374 GB 

timer:                                 truncate     0.05s     0.05s 
timer:      compute densities for G application     0.00s     0.00s 
pair21 is frozen: no optimization
timer:                Prepare for G application     0.42s     0.42s 
timer:                                    add K     0.04s     0.04s 
size of all Vpsi potentials (without Vnuc and J) 0.01079 GB 
time=87.80854 chunk=8 Vpsi+Vnuc+J=0.03067 GB
time=87.86572 chunk=8 Vpsi+Vnuc+J=0.03058 GB (after truncation)
timer:                           Apply G to all     2.99s     2.99s 
timer:                       apply Q and update     0.00s     0.00s 
mp2_pair11 residual norms:
[0.40669, 0.46905, 0.37546, 0.37546]
mp2_pair11 scaled residual norms:
[0.02107, 0.02992, 0.02408, 0.02408]
mp2_pair22 residual norms:
[0.43933, 0.37289, 0.37289, 0.39725]
mp2_pair22 scaled residual norms:
[0.02639, 0.02399, 0.02399, 0.03773]
timer:                          update all PNOs     3.45s     3.45s 
frozen pair: no orthonormalization
timer:                                     RRCD     0.05s     0.05s 
timer:                             MRA compress     0.00s     0.00s 
timer:                          Transform Pairs     0.07s     0.07s 
saving vector of functions mp2_pair11
saving vector of functions mp2_pair22
timer:                        save pnos on disc     0.16s     0.16s 


No convergence yet. Energy change = 0.02657

timer:                        Whole Iteration 1    12.65s    12.65s 
Information About All Pairs:
mp2_pair11           number=0 rank=  4 frozen=false
mp2_pair21           number=1 rank=  0 frozen=true
mp2_pair22           number=2 rank=  4 frozen=false
number of pairs=3
average rank   =2 (2.66667)
largest rank   =4
PNOPairs Memory Information
Total: 0.00949 GB 
PNO  : 0.00949 GB 
KPNO : 0.00000 GB 
W    : 0.00000 GB 

timer:                                 truncate     0.06s     0.06s 
wall time=94.50830 chunk=8 allK.size()=8 memory=0.00940 GB
timer:                             compute KPNO     4.04s     4.04s 
wall time=94.65750 chunk=8 allJ.size()=8 memory=0.01047 GB
timer:                             compute JPNO     0.15s     0.15s 
timer:                    compute Fock matrices     1.20s     1.20s 
timer:                             MRA compress     0.00s     0.00s 
timer:                          Transform Pairs     0.28s     0.28s 
timer:                             Canonicalize     0.28s     0.28s 
PNOPairs Memory Information
Total: 0.01873 GB 
PNO  : 0.00940 GB 
KPNO : 0.00932 GB 
W    : 0.00000 GB 

timer:                                 truncate     0.06s     0.06s 
mp2_pair21 is frozen: potential not computed
timer:                   Fluctuation Potentials     1.77s     1.77s 
timer:                       Fluctuation Matrix     0.19s     0.19s 
PNOPairs Memory Information
Total: 0.03345 GB 
PNO  : 0.00940 GB 
KPNO : 0.00932 GB 
W    : 0.01472 GB 

PNOPairs Memory Information
Total: 0.03345 GB 
PNO  : 0.00940 GB 
KPNO : 0.00932 GB 
W    : 0.01472 GB 

timer:                                 truncate     0.06s     0.06s 
timer:                             PNO Overlaps     0.10s     0.10s 
t_iter =  0  Hylleraas energy =  0.00000  ||R||_F =  0.30434  conv =  no
subspace solution [*]   1.00000000

t_iter =  1  Hylleraas energy =  -0.04587  ||R||_F =  0.00000  conv =  yes
=======================================================

Hylleraas MP2 Energies

=======================================================
    i    j      singlet      triplet        Total
=======================================================
    1    1  -2.31632e-02  0.00000e+00 -2.31632e-02
    2    1   0.00000e+00  0.00000e+00  0.00000e+00
    2    2  -2.27020e-02  0.00000e+00 -2.27020e-02
=======================================================
Hylleraas MP2 Energies (singlet): -4.58652e-02
Hylleraas MP2 Energies (triplet):  0.00000e+00
Hylleraas MP2 Energies (total)  : -4.58652e-02
=======================================================
-------------------------------------------
Total Reg Energy  =-4.58652e-02
Total F12 Energy  = 0.00000e+00
Sum Energies Total=-4.58652e-02
-------------------------------------------
timer:                         Solve Amplitudes     0.00s     0.00s 
pair11: density evals:
 [*]   0.00340952   0.00506442   0.00506442   0.00602491

pair22: density evals:
 [*]   0.00454824   0.00487961   0.00487961   0.01340091

timer:                            compress PNOs     0.00s     0.00s 
timer:                             MRA compress     0.00s     0.00s 
timer:                          Transform Pairs     0.35s     0.35s 
timer:                          PNO Compression     0.35s     0.35s 
Information About All Pairs:
mp2_pair11           number=0 rank=  4 frozen=false
mp2_pair21           number=1 rank=  0 frozen=true
mp2_pair22           number=2 rank=  4 frozen=false
number of pairs=3
average rank   =2 (2.66667e+00)
largest rank   =4
saving vector of functions mp2_pair11
saving vector of functions mp2_pair22
timer:                        save pnos on disc     0.18s     0.18s 
PNOPairs Memory Information
Total: 0.03279 GB 
PNO  : 0.00924 GB 
KPNO : 0.00900 GB 
W    : 0.01456 GB 

timer:                                 truncate     0.07s     0.07s 
timer:      compute densities for G application     0.00s     0.00s 
pair21 is frozen: no optimization
timer:                Prepare for G application     0.49s     0.49s 
timer:                                    add K     0.02s     0.02s 
size of all Vpsi potentials (without Vnuc and J) 0.01259 GB 
time=100.20352 chunk=8 Vpsi+Vnuc+J=0.03018 GB
time=100.26256 chunk=8 Vpsi+Vnuc+J=0.02887 GB (after truncation)
timer:                           Apply G to all     2.68s     2.68s 
timer:                       apply Q and update     0.00s     0.00s 
mp2_pair11 residual norms:
[0.11836, 0.10335, 0.10335, 0.12615]
mp2_pair11 scaled residual norms:
[0.00691, 0.00735, 0.00735, 0.00979]
mp2_pair22 residual norms:
[0.11108, 0.09434, 0.09434, 0.10585]
mp2_pair22 scaled residual norms:
[0.00749, 0.00659, 0.00659, 0.01225]
timer:                          update all PNOs     3.20s     3.20s 
frozen pair: no orthonormalization
timer:                                     RRCD     0.04s     0.04s 
timer:                             MRA compress     0.00s     0.00s 
timer:                          Transform Pairs     0.15s     0.15s 
saving vector of functions mp2_pair11
saving vector of functions mp2_pair22
timer:                        save pnos on disc     0.17s     0.17s 


No convergence yet. Energy change = 0.01930

timer:                        Whole Iteration 2    12.16s    12.16s 
Information About All Pairs:
mp2_pair11           number=0 rank=  4 frozen=false
mp2_pair21           number=1 rank=  0 frozen=true
mp2_pair22           number=2 rank=  4 frozen=false
number of pairs=3
average rank   =2 (2.66667)
largest rank   =4
PNOPairs Memory Information
Total: 0.00932 GB 
PNO  : 0.00932 GB 
KPNO : 0.00000 GB 
W    : 0.00000 GB 

timer:                                 truncate     0.05s     0.05s 
wall time=106.69619 chunk=8 allK.size()=8 memory=0.00916 GB
timer:                             compute KPNO     4.07s     4.07s 
wall time=106.82557 chunk=8 allJ.size()=8 memory=0.01055 GB
timer:                             compute JPNO     0.13s     0.13s 
timer:                    compute Fock matrices     1.37s     1.37s 
timer:                             MRA compress     0.00s     0.00s 
timer:                          Transform Pairs     0.26s     0.26s 
timer:                             Canonicalize     0.26s     0.26s 
PNOPairs Memory Information
Total: 0.01865 GB 
PNO  : 0.00932 GB 
KPNO : 0.00932 GB 
W    : 0.00000 GB 

timer:                                 truncate     0.04s     0.04s 
mp2_pair21 is frozen: potential not computed
timer:                   Fluctuation Potentials     2.16s     2.16s 
timer:                       Fluctuation Matrix     0.21s     0.21s 
PNOPairs Memory Information
Total: 0.03337 GB 
PNO  : 0.00932 GB 
KPNO : 0.00932 GB 
W    : 0.01472 GB 

PNOPairs Memory Information
Total: 0.03337 GB 
PNO  : 0.00932 GB 
KPNO : 0.00932 GB 
W    : 0.01472 GB 

timer:                                 truncate     0.05s     0.05s 
timer:                             PNO Overlaps     0.09s     0.09s 
t_iter =  0  Hylleraas energy =  0.00000  ||R||_F =  0.32813  conv =  no
subspace solution [*]   1.00000000

t_iter =  1  Hylleraas energy =  -0.04813  ||R||_F =  0.00000  conv =  yes
=======================================================

Hylleraas MP2 Energies

=======================================================
    i    j      singlet      triplet        Total
=======================================================
    1    1  -2.43921e-02  0.00000e+00 -2.43921e-02
    2    1   0.00000e+00  0.00000e+00  0.00000e+00
    2    2  -2.37381e-02  0.00000e+00 -2.37381e-02
=======================================================
Hylleraas MP2 Energies (singlet): -4.81302e-02
Hylleraas MP2 Energies (triplet):  0.00000e+00
Hylleraas MP2 Energies (total)  : -4.81302e-02
=======================================================
-------------------------------------------
Total Reg Energy  =-4.81302e-02
Total F12 Energy  = 0.00000e+00
Sum Energies Total=-4.81302e-02
-------------------------------------------
timer:                         Solve Amplitudes     0.00s     0.00s 
pair11: density evals:
 [*]   0.00322895   0.00483109   0.00483109   0.00563172

pair22: density evals:
 [*]   0.00424283   0.00462048   0.00462048   0.01298165

timer:                            compress PNOs     0.00s     0.00s 
timer:                             MRA compress     0.00s     0.00s 
timer:                          Transform Pairs     0.36s     0.36s 
timer:                          PNO Compression     0.36s     0.36s 
Information About All Pairs:
mp2_pair11           number=0 rank=  4 frozen=false
mp2_pair21           number=1 rank=  0 frozen=true
mp2_pair22           number=2 rank=  4 frozen=false
number of pairs=3
average rank   =2 (2.66667e+00)
largest rank   =4
saving vector of functions mp2_pair11
saving vector of functions mp2_pair22
timer:                        save pnos on disc     0.18s     0.18s 
PNOPairs Memory Information
Total: 0.03296 GB 
PNO  : 0.00916 GB 
KPNO : 0.00908 GB 
W    : 0.01472 GB 

timer:                                 truncate     0.06s     0.06s 
timer:      compute densities for G application     0.00s     0.00s 
pair21 is frozen: no optimization
timer:                Prepare for G application     0.41s     0.41s 
timer:                                    add K     0.03s     0.03s 
size of all Vpsi potentials (without Vnuc and J) 0.01259 GB 
time=112.80342 chunk=8 Vpsi+Vnuc+J=0.03042 GB
time=112.85879 chunk=8 Vpsi+Vnuc+J=0.02911 GB (after truncation)
timer:                           Apply G to all     2.81s     2.81s 
timer:                       apply Q and update     0.00s     0.00s 
mp2_pair11 residual norms:
[0.04630, 0.03651, 0.03651, 0.04673]
mp2_pair11 scaled residual norms:
[0.00263, 0.00254, 0.00254, 0.00351]
mp2_pair22 residual norms:
[0.03858, 0.03196, 0.03196, 0.03825]
mp2_pair22 scaled residual norms:
[0.00251, 0.00217, 0.00217, 0.00436]
timer:                          update all PNOs     3.26s     3.26s 
frozen pair: no orthonormalization
timer:                                     RRCD     0.05s     0.05s 
timer:                             MRA compress     0.00s     0.00s 
timer:                          Transform Pairs     0.04s     0.04s 
saving vector of functions mp2_pair11
saving vector of functions mp2_pair22
timer:                        save pnos on disc     0.17s     0.17s 


No convergence yet. Energy change = 0.00226

timer:                        Whole Iteration 3    12.65s    12.65s 
Information About All Pairs:
mp2_pair11           number=0 rank=  4 frozen=false
mp2_pair21           number=1 rank=  0 frozen=true
mp2_pair22           number=2 rank=  4 frozen=false
number of pairs=3
average rank   =2 (2.66667)
largest rank   =4
PNOPairs Memory Information
Total: 0.00932 GB 
PNO  : 0.00932 GB 
KPNO : 0.00000 GB 
W    : 0.00000 GB 

timer:                                 truncate     0.03s     0.03s 
wall time=119.15979 chunk=8 allK.size()=8 memory=0.00908 GB
timer:                             compute KPNO     3.91s     3.91s 
wall time=119.29743 chunk=8 allJ.size()=8 memory=0.01047 GB
timer:                             compute JPNO     0.14s     0.14s 
timer:                    compute Fock matrices     1.34s     1.34s 
timer:                             MRA compress     0.00s     0.00s 
timer:                          Transform Pairs     0.27s     0.27s 
timer:                             Canonicalize     0.27s     0.27s 
PNOPairs Memory Information
Total: 0.01848 GB 
PNO  : 0.00924 GB 
KPNO : 0.00924 GB 
W    : 0.00000 GB 

timer:                                 truncate     0.03s     0.03s 
mp2_pair21 is frozen: potential not computed
timer:                   Fluctuation Potentials     2.26s     2.26s 
timer:                       Fluctuation Matrix     0.22s     0.22s 
PNOPairs Memory Information
Total: 0.03320 GB 
PNO  : 0.00924 GB 
KPNO : 0.00924 GB 
W    : 0.01472 GB 

PNOPairs Memory Information
Total: 0.03320 GB 
PNO  : 0.00924 GB 
KPNO : 0.00924 GB 
W    : 0.01472 GB 

timer:                                 truncate     0.07s     0.07s 
timer:                             PNO Overlaps     0.13s     0.13s 
t_iter =  0  Hylleraas energy =  0.00000  ||R||_F =  0.33587  conv =  no
subspace solution [*]   1.00000000

t_iter =  1  Hylleraas energy =  -0.04845  ||R||_F =  0.00000  conv =  yes
=======================================================

Hylleraas MP2 Energies

=======================================================
    i    j      singlet      triplet        Total
=======================================================
    1    1  -2.45695e-02  0.00000e+00 -2.45695e-02
    2    1   0.00000e+00  0.00000e+00  0.00000e+00
    2    2  -2.38775e-02  0.00000e+00 -2.38775e-02
=======================================================
Hylleraas MP2 Energies (singlet): -4.84470e-02
Hylleraas MP2 Energies (triplet):  0.00000e+00
Hylleraas MP2 Energies (total)  : -4.84470e-02
=======================================================
-------------------------------------------
Total Reg Energy  =-4.84470e-02
Total F12 Energy  = 0.00000e+00
Sum Energies Total=-4.84470e-02
-------------------------------------------
timer:                         Solve Amplitudes     0.00s     0.00s 
pair11: density evals:
 [*]   0.00311682   0.00469333   0.00469333   0.00538814

pair22: density evals:
 [*]   0.00409371   0.00449065   0.00449065   0.01263709

timer:                            compress PNOs     0.00s     0.00s 
timer:                             MRA compress     0.00s     0.00s 
timer:                          Transform Pairs     0.44s     0.44s 
timer:                          PNO Compression     0.44s     0.44s 
Information About All Pairs:
mp2_pair11           number=0 rank=  4 frozen=false
mp2_pair21           number=1 rank=  0 frozen=true
mp2_pair22           number=2 rank=  4 frozen=false
number of pairs=3
average rank   =2 (2.66667e+00)
largest rank   =4
saving vector of functions mp2_pair11
saving vector of functions mp2_pair22
timer:                        save pnos on disc     0.15s     0.15s 
PNOPairs Memory Information
Total: 0.03296 GB 
PNO  : 0.00908 GB 
KPNO : 0.00900 GB 
W    : 0.01488 GB 

timer:                                 truncate     0.06s     0.06s 
timer:      compute densities for G application     0.00s     0.00s 
pair21 is frozen: no optimization
timer:                Prepare for G application     0.34s     0.34s 
timer:                                    add K     0.02s     0.02s 
size of all Vpsi potentials (without Vnuc and J) 0.01243 GB 
time=125.33363 chunk=8 Vpsi+Vnuc+J=0.03083 GB
time=125.38986 chunk=8 Vpsi+Vnuc+J=0.02952 GB (after truncation)
timer:                           Apply G to all     2.99s     2.99s 
timer:                       apply Q and update     0.00s     0.00s 
mp2_pair11 residual norms:
[0.01901, 0.01358, 0.01358, 0.01850]
mp2_pair11 scaled residual norms:
[0.00106, 0.00093, 0.00093, 0.00136]
mp2_pair22 residual norms:
[0.01465, 0.01195, 0.01195, 0.01455]
mp2_pair22 scaled residual norms:
[0.00094, 0.00080, 0.00080, 0.00164]
timer:                          update all PNOs     3.36s     3.36s 
frozen pair: no orthonormalization
timer:                                     RRCD     0.04s     0.04s 
timer:                             MRA compress     0.00s     0.00s 
timer:                          Transform Pairs     0.07s     0.07s 
saving vector of functions mp2_pair11
saving vector of functions mp2_pair22
timer:                        save pnos on disc     0.17s     0.17s 


No convergence yet. Energy change = 0.00032

timer:                        Whole Iteration 4    12.77s    12.77s 
Information About All Pairs:
mp2_pair11           number=0 rank=  4 frozen=false
mp2_pair21           number=1 rank=  0 frozen=true
mp2_pair22           number=2 rank=  4 frozen=false
number of pairs=3
average rank   =2 (2.66667)
largest rank   =4
PNOPairs Memory Information
Total: 0.00932 GB 
PNO  : 0.00932 GB 
KPNO : 0.00000 GB 
W    : 0.00000 GB 

timer:                                 truncate     0.05s     0.05s 
wall time=131.92779 chunk=8 allK.size()=8 memory=0.00916 GB
timer:                             compute KPNO     3.89s     3.89s 
wall time=132.07348 chunk=8 allJ.size()=8 memory=0.01055 GB
timer:                             compute JPNO     0.15s     0.15s 
timer:                    compute Fock matrices     1.61s     1.61s 
timer:                             MRA compress     0.00s     0.00s 
timer:                          Transform Pairs     0.25s     0.25s 
timer:                             Canonicalize     0.25s     0.25s 
PNOPairs Memory Information
Total: 0.01848 GB 
PNO  : 0.00924 GB 
KPNO : 0.00924 GB 
W    : 0.00000 GB 

timer:                                 truncate     0.06s     0.06s 
mp2_pair21 is frozen: potential not computed
timer:                   Fluctuation Potentials     2.00s     2.00s 
timer:                       Fluctuation Matrix     0.18s     0.18s 
PNOPairs Memory Information
Total: 0.03337 GB 
PNO  : 0.00924 GB 
KPNO : 0.00924 GB 
W    : 0.01488 GB 

PNOPairs Memory Information
Total: 0.03337 GB 
PNO  : 0.00924 GB 
KPNO : 0.00924 GB 
W    : 0.01488 GB 

timer:                                 truncate     0.05s     0.05s 
timer:                             PNO Overlaps     0.07s     0.07s 
t_iter =  0  Hylleraas energy =  0.00000  ||R||_F =  0.33873  conv =  no
subspace solution [*]   1.00000000

t_iter =  1  Hylleraas energy =  -0.04849  ||R||_F =  0.00000  conv =  yes
=======================================================

Hylleraas MP2 Energies

=======================================================
    i    j      singlet      triplet        Total
=======================================================
    1    1  -2.45967e-02  0.00000e+00 -2.45967e-02
    2    1   0.00000e+00  0.00000e+00  0.00000e+00
    2    2  -2.38979e-02  0.00000e+00 -2.38979e-02
=======================================================
Hylleraas MP2 Energies (singlet): -4.84946e-02
Hylleraas MP2 Energies (triplet):  0.00000e+00
Hylleraas MP2 Energies (total)  : -4.84946e-02
=======================================================
-------------------------------------------
Total Reg Energy  =-4.84946e-02
Total F12 Energy  = 0.00000e+00
Sum Energies Total=-4.84946e-02
-------------------------------------------
timer:                         Solve Amplitudes     0.00s     0.00s 
pair11: density evals:
 [*]   0.00306514   0.00463369   0.00463369   0.00528025

pair22: density evals:
 [*]   0.00403333   0.00443673   0.00443673   0.01248123

timer:                            compress PNOs     0.00s     0.00s 
timer:                             MRA compress     0.00s     0.00s 
timer:                          Transform Pairs     0.61s     0.61s 
timer:                          PNO Compression     0.61s     0.61s 
Information About All Pairs:
mp2_pair11           number=0 rank=  4 frozen=false
mp2_pair21           number=1 rank=  0 frozen=true
mp2_pair22           number=2 rank=  4 frozen=false
number of pairs=3
average rank   =2 (2.66667e+00)
largest rank   =4
saving vector of functions mp2_pair11
saving vector of functions mp2_pair22
timer:                        save pnos on disc     0.17s     0.17s 
PNOPairs Memory Information
Total: 0.03312 GB 
PNO  : 0.00908 GB 
KPNO : 0.00900 GB 
W    : 0.01505 GB 

timer:                                 truncate     0.04s     0.04s 
timer:      compute densities for G application     0.00s     0.00s 
pair21 is frozen: no optimization
timer:                Prepare for G application     0.33s     0.33s 
timer:                                    add K     0.03s     0.03s 
size of all Vpsi potentials (without Vnuc and J) 0.01243 GB 
time=138.25711 chunk=8 Vpsi+Vnuc+J=0.03116 GB
time=138.31066 chunk=8 Vpsi+Vnuc+J=0.02993 GB (after truncation)
timer:                           Apply G to all     3.07s     3.07s 
timer:                       apply Q and update     0.00s     0.00s 
mp2_pair11 residual norms:
[0.00791, 0.00517, 0.00517, 0.00754]
mp2_pair11 scaled residual norms:
[0.00044, 0.00035, 0.00035, 0.00055]
mp2_pair22 residual norms:
[0.00599, 0.00485, 0.00485, 0.00562]
mp2_pair22 scaled residual norms:
[0.00038, 0.00032, 0.00032, 0.00063]
timer:                          update all PNOs     3.44s     3.44s 
frozen pair: no orthonormalization
timer:                                     RRCD     0.12s     0.12s 
timer:                             MRA compress     0.00s     0.00s 
timer:                          Transform Pairs     0.11s     0.11s 
saving vector of functions mp2_pair11
saving vector of functions mp2_pair22
timer:                        save pnos on disc     0.23s     0.23s 


CONVERGED!
energy change = 0.00005

re-entering loop to compute the correct amplitudes and energies
timer:                        Whole Iteration 5    13.08s    13.08s 
Information About All Pairs:
mp2_pair11           number=0 rank=  4 frozen=false
mp2_pair21           number=1 rank=  0 frozen=true
mp2_pair22           number=2 rank=  4 frozen=false
number of pairs=3
average rank   =2 (2.66667)
largest rank   =4
PNOPairs Memory Information
Total: 0.00949 GB 
PNO  : 0.00949 GB 
KPNO : 0.00000 GB 
W    : 0.00000 GB 

timer:                                 truncate     0.04s     0.04s 
wall time=145.25182 chunk=8 allK.size()=8 memory=0.00916 GB
timer:                             compute KPNO     4.15s     4.15s 
wall time=145.39763 chunk=8 allJ.size()=8 memory=0.01063 GB
timer:                             compute JPNO     0.15s     0.15s 
timer:                    compute Fock matrices     1.39s     1.39s 
timer:                             MRA compress     0.00s     0.00s 
timer:                          Transform Pairs     0.22s     0.22s 
timer:                             Canonicalize     0.23s     0.23s 
PNOPairs Memory Information
Total: 0.01865 GB 
PNO  : 0.00940 GB 
KPNO : 0.00924 GB 
W    : 0.00000 GB 

timer:                                 truncate     0.06s     0.06s 
mp2_pair21 is frozen: potential not computed
timer:                   Fluctuation Potentials     2.18s     2.18s 
timer:                       Fluctuation Matrix     0.22s     0.22s 
PNOPairs Memory Information
Total: 0.03369 GB 
PNO  : 0.00940 GB 
KPNO : 0.00924 GB 
W    : 0.01505 GB 

PNOPairs Memory Information
Total: 0.03369 GB 
PNO  : 0.00940 GB 
KPNO : 0.00924 GB 
W    : 0.01505 GB 

timer:                                 truncate     0.07s     0.07s 
timer:                             PNO Overlaps     0.12s     0.12s 
t_iter =  0  Hylleraas energy =  0.00000  ||R||_F =  0.33984  conv =  no
subspace solution [*]   1.00000000

t_iter =  1  Hylleraas energy =  -0.04850  ||R||_F =  0.00000  conv =  yes
=======================================================

Hylleraas MP2 Energies

=======================================================
    i    j      singlet      triplet        Total
=======================================================
    1    1  -2.46017e-02  0.00000e+00 -2.46017e-02
    2    1   0.00000e+00  0.00000e+00  0.00000e+00
    2    2  -2.39009e-02  0.00000e+00 -2.39009e-02
=======================================================
Hylleraas MP2 Energies (singlet): -4.85026e-02
Hylleraas MP2 Energies (triplet):  0.00000e+00
Hylleraas MP2 Energies (total)  : -4.85026e-02
=======================================================
-------------------------------------------
Total Reg Energy  =-4.85026e-02
Total F12 Energy  = 0.00000e+00
Sum Energies Total=-4.85026e-02
-------------------------------------------
timer:                         Solve Amplitudes     0.00s     0.00s 
pair11: density evals:
 [*]   0.00304365   0.00460925   0.00460925   0.00523511

pair22: density evals:
 [*]   0.00400901   0.00441438   0.00441438   0.01241730

timer:                            compress PNOs     0.00s     0.00s 
timer:                             MRA compress     0.00s     0.00s 
timer:                          Transform Pairs     0.55s     0.55s 
timer:                          PNO Compression     0.55s     0.55s 
Information About All Pairs:
mp2_pair11           number=0 rank=  4 frozen=false
mp2_pair21           number=1 rank=  0 frozen=true
mp2_pair22           number=2 rank=  4 frozen=false
number of pairs=3
average rank   =2 (2.66667e+00)
largest rank   =4
saving vector of functions mp2_pair11
saving vector of functions mp2_pair22
timer:                        save pnos on disc     0.17s     0.17s 
exiting: Iterations converged
PNO ranks:
PNO Rank for pair pair11 = 4
PNO Rank for pair pair21 = 0
PNO Rank for pair pair22 = 4
average rank 2.66667e+00
timer:                               PNO::solve    75.41s    75.41s 

--------------------------------
ITERATE-PAIRS-INTERNAL-ENDED
--------------------------------
mp2_pair21 converged!


Adaptive Sovler:
 Current Energy=-4.8502635797e-02
 DeltaE        =-4.8502635797e-02
 max dE (pair) =-2.3900922127e-02 (2)
 all_pairs_conv=false




not converged yet

freeze pair mp2_pair21 (not further optimized: Energy below 1.0000000000e-05)
Maximum Rank of4 reached for all non-frozen pairs, no need to iterate further=======================================================

Final MP2 Energies

=======================================================
    i    j      singlet      triplet        Total
=======================================================
    1    1  -2.46017e-02  0.00000e+00 -2.46017e-02
    2    1   0.00000e+00  0.00000e+00  0.00000e+00
    2    2  -2.39009e-02  0.00000e+00 -2.39009e-02
=======================================================
Final MP2 Energies (singlet): -4.85026e-02
Final MP2 Energies (triplet):  0.00000e+00
Final MP2 Energies (total)  : -4.85026e-02
=======================================================
-------------------------------------------
Total Reg Energy  =-4.85026e-02
Total F12 Energy  = 0.00000e+00
Sum Energies Total=-4.85026e-02
-------------------------------------------
Average | Max Rank: 2 | 4



--------------------------------------------------
MRA-PNO-MP2-F12 ended 
--------------------------------------------------
                 time scf = 6.78256e+01
               energy scf = -1.56951e+01
--------------------------------------------------
restarting PNO to reload pairs that converged before and were frozen
PNO Parameters
pno
       rank_increase  15         # default   maximum rank to increase in every macroiteration
               chunk  100        # default   chunk of functions operated on in parallel when G or K is applied (prevent memory shortage)
               debug  false      # default   debug mode
              freeze  1          # derived   frozen core approximation
             maxrank  4          # defined   maximal pno rank for all pairs
           guesstype  exop       # derived   the guesstype: exop (recommended, multiply polynomial excitation operators onto the occupied orbitals), empty (don't compute a guess), scf (use the ao basis from the SCF solver), partial_wave (create s,p,d ..., type functions and place on atoms), predefined (same as partial_wave but for predefined sets)
                exop  multipole  # derived   this string defines which excitation operators can be used, use 'dipole', 'dipole+', 'quadrupole', 'ocopole', or 'multipole', need to set guesstype to 'exop' which is the default
          exop_trigo  true       # default   use trigonometric excitation operators ( x --> sin(x)
        partial_wave             # default   atom centered partial wave guess of format like 'h-2s1p-o-3s2p1d', need to set guesstype to 'partial_wave' and adaptive_solver to 'none'
          predefined             # default   predefined partial wave guesses of type pvxz with x=d,t,q,5,6, need to set guesstype to 'predefined' and adaptive_solver to 'none'
           maxiter_t  100        # default   maximal number of iterations in the amplitude solver
       maxiter_micro  10         # default   Maximum of iterations for every cycle in the adaptive solver
       maxiter_macro  10         # default   Maximum of iterations of cycles in the adaptive solver
                tpno  1.0000e-08 # default   PNO cutoff threshold
          tpno_tight  1.0000e-10 # derived   PNO cutoff for the first iteration
    canonicalize_pno  true       # default   canonicalize the pnos before the amplitude solver
              thresh  1.0000e-04 # defined   MRA threshold
         econv_micro  1.0000e-04 # derived   Energy convergence for microiterations (Greens function based optimization) in adaptive solver
         econv_pairs  1.0000e-05 # derived   ENergy convergence for individual pairs in adaptive solver. Converged pairs are frozen automatically
         econv_macro  1.0000e-04 # derived   Energy convergence for macroiterations in adaptive solver, no effect if adaptive_solver is deactivated
               dconv  1.0000e-01 # default   convergence of every PNO in the Green's function solver
           op_thresh  1.0000e-06 # default   MRA operator thresh
             restart  all        # defined   restart pairs of this type, use 'mp2', 'cispd', 'all' or 'none'
          no_compute  none       # default   do not compute the pairs of this type, use 'mp2', 'cispd', 'all' or 'none'
              no_opt  all        # defined   do not optimize the pnos of this type, use 'mp2', 'cispd', 'all' or 'none'
            no_guess  all        # defined   guess for this type will be empty, use 'mp2', 'cispd', 'all' or 'none'
     adaptive_solver  none       # defined   Use adaptive solver for those pairs, use 'mp2', 'cispd', 'all' or 'none', works only in combination with guesstype 'exop'
                kain  true       # default   use KAIN solver in amplitude solver
       kain_subspace  5          # default   subspace size of the KAIN solver (amplitudes)
                 f12  false      # defined   use explicit correlation
        cispd_number  -1         # default   CIS(D) excitation numbers, to read in correct functions
        cispd_energy  0.0000e+00 # default   CIS energy
        freeze_pairs  none       # default   frozen pairs will not be optimized: Expected format 'a b c d' will freeze pairs ab and cd
freeze_pairs_of_orbital  []         # default    All pairs which originate from this orbital will not be optimized
active_pairs_of_orbital  []         # default    All pairs which originate from this orbital will not be frozen all other pairs will, if this vector is not empty
no_opt_in_first_iteration  false      # default   Do not optimize in the first iteration (then the potentials do not have to be evaluated, use this for large guesses)
            exchange  full       # default   approximate exchange with 'neglect' or xc functional -> same syntax as moldft
           save_pnos  true       # default   Save the OBS-PNOs to a file, before and after orthonormalization.
            diagonal  true       # defined   Compute only diagonal PNOs

end

**********************
Solve PNO-MP2
*********************


**********************
Iterate Pairs
*********************


************************
Standard Solver
***********************

Initializing Pairs:
Restart demanded for mp2 pairs
loading vector of functions mp2_pair11
Found PNOs for mp2_pair11 with rank 4
loading vector of functions mp2_pair21
failed to find PNO mp2_pair21 initialize as zero function
nloading vector of functions mp2_pair22
Found PNOs for mp2_pair22 with rank 4
no guess was explicitly demanded for mp2

timer:                                     RRCD     0.03s     0.03s 
timer:                             MRA compress     0.00s     0.00s 
timer:                          Transform Pairs     0.08s     0.08s 
timer:          apply Q and orthonormalize PNOs     0.34s     0.34s 
Created Guess:
pair11 with 4 guess functions
pair21 with 0 guess functions
pair22 with 4 guess functions
guess pair11 size: 4.5795440674e-03 | 4.5795440674e-03 Gbyte (after truncation)
guess pair22 size: 4.6613216400e-03 | 4.6613216400e-03 Gbyte (after truncation)
timer:                           truncate guess     0.03s     0.03s 
timer:                         Initialize Pairs     0.38s     0.38s 
Information About All Pairs:
mp2_pair11           number=0 rank=  4 frozen=false
mp2_pair21           number=1 rank=  0 frozen=true
mp2_pair22           number=2 rank=  4 frozen=false
number of pairs=3
average rank   =2 (2.6666666667e+00)
largest rank   =4
SolveInternal: Parameters are assigned as
no_compute        = false
no_opt            = true
restart           = true
do_cispd          = false
econv             =1.0000000000e-04
maxrank (min,max) = (4,4)
Solving MP2 doubles
timer:          fock matrix     2.84s     2.84s
Information About All Pairs:
mp2_pair11           number=0 rank=  4 frozen=false
mp2_pair21           number=1 rank=  0 frozen=true
mp2_pair22           number=2 rank=  4 frozen=false
number of pairs=3
average rank   =2 (2.6666666667e+00)
largest rank   =4
PNOPairs Memory Information
Total: 0.0092408657 GB 
PNO  : 0.0092408657 GB 
KPNO : 0.0000000000 GB 
W    : 0.0000000000 GB 

timer:                                 truncate     0.05s     0.05s 
wall time=157.7324099541 chunk=8 allK.size()=8 memory=0.0091590881 GB
timer:                             compute KPNO     4.04s     4.04s 
wall time=157.9294898510 chunk=8 allJ.size()=8 memory=0.0106310844 GB
timer:                             compute JPNO     0.20s     0.20s 
timer:                    compute Fock matrices     1.31s     1.31s 
timer:                             MRA compress     0.00s     0.00s 
timer:                          Transform Pairs     0.22s     0.22s 
timer:                             Canonicalize     0.22s     0.22s 
PNOPairs Memory Information
Total: 0.0186452866 GB 
PNO  : 0.0094044209 GB 
KPNO : 0.0092408657 GB 
W    : 0.0000000000 GB 

timer:                                 truncate     0.03s     0.03s 
mp2_pair21 is frozen: potential not computed
timer:                   Fluctuation Potentials     2.03s     2.03s 
timer:                       Fluctuation Matrix     0.20s     0.20s 
PNOPairs Memory Information
Total: 0.0336923599 GB 
PNO  : 0.0094044209 GB 
KPNO : 0.0092408657 GB 
W    : 0.0150470734 GB 

PNOPairs Memory Information
Total: 0.0336923599 GB 
PNO  : 0.0094044209 GB 
KPNO : 0.0092408657 GB 
W    : 0.0150470734 GB 

timer:                                 truncate     0.03s     0.03s 
timer:                             PNO Overlaps     0.05s     0.05s 
t_iter =  0  Hylleraas energy =  0.0000000000  ||R||_F =  0.3398444239  conv =  no
subspace solution [*]   1.00000000

t_iter =  1  Hylleraas energy =  -0.0485028257  ||R||_F =  0.0000002290  conv =  yes
=======================================================

Hylleraas MP2 Energies

=======================================================
    i    j      singlet      triplet        Total
=======================================================
    1    1  -2.46018e-02  0.00000e+00 -2.46018e-02
    2    1   0.00000e+00  0.00000e+00  0.00000e+00
    2    2  -2.39010e-02  0.00000e+00 -2.39010e-02
=======================================================
Hylleraas MP2 Energies (singlet): -4.85028e-02
Hylleraas MP2 Energies (triplet):  0.00000e+00
Hylleraas MP2 Energies (total)  : -4.85028e-02
=======================================================
-------------------------------------------
Total Reg Energy  =-4.85028e-02
Total F12 Energy  = 0.00000e+00
Sum Energies Total=-4.85028e-02
-------------------------------------------
timer:                         Solve Amplitudes     0.00s     0.00s 
No optimization untill now: Compressing pno ranks with tighter threshold
1.00000e-10 instead of 1.00000e-08
pair11: density evals:
 [*]   0.00304367   0.00460922   0.00460922   0.00523519

pair22: density evals:
 [*]   0.00400896   0.00441438   0.00441438   0.01241751

timer:                            compress PNOs     0.00s     0.00s 
timer:                             MRA compress     0.00s     0.00s 
timer:                          Transform Pairs     0.35s     0.35s 
timer:                          PNO Compression     0.36s     0.36s 
Information About All Pairs:
mp2_pair11           number=0 rank=  4 frozen=false
mp2_pair21           number=1 rank=  0 frozen=true
mp2_pair22           number=2 rank=  4 frozen=false
number of pairs=3
average rank   =2 (2.66667e+00)
largest rank   =4
saving vector of functions mp2_pair11
saving vector of functions mp2_pair22
timer:                        save pnos on disc     0.17s     0.17s 
exiting: Found no_opt keyword
PNO ranks:
PNO Rank for pair pair11 = 4
PNO Rank for pair pair21 = 0
PNO Rank for pair pair22 = 4
average rank 2.66667e+00
timer:                               PNO::solve    11.55s    11.55s 

--------------------------------
ITERATE-PAIRS-INTERNAL-ENDED
--------------------------------
=======================================================

Final MP2 Energies

=======================================================
    i    j      singlet      triplet        Total
=======================================================
    1    1  -2.46018e-02  0.00000e+00 -2.46018e-02
    2    1   0.00000e+00  0.00000e+00  0.00000e+00
    2    2  -2.39010e-02  0.00000e+00 -2.39010e-02
=======================================================
Final MP2 Energies (singlet): -4.85028e-02
Final MP2 Energies (triplet):  0.00000e+00
Final MP2 Energies (total)  : -4.85028e-02
=======================================================
-------------------------------------------
Total Reg Energy  =-4.85028e-02
Total F12 Energy  = 0.00000e+00
Sum Energies Total=-4.85028e-02
-------------------------------------------
Average | Max Rank: 2 | 4
                 time pno = 8.19431e+01
               energy mp2 = -4.85028e-02
     average pno rank mp2 = 2
         max pno rank mp2 = 4
--------------------------------------------------
            energy(total) = -1.57436e+01
--------------------------------------------------



Orthonormalization technique used: symmetric
No CABS used.
Tightening thresholds to +0.00010000 for post-processing
Overlap Matrix of all PNOs:
+1.00001169 +0.26321986 -0.00000000 -0.00000000 -0.00000000 +0.00000000 +0.00000680 +0.06693657 
+0.26321986 +1.00000602 +0.00000000 +0.00000000 -0.00000000 -0.00000000 -0.09599648 -0.00001673 
-0.00000000 +0.00000000 +1.00000000 -0.00000000 -0.09890548 +0.00974784 +0.00000000 -0.00000000 
-0.00000000 +0.00000000 -0.00000000 +1.00000000 -0.00974784 -0.09890548 +0.00000000 -0.00000000 
-0.00000000 -0.00000000 -0.09890548 -0.00974784 +1.00000000 -0.00000000 +0.00000000 -0.00000000 
+0.00000000 -0.00000000 +0.00974784 -0.09890548 -0.00000000 +1.00000000 +0.00000000 -0.00000000 
+0.00000680 -0.09599648 +0.00000000 +0.00000000 +0.00000000 +0.00000000 +1.00000387 -0.07622344 
+0.06693657 -0.00001673 -0.00000000 -0.00000000 -0.00000000 -0.00000000 -0.07622344 +1.00003378 
Before cherry pick
rank is +0
all used occupation numbers:
[+0.01241751 +0.00523519 +0.00460922 +0.00460922 +0.00441438 +0.00441438 +0.00400896 +0.00304367 ]
corresponding to active pairs:
[(1,1) (0,0) (0,0) (0,0) (1,1) (1,1) (1,1) (0,0) ]
After cherry pick
all used occupation numbers:
[+0.01241751 +0.00523519 +0.00460922 +0.00460922 +0.00441438 +0.00441438 +0.00400896 +0.00304367 ]
corresponding to active pairs:
[(1,1) (0,0) (0,0) (0,0) (1,1) (1,1) (1,1) (0,0) ]
Overlap Matrix before symmetric
[+0,*]  +1.00001169  +0.26321986  -0.00000000  -0.00000000  -0.00000000  +0.00000000  +0.00000680  +0.06693657
[+1,*]  +0.26321986  +1.00000602  +0.00000000  +0.00000000  -0.00000000  -0.00000000  -0.09599648  -0.00001673
[+2,*]  -0.00000000  +0.00000000  +1.00000000  -0.00000000  -0.09890548  +0.00974784  +0.00000000  -0.00000000
[+3,*]  -0.00000000  +0.00000000  -0.00000000  +1.00000000  -0.00974784  -0.09890548  +0.00000000  -0.00000000
[+4,*]  -0.00000000  -0.00000000  -0.09890548  -0.00974784  +1.00000000  -0.00000000  +0.00000000  -0.00000000
[+5,*]  +0.00000000  -0.00000000  +0.00974784  -0.09890548  -0.00000000  +1.00000000  +0.00000000  -0.00000000
[+6,*]  +0.00000680  -0.09599648  +0.00000000  +0.00000000  +0.00000000  +0.00000000  +1.00000387  -0.07622344
[+7,*]  +0.06693657  -0.00001673  -0.00000000  -0.00000000  -0.00000000  -0.00000000  -0.07622344  +1.00003378
Overlap Matrix after symmetric
[+0,*]  +1.00000000  +0.00000002  -0.00000000  -0.00000000  +0.00000000  +0.00000000  +0.00000000  -0.00000000
[+1,*]  +0.00000002  +1.00000000  +0.00000000  -0.00000000  -0.00000000  +0.00000000  +0.00000000  -0.00000000
[+2,*]  -0.00000000  +0.00000000  +1.00000000  -0.00000000  +0.00000000  +0.00000000  -0.00000000  -0.00000000
[+3,*]  -0.00000000  -0.00000000  -0.00000000  +1.00000000  -0.00000000  +0.00000000  -0.00000000  -0.00000000
[+4,*]  +0.00000000  -0.00000000  +0.00000000  -0.00000000  +1.00000000  -0.00000000  +0.00000000  +0.00000000
[+5,*]  +0.00000000  +0.00000000  +0.00000000  +0.00000000  -0.00000000  +1.00000000  -0.00000000  -0.00000000
[+6,*]  +0.00000000  +0.00000000  -0.00000000  -0.00000000  +0.00000000  -0.00000000  +1.00000000  -0.00000000
[+7,*]  -0.00000000  -0.00000000  -0.00000000  -0.00000000  +0.00000000  -0.00000000  -0.00000000  +1.00000000
Adding 3 HF orbitals
Size before adding CABS: 11.
Size after adding CABS: 11.
Compute G and F Tensor:
Assemble g,f using symmetries...
non zero elements:
 g : +24703
 h : +61
Overlap over whole basis
[+0,*]  +1.00000000  +0.00000199  +0.00000234  -0.00002891  +0.00003122  +0.00000000  +0.00000000  +0.00000000  +0.00000000  -0.00001413  -0.00003747
[+1,*]  +0.00000199  +1.00000000  -0.00000075  -0.00000948  +0.00001036  +0.00000000  +0.00000000  +0.00000000  +0.00000000  -0.00000468  -0.00001265
[+2,*]  +0.00000234  -0.00000075  +1.00000000  -0.00000286  +0.00000305  +0.00000000  +0.00000000  -0.00000000  -0.00000000  -0.00000137  -0.00000355
[+3,*]  -0.00002891  -0.00000948  -0.00000286  +1.00000000  +0.00000002  -0.00000000  -0.00000000  +0.00000000  +0.00000000  +0.00000000  -0.00000000
[+4,*]  +0.00003122  +0.00001036  +0.00000305  +0.00000002  +1.00000000  +0.00000000  +0.00000000  -0.00000000  +0.00000000  +0.00000000  -0.00000000
[+5,*]  +0.00000000  +0.00000000  +0.00000000  -0.00000000  +0.00000000  +1.00000000  -0.00000000  +0.00000000  +0.00000000  -0.00000000  -0.00000000
[+6,*]  +0.00000000  +0.00000000  +0.00000000  -0.00000000  +0.00000000  -0.00000000  +1.00000000  -0.00000000  +0.00000000  -0.00000000  -0.00000000
[+7,*]  +0.00000000  +0.00000000  -0.00000000  +0.00000000  -0.00000000  +0.00000000  -0.00000000  +1.00000000  -0.00000000  +0.00000000  -0.00000000
[+8,*]  +0.00000000  +0.00000000  -0.00000000  +0.00000000  +0.00000000  +0.00000000  +0.00000000  -0.00000000  +1.00000000  -0.00000000  +0.00000000
[+9,*]  -0.00001413  -0.00000468  -0.00000137  +0.00000000  +0.00000000  -0.00000000  -0.00000000  +0.00000000  -0.00000000  +1.00000000  -0.00000000
[+10,*]  -0.00003747  -0.00001265  -0.00000355  -0.00000000  -0.00000000  -0.00000000  -0.00000000  -0.00000000  +0.00000000  -0.00000000  +1.00000000

||S-1||=+0.00008758
finished at time 297.6

    Parallel environment
    --------------------
                  #nodes    1
       #threads per node    11+main = 12
          #total threads    12

  RMI message statistics (min / avg / max)
  ----------------------
   #messages in server q    0.00e+00 / 0.00e+00 / 0.00e+00
 #messages sent per node    0.00e+00 / 0.00e+00 / 0.00e+00
    #bytes sent per node    0.00e+00 / 0.00e+00 / 0.00e+00
 #messages recv per node    0.00e+00 / 0.00e+00 / 0.00e+00
    #bytes recv per node    0.00e+00 / 0.00e+00 / 0.00e+00
        #msgs systemwide    0.00e+00
       #bytes systemwide    0.00e+00

  Thread pool statistics (min / avg / max)
  ----------------------
         #tasks per node    1.85e+07 / 1.85e+07 / 1.85e+07
     #max q len per node    1.66e+04 / 1.66e+04 / 1.66e+04
  #hi-pri tasks per node    5.02e+06 / 5.02e+06 / 5.02e+06

         Total wall time    297.6s
         Total  cpu time    297.6s

